#
# A fatal error has been detected by the Java Runtime Environment:
#
#  EXCEPTION_ACCESS_VIOLATION (0xc0000005) at pc=0x5182fa77, pid=4200, tid=0x000000c0
#
# JRE version: Java(TM) SE Runtime Environment (8.0_101-b13) (build 1.8.0_101-b13)
# Java VM: Java HotSpot(TM) Client VM (25.101-b13 mixed mode windows-x86 )
# Problematic frame:
# V  [jvm.dll+0xbfa77]
#
# Failed to write core dump. Minidumps are not enabled by default on client versions of Windows
#
# If you would like to submit a bug report, please visit:
#   http://bugreport.java.com/bugreport/crash.jsp
#

---------------  T H R E A D  ---------------

Current thread (0x445ea800):  VMThread [stack: 0x00f70000,0x00fc0000] [id=192]

siginfo: ExceptionCode=0xc0000005, reading address 0x5e8fa414

Registers:
EAX=0x1970f9e0, EBX=0x30d68ee4, ECX=0x00000000, EDX=0x5e8fa3b4
ESP=0x00fbf178, EBP=0x00fbf198, ESI=0x30d68ee8, EDI=0x196cf820
EIP=0x5182fa77, EFLAGS=0x00010293

Top of Stack: (sp=0x00fbf178)
0x00fbf178:   51ad94cc 447c4c1c 447c4c18 444a65b0
0x00fbf188:   30d68ee8 00000003 194bca18 444a65a8
0x00fbf198:   00fbf1b8 51924db1 30d68ed0 51ad94cc
0x00fbf1a8:   447c4c18 447c4c1c 51ad94cc 447c4c18
0x00fbf1b8:   00fbf1c4 51924fac 00000003 00fbf1e0
0x00fbf1c8:   518c883a 447c4c18 447c4800 51ad94cc
0x00fbf1d8:   00000000 447c1ef8 00fbf3c8 518e9eef
0x00fbf1e8:   51ad94cc 00000002 447c4800 00000000 

Instructions: (pc=0x5182fa77)
0x5182fa57:   80 3d b4 84 ac 51 00 75 0a 8b d0 80 e2 07 80 fa
0x5182fa67:   01 eb 1b 8b c8 83 e1 07 83 f9 05 74 24 8b 57 04
0x5182fa77:   8b 52 60 83 e2 07 80 fa 05 74 0c 83 f9 01 75 07
0x5182fa87:   a9 80 ff ff ff 74 0a 50 57 e8 fb 4f 0f 00 83 c4 


Register to memory mapping:

EAX=0x1970f9e0 is an oop
[C 
 - klass: {type array char}
 - length: 34
EBX=0x30d68ee4 is pointing into object: 0x30d68ed0
com.android.dx.dex.code.CodeAddress 
 - klass: 'com/android/dx/dex/code/CodeAddress'
ECX=0x00000000 is an unknown value
EDX=0x5e8fa3b4 is an unknown value
ESP=0x00fbf178 is an unknown value
EBP=0x00fbf198 is an unknown value
ESI=0x30d68ee8 is pointing into object: 0x30d68ed0
com.android.dx.dex.code.CodeAddress 
 - klass: 'com/android/dx/dex/code/CodeAddress'
EDI=0x196cf820 is pointing into object: 0x196cf818
java.lang.String 
 - klass: 'java/lang/String'


Stack: [0x00f70000,0x00fc0000],  sp=0x00fbf178,  free space=316k
Native frames: (J=compiled Java code, j=interpreted, Vv=VM code, C=native code)
V  [jvm.dll+0xbfa77]
V  [jvm.dll+0x1b4db1]
V  [jvm.dll+0x1b4fac]
V  [jvm.dll+0x15883a]
V  [jvm.dll+0x179eef]
V  [jvm.dll+0x1789ea]
V  [jvm.dll+0x97fb0]
V  [jvm.dll+0x992a1]
V  [jvm.dll+0x9b020]
V  [jvm.dll+0x9b489]
V  [jvm.dll+0x9a27f]
V  [jvm.dll+0xa64b2]
V  [jvm.dll+0x98e73]
V  [jvm.dll+0x92e25]
V  [jvm.dll+0x1b81c6]
V  [jvm.dll+0x18292b]
V  [jvm.dll+0x181d31]
V  [jvm.dll+0x182147]
V  [jvm.dll+0x182342]
V  [jvm.dll+0x1c1ed6]
C  [msvcr100.dll+0x5c556]
C  [msvcr100.dll+0x5c600]
C  [kernel32.dll+0x51174]
C  [ntdll.dll+0x5b3f5]
C  [ntdll.dll+0x5b3c8]

VM_Operation (0x44a5ef18): GenCollectForAllocation, mode: safepoint, requested by thread 0x44795000


---------------  P R O C E S S  ---------------

Java Threads: ( => current thread )
  0x447c4800 JavaThread "pool-2-thread-4" [_thread_blocked, id=5512, stack(0x44c20000,0x44c70000)]
  0x447c6400 JavaThread "pool-2-thread-3" [_thread_blocked, id=3032, stack(0x448b0000,0x44900000)]
  0x447c5c00 JavaThread "pool-2-thread-2" [_thread_blocked, id=5448, stack(0x44b30000,0x44b80000)]
  0x447c5400 JavaThread "pool-3-thread-1" [_thread_blocked, id=4048, stack(0x00420000,0x00470000)]
  0x44795000 JavaThread "pool-2-thread-1" [_thread_blocked, id=2260, stack(0x44a10000,0x44a60000)]
  0x4464d800 JavaThread "Service Thread" daemon [_thread_blocked, id=4940, stack(0x44900000,0x44950000)]
  0x4463a400 JavaThread "C1 CompilerThread0" daemon [_thread_blocked, id=2036, stack(0x449c0000,0x44a10000)]
  0x44639000 JavaThread "Attach Listener" daemon [_thread_blocked, id=4920, stack(0x005b0000,0x00600000)]
  0x44636000 JavaThread "Signal Dispatcher" daemon [_thread_blocked, id=5544, stack(0x447e0000,0x44830000)]
  0x44616c00 JavaThread "Finalizer" daemon [_thread_blocked, id=4500, stack(0x03da0000,0x03df0000)]
  0x445f0400 JavaThread "Reference Handler" daemon [_thread_blocked, id=392, stack(0x01010000,0x01060000)]
  0x0023bc00 JavaThread "main" [_thread_blocked, id=4292, stack(0x00c30000,0x00c80000)]

Other Threads:
=>0x445ea800 VMThread [stack: 0x00f70000,0x00fc0000] [id=192]
  0x4465f800 WatcherThread [stack: 0x44ae0000,0x44b30000] [id=1744]

VM state:at safepoint (normal execution)

VM Mutex/Monitor currently owned by a thread:  ([mutex/lock_event])
[0x0023a230] Threads_lock - owner thread: 0x445ea800
[0x0023a640] Heap_lock - owner thread: 0x44795000

Heap:
 def new generation   total 184384K, used 20480K [0x03e00000, 0x10610000, 0x19350000)
  eden space 163904K,   0% used [0x03e00000, 0x03e00000, 0x0de10000)
  from space 20480K, 100% used [0x0de10000, 0x0f210000, 0x0f210000)
  to   space 20480K,   0% used [0x0f210000, 0x0f210000, 0x10610000)
 tenured generation   total 425500K, used 425464K [0x19350000, 0x332d7000, 0x43e00000)
   the space 425500K,  99% used [0x19350000, 0x332ce3c8, 0x332ce400, 0x332d7000)
 Metaspace       used 3547K, capacity 3598K, committed 3648K, reserved 4480K

Card table byte_map: [0x43e00000,0x44010000] byte_map_base: 0x43de1000

Polling page: 0x00140000

CodeCache: size=32768Kb used=3563Kb max_used=3563Kb free=29204Kb
 bounds [0x01cb0000, 0x02030000, 0x03cb0000]
 total_blobs=1878 nmethods=1731 adapters=77
 compilation: enabled

Compilation events (10 events):
Event: 9.240 Thread 0x4463a400 1729             java.util.HashMap::treeifyBin (110 bytes)
Event: 9.241 Thread 0x4463a400 nmethod 1729 0x02029b08 code [0x02029c40, 0x02029e64]
Event: 9.494 Thread 0x4463a400 1730             java.util.HashMap::compareComparables (27 bytes)
Event: 9.495 Thread 0x4463a400 nmethod 1730 0x0202a108 code [0x0202a210, 0x0202a30c]
Event: 9.504 Thread 0x4463a400 1731             com.android.dx.rop.code.Rops::opAget (97 bytes)
Event: 9.504 Thread 0x4463a400 nmethod 1731 0x0202a3c8 code [0x0202a540, 0x0202a8b8]
Event: 9.568 Thread 0x4463a400 1732             com.android.dx.rop.code.SwitchInsn::getCatches (4 bytes)
Event: 9.568 Thread 0x4463a400 nmethod 1732 0x0202ab48 code [0x0202ac40, 0x0202acc0]
Event: 9.588 Thread 0x4463a400 1733             com.android.dx.rop.code.BasicBlockList$RegCountVisitor::visitSwitchInsn (6 bytes)
Event: 9.589 Thread 0x4463a400 nmethod 1733 0x0202ad08 code [0x0202ae00, 0x0202ae8c]

GC Heap History (10 events):
Event: 7.952 GC heap after
Heap after GC invocations=90 (full 7):
 def new generation   total 184384K, used 20479K [0x03e00000, 0x10610000, 0x19350000)
  eden space 163904K,   0% used [0x03e00000, 0x03e00000, 0x0de10000)
  from space 20480K,  99% used [0x0f210000, 0x1060fff8, 0x10610000)
  to   space 20480K,   0% used [0x0de10000, 0x0de10000, 0x0f210000)
 tenured generation   total 409628K, used 308473K [0x19350000, 0x32357000, 0x43e00000)
   the space 409628K,  75% used [0x19350000, 0x2c08e7f8, 0x2c08e800, 0x32357000)
 Metaspace       used 3547K, capacity 3598K, committed 3648K, reserved 4480K
}
Event: 8.235 GC heap before
{Heap before GC invocations=90 (full 7):
 def new generation   total 184384K, used 184383K [0x03e00000, 0x10610000, 0x19350000)
  eden space 163904K, 100% used [0x03e00000, 0x0de10000, 0x0de10000)
  from space 20480K,  99% used [0x0f210000, 0x1060fff8, 0x10610000)
  to   space 20480K,   0% used [0x0de10000, 0x0de10000, 0x0f210000)
 tenured generation   total 409628K, used 308473K [0x19350000, 0x32357000, 0x43e00000)
   the space 409628K,  75% used [0x19350000, 0x2c08e7f8, 0x2c08e800, 0x32357000)
 Metaspace       used 3547K, capacity 3598K, committed 3648K, reserved 4480K
Event: 8.341 GC heap after
Heap after GC invocations=91 (full 7):
 def new generation   total 184384K, used 20480K [0x03e00000, 0x10610000, 0x19350000)
  eden space 163904K,   0% used [0x03e00000, 0x03e00000, 0x0de10000)
  from space 20480K, 100% used [0x0de10000, 0x0f210000, 0x0f210000)
  to   space 20480K,   0% used [0x0f210000, 0x0f210000, 0x10610000)
 tenured generation   total 409628K, used 331274K [0x19350000, 0x32357000, 0x43e00000)
   the space 409628K,  80% used [0x19350000, 0x2d6d2980, 0x2d6d2a00, 0x32357000)
 Metaspace       used 3547K, capacity 3598K, committed 3648K, reserved 4480K
}
Event: 8.601 GC heap before
{Heap before GC invocations=91 (full 7):
 def new generation   total 184384K, used 184384K [0x03e00000, 0x10610000, 0x19350000)
  eden space 163904K, 100% used [0x03e00000, 0x0de10000, 0x0de10000)
  from space 20480K, 100% used [0x0de10000, 0x0f210000, 0x0f210000)
  to   space 20480K,   0% used [0x0f210000, 0x0f210000, 0x10610000)
 tenured generation   total 409628K, used 331274K [0x19350000, 0x32357000, 0x43e00000)
   the space 409628K,  80% used [0x19350000, 0x2d6d2980, 0x2d6d2a00, 0x32357000)
 Metaspace       used 3547K, capacity 3598K, committed 3648K, reserved 4480K
Event: 8.716 GC heap after
Heap after GC invocations=92 (full 7):
 def new generation   total 184384K, used 20480K [0x03e00000, 0x10610000, 0x19350000)
  eden space 163904K,   0% used [0x03e00000, 0x03e00000, 0x0de10000)
  from space 20480K, 100% used [0x0f210000, 0x10610000, 0x10610000)
  to   space 20480K,   0% used [0x0de10000, 0x0de10000, 0x0f210000)
 tenured generation   total 409628K, used 356034K [0x19350000, 0x32357000, 0x43e00000)
   the space 409628K,  86% used [0x19350000, 0x2ef00868, 0x2ef00a00, 0x32357000)
 Metaspace       used 3547K, capacity 3598K, committed 3648K, reserved 4480K
}
Event: 8.973 GC heap before
{Heap before GC invocations=92 (full 7):
 def new generation   total 184384K, used 184384K [0x03e00000, 0x10610000, 0x19350000)
  eden space 163904K, 100% used [0x03e00000, 0x0de10000, 0x0de10000)
  from space 20480K, 100% used [0x0f210000, 0x10610000, 0x10610000)
  to   space 20480K,   0% used [0x0de10000, 0x0de10000, 0x0f210000)
 tenured generation   total 409628K, used 356034K [0x19350000, 0x32357000, 0x43e00000)
   the space 409628K,  86% used [0x19350000, 0x2ef00868, 0x2ef00a00, 0x32357000)
 Metaspace       used 3547K, capacity 3598K, committed 3648K, reserved 4480K
Event: 9.084 GC heap after
Heap after GC invocations=93 (full 7):
 def new generation   total 184384K, used 20480K [0x03e00000, 0x10610000, 0x19350000)
  eden space 163904K,   0% used [0x03e00000, 0x03e00000, 0x0de10000)
  from space 20480K, 100% used [0x0de10000, 0x0f210000, 0x0f210000)
  to   space 20480K,   0% used [0x0f210000, 0x0f210000, 0x10610000)
 tenured generation   total 409628K, used 380046K [0x19350000, 0x32357000, 0x43e00000)
   the space 409628K,  92% used [0x19350000, 0x30673958, 0x30673a00, 0x32357000)
 Metaspace       used 3547K, capacity 3598K, committed 3648K, reserved 4480K
}
Event: 9.364 GC heap before
{Heap before GC invocations=93 (full 7):
 def new generation   total 184384K, used 184384K [0x03e00000, 0x10610000, 0x19350000)
  eden space 163904K, 100% used [0x03e00000, 0x0de10000, 0x0de10000)
  from space 20480K, 100% used [0x0de10000, 0x0f210000, 0x0f210000)
  to   space 20480K,   0% used [0x0f210000, 0x0f210000, 0x10610000)
 tenured generation   total 409628K, used 380046K [0x19350000, 0x32357000, 0x43e00000)
   the space 409628K,  92% used [0x19350000, 0x30673958, 0x30673a00, 0x32357000)
 Metaspace       used 3547K, capacity 3598K, committed 3648K, reserved 4480K
Event: 9.466 GC heap after
Heap after GC invocations=94 (full 7):
 def new generation   total 184384K, used 20480K [0x03e00000, 0x10610000, 0x19350000)
  eden space 163904K,   0% used [0x03e00000, 0x03e00000, 0x0de10000)
  from space 20480K, 100% used [0x0f210000, 0x10610000, 0x10610000)
  to   space 20480K,   0% used [0x0de10000, 0x0de10000, 0x0f210000)
 tenured generation   total 409628K, used 402813K [0x19350000, 0x32357000, 0x43e00000)
   the space 409628K,  98% used [0x19350000, 0x31caf478, 0x31caf600, 0x32357000)
 Metaspace       used 3547K, capacity 3598K, committed 3648K, reserved 4480K
}
Event: 9.723 GC heap before
{Heap before GC invocations=94 (full 7):
 def new generation   total 184384K, used 184384K [0x03e00000, 0x10610000, 0x19350000)
  eden space 163904K, 100% used [0x03e00000, 0x0de10000, 0x0de10000)
  from space 20480K, 100% used [0x0f210000, 0x10610000, 0x10610000)
  to   space 20480K,   0% used [0x0de10000, 0x0de10000, 0x0f210000)
 tenured generation   total 409628K, used 402813K [0x19350000, 0x32357000, 0x43e00000)
   the space 409628K,  98% used [0x19350000, 0x31caf478, 0x31caf600, 0x32357000)
 Metaspace       used 3547K, capacity 3598K, committed 3648K, reserved 4480K

Deoptimization events (0 events):
No events

Internal exceptions (5 events):
Event: 0.040 Thread 0x0023bc00 Exception <a 'java/lang/NoSuchMethodError': Method sun.misc.Unsafe.defineClass(Ljava/lang/String;[BII)Ljava/lang/Class; name or signature does not match> (0x03e06ea8) thrown at [C:\re\workspace\8-2-build-windows-i586-cygwin\jdk8u101\7261\hotspot\src\share\ÓÃøì±¤?
Event: 0.040 Thread 0x0023bc00 Exception <a 'java/lang/NoSuchMethodError': Method sun.misc.Unsafe.prefetchRead(Ljava/lang/Object;J)V name or signature does not match> (0x03e07178) thrown at [C:\re\workspace\8-2-build-windows-i586-cygwin\jdk8u101\7261\hotspot\src\share\vm\prims\jni.cpp, ß‰5Ìþ9ë?
Event: 0.851 Thread 0x447c4800 Exception <a 'java/lang/ArrayIndexOutOfBoundsException': 18> (0x042627d8) thrown at [C:\re\workspace\8-2-build-windows-i586-cygwin\jdk8u101\7261\hotspot\src\share\vm\interpreter\interpreterRuntime.cpp, line 366]
Event: 0.851 Thread 0x447c4800 Exception <a 'java/lang/ArrayIndexOutOfBoundsException': 145> (0x04264078) thrown at [C:\re\workspace\8-2-build-windows-i586-cygwin\jdk8u101\7261\hotspot\src\share\vm\interpreter\interpreterRuntime.cpp, line 366]
Event: 0.852 Thread 0x447c4800 Exception <a 'java/lang/ArrayIndexOutOfBoundsException': 40> (0x04265158) thrown at [C:\re\workspace\8-2-build-windows-i586-cygwin\jdk8u101\7261\hotspot\src\share\vm\interpreter\interpreterRuntime.cpp, line 366]

Events (10 events):
Event: 7.952 Executing VM operation: GenCollectForAllocation done
Event: 8.235 Executing VM operation: GenCollectForAllocation
Event: 8.341 Executing VM operation: GenCollectForAllocation done
Event: 8.601 Executing VM operation: GenCollectForAllocation
Event: 8.716 Executing VM operation: GenCollectForAllocation done
Event: 8.973 Executing VM operation: GenCollectForAllocation
Event: 9.084 Executing VM operation: GenCollectForAllocation done
Event: 9.364 Executing VM operation: GenCollectForAllocation
Event: 9.466 Executing VM operation: GenCollectForAllocation done
Event: 9.723 Executing VM operation: GenCollectForAllocation


Dynamic libraries:
0x01070000 - 0x010a3000 	C:\Program Files\Java\jdk1.8.0_101\bin\java.exe
0x76f00000 - 0x7703c000 	C:\Windows\SYSTEM32\ntdll.dll
0x755f0000 - 0x756c4000 	C:\Windows\system32\kernel32.dll
0x751f0000 - 0x7523a000 	C:\Windows\system32\KERNELBASE.dll
0x753a0000 - 0x75440000 	C:\Windows\system32\ADVAPI32.dll
0x76520000 - 0x765cc000 	C:\Windows\system32\msvcrt.dll
0x75370000 - 0x75389000 	C:\Windows\SYSTEM32\sechost.dll
0x76470000 - 0x76511000 	C:\Windows\system32\RPCRT4.dll
0x756d0000 - 0x75799000 	C:\Windows\system32\USER32.dll
0x770e0000 - 0x7712e000 	C:\Windows\system32\GDI32.dll
0x75390000 - 0x7539a000 	C:\Windows\system32\LPK.dll
0x76b50000 - 0x76bed000 	C:\Windows\system32\USP10.dll
0x73dc0000 - 0x73f5e000 	C:\Windows\WinSxS\x86_microsoft.windows.common-controls_6595b64144ccf1df_6.0.7600.16385_none_421189da2b7fabfc\COMCTL32.dll
0x76af0000 - 0x76b47000 	C:\Windows\system32\SHLWAPI.dll
0x77040000 - 0x7705f000 	C:\Windows\system32\IMM32.DLL
0x76d30000 - 0x76dfc000 	C:\Windows\system32\MSCTF.dll
0x64db0000 - 0x64e6f000 	C:\Program Files\Java\jdk1.8.0_101\jre\bin\msvcr100.dll
0x51770000 - 0x51b3c000 	C:\Program Files\Java\jdk1.8.0_101\jre\bin\client\jvm.dll
0x70810000 - 0x70817000 	C:\Windows\system32\WSOCK32.dll
0x75440000 - 0x75475000 	C:\Windows\system32\WS2_32.dll
0x75350000 - 0x75356000 	C:\Windows\system32\NSI.dll
0x707c0000 - 0x707f2000 	C:\Windows\system32\WINMM.dll
0x74550000 - 0x74559000 	C:\Windows\system32\VERSION.dll
0x75360000 - 0x75365000 	C:\Windows\system32\PSAPI.DLL
0x720f0000 - 0x720fc000 	C:\Program Files\Java\jdk1.8.0_101\jre\bin\verify.dll
0x72070000 - 0x72091000 	C:\Program Files\Java\jdk1.8.0_101\jre\bin\java.dll
0x720b0000 - 0x720c3000 	C:\Program Files\Java\jdk1.8.0_101\jre\bin\zip.dll
0x75820000 - 0x76469000 	C:\Windows\system32\SHELL32.dll
0x75490000 - 0x755ec000 	C:\Windows\system32\ole32.dll
0x75050000 - 0x7505b000 	C:\Windows\system32\profapi.dll
0x72db0000 - 0x72e9b000 	C:\Windows\system32\dbghelp.dll

VM Arguments:
jvm_args: -Djava.awt.headless=true -Xmx1024M -Dfile.encoding=windows-1252 -Duser.country=US -Duser.language=en -Duser.variant 
java_command: com.android.dx.command.Main --dex --num-threads=4 --multi-dex --main-dex-list E:\SandeepProjectResources\MobipugNew\Mobipug27.10.18\MobipugSource\app\build\intermediates\multi-dex\debug\maindexlist.txt --output E:\SandeepProjectResources\MobipugNew\Mobipug27.10.18\MobipugSource\app\build\intermediates\transforms\dex\debug\folders\1000\1f\main E:\SandeepProjectResources\MobipugNew\Mobipug27.10.18\MobipugSource\app\build\intermediates\transforms\jarMerging\debug\jars\1\1f\combined.jar
java_class_path (initial): C:\Users\android-4\AppData\Local\Android\Sdk\build-tools\26.0.2\lib\dx.jar
Launcher Type: SUN_STANDARD

Environment Variables:
PATH=C:\ProgramData\Oracle\Java\javapath;C:\Windows\system32;C:\Windows;C:\Windows\System32\Wbem;C:\Windows\System32\WindowsPowerShell\v1.0\;C:\Program Files\Intel\OpenCL SDK\2.0\bin\x86;C:\Program Files\Skype\Phone\
USERNAME=android-4
OS=Windows_NT
PROCESSOR_IDENTIFIER=x86 Family 6 Model 42 Stepping 7, GenuineIntel



---------------  S Y S T E M  ---------------

OS: Windows 7 Build 7600 (6.1.7600.16385)

CPU:total 4 (2 cores per cpu, 2 threads per core) family 6 model 42 stepping 7, cmov, cx8, fxsr, mmx, sse, sse2, sse3, ssse3, sse4.1, sse4.2, popcnt, clmul, ht, tsc, tscinvbit

Memory: 4k page, physical 3578328k(643832k free), swap 24056564k(19593380k free)

vm_info: Java HotSpot(TM) Client VM (25.101-b13) for windows-x86 JRE (1.8.0_101-b13), built on Jun 22 2016 00:45:44 by "java_re" with MS VC++ 10.0 (VS2010)

time: Sat Nov 10 17:52:06 2018
elapsed time: 10 seconds (0d 0h 0m 10s)

