#
# A fatal error has been detected by the Java Runtime Environment:
#
#  EXCEPTION_ACCESS_VIOLATION (0xc0000005) at pc=0x51815185, pid=1908, tid=0x000012fc
#
# JRE version: Java(TM) SE Runtime Environment (8.0_101-b13) (build 1.8.0_101-b13)
# Java VM: Java HotSpot(TM) Client VM (25.101-b13 mixed mode windows-x86 )
# Problematic frame:
# V  [jvm.dll+0xa5185]
#
# Failed to write core dump. Minidumps are not enabled by default on client versions of Windows
#
# If you would like to submit a bug report, please visit:
#   http://bugreport.java.com/bugreport/crash.jsp
#

---------------  T H R E A D  ---------------

Current thread (0x4448a800):  VMThread [stack: 0x03d50000,0x03da0000] [id=4860]

siginfo: ExceptionCode=0xc0000005, reading address 0x00000120

Registers:
EAX=0x00000000, EBX=0x03d9f124, ECX=0x440a8240, EDX=0x368a8fc8
ESP=0x03d9f030, EBP=0x03d9f040, ESI=0x368a8fc8, EDI=0x3a30ac48
EIP=0x51815185, EFLAGS=0x00010283

Top of Stack: (sp=0x03d9f030)
0x03d9f030:   00934050 03d9f124 0092f210 00934170
0x03d9f040:   03d9f054 5180a531 03d9f124 0092f264
0x03d9f050:   00000001 03d9f06c 51808207 03d9f124
0x03d9f060:   0092f210 03d9f164 00000000 03d9f288
0x03d9f070:   518041d7 00000000 03d9f1b0 03d9f124
0x03d9f080:   00931c88 518051b4 00a0ffa0 0092f210
0x03d9f090:   0092f260 51a49c54 00000000 0000006a
0x03d9f0a0:   00000004 0000000e 00000000 029c3920 

Instructions: (pc=0x51815185)
0x51815165:   08 8b f0 eb 08 8d 9b 00 00 00 00 8b f8 8b 7f 34
0x51815175:   3b f7 73 1d 8d a4 24 00 00 00 00 8b 4e 04 8b 01
0x51815185:   8b 90 20 01 00 00 53 56 ff d2 8d 34 86 3b f7 72
0x51815195:   ea 8b 45 fc 3b 78 34 72 d2 8b c8 5f 89 71 0c 5e 


Register to memory mapping:

EAX=0x00000000 is an unknown value
EBX=0x03d9f124 is an unknown value
ECX=0x440a8240 is pointing into metadata
EDX=0x368a8fc8 is an oop

[error occurred during error reporting (printing register info), id 0xc0000005]

Stack: [0x03d50000,0x03da0000],  sp=0x03d9f030,  free space=316k
Native frames: (J=compiled Java code, j=interpreted, Vv=VM code, C=native code)
V  [jvm.dll+0xa5185]
V  [jvm.dll+0x9a531]
V  [jvm.dll+0x98207]
V  [jvm.dll+0x941d7]
V  [jvm.dll+0x98e73]
V  [jvm.dll+0x92e25]
V  [jvm.dll+0x1b81c6]
V  [jvm.dll+0x18292b]
V  [jvm.dll+0x181d31]
V  [jvm.dll+0x182147]
V  [jvm.dll+0x182342]
V  [jvm.dll+0x1c1ed6]
C  [msvcr100.dll+0x5c556]
C  [msvcr100.dll+0x5c600]
C  [kernel32.dll+0x51174]
C  [ntdll.dll+0x5b3f5]
C  [ntdll.dll+0x5b3c8]

VM_Operation (0x44c1e868): GenCollectForAllocation, mode: safepoint, requested by thread 0x44658800


---------------  P R O C E S S  ---------------

Java Threads: ( => current thread )
  0x44656400 JavaThread "pool-2-thread-4" [_thread_blocked, id=672, stack(0x44d20000,0x44d70000)]
  0x44658800 JavaThread "pool-2-thread-3" [_thread_blocked, id=1876, stack(0x44bd0000,0x44c20000)]
  0x44657400 JavaThread "pool-2-thread-2" [_thread_blocked, id=988, stack(0x44af0000,0x44b40000)]
  0x44623400 JavaThread "pool-3-thread-1" [_thread_blocked, id=2032, stack(0x44850000,0x448a0000)]
  0x44622400 JavaThread "pool-2-thread-1" [_thread_blocked, id=5892, stack(0x44950000,0x449a0000)]
  0x444ec800 JavaThread "Service Thread" daemon [_thread_blocked, id=6008, stack(0x44a40000,0x44a90000)]
  0x444da400 JavaThread "C1 CompilerThread0" daemon [_thread_blocked, id=5088, stack(0x44750000,0x447a0000)]
  0x444d9000 JavaThread "Attach Listener" daemon [_thread_blocked, id=5128, stack(0x448a0000,0x448f0000)]
  0x444d6000 JavaThread "Signal Dispatcher" daemon [_thread_blocked, id=1732, stack(0x00880000,0x008d0000)]
  0x444b6c00 JavaThread "Finalizer" daemon [_thread_blocked, id=1156, stack(0x447c0000,0x44810000)]
  0x44490400 JavaThread "Reference Handler" daemon [_thread_blocked, id=2948, stack(0x03cd0000,0x03d20000)]
  0x00a1bc00 JavaThread "main" [_thread_blocked, id=4340, stack(0x00b60000,0x00bb0000)]

Other Threads:
=>0x4448a800 VMThread [stack: 0x03d50000,0x03da0000] [id=4860]
  0x444d0000 WatcherThread [stack: 0x449d0000,0x44a20000] [id=3828]

VM state:at safepoint (normal execution)

VM Mutex/Monitor currently owned by a thread:  ([mutex/lock_event])
[0x00a1a230] Threads_lock - owner thread: 0x4448a800
[0x00a1a640] Heap_lock - owner thread: 0x44658800

Heap:
 def new generation   total 314560K, used 314560K [0x03e00000, 0x19350000, 0x19350000)
  eden space 279616K, 100% used [0x03e00000, 0x14f10000, 0x14f10000)
  from space 34944K, 100% used [0x17130000, 0x19350000, 0x19350000)
  to   space 34944K, 100% used [0x14f10000, 0x17130000, 0x17130000)
 tenured generation   total 699072K, used 542624K [0x19350000, 0x43e00000, 0x43e00000)
   the space 699072K,  77% used [0x19350000, 0x3a538080, 0x3a538200, 0x43e00000)
 Metaspace       used 3553K, capacity 3598K, committed 3648K, reserved 4480K

Card table byte_map: [0x43e00000,0x44010000] byte_map_base: 0x43de1000

Polling page: 0x00150000

CodeCache: size=32768Kb used=3569Kb max_used=3569Kb free=29198Kb
 bounds [0x01cb0000, 0x02030000, 0x03cb0000]
 total_blobs=1881 nmethods=1734 adapters=77
 compilation: enabled

Compilation events (10 events):
Event: 12.157 Thread 0x444da400 1732   !         com.android.dx.cf.attrib.BaseParameterAnnotations::<init> (48 bytes)
Event: 12.157 Thread 0x444da400 nmethod 1732 0x0202bc08 code [0x0202bd30, 0x0202bf74]
Event: 12.157 Thread 0x444da400 1733             com.android.dx.cf.attrib.BaseParameterAnnotations::byteLength (8 bytes)
Event: 12.157 Thread 0x444da400 nmethod 1733 0x0202c188 code [0x0202c280, 0x0202c300]
Event: 12.162 Thread 0x444da400 1734             com.android.dx.dex.file.OffsettedItem::writeSize (22 bytes)
Event: 12.163 Thread 0x444da400 nmethod 1734 0x0202c348 code [0x0202c450, 0x0202c55c]
Event: 12.310 Thread 0x444da400 1735             com.android.dx.dex.code.VariableSizeInsn::<init> (10 bytes)
Event: 12.310 Thread 0x444da400 nmethod 1735 0x0202c608 code [0x0202c710, 0x0202c7ac]
Event: 12.376 Thread 0x444da400 1736             com.android.dx.rop.cst.CstLiteral32::compareTo0 (30 bytes)
Event: 12.376 Thread 0x444da400 nmethod 1736 0x0202c808 code [0x0202c900, 0x0202c9e0]

GC Heap History (10 events):
Event: 9.396 GC heap after
Heap after GC invocations=94 (full 7):
 def new generation   total 204416K, used 22655K [0x03e00000, 0x11bc0000, 0x19350000)
  eden space 181760K,   0% used [0x03e00000, 0x03e00000, 0x0ef80000)
  from space 22656K,  99% used [0x105a0000, 0x11bbfff8, 0x11bc0000)
  to   space 22656K,   0% used [0x0ef80000, 0x0ef80000, 0x105a0000)
 tenured generation   total 453976K, used 393392K [0x19350000, 0x34ea6000, 0x43e00000)
   the space 453976K,  86% used [0x19350000, 0x3137c0b0, 0x3137c200, 0x34ea6000)
 Metaspace       used 3553K, capacity 3598K, committed 3648K, reserved 4480K
}
Event: 9.689 GC heap before
{Heap before GC invocations=94 (full 7):
 def new generation   total 204416K, used 204415K [0x03e00000, 0x11bc0000, 0x19350000)
  eden space 181760K, 100% used [0x03e00000, 0x0ef80000, 0x0ef80000)
  from space 22656K,  99% used [0x105a0000, 0x11bbfff8, 0x11bc0000)
  to   space 22656K,   0% used [0x0ef80000, 0x0ef80000, 0x105a0000)
 tenured generation   total 453976K, used 393392K [0x19350000, 0x34ea6000, 0x43e00000)
   the space 453976K,  86% used [0x19350000, 0x3137c0b0, 0x3137c200, 0x34ea6000)
 Metaspace       used 3553K, capacity 3598K, committed 3648K, reserved 4480K
Event: 9.803 GC heap after
Heap after GC invocations=95 (full 7):
 def new generation   total 204416K, used 22656K [0x03e00000, 0x11bc0000, 0x19350000)
  eden space 181760K,   0% used [0x03e00000, 0x03e00000, 0x0ef80000)
  from space 22656K, 100% used [0x0ef80000, 0x105a0000, 0x105a0000)
  to   space 22656K,   0% used [0x105a0000, 0x105a0000, 0x11bc0000)
 tenured generation   total 453976K, used 419161K [0x19350000, 0x34ea6000, 0x43e00000)
   the space 453976K,  92% used [0x19350000, 0x32ca64a8, 0x32ca6600, 0x34ea6000)
 Metaspace       used 3553K, capacity 3598K, committed 3648K, reserved 4480K
}
Event: 10.094 GC heap before
{Heap before GC invocations=95 (full 7):
 def new generation   total 204416K, used 204416K [0x03e00000, 0x11bc0000, 0x19350000)
  eden space 181760K, 100% used [0x03e00000, 0x0ef80000, 0x0ef80000)
  from space 22656K, 100% used [0x0ef80000, 0x105a0000, 0x105a0000)
  to   space 22656K,   0% used [0x105a0000, 0x105a0000, 0x11bc0000)
 tenured generation   total 453976K, used 419161K [0x19350000, 0x34ea6000, 0x43e00000)
   the space 453976K,  92% used [0x19350000, 0x32ca64a8, 0x32ca6600, 0x34ea6000)
 Metaspace       used 3553K, capacity 3598K, committed 3648K, reserved 4480K
Event: 10.208 GC heap after
Heap after GC invocations=96 (full 7):
 def new generation   total 204416K, used 22655K [0x03e00000, 0x11bc0000, 0x19350000)
  eden space 181760K,   0% used [0x03e00000, 0x03e00000, 0x0ef80000)
  from space 22656K,  99% used [0x105a0000, 0x11bbfff8, 0x11bc0000)
  to   space 22656K,   0% used [0x0ef80000, 0x0ef80000, 0x105a0000)
 tenured generation   total 453976K, used 444340K [0x19350000, 0x34ea6000, 0x43e00000)
   the space 453976K,  97% used [0x19350000, 0x3453d1b0, 0x3453d200, 0x34ea6000)
 Metaspace       used 3553K, capacity 3598K, committed 3648K, reserved 4480K
}
Event: 10.507 GC heap before
{Heap before GC invocations=96 (full 7):
 def new generation   total 204416K, used 204415K [0x03e00000, 0x11bc0000, 0x19350000)
  eden space 181760K, 100% used [0x03e00000, 0x0ef80000, 0x0ef80000)
  from space 22656K,  99% used [0x105a0000, 0x11bbfff8, 0x11bc0000)
  to   space 22656K,   0% used [0x0ef80000, 0x0ef80000, 0x105a0000)
 tenured generation   total 453976K, used 444340K [0x19350000, 0x34ea6000, 0x43e00000)
   the space 453976K,  97% used [0x19350000, 0x3453d1b0, 0x3453d200, 0x34ea6000)
 Metaspace       used 3553K, capacity 3598K, committed 3648K, reserved 4480K
Event: 11.982 GC heap after
Heap after GC invocations=97 (full 8):
 def new generation   total 314560K, used 4899K [0x03e00000, 0x19350000, 0x19350000)
  eden space 279616K,   1% used [0x03e00000, 0x042c8ca8, 0x14f10000)
  from space 34944K,   0% used [0x14f10000, 0x14f10000, 0x17130000)
  to   space 34944K,   0% used [0x17130000, 0x17130000, 0x19350000)
 tenured generation   total 699072K, used 466900K [0x19350000, 0x43e00000, 0x43e00000)
   the space 699072K,  66% used [0x19350000, 0x35b45088, 0x35b45200, 0x43e00000)
 Metaspace       used 3553K, capacity 3598K, committed 3648K, reserved 4480K
}
Event: 12.451 GC heap before
{Heap before GC invocations=97 (full 8):
 def new generation   total 314560K, used 279616K [0x03e00000, 0x19350000, 0x19350000)
  eden space 279616K, 100% used [0x03e00000, 0x14f10000, 0x14f10000)
  from space 34944K,   0% used [0x14f10000, 0x14f10000, 0x17130000)
  to   space 34944K,   0% used [0x17130000, 0x17130000, 0x19350000)
 tenured generation   total 699072K, used 466900K [0x19350000, 0x43e00000, 0x43e00000)
   the space 699072K,  66% used [0x19350000, 0x35b45088, 0x35b45200, 0x43e00000)
 Metaspace       used 3553K, capacity 3598K, committed 3648K, reserved 4480K
Event: 12.807 GC heap after
Heap after GC invocations=98 (full 8):
 def new generation   total 314560K, used 34944K [0x03e00000, 0x19350000, 0x19350000)
  eden space 279616K,   0% used [0x03e00000, 0x03e00000, 0x14f10000)
  from space 34944K, 100% used [0x17130000, 0x19350000, 0x19350000)
  to   space 34944K,   0% used [0x14f10000, 0x14f10000, 0x17130000)
 tenured generation   total 699072K, used 476726K [0x19350000, 0x43e00000, 0x43e00000)
   the space 699072K,  68% used [0x19350000, 0x364dda88, 0x364ddc00, 0x43e00000)
 Metaspace       used 3553K, capacity 3598K, committed 3648K, reserved 4480K
}
Event: 14.498 GC heap before
{Heap before GC invocations=98 (full 8):
 def new generation   total 314560K, used 314560K [0x03e00000, 0x19350000, 0x19350000)
  eden space 279616K, 100% used [0x03e00000, 0x14f10000, 0x14f10000)
  from space 34944K, 100% used [0x17130000, 0x19350000, 0x19350000)
  to   space 34944K,   0% used [0x14f10000, 0x14f10000, 0x17130000)
 tenured generation   total 699072K, used 476726K [0x19350000, 0x43e00000, 0x43e00000)
   the space 699072K,  68% used [0x19350000, 0x364dda88, 0x364ddc00, 0x43e00000)
 Metaspace       used 3553K, capacity 3598K, committed 3648K, reserved 4480K

Deoptimization events (0 events):
No events

Internal exceptions (5 events):
Event: 0.030 Thread 0x00a1bc00 Exception <a 'java/lang/NoSuchMethodError': Method sun.misc.Unsafe.defineClass(Ljava/lang/String;[BII)Ljava/lang/Class; name or signature does not match> (0x03e06ea8) thrown at [C:\re\workspace\8-2-build-windows-i586-cygwin\jdk8u101\7261\hotspot\src\share\™e`ØWž?
Event: 0.030 Thread 0x00a1bc00 Exception <a 'java/lang/NoSuchMethodError': Method sun.misc.Unsafe.prefetchRead(Ljava/lang/Object;J)V name or signature does not match> (0x03e07178) thrown at [C:\re\workspace\8-2-build-windows-i586-cygwin\jdk8u101\7261\hotspot\src\share\vm\prims\jni.cpp, žð“¥Ç=í?
Event: 0.914 Thread 0x44622400 Exception <a 'java/lang/ArrayIndexOutOfBoundsException': 18> (0x0431b0c0) thrown at [C:\re\workspace\8-2-build-windows-i586-cygwin\jdk8u101\7261\hotspot\src\share\vm\interpreter\interpreterRuntime.cpp, line 366]
Event: 0.914 Thread 0x44622400 Exception <a 'java/lang/ArrayIndexOutOfBoundsException': 145> (0x0431c960) thrown at [C:\re\workspace\8-2-build-windows-i586-cygwin\jdk8u101\7261\hotspot\src\share\vm\interpreter\interpreterRuntime.cpp, line 366]
Event: 0.914 Thread 0x44622400 Exception <a 'java/lang/ArrayIndexOutOfBoundsException': 40> (0x0431da40) thrown at [C:\re\workspace\8-2-build-windows-i586-cygwin\jdk8u101\7261\hotspot\src\share\vm\interpreter\interpreterRuntime.cpp, line 366]

Events (10 events):
Event: 9.396 Executing VM operation: GenCollectForAllocation done
Event: 9.689 Executing VM operation: GenCollectForAllocation
Event: 9.803 Executing VM operation: GenCollectForAllocation done
Event: 10.093 Executing VM operation: GenCollectForAllocation
Event: 10.208 Executing VM operation: GenCollectForAllocation done
Event: 10.507 Executing VM operation: GenCollectForAllocation
Event: 11.982 Executing VM operation: GenCollectForAllocation done
Event: 12.451 Executing VM operation: GenCollectForAllocation
Event: 12.807 Executing VM operation: GenCollectForAllocation done
Event: 14.498 Executing VM operation: GenCollectForAllocation


Dynamic libraries:
0x01070000 - 0x010a3000 	C:\Program Files\Java\jdk1.8.0_101\bin\java.exe
0x76f00000 - 0x7703c000 	C:\Windows\SYSTEM32\ntdll.dll
0x755f0000 - 0x756c4000 	C:\Windows\system32\kernel32.dll
0x751f0000 - 0x7523a000 	C:\Windows\system32\KERNELBASE.dll
0x753a0000 - 0x75440000 	C:\Windows\system32\ADVAPI32.dll
0x76520000 - 0x765cc000 	C:\Windows\system32\msvcrt.dll
0x75370000 - 0x75389000 	C:\Windows\SYSTEM32\sechost.dll
0x76470000 - 0x76511000 	C:\Windows\system32\RPCRT4.dll
0x756d0000 - 0x75799000 	C:\Windows\system32\USER32.dll
0x770e0000 - 0x7712e000 	C:\Windows\system32\GDI32.dll
0x75390000 - 0x7539a000 	C:\Windows\system32\LPK.dll
0x76b50000 - 0x76bed000 	C:\Windows\system32\USP10.dll
0x73dc0000 - 0x73f5e000 	C:\Windows\WinSxS\x86_microsoft.windows.common-controls_6595b64144ccf1df_6.0.7600.16385_none_421189da2b7fabfc\COMCTL32.dll
0x76af0000 - 0x76b47000 	C:\Windows\system32\SHLWAPI.dll
0x77040000 - 0x7705f000 	C:\Windows\system32\IMM32.DLL
0x76d30000 - 0x76dfc000 	C:\Windows\system32\MSCTF.dll
0x64db0000 - 0x64e6f000 	C:\Program Files\Java\jdk1.8.0_101\jre\bin\msvcr100.dll
0x51770000 - 0x51b3c000 	C:\Program Files\Java\jdk1.8.0_101\jre\bin\client\jvm.dll
0x70810000 - 0x70817000 	C:\Windows\system32\WSOCK32.dll
0x75440000 - 0x75475000 	C:\Windows\system32\WS2_32.dll
0x75350000 - 0x75356000 	C:\Windows\system32\NSI.dll
0x707c0000 - 0x707f2000 	C:\Windows\system32\WINMM.dll
0x74550000 - 0x74559000 	C:\Windows\system32\VERSION.dll
0x75360000 - 0x75365000 	C:\Windows\system32\PSAPI.DLL
0x720f0000 - 0x720fc000 	C:\Program Files\Java\jdk1.8.0_101\jre\bin\verify.dll
0x72070000 - 0x72091000 	C:\Program Files\Java\jdk1.8.0_101\jre\bin\java.dll
0x720b0000 - 0x720c3000 	C:\Program Files\Java\jdk1.8.0_101\jre\bin\zip.dll
0x75820000 - 0x76469000 	C:\Windows\system32\SHELL32.dll
0x75490000 - 0x755ec000 	C:\Windows\system32\ole32.dll
0x75050000 - 0x7505b000 	C:\Windows\system32\profapi.dll
0x72db0000 - 0x72e9b000 	C:\Windows\system32\dbghelp.dll

VM Arguments:
jvm_args: -Djava.awt.headless=true -Xmx1024M -Dfile.encoding=windows-1252 -Duser.country=US -Duser.language=en -Duser.variant 
java_command: com.android.dx.command.Main --dex --num-threads=4 --multi-dex --main-dex-list E:\SandeepProjectResources\MobipugNew\Mobipug27.10.18\MobipugSource\app\build\intermediates\multi-dex\debug\maindexlist.txt --output E:\SandeepProjectResources\MobipugNew\Mobipug27.10.18\MobipugSource\app\build\intermediates\transforms\dex\debug\folders\1000\1f\main E:\SandeepProjectResources\MobipugNew\Mobipug27.10.18\MobipugSource\app\build\intermediates\transforms\jarMerging\debug\jars\1\1f\combined.jar
java_class_path (initial): C:\Users\android-4\AppData\Local\Android\Sdk\build-tools\26.0.2\lib\dx.jar
Launcher Type: SUN_STANDARD

Environment Variables:
PATH=C:\ProgramData\Oracle\Java\javapath;C:\Windows\system32;C:\Windows;C:\Windows\System32\Wbem;C:\Windows\System32\WindowsPowerShell\v1.0\;C:\Program Files\Intel\OpenCL SDK\2.0\bin\x86;C:\Program Files\Skype\Phone\
USERNAME=android-4
OS=Windows_NT
PROCESSOR_IDENTIFIER=x86 Family 6 Model 42 Stepping 7, GenuineIntel



---------------  S Y S T E M  ---------------

OS: Windows 7 Build 7600 (6.1.7600.16385)

CPU:total 4 (2 cores per cpu, 2 threads per core) family 6 model 42 stepping 7, cmov, cx8, fxsr, mmx, sse, sse2, sse3, ssse3, sse4.1, sse4.2, popcnt, clmul, ht, tsc, tscinvbit

Memory: 4k page, physical 3578328k(498172k free), swap 24056564k(19643000k free)

vm_info: Java HotSpot(TM) Client VM (25.101-b13) for windows-x86 JRE (1.8.0_101-b13), built on Jun 22 2016 00:45:44 by "java_re" with MS VC++ 10.0 (VS2010)

time: Sat Nov 10 16:49:04 2018
elapsed time: 14 seconds (0d 0h 0m 14s)

