#
# A fatal error has been detected by the Java Runtime Environment:
#
#  EXCEPTION_ACCESS_VIOLATION (0xc0000005) at pc=0x649d4da9, pid=5220, tid=0x00001588
#
# JRE version: Java(TM) SE Runtime Environment (8.0_101-b13) (build 1.8.0_101-b13)
# Java VM: Java HotSpot(TM) Client VM (25.101-b13 mixed mode windows-x86 )
# Problematic frame:
# V  [jvm.dll+0x1b4da9]
#
# Failed to write core dump. Minidumps are not enabled by default on client versions of Windows
#
# If you would like to submit a bug report, please visit:
#   http://bugreport.java.com/bugreport/crash.jsp
#

---------------  T H R E A D  ---------------

Current thread (0x4448a800):  VMThread [stack: 0x001d0000,0x00220000] [id=5512]

siginfo: ExceptionCode=0xc0000005, reading address 0xb7594488

Registers:
EAX=0x0e8600d8, EBX=0x00000002, ECX=0x44030828, EDX=0xb7594400
ESP=0x0021f13c, EBP=0x0021f154, ESI=0x000003fe, EDI=0x19436350
EIP=0x649d4da9, EFLAGS=0x00010206

Top of Stack: (sp=0x0021f13c)
0x0021f13c:   0e8600d8 44655c00 64b894cc 00000000
0x0021f14c:   0021f214 64b894cc 0021f160 649d4fac
0x0021f15c:   44655c04 0021f348 64999ee3 44655c04
0x0021f16c:   00000002 44655c00 00000000 76c3cabb
0x0021f17c:   00000ffc 001535b4 00150000 0021f1fc
0x0021f18c:   00000012 0021f3c0 64b894f0 0021f444
0x0021f19c:   ffffffff 00887318 00000000 40220034
0x0021f1ac:   00000082 648c4472 0000000c 012e0358 

Instructions: (pc=0x649d4da9)
0x649d4d89:   23 f0 29 35 50 94 b8 64 a3 4c 94 b8 64 8b c7 eb
0x649d4d99:   09 48 a3 4c 94 b8 64 8b 04 81 8b 48 04 8b 11 50
0x649d4da9:   8b 82 88 00 00 00 ff d0 8b 0d 58 94 b8 64 85 c9
0x649d4db9:   0f 85 51 ff ff ff a1 7c 94 b8 64 85 c0 0f 84 b8 


Register to memory mapping:

EAX=0x0e8600d8 is an oop

[error occurred during error reporting (printing register info), id 0xc0000005]

Stack: [0x001d0000,0x00220000],  sp=0x0021f13c,  free space=316k
Native frames: (J=compiled Java code, j=interpreted, Vv=VM code, C=native code)
V  [jvm.dll+0x1b4da9]
V  [jvm.dll+0x1b4fac]
V  [jvm.dll+0x179ee3]
V  [jvm.dll+0x1789ea]
V  [jvm.dll+0x97fb0]
V  [jvm.dll+0x992a1]
V  [jvm.dll+0x9b020]
V  [jvm.dll+0x9b489]
V  [jvm.dll+0x9a27f]
V  [jvm.dll+0xa64b2]
V  [jvm.dll+0x98e73]
V  [jvm.dll+0x92e25]
V  [jvm.dll+0x1b81c6]
V  [jvm.dll+0x18292b]
V  [jvm.dll+0x181d31]
V  [jvm.dll+0x182147]
V  [jvm.dll+0x182342]
V  [jvm.dll+0x1c1ed6]
C  [msvcr100.dll+0x5c556]
C  [msvcr100.dll+0x5c600]
C  [kernel32.dll+0x51174]
C  [ntdll.dll+0x5b3f5]
C  [ntdll.dll+0x5b3c8]

VM_Operation (0x44c3e818): GenCollectForAllocation, mode: safepoint, requested by thread 0x44654000


---------------  P R O C E S S  ---------------

Java Threads: ( => current thread )
  0x44655c00 JavaThread "pool-2-thread-4" [_thread_blocked, id=5944, stack(0x44a10000,0x44a60000)]
  0x44654000 JavaThread "pool-2-thread-3" [_thread_blocked, id=3700, stack(0x44bf0000,0x44c40000)]
  0x44653000 JavaThread "pool-2-thread-2" [_thread_blocked, id=5800, stack(0x44950000,0x449a0000)]
  0x44624000 JavaThread "pool-3-thread-1" [_thread_blocked, id=5620, stack(0x44ae0000,0x44b30000)]
  0x4461e000 JavaThread "pool-2-thread-1" [_thread_blocked, id=5696, stack(0x44a90000,0x44ae0000)]
  0x444ecc00 JavaThread "Service Thread" daemon [_thread_blocked, id=3864, stack(0x44890000,0x448e0000)]
  0x444da000 JavaThread "C1 CompilerThread0" daemon [_thread_blocked, id=4924, stack(0x44780000,0x447d0000)]
  0x444d9000 JavaThread "Attach Listener" daemon [_thread_blocked, id=4116, stack(0x446c0000,0x44710000)]
  0x444d6000 JavaThread "Signal Dispatcher" daemon [_thread_blocked, id=4228, stack(0x013f0000,0x01440000)]
  0x444b6c00 JavaThread "Finalizer" daemon [_thread_blocked, id=5008, stack(0x44730000,0x44780000)]
  0x44490400 JavaThread "Reference Handler" daemon [_thread_blocked, id=4360, stack(0x01920000,0x01970000)]
  0x0015bc00 JavaThread "main" [_thread_blocked, id=5276, stack(0x01970000,0x019c0000)]

Other Threads:
=>0x4448a800 VMThread [stack: 0x001d0000,0x00220000] [id=5512]
  0x444d0400 WatcherThread [stack: 0x449c0000,0x44a10000] [id=4756]

VM state:at safepoint (normal execution)

VM Mutex/Monitor currently owned by a thread:  ([mutex/lock_event])
[0x0015a230] Threads_lock - owner thread: 0x4448a800
[0x0015a640] Heap_lock - owner thread: 0x44654000

Heap:
 def new generation   total 314560K, used 279616K [0x03e00000, 0x19350000, 0x19350000)
  eden space 279616K, 100% used [0x03e00000, 0x14f10000, 0x14f10000)
  from space 34944K,   0% used [0x17130000, 0x17130000, 0x19350000)
  to   space 34944K,   0% used [0x14f10000, 0x14f10000, 0x17130000)
 tenured generation   total 699072K, used 686532K [0x19350000, 0x43e00000, 0x43e00000)
   the space 699072K,  98% used [0x19350000, 0x431c1358, 0x431c1400, 0x43e00000)
 Metaspace       used 3551K, capacity 3598K, committed 3648K, reserved 4480K

Card table byte_map: [0x43e00000,0x44010000] byte_map_base: 0x43de1000

Polling page: 0x00140000

CodeCache: size=32768Kb used=3657Kb max_used=3686Kb free=29110Kb
 bounds [0x01c90000, 0x02030000, 0x03c90000]
 total_blobs=1902 nmethods=1755 adapters=77
 compilation: enabled

Compilation events (10 events):
Event: 19.108 Thread 0x444da000 1764             com.android.dx.util.Bits::bitCount (29 bytes)
Event: 19.108 Thread 0x444da000 nmethod 1764 0x02025dc8 code [0x02025ed0, 0x02025fac]
Event: 19.118 Thread 0x444da000 1765             com.android.dx.ssa.back.FirstFitLocalCombiningAllocator::ssaSetToSpecs (57 bytes)
Event: 19.118 Thread 0x444da000 nmethod 1765 0x02026088 code [0x02026220, 0x0202660c]
Event: 19.131 Thread 0x444da000 1766             java.util.HashMap$TreeNode::putTreeVal (314 bytes)
Event: 19.132 Thread 0x444da000 nmethod 1766 0x02026cc8 code [0x02026e60, 0x020272fc]
Event: 27.769 Thread 0x444da000 1767 %           com.android.dx.cf.direct.ClassPathOpener::processArchive @ 141 (221 bytes)
Event: 27.771 Thread 0x444da000 nmethod 1767% 0x02027888 code [0x02027b00, 0x02028a30]
Event: 28.837 Thread 0x444da000 1768             java.util.HashMap$TreeNode::split (218 bytes)
Event: 28.838 Thread 0x444da000 nmethod 1768 0x02029b48 code [0x02029cc0, 0x0202a1c0]

GC Heap History (10 events):
Event: 15.456 GC heap after
Heap after GC invocations=100 (full 8):
 def new generation   total 314560K, used 34943K [0x03e00000, 0x19350000, 0x19350000)
  eden space 279616K,   0% used [0x03e00000, 0x03e00000, 0x14f10000)
  from space 34944K,  99% used [0x14f10000, 0x1712fff8, 0x17130000)
  to   space 34944K,   0% used [0x17130000, 0x17130000, 0x19350000)
 tenured generation   total 699072K, used 623583K [0x19350000, 0x43e00000, 0x43e00000)
   the space 699072K,  89% used [0x19350000, 0x3f447c68, 0x3f447e00, 0x43e00000)
 Metaspace       used 3551K, capacity 3598K, committed 3648K, reserved 4480K
}
Event: 16.943 GC heap before
{Heap before GC invocations=100 (full 8):
 def new generation   total 314560K, used 314559K [0x03e00000, 0x19350000, 0x19350000)
  eden space 279616K, 100% used [0x03e00000, 0x14f10000, 0x14f10000)
  from space 34944K,  99% used [0x14f10000, 0x1712fff8, 0x17130000)
  to   space 34944K,   0% used [0x17130000, 0x17130000, 0x19350000)
 tenured generation   total 699072K, used 623583K [0x19350000, 0x43e00000, 0x43e00000)
   the space 699072K,  89% used [0x19350000, 0x3f447c68, 0x3f447e00, 0x43e00000)
 Metaspace       used 3551K, capacity 3598K, committed 3648K, reserved 4480K
Event: 18.935 GC heap after
Heap after GC invocations=101 (full 9):
 def new generation   total 314560K, used 0K [0x03e00000, 0x19350000, 0x19350000)
  eden space 279616K,   0% used [0x03e00000, 0x03e00000, 0x14f10000)
  from space 34944K,   0% used [0x17130000, 0x17130000, 0x19350000)
  to   space 34944K,   0% used [0x14f10000, 0x14f10000, 0x17130000)
 tenured generation   total 699072K, used 641990K [0x19350000, 0x43e00000, 0x43e00000)
   the space 699072K,  91% used [0x19350000, 0x40641a00, 0x40641a00, 0x43e00000)
 Metaspace       used 3551K, capacity 3598K, committed 3648K, reserved 4480K
}
Event: 20.378 GC heap before
{Heap before GC invocations=101 (full 9):
 def new generation   total 314560K, used 279616K [0x03e00000, 0x19350000, 0x19350000)
  eden space 279616K, 100% used [0x03e00000, 0x14f10000, 0x14f10000)
  from space 34944K,   0% used [0x17130000, 0x17130000, 0x19350000)
  to   space 34944K,   0% used [0x14f10000, 0x14f10000, 0x17130000)
 tenured generation   total 699072K, used 641990K [0x19350000, 0x43e00000, 0x43e00000)
   the space 699072K,  91% used [0x19350000, 0x40641a00, 0x40641a00, 0x43e00000)
 Metaspace       used 3551K, capacity 3598K, committed 3648K, reserved 4480K
Event: 21.881 GC heap after
Heap after GC invocations=102 (full 10):
 def new generation   total 314560K, used 0K [0x03e00000, 0x19350000, 0x19350000)
  eden space 279616K,   0% used [0x03e00000, 0x03e00000, 0x14f10000)
  from space 34944K,   0% used [0x17130000, 0x17130000, 0x19350000)
  to   space 34944K,   0% used [0x14f10000, 0x14f10000, 0x17130000)
 tenured generation   total 699072K, used 652084K [0x19350000, 0x43e00000, 0x43e00000)
   the space 699072K,  93% used [0x19350000, 0x4101d328, 0x4101d400, 0x43e00000)
 Metaspace       used 3551K, capacity 3598K, committed 3648K, reserved 4480K
}
Event: 22.604 GC heap before
{Heap before GC invocations=102 (full 10):
 def new generation   total 314560K, used 279616K [0x03e00000, 0x19350000, 0x19350000)
  eden space 279616K, 100% used [0x03e00000, 0x14f10000, 0x14f10000)
  from space 34944K,   0% used [0x17130000, 0x17130000, 0x19350000)
  to   space 34944K,   0% used [0x14f10000, 0x14f10000, 0x17130000)
 tenured generation   total 699072K, used 652084K [0x19350000, 0x43e00000, 0x43e00000)
   the space 699072K,  93% used [0x19350000, 0x4101d328, 0x4101d400, 0x43e00000)
 Metaspace       used 3551K, capacity 3598K, committed 3648K, reserved 4480K
Event: 24.116 GC heap after
Heap after GC invocations=103 (full 11):
 def new generation   total 314560K, used 0K [0x03e00000, 0x19350000, 0x19350000)
  eden space 279616K,   0% used [0x03e00000, 0x03e00000, 0x14f10000)
  from space 34944K,   0% used [0x17130000, 0x17130000, 0x19350000)
  to   space 34944K,   0% used [0x14f10000, 0x14f10000, 0x17130000)
 tenured generation   total 699072K, used 671889K [0x19350000, 0x43e00000, 0x43e00000)
   the space 699072K,  96% used [0x19350000, 0x423746c0, 0x42374800, 0x43e00000)
 Metaspace       used 3551K, capacity 3598K, committed 3648K, reserved 4480K
}
Event: 25.550 GC heap before
{Heap before GC invocations=103 (full 11):
 def new generation   total 314560K, used 279616K [0x03e00000, 0x19350000, 0x19350000)
  eden space 279616K, 100% used [0x03e00000, 0x14f10000, 0x14f10000)
  from space 34944K,   0% used [0x17130000, 0x17130000, 0x19350000)
  to   space 34944K,   0% used [0x14f10000, 0x14f10000, 0x17130000)
 tenured generation   total 699072K, used 671889K [0x19350000, 0x43e00000, 0x43e00000)
   the space 699072K,  96% used [0x19350000, 0x423746c0, 0x42374800, 0x43e00000)
 Metaspace       used 3551K, capacity 3598K, committed 3648K, reserved 4480K
Event: 27.434 GC heap after
Heap after GC invocations=104 (full 12):
 def new generation   total 314560K, used 0K [0x03e00000, 0x19350000, 0x19350000)
  eden space 279616K,   0% used [0x03e00000, 0x03e00000, 0x14f10000)
  from space 34944K,   0% used [0x17130000, 0x17130000, 0x19350000)
  to   space 34944K,   0% used [0x14f10000, 0x14f10000, 0x17130000)
 tenured generation   total 699072K, used 686532K [0x19350000, 0x43e00000, 0x43e00000)
   the space 699072K,  98% used [0x19350000, 0x431c1358, 0x431c1400, 0x43e00000)
 Metaspace       used 3551K, capacity 3598K, committed 3648K, reserved 4480K
}
Event: 29.412 GC heap before
{Heap before GC invocations=104 (full 12):
 def new generation   total 314560K, used 279616K [0x03e00000, 0x19350000, 0x19350000)
  eden space 279616K, 100% used [0x03e00000, 0x14f10000, 0x14f10000)
  from space 34944K,   0% used [0x17130000, 0x17130000, 0x19350000)
  to   space 34944K,   0% used [0x14f10000, 0x14f10000, 0x17130000)
 tenured generation   total 699072K, used 686532K [0x19350000, 0x43e00000, 0x43e00000)
   the space 699072K,  98% used [0x19350000, 0x431c1358, 0x431c1400, 0x43e00000)
 Metaspace       used 3551K, capacity 3598K, committed 3648K, reserved 4480K

Deoptimization events (0 events):
No events

Internal exceptions (5 events):
Event: 0.026 Thread 0x0015bc00 Exception <a 'java/lang/NoSuchMethodError': Method sun.misc.Unsafe.defineClass(Ljava/lang/String;[BII)Ljava/lang/Class; name or signature does not match> (0x03e06ea8) thrown at [C:\re\workspace\8-2-build-windows-i586-cygwin\jdk8u101\7261\hotspot\src\share\Ëçï8˚ö?
Event: 0.026 Thread 0x0015bc00 Exception <a 'java/lang/NoSuchMethodError': Method sun.misc.Unsafe.prefetchRead(Ljava/lang/Object;J)V name or signature does not match> (0x03e07178) thrown at [C:\re\workspace\8-2-build-windows-i586-cygwin\jdk8u101\7261\hotspot\src\share\vm\prims\jni.cpp, +´∑õ∂2Î?
Event: 0.850 Thread 0x44654000 Exception <a 'java/lang/ArrayIndexOutOfBoundsException': 18> (0x03e0fc50) thrown at [C:\re\workspace\8-2-build-windows-i586-cygwin\jdk8u101\7261\hotspot\src\share\vm\interpreter\interpreterRuntime.cpp, line 366]
Event: 0.850 Thread 0x44654000 Exception <a 'java/lang/ArrayIndexOutOfBoundsException': 145> (0x03e114f0) thrown at [C:\re\workspace\8-2-build-windows-i586-cygwin\jdk8u101\7261\hotspot\src\share\vm\interpreter\interpreterRuntime.cpp, line 366]
Event: 0.851 Thread 0x44654000 Exception <a 'java/lang/ArrayIndexOutOfBoundsException': 40> (0x03e125d0) thrown at [C:\re\workspace\8-2-build-windows-i586-cygwin\jdk8u101\7261\hotspot\src\share\vm\interpreter\interpreterRuntime.cpp, line 366]

Events (10 events):
Event: 27.772 Thread 0x444da000 flushing nmethod 0x01e12488
Event: 27.772 Thread 0x444da000 flushing nmethod 0x01e13708
Event: 28.838 Thread 0x444da000 flushing nmethod 0x01e371c8
Event: 28.838 Thread 0x444da000 flushing nmethod 0x01e4c3c8
Event: 28.838 Thread 0x444da000 flushing nmethod 0x01e6f0c8
Event: 28.838 Thread 0x444da000 flushing nmethod 0x01e83e88
Event: 28.838 Thread 0x444da000 flushing nmethod 0x01e95c08
Event: 28.838 Thread 0x444da000 flushing nmethod 0x01e97708
Event: 28.839 Thread 0x444da000 flushing nmethod 0x01eed2c8
Event: 29.412 Executing VM operation: GenCollectForAllocation


Dynamic libraries:
0x012a0000 - 0x012d3000 	C:\Program Files\Java\jdk1.8.0_101\bin\java.exe
0x77320000 - 0x7745c000 	C:\Windows\SYSTEM32\ntdll.dll
0x76880000 - 0x76954000 	C:\Windows\system32\kernel32.dll
0x75700000 - 0x7574a000 	C:\Windows\system32\KERNELBASE.dll
0x76dc0000 - 0x76e60000 	C:\Windows\system32\ADVAPI32.dll
0x76fa0000 - 0x7704c000 	C:\Windows\system32\msvcrt.dll
0x77480000 - 0x77499000 	C:\Windows\SYSTEM32\sechost.dll
0x76960000 - 0x76a01000 	C:\Windows\system32\RPCRT4.dll
0x76ec0000 - 0x76f89000 	C:\Windows\system32\USER32.dll
0x76620000 - 0x7666e000 	C:\Windows\system32\GDI32.dll
0x77460000 - 0x7746a000 	C:\Windows\system32\LPK.dll
0x76a10000 - 0x76aad000 	C:\Windows\system32\USP10.dll
0x74280000 - 0x7441e000 	C:\Windows\WinSxS\x86_microsoft.windows.common-controls_6595b64144ccf1df_6.0.7600.16385_none_421189da2b7fabfc\COMCTL32.dll
0x77050000 - 0x770a7000 	C:\Windows\system32\SHLWAPI.dll
0x76700000 - 0x7671f000 	C:\Windows\system32\IMM32.DLL
0x77250000 - 0x7731c000 	C:\Windows\system32\MSCTF.dll
0x64bf0000 - 0x64caf000 	C:\Program Files\Java\jdk1.8.0_101\jre\bin\msvcr100.dll
0x64820000 - 0x64bec000 	C:\Program Files\Java\jdk1.8.0_101\jre\bin\client\jvm.dll
0x70a20000 - 0x70a27000 	C:\Windows\system32\WSOCK32.dll
0x76bb0000 - 0x76be5000 	C:\Windows\system32\WS2_32.dll
0x76f90000 - 0x76f96000 	C:\Windows\system32\NSI.dll
0x70d40000 - 0x70d72000 	C:\Windows\system32\WINMM.dll
0x74970000 - 0x74979000 	C:\Windows\system32\VERSION.dll
0x77470000 - 0x77475000 	C:\Windows\system32\PSAPI.DLL
0x661e0000 - 0x661ec000 	C:\Program Files\Java\jdk1.8.0_101\jre\bin\verify.dll
0x65f80000 - 0x65fa1000 	C:\Program Files\Java\jdk1.8.0_101\jre\bin\java.dll
0x65f60000 - 0x65f73000 	C:\Program Files\Java\jdk1.8.0_101\jre\bin\zip.dll
0x759d0000 - 0x76619000 	C:\Windows\system32\SHELL32.dll
0x76720000 - 0x7687c000 	C:\Windows\system32\ole32.dll
0x75470000 - 0x7547b000 	C:\Windows\system32\profapi.dll
0x731d0000 - 0x732bb000 	C:\Windows\system32\dbghelp.dll

VM Arguments:
jvm_args: -Djava.awt.headless=true -Xmx1024M -Dfile.encoding=windows-1252 -Duser.country=US -Duser.language=en -Duser.variant 
java_command: com.android.dx.command.Main --dex --num-threads=4 --multi-dex --main-dex-list E:\SandeepProjectResources\MobipugNew\Mobipug27.10.18\MobipugSource\app\build\intermediates\multi-dex\debug\maindexlist.txt --output E:\SandeepProjectResources\MobipugNew\Mobipug27.10.18\MobipugSource\app\build\intermediates\transforms\dex\debug\folders\1000\1f\main E:\SandeepProjectResources\MobipugNew\Mobipug27.10.18\MobipugSource\app\build\intermediates\transforms\jarMerging\debug\jars\1\1f\combined.jar
java_class_path (initial): C:\Users\android-4\AppData\Local\Android\Sdk\build-tools\26.0.2\lib\dx.jar
Launcher Type: SUN_STANDARD

Environment Variables:
PATH=C:\ProgramData\Oracle\Java\javapath;C:\Windows\system32;C:\Windows;C:\Windows\System32\Wbem;C:\Windows\System32\WindowsPowerShell\v1.0\;C:\Program Files\Intel\OpenCL SDK\2.0\bin\x86;C:\Program Files\Skype\Phone\
USERNAME=android-4
OS=Windows_NT
PROCESSOR_IDENTIFIER=x86 Family 6 Model 42 Stepping 7, GenuineIntel



---------------  S Y S T E M  ---------------

OS: Windows 7 Build 7600 (6.1.7600.16385)

CPU:total 4 (2 cores per cpu, 2 threads per core) family 6 model 42 stepping 7, cmov, cx8, fxsr, mmx, sse, sse2, sse3, ssse3, sse4.1, sse4.2, popcnt, clmul, ht, tsc, tscinvbit

Memory: 4k page, physical 3578328k(121240k free), swap 24056564k(18735072k free)

vm_info: Java HotSpot(TM) Client VM (25.101-b13) for windows-x86 JRE (1.8.0_101-b13), built on Jun 22 2016 00:45:44 by "java_re" with MS VC++ 10.0 (VS2010)

time: Tue Nov 06 18:36:36 2018
elapsed time: 29 seconds (0d 0h 0m 29s)

