#
# A fatal error has been detected by the Java Runtime Environment:
#
#  EXCEPTION_ACCESS_VIOLATION (0xc0000005) at pc=0x00000000, pid=2616, tid=0x00001720
#
# JRE version: Java(TM) SE Runtime Environment (8.0_101-b13) (build 1.8.0_101-b13)
# Java VM: Java HotSpot(TM) Client VM (25.101-b13 mixed mode windows-x86 )
# Problematic frame:
# C  0x00000000
#
# Failed to write core dump. Minidumps are not enabled by default on client versions of Windows
#
# If you would like to submit a bug report, please visit:
#   http://bugreport.java.com/bugreport/crash.jsp
#

---------------  T H R E A D  ---------------

Current thread (0x443da800):  VMThread [stack: 0x03db0000,0x03e00000] [id=5920]

siginfo: ExceptionCode=0xc0000005, ExceptionInformation=0x00000008 0x00000000

Registers:
EAX=0x00000000, EBX=0x03dff730, ECX=0x44242ae0, EDX=0x00010039
ESP=0x03dff538, EBP=0x03dff558, ESI=0x00571dc4, EDI=0x00571c48
EIP=0x00000000, EFLAGS=0x00010246

Top of Stack: (sp=0x03dff538)
0x03dff538:   64e9486a 049990d8 03dff730 049990d8
0x03dff548:   00571c48 049990d8 00571c48 049990d8
0x03dff558:   03dff568 64e95570 00000000 15c00d6d
0x03dff568:   03dff584 64e9562a 049990db 03dff730
0x03dff578:   07984eac 4400d810 00571c48 03dff5a4
0x03dff588:   64ebafcc 049990d8 0799ab78 07984ea0
0x03dff598:   03dff730 4400d6d0 4400d818 03dff5c4
0x03dff5a8:   64ea518f 07984ea0 07984eb8 00571c48 

Instructions: (pc=0x00000000)
0xffffffe0:   


Register to memory mapping:

EAX=0x00000000 is an unknown value
EBX=0x03dff730 is an unknown value
ECX=0x44242ae0 is pointing into metadata
EDX=0x00010039 is an unknown value
ESP=0x03dff538 is an unknown value
EBP=0x03dff558 is an unknown value
ESI=0x00571dc4 is an unknown value
EDI=0x00571c48 is an unknown value


Stack: [0x03db0000,0x03e00000],  sp=0x03dff538,  free space=317k
VM_Operation (0x44bdeb24): GenCollectForAllocation, mode: safepoint, requested by thread 0x44586400


---------------  P R O C E S S  ---------------

Java Threads: ( => current thread )
  0x44586c00 JavaThread "pool-2-thread-4" [_thread_blocked, id=2872, stack(0x44c30000,0x44c80000)]
  0x44586400 JavaThread "pool-2-thread-3" [_thread_blocked, id=4900, stack(0x44b90000,0x44be0000)]
  0x4458ac00 JavaThread "pool-2-thread-2" [_thread_blocked, id=6012, stack(0x44ac0000,0x44b10000)]
  0x4458a400 JavaThread "pool-3-thread-1" [_thread_blocked, id=4120, stack(0x44a30000,0x44a80000)]
  0x44554800 JavaThread "pool-2-thread-1" [_thread_blocked, id=4288, stack(0x44960000,0x449b0000)]
  0x44420400 JavaThread "Service Thread" daemon [_thread_blocked, id=4324, stack(0x447c0000,0x44810000)]
  0x4442b000 JavaThread "C1 CompilerThread0" daemon [_thread_blocked, id=2032, stack(0x00d90000,0x00de0000)]
  0x4442a000 JavaThread "Attach Listener" daemon [_thread_blocked, id=4316, stack(0x445d0000,0x44620000)]
  0x44427000 JavaThread "Signal Dispatcher" daemon [_thread_blocked, id=1404, stack(0x44820000,0x44870000)]
  0x44406c00 JavaThread "Finalizer" daemon [_thread_blocked, id=5560, stack(0x03d30000,0x03d80000)]
  0x443e0400 JavaThread "Reference Handler" daemon [_thread_blocked, id=7312, stack(0x44670000,0x446c0000)]
  0x0054bc00 JavaThread "main" [_thread_blocked, id=1420, stack(0x00a60000,0x00ab0000)]

Other Threads:
=>0x443da800 VMThread [stack: 0x03db0000,0x03e00000] [id=5920]
  0x44434000 WatcherThread [stack: 0x448d0000,0x44920000] [id=1796]

VM state:at safepoint (normal execution)

VM Mutex/Monitor currently owned by a thread:  ([mutex/lock_event])
[0x0054a1d0] Threads_lock - owner thread: 0x443da800
[0x0054a5e0] Heap_lock - owner thread: 0x44586400

Heap:
 def new generation   total 68352K, used 68352K [0x03e00000, 0x08820000, 0x19350000)
  eden space 60800K, 100% used [0x03e00000, 0x07960000, 0x07960000)
  from space 7552K, 100% used [0x080c0000, 0x08820000, 0x08820000)
  to   space 7552K,   6% used [0x07960000, 0x079d8e70, 0x080c0000)
 tenured generation   total 699072K, used 96984K [0x19350000, 0x43e00000, 0x43e00000)
   the space 699072K,  13% used [0x19350000, 0x1f206028, 0x1f206200, 0x43e00000)
 Metaspace       used 3533K, capacity 3560K, committed 3648K, reserved 4480K

Card table byte_map: [0x00b80000,0x00d90000] byte_map_base: 0x00b61000

Polling page: 0x00190000

CodeCache: size=32768Kb used=3094Kb max_used=3094Kb free=29673Kb
 bounds [0x01cf0000, 0x01ff8000, 0x03cf0000]
 total_blobs=1568 nmethods=1423 adapters=75
 compilation: enabled

Compilation events (10 events):
Event: 3.084 Thread 0x4442b000 1421             java.util.concurrent.locks.AbstractQueuedSynchronizer::acquireInterruptibly (28 bytes)
Event: 3.084 Thread 0x4442b000 nmethod 1421 0x01ff4b88 code [0x01ff4cb0, 0x01ff4e20]
Event: 3.086 Thread 0x4442b000 1422             java.util.concurrent.FutureTask::set (36 bytes)
Event: 3.087 Thread 0x4442b000 nmethod 1422 0x01ff4f48 code [0x01ff5040, 0x01ff511c]
Event: 3.087 Thread 0x4442b000 1423             java.util.concurrent.FutureTask::finishCompletion (74 bytes)
Event: 3.087 Thread 0x4442b000 nmethod 1423 0x01ff5188 code [0x01ff52a0, 0x01ff540c]
Event: 3.087 Thread 0x4442b000 1424             java.util.concurrent.FutureTask::done (1 bytes)
Event: 3.087 Thread 0x4442b000 nmethod 1424 0x01ff5508 code [0x01ff5600, 0x01ff5680]
Event: 3.087 Thread 0x4442b000 1425   !         java.util.concurrent.FutureTask::run (126 bytes)
Event: 3.087 Thread 0x4442b000 nmethod 1425 0x01ff56c8 code [0x01ff5810, 0x01ff5a8c]

GC Heap History (10 events):
Event: 2.338 GC heap after
Heap after GC invocations=49 (full 4):
 def new generation   total 40640K, used 4479K [0x03e00000, 0x06a10000, 0x19350000)
  eden space 36160K,   0% used [0x03e00000, 0x03e00000, 0x06150000)
  from space 4480K,  99% used [0x06150000, 0x065afff8, 0x065b0000)
  to   space 4480K,   0% used [0x065b0000, 0x065b0000, 0x06a10000)
 tenured generation   total 90100K, used 75088K [0x19350000, 0x1eb4d000, 0x43e00000)
   the space 90100K,  83% used [0x19350000, 0x1dca41f8, 0x1dca4200, 0x1eb4d000)
 Metaspace       used 3533K, capacity 3560K, committed 3648K, reserved 4480K
}
Event: 2.405 GC heap before
{Heap before GC invocations=49 (full 4):
 def new generation   total 40640K, used 40639K [0x03e00000, 0x06a10000, 0x19350000)
  eden space 36160K, 100% used [0x03e00000, 0x06150000, 0x06150000)
  from space 4480K,  99% used [0x06150000, 0x065afff8, 0x065b0000)
  to   space 4480K,   0% used [0x065b0000, 0x065b0000, 0x06a10000)
 tenured generation   total 90100K, used 75088K [0x19350000, 0x1eb4d000, 0x43e00000)
   the space 90100K,  83% used [0x19350000, 0x1dca41f8, 0x1dca4200, 0x1eb4d000)
 Metaspace       used 3533K, capacity 3560K, committed 3648K, reserved 4480K
Event: 2.429 GC heap after
Heap after GC invocations=50 (full 4):
 def new generation   total 40640K, used 4480K [0x03e00000, 0x06a10000, 0x19350000)
  eden space 36160K,   0% used [0x03e00000, 0x03e00000, 0x06150000)
  from space 4480K, 100% used [0x065b0000, 0x06a10000, 0x06a10000)
  to   space 4480K,   0% used [0x06150000, 0x06150000, 0x065b0000)
 tenured generation   total 90100K, used 80531K [0x19350000, 0x1eb4d000, 0x43e00000)
   the space 90100K,  89% used [0x19350000, 0x1e1f4f68, 0x1e1f5000, 0x1eb4d000)
 Metaspace       used 3533K, capacity 3560K, committed 3648K, reserved 4480K
}
Event: 2.491 GC heap before
{Heap before GC invocations=50 (full 4):
 def new generation   total 40640K, used 40640K [0x03e00000, 0x06a10000, 0x19350000)
  eden space 36160K, 100% used [0x03e00000, 0x06150000, 0x06150000)
  from space 4480K, 100% used [0x065b0000, 0x06a10000, 0x06a10000)
  to   space 4480K,   0% used [0x06150000, 0x06150000, 0x065b0000)
 tenured generation   total 90100K, used 80531K [0x19350000, 0x1eb4d000, 0x43e00000)
   the space 90100K,  89% used [0x19350000, 0x1e1f4f68, 0x1e1f5000, 0x1eb4d000)
 Metaspace       used 3533K, capacity 3560K, committed 3648K, reserved 4480K
Event: 2.515 GC heap after
Heap after GC invocations=51 (full 4):
 def new generation   total 40640K, used 4480K [0x03e00000, 0x06a10000, 0x19350000)
  eden space 36160K,   0% used [0x03e00000, 0x03e00000, 0x06150000)
  from space 4480K, 100% used [0x06150000, 0x065b0000, 0x065b0000)
  to   space 4480K,   0% used [0x065b0000, 0x065b0000, 0x06a10000)
 tenured generation   total 90100K, used 85321K [0x19350000, 0x1eb4d000, 0x43e00000)
   the space 90100K,  94% used [0x19350000, 0x1e6a2518, 0x1e6a2600, 0x1eb4d000)
 Metaspace       used 3533K, capacity 3560K, committed 3648K, reserved 4480K
}
Event: 2.578 GC heap before
{Heap before GC invocations=51 (full 4):
 def new generation   total 40640K, used 40640K [0x03e00000, 0x06a10000, 0x19350000)
  eden space 36160K, 100% used [0x03e00000, 0x06150000, 0x06150000)
  from space 4480K, 100% used [0x06150000, 0x065b0000, 0x065b0000)
  to   space 4480K,   0% used [0x065b0000, 0x065b0000, 0x06a10000)
 tenured generation   total 90100K, used 85321K [0x19350000, 0x1eb4d000, 0x43e00000)
   the space 90100K,  94% used [0x19350000, 0x1e6a2518, 0x1e6a2600, 0x1eb4d000)
 Metaspace       used 3533K, capacity 3560K, committed 3648K, reserved 4480K
Event: 2.814 GC heap after
Heap after GC invocations=52 (full 5):
 def new generation   total 68352K, used 4465K [0x03e00000, 0x08820000, 0x19350000)
  eden space 60800K,   7% used [0x03e00000, 0x0425c4d8, 0x07960000)
  from space 7552K,   0% used [0x07960000, 0x07960000, 0x080c0000)
  to   space 7552K,   0% used [0x080c0000, 0x080c0000, 0x08820000)
 tenured generation   total 151660K, used 90995K [0x19350000, 0x2276b000, 0x43e00000)
   the space 151660K,  59% used [0x19350000, 0x1ec2cff0, 0x1ec2d000, 0x2276b000)
 Metaspace       used 3533K, capacity 3560K, committed 3648K, reserved 4480K
}
Event: 2.917 GC heap before
{Heap before GC invocations=52 (full 5):
 def new generation   total 68352K, used 60800K [0x03e00000, 0x08820000, 0x19350000)
  eden space 60800K, 100% used [0x03e00000, 0x07960000, 0x07960000)
  from space 7552K,   0% used [0x07960000, 0x07960000, 0x080c0000)
  to   space 7552K,   0% used [0x080c0000, 0x080c0000, 0x08820000)
 tenured generation   total 151660K, used 90995K [0x19350000, 0x2276b000, 0x43e00000)
   the space 151660K,  59% used [0x19350000, 0x1ec2cff0, 0x1ec2d000, 0x2276b000)
 Metaspace       used 3533K, capacity 3560K, committed 3648K, reserved 4480K
Event: 2.993 GC heap after
Heap after GC invocations=53 (full 5):
 def new generation   total 68352K, used 7552K [0x03e00000, 0x08820000, 0x19350000)
  eden space 60800K,   0% used [0x03e00000, 0x03e00000, 0x07960000)
  from space 7552K, 100% used [0x080c0000, 0x08820000, 0x08820000)
  to   space 7552K,   0% used [0x07960000, 0x07960000, 0x080c0000)
 tenured generation   total 151660K, used 96123K [0x19350000, 0x2276b000, 0x43e00000)
   the space 151660K,  63% used [0x19350000, 0x1f12ec40, 0x1f12ee00, 0x2276b000)
 Metaspace       used 3533K, capacity 3560K, committed 3648K, reserved 4480K
}
Event: 3.100 GC heap before
{Heap before GC invocations=53 (full 5):
 def new generation   total 68352K, used 68352K [0x03e00000, 0x08820000, 0x19350000)
  eden space 60800K, 100% used [0x03e00000, 0x07960000, 0x07960000)
  from space 7552K, 100% used [0x080c0000, 0x08820000, 0x08820000)
  to   space 7552K,   0% used [0x07960000, 0x07960000, 0x080c0000)
 tenured generation   total 151660K, used 96123K [0x19350000, 0x2276b000, 0x43e00000)
   the space 151660K,  63% used [0x19350000, 0x1f12ec40, 0x1f12ee00, 0x2276b000)
 Metaspace       used 3533K, capacity 3560K, committed 3648K, reserved 4480K

Deoptimization events (0 events):
No events

Internal exceptions (5 events):
Event: 0.025 Thread 0x0054bc00 Exception <a 'java/lang/NoSuchMethodError': Method sun.misc.Unsafe.defineClass(Ljava/lang/String;[BII)Ljava/lang/Class; name or signature does not match> (0x03e06ea8) thrown at [C:\re\workspace\8-2-build-windows-i586-cygwin\jdk8u101\7261\hotspot\src\share\]¥ðy™™?
Event: 0.025 Thread 0x0054bc00 Exception <a 'java/lang/NoSuchMethodError': Method sun.misc.Unsafe.prefetchRead(Ljava/lang/Object;J)V name or signature does not match> (0x03e07178) thrown at [C:\re\workspace\8-2-build-windows-i586-cygwin\jdk8u101\7261\hotspot\src\share\vm\prims\jni.cpp, ýÚoÅgfê?
Event: 0.825 Thread 0x44586c00 Exception <a 'java/lang/ArrayIndexOutOfBoundsException': 18> (0x042dda00) thrown at [C:\re\workspace\8-2-build-windows-i586-cygwin\jdk8u101\7261\hotspot\src\share\vm\interpreter\interpreterRuntime.cpp, line 366]
Event: 0.825 Thread 0x44586c00 Exception <a 'java/lang/ArrayIndexOutOfBoundsException': 145> (0x042df2a0) thrown at [C:\re\workspace\8-2-build-windows-i586-cygwin\jdk8u101\7261\hotspot\src\share\vm\interpreter\interpreterRuntime.cpp, line 366]
Event: 0.826 Thread 0x44586c00 Exception <a 'java/lang/ArrayIndexOutOfBoundsException': 40> (0x042e0380) thrown at [C:\re\workspace\8-2-build-windows-i586-cygwin\jdk8u101\7261\hotspot\src\share\vm\interpreter\interpreterRuntime.cpp, line 366]

Events (10 events):
Event: 2.338 Executing VM operation: GenCollectForAllocation done
Event: 2.405 Executing VM operation: GenCollectForAllocation
Event: 2.429 Executing VM operation: GenCollectForAllocation done
Event: 2.491 Executing VM operation: GenCollectForAllocation
Event: 2.515 Executing VM operation: GenCollectForAllocation done
Event: 2.578 Executing VM operation: GenCollectForAllocation
Event: 2.815 Executing VM operation: GenCollectForAllocation done
Event: 2.917 Executing VM operation: GenCollectForAllocation
Event: 2.993 Executing VM operation: GenCollectForAllocation done
Event: 3.100 Executing VM operation: GenCollectForAllocation


Dynamic libraries:
0x00de0000 - 0x00e13000 	C:\Program Files\Java\jdk1.8.0_101\bin\java.exe
0x778f0000 - 0x77a2c000 	C:\Windows\SYSTEM32\ntdll.dll
0x761c0000 - 0x76294000 	C:\Windows\system32\kernel32.dll
0x75be0000 - 0x75c2a000 	C:\Windows\system32\KERNELBASE.dll
0x75e50000 - 0x75ef0000 	C:\Windows\system32\ADVAPI32.dll
0x75da0000 - 0x75e4c000 	C:\Windows\system32\msvcrt.dll
0x77a30000 - 0x77a49000 	C:\Windows\SYSTEM32\sechost.dll
0x76500000 - 0x765a1000 	C:\Windows\system32\RPCRT4.dll
0x76080000 - 0x76149000 	C:\Windows\system32\USER32.dll
0x76af0000 - 0x76b3e000 	C:\Windows\system32\GDI32.dll
0x77a50000 - 0x77a5a000 	C:\Windows\system32\LPK.dll
0x77a80000 - 0x77b1d000 	C:\Windows\system32\USP10.dll
0x747b0000 - 0x7494e000 	C:\Windows\WinSxS\x86_microsoft.windows.common-controls_6595b64144ccf1df_6.0.7600.16385_none_421189da2b7fabfc\COMCTL32.dll
0x76150000 - 0x761a7000 	C:\Windows\system32\SHLWAPI.dll
0x765b0000 - 0x765cf000 	C:\Windows\system32\IMM32.DLL
0x75ef0000 - 0x75fbc000 	C:\Windows\system32\MSCTF.dll
0x651d0000 - 0x6528f000 	C:\Program Files\Java\jdk1.8.0_101\jre\bin\msvcr100.dll
0x64e00000 - 0x651cc000 	C:\Program Files\Java\jdk1.8.0_101\jre\bin\client\jvm.dll
0x70f60000 - 0x70f67000 	C:\Windows\system32\WSOCK32.dll
0x763e0000 - 0x76415000 	C:\Windows\system32\WS2_32.dll
0x761b0000 - 0x761b6000 	C:\Windows\system32\NSI.dll
0x71540000 - 0x71572000 	C:\Windows\system32\WINMM.dll
0x74d80000 - 0x74d89000 	C:\Windows\system32\VERSION.dll
0x77a70000 - 0x77a75000 	C:\Windows\system32\PSAPI.DLL
0x73320000 - 0x7332c000 	C:\Program Files\Java\jdk1.8.0_101\jre\bin\verify.dll
0x65560000 - 0x65581000 	C:\Program Files\Java\jdk1.8.0_101\jre\bin\java.dll
0x65540000 - 0x65553000 	C:\Program Files\Java\jdk1.8.0_101\jre\bin\zip.dll
0x76ca0000 - 0x778e9000 	C:\Windows\system32\SHELL32.dll
0x76b40000 - 0x76c9c000 	C:\Windows\system32\ole32.dll
0x75a40000 - 0x75a4b000 	C:\Windows\system32\profapi.dll
0x73760000 - 0x7384b000 	C:\Windows\system32\dbghelp.dll

VM Arguments:
jvm_args: -Djava.awt.headless=true -Xmx1024M -Dfile.encoding=windows-1252 -Duser.country=US -Duser.language=en -Duser.variant 
java_command: com.android.dx.command.Main --dex --num-threads=4 --multi-dex --main-dex-list E:\SandeepProjectResources\MobipugNew\MobipugSource\app\build\intermediates\multi-dex\debug\maindexlist.txt --output E:\SandeepProjectResources\MobipugNew\MobipugSource\app\build\intermediates\transforms\dex\debug\folders\1000\1f\main E:\SandeepProjectResources\MobipugNew\MobipugSource\app\build\intermediates\transforms\jarMerging\debug\jars\1\1f\combined.jar
java_class_path (initial): C:\Users\android-4\AppData\Local\Android\Sdk\build-tools\26.0.2\lib\dx.jar
Launcher Type: SUN_STANDARD

Environment Variables:
PATH=C:\ProgramData\Oracle\Java\javapath;C:\Windows\system32;C:\Windows;C:\Windows\System32\Wbem;C:\Windows\System32\WindowsPowerShell\v1.0\;C:\Program Files\Intel\OpenCL SDK\2.0\bin\x86;C:\Program Files\Skype\Phone\
USERNAME=android-4
OS=Windows_NT
PROCESSOR_IDENTIFIER=x86 Family 6 Model 42 Stepping 7, GenuineIntel



---------------  S Y S T E M  ---------------

OS: Windows 7 Build 7600 (6.1.7600.16385)

CPU:total 4 (2 cores per cpu, 2 threads per core) family 6 model 42 stepping 7, cmov, cx8, fxsr, mmx, sse, sse2, sse3, ssse3, sse4.1, sse4.2, popcnt, clmul, ht, tsc, tscinvbit

Memory: 4k page, physical 3578328k(475476k free), swap 24056564k(18749808k free)

vm_info: Java HotSpot(TM) Client VM (25.101-b13) for windows-x86 JRE (1.8.0_101-b13), built on Jun 22 2016 00:45:44 by "java_re" with MS VC++ 10.0 (VS2010)

time: Mon Oct 22 17:25:00 2018
elapsed time: 3 seconds (0d 0h 0m 3s)

