#
# A fatal error has been detected by the Java Runtime Environment:
#
#  EXCEPTION_ACCESS_VIOLATION (0xc0000005) at pc=0x01f8d3af, pid=5468, tid=0x000010fc
#
# JRE version: Java(TM) SE Runtime Environment (8.0_101-b13) (build 1.8.0_101-b13)
# Java VM: Java HotSpot(TM) Client VM (25.101-b13 mixed mode windows-x86 )
# Problematic frame:
# J 1913 C1 com.android.dx.dex.code.OutputFinisher.align64bits([Lcom/android/dx/dex/code/Dop;)V (247 bytes) @ 0x01f8d3af [0x01f8d2a0+0x10f]
#
# Failed to write core dump. Minidumps are not enabled by default on client versions of Windows
#
# If you would like to submit a bug report, please visit:
#   http://bugreport.java.com/bugreport/crash.jsp
#

---------------  T H R E A D  ---------------

Current thread (0x44e0c000):  JavaThread "pool-1-thread-1" [_thread_in_Java, id=4348, stack(0x45070000,0x450c0000)]

siginfo: ExceptionCode=0xc0000005, reading address 0xdf0a852b

Registers:
EAX=0x2a087b18, EBX=0x00000000, ECX=0x00000000, EDX=0x2a087b18
ESP=0x450bf070, EBP=0x450bf244, ESI=0x1925c3d8, EDI=0xdf0a8523
EIP=0x01f8d3af, EFLAGS=0x00010246

Top of Stack: (sp=0x450bf070)
0x450bf070:   00000000 00000001 0ba12f18 1bc4b920
0x450bf080:   00000000 2a087420 29b92680 29dace18
0x450bf090:   00000005 0ba13090 450bf244 01fa456c
0x450bf0a0:   28565c20 00000004 00000000 29a55e88
0x450bf0b0:   00000001 29a55e88 0ba130f0 0ba13188
0x450bf0c0:   00000000 00000000 00000000 00000000
0x450bf0d0:   00000000 1925c3d8 195a3318 00000015
0x450bf0e0:   28565bc0 2a095be8 450bf244 01fb4b18 

Instructions: (pc=0x01f8d3af)
0x01f8d38f:   40 55 2a 44 0f 85 9b 02 00 00 e9 00 00 00 00 8b
0x01f8d39f:   d0 8b 72 14 89 74 24 64 b9 00 00 00 00 8b 7e 0c
0x01f8d3af:   8b 7f 08 3b cf 0f 8d 33 01 00 00 8b d1 89 4c 24
0x01f8d3bf:   60 8b ce 90 e8 78 e9 d2 ff 83 f8 00 0f 84 12 00 


Register to memory mapping:

EAX=0x2a087b18 is an oop
com.android.dx.dex.code.CodeAddress 
 - klass: 'com/android/dx/dex/code/CodeAddress'
EBX=0x00000000 is an unknown value
ECX=0x00000000 is an unknown value
EDX=0x2a087b18 is an oop
com.android.dx.dex.code.CodeAddress 
 - klass: 'com/android/dx/dex/code/CodeAddress'
ESP=0x450bf070 is pointing into the stack for thread: 0x44e0c000
EBP=0x450bf244 is pointing into the stack for thread: 0x44e0c000
ESI=0x1925c3d8 is an oop
java.lang.String 
 - klass: 'java/lang/String'
EDI=0xdf0a8523 is an unknown value


Stack: [0x45070000,0x450c0000],  sp=0x450bf070,  free space=316k
Native frames: (J=compiled Java code, j=interpreted, Vv=VM code, C=native code)
J 1913 C1 com.android.dx.dex.code.OutputFinisher.align64bits([Lcom/android/dx/dex/code/Dop;)V (247 bytes) @ 0x01f8d3af [0x01f8d2a0+0x10f]
J 2005 C1 com.android.dx.dex.code.OutputFinisher.finishProcessingAndGetList()Lcom/android/dx/dex/code/DalvInsnList; (74 bytes) @ 0x01fb4b18 [0x01fb4ab0+0x68]
J 1998 C1 com.android.dx.dex.code.DalvCode.finishProcessingIfNecessary()V (69 bytes) @ 0x01fb2fb4 [0x01fb2f70+0x44]
J 2003 C1 com.android.dx.dex.file.CodeItem.place0(Lcom/android/dx/dex/file/Section;I)V (88 bytes) @ 0x01fb3f6c [0x01fb3e40+0x12c]
J 1891 C1 com.android.dx.dex.file.OffsettedItem.place(Lcom/android/dx/dex/file/Section;I)I (78 bytes) @ 0x01f87270 [0x01f87200+0x70]
j  com.android.dx.dex.file.MixedItemSection.placeItems()V+94
j  com.android.dx.dex.file.DexFile.toDex0(ZZ)Lcom/android/dx/util/ByteArrayAnnotatedOutput;+263
j  com.android.dx.dex.file.DexFile.toDex(Ljava/io/Writer;Z)[B+13
j  com.android.dx.command.dexer.Main.writeDex(Lcom/android/dx/dex/file/DexFile;)[B+50
j  com.android.dx.command.dexer.Main.access$3000(Lcom/android/dx/command/dexer/Main;Lcom/android/dx/dex/file/DexFile;)[B+2
j  com.android.dx.command.dexer.Main$DexWriter.call()[B+8
j  com.android.dx.command.dexer.Main$DexWriter.call()Ljava/lang/Object;+1
J 1391 C1 java.util.concurrent.FutureTask.run()V (126 bytes) @ 0x01ec98e0 [0x01ec9850+0x90]
j  java.util.concurrent.ThreadPoolExecutor.runWorker(Ljava/util/concurrent/ThreadPoolExecutor$Worker;)V+95
j  java.util.concurrent.ThreadPoolExecutor$Worker.run()V+5
j  java.lang.Thread.run()V+11
v  ~StubRoutines::call_stub
V  [jvm.dll+0x15a2e5]
V  [jvm.dll+0x21ff6e]
V  [jvm.dll+0x15a37e]
V  [jvm.dll+0x15a506]
V  [jvm.dll+0x15a577]
V  [jvm.dll+0xfe92f]
V  [jvm.dll+0x17d7dc]
V  [jvm.dll+0x17d8ca]
V  [jvm.dll+0x1c1ed6]
C  [msvcr100.dll+0x5c556]
C  [msvcr100.dll+0x5c600]
C  [kernel32.dll+0x51174]
C  [ntdll.dll+0x5b3f5]
C  [ntdll.dll+0x5b3c8]
C  0x00000000


---------------  P R O C E S S  ---------------

Java Threads: ( => current thread )
  0x445c5400 JavaThread "pool-1-thread-2" [_thread_in_Java, id=5908, stack(0x44a50000,0x44aa0000)]
=>0x44e0c000 JavaThread "pool-1-thread-1" [_thread_in_Java, id=4348, stack(0x45070000,0x450c0000)]
  0x4444e400 JavaThread "Service Thread" daemon [_thread_blocked, id=5812, stack(0x44910000,0x44960000)]
  0x4443a400 JavaThread "C1 CompilerThread0" daemon [_thread_blocked, id=5836, stack(0x44880000,0x448d0000)]
  0x44439000 JavaThread "Attach Listener" daemon [_thread_blocked, id=468, stack(0x446e0000,0x44730000)]
  0x44436000 JavaThread "Signal Dispatcher" daemon [_thread_blocked, id=2456, stack(0x447c0000,0x44810000)]
  0x44416c00 JavaThread "Finalizer" daemon [_thread_blocked, id=5496, stack(0x01850000,0x018a0000)]
  0x443f0400 JavaThread "Reference Handler" daemon [_thread_blocked, id=5500, stack(0x445d0000,0x44620000)]
  0x002bbc00 JavaThread "main" [_thread_blocked, id=1304, stack(0x018b0000,0x01900000)]

Other Threads:
  0x443ea800 VMThread [stack: 0x44670000,0x446c0000] [id=3644]
  0x44460400 WatcherThread [stack: 0x44620000,0x44670000] [id=2620]

VM state:not at safepoint (normal execution)

VM Mutex/Monitor currently owned by a thread: None

Heap:
 def new generation   total 314560K, used 129346K [0x03c00000, 0x19150000, 0x19150000)
  eden space 279616K,  46% used [0x03c00000, 0x0ba50830, 0x14d10000)
  from space 34944K,   0% used [0x14d10000, 0x14d10000, 0x16f30000)
  to   space 34944K,   0% used [0x16f30000, 0x16f30000, 0x19150000)
 tenured generation   total 699072K, used 699072K [0x19150000, 0x43c00000, 0x43c00000)
   the space 699072K, 100% used [0x19150000, 0x43c00000, 0x43c00000, 0x43c00000)
 Metaspace       used 3822K, capacity 3854K, committed 3904K, reserved 4480K

Card table byte_map: [0x43c00000,0x43e10000] byte_map_base: 0x43be2000

Polling page: 0x00190000

CodeCache: size=32768Kb used=4415Kb max_used=4415Kb free=28352Kb
 bounds [0x01bd0000, 0x02028000, 0x03bd0000]
 total_blobs=2360 nmethods=2212 adapters=78
 compilation: enabled

Compilation events (10 events):
Event: 50.582 Thread 0x4443a400 2217             com.android.dx.util.ByteArray::getBytes (39 bytes)
Event: 50.582 Thread 0x4443a400 nmethod 2217 0x02019fc8 code [0x0201a0e0, 0x0201a268]
Event: 50.585 Thread 0x4443a400 2218             com.android.dx.util.ByteArrayAnnotatedOutput::write (9 bytes)
Event: 50.585 Thread 0x4443a400 nmethod 2218 0x0201a348 code [0x0201a450, 0x0201a4ec]
Event: 50.585 Thread 0x4443a400 2219             com.android.dx.util.ByteArrayAnnotatedOutput::write (129 bytes)
Event: 50.586 Thread 0x4443a400 nmethod 2219 0x0201a588 code [0x0201a720, 0x0201ab84]
Event: 50.586 Thread 0x4443a400 2220             com.android.dx.dex.file.DebugInfoItem::writeTo0 (58 bytes)
Event: 50.587 Thread 0x4443a400 nmethod 2220 0x0201afc8 code [0x0201b1c0, 0x0201b874]
Event: 50.616 Thread 0x4443a400 2221             com.android.dx.dex.code.SwitchData::sparseCodeSize (16 bytes)
Event: 50.616 Thread 0x4443a400 nmethod 2221 0x0201c108 code [0x0201c200, 0x0201c290]

GC Heap History (10 events):
Event: 37.199 GC heap before
{Heap before GC invocations=105 (full 12):
 def new generation   total 314560K, used 279616K [0x03c00000, 0x19150000, 0x19150000)
  eden space 279616K, 100% used [0x03c00000, 0x14d10000, 0x14d10000)
  from space 34944K,   0% used [0x14d10000, 0x14d10238, 0x16f30000)
  to   space 34944K,   0% used [0x16f30000, 0x16f30000, 0x19150000)
 tenured generation   total 699072K, used 649993K [0x19150000, 0x43c00000, 0x43c00000)
   the space 699072K,  92% used [0x19150000, 0x40c124b8, 0x40c12600, 0x43c00000)
 Metaspace       used 3553K, capacity 3598K, committed 3648K, reserved 4480K
Event: 38.817 GC heap after
Heap after GC invocations=106 (full 13):
 def new generation   total 314560K, used 0K [0x03c00000, 0x19150000, 0x19150000)
  eden space 279616K,   0% used [0x03c00000, 0x03c00000, 0x14d10000)
  from space 34944K,   0% used [0x14d10000, 0x14d10000, 0x16f30000)
  to   space 34944K,   0% used [0x16f30000, 0x16f30000, 0x19150000)
 tenured generation   total 699072K, used 691694K [0x19150000, 0x43c00000, 0x43c00000)
   the space 699072K,  98% used [0x19150000, 0x434cb8c0, 0x434cba00, 0x43c00000)
 Metaspace       used 3553K, capacity 3598K, committed 3648K, reserved 4480K
}
Event: 39.727 GC heap before
{Heap before GC invocations=106 (full 13):
 def new generation   total 314560K, used 279616K [0x03c00000, 0x19150000, 0x19150000)
  eden space 279616K, 100% used [0x03c00000, 0x14d10000, 0x14d10000)
  from space 34944K,   0% used [0x14d10000, 0x14d10000, 0x16f30000)
  to   space 34944K,   0% used [0x16f30000, 0x16f30000, 0x19150000)
 tenured generation   total 699072K, used 691694K [0x19150000, 0x43c00000, 0x43c00000)
   the space 699072K,  98% used [0x19150000, 0x434cb8c0, 0x434cba00, 0x43c00000)
 Metaspace       used 3572K, capacity 3598K, committed 3648K, reserved 4480K
Event: 41.447 GC heap after
Heap after GC invocations=107 (full 14):
 def new generation   total 314560K, used 33655K [0x03c00000, 0x19150000, 0x19150000)
  eden space 279616K,  12% used [0x03c00000, 0x05cddd68, 0x14d10000)
  from space 34944K,   0% used [0x14d10000, 0x14d10000, 0x16f30000)
  to   space 34944K,   0% used [0x16f30000, 0x16f30000, 0x19150000)
 tenured generation   total 699072K, used 699072K [0x19150000, 0x43c00000, 0x43c00000)
   the space 699072K, 100% used [0x19150000, 0x43c00000, 0x43c00000, 0x43c00000)
 Metaspace       used 3572K, capacity 3598K, committed 3648K, reserved 4480K
}
Event: 42.361 GC heap before
{Heap before GC invocations=107 (full 14):
 def new generation   total 314560K, used 314559K [0x03c00000, 0x19150000, 0x19150000)
  eden space 279616K, 100% used [0x03c00000, 0x14d10000, 0x14d10000)
  from space 34944K,  99% used [0x14d10000, 0x16f2fff0, 0x16f30000)
  to   space 34944K,   0% used [0x16f30000, 0x16f30000, 0x19150000)
 tenured generation   total 699072K, used 699072K [0x19150000, 0x43c00000, 0x43c00000)
   the space 699072K, 100% used [0x19150000, 0x43c00000, 0x43c00000, 0x43c00000)
 Metaspace       used 3582K, capacity 3598K, committed 3648K, reserved 4480K
Event: 44.174 GC heap after
Heap after GC invocations=108 (full 15):
 def new generation   total 314560K, used 69778K [0x03c00000, 0x19150000, 0x19150000)
  eden space 279616K,  24% used [0x03c00000, 0x08024b30, 0x14d10000)
  from space 34944K,   0% used [0x14d10000, 0x14d10000, 0x16f30000)
  to   space 34944K,   0% used [0x16f30000, 0x16f30000, 0x19150000)
 tenured generation   total 699072K, used 699072K [0x19150000, 0x43c00000, 0x43c00000)
   the space 699072K, 100% used [0x19150000, 0x43c00000, 0x43c00000, 0x43c00000)
 Metaspace       used 3582K, capacity 3598K, committed 3648K, reserved 4480K
}
Event: 44.997 GC heap before
{Heap before GC invocations=108 (full 15):
 def new generation   total 314560K, used 314559K [0x03c00000, 0x19150000, 0x19150000)
  eden space 279616K, 100% used [0x03c00000, 0x14d10000, 0x14d10000)
  from space 34944K,  99% used [0x14d10000, 0x16f2fff8, 0x16f30000)
  to   space 34944K,   0% used [0x16f30000, 0x16f30000, 0x19150000)
 tenured generation   total 699072K, used 699072K [0x19150000, 0x43c00000, 0x43c00000)
   the space 699072K, 100% used [0x19150000, 0x43c00000, 0x43c00000, 0x43c00000)
 Metaspace       used 3582K, capacity 3598K, committed 3648K, reserved 4480K
Event: 47.286 GC heap after
Heap after GC invocations=109 (full 16):
 def new generation   total 314560K, used 90835K [0x03c00000, 0x19150000, 0x19150000)
  eden space 279616K,  32% used [0x03c00000, 0x094b4db0, 0x14d10000)
  from space 34944K,   0% used [0x14d10000, 0x14d10000, 0x16f30000)
  to   space 34944K,   0% used [0x16f30000, 0x16f30000, 0x19150000)
 tenured generation   total 699072K, used 699072K [0x19150000, 0x43c00000, 0x43c00000)
   the space 699072K, 100% used [0x19150000, 0x43c00000, 0x43c00000, 0x43c00000)
 Metaspace       used 3582K, capacity 3598K, committed 3648K, reserved 4480K
}
Event: 48.446 GC heap before
{Heap before GC invocations=109 (full 16):
 def new generation   total 314560K, used 314559K [0x03c00000, 0x19150000, 0x19150000)
  eden space 279616K, 100% used [0x03c00000, 0x14d10000, 0x14d10000)
  from space 34944K,  99% used [0x14d10000, 0x16f2fff8, 0x16f30000)
  to   space 34944K,   0% used [0x16f30000, 0x16f30000, 0x19150000)
 tenured generation   total 699072K, used 699072K [0x19150000, 0x43c00000, 0x43c00000)
   the space 699072K, 100% used [0x19150000, 0x43c00000, 0x43c00000, 0x43c00000)
 Metaspace       used 3646K, capacity 3662K, committed 3776K, reserved 4480K
Event: 50.274 GC heap after
Heap after GC invocations=110 (full 17):
 def new generation   total 314560K, used 89238K [0x03c00000, 0x19150000, 0x19150000)
  eden space 279616K,  31% used [0x03c00000, 0x093259e8, 0x14d10000)
  from space 34944K,   0% used [0x14d10000, 0x14d10000, 0x16f30000)
  to   space 34944K,   0% used [0x16f30000, 0x16f30000, 0x19150000)
 tenured generation   total 699072K, used 699072K [0x19150000, 0x43c00000, 0x43c00000)
   the space 699072K, 100% used [0x19150000, 0x43c00000, 0x43c00000, 0x43c00000)
 Metaspace       used 3646K, capacity 3662K, committed 3776K, reserved 4480K
}

Deoptimization events (0 events):
No events

Internal exceptions (5 events):
Event: 1.684 Thread 0x002bbc00 Exception <a 'java/lang/NoSuchMethodError': Method sun.misc.Unsafe.defineClass(Ljava/lang/String;[BII)Ljava/lang/Class; name or signature does not match> (0x03c06ea8) thrown at [C:\re\workspace\8-2-build-windows-i586-cygwin\jdk8u101\7261\hotspot\src\share\[Ÿß¯ðú?
Event: 1.684 Thread 0x002bbc00 Exception <a 'java/lang/NoSuchMethodError': Method sun.misc.Unsafe.prefetchRead(Ljava/lang/Object;J)V name or signature does not match> (0x03c07178) thrown at [C:\re\workspace\8-2-build-windows-i586-cygwin\jdk8u101\7261\hotspot\src\share\vm\prims\jni.cpp, ¬ta’ °@
Event: 3.711 Thread 0x445c6c00 Exception <a 'java/lang/ArrayIndexOutOfBoundsException': 18> (0x04117440) thrown at [C:\re\workspace\8-2-build-windows-i586-cygwin\jdk8u101\7261\hotspot\src\share\vm\interpreter\interpreterRuntime.cpp, line 366]
Event: 3.711 Thread 0x445c6c00 Exception <a 'java/lang/ArrayIndexOutOfBoundsException': 145> (0x04118ce0) thrown at [C:\re\workspace\8-2-build-windows-i586-cygwin\jdk8u101\7261\hotspot\src\share\vm\interpreter\interpreterRuntime.cpp, line 366]
Event: 3.712 Thread 0x445c6c00 Exception <a 'java/lang/ArrayIndexOutOfBoundsException': 40> (0x04128bb8) thrown at [C:\re\workspace\8-2-build-windows-i586-cygwin\jdk8u101\7261\hotspot\src\share\vm\interpreter\interpreterRuntime.cpp, line 366]

Events (10 events):
Event: 50.588 loading class java/security/MessageDigest
Event: 50.604 loading class java/security/MessageDigestSpi
Event: 50.604 loading class java/security/MessageDigestSpi done
Event: 50.604 loading class java/security/MessageDigest done
Event: 50.604 loading class java/security/Security
Event: 50.611 loading class java/security/Security done
Event: 50.611 loading class java/security/Security$1
Event: 50.611 loading class java/security/Security$1 done
Event: 50.648 loading class java/util/Properties$LineReader
Event: 50.659 loading class java/util/Properties$LineReader done


Dynamic libraries:
0x001d0000 - 0x00203000 	C:\Program Files\Java\jdk1.8.0_101\bin\java.exe
0x772a0000 - 0x773dc000 	C:\Windows\SYSTEM32\ntdll.dll
0x75b10000 - 0x75be4000 	C:\Windows\system32\kernel32.dll
0x75650000 - 0x7569a000 	C:\Windows\system32\KERNELBASE.dll
0x77410000 - 0x774b0000 	C:\Windows\system32\ADVAPI32.dll
0x771a0000 - 0x7724c000 	C:\Windows\system32\msvcrt.dll
0x774b0000 - 0x774c9000 	C:\Windows\SYSTEM32\sechost.dll
0x77010000 - 0x770b1000 	C:\Windows\system32\RPCRT4.dll
0x76ee0000 - 0x76fa9000 	C:\Windows\system32\USER32.dll
0x75e30000 - 0x75e7e000 	C:\Windows\system32\GDI32.dll
0x75a30000 - 0x75a3a000 	C:\Windows\system32\LPK.dll
0x77100000 - 0x7719d000 	C:\Windows\system32\USP10.dll
0x74160000 - 0x742fe000 	C:\Windows\WinSxS\x86_microsoft.windows.common-controls_6595b64144ccf1df_6.0.7600.16385_none_421189da2b7fabfc\COMCTL32.dll
0x759d0000 - 0x75a27000 	C:\Windows\system32\SHLWAPI.dll
0x773e0000 - 0x773ff000 	C:\Windows\system32\IMM32.DLL
0x75a40000 - 0x75b0c000 	C:\Windows\system32\MSCTF.dll
0x53030000 - 0x530ef000 	C:\Program Files\Java\jdk1.8.0_101\jre\bin\msvcr100.dll
0x52c60000 - 0x5302c000 	C:\Program Files\Java\jdk1.8.0_101\jre\bin\client\jvm.dll
0x70bb0000 - 0x70bb7000 	C:\Windows\system32\WSOCK32.dll
0x770c0000 - 0x770f5000 	C:\Windows\system32\WS2_32.dll
0x77400000 - 0x77406000 	C:\Windows\system32\NSI.dll
0x70b60000 - 0x70b92000 	C:\Windows\system32\WINMM.dll
0x748f0000 - 0x748f9000 	C:\Windows\system32\VERSION.dll
0x75c00000 - 0x75c05000 	C:\Windows\system32\PSAPI.DLL
0x65c60000 - 0x65c6c000 	C:\Program Files\Java\jdk1.8.0_101\jre\bin\verify.dll
0x65c30000 - 0x65c51000 	C:\Program Files\Java\jdk1.8.0_101\jre\bin\java.dll
0x65c10000 - 0x65c23000 	C:\Program Files\Java\jdk1.8.0_101\jre\bin\zip.dll
0x75f90000 - 0x76bd9000 	C:\Windows\system32\SHELL32.dll
0x75c10000 - 0x75d6c000 	C:\Windows\system32\ole32.dll
0x753f0000 - 0x753fb000 	C:\Windows\system32\profapi.dll
0x73150000 - 0x7323b000 	C:\Windows\system32\dbghelp.dll

VM Arguments:
jvm_args: -Djava.awt.headless=true -Xmx1024M -Dfile.encoding=windows-1252 -Duser.country=US -Duser.language=en -Duser.variant 
java_command: com.android.dx.command.Main --dex --num-threads=4 --multi-dex --main-dex-list E:\SandeepProjectResources\MobipugNew\Mobipug27.10.18\MobipugSource\app\build\intermediates\multi-dex\debug\maindexlist.txt --output E:\SandeepProjectResources\MobipugNew\Mobipug27.10.18\MobipugSource\app\build\intermediates\transforms\dex\debug\folders\1000\1f\main E:\SandeepProjectResources\MobipugNew\Mobipug27.10.18\MobipugSource\app\build\intermediates\transforms\jarMerging\debug\jars\1\1f\combined.jar
java_class_path (initial): C:\Users\android-4\AppData\Local\Android\Sdk\build-tools\26.0.2\lib\dx.jar
Launcher Type: SUN_STANDARD

Environment Variables:
PATH=C:\ProgramData\Oracle\Java\javapath;C:\Windows\system32;C:\Windows;C:\Windows\System32\Wbem;C:\Windows\System32\WindowsPowerShell\v1.0\;C:\Program Files\Intel\OpenCL SDK\2.0\bin\x86;C:\Program Files\Skype\Phone\
USERNAME=android-4
OS=Windows_NT
PROCESSOR_IDENTIFIER=x86 Family 6 Model 42 Stepping 7, GenuineIntel



---------------  S Y S T E M  ---------------

OS: Windows 7 Build 7600 (6.1.7600.16385)

CPU:total 4 (2 cores per cpu, 2 threads per core) family 6 model 42 stepping 7, cmov, cx8, fxsr, mmx, sse, sse2, sse3, ssse3, sse4.1, sse4.2, popcnt, clmul, ht, tsc, tscinvbit

Memory: 4k page, physical 3578328k(221348k free), swap 24056564k(18246400k free)

vm_info: Java HotSpot(TM) Client VM (25.101-b13) for windows-x86 JRE (1.8.0_101-b13), built on Jun 22 2016 00:45:44 by "java_re" with MS VC++ 10.0 (VS2010)

time: Tue Nov 13 17:24:28 2018
elapsed time: 50 seconds (0d 0h 0m 50s)

