#
# A fatal error has been detected by the Java Runtime Environment:
#
#  EXCEPTION_ACCESS_VIOLATION (0xc0000005) at pc=0xaabea000, pid=4192, tid=0x00000960
#
# JRE version: Java(TM) SE Runtime Environment (8.0_101-b13) (build 1.8.0_101-b13)
# Java VM: Java HotSpot(TM) Client VM (25.101-b13 mixed mode windows-x86 )
# Problematic frame:
# C  0xaabea000
#
# Failed to write core dump. Minidumps are not enabled by default on client versions of Windows
#
# If you would like to submit a bug report, please visit:
#   http://bugreport.java.com/bugreport/crash.jsp
#

---------------  T H R E A D  ---------------

Current thread (0x443ea800):  VMThread [stack: 0x44650000,0x446a0000] [id=2400]

siginfo: ExceptionCode=0xc0000005, ExceptionInformation=0x00000008 0xaabea000

Registers:
EAX=0x443e7890, EBX=0x4469f1c4, ECX=0x442349f0, EDX=0xaabea000
ESP=0x4469f0c4, EBP=0x4469f0e0, ESI=0x2c74bc08, EDI=0x2e4bcfa8
EIP=0xaabea000, EFLAGS=0x00010287

Top of Stack: (sp=0x4469f0c4)
0x4469f0c4:   5d7e518f 2c74bc08 4469f1c4 011e4050
0x4469f0d4:   4469f1c4 011df210 011e4170 4469f0f4
0x4469f0e4:   5d7da531 4469f1c4 011df264 00000001
0x4469f0f4:   4469f10c 5d7d8207 4469f1c4 011df210
0x4469f104:   4469f204 00000000 4469f328 5d7d41d7
0x4469f114:   00000000 4469f250 4469f1c4 011e1c88
0x4469f124:   5d7d51b4 012bffa0 011df210 011df260
0x4469f134:   5da19c54 00000000 00000063 00000004 

Instructions: (pc=0xaabea000)
0xaabe9fe0:   
[error occurred during error reporting (printing registers, top of stack, instructions near pc), id 0xc0000005]

Register to memory mapping:

EAX=0x443e7890 is an unknown value
EBX=0x4469f1c4 is an unknown value
ECX=0x442349f0 is pointing into metadata
EDX=0xaabea000 is an unknown value
ESP=0x4469f0c4 is an unknown value
EBP=0x4469f0e0 is an unknown value
ESI=0x2c74bc08 is an oop

[error occurred during error reporting (printing register info), id 0xc0000005]

Stack: [0x44650000,0x446a0000],  sp=0x4469f0c4,  free space=316k
Native frames: (J=compiled Java code, j=interpreted, Vv=VM code, C=native code)
C  0xaabea000
V  [jvm.dll+0x9a531]
V  [jvm.dll+0x98207]
V  [jvm.dll+0x941d7]
V  [jvm.dll+0x98e73]
V  [jvm.dll+0x92e25]
V  [jvm.dll+0x1b81c6]
V  [jvm.dll+0x18292b]
V  [jvm.dll+0x181d31]
V  [jvm.dll+0x182147]
V  [jvm.dll+0x182342]
V  [jvm.dll+0x1c1ed6]
C  [msvcr100.dll+0x5c556]
C  [msvcr100.dll+0x5c600]
C  [kernel32.dll+0x51174]
C  [ntdll.dll+0x5b3f5]
C  [ntdll.dll+0x5b3c8]

VM_Operation (0x4462f398): GenCollectForAllocation, mode: safepoint, requested by thread 0x4459d000


---------------  P R O C E S S  ---------------

Java Threads: ( => current thread )
  0x445cdc00 JavaThread "pool-2-thread-4" [_thread_blocked, id=1492, stack(0x45020000,0x45070000)]
  0x445cd000 JavaThread "pool-2-thread-3" [_thread_blocked, id=4780, stack(0x44900000,0x44950000)]
  0x4459e000 JavaThread "pool-2-thread-2" [_thread_blocked, id=5260, stack(0x44fa0000,0x44ff0000)]
  0x4459d800 JavaThread "pool-3-thread-1" [_thread_blocked, id=4928, stack(0x44f10000,0x44f60000)]
  0x4459d000 JavaThread "pool-2-thread-1" [_thread_blocked, id=5328, stack(0x445e0000,0x44630000)]
  0x4444c000 JavaThread "Service Thread" daemon [_thread_blocked, id=2296, stack(0x449f0000,0x44a40000)]
  0x4443a000 JavaThread "C1 CompilerThread0" daemon [_thread_blocked, id=4740, stack(0x44960000,0x449b0000)]
  0x44439000 JavaThread "Attach Listener" daemon [_thread_blocked, id=3328, stack(0x44770000,0x447c0000)]
  0x44436000 JavaThread "Signal Dispatcher" daemon [_thread_blocked, id=5716, stack(0x01830000,0x01880000)]
  0x44416c00 JavaThread "Finalizer" daemon [_thread_blocked, id=6108, stack(0x01310000,0x01360000)]
  0x443f0400 JavaThread "Reference Handler" daemon [_thread_blocked, id=4580, stack(0x017d0000,0x01820000)]
  0x012dbc00 JavaThread "main" [_thread_blocked, id=1716, stack(0x018c0000,0x01910000)]

Other Threads:
=>0x443ea800 VMThread [stack: 0x44650000,0x446a0000] [id=2400]
  0x44434000 WatcherThread [stack: 0x447e0000,0x44830000] [id=6104]

VM state:at safepoint (normal execution)

VM Mutex/Monitor currently owned by a thread:  ([mutex/lock_event])
[0x012da230] Threads_lock - owner thread: 0x443ea800
[0x012da640] Heap_lock - owner thread: 0x4459d000

Heap:
 def new generation   total 205120K, used 205120K [0x03c00000, 0x11a90000, 0x19150000)
  eden space 182336K, 100% used [0x03c00000, 0x0ee10000, 0x0ee10000)
  from space 22784K, 100% used [0x0ee10000, 0x10450000, 0x10450000)
  to   space 22784K, 100% used [0x10450000, 0x11a90000, 0x11a90000)
 tenured generation   total 455748K, used 348614K [0x19150000, 0x34e61000, 0x43c00000)
   the space 455748K,  76% used [0x19150000, 0x2e5c1bd8, 0x2e5c1c00, 0x34e61000)
 Metaspace       used 3545K, capacity 3598K, committed 3648K, reserved 4480K

Card table byte_map: [0x43c00000,0x43e10000] byte_map_base: 0x43be2000

Polling page: 0x00260000

CodeCache: size=32768Kb used=3528Kb max_used=3528Kb free=29239Kb
 bounds [0x01be0000, 0x01f58000, 0x03be0000]
 total_blobs=1844 nmethods=1697 adapters=77
 compilation: enabled

Compilation events (10 events):
Event: 9.534 Thread 0x4443a000 1695             java.lang.Class::getGenericInfo (52 bytes)
Event: 9.534 Thread 0x4443a000 nmethod 1695 0x01f51048 code [0x01f51170, 0x01f51434]
Event: 9.535 Thread 0x4443a000 1696             sun.reflect.generics.repository.ClassRepository::getSuperInterfaces (77 bytes)
Event: 9.536 Thread 0x4443a000 nmethod 1696 0x01f51788 code [0x01f518c0, 0x01f51bc8]
Event: 9.536 Thread 0x4443a000 1697             sun.reflect.generics.reflectiveObjects.ParameterizedTypeImpl::getRawType (5 bytes)
Event: 9.536 Thread 0x4443a000 nmethod 1697 0x01f51e48 code [0x01f51f40, 0x01f51fc0]
Event: 9.536 Thread 0x4443a000 1698             sun.reflect.generics.reflectiveObjects.ParameterizedTypeImpl::getRawType (5 bytes)
Event: 9.536 Thread 0x4443a000 nmethod 1698 0x01f52008 code [0x01f52100, 0x01f52180]
Event: 9.536 Thread 0x4443a000 1699             sun.reflect.generics.reflectiveObjects.ParameterizedTypeImpl::getActualTypeArguments (11 bytes)
Event: 9.536 Thread 0x4443a000 nmethod 1699 0x01f521c8 code [0x01f522d0, 0x01f523ac]

GC Heap History (10 events):
Event: 7.216 GC heap after
Heap after GC invocations=88 (full 6):
 def new generation   total 119616K, used 13247K [0x03c00000, 0x0bdc0000, 0x19150000)
  eden space 106368K,   0% used [0x03c00000, 0x03c00000, 0x0a3e0000)
  from space 13248K,  99% used [0x0b0d0000, 0x0bdbfff8, 0x0bdc0000)
  to   space 13248K,   0% used [0x0a3e0000, 0x0a3e0000, 0x0b0d0000)
 tenured generation   total 265640K, used 241506K [0x19150000, 0x294ba000, 0x43c00000)
   the space 265640K,  90% used [0x19150000, 0x27d28a78, 0x27d28c00, 0x294ba000)
 Metaspace       used 3545K, capacity 3598K, committed 3648K, reserved 4480K
}
Event: 7.404 GC heap before
{Heap before GC invocations=88 (full 6):
 def new generation   total 119616K, used 119615K [0x03c00000, 0x0bdc0000, 0x19150000)
  eden space 106368K, 100% used [0x03c00000, 0x0a3e0000, 0x0a3e0000)
  from space 13248K,  99% used [0x0b0d0000, 0x0bdbfff8, 0x0bdc0000)
  to   space 13248K,   0% used [0x0a3e0000, 0x0a3e0000, 0x0b0d0000)
 tenured generation   total 265640K, used 241506K [0x19150000, 0x294ba000, 0x43c00000)
   the space 265640K,  90% used [0x19150000, 0x27d28a78, 0x27d28c00, 0x294ba000)
 Metaspace       used 3545K, capacity 3598K, committed 3648K, reserved 4480K
Event: 7.477 GC heap after
Heap after GC invocations=89 (full 6):
 def new generation   total 119616K, used 13247K [0x03c00000, 0x0bdc0000, 0x19150000)
  eden space 106368K,   0% used [0x03c00000, 0x03c00000, 0x0a3e0000)
  from space 13248K,  99% used [0x0a3e0000, 0x0b0cfff8, 0x0b0d0000)
  to   space 13248K,   0% used [0x0b0d0000, 0x0b0d0000, 0x0bdc0000)
 tenured generation   total 265640K, used 257336K [0x19150000, 0x294ba000, 0x43c00000)
   the space 265640K,  96% used [0x19150000, 0x28c9e310, 0x28c9e400, 0x294ba000)
 Metaspace       used 3545K, capacity 3598K, committed 3648K, reserved 4480K
}
Event: 7.660 GC heap before
{Heap before GC invocations=89 (full 6):
 def new generation   total 119616K, used 119615K [0x03c00000, 0x0bdc0000, 0x19150000)
  eden space 106368K, 100% used [0x03c00000, 0x0a3e0000, 0x0a3e0000)
  from space 13248K,  99% used [0x0a3e0000, 0x0b0cfff8, 0x0b0d0000)
  to   space 13248K,   0% used [0x0b0d0000, 0x0b0d0000, 0x0bdc0000)
 tenured generation   total 265640K, used 257336K [0x19150000, 0x294ba000, 0x43c00000)
   the space 265640K,  96% used [0x19150000, 0x28c9e310, 0x28c9e400, 0x294ba000)
 Metaspace       used 3545K, capacity 3598K, committed 3648K, reserved 4480K
Event: 8.393 GC heap after
Heap after GC invocations=90 (full 7):
 def new generation   total 205120K, used 13116K [0x03c00000, 0x11a90000, 0x19150000)
  eden space 182336K,   7% used [0x03c00000, 0x048cf3d0, 0x0ee10000)
  from space 22784K,   0% used [0x0ee10000, 0x0ee10000, 0x10450000)
  to   space 22784K,   0% used [0x10450000, 0x10450000, 0x11a90000)
 tenured generation   total 455748K, used 273447K [0x19150000, 0x34e61000, 0x43c00000)
   the space 455748K,  59% used [0x19150000, 0x29c59ff8, 0x29c5a000, 0x34e61000)
 Metaspace       used 3545K, capacity 3598K, committed 3648K, reserved 4480K
}
Event: 8.691 GC heap before
{Heap before GC invocations=90 (full 7):
 def new generation   total 205120K, used 182336K [0x03c00000, 0x11a90000, 0x19150000)
  eden space 182336K, 100% used [0x03c00000, 0x0ee10000, 0x0ee10000)
  from space 22784K,   0% used [0x0ee10000, 0x0ee10000, 0x10450000)
  to   space 22784K,   0% used [0x10450000, 0x10450000, 0x11a90000)
 tenured generation   total 455748K, used 273447K [0x19150000, 0x34e61000, 0x43c00000)
   the space 455748K,  59% used [0x19150000, 0x29c59ff8, 0x29c5a000, 0x34e61000)
 Metaspace       used 3545K, capacity 3598K, committed 3648K, reserved 4480K
Event: 8.923 GC heap after
Heap after GC invocations=91 (full 7):
 def new generation   total 205120K, used 22784K [0x03c00000, 0x11a90000, 0x19150000)
  eden space 182336K,   0% used [0x03c00000, 0x03c00000, 0x0ee10000)
  from space 22784K, 100% used [0x10450000, 0x11a90000, 0x11a90000)
  to   space 22784K,   0% used [0x0ee10000, 0x0ee10000, 0x10450000)
 tenured generation   total 455748K, used 288471K [0x19150000, 0x34e61000, 0x43c00000)
   the space 455748K,  63% used [0x19150000, 0x2ab05e60, 0x2ab06000, 0x34e61000)
 Metaspace       used 3545K, capacity 3598K, committed 3648K, reserved 4480K
}
Event: 9.233 GC heap before
{Heap before GC invocations=91 (full 7):
 def new generation   total 205120K, used 205120K [0x03c00000, 0x11a90000, 0x19150000)
  eden space 182336K, 100% used [0x03c00000, 0x0ee10000, 0x0ee10000)
  from space 22784K, 100% used [0x10450000, 0x11a90000, 0x11a90000)
  to   space 22784K,   0% used [0x0ee10000, 0x0ee10000, 0x10450000)
 tenured generation   total 455748K, used 288471K [0x19150000, 0x34e61000, 0x43c00000)
   the space 455748K,  63% used [0x19150000, 0x2ab05e60, 0x2ab06000, 0x34e61000)
 Metaspace       used 3545K, capacity 3598K, committed 3648K, reserved 4480K
Event: 9.373 GC heap after
Heap after GC invocations=92 (full 7):
 def new generation   total 205120K, used 22784K [0x03c00000, 0x11a90000, 0x19150000)
  eden space 182336K,   0% used [0x03c00000, 0x03c00000, 0x0ee10000)
  from space 22784K, 100% used [0x0ee10000, 0x10450000, 0x10450000)
  to   space 22784K,   0% used [0x10450000, 0x10450000, 0x11a90000)
 tenured generation   total 455748K, used 316512K [0x19150000, 0x34e61000, 0x43c00000)
   the space 455748K,  69% used [0x19150000, 0x2c668320, 0x2c668400, 0x34e61000)
 Metaspace       used 3545K, capacity 3598K, committed 3648K, reserved 4480K
}
Event: 9.676 GC heap before
{Heap before GC invocations=92 (full 7):
 def new generation   total 205120K, used 205120K [0x03c00000, 0x11a90000, 0x19150000)
  eden space 182336K, 100% used [0x03c00000, 0x0ee10000, 0x0ee10000)
  from space 22784K, 100% used [0x0ee10000, 0x10450000, 0x10450000)
  to   space 22784K,   0% used [0x10450000, 0x10450000, 0x11a90000)
 tenured generation   total 455748K, used 316512K [0x19150000, 0x34e61000, 0x43c00000)
   the space 455748K,  69% used [0x19150000, 0x2c668320, 0x2c668400, 0x34e61000)
 Metaspace       used 3545K, capacity 3598K, committed 3648K, reserved 4480K

Deoptimization events (0 events):
No events

Internal exceptions (5 events):
Event: 0.334 Thread 0x012dbc00 Exception <a 'java/lang/NoSuchMethodError': Method sun.misc.Unsafe.defineClass(Ljava/lang/String;[BII)Ljava/lang/Class; name or signature does not match> (0x03c06ea8) thrown at [C:\re\workspace\8-2-build-windows-i586-cygwin\jdk8u101\7261\hotspot\src\share\å€5ögÕ?
Event: 0.334 Thread 0x012dbc00 Exception <a 'java/lang/NoSuchMethodError': Method sun.misc.Unsafe.prefetchRead(Ljava/lang/Object;J)V name or signature does not match> (0x03c07178) thrown at [C:\re\workspace\8-2-build-windows-i586-cygwin\jdk8u101\7261\hotspot\src\share\vm\prims\jni.cpp, …¡<vè«ÿ?
Event: 1.979 Thread 0x4459d000 Exception <a 'java/lang/ArrayIndexOutOfBoundsException': 18> (0x0404c5c0) thrown at [C:\re\workspace\8-2-build-windows-i586-cygwin\jdk8u101\7261\hotspot\src\share\vm\interpreter\interpreterRuntime.cpp, line 366]
Event: 1.980 Thread 0x4459d000 Exception <a 'java/lang/ArrayIndexOutOfBoundsException': 145> (0x0404de60) thrown at [C:\re\workspace\8-2-build-windows-i586-cygwin\jdk8u101\7261\hotspot\src\share\vm\interpreter\interpreterRuntime.cpp, line 366]
Event: 2.008 Thread 0x4459d000 Exception <a 'java/lang/ArrayIndexOutOfBoundsException': 40> (0x040b25c8) thrown at [C:\re\workspace\8-2-build-windows-i586-cygwin\jdk8u101\7261\hotspot\src\share\vm\interpreter\interpreterRuntime.cpp, line 366]

Events (10 events):
Event: 7.216 Executing VM operation: GenCollectForAllocation done
Event: 7.404 Executing VM operation: GenCollectForAllocation
Event: 7.477 Executing VM operation: GenCollectForAllocation done
Event: 7.659 Executing VM operation: GenCollectForAllocation
Event: 8.393 Executing VM operation: GenCollectForAllocation done
Event: 8.691 Executing VM operation: GenCollectForAllocation
Event: 8.923 Executing VM operation: GenCollectForAllocation done
Event: 9.233 Executing VM operation: GenCollectForAllocation
Event: 9.373 Executing VM operation: GenCollectForAllocation done
Event: 9.676 Executing VM operation: GenCollectForAllocation


Dynamic libraries:
0x01390000 - 0x013c3000 	C:\Program Files\Java\jdk1.8.0_101\bin\java.exe
0x76ec0000 - 0x76ffc000 	C:\Windows\SYSTEM32\ntdll.dll
0x76c40000 - 0x76d14000 	C:\Windows\system32\kernel32.dll
0x752c0000 - 0x7530a000 	C:\Windows\system32\KERNELBASE.dll
0x756d0000 - 0x75770000 	C:\Windows\system32\ADVAPI32.dll
0x76d20000 - 0x76dcc000 	C:\Windows\system32\msvcrt.dll
0x75680000 - 0x75699000 	C:\Windows\SYSTEM32\sechost.dll
0x76b40000 - 0x76be1000 	C:\Windows\system32\RPCRT4.dll
0x75310000 - 0x753d9000 	C:\Windows\system32\USER32.dll
0x75b70000 - 0x75bbe000 	C:\Windows\system32\GDI32.dll
0x76c20000 - 0x76c2a000 	C:\Windows\system32\LPK.dll
0x755e0000 - 0x7567d000 	C:\Windows\system32\USP10.dll
0x73d20000 - 0x73ebe000 	C:\Windows\WinSxS\x86_microsoft.windows.common-controls_6595b64144ccf1df_6.0.7600.16385_none_421189da2b7fabfc\COMCTL32.dll
0x75ad0000 - 0x75b27000 	C:\Windows\system32\SHLWAPI.dll
0x76bf0000 - 0x76c0f000 	C:\Windows\system32\IMM32.DLL
0x76810000 - 0x768dc000 	C:\Windows\system32\MSCTF.dll
0x5db10000 - 0x5dbcf000 	C:\Program Files\Java\jdk1.8.0_101\jre\bin\msvcr100.dll
0x5d740000 - 0x5db0c000 	C:\Program Files\Java\jdk1.8.0_101\jre\bin\client\jvm.dll
0x70cb0000 - 0x70cb7000 	C:\Windows\system32\WSOCK32.dll
0x75b30000 - 0x75b65000 	C:\Windows\system32\WS2_32.dll
0x76c30000 - 0x76c36000 	C:\Windows\system32\NSI.dll
0x70630000 - 0x70662000 	C:\Windows\system32\WINMM.dll
0x74510000 - 0x74519000 	C:\Windows\system32\VERSION.dll
0x76c10000 - 0x76c15000 	C:\Windows\system32\PSAPI.DLL
0x673a0000 - 0x673ac000 	C:\Program Files\Java\jdk1.8.0_101\jre\bin\verify.dll
0x66190000 - 0x661b1000 	C:\Program Files\Java\jdk1.8.0_101\jre\bin\java.dll
0x66170000 - 0x66183000 	C:\Program Files\Java\jdk1.8.0_101\jre\bin\zip.dll
0x75bc0000 - 0x76809000 	C:\Windows\system32\SHELL32.dll
0x769e0000 - 0x76b3c000 	C:\Windows\system32\ole32.dll
0x75010000 - 0x7501b000 	C:\Windows\system32\profapi.dll
0x72d70000 - 0x72e5b000 	C:\Windows\system32\dbghelp.dll

VM Arguments:
jvm_args: -Djava.awt.headless=true -Xmx1024M -Dfile.encoding=windows-1252 -Duser.country=US -Duser.language=en -Duser.variant 
java_command: com.android.dx.command.Main --dex --num-threads=4 --multi-dex --main-dex-list E:\SandeepProjectResources\MobipugNew\Mobipug27.10.18\MobipugSource\app\build\intermediates\multi-dex\debug\maindexlist.txt --output E:\SandeepProjectResources\MobipugNew\Mobipug27.10.18\MobipugSource\app\build\intermediates\transforms\dex\debug\folders\1000\1f\main E:\SandeepProjectResources\MobipugNew\Mobipug27.10.18\MobipugSource\app\build\intermediates\transforms\jarMerging\debug\jars\1\1f\combined.jar
java_class_path (initial): C:\Users\android-4\AppData\Local\Android\Sdk\build-tools\26.0.2\lib\dx.jar
Launcher Type: SUN_STANDARD

Environment Variables:
PATH=C:\ProgramData\Oracle\Java\javapath;C:\Windows\system32;C:\Windows;C:\Windows\System32\Wbem;C:\Windows\System32\WindowsPowerShell\v1.0\;C:\Program Files\Intel\OpenCL SDK\2.0\bin\x86;C:\Program Files\Skype\Phone\
USERNAME=android-4
OS=Windows_NT
PROCESSOR_IDENTIFIER=x86 Family 6 Model 42 Stepping 7, GenuineIntel



---------------  S Y S T E M  ---------------

OS: Windows 7 Build 7600 (6.1.7600.16385)

CPU:total 4 (2 cores per cpu, 2 threads per core) family 6 model 42 stepping 7, cmov, cx8, fxsr, mmx, sse, sse2, sse3, ssse3, sse4.1, sse4.2, popcnt, clmul, ht, tsc, tscinvbit

Memory: 4k page, physical 3578328k(545852k free), swap 24056564k(19608296k free)

vm_info: Java HotSpot(TM) Client VM (25.101-b13) for windows-x86 JRE (1.8.0_101-b13), built on Jun 22 2016 00:45:44 by "java_re" with MS VC++ 10.0 (VS2010)

time: Fri Nov 16 13:32:00 2018
elapsed time: 9 seconds (0d 0h 0m 9s)

