#
# A fatal error has been detected by the Java Runtime Environment:
#
#  EXCEPTION_ACCESS_VIOLATION (0xc0000005) at pc=0x0170b8f8, pid=5756, tid=0x00001740
#
# JRE version: Java(TM) SE Runtime Environment (8.0_101-b13) (build 1.8.0_101-b13)
# Java VM: Java HotSpot(TM) Client VM (25.101-b13 mixed mode windows-x86 )
# Problematic frame:
# C  0x0170b8f8
#
# Failed to write core dump. Minidumps are not enabled by default on client versions of Windows
#
# If you would like to submit a bug report, please visit:
#   http://bugreport.java.com/bugreport/crash.jsp
#

---------------  T H R E A D  ---------------

Current thread (0x4448a800):  VMThread [stack: 0x44780000,0x447d0000] [id=5952]

siginfo: ExceptionCode=0xc0000005, ExceptionInformation=0x00000008 0x0170b8f8

Registers:
EAX=0x0170b8f8, EBX=0x4465ae7c, ECX=0x4408db08, EDX=0x4408b748
ESP=0x447cf42c, EBP=0x447cf448, ESI=0x4465ae78, EDI=0x5daa94cc
EIP=0x0170b8f8, EFLAGS=0x00010202

Top of Stack: (sp=0x447cf42c)
0x447cf42c:   5d8f4db1 3184e0d8 5daa94cc 4465ae78
0x447cf43c:   4465ae7c 5daa94cc 4465ae78 447cf454
0x447cf44c:   5d8f4fac 00000003 447cf470 5d89883a
0x447cf45c:   4465ae78 44657c00 5daa94cc 00000000
0x447cf46c:   44632488 447cf658 5d8b9eef 5daa94cc
0x447cf47c:   00000002 44657c00 00000000 00000000
0x447cf48c:   00000000 00000000 447cf6e4 447cf50c
0x447cf49c:   00000012 447cf6d0 5daa94f0 447cf754 

Instructions: (pc=0x0170b8f8)
0x0170b8d8:   03 00 ff ff d6 ee f0 6e 28 29 56 00 00 00 00 00
0x0170b8e8:   03 00 ff ff 81 5c d0 0b 28 29 5a 00 00 00 00 00
0x0170b8f8:   03 00 ff ff 36 1f 69 1c 28 29 42 00 00 00 00 00
0x0170b908:   03 00 ff ff cc 20 80 39 28 29 43 00 00 00 00 00 


Register to memory mapping:

EAX=0x0170b8f8 is an unknown value
EBX=0x4465ae7c is an unknown value
ECX=0x4408db08 is pointing into metadata
EDX=0x4408b748 is pointing into metadata
ESP=0x447cf42c is an unknown value
EBP=0x447cf448 is an unknown value
ESI=0x4465ae78 is an unknown value
EDI=0x5daa94cc is an unknown value


Stack: [0x44780000,0x447d0000],  sp=0x447cf42c,  free space=317k
Native frames: (J=compiled Java code, j=interpreted, Vv=VM code, C=native code)
C  0x0170b8f8
V  [jvm.dll+0x1b4fac]
V  [jvm.dll+0x15883a]
V  [jvm.dll+0x179eef]
V  [jvm.dll+0x1789ea]
V  [jvm.dll+0x97fb0]
V  [jvm.dll+0x992a1]
V  [jvm.dll+0x9b020]
V  [jvm.dll+0x9b489]
V  [jvm.dll+0x9a27f]
V  [jvm.dll+0xa64b2]
V  [jvm.dll+0x98e73]
V  [jvm.dll+0x92e25]
V  [jvm.dll+0x1b81c6]
V  [jvm.dll+0x18292b]
V  [jvm.dll+0x181d31]
V  [jvm.dll+0x182147]
V  [jvm.dll+0x182342]
V  [jvm.dll+0x1c1ed6]
C  [msvcr100.dll+0x5c556]
C  [msvcr100.dll+0x5c600]
C  [kernel32.dll+0x51174]
C  [ntdll.dll+0x5b3f5]
C  [ntdll.dll+0x5b3c8]

VM_Operation (0x449ff0a8): GenCollectForAllocation, mode: safepoint, requested by thread 0x44657c00


---------------  P R O C E S S  ---------------

Java Threads: ( => current thread )
  0x44657c00 JavaThread "pool-2-thread-4" [_thread_blocked, id=1456, stack(0x449b0000,0x44a00000)]
  0x44659c00 JavaThread "pool-2-thread-3" [_thread_blocked, id=4524, stack(0x44bb0000,0x44c00000)]
  0x44633800 JavaThread "pool-2-thread-2" [_thread_blocked, id=1828, stack(0x44aa0000,0x44af0000)]
  0x44633400 JavaThread "pool-3-thread-1" [_thread_blocked, id=4672, stack(0x448a0000,0x448f0000)]
  0x4462e800 JavaThread "pool-2-thread-1" [_thread_blocked, id=1908, stack(0x44a10000,0x44a60000)]
  0x444cec00 JavaThread "Service Thread" daemon [_thread_blocked, id=4828, stack(0x44830000,0x44880000)]
  0x444da000 JavaThread "C1 CompilerThread0" daemon [_thread_blocked, id=384, stack(0x44960000,0x449b0000)]
  0x444d9000 JavaThread "Attach Listener" daemon [_thread_blocked, id=5552, stack(0x03d80000,0x03dd0000)]
  0x444d6000 JavaThread "Signal Dispatcher" daemon [_thread_blocked, id=2212, stack(0x44910000,0x44960000)]
  0x444b6c00 JavaThread "Finalizer" daemon [_thread_blocked, id=4852, stack(0x012d0000,0x01320000)]
  0x44490400 JavaThread "Reference Handler" daemon [_thread_blocked, id=2116, stack(0x01340000,0x01390000)]
  0x0132bc00 JavaThread "main" [_thread_blocked, id=764, stack(0x01280000,0x012d0000)]

Other Threads:
=>0x4448a800 VMThread [stack: 0x44780000,0x447d0000] [id=5952]
  0x444e4000 WatcherThread [stack: 0x011c0000,0x01210000] [id=3664]

VM state:at safepoint (normal execution)

VM Mutex/Monitor currently owned by a thread:  ([mutex/lock_event])
[0x0132a230] Threads_lock - owner thread: 0x4448a800
[0x0132a640] Heap_lock - owner thread: 0x44657c00

Heap:
 def new generation   total 219264K, used 24320K [0x03e00000, 0x12be0000, 0x19350000)
  eden space 194944K,   0% used [0x03e00000, 0x03e00000, 0x0fc60000)
  from space 24320K, 100% used [0x11420000, 0x12be0000, 0x12be0000)
  to   space 24320K,   0% used [0x0fc60000, 0x0fc60000, 0x11420000)
 tenured generation   total 505232K, used 505158K [0x19350000, 0x380b4000, 0x43e00000)
   the space 505232K,  99% used [0x19350000, 0x380a1ac8, 0x380a1c00, 0x380b4000)
 Metaspace       used 3547K, capacity 3598K, committed 3648K, reserved 4480K

Card table byte_map: [0x43e00000,0x44010000] byte_map_base: 0x43de1000

Polling page: 0x00190000

CodeCache: size=32768Kb used=3570Kb max_used=3570Kb free=29197Kb
 bounds [0x01ba0000, 0x01f20000, 0x03ba0000]
 total_blobs=1875 nmethods=1728 adapters=77
 compilation: enabled

Compilation events (10 events):
Event: 11.665 Thread 0x444da000 1726             com.android.dx.cf.direct.StdAttributeFactory::runtimeInvisibleParameterAnnotations (44 bytes)
Event: 11.665 Thread 0x444da000 nmethod 1726 0x01f1ae88 code [0x01f1afc0, 0x01f1b1d0]
Event: 11.665 Thread 0x444da000 1727             com.android.dx.dex.file.UniformListItem::writeSize (28 bytes)
Event: 11.666 Thread 0x444da000 nmethod 1727 0x01f1b388 code [0x01f1b4c0, 0x01f1b650]
Event: 11.668 Thread 0x444da000 1728             com.android.dx.dex.file.AnnotationsDirectoryItem::addParameterAnnotations (37 bytes)
Event: 11.668 Thread 0x444da000 nmethod 1728 0x01f1b7c8 code [0x01f1b8f0, 0x01f1bb58]
Event: 11.669 Thread 0x444da000 1729             com.android.dx.dex.file.UniformListItem::<init> (37 bytes)
Event: 11.669 Thread 0x444da000 nmethod 1729 0x01f1bdc8 code [0x01f1bf20, 0x01f1c1a4]
Event: 11.894 Thread 0x444da000 1730             com.android.dx.cf.code.Simulator$SimVisitor::visitSwitch (54 bytes)
Event: 11.894 Thread 0x444da000 nmethod 1730 0x01f1c488 code [0x01f1c5c0, 0x01f1c7a4]

GC Heap History (10 events):
Event: 9.782 GC heap after
Heap after GC invocations=96 (full 7):
 def new generation   total 219264K, used 179K [0x03e00000, 0x12be0000, 0x19350000)
  eden space 194944K,   0% used [0x03e00000, 0x03e00000, 0x0fc60000)
  from space 24320K,   0% used [0x0fc60000, 0x0fc8cdd8, 0x11420000)
  to   space 24320K,   0% used [0x11420000, 0x11420000, 0x12be0000)
 tenured generation   total 487056K, used 389974K [0x19350000, 0x36ef4000, 0x43e00000)
   the space 487056K,  80% used [0x19350000, 0x31025bd0, 0x31025c00, 0x36ef4000)
 Metaspace       used 3547K, capacity 3598K, committed 3648K, reserved 4480K
}
Event: 10.117 GC heap before
{Heap before GC invocations=96 (full 7):
 def new generation   total 219264K, used 195123K [0x03e00000, 0x12be0000, 0x19350000)
  eden space 194944K, 100% used [0x03e00000, 0x0fc60000, 0x0fc60000)
  from space 24320K,   0% used [0x0fc60000, 0x0fc8cdd8, 0x11420000)
  to   space 24320K,   0% used [0x11420000, 0x11420000, 0x12be0000)
 tenured generation   total 487056K, used 389974K [0x19350000, 0x36ef4000, 0x43e00000)
   the space 487056K,  80% used [0x19350000, 0x31025bd0, 0x31025c00, 0x36ef4000)
 Metaspace       used 3547K, capacity 3598K, committed 3648K, reserved 4480K
Event: 10.199 GC heap after
Heap after GC invocations=97 (full 7):
 def new generation   total 219264K, used 24320K [0x03e00000, 0x12be0000, 0x19350000)
  eden space 194944K,   0% used [0x03e00000, 0x03e00000, 0x0fc60000)
  from space 24320K, 100% used [0x11420000, 0x12be0000, 0x12be0000)
  to   space 24320K,   0% used [0x0fc60000, 0x0fc60000, 0x11420000)
 tenured generation   total 487056K, used 394117K [0x19350000, 0x36ef4000, 0x43e00000)
   the space 487056K,  80% used [0x19350000, 0x31431770, 0x31431800, 0x36ef4000)
 Metaspace       used 3547K, capacity 3598K, committed 3648K, reserved 4480K
}
Event: 10.511 GC heap before
{Heap before GC invocations=97 (full 7):
 def new generation   total 219264K, used 219264K [0x03e00000, 0x12be0000, 0x19350000)
  eden space 194944K, 100% used [0x03e00000, 0x0fc60000, 0x0fc60000)
  from space 24320K, 100% used [0x11420000, 0x12be0000, 0x12be0000)
  to   space 24320K,   0% used [0x0fc60000, 0x0fc60000, 0x11420000)
 tenured generation   total 487056K, used 394117K [0x19350000, 0x36ef4000, 0x43e00000)
   the space 487056K,  80% used [0x19350000, 0x31431770, 0x31431800, 0x36ef4000)
 Metaspace       used 3547K, capacity 3598K, committed 3648K, reserved 4480K
Event: 10.638 GC heap after
Heap after GC invocations=98 (full 7):
 def new generation   total 219264K, used 24320K [0x03e00000, 0x12be0000, 0x19350000)
  eden space 194944K,   0% used [0x03e00000, 0x03e00000, 0x0fc60000)
  from space 24320K, 100% used [0x0fc60000, 0x11420000, 0x11420000)
  to   space 24320K,   0% used [0x11420000, 0x11420000, 0x12be0000)
 tenured generation   total 487056K, used 421454K [0x19350000, 0x36ef4000, 0x43e00000)
   the space 487056K,  86% used [0x19350000, 0x32ee3b08, 0x32ee3c00, 0x36ef4000)
 Metaspace       used 3547K, capacity 3598K, committed 3648K, reserved 4480K
}
Event: 10.957 GC heap before
{Heap before GC invocations=98 (full 7):
 def new generation   total 219264K, used 219264K [0x03e00000, 0x12be0000, 0x19350000)
  eden space 194944K, 100% used [0x03e00000, 0x0fc60000, 0x0fc60000)
  from space 24320K, 100% used [0x0fc60000, 0x11420000, 0x11420000)
  to   space 24320K,   0% used [0x11420000, 0x11420000, 0x12be0000)
 tenured generation   total 487056K, used 421454K [0x19350000, 0x36ef4000, 0x43e00000)
   the space 487056K,  86% used [0x19350000, 0x32ee3b08, 0x32ee3c00, 0x36ef4000)
 Metaspace       used 3547K, capacity 3598K, committed 3648K, reserved 4480K
Event: 11.088 GC heap after
Heap after GC invocations=99 (full 7):
 def new generation   total 219264K, used 24320K [0x03e00000, 0x12be0000, 0x19350000)
  eden space 194944K,   0% used [0x03e00000, 0x03e00000, 0x0fc60000)
  from space 24320K, 100% used [0x11420000, 0x12be0000, 0x12be0000)
  to   space 24320K,   0% used [0x0fc60000, 0x0fc60000, 0x11420000)
 tenured generation   total 487056K, used 449253K [0x19350000, 0x36ef4000, 0x43e00000)
   the space 487056K,  92% used [0x19350000, 0x34a09700, 0x34a09800, 0x36ef4000)
 Metaspace       used 3547K, capacity 3598K, committed 3648K, reserved 4480K
}
Event: 11.431 GC heap before
{Heap before GC invocations=99 (full 7):
 def new generation   total 219264K, used 219264K [0x03e00000, 0x12be0000, 0x19350000)
  eden space 194944K, 100% used [0x03e00000, 0x0fc60000, 0x0fc60000)
  from space 24320K, 100% used [0x11420000, 0x12be0000, 0x12be0000)
  to   space 24320K,   0% used [0x0fc60000, 0x0fc60000, 0x11420000)
 tenured generation   total 487056K, used 449253K [0x19350000, 0x36ef4000, 0x43e00000)
   the space 487056K,  92% used [0x19350000, 0x34a09700, 0x34a09800, 0x36ef4000)
 Metaspace       used 3547K, capacity 3598K, committed 3648K, reserved 4480K
Event: 11.556 GC heap after
Heap after GC invocations=100 (full 7):
 def new generation   total 219264K, used 24320K [0x03e00000, 0x12be0000, 0x19350000)
  eden space 194944K,   0% used [0x03e00000, 0x03e00000, 0x0fc60000)
  from space 24320K, 100% used [0x0fc60000, 0x11420000, 0x11420000)
  to   space 24320K,   0% used [0x11420000, 0x11420000, 0x12be0000)
 tenured generation   total 487056K, used 473599K [0x19350000, 0x36ef4000, 0x43e00000)
   the space 487056K,  97% used [0x19350000, 0x361cfcb0, 0x361cfe00, 0x36ef4000)
 Metaspace       used 3547K, capacity 3598K, committed 3648K, reserved 4480K
}
Event: 11.909 GC heap before
{Heap before GC invocations=100 (full 7):
 def new generation   total 219264K, used 219264K [0x03e00000, 0x12be0000, 0x19350000)
  eden space 194944K, 100% used [0x03e00000, 0x0fc60000, 0x0fc60000)
  from space 24320K, 100% used [0x0fc60000, 0x11420000, 0x11420000)
  to   space 24320K,   0% used [0x11420000, 0x11420000, 0x12be0000)
 tenured generation   total 487056K, used 473599K [0x19350000, 0x36ef4000, 0x43e00000)
   the space 487056K,  97% used [0x19350000, 0x361cfcb0, 0x361cfe00, 0x36ef4000)
 Metaspace       used 3547K, capacity 3598K, committed 3648K, reserved 4480K

Deoptimization events (0 events):
No events

Internal exceptions (5 events):
Event: 0.093 Thread 0x0132bc00 Exception <a 'java/lang/NoSuchMethodError': Method sun.misc.Unsafe.defineClass(Ljava/lang/String;[BII)Ljava/lang/Class; name or signature does not match> (0x03e06ea8) thrown at [C:\re\workspace\8-2-build-windows-i586-cygwin\jdk8u101\7261\hotspot\src\share\^dþëƒÜ·?
Event: 0.093 Thread 0x0132bc00 Exception <a 'java/lang/NoSuchMethodError': Method sun.misc.Unsafe.prefetchRead(Ljava/lang/Object;J)V name or signature does not match> (0x03e07178) thrown at [C:\re\workspace\8-2-build-windows-i586-cygwin\jdk8u101\7261\hotspot\src\share\vm\prims\jni.cpp, ½yp½å"õ?
Event: 1.321 Thread 0x44659c00 Exception <a 'java/lang/ArrayIndexOutOfBoundsException': 18> (0x044ac530) thrown at [C:\re\workspace\8-2-build-windows-i586-cygwin\jdk8u101\7261\hotspot\src\share\vm\interpreter\interpreterRuntime.cpp, line 366]
Event: 1.321 Thread 0x44659c00 Exception <a 'java/lang/ArrayIndexOutOfBoundsException': 145> (0x044addd0) thrown at [C:\re\workspace\8-2-build-windows-i586-cygwin\jdk8u101\7261\hotspot\src\share\vm\interpreter\interpreterRuntime.cpp, line 366]
Event: 1.322 Thread 0x44659c00 Exception <a 'java/lang/ArrayIndexOutOfBoundsException': 40> (0x044aeeb0) thrown at [C:\re\workspace\8-2-build-windows-i586-cygwin\jdk8u101\7261\hotspot\src\share\vm\interpreter\interpreterRuntime.cpp, line 366]

Events (10 events):
Event: 9.782 Executing VM operation: GenCollectFull done
Event: 10.117 Executing VM operation: GenCollectForAllocation
Event: 10.199 Executing VM operation: GenCollectForAllocation done
Event: 10.511 Executing VM operation: GenCollectForAllocation
Event: 10.638 Executing VM operation: GenCollectForAllocation done
Event: 10.957 Executing VM operation: GenCollectForAllocation
Event: 11.088 Executing VM operation: GenCollectForAllocation done
Event: 11.431 Executing VM operation: GenCollectForAllocation
Event: 11.556 Executing VM operation: GenCollectForAllocation done
Event: 11.909 Executing VM operation: GenCollectForAllocation


Dynamic libraries:
0x01390000 - 0x013c3000 	C:\Program Files\Java\jdk1.8.0_101\bin\java.exe
0x76ec0000 - 0x76ffc000 	C:\Windows\SYSTEM32\ntdll.dll
0x76c40000 - 0x76d14000 	C:\Windows\system32\kernel32.dll
0x752c0000 - 0x7530a000 	C:\Windows\system32\KERNELBASE.dll
0x756d0000 - 0x75770000 	C:\Windows\system32\ADVAPI32.dll
0x76d20000 - 0x76dcc000 	C:\Windows\system32\msvcrt.dll
0x75680000 - 0x75699000 	C:\Windows\SYSTEM32\sechost.dll
0x76b40000 - 0x76be1000 	C:\Windows\system32\RPCRT4.dll
0x75310000 - 0x753d9000 	C:\Windows\system32\USER32.dll
0x75b70000 - 0x75bbe000 	C:\Windows\system32\GDI32.dll
0x76c20000 - 0x76c2a000 	C:\Windows\system32\LPK.dll
0x755e0000 - 0x7567d000 	C:\Windows\system32\USP10.dll
0x73d20000 - 0x73ebe000 	C:\Windows\WinSxS\x86_microsoft.windows.common-controls_6595b64144ccf1df_6.0.7600.16385_none_421189da2b7fabfc\COMCTL32.dll
0x75ad0000 - 0x75b27000 	C:\Windows\system32\SHLWAPI.dll
0x76bf0000 - 0x76c0f000 	C:\Windows\system32\IMM32.DLL
0x76810000 - 0x768dc000 	C:\Windows\system32\MSCTF.dll
0x5db10000 - 0x5dbcf000 	C:\Program Files\Java\jdk1.8.0_101\jre\bin\msvcr100.dll
0x5d740000 - 0x5db0c000 	C:\Program Files\Java\jdk1.8.0_101\jre\bin\client\jvm.dll
0x70cb0000 - 0x70cb7000 	C:\Windows\system32\WSOCK32.dll
0x75b30000 - 0x75b65000 	C:\Windows\system32\WS2_32.dll
0x76c30000 - 0x76c36000 	C:\Windows\system32\NSI.dll
0x70630000 - 0x70662000 	C:\Windows\system32\WINMM.dll
0x74510000 - 0x74519000 	C:\Windows\system32\VERSION.dll
0x76c10000 - 0x76c15000 	C:\Windows\system32\PSAPI.DLL
0x673a0000 - 0x673ac000 	C:\Program Files\Java\jdk1.8.0_101\jre\bin\verify.dll
0x66190000 - 0x661b1000 	C:\Program Files\Java\jdk1.8.0_101\jre\bin\java.dll
0x66170000 - 0x66183000 	C:\Program Files\Java\jdk1.8.0_101\jre\bin\zip.dll
0x75bc0000 - 0x76809000 	C:\Windows\system32\SHELL32.dll
0x769e0000 - 0x76b3c000 	C:\Windows\system32\ole32.dll
0x75010000 - 0x7501b000 	C:\Windows\system32\profapi.dll
0x72d70000 - 0x72e5b000 	C:\Windows\system32\dbghelp.dll

VM Arguments:
jvm_args: -Djava.awt.headless=true -Xmx1024M -Dfile.encoding=windows-1252 -Duser.country=US -Duser.language=en -Duser.variant 
java_command: com.android.dx.command.Main --dex --num-threads=4 --multi-dex --main-dex-list E:\SandeepProjectResources\MobipugNew\Mobipug27.10.18\MobipugSource\app\build\intermediates\multi-dex\debug\maindexlist.txt --output E:\SandeepProjectResources\MobipugNew\Mobipug27.10.18\MobipugSource\app\build\intermediates\transforms\dex\debug\folders\1000\1f\main E:\SandeepProjectResources\MobipugNew\Mobipug27.10.18\MobipugSource\app\build\intermediates\transforms\jarMerging\debug\jars\1\1f\combined.jar
java_class_path (initial): C:\Users\android-4\AppData\Local\Android\Sdk\build-tools\26.0.2\lib\dx.jar
Launcher Type: SUN_STANDARD

Environment Variables:
PATH=C:\ProgramData\Oracle\Java\javapath;C:\Windows\system32;C:\Windows;C:\Windows\System32\Wbem;C:\Windows\System32\WindowsPowerShell\v1.0\;C:\Program Files\Intel\OpenCL SDK\2.0\bin\x86;C:\Program Files\Skype\Phone\
USERNAME=android-4
OS=Windows_NT
PROCESSOR_IDENTIFIER=x86 Family 6 Model 42 Stepping 7, GenuineIntel



---------------  S Y S T E M  ---------------

OS: Windows 7 Build 7600 (6.1.7600.16385)

CPU:total 4 (2 cores per cpu, 2 threads per core) family 6 model 42 stepping 7, cmov, cx8, fxsr, mmx, sse, sse2, sse3, ssse3, sse4.1, sse4.2, popcnt, clmul, ht, tsc, tscinvbit

Memory: 4k page, physical 3578328k(300668k free), swap 24056564k(19486008k free)

vm_info: Java HotSpot(TM) Client VM (25.101-b13) for windows-x86 JRE (1.8.0_101-b13), built on Jun 22 2016 00:45:44 by "java_re" with MS VC++ 10.0 (VS2010)

time: Fri Nov 16 13:37:17 2018
elapsed time: 12 seconds (0d 0h 0m 12s)

