#
# A fatal error has been detected by the Java Runtime Environment:
#
#  EXCEPTION_ACCESS_VIOLATION (0xc0000005) at pc=0x01e9e96a, pid=216, tid=0x0000124c
#
# JRE version: Java(TM) SE Runtime Environment (8.0_101-b13) (build 1.8.0_101-b13)
# Java VM: Java HotSpot(TM) Client VM (25.101-b13 mixed mode windows-x86 )
# Problematic frame:
# J 1760 C1 com.android.dx.ssa.back.InterferenceGraph.add(II)V (46 bytes) @ 0x01e9e96a [0x01e9e880+0xea]
#
# Failed to write core dump. Minidumps are not enabled by default on client versions of Windows
#
# If you would like to submit a bug report, please visit:
#   http://bugreport.java.com/bugreport/crash.jsp
#

---------------  T H R E A D  ---------------

Current thread (0x445b7c00):  JavaThread "pool-2-thread-4" [_thread_in_Java, id=4684, stack(0x44cb0000,0x44d00000)]

siginfo: ExceptionCode=0xc0000005, reading address 0x00000010

Registers:
EAX=0x00000c26, EBX=0x09978dd8, ECX=0x00000000, EDX=0x09caba60
ESP=0x44cff2f0, EBP=0x44cff81c, ESI=0x00000cb8, EDI=0x00000cb8
EIP=0x01e9e96a, EFLAGS=0x00010206

Top of Stack: (sp=0x44cff2f0)
0x44cff2f0:   191caf40 08b4fd40 44cff81c 01e9d868
0x44cff300:   00000007 00000056 00000055 00001559
0x44cff310:   09dd1910 00000007 09dd1920 01c1ff98
0x44cff320:   09978dc8 00000007 44cff81c 01e9e238
0x44cff330:   09ce47c8 09978900 00000000 0992fe08
0x44cff340:   08b07168 00000065 44cff81c 01c6e178
0x44cff350:   00000cb8 09978a18 44cff81c 01c54088
0x44cff360:   82000000 04608c11 44cff81c 00000000 

Instructions: (pc=0x01e9e96a)
0x01e9e94a:   6d 00 00 00 8b 53 10 3b 72 08 0f 83 59 01 00 00
0x01e9e95a:   8b 54 b2 0c 83 fa 00 0f 84 37 00 00 00 8b 4a 04
0x01e9e96a:   81 79 10 a0 b6 27 44 0f 84 27 00 00 00 81 f9 a0
0x01e9e97a:   b6 27 44 0f 84 1b 00 00 00 51 68 a0 b6 27 44 e8 


Register to memory mapping:

EAX=0x00000c26 is an unknown value
EBX=0x09978dd8 is an oop
java.util.ArrayList 
 - klass: 'java/util/ArrayList'
ECX=0x00000000 is an unknown value
EDX=0x09caba60 is pointing into object: 0x09caba50
[I 
 - klass: {type array int}
 - length: 4
ESP=0x44cff2f0 is pointing into the stack for thread: 0x445b7c00
EBP=0x44cff81c is pointing into the stack for thread: 0x445b7c00
ESI=0x00000cb8 is an unknown value
EDI=0x00000cb8 is an unknown value


Stack: [0x44cb0000,0x44d00000],  sp=0x44cff2f0,  free space=316k
Native frames: (J=compiled Java code, j=interpreted, Vv=VM code, C=native code)
J 1760 C1 com.android.dx.ssa.back.InterferenceGraph.add(II)V (46 bytes) @ 0x01e9e96a [0x01e9e880+0xea]
J 420 C1 com.android.dx.ssa.back.LivenessAnalyzer.liveOutAtStatement()V (61 bytes) @ 0x01c6e178 [0x01c6e0c0+0xb8]
J 268 C1 com.android.dx.ssa.back.LivenessAnalyzer.handleTailRecursion()V (94 bytes) @ 0x01c2913c [0x01c29080+0xbc]
J 412 C1 com.android.dx.ssa.back.LivenessAnalyzer.run()V (231 bytes) @ 0x01c6b634 [0x01c6b3a0+0x294]
J 641 C1 com.android.dx.ssa.back.LivenessAnalyzer.constructInterferenceGraph(Lcom/android/dx/ssa/SsaMethod;)Lcom/android/dx/ssa/back/InterferenceGraph; (47 bytes) @ 0x01cea7fc [0x01cea730+0xcc]
J 1188 C1 com.android.dx.ssa.Optimizer.optimize(Lcom/android/dx/rop/code/RopMethod;IZZLcom/android/dx/rop/code/TranslationAdvice;Ljava/util/EnumSet;)Lcom/android/dx/rop/code/RopMethod; (67 bytes) @ 0x01dc8910 [0x01dc8860+0xb0]
J 1064 C1 com.android.dx.dex.cf.CfTranslator.processMethods(Lcom/android/dx/command/dexer/DxContext;Lcom/android/dx/cf/direct/DirectClassFile;Lcom/android/dx/dex/cf/CfOptions;Lcom/android/dx/dex/DexOptions;Lcom/android/dx/dex/file/ClassDefItem;Lcom/android/dx/dex/file/DexFile;)V (597 bytes) @ 0x01d915c8 [0x01d90f80+0x648]
J 250 C1 com.android.dx.dex.cf.CfTranslator.translate0(Lcom/android/dx/command/dexer/DxContext;Lcom/android/dx/cf/direct/DirectClassFile;[BLcom/android/dx/dex/cf/CfOptions;Lcom/android/dx/dex/DexOptions;Lcom/android/dx/dex/file/DexFile;)Lcom/android/dx/dex/file/ClassDefItem; (416 bytes) @ 0x01c21d68 [0x01c21ab0+0x2b8]
J 1585 C1 com.android.dx.dex.cf.CfTranslator.translate(Lcom/android/dx/command/dexer/DxContext;Lcom/android/dx/cf/direct/DirectClassFile;[BLcom/android/dx/dex/cf/CfOptions;Lcom/android/dx/dex/DexOptions;Lcom/android/dx/dex/file/DexFile;)Lcom/android/dx/dex/file/ClassDefItem; (46 bytes) @ 0x01e505f8 [0x01e505c0+0x38]
J 1584 C1 com.android.dx.command.dexer.Main.translateClass([BLcom/android/dx/cf/direct/DirectClassFile;)Lcom/android/dx/dex/file/ClassDefItem; (86 bytes) @ 0x01e4fea4 [0x01e4fe50+0x54]
J 1581 C1 com.android.dx.command.dexer.Main$ClassTranslatorTask.call()Ljava/lang/Object; (5 bytes) @ 0x01e4f740 [0x01e4f710+0x30]
J 1403 C1 java.util.concurrent.FutureTask.run()V (126 bytes) @ 0x01e0cd20 [0x01e0cc90+0x90]
j  java.util.concurrent.ThreadPoolExecutor.runWorker(Ljava/util/concurrent/ThreadPoolExecutor$Worker;)V+95
j  java.util.concurrent.ThreadPoolExecutor$Worker.run()V+5
j  java.lang.Thread.run()V+11
v  ~StubRoutines::call_stub
V  [jvm.dll+0x15a2e5]
V  [jvm.dll+0x21ff6e]
V  [jvm.dll+0x15a37e]
V  [jvm.dll+0x15a506]
V  [jvm.dll+0x15a577]
V  [jvm.dll+0xfe92f]
V  [jvm.dll+0x17d7dc]
V  [jvm.dll+0x17d8ca]
V  [jvm.dll+0x1c1ed6]
C  [msvcr100.dll+0x5c556]
C  [msvcr100.dll+0x5c600]
C  [kernel32.dll+0x51174]
C  [ntdll.dll+0x5b3f5]
C  [ntdll.dll+0x5b3c8]
C  0x00000000


---------------  P R O C E S S  ---------------

Java Threads: ( => current thread )
=>0x445b7c00 JavaThread "pool-2-thread-4" [_thread_in_Java, id=4684, stack(0x44cb0000,0x44d00000)]
  0x445bb000 JavaThread "pool-2-thread-3" [_thread_blocked, id=3908, stack(0x447f0000,0x44840000)]
  0x445bc400 JavaThread "pool-2-thread-2" [_thread_blocked, id=5768, stack(0x44a00000,0x44a50000)]
  0x445bc000 JavaThread "pool-3-thread-1" [_thread_blocked, id=1180, stack(0x44be0000,0x44c30000)]
  0x44588000 JavaThread "pool-2-thread-1" [_thread_blocked, id=4232, stack(0x44b50000,0x44ba0000)]
  0x44431c00 JavaThread "Service Thread" daemon [_thread_blocked, id=2468, stack(0x44970000,0x449c0000)]
  0x44439c00 JavaThread "C1 CompilerThread0" daemon [_thread_blocked, id=3956, stack(0x448a0000,0x448f0000)]
  0x44439000 JavaThread "Attach Listener" daemon [_thread_blocked, id=3404, stack(0x44720000,0x44770000)]
  0x44436000 JavaThread "Signal Dispatcher" daemon [_thread_blocked, id=4176, stack(0x44920000,0x44970000)]
  0x44416c00 JavaThread "Finalizer" daemon [_thread_blocked, id=5352, stack(0x44780000,0x447d0000)]
  0x443f0400 JavaThread "Reference Handler" daemon [_thread_blocked, id=5636, stack(0x03b70000,0x03bc0000)]
  0x0070bc00 JavaThread "main" [_thread_blocked, id=2920, stack(0x017f0000,0x01840000)]

Other Threads:
  0x443ea800 VMThread [stack: 0x445e0000,0x44630000] [id=6124]
  0x44433800 WatcherThread [stack: 0x44a90000,0x44ae0000] [id=3972]

VM state:synchronizing (normal execution)

VM Mutex/Monitor currently owned by a thread:  ([mutex/lock_event])
[0x0070a1c8] Safepoint_lock - owner thread: 0x443ea800
[0x0070a230] Threads_lock - owner thread: 0x443ea800

Heap:
 def new generation   total 314560K, used 174596K [0x03c00000, 0x19150000, 0x19150000)
  eden space 279616K,  49% used [0x03c00000, 0x0c461298, 0x14d10000)
  from space 34944K,  99% used [0x16f30000, 0x1914fff8, 0x19150000)
  to   space 34944K,   0% used [0x14d10000, 0x14d10000, 0x16f30000)
 tenured generation   total 699072K, used 634798K [0x19150000, 0x43c00000, 0x43c00000)
   the space 699072K,  90% used [0x19150000, 0x3fd3b830, 0x3fd3ba00, 0x43c00000)
 Metaspace       used 3550K, capacity 3598K, committed 3648K, reserved 4480K

Card table byte_map: [0x43c00000,0x43e10000] byte_map_base: 0x43be2000

Polling page: 0x00150000

CodeCache: size=32768Kb used=3676Kb max_used=3676Kb free=29091Kb
 bounds [0x01b10000, 0x01ea8000, 0x03b10000]
 total_blobs=1912 nmethods=1765 adapters=77
 compilation: enabled

Compilation events (10 events):
Event: 14.622 Thread 0x44439c00 1763             com.android.dx.ssa.InterferenceRegisterMapper::interferes (78 bytes)
Event: 14.622 Thread 0x44439c00 nmethod 1763 0x01ea0748 code [0x01ea0890, 0x01ea0afc]
Event: 14.704 Thread 0x44439c00 1764             com.android.dx.ssa.SsaConverter::placePhiFunctions (394 bytes)
Event: 14.706 Thread 0x44439c00 nmethod 1764 0x01ea0d88 code [0x01ea10c0, 0x01ea2088]
Event: 14.817 Thread 0x44439c00 1765             com.android.dx.ssa.back.RegisterAllocator::insertMoveBefore (240 bytes)
Event: 14.819 Thread 0x44439c00 nmethod 1765 0x01ea42c8 code [0x01ea4570, 0x01ea50bc]
Event: 14.845 Thread 0x44439c00 1766             com.android.dx.util.Bits::bitCount (29 bytes)
Event: 14.845 Thread 0x44439c00 nmethod 1766 0x01ea6508 code [0x01ea6610, 0x01ea66ec]
Event: 14.943 Thread 0x44439c00 1767             com.android.dx.ssa.back.FirstFitLocalCombiningAllocator::ssaSetToSpecs (57 bytes)
Event: 14.944 Thread 0x44439c00 nmethod 1767 0x01ea67c8 code [0x01ea6960, 0x01ea6d4c]

GC Heap History (10 events):
Event: 10.189 GC heap before
{Heap before GC invocations=95 (full 7):
 def new generation   total 201600K, used 201599K [0x03c00000, 0x116c0000, 0x19150000)
  eden space 179200K, 100% used [0x03c00000, 0x0eb00000, 0x0eb00000)
  from space 22400K,  99% used [0x0eb00000, 0x100dfff8, 0x100e0000)
  to   space 22400K,   0% used [0x100e0000, 0x100e0000, 0x116c0000)
 tenured generation   total 447916K, used 415363K [0x19150000, 0x346bb000, 0x43c00000)
   the space 447916K,  92% used [0x19150000, 0x326f0d78, 0x326f0e00, 0x346bb000)
 Metaspace       used 3546K, capacity 3598K, committed 3648K, reserved 4480K
Event: 10.304 GC heap after
Heap after GC invocations=96 (full 7):
 def new generation   total 201600K, used 22400K [0x03c00000, 0x116c0000, 0x19150000)
  eden space 179200K,   0% used [0x03c00000, 0x03c00000, 0x0eb00000)
  from space 22400K, 100% used [0x100e0000, 0x116c0000, 0x116c0000)
  to   space 22400K,   0% used [0x0eb00000, 0x0eb00000, 0x100e0000)
 tenured generation   total 447916K, used 439555K [0x19150000, 0x346bb000, 0x43c00000)
   the space 447916K,  98% used [0x19150000, 0x33e90f60, 0x33e91000, 0x346bb000)
 Metaspace       used 3546K, capacity 3598K, committed 3648K, reserved 4480K
}
Event: 10.612 GC heap before
{Heap before GC invocations=96 (full 7):
 def new generation   total 201600K, used 201600K [0x03c00000, 0x116c0000, 0x19150000)
  eden space 179200K, 100% used [0x03c00000, 0x0eb00000, 0x0eb00000)
  from space 22400K, 100% used [0x100e0000, 0x116c0000, 0x116c0000)
  to   space 22400K,   0% used [0x0eb00000, 0x0eb00000, 0x100e0000)
 tenured generation   total 447916K, used 439555K [0x19150000, 0x346bb000, 0x43c00000)
   the space 447916K,  98% used [0x19150000, 0x33e90f60, 0x33e91000, 0x346bb000)
 Metaspace       used 3546K, capacity 3598K, committed 3648K, reserved 4480K
Event: 12.107 GC heap after
Heap after GC invocations=97 (full 8):
 def new generation   total 314560K, used 3294K [0x03c00000, 0x19150000, 0x19150000)
  eden space 279616K,   1% used [0x03c00000, 0x03f378b8, 0x14d10000)
  from space 34944K,   0% used [0x14d10000, 0x14d10000, 0x16f30000)
  to   space 34944K,   0% used [0x16f30000, 0x16f30000, 0x19150000)
 tenured generation   total 699072K, used 462508K [0x19150000, 0x43c00000, 0x43c00000)
   the space 699072K,  66% used [0x19150000, 0x354fb000, 0x354fb000, 0x43c00000)
 Metaspace       used 3546K, capacity 3598K, committed 3648K, reserved 4480K
}
Event: 12.585 GC heap before
{Heap before GC invocations=97 (full 8):
 def new generation   total 314560K, used 279616K [0x03c00000, 0x19150000, 0x19150000)
  eden space 279616K, 100% used [0x03c00000, 0x14d10000, 0x14d10000)
  from space 34944K,   0% used [0x14d10000, 0x14d10000, 0x16f30000)
  to   space 34944K,   0% used [0x16f30000, 0x16f30000, 0x19150000)
 tenured generation   total 699072K, used 462508K [0x19150000, 0x43c00000, 0x43c00000)
   the space 699072K,  66% used [0x19150000, 0x354fb000, 0x354fb000, 0x43c00000)
 Metaspace       used 3546K, capacity 3598K, committed 3648K, reserved 4480K
Event: 12.946 GC heap after
Heap after GC invocations=98 (full 8):
 def new generation   total 314560K, used 34944K [0x03c00000, 0x19150000, 0x19150000)
  eden space 279616K,   0% used [0x03c00000, 0x03c00000, 0x14d10000)
  from space 34944K, 100% used [0x16f30000, 0x19150000, 0x19150000)
  to   space 34944K,   0% used [0x14d10000, 0x14d10000, 0x16f30000)
 tenured generation   total 699072K, used 473330K [0x19150000, 0x43c00000, 0x43c00000)
   the space 699072K,  67% used [0x19150000, 0x35f8cb20, 0x35f8cc00, 0x43c00000)
 Metaspace       used 3546K, capacity 3598K, committed 3648K, reserved 4480K
}
Event: 14.160 GC heap before
{Heap before GC invocations=98 (full 8):
 def new generation   total 314560K, used 314560K [0x03c00000, 0x19150000, 0x19150000)
  eden space 279616K, 100% used [0x03c00000, 0x14d10000, 0x14d10000)
  from space 34944K, 100% used [0x16f30000, 0x19150000, 0x19150000)
  to   space 34944K,   0% used [0x14d10000, 0x14d10000, 0x16f30000)
 tenured generation   total 699072K, used 473330K [0x19150000, 0x43c00000, 0x43c00000)
   the space 699072K,  67% used [0x19150000, 0x35f8cb20, 0x35f8cc00, 0x43c00000)
 Metaspace       used 3546K, capacity 3598K, committed 3648K, reserved 4480K
Event: 14.403 GC heap after
Heap after GC invocations=99 (full 8):
 def new generation   total 314560K, used 34943K [0x03c00000, 0x19150000, 0x19150000)
  eden space 279616K,   0% used [0x03c00000, 0x03c00000, 0x14d10000)
  from space 34944K,  99% used [0x14d10000, 0x16f2fff8, 0x16f30000)
  to   space 34944K,   0% used [0x16f30000, 0x16f30000, 0x19150000)
 tenured generation   total 699072K, used 568239K [0x19150000, 0x43c00000, 0x43c00000)
   the space 699072K,  81% used [0x19150000, 0x3bc3bf30, 0x3bc3c000, 0x43c00000)
 Metaspace       used 3546K, capacity 3598K, committed 3648K, reserved 4480K
}
Event: 15.551 GC heap before
{Heap before GC invocations=99 (full 8):
 def new generation   total 314560K, used 314559K [0x03c00000, 0x19150000, 0x19150000)
  eden space 279616K, 100% used [0x03c00000, 0x14d10000, 0x14d10000)
  from space 34944K,  99% used [0x14d10000, 0x16f2fff8, 0x16f30000)
  to   space 34944K,   0% used [0x16f30000, 0x16f30000, 0x19150000)
 tenured generation   total 699072K, used 568239K [0x19150000, 0x43c00000, 0x43c00000)
   the space 699072K,  81% used [0x19150000, 0x3bc3bf30, 0x3bc3c000, 0x43c00000)
 Metaspace       used 3550K, capacity 3598K, committed 3648K, reserved 4480K
Event: 15.718 GC heap after
Heap after GC invocations=100 (full 8):
 def new generation   total 314560K, used 34943K [0x03c00000, 0x19150000, 0x19150000)
  eden space 279616K,   0% used [0x03c00000, 0x03c00000, 0x14d10000)
  from space 34944K,  99% used [0x16f30000, 0x1914fff8, 0x19150000)
  to   space 34944K,   0% used [0x14d10000, 0x14d10000, 0x16f30000)
 tenured generation   total 699072K, used 634798K [0x19150000, 0x43c00000, 0x43c00000)
   the space 699072K,  90% used [0x19150000, 0x3fd3b830, 0x3fd3ba00, 0x43c00000)
 Metaspace       used 3550K, capacity 3598K, committed 3648K, reserved 4480K
}

Deoptimization events (0 events):
No events

Internal exceptions (6 events):
Event: 0.036 Thread 0x0070bc00 Exception <a 'java/lang/NoSuchMethodError': Method sun.misc.Unsafe.defineClass(Ljava/lang/String;[BII)Ljava/lang/Class; name or signature does not match> (0x03c06ea8) thrown at [C:\re\workspace\8-2-build-windows-i586-cygwin\jdk8u101\7261\hotspot\src\share\±”ÿÀ©¢?
Event: 0.036 Thread 0x0070bc00 Exception <a 'java/lang/NoSuchMethodError': Method sun.misc.Unsafe.prefetchRead(Ljava/lang/Object;J)V name or signature does not match> (0x03c07178) thrown at [C:\re\workspace\8-2-build-windows-i586-cygwin\jdk8u101\7261\hotspot\src\share\vm\prims\jni.cpp, 3»÷M{Ï?
Event: 0.890 Thread 0x445b7c00 Exception <a 'java/lang/ArrayIndexOutOfBoundsException': 18> (0x03ca7da0) thrown at [C:\re\workspace\8-2-build-windows-i586-cygwin\jdk8u101\7261\hotspot\src\share\vm\interpreter\interpreterRuntime.cpp, line 366]
Event: 0.890 Thread 0x445b7c00 Exception <a 'java/lang/ArrayIndexOutOfBoundsException': 145> (0x03ca9640) thrown at [C:\re\workspace\8-2-build-windows-i586-cygwin\jdk8u101\7261\hotspot\src\share\vm\interpreter\interpreterRuntime.cpp, line 366]
Event: 0.891 Thread 0x445b7c00 Exception <a 'java/lang/ArrayIndexOutOfBoundsException': 40> (0x03d156c8) thrown at [C:\re\workspace\8-2-build-windows-i586-cygwin\jdk8u101\7261\hotspot\src\share\vm\interpreter\interpreterRuntime.cpp, line 366]
Event: 15.961 Thread 0x445b7c00 Implicit null exception at 0x01e9e96a to 0x00000000

Events (10 events):
Event: 14.477 Executing VM operation: RevokeBias
Event: 14.477 Executing VM operation: RevokeBias done
Event: 14.477 Executing VM operation: Deoptimize
Event: 14.477 Executing VM operation: Deoptimize done
Event: 14.477 Thread 0x445bc400 DEOPT PACKING pc=0x01e95878 sp=0x44a4f530
Event: 14.477 Thread 0x0070bc00 DEOPT PACKING pc=0x01e95878 sp=0x0183eb70
Event: 14.477 Thread 0x445bc400 DEOPT UNPACKING pc=0x01b4c5db sp=0x44a4f498 mode 0
Event: 14.477 Thread 0x0070bc00 DEOPT UNPACKING pc=0x01b4c5db sp=0x0183ead8 mode 0
Event: 15.551 Executing VM operation: GenCollectForAllocation
Event: 15.718 Executing VM operation: GenCollectForAllocation done


Dynamic libraries:
0x00820000 - 0x00853000 	C:\Program Files\Java\jdk1.8.0_101\bin\java.exe
0x77610000 - 0x7774c000 	C:\Windows\SYSTEM32\ntdll.dll
0x76310000 - 0x763e4000 	C:\Windows\system32\kernel32.dll
0x75a10000 - 0x75a5a000 	C:\Windows\system32\KERNELBASE.dll
0x75a60000 - 0x75b00000 	C:\Windows\system32\ADVAPI32.dll
0x76730000 - 0x767dc000 	C:\Windows\system32\msvcrt.dll
0x767e0000 - 0x767f9000 	C:\Windows\SYSTEM32\sechost.dll
0x76500000 - 0x765a1000 	C:\Windows\system32\RPCRT4.dll
0x77760000 - 0x77829000 	C:\Windows\system32\USER32.dll
0x762c0000 - 0x7630e000 	C:\Windows\system32\GDI32.dll
0x75dd0000 - 0x75dda000 	C:\Windows\system32\LPK.dll
0x76110000 - 0x761ad000 	C:\Windows\system32\USP10.dll
0x741d0000 - 0x7436e000 	C:\Windows\WinSxS\x86_microsoft.windows.common-controls_6595b64144ccf1df_6.0.7600.16385_none_421189da2b7fabfc\COMCTL32.dll
0x763f0000 - 0x76447000 	C:\Windows\system32\SHLWAPI.dll
0x764e0000 - 0x764ff000 	C:\Windows\system32\IMM32.DLL
0x75b00000 - 0x75bcc000 	C:\Windows\system32\MSCTF.dll
0x52b10000 - 0x52bcf000 	C:\Program Files\Java\jdk1.8.0_101\jre\bin\msvcr100.dll
0x52740000 - 0x52b0c000 	C:\Program Files\Java\jdk1.8.0_101\jre\bin\client\jvm.dll
0x70d00000 - 0x70d07000 	C:\Windows\system32\WSOCK32.dll
0x766f0000 - 0x76725000 	C:\Windows\system32\WS2_32.dll
0x77750000 - 0x77756000 	C:\Windows\system32\NSI.dll
0x70de0000 - 0x70e12000 	C:\Windows\system32\WINMM.dll
0x74c60000 - 0x74c69000 	C:\Windows\system32\VERSION.dll
0x77830000 - 0x77835000 	C:\Windows\system32\PSAPI.DLL
0x60b30000 - 0x60b3c000 	C:\Program Files\Java\jdk1.8.0_101\jre\bin\verify.dll
0x60b00000 - 0x60b21000 	C:\Program Files\Java\jdk1.8.0_101\jre\bin\java.dll
0x60ae0000 - 0x60af3000 	C:\Program Files\Java\jdk1.8.0_101\jre\bin\zip.dll
0x769c0000 - 0x77609000 	C:\Windows\system32\SHELL32.dll
0x76800000 - 0x7695c000 	C:\Windows\system32\ole32.dll
0x75760000 - 0x7576b000 	C:\Windows\system32\profapi.dll
0x73430000 - 0x7351b000 	C:\Windows\system32\dbghelp.dll

VM Arguments:
jvm_args: -Djava.awt.headless=true -Xmx1024M -Dfile.encoding=windows-1252 -Duser.country=US -Duser.language=en -Duser.variant 
java_command: com.android.dx.command.Main --dex --num-threads=4 --multi-dex --main-dex-list E:\SandeepProjectResources\MobipugNew\Mobipug27.10.18\MobipugSource\app\build\intermediates\multi-dex\debug\maindexlist.txt --output E:\SandeepProjectResources\MobipugNew\Mobipug27.10.18\MobipugSource\app\build\intermediates\transforms\dex\debug\folders\1000\1f\main E:\SandeepProjectResources\MobipugNew\Mobipug27.10.18\MobipugSource\app\build\intermediates\transforms\jarMerging\debug\jars\1\1f\combined.jar
java_class_path (initial): C:\Users\android-4\AppData\Local\Android\Sdk\build-tools\26.0.2\lib\dx.jar
Launcher Type: SUN_STANDARD

Environment Variables:
PATH=C:\ProgramData\Oracle\Java\javapath;C:\Windows\system32;C:\Windows;C:\Windows\System32\Wbem;C:\Windows\System32\WindowsPowerShell\v1.0\;C:\Program Files\Intel\OpenCL SDK\2.0\bin\x86;C:\Program Files\Skype\Phone\
USERNAME=android-4
OS=Windows_NT
PROCESSOR_IDENTIFIER=x86 Family 6 Model 42 Stepping 7, GenuineIntel



---------------  S Y S T E M  ---------------

OS: Windows 7 Build 7600 (6.1.7600.16385)

CPU:total 4 (2 cores per cpu, 2 threads per core) family 6 model 42 stepping 7, cmov, cx8, fxsr, mmx, sse, sse2, sse3, ssse3, sse4.1, sse4.2, popcnt, clmul, ht, tsc, tscinvbit

Memory: 4k page, physical 3578328k(283468k free), swap 24056564k(18759212k free)

vm_info: Java HotSpot(TM) Client VM (25.101-b13) for windows-x86 JRE (1.8.0_101-b13), built on Jun 22 2016 00:45:44 by "java_re" with MS VC++ 10.0 (VS2010)

time: Thu Nov 15 18:35:46 2018
elapsed time: 17 seconds (0d 0h 0m 17s)

