#
# A fatal error has been detected by the Java Runtime Environment:
#
#  EXCEPTION_ACCESS_VIOLATION (0xc0000005) at pc=0x518156e2, pid=1864, tid=0x000009b4
#
# JRE version: Java(TM) SE Runtime Environment (8.0_101-b13) (build 1.8.0_101-b13)
# Java VM: Java HotSpot(TM) Client VM (25.101-b13 mixed mode windows-x86 )
# Problematic frame:
# V  [jvm.dll+0xa56e2]
#
# Failed to write core dump. Minidumps are not enabled by default on client versions of Windows
#
# If you would like to submit a bug report, please visit:
#   http://bugreport.java.com/bugreport/crash.jsp
#

---------------  T H R E A D  ---------------

Current thread (0x4428a800):  VMThread [stack: 0x44470000,0x444c0000] [id=2484]

siginfo: ExceptionCode=0xc0000005, reading address 0x00000075

Registers:
EAX=0x00000001, EBX=0x444befac, ECX=0x43e102a8, EDX=0x00000000
ESP=0x444bef80, EBP=0x444bef8c, ESI=0x26f9d0d8, EDI=0x26f9d0d8
EIP=0x518156e2, EFLAGS=0x00010246

Top of Stack: (sp=0x444bef80)
0x444bef80:   3631afe8 19150000 19150000 444befc0
0x444bef90:   518154ab 19150000 07472bfa 19150000
0x444befa0:   3631afe8 444befac 44d3ef30 51a4dbb8
0x444befb0:   3631af00 016bffa0 19150000 444bf174
0x444befc0:   444befe8 518149f7 19150000 07472bfa
0x444befd0:   19150000 3631afe8 07472bfa 19150000
0x444befe0:   43caaa7f 19150000 444bf010 518019ce
0x444beff0:   19150000 07472bfa 010fd6e8 51a4e01c 

Instructions: (pc=0x518156e2)
0x518156c2:   2c 8c ad 51 c1 f8 10 25 ff 00 00 00 49 03 d0 8d
0x518156d2:   04 11 f7 d1 c1 e8 02 c1 e9 02 23 c1 eb 08 8b 01
0x518156e2:   8b 50 74 56 ff d2 8d 34 86 3b 75 14 72 a0 8b 55
0x518156f2:   0c 8b 4f 04 8b 75 08 83 ec 08 8b c4 89 50 04 89 


Register to memory mapping:

EAX=0x00000001 is an unknown value
EBX=0x444befac is an unknown value
ECX=0x43e102a8 is pointing into metadata
EDX=0x00000000 is an unknown value
ESP=0x444bef80 is an unknown value
EBP=0x444bef8c is an unknown value
ESI=
[error occurred during error reporting (printing register info), id 0xc0000005]

Stack: [0x44470000,0x444c0000],  sp=0x444bef80,  free space=315k
Native frames: (J=compiled Java code, j=interpreted, Vv=VM code, C=native code)
V  [jvm.dll+0xa56e2]
V  [jvm.dll+0xa54ab]
V  [jvm.dll+0xa49f7]
V  [jvm.dll+0x919ce]
V  [jvm.dll+0x90eb0]
V  [jvm.dll+0x91484]
V  [jvm.dll+0x9a40c]
V  [jvm.dll+0x91344]
V  [jvm.dll+0x9933e]
V  [jvm.dll+0x951a9]
V  [jvm.dll+0x98e73]
V  [jvm.dll+0x92e25]
V  [jvm.dll+0x1b81c6]
V  [jvm.dll+0x18292b]
V  [jvm.dll+0x181d31]
V  [jvm.dll+0x182147]
V  [jvm.dll+0x182342]
V  [jvm.dll+0x1c1ed6]
C  [msvcr100.dll+0x5c556]
C  [msvcr100.dll+0x5c600]
C  [kernel32.dll+0x51174]
C  [ntdll.dll+0x5b3f5]
C  [ntdll.dll+0x5b3c8]

VM_Operation (0x44bbed98): GenCollectForAllocation, mode: safepoint, requested by thread 0x44457800


---------------  P R O C E S S  ---------------

Java Threads: ( => current thread )
  0x44457800 JavaThread "pool-2-thread-4" [_thread_blocked, id=5792, stack(0x44b70000,0x44bc0000)]
  0x44456c00 JavaThread "pool-2-thread-3" [_thread_blocked, id=2028, stack(0x44ae0000,0x44b30000)]
  0x44453000 JavaThread "pool-2-thread-2" [_thread_blocked, id=5820, stack(0x44a20000,0x44a70000)]
  0x44423800 JavaThread "pool-3-thread-1" [_thread_blocked, id=4232, stack(0x449c0000,0x44a10000)]
  0x44422400 JavaThread "pool-2-thread-1" [_thread_blocked, id=4748, stack(0x01180000,0x011d0000)]
  0x442ecc00 JavaThread "Service Thread" daemon [_thread_blocked, id=4984, stack(0x448b0000,0x44900000)]
  0x442da400 JavaThread "C1 CompilerThread0" daemon [_thread_blocked, id=5464, stack(0x44600000,0x44650000)]
  0x442d9000 JavaThread "Attach Listener" daemon [_thread_blocked, id=5396, stack(0x44750000,0x447a0000)]
  0x442d6000 JavaThread "Signal Dispatcher" daemon [_thread_blocked, id=2604, stack(0x447d0000,0x44820000)]
  0x442b6c00 JavaThread "Finalizer" daemon [_thread_blocked, id=1928, stack(0x44670000,0x446c0000)]
  0x44290400 JavaThread "Reference Handler" daemon [_thread_blocked, id=4940, stack(0x445a0000,0x445f0000)]
  0x010fbc00 JavaThread "main" [_thread_blocked, id=6116, stack(0x01130000,0x01180000)]

Other Threads:
=>0x4428a800 VMThread [stack: 0x44470000,0x444c0000] [id=2484]
  0x442d0400 WatcherThread [stack: 0x44960000,0x449b0000] [id=4792]

VM state:at safepoint (normal execution)

VM Mutex/Monitor currently owned by a thread:  ([mutex/lock_event])
[0x010fa230] Threads_lock - owner thread: 0x4428a800
[0x010fa640] Heap_lock - owner thread: 0x44457800

Heap:
 def new generation   total 314560K, used 279616K [0x03c00000, 0x19150000, 0x19150000)
  eden space 279616K, 100% used [0x03c00000, 0x14d10000, 0x14d10000)
  from space 34944K,   0% used [0x14d10000, 0x14d10000, 0x16f30000)
  to   space 34944K,   2% used [0x16f30000, 0x17026f20, 0x19150000)
 tenured generation   total 699072K, used 476971K [0x19150000, 0x43c00000, 0x43c00000)
   the space 699072K,  68% used [0x19150000, 0x3631afe8, 0x3631b000, 0x43c00000)
 Metaspace       used 3551K, capacity 3598K, committed 3648K, reserved 4480K

Card table byte_map: [0x43c00000,0x43e10000] byte_map_base: 0x43be2000

Polling page: 0x010c0000

CodeCache: size=32768Kb used=3579Kb max_used=3579Kb free=29188Kb
 bounds [0x01a90000, 0x01e10000, 0x03a90000]
 total_blobs=1889 nmethods=1742 adapters=77
 compilation: enabled

Compilation events (10 events):
Event: 12.407 Thread 0x442da400 1740             com.android.dx.dex.file.UniformListItem::<init> (37 bytes)
Event: 12.407 Thread 0x442da400 nmethod 1740 0x01e0dac8 code [0x01e0dc20, 0x01e0dea4]
Event: 12.408 Thread 0x442da400 1741             com.android.dx.dex.file.OffsettedItem::writeSize (22 bytes)
Event: 12.408 Thread 0x442da400 nmethod 1741 0x01e0e188 code [0x01e0e290, 0x01e0e39c]
Event: 12.408 Thread 0x442da400 1742             com.android.dx.dex.file.UniformListItem::writeSize (28 bytes)
Event: 12.408 Thread 0x442da400 nmethod 1742 0x01e0e448 code [0x01e0e580, 0x01e0e710]
Event: 12.612 Thread 0x442da400 1743             com.android.dx.rop.cst.CstLiteral32::compareTo0 (30 bytes)
Event: 12.612 Thread 0x442da400 nmethod 1743 0x01e0e888 code [0x01e0e980, 0x01e0ea60]
Event: 12.699 Thread 0x442da400 1744             com.android.dx.dex.code.VariableSizeInsn::<init> (10 bytes)
Event: 12.699 Thread 0x442da400 nmethod 1744 0x01e0eb08 code [0x01e0ec10, 0x01e0ecac]

GC Heap History (10 events):
Event: 9.242 GC heap after
Heap after GC invocations=94 (full 7):
 def new generation   total 208704K, used 23168K [0x03c00000, 0x11e70000, 0x19150000)
  eden space 185536K,   0% used [0x03c00000, 0x03c00000, 0x0f130000)
  from space 23168K, 100% used [0x0f130000, 0x107d0000, 0x107d0000)
  to   space 23168K,   0% used [0x107d0000, 0x107d0000, 0x11e70000)
 tenured generation   total 463660K, used 375398K [0x19150000, 0x3561b000, 0x43c00000)
   the space 463660K,  80% used [0x19150000, 0x2ffe9bb0, 0x2ffe9c00, 0x3561b000)
 Metaspace       used 3551K, capacity 3598K, committed 3648K, reserved 4480K
}
Event: 9.542 GC heap before
{Heap before GC invocations=94 (full 7):
 def new generation   total 208704K, used 208704K [0x03c00000, 0x11e70000, 0x19150000)
  eden space 185536K, 100% used [0x03c00000, 0x0f130000, 0x0f130000)
  from space 23168K, 100% used [0x0f130000, 0x107d0000, 0x107d0000)
  to   space 23168K,   0% used [0x107d0000, 0x107d0000, 0x11e70000)
 tenured generation   total 463660K, used 375398K [0x19150000, 0x3561b000, 0x43c00000)
   the space 463660K,  80% used [0x19150000, 0x2ffe9bb0, 0x2ffe9c00, 0x3561b000)
 Metaspace       used 3551K, capacity 3598K, committed 3648K, reserved 4480K
Event: 9.658 GC heap after
Heap after GC invocations=95 (full 7):
 def new generation   total 208704K, used 23168K [0x03c00000, 0x11e70000, 0x19150000)
  eden space 185536K,   0% used [0x03c00000, 0x03c00000, 0x0f130000)
  from space 23168K, 100% used [0x107d0000, 0x11e70000, 0x11e70000)
  to   space 23168K,   0% used [0x0f130000, 0x0f130000, 0x107d0000)
 tenured generation   total 463660K, used 401472K [0x19150000, 0x3561b000, 0x43c00000)
   the space 463660K,  86% used [0x19150000, 0x31960088, 0x31960200, 0x3561b000)
 Metaspace       used 3551K, capacity 3598K, committed 3648K, reserved 4480K
}
Event: 9.986 GC heap before
{Heap before GC invocations=95 (full 7):
 def new generation   total 208704K, used 208704K [0x03c00000, 0x11e70000, 0x19150000)
  eden space 185536K, 100% used [0x03c00000, 0x0f130000, 0x0f130000)
  from space 23168K, 100% used [0x107d0000, 0x11e70000, 0x11e70000)
  to   space 23168K,   0% used [0x0f130000, 0x0f130000, 0x107d0000)
 tenured generation   total 463660K, used 401472K [0x19150000, 0x3561b000, 0x43c00000)
   the space 463660K,  86% used [0x19150000, 0x31960088, 0x31960200, 0x3561b000)
 Metaspace       used 3551K, capacity 3598K, committed 3648K, reserved 4480K
Event: 10.102 GC heap after
Heap after GC invocations=96 (full 7):
 def new generation   total 208704K, used 23168K [0x03c00000, 0x11e70000, 0x19150000)
  eden space 185536K,   0% used [0x03c00000, 0x03c00000, 0x0f130000)
  from space 23168K, 100% used [0x0f130000, 0x107d0000, 0x107d0000)
  to   space 23168K,   0% used [0x107d0000, 0x107d0000, 0x11e70000)
 tenured generation   total 463660K, used 426573K [0x19150000, 0x3561b000, 0x43c00000)
   the space 463660K,  92% used [0x19150000, 0x331e37a0, 0x331e3800, 0x3561b000)
 Metaspace       used 3551K, capacity 3598K, committed 3648K, reserved 4480K
}
Event: 10.394 GC heap before
{Heap before GC invocations=96 (full 7):
 def new generation   total 208704K, used 208704K [0x03c00000, 0x11e70000, 0x19150000)
  eden space 185536K, 100% used [0x03c00000, 0x0f130000, 0x0f130000)
  from space 23168K, 100% used [0x0f130000, 0x107d0000, 0x107d0000)
  to   space 23168K,   0% used [0x107d0000, 0x107d0000, 0x11e70000)
 tenured generation   total 463660K, used 426573K [0x19150000, 0x3561b000, 0x43c00000)
   the space 463660K,  92% used [0x19150000, 0x331e37a0, 0x331e3800, 0x3561b000)
 Metaspace       used 3551K, capacity 3598K, committed 3648K, reserved 4480K
Event: 10.510 GC heap after
Heap after GC invocations=97 (full 7):
 def new generation   total 208704K, used 23168K [0x03c00000, 0x11e70000, 0x19150000)
  eden space 185536K,   0% used [0x03c00000, 0x03c00000, 0x0f130000)
  from space 23168K, 100% used [0x107d0000, 0x11e70000, 0x11e70000)
  to   space 23168K,   0% used [0x0f130000, 0x0f130000, 0x107d0000)
 tenured generation   total 463660K, used 451867K [0x19150000, 0x3561b000, 0x43c00000)
   the space 463660K,  97% used [0x19150000, 0x34a96f88, 0x34a97000, 0x3561b000)
 Metaspace       used 3551K, capacity 3598K, committed 3648K, reserved 4480K
}
Event: 10.830 GC heap before
{Heap before GC invocations=97 (full 7):
 def new generation   total 208704K, used 208704K [0x03c00000, 0x11e70000, 0x19150000)
  eden space 185536K, 100% used [0x03c00000, 0x0f130000, 0x0f130000)
  from space 23168K, 100% used [0x107d0000, 0x11e70000, 0x11e70000)
  to   space 23168K,   0% used [0x0f130000, 0x0f130000, 0x107d0000)
 tenured generation   total 463660K, used 451867K [0x19150000, 0x3561b000, 0x43c00000)
   the space 463660K,  97% used [0x19150000, 0x34a96f88, 0x34a97000, 0x3561b000)
 Metaspace       used 3551K, capacity 3598K, committed 3648K, reserved 4480K
Event: 12.353 GC heap after
Heap after GC invocations=98 (full 8):
 def new generation   total 314560K, used 6603K [0x03c00000, 0x19150000, 0x19150000)
  eden space 279616K,   2% used [0x03c00000, 0x04272db8, 0x14d10000)
  from space 34944K,   0% used [0x14d10000, 0x14d10000, 0x16f30000)
  to   space 34944K,   0% used [0x16f30000, 0x16f30000, 0x19150000)
 tenured generation   total 699072K, used 476971K [0x19150000, 0x43c00000, 0x43c00000)
   the space 699072K,  68% used [0x19150000, 0x3631afe8, 0x3631b000, 0x43c00000)
 Metaspace       used 3551K, capacity 3598K, committed 3648K, reserved 4480K
}
Event: 12.825 GC heap before
{Heap before GC invocations=98 (full 8):
 def new generation   total 314560K, used 279616K [0x03c00000, 0x19150000, 0x19150000)
  eden space 279616K, 100% used [0x03c00000, 0x14d10000, 0x14d10000)
  from space 34944K,   0% used [0x14d10000, 0x14d10000, 0x16f30000)
  to   space 34944K,   0% used [0x16f30000, 0x16f30000, 0x19150000)
 tenured generation   total 699072K, used 476971K [0x19150000, 0x43c00000, 0x43c00000)
   the space 699072K,  68% used [0x19150000, 0x3631afe8, 0x3631b000, 0x43c00000)
 Metaspace       used 3551K, capacity 3598K, committed 3648K, reserved 4480K

Deoptimization events (0 events):
No events

Internal exceptions (5 events):
Event: 0.023 Thread 0x010fbc00 Exception <a 'java/lang/NoSuchMethodError': Method sun.misc.Unsafe.defineClass(Ljava/lang/String;[BII)Ljava/lang/Class; name or signature does not match> (0x03c06ea8) thrown at [C:\re\workspace\8-2-build-windows-i586-cygwin\jdk8u101\7261\hotspot\src\share\è™%ió?
Event: 0.023 Thread 0x010fbc00 Exception <a 'java/lang/NoSuchMethodError': Method sun.misc.Unsafe.prefetchRead(Ljava/lang/Object;J)V name or signature does not match> (0x03c07178) thrown at [C:\re\workspace\8-2-build-windows-i586-cygwin\jdk8u101\7261\hotspot\src\share\vm\prims\jni.cpp, \úÖ∫â Ì?
Event: 0.910 Thread 0x44422400 Exception <a 'java/lang/ArrayIndexOutOfBoundsException': 18> (0x03c0d140) thrown at [C:\re\workspace\8-2-build-windows-i586-cygwin\jdk8u101\7261\hotspot\src\share\vm\interpreter\interpreterRuntime.cpp, line 366]
Event: 0.911 Thread 0x44422400 Exception <a 'java/lang/ArrayIndexOutOfBoundsException': 145> (0x03c0e9e0) thrown at [C:\re\workspace\8-2-build-windows-i586-cygwin\jdk8u101\7261\hotspot\src\share\vm\interpreter\interpreterRuntime.cpp, line 366]
Event: 0.911 Thread 0x44422400 Exception <a 'java/lang/ArrayIndexOutOfBoundsException': 40> (0x03c83578) thrown at [C:\re\workspace\8-2-build-windows-i586-cygwin\jdk8u101\7261\hotspot\src\share\vm\interpreter\interpreterRuntime.cpp, line 366]

Events (10 events):
Event: 9.242 Executing VM operation: GenCollectForAllocation done
Event: 9.542 Executing VM operation: GenCollectForAllocation
Event: 9.658 Executing VM operation: GenCollectForAllocation done
Event: 9.986 Executing VM operation: GenCollectForAllocation
Event: 10.102 Executing VM operation: GenCollectForAllocation done
Event: 10.393 Executing VM operation: GenCollectForAllocation
Event: 10.510 Executing VM operation: GenCollectForAllocation done
Event: 10.830 Executing VM operation: GenCollectForAllocation
Event: 12.353 Executing VM operation: GenCollectForAllocation done
Event: 12.825 Executing VM operation: GenCollectForAllocation


Dynamic libraries:
0x01070000 - 0x010a3000 	C:\Program Files\Java\jdk1.8.0_101\bin\java.exe
0x76f00000 - 0x7703c000 	C:\Windows\SYSTEM32\ntdll.dll
0x755f0000 - 0x756c4000 	C:\Windows\system32\kernel32.dll
0x751f0000 - 0x7523a000 	C:\Windows\system32\KERNELBASE.dll
0x753a0000 - 0x75440000 	C:\Windows\system32\ADVAPI32.dll
0x76520000 - 0x765cc000 	C:\Windows\system32\msvcrt.dll
0x75370000 - 0x75389000 	C:\Windows\SYSTEM32\sechost.dll
0x76470000 - 0x76511000 	C:\Windows\system32\RPCRT4.dll
0x756d0000 - 0x75799000 	C:\Windows\system32\USER32.dll
0x770e0000 - 0x7712e000 	C:\Windows\system32\GDI32.dll
0x75390000 - 0x7539a000 	C:\Windows\system32\LPK.dll
0x76b50000 - 0x76bed000 	C:\Windows\system32\USP10.dll
0x73dc0000 - 0x73f5e000 	C:\Windows\WinSxS\x86_microsoft.windows.common-controls_6595b64144ccf1df_6.0.7600.16385_none_421189da2b7fabfc\COMCTL32.dll
0x76af0000 - 0x76b47000 	C:\Windows\system32\SHLWAPI.dll
0x77040000 - 0x7705f000 	C:\Windows\system32\IMM32.DLL
0x76d30000 - 0x76dfc000 	C:\Windows\system32\MSCTF.dll
0x64db0000 - 0x64e6f000 	C:\Program Files\Java\jdk1.8.0_101\jre\bin\msvcr100.dll
0x51770000 - 0x51b3c000 	C:\Program Files\Java\jdk1.8.0_101\jre\bin\client\jvm.dll
0x70810000 - 0x70817000 	C:\Windows\system32\WSOCK32.dll
0x75440000 - 0x75475000 	C:\Windows\system32\WS2_32.dll
0x75350000 - 0x75356000 	C:\Windows\system32\NSI.dll
0x707c0000 - 0x707f2000 	C:\Windows\system32\WINMM.dll
0x74550000 - 0x74559000 	C:\Windows\system32\VERSION.dll
0x75360000 - 0x75365000 	C:\Windows\system32\PSAPI.DLL
0x720f0000 - 0x720fc000 	C:\Program Files\Java\jdk1.8.0_101\jre\bin\verify.dll
0x72070000 - 0x72091000 	C:\Program Files\Java\jdk1.8.0_101\jre\bin\java.dll
0x720b0000 - 0x720c3000 	C:\Program Files\Java\jdk1.8.0_101\jre\bin\zip.dll
0x75820000 - 0x76469000 	C:\Windows\system32\SHELL32.dll
0x75490000 - 0x755ec000 	C:\Windows\system32\ole32.dll
0x75050000 - 0x7505b000 	C:\Windows\system32\profapi.dll
0x72db0000 - 0x72e9b000 	C:\Windows\system32\dbghelp.dll

VM Arguments:
jvm_args: -Djava.awt.headless=true -Xmx1024M -Dfile.encoding=windows-1252 -Duser.country=US -Duser.language=en -Duser.variant 
java_command: com.android.dx.command.Main --dex --num-threads=4 --multi-dex --main-dex-list E:\SandeepProjectResources\MobipugNew\Mobipug27.10.18\MobipugSource\app\build\intermediates\multi-dex\debug\maindexlist.txt --output E:\SandeepProjectResources\MobipugNew\Mobipug27.10.18\MobipugSource\app\build\intermediates\transforms\dex\debug\folders\1000\1f\main E:\SandeepProjectResources\MobipugNew\Mobipug27.10.18\MobipugSource\app\build\intermediates\transforms\jarMerging\debug\jars\1\1f\combined.jar
java_class_path (initial): C:\Users\android-4\AppData\Local\Android\Sdk\build-tools\26.0.2\lib\dx.jar
Launcher Type: SUN_STANDARD

Environment Variables:
PATH=C:\ProgramData\Oracle\Java\javapath;C:\Windows\system32;C:\Windows;C:\Windows\System32\Wbem;C:\Windows\System32\WindowsPowerShell\v1.0\;C:\Program Files\Intel\OpenCL SDK\2.0\bin\x86;C:\Program Files\Skype\Phone\
USERNAME=android-4
OS=Windows_NT
PROCESSOR_IDENTIFIER=x86 Family 6 Model 42 Stepping 7, GenuineIntel



---------------  S Y S T E M  ---------------

OS: Windows 7 Build 7600 (6.1.7600.16385)

CPU:total 4 (2 cores per cpu, 2 threads per core) family 6 model 42 stepping 7, cmov, cx8, fxsr, mmx, sse, sse2, sse3, ssse3, sse4.1, sse4.2, popcnt, clmul, ht, tsc, tscinvbit

Memory: 4k page, physical 3578328k(712424k free), swap 24056564k(19604528k free)

vm_info: Java HotSpot(TM) Client VM (25.101-b13) for windows-x86 JRE (1.8.0_101-b13), built on Jun 22 2016 00:45:44 by "java_re" with MS VC++ 10.0 (VS2010)

time: Sat Nov 10 16:01:52 2018
elapsed time: 12 seconds (0d 0h 0m 12s)

