#
# A fatal error has been detected by the Java Runtime Environment:
#
#  EXCEPTION_ACCESS_VIOLATION (0xc0000005) at pc=0x0122b8f8, pid=5196, tid=0x00000b64
#
# JRE version: Java(TM) SE Runtime Environment (8.0_101-b13) (build 1.8.0_101-b13)
# Java VM: Java HotSpot(TM) Client VM (25.101-b13 mixed mode windows-x86 )
# Problematic frame:
# C  0x0122b8f8
#
# Failed to write core dump. Minidumps are not enabled by default on client versions of Windows
#
# If you would like to submit a bug report, please visit:
#   http://bugreport.java.com/bugreport/crash.jsp
#

---------------  T H R E A D  ---------------

Current thread (0x443ea800):  VMThread [stack: 0x03ac0000,0x03b10000] [id=2916]

siginfo: ExceptionCode=0xc0000005, ExceptionInformation=0x00000008 0x0122b8f8

Registers:
EAX=0x0122b8f8, EBX=0x445b9de8, ECX=0x43fedb08, EDX=0x43feb748
ESP=0x03b0ec9c, EBP=0x03b0ecb8, ESI=0x445b9de0, EDI=0x506894cc
EIP=0x0122b8f8, EFLAGS=0x00010206

Top of Stack: (sp=0x03b0ec9c)
0x03b0ec9c:   504d4db1 3dee90d8 506894cc 445b9de0
0x03b0ecac:   445b9de8 506894cc 445b9de0 03b0ecc4
0x03b0ecbc:   504d4fac 00000003 03b0ece0 5047883a
0x03b0eccc:   445b9de0 445b4c00 506894cc 00000000
0x03b0ecdc:   44591f98 03b0eec8 50499eef 506894cc
0x03b0ecec:   00000002 445b4c00 00000000 00000000
0x03b0ecfc:   00000000 00000000 03b0ef54 03b0ed7c
0x03b0ed0c:   00000012 03b0ef40 506894f0 03b0efc4 

Instructions: (pc=0x0122b8f8)
0x0122b8d8:   03 00 ff ff d6 ee f0 6e 28 29 56 00 00 00 00 00
0x0122b8e8:   03 00 ff ff 81 5c d0 0b 28 29 5a 00 00 00 00 00
0x0122b8f8:   03 00 ff ff 36 1f 69 1c 28 29 42 00 00 00 00 00
0x0122b908:   03 00 ff ff cc 20 80 39 28 29 43 00 00 00 00 00 


Register to memory mapping:

EAX=0x0122b8f8 is an unknown value
EBX=0x445b9de8 is an unknown value
ECX=0x43fedb08 is pointing into metadata
EDX=0x43feb748 is pointing into metadata
ESP=0x03b0ec9c is an unknown value
EBP=0x03b0ecb8 is an unknown value
ESI=0x445b9de0 is an unknown value
EDI=0x506894cc is an unknown value


Stack: [0x03ac0000,0x03b10000],  sp=0x03b0ec9c,  free space=315k
Native frames: (J=compiled Java code, j=interpreted, Vv=VM code, C=native code)
C  0x0122b8f8
V  [jvm.dll+0x1b4fac]
V  [jvm.dll+0x15883a]
V  [jvm.dll+0x179eef]
V  [jvm.dll+0x1789ea]
V  [jvm.dll+0x97fb0]
V  [jvm.dll+0x992a1]
V  [jvm.dll+0x9b020]
V  [jvm.dll+0x9b489]
V  [jvm.dll+0x9a27f]
V  [jvm.dll+0xa64b2]
V  [jvm.dll+0x98e73]
V  [jvm.dll+0x92e25]
V  [jvm.dll+0x1b81c6]
V  [jvm.dll+0x18292b]
V  [jvm.dll+0x181d31]
V  [jvm.dll+0x182147]
V  [jvm.dll+0x182342]
V  [jvm.dll+0x1c1ed6]
C  [msvcr100.dll+0x5c556]
C  [msvcr100.dll+0x5c600]
C  [kernel32.dll+0x51174]
C  [ntdll.dll+0x5b3f5]
C  [ntdll.dll+0x5b3c8]

VM_Operation (0x447cec74): GenCollectForAllocation, mode: safepoint, requested by thread 0x44593800


---------------  P R O C E S S  ---------------

Java Threads: ( => current thread )
  0x445b4c00 JavaThread "pool-2-thread-4" [_thread_blocked, id=2912, stack(0x44b90000,0x44be0000)]
  0x445b9800 JavaThread "pool-2-thread-3" [_thread_blocked, id=6060, stack(0x44a60000,0x44ab0000)]
  0x44593800 JavaThread "pool-2-thread-2" [_thread_blocked, id=3924, stack(0x44780000,0x447d0000)]
  0x44593000 JavaThread "pool-3-thread-1" [_thread_blocked, id=5908, stack(0x44b40000,0x44b90000)]
  0x44589800 JavaThread "pool-2-thread-1" [_thread_blocked, id=4128, stack(0x44ab0000,0x44b00000)]
  0x4444c000 JavaThread "Service Thread" daemon [_thread_blocked, id=2888, stack(0x449a0000,0x449f0000)]
  0x4443a000 JavaThread "C1 CompilerThread0" daemon [_thread_blocked, id=4716, stack(0x44830000,0x44880000)]
  0x44439000 JavaThread "Attach Listener" daemon [_thread_blocked, id=3536, stack(0x44720000,0x44770000)]
  0x44436000 JavaThread "Signal Dispatcher" daemon [_thread_blocked, id=2956, stack(0x446d0000,0x44720000)]
  0x44416c00 JavaThread "Finalizer" daemon [_thread_blocked, id=5568, stack(0x03ba0000,0x03bf0000)]
  0x443f0400 JavaThread "Reference Handler" daemon [_thread_blocked, id=5072, stack(0x03b40000,0x03b90000)]
  0x011ebc00 JavaThread "main" [_thread_blocked, id=2796, stack(0x00190000,0x001e0000)]

Other Threads:
=>0x443ea800 VMThread [stack: 0x03ac0000,0x03b10000] [id=2916]
  0x44434000 WatcherThread [stack: 0x447d0000,0x44820000] [id=2536]

VM state:at safepoint (normal execution)

VM Mutex/Monitor currently owned by a thread:  ([mutex/lock_event])
[0x011ea230] Threads_lock - owner thread: 0x443ea800
[0x011ea640] Heap_lock - owner thread: 0x44593800

Heap:
 def new generation   total 314560K, used 314559K [0x03c00000, 0x19150000, 0x19150000)
  eden space 279616K, 100% used [0x03c00000, 0x14d10000, 0x14d10000)
  from space 34944K,  99% used [0x14d10000, 0x16f2fff8, 0x16f30000)
  to   space 34944K,   0% used [0x16f30000, 0x16f30000, 0x19150000)
 tenured generation   total 699072K, used 654907K [0x19150000, 0x43c00000, 0x43c00000)
   the space 699072K,  93% used [0x19150000, 0x410dec88, 0x410dee00, 0x43c00000)
 Metaspace       used 3555K, capacity 3598K, committed 3648K, reserved 4480K

Card table byte_map: [0x43c00000,0x43e10000] byte_map_base: 0x43be2000

Polling page: 0x001e0000

CodeCache: size=32768Kb used=3688Kb max_used=3688Kb free=29079Kb
 bounds [0x01ac0000, 0x01e60000, 0x03ac0000]
 total_blobs=1900 nmethods=1753 adapters=77
 compilation: enabled

Compilation events (10 events):
Event: 15.890 Thread 0x4443a000 1751             com.android.dx.util.BitIntSet::iterator (9 bytes)
Event: 15.890 Thread 0x4443a000 nmethod 1751 0x01e562c8 code [0x01e563d0, 0x01e564bc]
Event: 15.943 Thread 0x4443a000 1752             com.android.dx.ssa.back.RegisterAllocator::insertMoveBefore (240 bytes)
Event: 15.944 Thread 0x4443a000 nmethod 1752 0x01e56548 code [0x01e567f0, 0x01e5733c]
Event: 15.977 Thread 0x4443a000 1753             com.android.dx.util.Bits::bitCount (29 bytes)
Event: 15.978 Thread 0x4443a000 nmethod 1753 0x01e58788 code [0x01e58890, 0x01e5896c]
Event: 16.202 Thread 0x4443a000 1754             java.util.HashMap$TreeNode::putTreeVal (314 bytes)
Event: 16.203 Thread 0x4443a000 nmethod 1754 0x01e58a48 code [0x01e58be0, 0x01e5907c]
Event: 16.576 Thread 0x4443a000 1755             com.android.dx.ssa.back.FirstFitLocalCombiningAllocator::ssaSetToSpecs (57 bytes)
Event: 16.577 Thread 0x4443a000 nmethod 1755 0x01e59608 code [0x01e597a0, 0x01e59b8c]

GC Heap History (10 events):
Event: 12.488 GC heap after
Heap after GC invocations=97 (full 8):
 def new generation   total 314560K, used 5381K [0x03c00000, 0x19150000, 0x19150000)
  eden space 279616K,   1% used [0x03c00000, 0x04141450, 0x14d10000)
  from space 34944K,   0% used [0x14d10000, 0x14d10000, 0x16f30000)
  to   space 34944K,   0% used [0x16f30000, 0x16f30000, 0x19150000)
 tenured generation   total 699072K, used 468727K [0x19150000, 0x43c00000, 0x43c00000)
   the space 699072K,  67% used [0x19150000, 0x35b0dff8, 0x35b0e000, 0x43c00000)
 Metaspace       used 3551K, capacity 3598K, committed 3648K, reserved 4480K
}
Event: 12.989 GC heap before
{Heap before GC invocations=97 (full 8):
 def new generation   total 314560K, used 279616K [0x03c00000, 0x19150000, 0x19150000)
  eden space 279616K, 100% used [0x03c00000, 0x14d10000, 0x14d10000)
  from space 34944K,   0% used [0x14d10000, 0x14d10000, 0x16f30000)
  to   space 34944K,   0% used [0x16f30000, 0x16f30000, 0x19150000)
 tenured generation   total 699072K, used 468727K [0x19150000, 0x43c00000, 0x43c00000)
   the space 699072K,  67% used [0x19150000, 0x35b0dff8, 0x35b0e000, 0x43c00000)
 Metaspace       used 3551K, capacity 3598K, committed 3648K, reserved 4480K
Event: 13.347 GC heap after
Heap after GC invocations=98 (full 8):
 def new generation   total 314560K, used 34943K [0x03c00000, 0x19150000, 0x19150000)
  eden space 279616K,   0% used [0x03c00000, 0x03c00000, 0x14d10000)
  from space 34944K,  99% used [0x16f30000, 0x1914fff8, 0x19150000)
  to   space 34944K,   0% used [0x14d10000, 0x14d10000, 0x16f30000)
 tenured generation   total 699072K, used 479732K [0x19150000, 0x43c00000, 0x43c00000)
   the space 699072K,  68% used [0x19150000, 0x365cd3f0, 0x365cd400, 0x43c00000)
 Metaspace       used 3551K, capacity 3598K, committed 3648K, reserved 4480K
}
Event: 15.172 GC heap before
{Heap before GC invocations=98 (full 8):
 def new generation   total 314560K, used 314559K [0x03c00000, 0x19150000, 0x19150000)
  eden space 279616K, 100% used [0x03c00000, 0x14d10000, 0x14d10000)
  from space 34944K,  99% used [0x16f30000, 0x1914fff8, 0x19150000)
  to   space 34944K,   0% used [0x14d10000, 0x14d10000, 0x16f30000)
 tenured generation   total 699072K, used 479732K [0x19150000, 0x43c00000, 0x43c00000)
   the space 699072K,  68% used [0x19150000, 0x365cd3f0, 0x365cd400, 0x43c00000)
 Metaspace       used 3551K, capacity 3598K, committed 3648K, reserved 4480K
Event: 15.396 GC heap after
Heap after GC invocations=99 (full 8):
 def new generation   total 314560K, used 34944K [0x03c00000, 0x19150000, 0x19150000)
  eden space 279616K,   0% used [0x03c00000, 0x03c00000, 0x14d10000)
  from space 34944K, 100% used [0x14d10000, 0x16f30000, 0x16f30000)
  to   space 34944K,   0% used [0x16f30000, 0x16f30000, 0x19150000)
 tenured generation   total 699072K, used 575214K [0x19150000, 0x43c00000, 0x43c00000)
   the space 699072K,  82% used [0x19150000, 0x3c30b908, 0x3c30ba00, 0x43c00000)
 Metaspace       used 3551K, capacity 3598K, committed 3648K, reserved 4480K
}
Event: 15.992 GC heap before
{Heap before GC invocations=99 (full 8):
 def new generation   total 314560K, used 314560K [0x03c00000, 0x19150000, 0x19150000)
  eden space 279616K, 100% used [0x03c00000, 0x14d10000, 0x14d10000)
  from space 34944K, 100% used [0x14d10000, 0x16f30000, 0x16f30000)
  to   space 34944K,   0% used [0x16f30000, 0x16f30000, 0x19150000)
 tenured generation   total 699072K, used 575214K [0x19150000, 0x43c00000, 0x43c00000)
   the space 699072K,  82% used [0x19150000, 0x3c30b908, 0x3c30ba00, 0x43c00000)
 Metaspace       used 3555K, capacity 3598K, committed 3648K, reserved 4480K
Event: 16.098 GC heap after
Heap after GC invocations=100 (full 8):
 def new generation   total 314560K, used 34944K [0x03c00000, 0x19150000, 0x19150000)
  eden space 279616K,   0% used [0x03c00000, 0x03c00000, 0x14d10000)
  from space 34944K, 100% used [0x16f30000, 0x19150000, 0x19150000)
  to   space 34944K,   0% used [0x14d10000, 0x14d10000, 0x16f30000)
 tenured generation   total 699072K, used 605045K [0x19150000, 0x43c00000, 0x43c00000)
   the space 699072K,  86% used [0x19150000, 0x3e02d768, 0x3e02d800, 0x43c00000)
 Metaspace       used 3555K, capacity 3598K, committed 3648K, reserved 4480K
}
Event: 16.988 GC heap before
{Heap before GC invocations=100 (full 8):
 def new generation   total 314560K, used 314560K [0x03c00000, 0x19150000, 0x19150000)
  eden space 279616K, 100% used [0x03c00000, 0x14d10000, 0x14d10000)
  from space 34944K, 100% used [0x16f30000, 0x19150000, 0x19150000)
  to   space 34944K,   0% used [0x14d10000, 0x14d10000, 0x16f30000)
 tenured generation   total 699072K, used 605045K [0x19150000, 0x43c00000, 0x43c00000)
   the space 699072K,  86% used [0x19150000, 0x3e02d768, 0x3e02d800, 0x43c00000)
 Metaspace       used 3555K, capacity 3598K, committed 3648K, reserved 4480K
Event: 17.119 GC heap after
Heap after GC invocations=101 (full 8):
 def new generation   total 314560K, used 34943K [0x03c00000, 0x19150000, 0x19150000)
  eden space 279616K,   0% used [0x03c00000, 0x03c00000, 0x14d10000)
  from space 34944K,  99% used [0x14d10000, 0x16f2fff8, 0x16f30000)
  to   space 34944K,   0% used [0x16f30000, 0x16f30000, 0x19150000)
 tenured generation   total 699072K, used 654907K [0x19150000, 0x43c00000, 0x43c00000)
   the space 699072K,  93% used [0x19150000, 0x410dec88, 0x410dee00, 0x43c00000)
 Metaspace       used 3555K, capacity 3598K, committed 3648K, reserved 4480K
}
Event: 18.597 GC heap before
{Heap before GC invocations=101 (full 8):
 def new generation   total 314560K, used 314559K [0x03c00000, 0x19150000, 0x19150000)
  eden space 279616K, 100% used [0x03c00000, 0x14d10000, 0x14d10000)
  from space 34944K,  99% used [0x14d10000, 0x16f2fff8, 0x16f30000)
  to   space 34944K,   0% used [0x16f30000, 0x16f30000, 0x19150000)
 tenured generation   total 699072K, used 654907K [0x19150000, 0x43c00000, 0x43c00000)
   the space 699072K,  93% used [0x19150000, 0x410dec88, 0x410dee00, 0x43c00000)
 Metaspace       used 3555K, capacity 3598K, committed 3648K, reserved 4480K

Deoptimization events (0 events):
No events

Internal exceptions (5 events):
Event: 0.034 Thread 0x011ebc00 Exception <a 'java/lang/NoSuchMethodError': Method sun.misc.Unsafe.defineClass(Ljava/lang/String;[BII)Ljava/lang/Class; name or signature does not match> (0x03c06ea8) thrown at [C:\re\workspace\8-2-build-windows-i586-cygwin\jdk8u101\7261\hotspot\src\share\√∆x„N`°?
Event: 0.034 Thread 0x011ebc00 Exception <a 'java/lang/NoSuchMethodError': Method sun.misc.Unsafe.prefetchRead(Ljava/lang/Object;J)V name or signature does not match> (0x03c07178) thrown at [C:\re\workspace\8-2-build-windows-i586-cygwin\jdk8u101\7261\hotspot\src\share\vm\prims\jni.cpp, û±IúÌ?
Event: 0.909 Thread 0x445b9800 Exception <a 'java/lang/ArrayIndexOutOfBoundsException': 18> (0x040e4088) thrown at [C:\re\workspace\8-2-build-windows-i586-cygwin\jdk8u101\7261\hotspot\src\share\vm\interpreter\interpreterRuntime.cpp, line 366]
Event: 0.909 Thread 0x445b9800 Exception <a 'java/lang/ArrayIndexOutOfBoundsException': 145> (0x040e5928) thrown at [C:\re\workspace\8-2-build-windows-i586-cygwin\jdk8u101\7261\hotspot\src\share\vm\interpreter\interpreterRuntime.cpp, line 366]
Event: 0.910 Thread 0x445b9800 Exception <a 'java/lang/ArrayIndexOutOfBoundsException': 40> (0x040e6a08) thrown at [C:\re\workspace\8-2-build-windows-i586-cygwin\jdk8u101\7261\hotspot\src\share\vm\interpreter\interpreterRuntime.cpp, line 366]

Events (10 events):
Event: 15.523 loading class com/android/dx/util/ListIntSet$1 done
Event: 15.523 Executing VM operation: Deoptimize
Event: 15.523 Executing VM operation: Deoptimize done
Event: 15.523 Thread 0x44593800 DEOPT PACKING pc=0x01e3f378 sp=0x447ceeb0
Event: 15.523 Thread 0x44593800 DEOPT UNPACKING pc=0x01afc5db sp=0x447cee18 mode 0
Event: 15.992 Executing VM operation: GenCollectForAllocation
Event: 16.098 Executing VM operation: GenCollectForAllocation done
Event: 16.988 Executing VM operation: GenCollectForAllocation
Event: 17.119 Executing VM operation: GenCollectForAllocation done
Event: 18.597 Executing VM operation: GenCollectForAllocation


Dynamic libraries:
0x013b0000 - 0x013e3000 	C:\Program Files\Java\jdk1.8.0_101\bin\java.exe
0x77b90000 - 0x77ccc000 	C:\Windows\SYSTEM32\ntdll.dll
0x760c0000 - 0x76194000 	C:\Windows\system32\kernel32.dll
0x75d60000 - 0x75daa000 	C:\Windows\system32\KERNELBASE.dll
0x76440000 - 0x764e0000 	C:\Windows\system32\ADVAPI32.dll
0x76870000 - 0x7691c000 	C:\Windows\system32\msvcrt.dll
0x77940000 - 0x77959000 	C:\Windows\SYSTEM32\sechost.dll
0x76270000 - 0x76311000 	C:\Windows\system32\RPCRT4.dll
0x77960000 - 0x77a29000 	C:\Windows\system32\USER32.dll
0x75fe0000 - 0x7602e000 	C:\Windows\system32\GDI32.dll
0x76920000 - 0x7692a000 	C:\Windows\system32\LPK.dll
0x761d0000 - 0x7626d000 	C:\Windows\system32\USP10.dll
0x749f0000 - 0x74b8e000 	C:\Windows\WinSxS\x86_microsoft.windows.common-controls_6595b64144ccf1df_6.0.7600.16385_none_421189da2b7fabfc\COMCTL32.dll
0x76730000 - 0x76787000 	C:\Windows\system32\SHLWAPI.dll
0x76320000 - 0x7633f000 	C:\Windows\system32\IMM32.DLL
0x76790000 - 0x7685c000 	C:\Windows\system32\MSCTF.dll
0x69820000 - 0x698df000 	C:\Program Files\Java\jdk1.8.0_101\jre\bin\msvcr100.dll
0x50320000 - 0x506ec000 	C:\Program Files\Java\jdk1.8.0_101\jre\bin\client\jvm.dll
0x71290000 - 0x71297000 	C:\Windows\system32\WSOCK32.dll
0x77cd0000 - 0x77d05000 	C:\Windows\system32\WS2_32.dll
0x76860000 - 0x76866000 	C:\Windows\system32\NSI.dll
0x71490000 - 0x714c2000 	C:\Windows\system32\WINMM.dll
0x75020000 - 0x75029000 	C:\Windows\system32\VERSION.dll
0x77da0000 - 0x77da5000 	C:\Windows\system32\PSAPI.DLL
0x62550000 - 0x6255c000 	C:\Program Files\Java\jdk1.8.0_101\jre\bin\verify.dll
0x62520000 - 0x62541000 	C:\Program Files\Java\jdk1.8.0_101\jre\bin\java.dll
0x62500000 - 0x62513000 	C:\Program Files\Java\jdk1.8.0_101\jre\bin\zip.dll
0x76a70000 - 0x776b9000 	C:\Windows\system32\SHELL32.dll
0x77a30000 - 0x77b8c000 	C:\Windows\system32\ole32.dll
0x75ce0000 - 0x75ceb000 	C:\Windows\system32\profapi.dll
0x739f0000 - 0x73adb000 	C:\Windows\system32\dbghelp.dll

VM Arguments:
jvm_args: -Djava.awt.headless=true -Xmx1024M -Dfile.encoding=windows-1252 -Duser.country=US -Duser.language=en -Duser.variant 
java_command: com.android.dx.command.Main --dex --num-threads=4 --multi-dex --main-dex-list E:\SandeepProjectResources\MobipugNew\Mobipug27.10.18\MobipugSource\app\build\intermediates\multi-dex\debug\maindexlist.txt --output E:\SandeepProjectResources\MobipugNew\Mobipug27.10.18\MobipugSource\app\build\intermediates\transforms\dex\debug\folders\1000\1f\main E:\SandeepProjectResources\MobipugNew\Mobipug27.10.18\MobipugSource\app\build\intermediates\transforms\jarMerging\debug\jars\1\1f\combined.jar
java_class_path (initial): C:\Users\android-4\AppData\Local\Android\Sdk\build-tools\26.0.2\lib\dx.jar
Launcher Type: SUN_STANDARD

Environment Variables:
PATH=C:\ProgramData\Oracle\Java\javapath;C:\Windows\system32;C:\Windows;C:\Windows\System32\Wbem;C:\Windows\System32\WindowsPowerShell\v1.0\;C:\Program Files\Intel\OpenCL SDK\2.0\bin\x86;C:\Program Files\Skype\Phone\
USERNAME=android-4
OS=Windows_NT
PROCESSOR_IDENTIFIER=x86 Family 6 Model 42 Stepping 7, GenuineIntel



---------------  S Y S T E M  ---------------

OS: Windows 7 Build 7600 (6.1.7600.16385)

CPU:total 4 (2 cores per cpu, 2 threads per core) family 6 model 42 stepping 7, cmov, cx8, fxsr, mmx, sse, sse2, sse3, ssse3, sse4.1, sse4.2, popcnt, clmul, ht, tsc, tscinvbit

Memory: 4k page, physical 3578328k(308112k free), swap 24056564k(19555904k free)

vm_info: Java HotSpot(TM) Client VM (25.101-b13) for windows-x86 JRE (1.8.0_101-b13), built on Jun 22 2016 00:45:44 by "java_re" with MS VC++ 10.0 (VS2010)

time: Thu Nov 08 12:50:04 2018
elapsed time: 18 seconds (0d 0h 0m 18s)

