#
# A fatal error has been detected by the Java Runtime Environment:
#
#  EXCEPTION_ACCESS_VIOLATION (0xc0000005) at pc=0x503c5a78, pid=2108, tid=0x00001334
#
# JRE version: Java(TM) SE Runtime Environment (8.0_101-b13) (build 1.8.0_101-b13)
# Java VM: Java HotSpot(TM) Client VM (25.101-b13 mixed mode windows-x86 )
# Problematic frame:
# V  [jvm.dll+0xa5a78]
#
# Failed to write core dump. Minidumps are not enabled by default on client versions of Windows
#
# If you would like to submit a bug report, please visit:
#   http://bugreport.java.com/bugreport/crash.jsp
#

---------------  T H R E A D  ---------------

Current thread (0x443ea800):  VMThread [stack: 0x446c0000,0x44710000] [id=4916]

siginfo: ExceptionCode=0xc0000005, reading address 0x00000074

Registers:
EAX=0x00000000, EBX=0x4470f274, ECX=0x44188bf0, EDX=0x3ffffffe
ESP=0x4470f228, EBP=0x4470f250, ESI=0x15f167a8, EDI=0x15f170d8
EIP=0x503c5a78, EFLAGS=0x00010246

Top of Stack: (sp=0x4470f228)
0x4470f228:   01152af8 4470f274 00000001 01152af8
0x4470f238:   16f2fff8 15f16758 15f167a8 14d10000
0x4470f248:   00000000 41d4b550 4470f264 503b9ba2
0x4470f258:   4470f274 0114f210 0114f210 4470f280
0x4470f268:   503b85bd 4470f274 0114f210 01154050
0x4470f278:   01154170 41d4b600 4470f36c 503bb4be
0x4470f288:   443d8518 011c3230 01154050 505fb934
0x4470f298:   00000100 011c3230 00000000 0476f02b 

Instructions: (pc=0x503c5a78)
0x503c5a58:   d3 e3 4a c1 f8 10 25 ff 00 00 00 03 da 03 c3 8b
0x503c5a68:   5d 08 f7 d2 c1 e8 02 c1 ea 02 23 c2 eb 08 8b 01
0x503c5a78:   8b 50 74 57 ff d2 8d 3c 87 3b 7d e8 73 09 8b 07
0x503c5a88:   83 e0 03 3c 03 75 a6 83 7d f8 00 76 5f 3b 75 fc 


Register to memory mapping:

EAX=0x00000000 is an unknown value
EBX=0x4470f274 is an unknown value
ECX=0x44188bf0 is pointing into metadata
EDX=0x3ffffffe is pointing into object: 0x3ffffdf0

[error occurred during error reporting (printing register info), id 0xc0000005]

Stack: [0x446c0000,0x44710000],  sp=0x4470f228,  free space=316k
Native frames: (J=compiled Java code, j=interpreted, Vv=VM code, C=native code)
V  [jvm.dll+0xa5a78]
V  [jvm.dll+0x99ba2]
V  [jvm.dll+0x985bd]
V  [jvm.dll+0x9b4be]
V  [jvm.dll+0x9a27f]
V  [jvm.dll+0xa64b2]
V  [jvm.dll+0x98e73]
V  [jvm.dll+0x92e25]
V  [jvm.dll+0x1b81c6]
V  [jvm.dll+0x18292b]
V  [jvm.dll+0x181d31]
V  [jvm.dll+0x182147]
V  [jvm.dll+0x182342]
V  [jvm.dll+0x1c1ed6]
C  [msvcr100.dll+0x5c556]
C  [msvcr100.dll+0x5c600]
C  [kernel32.dll+0x51174]
C  [ntdll.dll+0x5b3f5]
C  [ntdll.dll+0x5b3c8]

VM_Operation (0x44b3f148): GenCollectForAllocation, mode: safepoint, requested by thread 0x445c9000


---------------  P R O C E S S  ---------------

Java Threads: ( => current thread )
  0x44b6b000 JavaThread "pool-2-thread-4" [_thread_blocked, id=4420, stack(0x44720000,0x44770000)]
  0x44b70400 JavaThread "pool-2-thread-3" [_thread_blocked, id=4412, stack(0x45040000,0x45090000)]
  0x44b6f800 JavaThread "pool-2-thread-2" [_thread_blocked, id=4440, stack(0x44fa0000,0x44ff0000)]
  0x44b6f000 JavaThread "pool-3-thread-1" [_thread_blocked, id=5292, stack(0x44940000,0x44990000)]
  0x445c9000 JavaThread "pool-2-thread-1" [_thread_blocked, id=5012, stack(0x44af0000,0x44b40000)]
  0x4444cc00 JavaThread "Service Thread" daemon [_thread_blocked, id=3664, stack(0x449f0000,0x44a40000)]
  0x4443a400 JavaThread "C1 CompilerThread0" daemon [_thread_blocked, id=4328, stack(0x01870000,0x018c0000)]
  0x44439000 JavaThread "Attach Listener" daemon [_thread_blocked, id=4524, stack(0x44890000,0x448e0000)]
  0x44436000 JavaThread "Signal Dispatcher" daemon [_thread_blocked, id=2944, stack(0x447d0000,0x44820000)]
  0x44416c00 JavaThread "Finalizer" daemon [_thread_blocked, id=5036, stack(0x01800000,0x01850000)]
  0x443f0400 JavaThread "Reference Handler" daemon [_thread_blocked, id=5180, stack(0x44770000,0x447c0000)]
  0x001abc00 JavaThread "main" [_thread_blocked, id=4940, stack(0x01260000,0x012b0000)]

Other Threads:
=>0x443ea800 VMThread [stack: 0x446c0000,0x44710000] [id=4916]
  0x44430400 WatcherThread [stack: 0x44990000,0x449e0000] [id=3648]

VM state:at safepoint (normal execution)

VM Mutex/Monitor currently owned by a thread:  ([mutex/lock_event])
[0x001aa230] Threads_lock - owner thread: 0x443ea800
[0x001aa640] Heap_lock - owner thread: 0x445c9000

Heap:
 def new generation   total 314560K, used 314559K [0x03c00000, 0x19150000, 0x19150000)
  eden space 279616K, 100% used [0x03c00000, 0x14d10000, 0x14d10000)
  from space 34944K,  99% used [0x14d10000, 0x16f2fff8, 0x16f30000)
  to   space 34944K,   0% used [0x16f30000, 0x16f30000, 0x19150000)
 tenured generation   total 699072K, used 699072K [0x19150000, 0x43c00000, 0x43c00000)
   the space 699072K, 100% used [0x19150000, 0x43c00000, 0x41d4b600, 0x43c00000)
 Metaspace       used 3551K, capacity 3598K, committed 3648K, reserved 4480K

Card table byte_map: [0x43c00000,0x43e10000] byte_map_base: 0x43be2000

Polling page: 0x00190000

CodeCache: size=32768Kb used=3649Kb max_used=3674Kb free=29118Kb
 bounds [0x01bf0000, 0x01f88000, 0x03bf0000]
 total_blobs=1902 nmethods=1755 adapters=77
 compilation: enabled

Compilation events (10 events):
Event: 16.607 Thread 0x4443a400 1765             java.util.HashMap$TreeNode::putTreeVal (314 bytes)
Event: 16.608 Thread 0x4443a400 nmethod 1765 0x01f85248 code [0x01f853e0, 0x01f8587c]
Event: 16.629 Thread 0x4443a400 1766             com.android.dx.ssa.back.FirstFitLocalCombiningAllocator::ssaSetToSpecs (57 bytes)
Event: 16.630 Thread 0x4443a400 nmethod 1766 0x01f85e08 code [0x01f85fa0, 0x01f8638c]
Event: 18.379 Thread 0x4443a400 1767 %           java.lang.ref.Reference$ReferenceHandler::run @ 0 (8 bytes)
Event: 18.380 Thread 0x4443a400 nmethod 1767% 0x01f86a48 code [0x01f86b50, 0x01f86bfc]
Event: 18.380 Thread 0x4443a400 1768 % !         java.lang.ref.Finalizer$FinalizerThread::run @ 33 (55 bytes)
Event: 18.381 Thread 0x4443a400 nmethod 1768% 0x01f86c88 code [0x01f86de0, 0x01f87194]
Event: 22.944 Thread 0x4443a400 1769 %           com.android.dx.cf.direct.ClassPathOpener::processArchive @ 141 (221 bytes)
Event: 22.946 Thread 0x4443a400 nmethod 1769% 0x01e447c8 code [0x01e44a40, 0x01e45970]

GC Heap History (10 events):
Event: 15.052 GC heap after
Heap after GC invocations=99 (full 8):
 def new generation   total 314560K, used 34943K [0x03c00000, 0x19150000, 0x19150000)
  eden space 279616K,   0% used [0x03c00000, 0x03c00000, 0x14d10000)
  from space 34944K,  99% used [0x14d10000, 0x16f2fff8, 0x16f30000)
  to   space 34944K,   0% used [0x16f30000, 0x16f30000, 0x19150000)
 tenured generation   total 699072K, used 582178K [0x19150000, 0x43c00000, 0x43c00000)
   the space 699072K,  83% used [0x19150000, 0x3c9d8808, 0x3c9d8a00, 0x43c00000)
 Metaspace       used 3551K, capacity 3598K, committed 3648K, reserved 4480K
}
Event: 15.959 GC heap before
{Heap before GC invocations=99 (full 8):
 def new generation   total 314560K, used 314559K [0x03c00000, 0x19150000, 0x19150000)
  eden space 279616K, 100% used [0x03c00000, 0x14d10000, 0x14d10000)
  from space 34944K,  99% used [0x14d10000, 0x16f2fff8, 0x16f30000)
  to   space 34944K,   0% used [0x16f30000, 0x16f30000, 0x19150000)
 tenured generation   total 699072K, used 582178K [0x19150000, 0x43c00000, 0x43c00000)
   the space 699072K,  83% used [0x19150000, 0x3c9d8808, 0x3c9d8a00, 0x43c00000)
 Metaspace       used 3551K, capacity 3598K, committed 3648K, reserved 4480K
Event: 16.110 GC heap after
Heap after GC invocations=100 (full 8):
 def new generation   total 314560K, used 34944K [0x03c00000, 0x19150000, 0x19150000)
  eden space 279616K,   0% used [0x03c00000, 0x03c00000, 0x14d10000)
  from space 34944K, 100% used [0x16f30000, 0x19150000, 0x19150000)
  to   space 34944K,   0% used [0x14d10000, 0x14d10000, 0x16f30000)
 tenured generation   total 699072K, used 641656K [0x19150000, 0x43c00000, 0x43c00000)
   the space 699072K,  91% used [0x19150000, 0x403ee3d0, 0x403ee400, 0x43c00000)
 Metaspace       used 3551K, capacity 3598K, committed 3648K, reserved 4480K
}
Event: 16.976 GC heap before
{Heap before GC invocations=100 (full 8):
 def new generation   total 314560K, used 314560K [0x03c00000, 0x19150000, 0x19150000)
  eden space 279616K, 100% used [0x03c00000, 0x14d10000, 0x14d10000)
  from space 34944K, 100% used [0x16f30000, 0x19150000, 0x19150000)
  to   space 34944K,   0% used [0x14d10000, 0x14d10000, 0x16f30000)
 tenured generation   total 699072K, used 641656K [0x19150000, 0x43c00000, 0x43c00000)
   the space 699072K,  91% used [0x19150000, 0x403ee3d0, 0x403ee400, 0x43c00000)
 Metaspace       used 3551K, capacity 3598K, committed 3648K, reserved 4480K
Event: 18.379 GC heap after
Heap after GC invocations=101 (full 9):
 def new generation   total 314560K, used 0K [0x03c00000, 0x19150000, 0x19150000)
  eden space 279616K,   0% used [0x03c00000, 0x03c00000, 0x14d10000)
  from space 34944K,   0% used [0x16f30000, 0x16f30000, 0x19150000)
  to   space 34944K,   0% used [0x14d10000, 0x14d10000, 0x16f30000)
 tenured generation   total 699072K, used 602039K [0x19150000, 0x43c00000, 0x43c00000)
   the space 699072K,  86% used [0x19150000, 0x3dd3dd20, 0x3dd3de00, 0x43c00000)
 Metaspace       used 3551K, capacity 3598K, committed 3648K, reserved 4480K
}
Event: 19.785 GC heap before
{Heap before GC invocations=101 (full 9):
 def new generation   total 314560K, used 279616K [0x03c00000, 0x19150000, 0x19150000)
  eden space 279616K, 100% used [0x03c00000, 0x14d10000, 0x14d10000)
  from space 34944K,   0% used [0x16f30000, 0x16f30000, 0x19150000)
  to   space 34944K,   0% used [0x14d10000, 0x14d10000, 0x16f30000)
 tenured generation   total 699072K, used 602039K [0x19150000, 0x43c00000, 0x43c00000)
   the space 699072K,  86% used [0x19150000, 0x3dd3dd20, 0x3dd3de00, 0x43c00000)
 Metaspace       used 3551K, capacity 3598K, committed 3648K, reserved 4480K
Event: 19.909 GC heap after
Heap after GC invocations=102 (full 9):
 def new generation   total 314560K, used 34944K [0x03c00000, 0x19150000, 0x19150000)
  eden space 279616K,   0% used [0x03c00000, 0x03c00000, 0x14d10000)
  from space 34944K, 100% used [0x14d10000, 0x16f30000, 0x16f30000)
  to   space 34944K,   0% used [0x16f30000, 0x16f30000, 0x19150000)
 tenured generation   total 699072K, used 680883K [0x19150000, 0x43c00000, 0x43c00000)
   the space 699072K,  97% used [0x19150000, 0x42a3ceb0, 0x42a3d000, 0x43c00000)
 Metaspace       used 3551K, capacity 3598K, committed 3648K, reserved 4480K
}
Event: 21.158 GC heap before
{Heap before GC invocations=102 (full 9):
 def new generation   total 314560K, used 314560K [0x03c00000, 0x19150000, 0x19150000)
  eden space 279616K, 100% used [0x03c00000, 0x14d10000, 0x14d10000)
  from space 34944K, 100% used [0x14d10000, 0x16f30000, 0x16f30000)
  to   space 34944K,   0% used [0x16f30000, 0x16f30000, 0x19150000)
 tenured generation   total 699072K, used 680883K [0x19150000, 0x43c00000, 0x43c00000)
   the space 699072K,  97% used [0x19150000, 0x42a3ceb0, 0x42a3d000, 0x43c00000)
 Metaspace       used 3551K, capacity 3598K, committed 3648K, reserved 4480K
Event: 22.648 GC heap after
Heap after GC invocations=103 (full 10):
 def new generation   total 314560K, used 11600K [0x03c00000, 0x19150000, 0x19150000)
  eden space 279616K,   4% used [0x03c00000, 0x04754368, 0x14d10000)
  from space 34944K,   0% used [0x14d10000, 0x14d10000, 0x16f30000)
  to   space 34944K,   0% used [0x16f30000, 0x16f30000, 0x19150000)
 tenured generation   total 699072K, used 699071K [0x19150000, 0x43c00000, 0x43c00000)
   the space 699072K,  99% used [0x19150000, 0x43bffc30, 0x43bffe00, 0x43c00000)
 Metaspace       used 3551K, capacity 3598K, committed 3648K, reserved 4480K
}
Event: 23.941 GC heap before
{Heap before GC invocations=103 (full 10):
 def new generation   total 314560K, used 314559K [0x03c00000, 0x19150000, 0x19150000)
  eden space 279616K, 100% used [0x03c00000, 0x14d10000, 0x14d10000)
  from space 34944K,  99% used [0x14d10000, 0x16f2fff8, 0x16f30000)
  to   space 34944K,   0% used [0x16f30000, 0x16f30000, 0x19150000)
 tenured generation   total 699072K, used 699072K [0x19150000, 0x43c00000, 0x43c00000)
   the space 699072K, 100% used [0x19150000, 0x43c00000, 0x43c00000, 0x43c00000)
 Metaspace       used 3551K, capacity 3598K, committed 3648K, reserved 4480K

Deoptimization events (0 events):
No events

Internal exceptions (5 events):
Event: 0.026 Thread 0x001abc00 Exception <a 'java/lang/NoSuchMethodError': Method sun.misc.Unsafe.defineClass(Ljava/lang/String;[BII)Ljava/lang/Class; name or signature does not match> (0x03c06ea8) thrown at [C:\re\workspace\8-2-build-windows-i586-cygwin\jdk8u101\7261\hotspot\src\share\9l 5Ó£š?
Event: 0.026 Thread 0x001abc00 Exception <a 'java/lang/NoSuchMethodError': Method sun.misc.Unsafe.prefetchRead(Ljava/lang/Object;J)V name or signature does not match> (0x03c07178) thrown at [C:\re\workspace\8-2-build-windows-i586-cygwin\jdk8u101\7261\hotspot\src\share\vm\prims\jni.cpp, á¦ÄÒUûê?
Event: 0.843 Thread 0x44b6f800 Exception <a 'java/lang/ArrayIndexOutOfBoundsException': 18> (0x041b9370) thrown at [C:\re\workspace\8-2-build-windows-i586-cygwin\jdk8u101\7261\hotspot\src\share\vm\interpreter\interpreterRuntime.cpp, line 366]
Event: 0.843 Thread 0x44b6f800 Exception <a 'java/lang/ArrayIndexOutOfBoundsException': 145> (0x0420a548) thrown at [C:\re\workspace\8-2-build-windows-i586-cygwin\jdk8u101\7261\hotspot\src\share\vm\interpreter\interpreterRuntime.cpp, line 366]
Event: 0.844 Thread 0x44b6f800 Exception <a 'java/lang/ArrayIndexOutOfBoundsException': 40> (0x0420b628) thrown at [C:\re\workspace\8-2-build-windows-i586-cygwin\jdk8u101\7261\hotspot\src\share\vm\interpreter\interpreterRuntime.cpp, line 366]

Events (10 events):
Event: 18.381 Thread 0x4443a400 flushing nmethod 0x01deff08
Event: 18.381 Thread 0x4443a400 flushing nmethod 0x01e01d48
Event: 18.381 Thread 0x4443a400 flushing nmethod 0x01e02348
Event: 18.381 Thread 0x4443a400 flushing nmethod 0x01e447c8
Event: 19.785 Executing VM operation: GenCollectForAllocation
Event: 19.909 Executing VM operation: GenCollectForAllocation done
Event: 21.158 Executing VM operation: GenCollectForAllocation
Event: 22.648 Executing VM operation: GenCollectForAllocation done
Event: 22.946 Thread 0x4443a400 flushing nmethod 0x01ede788
Event: 23.941 Executing VM operation: GenCollectForAllocation


Dynamic libraries:
0x013b0000 - 0x013e3000 	C:\Program Files\Java\jdk1.8.0_101\bin\java.exe
0x77b90000 - 0x77ccc000 	C:\Windows\SYSTEM32\ntdll.dll
0x760c0000 - 0x76194000 	C:\Windows\system32\kernel32.dll
0x75d60000 - 0x75daa000 	C:\Windows\system32\KERNELBASE.dll
0x76440000 - 0x764e0000 	C:\Windows\system32\ADVAPI32.dll
0x76870000 - 0x7691c000 	C:\Windows\system32\msvcrt.dll
0x77940000 - 0x77959000 	C:\Windows\SYSTEM32\sechost.dll
0x76270000 - 0x76311000 	C:\Windows\system32\RPCRT4.dll
0x77960000 - 0x77a29000 	C:\Windows\system32\USER32.dll
0x75fe0000 - 0x7602e000 	C:\Windows\system32\GDI32.dll
0x76920000 - 0x7692a000 	C:\Windows\system32\LPK.dll
0x761d0000 - 0x7626d000 	C:\Windows\system32\USP10.dll
0x749f0000 - 0x74b8e000 	C:\Windows\WinSxS\x86_microsoft.windows.common-controls_6595b64144ccf1df_6.0.7600.16385_none_421189da2b7fabfc\COMCTL32.dll
0x76730000 - 0x76787000 	C:\Windows\system32\SHLWAPI.dll
0x76320000 - 0x7633f000 	C:\Windows\system32\IMM32.DLL
0x76790000 - 0x7685c000 	C:\Windows\system32\MSCTF.dll
0x69820000 - 0x698df000 	C:\Program Files\Java\jdk1.8.0_101\jre\bin\msvcr100.dll
0x50320000 - 0x506ec000 	C:\Program Files\Java\jdk1.8.0_101\jre\bin\client\jvm.dll
0x71290000 - 0x71297000 	C:\Windows\system32\WSOCK32.dll
0x77cd0000 - 0x77d05000 	C:\Windows\system32\WS2_32.dll
0x76860000 - 0x76866000 	C:\Windows\system32\NSI.dll
0x71490000 - 0x714c2000 	C:\Windows\system32\WINMM.dll
0x75020000 - 0x75029000 	C:\Windows\system32\VERSION.dll
0x77da0000 - 0x77da5000 	C:\Windows\system32\PSAPI.DLL
0x62550000 - 0x6255c000 	C:\Program Files\Java\jdk1.8.0_101\jre\bin\verify.dll
0x62520000 - 0x62541000 	C:\Program Files\Java\jdk1.8.0_101\jre\bin\java.dll
0x62500000 - 0x62513000 	C:\Program Files\Java\jdk1.8.0_101\jre\bin\zip.dll
0x76a70000 - 0x776b9000 	C:\Windows\system32\SHELL32.dll
0x77a30000 - 0x77b8c000 	C:\Windows\system32\ole32.dll
0x75ce0000 - 0x75ceb000 	C:\Windows\system32\profapi.dll
0x739f0000 - 0x73adb000 	C:\Windows\system32\dbghelp.dll

VM Arguments:
jvm_args: -Djava.awt.headless=true -Xmx1024M -Dfile.encoding=windows-1252 -Duser.country=US -Duser.language=en -Duser.variant 
java_command: com.android.dx.command.Main --dex --num-threads=4 --multi-dex --main-dex-list E:\SandeepProjectResources\MobipugNew\Mobipug27.10.18\MobipugSource\app\build\intermediates\multi-dex\debug\maindexlist.txt --output E:\SandeepProjectResources\MobipugNew\Mobipug27.10.18\MobipugSource\app\build\intermediates\transforms\dex\debug\folders\1000\1f\main E:\SandeepProjectResources\MobipugNew\Mobipug27.10.18\MobipugSource\app\build\intermediates\transforms\jarMerging\debug\jars\1\1f\combined.jar
java_class_path (initial): C:\Users\android-4\AppData\Local\Android\Sdk\build-tools\26.0.2\lib\dx.jar
Launcher Type: SUN_STANDARD

Environment Variables:
PATH=C:\ProgramData\Oracle\Java\javapath;C:\Windows\system32;C:\Windows;C:\Windows\System32\Wbem;C:\Windows\System32\WindowsPowerShell\v1.0\;C:\Program Files\Intel\OpenCL SDK\2.0\bin\x86;C:\Program Files\Skype\Phone\
USERNAME=android-4
OS=Windows_NT
PROCESSOR_IDENTIFIER=x86 Family 6 Model 42 Stepping 7, GenuineIntel



---------------  S Y S T E M  ---------------

OS: Windows 7 Build 7600 (6.1.7600.16385)

CPU:total 4 (2 cores per cpu, 2 threads per core) family 6 model 42 stepping 7, cmov, cx8, fxsr, mmx, sse, sse2, sse3, ssse3, sse4.1, sse4.2, popcnt, clmul, ht, tsc, tscinvbit

Memory: 4k page, physical 3578328k(136828k free), swap 24056564k(19431764k free)

vm_info: Java HotSpot(TM) Client VM (25.101-b13) for windows-x86 JRE (1.8.0_101-b13), built on Jun 22 2016 00:45:44 by "java_re" with MS VC++ 10.0 (VS2010)

time: Thu Nov 08 11:17:44 2018
elapsed time: 25 seconds (0d 0h 0m 25s)

