#
# A fatal error has been detected by the Java Runtime Environment:
#
#  EXCEPTION_ACCESS_VIOLATION (0xc0000005) at pc=0x6c8e5a78, pid=4432, tid=0x00000a14
#
# JRE version: Java(TM) SE Runtime Environment (8.0_101-b13) (build 1.8.0_101-b13)
# Java VM: Java HotSpot(TM) Client VM (25.101-b13 mixed mode windows-x86 )
# Problematic frame:
# V  [jvm.dll+0xa5a78]
#
# Failed to write core dump. Minidumps are not enabled by default on client versions of Windows
#
# If you would like to submit a bug report, please visit:
#   http://bugreport.java.com/bugreport/crash.jsp
#

---------------  T H R E A D  ---------------

Current thread (0x443ea800):  VMThread [stack: 0x445d0000,0x44620000] [id=2580]

siginfo: ExceptionCode=0xc0000005, reading address 0x00000075

Registers:
EAX=0x00000001, EBX=0x4461f264, ECX=0x43f702a8, EDX=0x3ffffffe
ESP=0x4461f218, EBP=0x4461f240, ESI=0x174ac1f8, EDI=0x174af0d8
EIP=0x6c8e5a78, EFLAGS=0x00010246

Top of Stack: (sp=0x4461f218)
0x4461f218:   01652af8 4461f264 00000001 01652af8
0x4461f228:   19150000 174ac180 174ac1f8 16f30000
0x4461f238:   00000000 0c9d4278 4461f254 6c8d9ba2
0x4461f248:   4461f264 0164f210 0164f210 4461f270
0x4461f258:   6c8d85bd 4461f264 0164f210 01651c88
0x4461f268:   01652660 14d10000 4461f35c 6c8db4be
0x4461f278:   443d8518 016c3230 01654050 6cb1b934
0x4461f288:   00000100 016c3230 00000000 07d6d39d 

Instructions: (pc=0x6c8e5a78)
0x6c8e5a58:   d3 e3 4a c1 f8 10 25 ff 00 00 00 03 da 03 c3 8b
0x6c8e5a68:   5d 08 f7 d2 c1 e8 02 c1 ea 02 23 c2 eb 08 8b 01
0x6c8e5a78:   8b 50 74 57 ff d2 8d 3c 87 3b 7d e8 73 09 8b 07
0x6c8e5a88:   83 e0 03 3c 03 75 a6 83 7d f8 00 76 5f 3b 75 fc 


Register to memory mapping:

EAX=0x00000001 is an unknown value
EBX=0x4461f264 is an unknown value
ECX=0x43f702a8 is pointing into metadata
EDX=0x3ffffffe is pointing into object: 0x3fffffe8
com.android.dx.dex.code.LocalSnapshot 
 - klass: 'com/android/dx/dex/code/LocalSnapshot'
ESP=0x4461f218 is an unknown value
EBP=0x4461f240 is an unknown value
ESI=
[error occurred during error reporting (printing register info), id 0xc0000005]

Stack: [0x445d0000,0x44620000],  sp=0x4461f218,  free space=316k
Native frames: (J=compiled Java code, j=interpreted, Vv=VM code, C=native code)
V  [jvm.dll+0xa5a78]
V  [jvm.dll+0x99ba2]
V  [jvm.dll+0x985bd]
V  [jvm.dll+0x9b4be]
V  [jvm.dll+0x9a27f]
V  [jvm.dll+0xa64b2]
V  [jvm.dll+0x98e73]
V  [jvm.dll+0x92e25]
V  [jvm.dll+0x1b81c6]
V  [jvm.dll+0x18292b]
V  [jvm.dll+0x181d31]
V  [jvm.dll+0x182147]
V  [jvm.dll+0x182342]
V  [jvm.dll+0x1c1ed6]
C  [msvcr100.dll+0x5c556]
C  [msvcr100.dll+0x5c600]
C  [kernel32.dll+0x51174]
C  [ntdll.dll+0x5b3f5]
C  [ntdll.dll+0x5b3c8]

VM_Operation (0x44c7ea94): GenCollectForAllocation, mode: safepoint, requested by thread 0x445b9400


---------------  P R O C E S S  ---------------

Java Threads: ( => current thread )
  0x445bb000 JavaThread "pool-1-thread-1" [_thread_blocked, id=912, stack(0x487f0000,0x48840000)]
  0x445ba400 JavaThread "pool-2-thread-4" [_thread_blocked, id=4520, stack(0x44b60000,0x44bb0000)]
  0x445b9c00 JavaThread "pool-2-thread-3" [_thread_blocked, id=5708, stack(0x03bb0000,0x03c00000)]
  0x445b9400 JavaThread "pool-2-thread-2" [_thread_blocked, id=3048, stack(0x44c30000,0x44c80000)]
  0x44595c00 JavaThread "pool-3-thread-1" [_thread_blocked, id=2076, stack(0x44be0000,0x44c30000)]
  0x44598000 JavaThread "pool-2-thread-1" [_thread_blocked, id=4540, stack(0x44a10000,0x44a60000)]
  0x4444c000 JavaThread "Service Thread" daemon [_thread_blocked, id=4844, stack(0x44980000,0x449d0000)]
  0x44439c00 JavaThread "C1 CompilerThread0" daemon [_thread_blocked, id=3292, stack(0x446b0000,0x44700000)]
  0x44439000 JavaThread "Attach Listener" daemon [_thread_blocked, id=4368, stack(0x44930000,0x44980000)]
  0x44436000 JavaThread "Signal Dispatcher" daemon [_thread_blocked, id=2948, stack(0x44890000,0x448e0000)]
  0x44416c00 JavaThread "Finalizer" daemon [_thread_blocked, id=5456, stack(0x44660000,0x446b0000)]
  0x443f0400 JavaThread "Reference Handler" daemon [_thread_blocked, id=5220, stack(0x44740000,0x44790000)]
  0x0173bc00 JavaThread "main" [_thread_blocked, id=5452, stack(0x01840000,0x01890000)]

Other Threads:
=>0x443ea800 VMThread [stack: 0x445d0000,0x44620000] [id=2580]
  0x44433800 WatcherThread [stack: 0x44a90000,0x44ae0000] [id=1076]

VM state:at safepoint (normal execution)

VM Mutex/Monitor currently owned by a thread:  ([mutex/lock_event])
[0x0173a230] Threads_lock - owner thread: 0x443ea800
[0x0173a640] Heap_lock - owner thread: 0x445b9400

Heap:
 def new generation   total 314560K, used 314560K [0x03c00000, 0x19150000, 0x19150000)
  eden space 279616K, 100% used [0x03c00000, 0x14d10000, 0x14d10000)
  from space 34944K, 100% used [0x16f30000, 0x19150000, 0x19150000)
  to   space 34944K,   0% used [0x14d10000, 0x14d10000, 0x16f30000)
 tenured generation   total 699072K, used 699072K [0x19150000, 0x43c00000, 0x43c00000)
   the space 699072K, 100% used [0x19150000, 0x43c00000, 0x43c00000, 0x43c00000)
 Metaspace       used 3629K, capacity 3662K, committed 3776K, reserved 4480K

Card table byte_map: [0x43c00000,0x43e10000] byte_map_base: 0x43be2000

Polling page: 0x00140000

CodeCache: size=32768Kb used=3902Kb max_used=3902Kb free=28866Kb
 bounds [0x01b60000, 0x01f30000, 0x03b60000]
 total_blobs=2102 nmethods=1955 adapters=77
 compilation: enabled

Compilation events (10 events):
Event: 42.463 Thread 0x44439c00 nmethod 1968 0x01f2e848 code [0x01f2e960, 0x01f2ead8]
Event: 42.463 Thread 0x44439c00 1969             com.android.dx.dex.file.CodeItem$1::getIndex (20 bytes)
Event: 42.463 Thread 0x44439c00 nmethod 1969 0x01f2ebc8 code [0x01f2ece0, 0x01f2ee08]
Event: 42.463 Thread 0x44439c00 1970             com.android.dx.dex.file.DexFile::findItemOrNull (136 bytes)
Event: 42.464 Thread 0x44439c00 nmethod 1970 0x01f2ef08 code [0x01f2f0a0, 0x01f2f49c]
Event: 42.465 Thread 0x44439c00 1971             com.android.dx.dex.code.InsnFormat::unsignedFitsInShort (14 bytes)
Event: 42.465 Thread 0x44439c00 nmethod 1971 0x01f2f788 code [0x01f2f880, 0x01f2f910]
Event: 42.472 Thread 0x44439c00 1972             com.android.dx.dex.code.form.Form35c::wordCount (74 bytes)
Event: 42.472 Thread 0x44439c00 nmethod 1972 0x01f2f948 code [0x01f2fa90, 0x01f2fc7c]
Event: 42.472 Thread 0x44439c00 1973             com.android.dx.dex.code.CstInsn::getIndex (42 bytes)

GC Heap History (10 events):
Event: 30.632 GC heap after
Heap after GC invocations=109 (full 14):
 def new generation   total 314560K, used 6123K [0x03c00000, 0x19150000, 0x19150000)
  eden space 279616K,   2% used [0x03c00000, 0x041faf50, 0x14d10000)
  from space 34944K,   0% used [0x16f30000, 0x16f30000, 0x19150000)
  to   space 34944K,   0% used [0x14d10000, 0x14d10000, 0x16f30000)
 tenured generation   total 699072K, used 699071K [0x19150000, 0x43c00000, 0x43c00000)
   the space 699072K,  99% used [0x19150000, 0x43bfffd0, 0x43c00000, 0x43c00000)
 Metaspace       used 3551K, capacity 3598K, committed 3648K, reserved 4480K
}
Event: 31.567 GC heap before
{Heap before GC invocations=109 (full 14):
 def new generation   total 314560K, used 314559K [0x03c00000, 0x19150000, 0x19150000)
  eden space 279616K, 100% used [0x03c00000, 0x14d10000, 0x14d10000)
  from space 34944K,  99% used [0x16f30000, 0x1914fff8, 0x19150000)
  to   space 34944K,   0% used [0x14d10000, 0x14d10000, 0x16f30000)
 tenured generation   total 699072K, used 699071K [0x19150000, 0x43c00000, 0x43c00000)
   the space 699072K,  99% used [0x19150000, 0x43bffff0, 0x43c00000, 0x43c00000)
 Metaspace       used 3570K, capacity 3598K, committed 3648K, reserved 4480K
Event: 33.373 GC heap after
Heap after GC invocations=110 (full 15):
 def new generation   total 314560K, used 51535K [0x03c00000, 0x19150000, 0x19150000)
  eden space 279616K,  18% used [0x03c00000, 0x06e53f60, 0x14d10000)
  from space 34944K,   0% used [0x16f30000, 0x16f30000, 0x19150000)
  to   space 34944K,   0% used [0x14d10000, 0x14d10000, 0x16f30000)
 tenured generation   total 699072K, used 699071K [0x19150000, 0x43c00000, 0x43c00000)
   the space 699072K,  99% used [0x19150000, 0x43bffff0, 0x43c00000, 0x43c00000)
 Metaspace       used 3570K, capacity 3598K, committed 3648K, reserved 4480K
}
Event: 34.130 GC heap before
{Heap before GC invocations=110 (full 15):
 def new generation   total 314560K, used 314559K [0x03c00000, 0x19150000, 0x19150000)
  eden space 279616K, 100% used [0x03c00000, 0x14d10000, 0x14d10000)
  from space 34944K,  99% used [0x16f30000, 0x1914fff0, 0x19150000)
  to   space 34944K,   0% used [0x14d10000, 0x14d10000, 0x16f30000)
 tenured generation   total 699072K, used 699071K [0x19150000, 0x43c00000, 0x43c00000)
   the space 699072K,  99% used [0x19150000, 0x43bffff0, 0x43c00000, 0x43c00000)
 Metaspace       used 3580K, capacity 3598K, committed 3648K, reserved 4480K
Event: 36.409 GC heap after
Heap after GC invocations=111 (full 16):
 def new generation   total 314560K, used 58639K [0x03c00000, 0x19150000, 0x19150000)
  eden space 279616K,  20% used [0x03c00000, 0x07543c38, 0x14d10000)
  from space 34944K,   0% used [0x16f30000, 0x16f30000, 0x19150000)
  to   space 34944K,   0% used [0x14d10000, 0x14d10000, 0x16f30000)
 tenured generation   total 699072K, used 699071K [0x19150000, 0x43c00000, 0x43c00000)
   the space 699072K,  99% used [0x19150000, 0x43bfffe8, 0x43c00000, 0x43c00000)
 Metaspace       used 3580K, capacity 3598K, committed 3648K, reserved 4480K
}
Event: 37.189 GC heap before
{Heap before GC invocations=111 (full 16):
 def new generation   total 314560K, used 314560K [0x03c00000, 0x19150000, 0x19150000)
  eden space 279616K, 100% used [0x03c00000, 0x14d10000, 0x14d10000)
  from space 34944K, 100% used [0x16f30000, 0x19150000, 0x19150000)
  to   space 34944K,   0% used [0x14d10000, 0x14d10000, 0x16f30000)
 tenured generation   total 699072K, used 699072K [0x19150000, 0x43c00000, 0x43c00000)
   the space 699072K, 100% used [0x19150000, 0x43c00000, 0x43c00000, 0x43c00000)
 Metaspace       used 3580K, capacity 3598K, committed 3648K, reserved 4480K
Event: 39.186 GC heap after
Heap after GC invocations=112 (full 17):
 def new generation   total 314560K, used 90448K [0x03c00000, 0x19150000, 0x19150000)
  eden space 279616K,  32% used [0x03c00000, 0x09454180, 0x14d10000)
  from space 34944K,   0% used [0x16f30000, 0x16f30000, 0x19150000)
  to   space 34944K,   0% used [0x14d10000, 0x14d10000, 0x16f30000)
 tenured generation   total 699072K, used 699072K [0x19150000, 0x43c00000, 0x43c00000)
   the space 699072K, 100% used [0x19150000, 0x43c00000, 0x43c00000, 0x43c00000)
 Metaspace       used 3580K, capacity 3598K, committed 3648K, reserved 4480K
}
Event: 39.861 GC heap before
{Heap before GC invocations=112 (full 17):
 def new generation   total 314560K, used 314559K [0x03c00000, 0x19150000, 0x19150000)
  eden space 279616K, 100% used [0x03c00000, 0x14d10000, 0x14d10000)
  from space 34944K,  99% used [0x16f30000, 0x1914fff8, 0x19150000)
  to   space 34944K,   0% used [0x14d10000, 0x14d10000, 0x16f30000)
 tenured generation   total 699072K, used 699072K [0x19150000, 0x43c00000, 0x43c00000)
   the space 699072K, 100% used [0x19150000, 0x43c00000, 0x43c00000, 0x43c00000)
 Metaspace       used 3584K, capacity 3598K, committed 3648K, reserved 4480K
Event: 41.887 GC heap after
Heap after GC invocations=113 (full 18):
 def new generation   total 314560K, used 122847K [0x03c00000, 0x19150000, 0x19150000)
  eden space 279616K,  43% used [0x03c00000, 0x0b3f7df8, 0x14d10000)
  from space 34944K,   0% used [0x16f30000, 0x16f30000, 0x19150000)
  to   space 34944K,   0% used [0x14d10000, 0x14d10000, 0x16f30000)
 tenured generation   total 699072K, used 699072K [0x19150000, 0x43c00000, 0x43c00000)
   the space 699072K, 100% used [0x19150000, 0x43c00000, 0x43c00000, 0x43c00000)
 Metaspace       used 3584K, capacity 3598K, committed 3648K, reserved 4480K
}
Event: 42.473 GC heap before
{Heap before GC invocations=113 (full 18):
 def new generation   total 314560K, used 314560K [0x03c00000, 0x19150000, 0x19150000)
  eden space 279616K, 100% used [0x03c00000, 0x14d10000, 0x14d10000)
  from space 34944K, 100% used [0x16f30000, 0x19150000, 0x19150000)
  to   space 34944K,   0% used [0x14d10000, 0x14d10000, 0x16f30000)
 tenured generation   total 699072K, used 699072K [0x19150000, 0x43c00000, 0x43c00000)
   the space 699072K, 100% used [0x19150000, 0x43c00000, 0x43c00000, 0x43c00000)
 Metaspace       used 3629K, capacity 3662K, committed 3776K, reserved 4480K

Deoptimization events (0 events):
No events

Internal exceptions (5 events):
Event: 0.037 Thread 0x0173bc00 Exception <a 'java/lang/NoSuchMethodError': Method sun.misc.Unsafe.defineClass(Ljava/lang/String;[BII)Ljava/lang/Class; name or signature does not match> (0x03c06ea8) thrown at [C:\re\workspace\8-2-build-windows-i586-cygwin\jdk8u101\7261\hotspot\src\share\#Ü∑»ˇæ¢?
Event: 0.037 Thread 0x0173bc00 Exception <a 'java/lang/NoSuchMethodError': Method sun.misc.Unsafe.prefetchRead(Ljava/lang/Object;J)V name or signature does not match> (0x03c07178) thrown at [C:\re\workspace\8-2-build-windows-i586-cygwin\jdk8u101\7261\hotspot\src\share\vm\prims\jni.cpp, iÁëèÎ?
Event: 0.861 Thread 0x445b9400 Exception <a 'java/lang/ArrayIndexOutOfBoundsException': 18> (0x04238fc8) thrown at [C:\re\workspace\8-2-build-windows-i586-cygwin\jdk8u101\7261\hotspot\src\share\vm\interpreter\interpreterRuntime.cpp, line 366]
Event: 0.862 Thread 0x445b9400 Exception <a 'java/lang/ArrayIndexOutOfBoundsException': 145> (0x0423a868) thrown at [C:\re\workspace\8-2-build-windows-i586-cygwin\jdk8u101\7261\hotspot\src\share\vm\interpreter\interpreterRuntime.cpp, line 366]
Event: 0.862 Thread 0x445b9400 Exception <a 'java/lang/ArrayIndexOutOfBoundsException': 40> (0x0423b948) thrown at [C:\re\workspace\8-2-build-windows-i586-cygwin\jdk8u101\7261\hotspot\src\share\vm\interpreter\interpreterRuntime.cpp, line 366]

Events (10 events):
Event: 42.374 loading class com/android/dx/dex/code/CatchHandlerList done
Event: 42.375 loading class com/android/dx/dex/code/CatchTable
Event: 42.375 loading class com/android/dx/dex/code/CatchTable done
Event: 42.375 loading class com/android/dx/dex/code/LocalList$Disposition
Event: 42.375 loading class com/android/dx/dex/code/LocalList$Disposition done
Event: 42.376 loading class com/android/dx/dex/code/LocalList$Entry
Event: 42.376 loading class com/android/dx/dex/code/LocalList$Entry done
Event: 42.391 loading class com/android/dx/rop/code/RegisterSpecList$Expander
Event: 42.391 loading class com/android/dx/rop/code/RegisterSpecList$Expander done
Event: 42.472 Executing VM operation: GenCollectForAllocation


Dynamic libraries:
0x009f0000 - 0x00a23000 	C:\Program Files\Java\jdk1.8.0_101\bin\java.exe
0x778a0000 - 0x779dc000 	C:\Windows\SYSTEM32\ntdll.dll
0x77410000 - 0x774e4000 	C:\Windows\system32\kernel32.dll
0x75ca0000 - 0x75cea000 	C:\Windows\system32\KERNELBASE.dll
0x76f00000 - 0x76fa0000 	C:\Windows\system32\ADVAPI32.dll
0x777f0000 - 0x7789c000 	C:\Windows\system32\msvcrt.dll
0x75d50000 - 0x75d69000 	C:\Windows\SYSTEM32\sechost.dll
0x770f0000 - 0x77191000 	C:\Windows\system32\RPCRT4.dll
0x76e30000 - 0x76ef9000 	C:\Windows\system32\USER32.dll
0x773c0000 - 0x7740e000 	C:\Windows\system32\GDI32.dll
0x77a40000 - 0x77a4a000 	C:\Windows\system32\LPK.dll
0x77750000 - 0x777ed000 	C:\Windows\system32\USP10.dll
0x74760000 - 0x748fe000 	C:\Windows\WinSxS\x86_microsoft.windows.common-controls_6595b64144ccf1df_6.0.7600.16385_none_421189da2b7fabfc\COMCTL32.dll
0x771a0000 - 0x771f7000 	C:\Windows\system32\SHLWAPI.dll
0x77a20000 - 0x77a3f000 	C:\Windows\system32\IMM32.DLL
0x769c0000 - 0x76a8c000 	C:\Windows\system32\MSCTF.dll
0x77cb0000 - 0x77d6f000 	C:\Program Files\Java\jdk1.8.0_101\jre\bin\msvcr100.dll
0x6c840000 - 0x6cc0c000 	C:\Program Files\Java\jdk1.8.0_101\jre\bin\client\jvm.dll
0x70f10000 - 0x70f17000 	C:\Windows\system32\WSOCK32.dll
0x75cf0000 - 0x75d25000 	C:\Windows\system32\WS2_32.dll
0x75d30000 - 0x75d36000 	C:\Windows\system32\NSI.dll
0x710d0000 - 0x71102000 	C:\Windows\system32\WINMM.dll
0x74ef0000 - 0x74ef9000 	C:\Windows\system32\VERSION.dll
0x75d40000 - 0x75d45000 	C:\Windows\system32\PSAPI.DLL
0x67480000 - 0x6748c000 	C:\Program Files\Java\jdk1.8.0_101\jre\bin\verify.dll
0x65930000 - 0x65951000 	C:\Program Files\Java\jdk1.8.0_101\jre\bin\java.dll
0x65910000 - 0x65923000 	C:\Program Files\Java\jdk1.8.0_101\jre\bin\zip.dll
0x75d70000 - 0x769b9000 	C:\Windows\system32\SHELL32.dll
0x77260000 - 0x773bc000 	C:\Windows\system32\ole32.dll
0x759f0000 - 0x759fb000 	C:\Windows\system32\profapi.dll
0x73750000 - 0x7383b000 	C:\Windows\system32\dbghelp.dll

VM Arguments:
jvm_args: -Djava.awt.headless=true -Xmx1024M -Dfile.encoding=windows-1252 -Duser.country=US -Duser.language=en -Duser.variant 
java_command: com.android.dx.command.Main --dex --num-threads=4 --multi-dex --main-dex-list E:\SandeepProjectResources\MobipugNew\Mobipug27.10.18\MobipugSource\app\build\intermediates\multi-dex\debug\maindexlist.txt --output E:\SandeepProjectResources\MobipugNew\Mobipug27.10.18\MobipugSource\app\build\intermediates\transforms\dex\debug\folders\1000\1f\main E:\SandeepProjectResources\MobipugNew\Mobipug27.10.18\MobipugSource\app\build\intermediates\transforms\jarMerging\debug\jars\1\1f\combined.jar
java_class_path (initial): C:\Users\android-4\AppData\Local\Android\Sdk\build-tools\26.0.2\lib\dx.jar
Launcher Type: SUN_STANDARD

Environment Variables:
PATH=C:\ProgramData\Oracle\Java\javapath;C:\Windows\system32;C:\Windows;C:\Windows\System32\Wbem;C:\Windows\System32\WindowsPowerShell\v1.0\;C:\Program Files\Intel\OpenCL SDK\2.0\bin\x86;C:\Program Files\Skype\Phone\
USERNAME=android-4
OS=Windows_NT
PROCESSOR_IDENTIFIER=x86 Family 6 Model 42 Stepping 7, GenuineIntel



---------------  S Y S T E M  ---------------

OS: Windows 7 Build 7600 (6.1.7600.16385)

CPU:total 4 (2 cores per cpu, 2 threads per core) family 6 model 42 stepping 7, cmov, cx8, fxsr, mmx, sse, sse2, sse3, ssse3, sse4.1, sse4.2, popcnt, clmul, ht, tsc, tscinvbit

Memory: 4k page, physical 3578328k(450124k free), swap 24056564k(19960564k free)

vm_info: Java HotSpot(TM) Client VM (25.101-b13) for windows-x86 JRE (1.8.0_101-b13), built on Jun 22 2016 00:45:44 by "java_re" with MS VC++ 10.0 (VS2010)

time: Sat Nov 17 10:37:46 2018
elapsed time: 43 seconds (0d 0h 0m 43s)

