#
# A fatal error has been detected by the Java Runtime Environment:
#
#  EXCEPTION_ACCESS_VIOLATION (0xc0000005) at pc=0x64eba869, pid=8092, tid=0x000017c8
#
# JRE version: Java(TM) SE Runtime Environment (8.0_101-b13) (build 1.8.0_101-b13)
# Java VM: Java HotSpot(TM) Client VM (25.101-b13 mixed mode windows-x86 )
# Problematic frame:
# V  [jvm.dll+0xba869]
#
# Failed to write core dump. Minidumps are not enabled by default on client versions of Windows
#
# If you would like to submit a bug report, please visit:
#   http://bugreport.java.com/bugreport/crash.jsp
#

---------------  T H R E A D  ---------------

Current thread (0x443da800):  VMThread [stack: 0x03d60000,0x03db0000] [id=6088]

siginfo: ExceptionCode=0xc0000005, reading address 0x00000060

Registers:
EAX=0x00000000, EBX=0x00000016, ECX=0x1f838028, EDX=0x00000000
ESP=0x03daf150, EBP=0x03daf150, ESI=0x1f74a820, EDI=0x1f838028
EIP=0x64eba869, EFLAGS=0x00010293

Top of Stack: (sp=0x03daf150)
0x03daf150:   03daf164 64ebd750 1f74a820 1f651134
0x03daf160:   1f6510dc 03daf180 64ed2c98 00000003
0x03daf170:   1f6510d0 44298ec8 4457efcc 00000016
0x03daf180:   03daf198 64ed2e0d 1f6510d0 00000000
0x03daf190:   651694cc 4457efc8 03daf1b8 64fb4db1
0x03daf1a0:   193bb640 651694cc 4457efc8 4457efcc
0x03daf1b0:   651694cc 4457efc8 03daf1c4 64fb4fac
0x03daf1c0:   00000003 03daf1e0 64f5883a 4457efc8 

Instructions: (pc=0x64eba869)
0x64eba849:   ff 75 06 33 c0 5d c2 04 00 b8 01 00 00 00 5d c2
0x64eba859:   04 00 83 e0 07 83 f8 05 74 1e 8b 55 08 8b 52 04
0x64eba869:   8b 52 60 83 e2 07 80 fa 05 74 13 83 f8 01 75 0e
0x64eba879:   f7 c1 80 ff ff ff 75 06 32 c0 5d c2 04 00 b0 01 


Register to memory mapping:

EAX=0x00000000 is an unknown value
EBX=0x00000016 is an unknown value
ECX=0x1f838028 is an oop
com.android.dx.rop.code.RegisterSpecSet 
 - klass: 'com/android/dx/rop/code/RegisterSpecSet'
EDX=0x00000000 is an unknown value
ESP=0x03daf150 is an unknown value
EBP=0x03daf150 is an unknown value
ESI=0x1f74a820 is pointing into object: 0x1f74a808
com.android.dx.dex.code.LocalSnapshot 
 - klass: 'com/android/dx/dex/code/LocalSnapshot'
EDI=0x1f838028 is an oop
com.android.dx.rop.code.RegisterSpecSet 
 - klass: 'com/android/dx/rop/code/RegisterSpecSet'


Stack: [0x03d60000,0x03db0000],  sp=0x03daf150,  free space=316k
Native frames: (J=compiled Java code, j=interpreted, Vv=VM code, C=native code)
V  [jvm.dll+0xba869]
V  [jvm.dll+0xbd750]
V  [jvm.dll+0xd2c98]
V  [jvm.dll+0xd2e0d]
V  [jvm.dll+0x1b4db1]
V  [jvm.dll+0x1b4fac]
V  [jvm.dll+0x15883a]
V  [jvm.dll+0x179eef]
V  [jvm.dll+0x1789ea]
V  [jvm.dll+0x97fb0]
V  [jvm.dll+0x992a1]
V  [jvm.dll+0x9b020]
V  [jvm.dll+0x9b489]
V  [jvm.dll+0x9a27f]
V  [jvm.dll+0xa64b2]
V  [jvm.dll+0x98e73]
V  [jvm.dll+0x92e25]
V  [jvm.dll+0x1b81c6]
V  [jvm.dll+0x18292b]
V  [jvm.dll+0x181d31]
V  [jvm.dll+0x182147]
V  [jvm.dll+0x182342]
V  [jvm.dll+0x1c1ed6]
C  [msvcr100.dll+0x5c556]
C  [msvcr100.dll+0x5c600]
C  [kernel32.dll+0x51174]
C  [ntdll.dll+0x5b3f5]
C  [ntdll.dll+0x5b3c8]

VM_Operation (0x44adf314): GenCollectForAllocation, mode: safepoint, requested by thread 0x4457ec00


---------------  P R O C E S S  ---------------

Java Threads: ( => current thread )
  0x4457ec00 JavaThread "pool-2-thread-4" [_thread_blocked, id=4092, stack(0x44a90000,0x44ae0000)]
  0x4457bc00 JavaThread "pool-2-thread-3" [_thread_blocked, id=6156, stack(0x447a0000,0x447f0000)]
  0x44554c00 JavaThread "pool-2-thread-2" [_thread_blocked, id=984, stack(0x449a0000,0x449f0000)]
  0x4457f800 JavaThread "pool-3-thread-1" [_thread_blocked, id=7124, stack(0x44a00000,0x44a50000)]
  0x44553800 JavaThread "pool-2-thread-1" [_thread_blocked, id=4752, stack(0x44700000,0x44750000)]
  0x4443c000 JavaThread "Service Thread" daemon [_thread_blocked, id=368, stack(0x448f0000,0x44940000)]
  0x4442b000 JavaThread "C1 CompilerThread0" daemon [_thread_blocked, id=4004, stack(0x44890000,0x448e0000)]
  0x4442a000 JavaThread "Attach Listener" daemon [_thread_blocked, id=3180, stack(0x44840000,0x44890000)]
  0x44427000 JavaThread "Signal Dispatcher" daemon [_thread_blocked, id=3452, stack(0x446a0000,0x446f0000)]
  0x44406c00 JavaThread "Finalizer" daemon [_thread_blocked, id=4104, stack(0x00610000,0x00660000)]
  0x443e0400 JavaThread "Reference Handler" daemon [_thread_blocked, id=7068, stack(0x005c0000,0x00610000)]
  0x002cbc00 JavaThread "main" [_thread_blocked, id=5168, stack(0x00b70000,0x00bc0000)]

Other Threads:
=>0x443da800 VMThread [stack: 0x03d60000,0x03db0000] [id=6088]
  0x4441fc00 WatcherThread [stack: 0x44950000,0x449a0000] [id=5164]

VM state:at safepoint (normal execution)

VM Mutex/Monitor currently owned by a thread:  ([mutex/lock_event])
[0x002ca1d0] Threads_lock - owner thread: 0x443da800
[0x002ca5e0] Heap_lock - owner thread: 0x4457ec00

Heap:
 def new generation   total 63552K, used 7039K [0x03e00000, 0x082f0000, 0x19350000)
  eden space 56512K,   0% used [0x03e00000, 0x03e00000, 0x07530000)
  from space 7040K,  99% used [0x07530000, 0x07c0fff8, 0x07c10000)
  to   space 7040K,   0% used [0x07c10000, 0x07c10000, 0x082f0000)
 tenured generation   total 147300K, used 147242K [0x19350000, 0x22329000, 0x43e00000)
   the space 147300K,  99% used [0x19350000, 0x2231a998, 0x2231aa00, 0x22329000)
 Metaspace       used 3527K, capacity 3560K, committed 3648K, reserved 4480K

Card table byte_map: [0x00bc0000,0x00dd0000] byte_map_base: 0x00ba1000

Polling page: 0x00140000

CodeCache: size=32768Kb used=3352Kb max_used=3352Kb free=29415Kb
 bounds [0x01cf0000, 0x02038000, 0x03cf0000]
 total_blobs=1756 nmethods=1611 adapters=75
 compilation: enabled

Compilation events (10 events):
Event: 3.654 Thread 0x4442b000 1609             com.android.dx.command.dexer.Main$NotFilter::accept (19 bytes)
Event: 3.654 Thread 0x4442b000 nmethod 1609 0x02034ec8 code [0x02034fd0, 0x0203507c]
Event: 3.684 Thread 0x4442b000 1610             java.util.Vector::grow (57 bytes)
Event: 3.684 Thread 0x4442b000 nmethod 1610 0x02035108 code [0x02035220, 0x02035398]
Event: 3.685 Thread 0x4442b000 1611             com.android.dx.dex.code.BlockAddresses::getStart (7 bytes)
Event: 3.685 Thread 0x4442b000 nmethod 1611 0x020354c8 code [0x020355c0, 0x02035660]
Event: 3.690 Thread 0x4442b000 1612             com.android.dx.dex.file.AnnotationsDirectoryItem::addMethodAnnotations (44 bytes)
Event: 3.691 Thread 0x4442b000 nmethod 1612 0x02035708 code [0x02035840, 0x02035b04]
Event: 3.691 Thread 0x4442b000 1613             com.android.dx.dex.file.MethodAnnotationStruct::<init> (43 bytes)
Event: 3.691 Thread 0x4442b000 nmethod 1613 0x02035e08 code [0x02035f20, 0x020360a8]

GC Heap History (10 events):
Event: 3.075 GC heap after
Heap after GC invocations=55 (full 5):
 def new generation   total 63552K, used 7040K [0x03e00000, 0x082f0000, 0x19350000)
  eden space 56512K,   0% used [0x03e00000, 0x03e00000, 0x07530000)
  from space 7040K, 100% used [0x07c10000, 0x082f0000, 0x082f0000)
  to   space 7040K,   0% used [0x07530000, 0x07530000, 0x07c10000)
 tenured generation   total 141028K, used 105221K [0x19350000, 0x21d09000, 0x43e00000)
   the space 141028K,  74% used [0x19350000, 0x1fa11670, 0x1fa11800, 0x21d09000)
 Metaspace       used 3526K, capacity 3558K, committed 3648K, reserved 4480K
}
Event: 3.165 GC heap before
{Heap before GC invocations=55 (full 5):
 def new generation   total 63552K, used 63552K [0x03e00000, 0x082f0000, 0x19350000)
  eden space 56512K, 100% used [0x03e00000, 0x07530000, 0x07530000)
  from space 7040K, 100% used [0x07c10000, 0x082f0000, 0x082f0000)
  to   space 7040K,   0% used [0x07530000, 0x07530000, 0x07c10000)
 tenured generation   total 141028K, used 105221K [0x19350000, 0x21d09000, 0x43e00000)
   the space 141028K,  74% used [0x19350000, 0x1fa11670, 0x1fa11800, 0x21d09000)
 Metaspace       used 3526K, capacity 3558K, committed 3648K, reserved 4480K
Event: 3.204 GC heap after
Heap after GC invocations=56 (full 5):
 def new generation   total 63552K, used 7040K [0x03e00000, 0x082f0000, 0x19350000)
  eden space 56512K,   0% used [0x03e00000, 0x03e00000, 0x07530000)
  from space 7040K, 100% used [0x07530000, 0x07c10000, 0x07c10000)
  to   space 7040K,   0% used [0x07c10000, 0x07c10000, 0x082f0000)
 tenured generation   total 141028K, used 113823K [0x19350000, 0x21d09000, 0x43e00000)
   the space 141028K,  80% used [0x19350000, 0x20277d80, 0x20277e00, 0x21d09000)
 Metaspace       used 3526K, capacity 3558K, committed 3648K, reserved 4480K
}
Event: 3.301 GC heap before
{Heap before GC invocations=56 (full 5):
 def new generation   total 63552K, used 63552K [0x03e00000, 0x082f0000, 0x19350000)
  eden space 56512K, 100% used [0x03e00000, 0x07530000, 0x07530000)
  from space 7040K, 100% used [0x07530000, 0x07c10000, 0x07c10000)
  to   space 7040K,   0% used [0x07c10000, 0x07c10000, 0x082f0000)
 tenured generation   total 141028K, used 113823K [0x19350000, 0x21d09000, 0x43e00000)
   the space 141028K,  80% used [0x19350000, 0x20277d80, 0x20277e00, 0x21d09000)
 Metaspace       used 3526K, capacity 3560K, committed 3648K, reserved 4480K
Event: 3.339 GC heap after
Heap after GC invocations=57 (full 5):
 def new generation   total 63552K, used 7039K [0x03e00000, 0x082f0000, 0x19350000)
  eden space 56512K,   0% used [0x03e00000, 0x03e00000, 0x07530000)
  from space 7040K,  99% used [0x07c10000, 0x082efff8, 0x082f0000)
  to   space 7040K,   0% used [0x07530000, 0x07530000, 0x07c10000)
 tenured generation   total 141028K, used 121718K [0x19350000, 0x21d09000, 0x43e00000)
   the space 141028K,  86% used [0x19350000, 0x20a2dbe0, 0x20a2dc00, 0x21d09000)
 Metaspace       used 3526K, capacity 3560K, committed 3648K, reserved 4480K
}
Event: 3.447 GC heap before
{Heap before GC invocations=57 (full 5):
 def new generation   total 63552K, used 63551K [0x03e00000, 0x082f0000, 0x19350000)
  eden space 56512K, 100% used [0x03e00000, 0x07530000, 0x07530000)
  from space 7040K,  99% used [0x07c10000, 0x082efff8, 0x082f0000)
  to   space 7040K,   0% used [0x07530000, 0x07530000, 0x07c10000)
 tenured generation   total 141028K, used 121718K [0x19350000, 0x21d09000, 0x43e00000)
   the space 141028K,  86% used [0x19350000, 0x20a2dbe0, 0x20a2dc00, 0x21d09000)
 Metaspace       used 3527K, capacity 3560K, committed 3648K, reserved 4480K
Event: 3.489 GC heap after
Heap after GC invocations=58 (full 5):
 def new generation   total 63552K, used 7040K [0x03e00000, 0x082f0000, 0x19350000)
  eden space 56512K,   0% used [0x03e00000, 0x03e00000, 0x07530000)
  from space 7040K, 100% used [0x07530000, 0x07c10000, 0x07c10000)
  to   space 7040K,   0% used [0x07c10000, 0x07c10000, 0x082f0000)
 tenured generation   total 141028K, used 131203K [0x19350000, 0x21d09000, 0x43e00000)
   the space 141028K,  93% used [0x19350000, 0x21370d50, 0x21370e00, 0x21d09000)
 Metaspace       used 3527K, capacity 3560K, committed 3648K, reserved 4480K
}
Event: 3.596 GC heap before
{Heap before GC invocations=58 (full 5):
 def new generation   total 63552K, used 63552K [0x03e00000, 0x082f0000, 0x19350000)
  eden space 56512K, 100% used [0x03e00000, 0x07530000, 0x07530000)
  from space 7040K, 100% used [0x07530000, 0x07c10000, 0x07c10000)
  to   space 7040K,   0% used [0x07c10000, 0x07c10000, 0x082f0000)
 tenured generation   total 141028K, used 131203K [0x19350000, 0x21d09000, 0x43e00000)
   the space 141028K,  93% used [0x19350000, 0x21370d50, 0x21370e00, 0x21d09000)
 Metaspace       used 3527K, capacity 3560K, committed 3648K, reserved 4480K
Event: 3.631 GC heap after
Heap after GC invocations=59 (full 5):
 def new generation   total 63552K, used 7040K [0x03e00000, 0x082f0000, 0x19350000)
  eden space 56512K,   0% used [0x03e00000, 0x03e00000, 0x07530000)
  from space 7040K, 100% used [0x07c10000, 0x082f0000, 0x082f0000)
  to   space 7040K,   0% used [0x07530000, 0x07530000, 0x07c10000)
 tenured generation   total 141028K, used 138918K [0x19350000, 0x21d09000, 0x43e00000)
   the space 141028K,  98% used [0x19350000, 0x21af9850, 0x21af9a00, 0x21d09000)
 Metaspace       used 3527K, capacity 3560K, committed 3648K, reserved 4480K
}
Event: 3.721 GC heap before
{Heap before GC invocations=59 (full 5):
 def new generation   total 63552K, used 63552K [0x03e00000, 0x082f0000, 0x19350000)
  eden space 56512K, 100% used [0x03e00000, 0x07530000, 0x07530000)
  from space 7040K, 100% used [0x07c10000, 0x082f0000, 0x082f0000)
  to   space 7040K,   0% used [0x07530000, 0x07530000, 0x07c10000)
 tenured generation   total 141028K, used 138918K [0x19350000, 0x21d09000, 0x43e00000)
   the space 141028K,  98% used [0x19350000, 0x21af9850, 0x21af9a00, 0x21d09000)
 Metaspace       used 3527K, capacity 3560K, committed 3648K, reserved 4480K

Deoptimization events (0 events):
No events

Internal exceptions (5 events):
Event: 0.024 Thread 0x002cbc00 Exception <a 'java/lang/NoSuchMethodError': Method sun.misc.Unsafe.defineClass(Ljava/lang/String;[BII)Ljava/lang/Class; name or signature does not match> (0x03e06ea8) thrown at [C:\re\workspace\8-2-build-windows-i586-cygwin\jdk8u101\7261\hotspot\src\share\‹Ú€Cšÿ˜?
Event: 0.024 Thread 0x002cbc00 Exception <a 'java/lang/NoSuchMethodError': Method sun.misc.Unsafe.prefetchRead(Ljava/lang/Object;J)V name or signature does not match> (0x03e07178) thrown at [C:\re\workspace\8-2-build-windows-i586-cygwin\jdk8u101\7261\hotspot\src\share\vm\prims\jni.cpp, 2Î[æ½é?
Event: 0.804 Thread 0x44553800 Exception <a 'java/lang/ArrayIndexOutOfBoundsException': 18> (0x04438628) thrown at [C:\re\workspace\8-2-build-windows-i586-cygwin\jdk8u101\7261\hotspot\src\share\vm\interpreter\interpreterRuntime.cpp, line 366]
Event: 0.805 Thread 0x44553800 Exception <a 'java/lang/ArrayIndexOutOfBoundsException': 145> (0x04439ec8) thrown at [C:\re\workspace\8-2-build-windows-i586-cygwin\jdk8u101\7261\hotspot\src\share\vm\interpreter\interpreterRuntime.cpp, line 366]
Event: 0.805 Thread 0x44553800 Exception <a 'java/lang/ArrayIndexOutOfBoundsException': 40> (0x0443afa8) thrown at [C:\re\workspace\8-2-build-windows-i586-cygwin\jdk8u101\7261\hotspot\src\share\vm\interpreter\interpreterRuntime.cpp, line 366]

Events (10 events):
Event: 3.075 Executing VM operation: GenCollectForAllocation done
Event: 3.165 Executing VM operation: GenCollectForAllocation
Event: 3.204 Executing VM operation: GenCollectForAllocation done
Event: 3.301 Executing VM operation: GenCollectForAllocation
Event: 3.339 Executing VM operation: GenCollectForAllocation done
Event: 3.447 Executing VM operation: GenCollectForAllocation
Event: 3.489 Executing VM operation: GenCollectForAllocation done
Event: 3.596 Executing VM operation: GenCollectForAllocation
Event: 3.631 Executing VM operation: GenCollectForAllocation done
Event: 3.721 Executing VM operation: GenCollectForAllocation


Dynamic libraries:
0x00de0000 - 0x00e13000 	C:\Program Files\Java\jdk1.8.0_101\bin\java.exe
0x778f0000 - 0x77a2c000 	C:\Windows\SYSTEM32\ntdll.dll
0x761c0000 - 0x76294000 	C:\Windows\system32\kernel32.dll
0x75be0000 - 0x75c2a000 	C:\Windows\system32\KERNELBASE.dll
0x75e50000 - 0x75ef0000 	C:\Windows\system32\ADVAPI32.dll
0x75da0000 - 0x75e4c000 	C:\Windows\system32\msvcrt.dll
0x77a30000 - 0x77a49000 	C:\Windows\SYSTEM32\sechost.dll
0x76500000 - 0x765a1000 	C:\Windows\system32\RPCRT4.dll
0x76080000 - 0x76149000 	C:\Windows\system32\USER32.dll
0x76af0000 - 0x76b3e000 	C:\Windows\system32\GDI32.dll
0x77a50000 - 0x77a5a000 	C:\Windows\system32\LPK.dll
0x77a80000 - 0x77b1d000 	C:\Windows\system32\USP10.dll
0x747b0000 - 0x7494e000 	C:\Windows\WinSxS\x86_microsoft.windows.common-controls_6595b64144ccf1df_6.0.7600.16385_none_421189da2b7fabfc\COMCTL32.dll
0x76150000 - 0x761a7000 	C:\Windows\system32\SHLWAPI.dll
0x765b0000 - 0x765cf000 	C:\Windows\system32\IMM32.DLL
0x75ef0000 - 0x75fbc000 	C:\Windows\system32\MSCTF.dll
0x651d0000 - 0x6528f000 	C:\Program Files\Java\jdk1.8.0_101\jre\bin\msvcr100.dll
0x64e00000 - 0x651cc000 	C:\Program Files\Java\jdk1.8.0_101\jre\bin\client\jvm.dll
0x70f60000 - 0x70f67000 	C:\Windows\system32\WSOCK32.dll
0x763e0000 - 0x76415000 	C:\Windows\system32\WS2_32.dll
0x761b0000 - 0x761b6000 	C:\Windows\system32\NSI.dll
0x71540000 - 0x71572000 	C:\Windows\system32\WINMM.dll
0x74d80000 - 0x74d89000 	C:\Windows\system32\VERSION.dll
0x77a70000 - 0x77a75000 	C:\Windows\system32\PSAPI.DLL
0x73320000 - 0x7332c000 	C:\Program Files\Java\jdk1.8.0_101\jre\bin\verify.dll
0x65560000 - 0x65581000 	C:\Program Files\Java\jdk1.8.0_101\jre\bin\java.dll
0x65540000 - 0x65553000 	C:\Program Files\Java\jdk1.8.0_101\jre\bin\zip.dll
0x76ca0000 - 0x778e9000 	C:\Windows\system32\SHELL32.dll
0x76b40000 - 0x76c9c000 	C:\Windows\system32\ole32.dll
0x75a40000 - 0x75a4b000 	C:\Windows\system32\profapi.dll
0x73760000 - 0x7384b000 	C:\Windows\system32\dbghelp.dll

VM Arguments:
jvm_args: -Djava.awt.headless=true -Xmx1024M -Dfile.encoding=windows-1252 -Duser.country=US -Duser.language=en -Duser.variant 
java_command: com.android.dx.command.Main --dex --num-threads=4 --multi-dex --main-dex-list E:\SandeepProjectResources\MobipugNew\MobipugSource\app\build\intermediates\multi-dex\debug\maindexlist.txt --output E:\SandeepProjectResources\MobipugNew\MobipugSource\app\build\intermediates\transforms\dex\debug\folders\1000\1f\main E:\SandeepProjectResources\MobipugNew\MobipugSource\app\build\intermediates\transforms\jarMerging\debug\jars\1\1f\combined.jar
java_class_path (initial): C:\Users\android-4\AppData\Local\Android\Sdk\build-tools\26.0.2\lib\dx.jar
Launcher Type: SUN_STANDARD

Environment Variables:
PATH=C:\ProgramData\Oracle\Java\javapath;C:\Windows\system32;C:\Windows;C:\Windows\System32\Wbem;C:\Windows\System32\WindowsPowerShell\v1.0\;C:\Program Files\Intel\OpenCL SDK\2.0\bin\x86;C:\Program Files\Skype\Phone\
USERNAME=android-4
OS=Windows_NT
PROCESSOR_IDENTIFIER=x86 Family 6 Model 42 Stepping 7, GenuineIntel



---------------  S Y S T E M  ---------------

OS: Windows 7 Build 7600 (6.1.7600.16385)

CPU:total 4 (2 cores per cpu, 2 threads per core) family 6 model 42 stepping 7, cmov, cx8, fxsr, mmx, sse, sse2, sse3, ssse3, sse4.1, sse4.2, popcnt, clmul, ht, tsc, tscinvbit

Memory: 4k page, physical 3578328k(382700k free), swap 24056564k(19287428k free)

vm_info: Java HotSpot(TM) Client VM (25.101-b13) for windows-x86 JRE (1.8.0_101-b13), built on Jun 22 2016 00:45:44 by "java_re" with MS VC++ 10.0 (VS2010)

time: Mon Oct 22 17:52:58 2018
elapsed time: 3 seconds (0d 0h 0m 3s)

