#
# A fatal error has been detected by the Java Runtime Environment:
#
#  EXCEPTION_ACCESS_VIOLATION (0xc0000005) at pc=0x64544da9, pid=1336, tid=0x0000014c
#
# JRE version: Java(TM) SE Runtime Environment (8.0_101-b13) (build 1.8.0_101-b13)
# Java VM: Java HotSpot(TM) Client VM (25.101-b13 mixed mode windows-x86 )
# Problematic frame:
# V  [jvm.dll+0x1b4da9]
#
# Failed to write core dump. Minidumps are not enabled by default on client versions of Windows
#
# If you would like to submit a bug report, please visit:
#   http://bugreport.java.com/bugreport/crash.jsp
#

---------------  T H R E A D  ---------------

Current thread (0x443ea800):  VMThread [stack: 0x03bb0000,0x03c00000] [id=332]

siginfo: ExceptionCode=0xc0000005, reading address 0x0000008b

Registers:
EAX=0x193703e8, EBX=0x00000003, ECX=0x192bbf90, EDX=0x00000003
ESP=0x03bff3e0, EBP=0x03bff3f8, ESI=0x00000000, EDI=0x4066e9f0
EIP=0x64544da9, EFLAGS=0x00010206

Top of Stack: (sp=0x03bff3e0)
0x03bff3e0:   193703e8 646f94cc 445cdae8 445cdaf0
0x03bff3f0:   646f94cc 00000400 03bff404 64544fac
0x03bff400:   00000003 03bff420 644e883a 445cdae8
0x03bff410:   44a08800 646f94cc 00000000 445cbbc8
0x03bff420:   03bff608 64509eef 646f94cc 00000002
0x03bff430:   44a08800 00000000 00000000 00000000
0x03bff440:   00000000 03bff694 03bff4bc 00000012
0x03bff450:   03bff680 646f94f0 03bff704 ffffffff 

Instructions: (pc=0x64544da9)
0x64544d89:   23 f0 29 35 50 94 6f 64 a3 4c 94 6f 64 8b c7 eb
0x64544d99:   09 48 a3 4c 94 6f 64 8b 04 81 8b 48 04 8b 11 50
0x64544da9:   8b 82 88 00 00 00 ff d0 8b 0d 58 94 6f 64 85 c9
0x64544db9:   0f 85 51 ff ff ff a1 7c 94 6f 64 85 c0 0f 84 b8 


Register to memory mapping:

EAX=0x193703e8 is pointing into object: 0x193703e0
[Ljava.lang.Object; 
 - klass: 'java/lang/Object'[]
 - length: 3
EBX=0x00000003 is an unknown value
ECX=0x192bbf90 is an oop
com.android.dx.rop.code.RegisterSpec 
 - klass: 'com/android/dx/rop/code/RegisterSpec'
EDX=0x00000003 is an unknown value
ESP=0x03bff3e0 is an unknown value
EBP=0x03bff3f8 is an unknown value
ESI=0x00000000 is an unknown value
EDI=0x4066e9f0 is an oop
[Lcom.android.dx.rop.code.RegisterSpec; 
 - klass: 'com/android/dx/rop/code/RegisterSpec'[]
 - length: 6


Stack: [0x03bb0000,0x03c00000],  sp=0x03bff3e0,  free space=316k
Native frames: (J=compiled Java code, j=interpreted, Vv=VM code, C=native code)
V  [jvm.dll+0x1b4da9]
V  [jvm.dll+0x1b4fac]
V  [jvm.dll+0x15883a]
V  [jvm.dll+0x179eef]
V  [jvm.dll+0x1789ea]
V  [jvm.dll+0x97fb0]
V  [jvm.dll+0x992a1]
V  [jvm.dll+0x9b020]
V  [jvm.dll+0x9b489]
V  [jvm.dll+0x9a27f]
V  [jvm.dll+0xa64b2]
V  [jvm.dll+0x98e73]
V  [jvm.dll+0x92e25]
V  [jvm.dll+0x1b81c6]
V  [jvm.dll+0x18292b]
V  [jvm.dll+0x181d31]
V  [jvm.dll+0x182147]
V  [jvm.dll+0x182342]
V  [jvm.dll+0x1c1ed6]
C  [msvcr100.dll+0x5c556]
C  [msvcr100.dll+0x5c600]
C  [kernel32.dll+0x51174]
C  [ntdll.dll+0x5b3f5]
C  [ntdll.dll+0x5b3c8]

VM_Operation (0x4512f218): GenCollectForAllocation, mode: safepoint, requested by thread 0x44a08800


---------------  P R O C E S S  ---------------

Java Threads: ( => current thread )
  0x44a08800 JavaThread "pool-2-thread-4" [_thread_blocked, id=3312, stack(0x450e0000,0x45130000)]
  0x44a07c00 JavaThread "pool-2-thread-3" [_thread_blocked, id=5972, stack(0x44eb0000,0x44f00000)]
  0x44a09800 JavaThread "pool-2-thread-2" [_thread_blocked, id=4716, stack(0x45020000,0x45070000)]
  0x445cd000 JavaThread "pool-3-thread-1" [_thread_blocked, id=1864, stack(0x44f00000,0x44f50000)]
  0x445cc400 JavaThread "pool-2-thread-1" [_thread_blocked, id=5960, stack(0x44e30000,0x44e80000)]
  0x44446400 JavaThread "Service Thread" daemon [_thread_blocked, id=2212, stack(0x447a0000,0x447f0000)]
  0x4443a000 JavaThread "C1 CompilerThread0" daemon [_thread_blocked, id=3684, stack(0x44990000,0x449e0000)]
  0x44439000 JavaThread "Attach Listener" daemon [_thread_blocked, id=1832, stack(0x448a0000,0x448f0000)]
  0x44436000 JavaThread "Signal Dispatcher" daemon [_thread_blocked, id=212, stack(0x44830000,0x44880000)]
  0x44416c00 JavaThread "Finalizer" daemon [_thread_blocked, id=4888, stack(0x017b0000,0x01800000)]
  0x443f0400 JavaThread "Reference Handler" daemon [_thread_blocked, id=4388, stack(0x44640000,0x44690000)]
  0x0126bc00 JavaThread "main" [_thread_blocked, id=2664, stack(0x01850000,0x018a0000)]

Other Threads:
=>0x443ea800 VMThread [stack: 0x03bb0000,0x03c00000] [id=332]
  0x44450800 WatcherThread [stack: 0x44940000,0x44990000] [id=5752]

VM state:at safepoint (normal execution)

VM Mutex/Monitor currently owned by a thread:  ([mutex/lock_event])
[0x0126a230] Threads_lock - owner thread: 0x443ea800
[0x0126a640] Heap_lock - owner thread: 0x44a08800

Heap:
 def new generation   total 314560K, used 314560K [0x03c00000, 0x19150000, 0x19150000)
  eden space 279616K, 100% used [0x03c00000, 0x14d10000, 0x14d10000)
  from space 34944K, 100% used [0x16f30000, 0x19150000, 0x19150000)
  to   space 34944K,   0% used [0x14d10000, 0x14d10000, 0x16f30000)
 tenured generation   total 699072K, used 654769K [0x19150000, 0x43c00000, 0x43c00000)
   the space 699072K,  93% used [0x19150000, 0x410bc468, 0x410bc600, 0x43c00000)
 Metaspace       used 3550K, capacity 3598K, committed 3648K, reserved 4480K

Card table byte_map: [0x43c00000,0x43e10000] byte_map_base: 0x43be2000

Polling page: 0x00370000

CodeCache: size=32768Kb used=3686Kb max_used=3686Kb free=29081Kb
 bounds [0x01b70000, 0x01f10000, 0x03b70000]
 total_blobs=1907 nmethods=1760 adapters=77
 compilation: enabled

Compilation events (10 events):
Event: 14.908 Thread 0x4443a000 1758             com.android.dx.util.BitIntSet::iterator (9 bytes)
Event: 14.908 Thread 0x4443a000 nmethod 1758 0x01f05cc8 code [0x01f05dd0, 0x01f05ebc]
Event: 14.982 Thread 0x4443a000 1759             com.android.dx.util.Bits::bitCount (29 bytes)
Event: 14.982 Thread 0x4443a000 nmethod 1759 0x01f05f48 code [0x01f06050, 0x01f0612c]
Event: 15.058 Thread 0x4443a000 1760             com.android.dx.ssa.back.RegisterAllocator::insertMoveBefore (240 bytes)
Event: 15.060 Thread 0x4443a000 nmethod 1760 0x01f06208 code [0x01f064b0, 0x01f06ffc]
Event: 15.164 Thread 0x4443a000 1761             java.util.HashMap$TreeNode::putTreeVal (314 bytes)
Event: 15.165 Thread 0x4443a000 nmethod 1761 0x01f08448 code [0x01f085e0, 0x01f08a7c]
Event: 15.175 Thread 0x4443a000 1762             com.android.dx.ssa.back.FirstFitLocalCombiningAllocator::ssaSetToSpecs (57 bytes)
Event: 15.176 Thread 0x4443a000 nmethod 1762 0x01f09008 code [0x01f091a0, 0x01f0958c]

GC Heap History (10 events):
Event: 11.666 GC heap after
Heap after GC invocations=99 (full 8):
 def new generation   total 314560K, used 34944K [0x03c00000, 0x19150000, 0x19150000)
  eden space 279616K,   0% used [0x03c00000, 0x03c00000, 0x14d10000)
  from space 34944K, 100% used [0x16f30000, 0x19150000, 0x19150000)
  to   space 34944K,   0% used [0x14d10000, 0x14d10000, 0x16f30000)
 tenured generation   total 699072K, used 436523K [0x19150000, 0x43c00000, 0x43c00000)
   the space 699072K,  62% used [0x19150000, 0x33b9ac68, 0x33b9ae00, 0x43c00000)
 Metaspace       used 3545K, capacity 3598K, committed 3648K, reserved 4480K
}
Event: 12.134 GC heap before
{Heap before GC invocations=99 (full 8):
 def new generation   total 314560K, used 314560K [0x03c00000, 0x19150000, 0x19150000)
  eden space 279616K, 100% used [0x03c00000, 0x14d10000, 0x14d10000)
  from space 34944K, 100% used [0x16f30000, 0x19150000, 0x19150000)
  to   space 34944K,   0% used [0x14d10000, 0x14d10000, 0x16f30000)
 tenured generation   total 699072K, used 436523K [0x19150000, 0x43c00000, 0x43c00000)
   the space 699072K,  62% used [0x19150000, 0x33b9ac68, 0x33b9ae00, 0x43c00000)
 Metaspace       used 3545K, capacity 3598K, committed 3648K, reserved 4480K
Event: 12.341 GC heap after
Heap after GC invocations=100 (full 8):
 def new generation   total 314560K, used 34944K [0x03c00000, 0x19150000, 0x19150000)
  eden space 279616K,   0% used [0x03c00000, 0x03c00000, 0x14d10000)
  from space 34944K, 100% used [0x14d10000, 0x16f30000, 0x16f30000)
  to   space 34944K,   0% used [0x16f30000, 0x16f30000, 0x19150000)
 tenured generation   total 699072K, used 480391K [0x19150000, 0x43c00000, 0x43c00000)
   the space 699072K,  68% used [0x19150000, 0x36671f10, 0x36672000, 0x43c00000)
 Metaspace       used 3545K, capacity 3598K, committed 3648K, reserved 4480K
}
Event: 14.087 GC heap before
{Heap before GC invocations=100 (full 8):
 def new generation   total 314560K, used 314560K [0x03c00000, 0x19150000, 0x19150000)
  eden space 279616K, 100% used [0x03c00000, 0x14d10000, 0x14d10000)
  from space 34944K, 100% used [0x14d10000, 0x16f30000, 0x16f30000)
  to   space 34944K,   0% used [0x16f30000, 0x16f30000, 0x19150000)
 tenured generation   total 699072K, used 480391K [0x19150000, 0x43c00000, 0x43c00000)
   the space 699072K,  68% used [0x19150000, 0x36671f10, 0x36672000, 0x43c00000)
 Metaspace       used 3545K, capacity 3598K, committed 3648K, reserved 4480K
Event: 14.304 GC heap after
Heap after GC invocations=101 (full 8):
 def new generation   total 314560K, used 34943K [0x03c00000, 0x19150000, 0x19150000)
  eden space 279616K,   0% used [0x03c00000, 0x03c00000, 0x14d10000)
  from space 34944K,  99% used [0x16f30000, 0x1914fff8, 0x19150000)
  to   space 34944K,   0% used [0x14d10000, 0x14d10000, 0x16f30000)
 tenured generation   total 699072K, used 549906K [0x19150000, 0x43c00000, 0x43c00000)
   the space 699072K,  78% used [0x19150000, 0x3aa548a8, 0x3aa54a00, 0x43c00000)
 Metaspace       used 3545K, capacity 3598K, committed 3648K, reserved 4480K
}
Event: 14.788 GC heap before
{Heap before GC invocations=101 (full 8):
 def new generation   total 314560K, used 314559K [0x03c00000, 0x19150000, 0x19150000)
  eden space 279616K, 100% used [0x03c00000, 0x14d10000, 0x14d10000)
  from space 34944K,  99% used [0x16f30000, 0x1914fff8, 0x19150000)
  to   space 34944K,   0% used [0x14d10000, 0x14d10000, 0x16f30000)
 tenured generation   total 699072K, used 549906K [0x19150000, 0x43c00000, 0x43c00000)
   the space 699072K,  78% used [0x19150000, 0x3aa548a8, 0x3aa54a00, 0x43c00000)
 Metaspace       used 3550K, capacity 3598K, committed 3648K, reserved 4480K
Event: 14.871 GC heap after
Heap after GC invocations=102 (full 8):
 def new generation   total 314560K, used 20400K [0x03c00000, 0x19150000, 0x19150000)
  eden space 279616K,   0% used [0x03c00000, 0x03c00000, 0x14d10000)
  from space 34944K,  58% used [0x14d10000, 0x160fc240, 0x16f30000)
  to   space 34944K,   0% used [0x16f30000, 0x16f30000, 0x19150000)
 tenured generation   total 699072K, used 580530K [0x19150000, 0x43c00000, 0x43c00000)
   the space 699072K,  83% used [0x19150000, 0x3c83c820, 0x3c83ca00, 0x43c00000)
 Metaspace       used 3550K, capacity 3598K, committed 3648K, reserved 4480K
}
Event: 16.084 GC heap before
{Heap before GC invocations=102 (full 8):
 def new generation   total 314560K, used 300016K [0x03c00000, 0x19150000, 0x19150000)
  eden space 279616K, 100% used [0x03c00000, 0x14d10000, 0x14d10000)
  from space 34944K,  58% used [0x14d10000, 0x160fc240, 0x16f30000)
  to   space 34944K,   0% used [0x16f30000, 0x16f30000, 0x19150000)
 tenured generation   total 699072K, used 580530K [0x19150000, 0x43c00000, 0x43c00000)
   the space 699072K,  83% used [0x19150000, 0x3c83c820, 0x3c83ca00, 0x43c00000)
 Metaspace       used 3550K, capacity 3598K, committed 3648K, reserved 4480K
Event: 16.241 GC heap after
Heap after GC invocations=103 (full 8):
 def new generation   total 314560K, used 34944K [0x03c00000, 0x19150000, 0x19150000)
  eden space 279616K,   0% used [0x03c00000, 0x03c00000, 0x14d10000)
  from space 34944K, 100% used [0x16f30000, 0x19150000, 0x19150000)
  to   space 34944K,   0% used [0x14d10000, 0x14d10000, 0x16f30000)
 tenured generation   total 699072K, used 654769K [0x19150000, 0x43c00000, 0x43c00000)
   the space 699072K,  93% used [0x19150000, 0x410bc468, 0x410bc600, 0x43c00000)
 Metaspace       used 3550K, capacity 3598K, committed 3648K, reserved 4480K
}
Event: 17.896 GC heap before
{Heap before GC invocations=103 (full 8):
 def new generation   total 314560K, used 314560K [0x03c00000, 0x19150000, 0x19150000)
  eden space 279616K, 100% used [0x03c00000, 0x14d10000, 0x14d10000)
  from space 34944K, 100% used [0x16f30000, 0x19150000, 0x19150000)
  to   space 34944K,   0% used [0x14d10000, 0x14d10000, 0x16f30000)
 tenured generation   total 699072K, used 654769K [0x19150000, 0x43c00000, 0x43c00000)
   the space 699072K,  93% used [0x19150000, 0x410bc468, 0x410bc600, 0x43c00000)
 Metaspace       used 3550K, capacity 3598K, committed 3648K, reserved 4480K

Deoptimization events (0 events):
No events

Internal exceptions (5 events):
Event: 0.036 Thread 0x0126bc00 Exception <a 'java/lang/NoSuchMethodError': Method sun.misc.Unsafe.defineClass(Ljava/lang/String;[BII)Ljava/lang/Class; name or signature does not match> (0x03c06ea8) thrown at [C:\re\workspace\8-2-build-windows-i586-cygwin\jdk8u101\7261\hotspot\src\share\~æ}×ÿn¢?
Event: 0.036 Thread 0x0126bc00 Exception <a 'java/lang/NoSuchMethodError': Method sun.misc.Unsafe.prefetchRead(Ljava/lang/Object;J)V name or signature does not match> (0x03c07178) thrown at [C:\re\workspace\8-2-build-windows-i586-cygwin\jdk8u101\7261\hotspot\src\share\vm\prims\jni.cpp, ê+
7@ë?
Event: 0.845 Thread 0x44a07c00 Exception <a 'java/lang/ArrayIndexOutOfBoundsException': 18> (0x03cdd610) thrown at [C:\re\workspace\8-2-build-windows-i586-cygwin\jdk8u101\7261\hotspot\src\share\vm\interpreter\interpreterRuntime.cpp, line 366]
Event: 0.845 Thread 0x44a07c00 Exception <a 'java/lang/ArrayIndexOutOfBoundsException': 145> (0x03cdeeb0) thrown at [C:\re\workspace\8-2-build-windows-i586-cygwin\jdk8u101\7261\hotspot\src\share\vm\interpreter\interpreterRuntime.cpp, line 366]
Event: 0.845 Thread 0x44a07c00 Exception <a 'java/lang/ArrayIndexOutOfBoundsException': 40> (0x03cdff90) thrown at [C:\re\workspace\8-2-build-windows-i586-cygwin\jdk8u101\7261\hotspot\src\share\vm\interpreter\interpreterRuntime.cpp, line 366]

Events (10 events):
Event: 14.386 loading class com/android/dx/util/ListIntSet$1 done
Event: 14.387 Executing VM operation: Deoptimize
Event: 14.387 Executing VM operation: Deoptimize done
Event: 14.387 Thread 0x44a07c00 DEOPT PACKING pc=0x01eee438 sp=0x44eff370
Event: 14.387 Thread 0x44a07c00 DEOPT UNPACKING pc=0x01bac5db sp=0x44eff2d8 mode 0
Event: 14.788 Executing VM operation: GenCollectForAllocation
Event: 14.871 Executing VM operation: GenCollectForAllocation done
Event: 16.084 Executing VM operation: GenCollectForAllocation
Event: 16.241 Executing VM operation: GenCollectForAllocation done
Event: 17.896 Executing VM operation: GenCollectForAllocation


Dynamic libraries:
0x01390000 - 0x013c3000 	C:\Program Files\Java\jdk1.8.0_101\bin\java.exe
0x76ec0000 - 0x76ffc000 	C:\Windows\SYSTEM32\ntdll.dll
0x76c40000 - 0x76d14000 	C:\Windows\system32\kernel32.dll
0x752c0000 - 0x7530a000 	C:\Windows\system32\KERNELBASE.dll
0x756d0000 - 0x75770000 	C:\Windows\system32\ADVAPI32.dll
0x76d20000 - 0x76dcc000 	C:\Windows\system32\msvcrt.dll
0x75680000 - 0x75699000 	C:\Windows\SYSTEM32\sechost.dll
0x76b40000 - 0x76be1000 	C:\Windows\system32\RPCRT4.dll
0x75310000 - 0x753d9000 	C:\Windows\system32\USER32.dll
0x75b70000 - 0x75bbe000 	C:\Windows\system32\GDI32.dll
0x76c20000 - 0x76c2a000 	C:\Windows\system32\LPK.dll
0x755e0000 - 0x7567d000 	C:\Windows\system32\USP10.dll
0x73d20000 - 0x73ebe000 	C:\Windows\WinSxS\x86_microsoft.windows.common-controls_6595b64144ccf1df_6.0.7600.16385_none_421189da2b7fabfc\COMCTL32.dll
0x75ad0000 - 0x75b27000 	C:\Windows\system32\SHLWAPI.dll
0x76bf0000 - 0x76c0f000 	C:\Windows\system32\IMM32.DLL
0x76810000 - 0x768dc000 	C:\Windows\system32\MSCTF.dll
0x65510000 - 0x655cf000 	C:\Program Files\Java\jdk1.8.0_101\jre\bin\msvcr100.dll
0x64390000 - 0x6475c000 	C:\Program Files\Java\jdk1.8.0_101\jre\bin\client\jvm.dll
0x70cb0000 - 0x70cb7000 	C:\Windows\system32\WSOCK32.dll
0x75b30000 - 0x75b65000 	C:\Windows\system32\WS2_32.dll
0x76c30000 - 0x76c36000 	C:\Windows\system32\NSI.dll
0x70630000 - 0x70662000 	C:\Windows\system32\WINMM.dll
0x74510000 - 0x74519000 	C:\Windows\system32\VERSION.dll
0x76c10000 - 0x76c15000 	C:\Windows\system32\PSAPI.DLL
0x673a0000 - 0x673ac000 	C:\Program Files\Java\jdk1.8.0_101\jre\bin\verify.dll
0x66190000 - 0x661b1000 	C:\Program Files\Java\jdk1.8.0_101\jre\bin\java.dll
0x66170000 - 0x66183000 	C:\Program Files\Java\jdk1.8.0_101\jre\bin\zip.dll
0x75bc0000 - 0x76809000 	C:\Windows\system32\SHELL32.dll
0x769e0000 - 0x76b3c000 	C:\Windows\system32\ole32.dll
0x75010000 - 0x7501b000 	C:\Windows\system32\profapi.dll
0x72d70000 - 0x72e5b000 	C:\Windows\system32\dbghelp.dll

VM Arguments:
jvm_args: -Djava.awt.headless=true -Xmx1024M -Dfile.encoding=windows-1252 -Duser.country=US -Duser.language=en -Duser.variant 
java_command: com.android.dx.command.Main --dex --num-threads=4 --multi-dex --main-dex-list E:\SandeepProjectResources\MobipugNew\Mobipug27.10.18\MobipugSource\app\build\intermediates\multi-dex\debug\maindexlist.txt --output E:\SandeepProjectResources\MobipugNew\Mobipug27.10.18\MobipugSource\app\build\intermediates\transforms\dex\debug\folders\1000\1f\main E:\SandeepProjectResources\MobipugNew\Mobipug27.10.18\MobipugSource\app\build\intermediates\transforms\jarMerging\debug\jars\1\1f\combined.jar
java_class_path (initial): C:\Users\android-4\AppData\Local\Android\Sdk\build-tools\26.0.2\lib\dx.jar
Launcher Type: SUN_STANDARD

Environment Variables:
PATH=C:\ProgramData\Oracle\Java\javapath;C:\Windows\system32;C:\Windows;C:\Windows\System32\Wbem;C:\Windows\System32\WindowsPowerShell\v1.0\;C:\Program Files\Intel\OpenCL SDK\2.0\bin\x86;C:\Program Files\Skype\Phone\
USERNAME=android-4
OS=Windows_NT
PROCESSOR_IDENTIFIER=x86 Family 6 Model 42 Stepping 7, GenuineIntel



---------------  S Y S T E M  ---------------

OS: Windows 7 Build 7600 (6.1.7600.16385)

CPU:total 4 (2 cores per cpu, 2 threads per core) family 6 model 42 stepping 7, cmov, cx8, fxsr, mmx, sse, sse2, sse3, ssse3, sse4.1, sse4.2, popcnt, clmul, ht, tsc, tscinvbit

Memory: 4k page, physical 3578328k(322956k free), swap 24056564k(18948096k free)

vm_info: Java HotSpot(TM) Client VM (25.101-b13) for windows-x86 JRE (1.8.0_101-b13), built on Jun 22 2016 00:45:44 by "java_re" with MS VC++ 10.0 (VS2010)

time: Fri Nov 16 16:25:24 2018
elapsed time: 19 seconds (0d 0h 0m 19s)

