#
# A fatal error has been detected by the Java Runtime Environment:
#
#  EXCEPTION_ACCESS_VIOLATION (0xc0000005) at pc=0xaabe0000, pid=5704, tid=0x00001618
#
# JRE version: Java(TM) SE Runtime Environment (8.0_101-b13) (build 1.8.0_101-b13)
# Java VM: Java HotSpot(TM) Client VM (25.101-b13 mixed mode windows-x86 )
# Problematic frame:
# C  0xaabe0000
#
# Failed to write core dump. Minidumps are not enabled by default on client versions of Windows
#
# If you would like to submit a bug report, please visit:
#   http://bugreport.java.com/bugreport/crash.jsp
#

---------------  T H R E A D  ---------------

Current thread (0x4448a800):  VMThread [stack: 0x446a0000,0x446f0000] [id=5656]

siginfo: ExceptionCode=0xc0000005, ExceptionInformation=0x00000008 0xaabe0000

Registers:
EAX=0x44487908, EBX=0x446ef704, ECX=0x44346920, EDX=0xaabe0000
ESP=0x446ef604, EBP=0x446ef620, ESI=0x2fa0aec8, EDI=0x31950640
EIP=0xaabe0000, EFLAGS=0x00010287

Top of Stack: (sp=0x446ef604)
0x446ef604:   527e518f 2fa0aec8 446ef704 005c4050
0x446ef614:   446ef704 005bf210 005c4170 446ef634
0x446ef624:   527da531 446ef704 005bf264 00000001
0x446ef634:   446ef64c 527d8207 446ef704 005bf210
0x446ef644:   446ef744 00000000 446ef868 527d41d7
0x446ef654:   00000000 446ef790 446ef704 005c1c88
0x446ef664:   527d51b4 0069ffa0 005bf210 005bf260
0x446ef674:   52a19c54 00000000 00000064 00000004 

Instructions: (pc=0xaabe0000)
0xaabdffe0:   
[error occurred during error reporting (printing registers, top of stack, instructions near pc), id 0xc0000005]

Register to memory mapping:

EAX=0x44487908 is an unknown value
EBX=0x446ef704 is an unknown value
ECX=0x44346920 is pointing into metadata
EDX=0xaabe0000 is an unknown value
ESP=0x446ef604 is an unknown value
EBP=0x446ef620 is an unknown value
ESI=0x2fa0aec8 is an oop

[error occurred during error reporting (printing register info), id 0xc0000005]

Stack: [0x446a0000,0x446f0000],  sp=0x446ef604,  free space=317k
Native frames: (J=compiled Java code, j=interpreted, Vv=VM code, C=native code)
C  0xaabe0000
V  [jvm.dll+0x9a531]
V  [jvm.dll+0x98207]
V  [jvm.dll+0x941d7]
V  [jvm.dll+0x98e73]
V  [jvm.dll+0x92e25]
V  [jvm.dll+0x1b81c6]
V  [jvm.dll+0x18292b]
V  [jvm.dll+0x181d31]
V  [jvm.dll+0x182147]
V  [jvm.dll+0x182342]
V  [jvm.dll+0x1c1ed6]
C  [msvcr100.dll+0x5c556]
C  [msvcr100.dll+0x5c600]
C  [kernel32.dll+0x51174]
C  [ntdll.dll+0x5b3f5]
C  [ntdll.dll+0x5b3c8]

VM_Operation (0x44e2ecf8): GenCollectForAllocation, mode: safepoint, requested by thread 0x44656800


---------------  P R O C E S S  ---------------

Java Threads: ( => current thread )
  0x44656800 JavaThread "pool-2-thread-4" [_thread_blocked, id=4076, stack(0x44de0000,0x44e30000)]
  0x4465c800 JavaThread "pool-2-thread-3" [_thread_blocked, id=4144, stack(0x44d80000,0x44dd0000)]
  0x4465b400 JavaThread "pool-2-thread-2" [_thread_blocked, id=4244, stack(0x44ce0000,0x44d30000)]
  0x4465b000 JavaThread "pool-3-thread-1" [_thread_blocked, id=4356, stack(0x44c40000,0x44c90000)]
  0x44627800 JavaThread "pool-2-thread-1" [_thread_blocked, id=2912, stack(0x44b60000,0x44bb0000)]
  0x444edc00 JavaThread "Service Thread" daemon [_thread_blocked, id=1096, stack(0x448c0000,0x44910000)]
  0x444da400 JavaThread "C1 CompilerThread0" daemon [_thread_blocked, id=1108, stack(0x449c0000,0x44a10000)]
  0x444d9000 JavaThread "Attach Listener" daemon [_thread_blocked, id=1908, stack(0x44970000,0x449c0000)]
  0x444d6000 JavaThread "Signal Dispatcher" daemon [_thread_blocked, id=2448, stack(0x44840000,0x44890000)]
  0x444b6c00 JavaThread "Finalizer" daemon [_thread_blocked, id=2856, stack(0x44710000,0x44760000)]
  0x44490400 JavaThread "Reference Handler" daemon [_thread_blocked, id=5664, stack(0x44780000,0x447d0000)]
  0x0076bc00 JavaThread "main" [_thread_blocked, id=3232, stack(0x01940000,0x01990000)]

Other Threads:
=>0x4448a800 VMThread [stack: 0x446a0000,0x446f0000] [id=5656]
  0x444cf400 WatcherThread [stack: 0x44af0000,0x44b40000] [id=2316]

VM state:at safepoint (normal execution)

VM Mutex/Monitor currently owned by a thread:  ([mutex/lock_event])
[0x0076a230] Threads_lock - owner thread: 0x4448a800
[0x0076a640] Heap_lock - owner thread: 0x44656800

Heap:
 def new generation   total 191040K, used 191040K [0x03e00000, 0x10d40000, 0x19350000)
  eden space 169856K, 100% used [0x03e00000, 0x0e3e0000, 0x0e3e0000)
  from space 21184K, 100% used [0x0f890000, 0x10d40000, 0x10d40000)
  to   space 21184K, 100% used [0x0e3e0000, 0x0f890000, 0x0f890000)
 tenured generation   total 424400K, used 400308K [0x19350000, 0x331c4000, 0x43e00000)
   the space 424400K,  94% used [0x19350000, 0x31a3d198, 0x31a3d200, 0x331c4000)
 Metaspace       used 3545K, capacity 3598K, committed 3648K, reserved 4480K

Card table byte_map: [0x43e00000,0x44010000] byte_map_base: 0x43de1000

Polling page: 0x00140000

CodeCache: size=32768Kb used=3554Kb max_used=3554Kb free=29213Kb
 bounds [0x01c60000, 0x01fe0000, 0x03c60000]
 total_blobs=1867 nmethods=1720 adapters=77
 compilation: enabled

Compilation events (10 events):
Event: 9.207 Thread 0x444da400 1718   !         com.android.dx.cf.attrib.AttExceptions::<init> (45 bytes)
Event: 9.208 Thread 0x444da400 nmethod 1718 0x01fd6a48 code [0x01fd6b70, 0x01fd6d54]
Event: 9.208 Thread 0x444da400 1719             com.android.dx.cf.attrib.AttExceptions::byteLength (15 bytes)
Event: 9.208 Thread 0x444da400 nmethod 1719 0x01fd6ec8 code [0x01fd6fd0, 0x01fd706c]
Event: 9.208 Thread 0x444da400 1720             com.android.dx.dex.file.AnnotationUtils::makeThrows (40 bytes)
Event: 9.208 Thread 0x444da400 nmethod 1720 0x01fd70c8 code [0x01fd7210, 0x01fd741c]
Event: 9.208 Thread 0x444da400 1721             com.android.dx.cf.direct.DirectClassFile$DcfTypeList::isMutable (2 bytes)
Event: 9.208 Thread 0x444da400 nmethod 1721 0x01fd7648 code [0x01fd7740, 0x01fd77c0]
Event: 9.208 Thread 0x444da400 1722             com.android.dx.cf.direct.DirectClassFile$DcfTypeList::getType (26 bytes)
Event: 9.209 Thread 0x444da400 nmethod 1722 0x01fd7808 code [0x01fd79c0, 0x01fd7f84]

GC Heap History (10 events):
Event: 7.392 GC heap after
Heap after GC invocations=89 (full 7):
 def new generation   total 191040K, used 21184K [0x03e00000, 0x10d40000, 0x19350000)
  eden space 169856K,   0% used [0x03e00000, 0x03e00000, 0x0e3e0000)
  from space 21184K, 100% used [0x0f890000, 0x10d40000, 0x10d40000)
  to   space 21184K,   0% used [0x0e3e0000, 0x0e3e0000, 0x0f890000)
 tenured generation   total 424400K, used 267844K [0x19350000, 0x331c4000, 0x43e00000)
   the space 424400K,  63% used [0x19350000, 0x298e10f0, 0x298e1200, 0x331c4000)
 Metaspace       used 3545K, capacity 3598K, committed 3648K, reserved 4480K
}
Event: 7.702 GC heap before
{Heap before GC invocations=89 (full 7):
 def new generation   total 191040K, used 191040K [0x03e00000, 0x10d40000, 0x19350000)
  eden space 169856K, 100% used [0x03e00000, 0x0e3e0000, 0x0e3e0000)
  from space 21184K, 100% used [0x0f890000, 0x10d40000, 0x10d40000)
  to   space 21184K,   0% used [0x0e3e0000, 0x0e3e0000, 0x0f890000)
 tenured generation   total 424400K, used 267844K [0x19350000, 0x331c4000, 0x43e00000)
   the space 424400K,  63% used [0x19350000, 0x298e10f0, 0x298e1200, 0x331c4000)
 Metaspace       used 3545K, capacity 3598K, committed 3648K, reserved 4480K
Event: 7.826 GC heap after
Heap after GC invocations=90 (full 7):
 def new generation   total 191040K, used 21184K [0x03e00000, 0x10d40000, 0x19350000)
  eden space 169856K,   0% used [0x03e00000, 0x03e00000, 0x0e3e0000)
  from space 21184K, 100% used [0x0e3e0000, 0x0f890000, 0x0f890000)
  to   space 21184K,   0% used [0x0f890000, 0x0f890000, 0x10d40000)
 tenured generation   total 424400K, used 292203K [0x19350000, 0x331c4000, 0x43e00000)
   the space 424400K,  68% used [0x19350000, 0x2b0aaf00, 0x2b0ab000, 0x331c4000)
 Metaspace       used 3545K, capacity 3598K, committed 3648K, reserved 4480K
}
Event: 8.151 GC heap before
{Heap before GC invocations=90 (full 7):
 def new generation   total 191040K, used 191040K [0x03e00000, 0x10d40000, 0x19350000)
  eden space 169856K, 100% used [0x03e00000, 0x0e3e0000, 0x0e3e0000)
  from space 21184K, 100% used [0x0e3e0000, 0x0f890000, 0x0f890000)
  to   space 21184K,   0% used [0x0f890000, 0x0f890000, 0x10d40000)
 tenured generation   total 424400K, used 292203K [0x19350000, 0x331c4000, 0x43e00000)
   the space 424400K,  68% used [0x19350000, 0x2b0aaf00, 0x2b0ab000, 0x331c4000)
 Metaspace       used 3545K, capacity 3598K, committed 3648K, reserved 4480K
Event: 8.277 GC heap after
Heap after GC invocations=91 (full 7):
 def new generation   total 191040K, used 21184K [0x03e00000, 0x10d40000, 0x19350000)
  eden space 169856K,   0% used [0x03e00000, 0x03e00000, 0x0e3e0000)
  from space 21184K, 100% used [0x0f890000, 0x10d40000, 0x10d40000)
  to   space 21184K,   0% used [0x0e3e0000, 0x0e3e0000, 0x0f890000)
 tenured generation   total 424400K, used 318147K [0x19350000, 0x331c4000, 0x43e00000)
   the space 424400K,  74% used [0x19350000, 0x2ca00eb8, 0x2ca01000, 0x331c4000)
 Metaspace       used 3545K, capacity 3598K, committed 3648K, reserved 4480K
}
Event: 8.563 GC heap before
{Heap before GC invocations=91 (full 7):
 def new generation   total 191040K, used 191040K [0x03e00000, 0x10d40000, 0x19350000)
  eden space 169856K, 100% used [0x03e00000, 0x0e3e0000, 0x0e3e0000)
  from space 21184K, 100% used [0x0f890000, 0x10d40000, 0x10d40000)
  to   space 21184K,   0% used [0x0e3e0000, 0x0e3e0000, 0x0f890000)
 tenured generation   total 424400K, used 318147K [0x19350000, 0x331c4000, 0x43e00000)
   the space 424400K,  74% used [0x19350000, 0x2ca00eb8, 0x2ca01000, 0x331c4000)
 Metaspace       used 3545K, capacity 3598K, committed 3648K, reserved 4480K
Event: 8.674 GC heap after
Heap after GC invocations=92 (full 7):
 def new generation   total 191040K, used 21183K [0x03e00000, 0x10d40000, 0x19350000)
  eden space 169856K,   0% used [0x03e00000, 0x03e00000, 0x0e3e0000)
  from space 21184K,  99% used [0x0e3e0000, 0x0f88fff8, 0x0f890000)
  to   space 21184K,   0% used [0x0f890000, 0x0f890000, 0x10d40000)
 tenured generation   total 424400K, used 341369K [0x19350000, 0x331c4000, 0x43e00000)
   the space 424400K,  80% used [0x19350000, 0x2e0ae4d8, 0x2e0ae600, 0x331c4000)
 Metaspace       used 3545K, capacity 3598K, committed 3648K, reserved 4480K
}
Event: 8.970 GC heap before
{Heap before GC invocations=92 (full 7):
 def new generation   total 191040K, used 191039K [0x03e00000, 0x10d40000, 0x19350000)
  eden space 169856K, 100% used [0x03e00000, 0x0e3e0000, 0x0e3e0000)
  from space 21184K,  99% used [0x0e3e0000, 0x0f88fff8, 0x0f890000)
  to   space 21184K,   0% used [0x0f890000, 0x0f890000, 0x10d40000)
 tenured generation   total 424400K, used 341369K [0x19350000, 0x331c4000, 0x43e00000)
   the space 424400K,  80% used [0x19350000, 0x2e0ae4d8, 0x2e0ae600, 0x331c4000)
 Metaspace       used 3545K, capacity 3598K, committed 3648K, reserved 4480K
Event: 9.082 GC heap after
Heap after GC invocations=93 (full 7):
 def new generation   total 191040K, used 21184K [0x03e00000, 0x10d40000, 0x19350000)
  eden space 169856K,   0% used [0x03e00000, 0x03e00000, 0x0e3e0000)
  from space 21184K, 100% used [0x0f890000, 0x10d40000, 0x10d40000)
  to   space 21184K,   0% used [0x0e3e0000, 0x0e3e0000, 0x0f890000)
 tenured generation   total 424400K, used 366295K [0x19350000, 0x331c4000, 0x43e00000)
   the space 424400K,  86% used [0x19350000, 0x2f905c88, 0x2f905e00, 0x331c4000)
 Metaspace       used 3545K, capacity 3598K, committed 3648K, reserved 4480K
}
Event: 9.346 GC heap before
{Heap before GC invocations=93 (full 7):
 def new generation   total 191040K, used 191040K [0x03e00000, 0x10d40000, 0x19350000)
  eden space 169856K, 100% used [0x03e00000, 0x0e3e0000, 0x0e3e0000)
  from space 21184K, 100% used [0x0f890000, 0x10d40000, 0x10d40000)
  to   space 21184K,   0% used [0x0e3e0000, 0x0e3e0000, 0x0f890000)
 tenured generation   total 424400K, used 366295K [0x19350000, 0x331c4000, 0x43e00000)
   the space 424400K,  86% used [0x19350000, 0x2f905c88, 0x2f905e00, 0x331c4000)
 Metaspace       used 3545K, capacity 3598K, committed 3648K, reserved 4480K

Deoptimization events (0 events):
No events

Internal exceptions (5 events):
Event: 0.024 Thread 0x0076bc00 Exception <a 'java/lang/NoSuchMethodError': Method sun.misc.Unsafe.defineClass(Ljava/lang/String;[BII)Ljava/lang/Class; name or signature does not match> (0x03e06ea8) thrown at [C:\re\workspace\8-2-build-windows-i586-cygwin\jdk8u101\7261\hotspot\src\share\À?Jô?
Event: 0.024 Thread 0x0076bc00 Exception <a 'java/lang/NoSuchMethodError': Method sun.misc.Unsafe.prefetchRead(Ljava/lang/Object;J)V name or signature does not match> (0x03e07178) thrown at [C:\re\workspace\8-2-build-windows-i586-cygwin\jdk8u101\7261\hotspot\src\share\vm\prims\jni.cpp, ÅŸäõ∏sÎ?
Event: 0.858 Thread 0x4465b400 Exception <a 'java/lang/ArrayIndexOutOfBoundsException': 18> (0x0400ba10) thrown at [C:\re\workspace\8-2-build-windows-i586-cygwin\jdk8u101\7261\hotspot\src\share\vm\interpreter\interpreterRuntime.cpp, line 366]
Event: 0.858 Thread 0x4465b400 Exception <a 'java/lang/ArrayIndexOutOfBoundsException': 145> (0x0400d2b0) thrown at [C:\re\workspace\8-2-build-windows-i586-cygwin\jdk8u101\7261\hotspot\src\share\vm\interpreter\interpreterRuntime.cpp, line 366]
Event: 0.859 Thread 0x4465b400 Exception <a 'java/lang/ArrayIndexOutOfBoundsException': 40> (0x0400e390) thrown at [C:\re\workspace\8-2-build-windows-i586-cygwin\jdk8u101\7261\hotspot\src\share\vm\interpreter\interpreterRuntime.cpp, line 366]

Events (10 events):
Event: 7.392 Executing VM operation: GenCollectForAllocation done
Event: 7.702 Executing VM operation: GenCollectForAllocation
Event: 7.826 Executing VM operation: GenCollectForAllocation done
Event: 8.151 Executing VM operation: GenCollectForAllocation
Event: 8.277 Executing VM operation: GenCollectForAllocation done
Event: 8.563 Executing VM operation: GenCollectForAllocation
Event: 8.674 Executing VM operation: GenCollectForAllocation done
Event: 8.970 Executing VM operation: GenCollectForAllocation
Event: 9.082 Executing VM operation: GenCollectForAllocation done
Event: 9.346 Executing VM operation: GenCollectForAllocation


Dynamic libraries:
0x00820000 - 0x00853000 	C:\Program Files\Java\jdk1.8.0_101\bin\java.exe
0x77610000 - 0x7774c000 	C:\Windows\SYSTEM32\ntdll.dll
0x76310000 - 0x763e4000 	C:\Windows\system32\kernel32.dll
0x75a10000 - 0x75a5a000 	C:\Windows\system32\KERNELBASE.dll
0x75a60000 - 0x75b00000 	C:\Windows\system32\ADVAPI32.dll
0x76730000 - 0x767dc000 	C:\Windows\system32\msvcrt.dll
0x767e0000 - 0x767f9000 	C:\Windows\SYSTEM32\sechost.dll
0x76500000 - 0x765a1000 	C:\Windows\system32\RPCRT4.dll
0x77760000 - 0x77829000 	C:\Windows\system32\USER32.dll
0x762c0000 - 0x7630e000 	C:\Windows\system32\GDI32.dll
0x75dd0000 - 0x75dda000 	C:\Windows\system32\LPK.dll
0x76110000 - 0x761ad000 	C:\Windows\system32\USP10.dll
0x741d0000 - 0x7436e000 	C:\Windows\WinSxS\x86_microsoft.windows.common-controls_6595b64144ccf1df_6.0.7600.16385_none_421189da2b7fabfc\COMCTL32.dll
0x763f0000 - 0x76447000 	C:\Windows\system32\SHLWAPI.dll
0x764e0000 - 0x764ff000 	C:\Windows\system32\IMM32.DLL
0x75b00000 - 0x75bcc000 	C:\Windows\system32\MSCTF.dll
0x52b10000 - 0x52bcf000 	C:\Program Files\Java\jdk1.8.0_101\jre\bin\msvcr100.dll
0x52740000 - 0x52b0c000 	C:\Program Files\Java\jdk1.8.0_101\jre\bin\client\jvm.dll
0x70d00000 - 0x70d07000 	C:\Windows\system32\WSOCK32.dll
0x766f0000 - 0x76725000 	C:\Windows\system32\WS2_32.dll
0x77750000 - 0x77756000 	C:\Windows\system32\NSI.dll
0x70de0000 - 0x70e12000 	C:\Windows\system32\WINMM.dll
0x74c60000 - 0x74c69000 	C:\Windows\system32\VERSION.dll
0x77830000 - 0x77835000 	C:\Windows\system32\PSAPI.DLL
0x60b30000 - 0x60b3c000 	C:\Program Files\Java\jdk1.8.0_101\jre\bin\verify.dll
0x60b00000 - 0x60b21000 	C:\Program Files\Java\jdk1.8.0_101\jre\bin\java.dll
0x60ae0000 - 0x60af3000 	C:\Program Files\Java\jdk1.8.0_101\jre\bin\zip.dll
0x769c0000 - 0x77609000 	C:\Windows\system32\SHELL32.dll
0x76800000 - 0x7695c000 	C:\Windows\system32\ole32.dll
0x75760000 - 0x7576b000 	C:\Windows\system32\profapi.dll
0x73430000 - 0x7351b000 	C:\Windows\system32\dbghelp.dll

VM Arguments:
jvm_args: -Djava.awt.headless=true -Xmx1024M -Dfile.encoding=windows-1252 -Duser.country=US -Duser.language=en -Duser.variant 
java_command: com.android.dx.command.Main --dex --num-threads=4 --multi-dex --main-dex-list E:\SandeepProjectResources\MobipugNew\Mobipug27.10.18\MobipugSource\app\build\intermediates\multi-dex\debug\maindexlist.txt --output E:\SandeepProjectResources\MobipugNew\Mobipug27.10.18\MobipugSource\app\build\intermediates\transforms\dex\debug\folders\1000\1f\main E:\SandeepProjectResources\MobipugNew\Mobipug27.10.18\MobipugSource\app\build\intermediates\transforms\jarMerging\debug\jars\1\1f\combined.jar
java_class_path (initial): C:\Users\android-4\AppData\Local\Android\Sdk\build-tools\26.0.2\lib\dx.jar
Launcher Type: SUN_STANDARD

Environment Variables:
PATH=C:\ProgramData\Oracle\Java\javapath;C:\Windows\system32;C:\Windows;C:\Windows\System32\Wbem;C:\Windows\System32\WindowsPowerShell\v1.0\;C:\Program Files\Intel\OpenCL SDK\2.0\bin\x86;C:\Program Files\Skype\Phone\
USERNAME=android-4
OS=Windows_NT
PROCESSOR_IDENTIFIER=x86 Family 6 Model 42 Stepping 7, GenuineIntel



---------------  S Y S T E M  ---------------

OS: Windows 7 Build 7600 (6.1.7600.16385)

CPU:total 4 (2 cores per cpu, 2 threads per core) family 6 model 42 stepping 7, cmov, cx8, fxsr, mmx, sse, sse2, sse3, ssse3, sse4.1, sse4.2, popcnt, clmul, ht, tsc, tscinvbit

Memory: 4k page, physical 3578328k(656036k free), swap 24056564k(19147024k free)

vm_info: Java HotSpot(TM) Client VM (25.101-b13) for windows-x86 JRE (1.8.0_101-b13), built on Jun 22 2016 00:45:44 by "java_re" with MS VC++ 10.0 (VS2010)

time: Thu Nov 15 18:47:20 2018
elapsed time: 9 seconds (0d 0h 0m 9s)

