#
# A fatal error has been detected by the Java Runtime Environment:
#
#  EXCEPTION_ACCESS_VIOLATION (0xc0000005) at pc=0x335cf022, pid=3788, tid=0x0000114c
#
# JRE version: Java(TM) SE Runtime Environment (8.0_101-b13) (build 1.8.0_101-b13)
# Java VM: Java HotSpot(TM) Client VM (25.101-b13 mixed mode windows-x86 )
# Problematic frame:
# C  0x335cf022
#
# Failed to write core dump. Minidumps are not enabled by default on client versions of Windows
#
# If you would like to submit a bug report, please visit:
#   http://bugreport.java.com/bugreport/crash.jsp
#

---------------  T H R E A D  ---------------

Current thread (0x443ea800):  VMThread [stack: 0x011f0000,0x01240000] [id=4428]

siginfo: ExceptionCode=0xc0000005, ExceptionInformation=0x00000008 0x335cf022

Registers:
EAX=0x335cf022, EBX=0x0123f2c0, ECX=0x08c54118, EDX=0x2214bf53
ESP=0x0123f0c4, EBP=0x0123f0e4, ESI=0x01681dc4, EDI=0x01681c48
EIP=0x335cf022, EFLAGS=0x00010246

Top of Stack: (sp=0x0123f0c4)
0x0123f0c4:   52cc486a 08c543b8 0123f2c0 08c543b8
0x0123f0d4:   01681c48 08c543b8 01681c48 08c543b8
0x0123f0e4:   0123f0f4 52cc5570 00000000 110a9958
0x0123f0f4:   0123f110 52cc562a 08c543bb 0123f234
0x0123f104:   2214c0dc 44234ce0 01681c48 0123f130
0x0123f114:   52ceafcc 08c543b8 221d43f0 2214c0c8
0x0123f124:   0123f234 44234bc0 44234ce8 0123f150
0x0123f134:   52cd518f 2214c0c8 2214c0e0 01684010 

Instructions: (pc=0x335cf022)
0x335cf002:   00 00 00 00 00 00 00 00 00 00 00 00 00 00 00 00
0x335cf012:   00 00 00 00 00 00 00 00 00 00 00 00 00 00 00 00
0x335cf022:   00 00 00 00 00 00 00 00 00 00 00 00 00 00 00 00
0x335cf032:   00 00 00 00 00 00 00 00 00 00 00 00 00 00 00 00 


Register to memory mapping:

EAX=0x335cf022 is an unallocated location in the heap
EBX=0x0123f2c0 is an unknown value
ECX=0x08c54118 is an oop
com.android.dx.dex.code.CodeAddress 
 - klass: 'com/android/dx/dex/code/CodeAddress'
EDX=0x2214bf53 is pointing into object: 0x2214bf50
com.android.dx.dex.code.CodeAddress 
 - klass: 'com/android/dx/dex/code/CodeAddress'
ESP=0x0123f0c4 is an unknown value
EBP=0x0123f0e4 is an unknown value
ESI=0x01681dc4 is an unknown value
EDI=0x01681c48 is an unknown value


Stack: [0x011f0000,0x01240000],  sp=0x0123f0c4,  free space=316k
Native frames: (J=compiled Java code, j=interpreted, Vv=VM code, C=native code)
C  0x335cf022
V  [jvm.dll+0x95570]
V  [jvm.dll+0x9562a]
V  [jvm.dll+0xbafcc]
V  [jvm.dll+0xa518f]
V  [jvm.dll+0x9a531]
V  [jvm.dll+0x98207]
V  [jvm.dll+0x941d7]
V  [jvm.dll+0x98e73]
V  [jvm.dll+0x92e25]
V  [jvm.dll+0x1b81c6]
V  [jvm.dll+0x18292b]
V  [jvm.dll+0x181d31]
V  [jvm.dll+0x182147]
V  [jvm.dll+0x182342]
V  [jvm.dll+0x1c1ed6]
C  [msvcr100.dll+0x5c556]
C  [msvcr100.dll+0x5c600]
C  [kernel32.dll+0x51174]
C  [ntdll.dll+0x5b3f5]
C  [ntdll.dll+0x5b3c8]

VM_Operation (0x011aed38): GenCollectForAllocation, mode: safepoint, requested by thread 0x0115bc00


---------------  P R O C E S S  ---------------

Java Threads: ( => current thread )
  0x4458ec00 JavaThread "pool-2-thread-4" [_thread_blocked, id=2084, stack(0x44940000,0x44990000)]
  0x4458d000 JavaThread "pool-2-thread-3" [_thread_blocked, id=5532, stack(0x449f0000,0x44a40000)]
  0x4456b800 JavaThread "pool-2-thread-2" [_thread_blocked, id=4792, stack(0x017c0000,0x01810000)]
  0x44568400 JavaThread "pool-3-thread-1" [_thread_blocked, id=3076, stack(0x447c0000,0x44810000)]
  0x44562000 JavaThread "pool-2-thread-1" [_thread_blocked, id=4952, stack(0x44750000,0x447a0000)]
  0x4444d800 JavaThread "Service Thread" daemon [_thread_blocked, id=6080, stack(0x44690000,0x446e0000)]
  0x4443a000 JavaThread "C1 CompilerThread0" daemon [_thread_blocked, id=5956, stack(0x44860000,0x448b0000)]
  0x44439000 JavaThread "Attach Listener" daemon [_thread_blocked, id=5972, stack(0x44640000,0x44690000)]
  0x44436000 JavaThread "Signal Dispatcher" daemon [_thread_blocked, id=1084, stack(0x446e0000,0x44730000)]
  0x44416c00 JavaThread "Finalizer" daemon [_thread_blocked, id=5024, stack(0x01770000,0x017c0000)]
  0x443f0400 JavaThread "Reference Handler" daemon [_thread_blocked, id=3816, stack(0x012d0000,0x01320000)]
  0x0115bc00 JavaThread "main" [_thread_blocked, id=4676, stack(0x01160000,0x011b0000)]

Other Threads:
=>0x443ea800 VMThread [stack: 0x011f0000,0x01240000] [id=4428]
  0x4442f000 WatcherThread [stack: 0x01250000,0x012a0000] [id=5824]

VM state:at safepoint (normal execution)

VM Mutex/Monitor currently owned by a thread:  ([mutex/lock_event])
[0x0115a1d0] Threads_lock - owner thread: 0x443ea800
[0x0115a5e0] Heap_lock - owner thread: 0x0115bc00

Heap:
 def new generation   total 109184K, used 97088K [0x03c00000, 0x0b270000, 0x19150000)
  eden space 97088K, 100% used [0x03c00000, 0x09ad0000, 0x09ad0000)
  from space 12096K,   0% used [0x09ad0000, 0x09ad0000, 0x0a6a0000)
  to   space 12096K, 100% used [0x0a6a0000, 0x0b270000, 0x0b270000)
 tenured generation   total 699072K, used 149399K [0x19150000, 0x43c00000, 0x43c00000)
   the space 699072K,  21% used [0x19150000, 0x22335f30, 0x22336000, 0x43c00000)
 Metaspace       used 3546K, capacity 3598K, committed 3648K, reserved 4480K

Card table byte_map: [0x43c00000,0x43e10000] byte_map_base: 0x43be2000

Polling page: 0x00130000

CodeCache: size=32768Kb used=3379Kb max_used=3379Kb free=29388Kb
 bounds [0x01b30000, 0x01e80000, 0x03b30000]
 total_blobs=1743 nmethods=1596 adapters=77
 compilation: enabled

Compilation events (10 events):
Event: 4.195 Thread 0x4443a000 1594             com.android.dx.cf.direct.DirectClassFile::getMinorVersion0 (9 bytes)
Event: 4.195 Thread 0x4443a000 nmethod 1594 0x01e7bf88 code [0x01e7c090, 0x01e7c19c]
Event: 4.195 Thread 0x4443a000 1595             com.android.dx.cf.direct.DirectClassFile::getMajorVersion0 (10 bytes)
Event: 4.195 Thread 0x4443a000 nmethod 1595 0x01e7c308 code [0x01e7c410, 0x01e7c51c]
Event: 4.195 Thread 0x4443a000 1596             com.android.dx.cf.direct.DirectClassFile::isGoodVersion (32 bytes)
Event: 4.195 Thread 0x4443a000 nmethod 1596 0x01e7c688 code [0x01e7c780, 0x01e7c860]
Event: 4.251 Thread 0x4443a000 1597   !         com.android.dx.cf.attrib.AttInnerClasses::<init> (43 bytes)
Event: 4.251 Thread 0x4443a000 nmethod 1597 0x01e7c8c8 code [0x01e7c9e0, 0x01e7cba8]
Event: 4.252 Thread 0x4443a000 1598             com.android.dx.cf.attrib.AttInnerClasses::byteLength (14 bytes)
Event: 4.252 Thread 0x4443a000 nmethod 1598 0x01e7cd08 code [0x01e7ce00, 0x01e7ce90]

GC Heap History (10 events):
Event: 3.171 GC heap after
Heap after GC invocations=55 (full 5):
 def new generation   total 62656K, used 6912K [0x03c00000, 0x07ff0000, 0x19150000)
  eden space 55744K,   0% used [0x03c00000, 0x03c00000, 0x07270000)
  from space 6912K, 100% used [0x07270000, 0x07930000, 0x07930000)
  to   space 6912K,   0% used [0x07930000, 0x07930000, 0x07ff0000)
 tenured generation   total 139056K, used 112047K [0x19150000, 0x2191c000, 0x43c00000)
   the space 139056K,  80% used [0x19150000, 0x1febbe88, 0x1febc000, 0x2191c000)
 Metaspace       used 3545K, capacity 3598K, committed 3648K, reserved 4480K
}
Event: 3.288 GC heap before
{Heap before GC invocations=55 (full 5):
 def new generation   total 62656K, used 62656K [0x03c00000, 0x07ff0000, 0x19150000)
  eden space 55744K, 100% used [0x03c00000, 0x07270000, 0x07270000)
  from space 6912K, 100% used [0x07270000, 0x07930000, 0x07930000)
  to   space 6912K,   0% used [0x07930000, 0x07930000, 0x07ff0000)
 tenured generation   total 139056K, used 112047K [0x19150000, 0x2191c000, 0x43c00000)
   the space 139056K,  80% used [0x19150000, 0x1febbe88, 0x1febc000, 0x2191c000)
 Metaspace       used 3545K, capacity 3598K, committed 3648K, reserved 4480K
Event: 3.334 GC heap after
Heap after GC invocations=56 (full 5):
 def new generation   total 62656K, used 6912K [0x03c00000, 0x07ff0000, 0x19150000)
  eden space 55744K,   0% used [0x03c00000, 0x03c00000, 0x07270000)
  from space 6912K, 100% used [0x07930000, 0x07ff0000, 0x07ff0000)
  to   space 6912K,   0% used [0x07270000, 0x07270000, 0x07930000)
 tenured generation   total 139056K, used 120686K [0x19150000, 0x2191c000, 0x43c00000)
   the space 139056K,  86% used [0x19150000, 0x2072ba90, 0x2072bc00, 0x2191c000)
 Metaspace       used 3545K, capacity 3598K, committed 3648K, reserved 4480K
}
Event: 3.424 GC heap before
{Heap before GC invocations=56 (full 5):
 def new generation   total 62656K, used 62656K [0x03c00000, 0x07ff0000, 0x19150000)
  eden space 55744K, 100% used [0x03c00000, 0x07270000, 0x07270000)
  from space 6912K, 100% used [0x07930000, 0x07ff0000, 0x07ff0000)
  to   space 6912K,   0% used [0x07270000, 0x07270000, 0x07930000)
 tenured generation   total 139056K, used 120686K [0x19150000, 0x2191c000, 0x43c00000)
   the space 139056K,  86% used [0x19150000, 0x2072ba90, 0x2072bc00, 0x2191c000)
 Metaspace       used 3546K, capacity 3598K, committed 3648K, reserved 4480K
Event: 3.462 GC heap after
Heap after GC invocations=57 (full 5):
 def new generation   total 62656K, used 6911K [0x03c00000, 0x07ff0000, 0x19150000)
  eden space 55744K,   0% used [0x03c00000, 0x03c00000, 0x07270000)
  from space 6912K,  99% used [0x07270000, 0x0792fff8, 0x07930000)
  to   space 6912K,   0% used [0x07930000, 0x07930000, 0x07ff0000)
 tenured generation   total 139056K, used 128497K [0x19150000, 0x2191c000, 0x43c00000)
   the space 139056K,  92% used [0x19150000, 0x20ecc738, 0x20ecc800, 0x2191c000)
 Metaspace       used 3546K, capacity 3598K, committed 3648K, reserved 4480K
}
Event: 3.566 GC heap before
{Heap before GC invocations=57 (full 5):
 def new generation   total 62656K, used 62655K [0x03c00000, 0x07ff0000, 0x19150000)
  eden space 55744K, 100% used [0x03c00000, 0x07270000, 0x07270000)
  from space 6912K,  99% used [0x07270000, 0x0792fff8, 0x07930000)
  to   space 6912K,   0% used [0x07930000, 0x07930000, 0x07ff0000)
 tenured generation   total 139056K, used 128497K [0x19150000, 0x2191c000, 0x43c00000)
   the space 139056K,  92% used [0x19150000, 0x20ecc738, 0x20ecc800, 0x2191c000)
 Metaspace       used 3546K, capacity 3598K, committed 3648K, reserved 4480K
Event: 3.605 GC heap after
Heap after GC invocations=58 (full 5):
 def new generation   total 62656K, used 6912K [0x03c00000, 0x07ff0000, 0x19150000)
  eden space 55744K,   0% used [0x03c00000, 0x03c00000, 0x07270000)
  from space 6912K, 100% used [0x07930000, 0x07ff0000, 0x07ff0000)
  to   space 6912K,   0% used [0x07270000, 0x07270000, 0x07930000)
 tenured generation   total 139056K, used 137172K [0x19150000, 0x2191c000, 0x43c00000)
   the space 139056K,  98% used [0x19150000, 0x217450b8, 0x21745200, 0x2191c000)
 Metaspace       used 3546K, capacity 3598K, committed 3648K, reserved 4480K
}
Event: 3.711 GC heap before
{Heap before GC invocations=58 (full 5):
 def new generation   total 62656K, used 62656K [0x03c00000, 0x07ff0000, 0x19150000)
  eden space 55744K, 100% used [0x03c00000, 0x07270000, 0x07270000)
  from space 6912K, 100% used [0x07930000, 0x07ff0000, 0x07ff0000)
  to   space 6912K,   0% used [0x07270000, 0x07270000, 0x07930000)
 tenured generation   total 139056K, used 137172K [0x19150000, 0x2191c000, 0x43c00000)
   the space 139056K,  98% used [0x19150000, 0x217450b8, 0x21745200, 0x2191c000)
 Metaspace       used 3546K, capacity 3598K, committed 3648K, reserved 4480K
Event: 4.091 GC heap after
Heap after GC invocations=59 (full 6):
 def new generation   total 109184K, used 6878K [0x03c00000, 0x0b270000, 0x19150000)
  eden space 97088K,   7% used [0x03c00000, 0x042b7af8, 0x09ad0000)
  from space 12096K,   0% used [0x09ad0000, 0x09ad0000, 0x0a6a0000)
  to   space 12096K,   0% used [0x0a6a0000, 0x0a6a0000, 0x0b270000)
 tenured generation   total 242428K, used 145456K [0x19150000, 0x27e0f000, 0x43c00000)
   the space 242428K,  59% used [0x19150000, 0x21f5c000, 0x21f5c000, 0x27e0f000)
 Metaspace       used 3546K, capacity 3598K, committed 3648K, reserved 4480K
}
Event: 4.271 GC heap before
{Heap before GC invocations=59 (full 6):
 def new generation   total 109184K, used 97088K [0x03c00000, 0x0b270000, 0x19150000)
  eden space 97088K, 100% used [0x03c00000, 0x09ad0000, 0x09ad0000)
  from space 12096K,   0% used [0x09ad0000, 0x09ad0000, 0x0a6a0000)
  to   space 12096K,   0% used [0x0a6a0000, 0x0a6a0000, 0x0b270000)
 tenured generation   total 242428K, used 145456K [0x19150000, 0x27e0f000, 0x43c00000)
   the space 242428K,  59% used [0x19150000, 0x21f5c000, 0x21f5c000, 0x27e0f000)
 Metaspace       used 3546K, capacity 3598K, committed 3648K, reserved 4480K

Deoptimization events (0 events):
No events

Internal exceptions (5 events):
Event: 0.025 Thread 0x0115bc00 Exception <a 'java/lang/NoSuchMethodError': Method sun.misc.Unsafe.defineClass(Ljava/lang/String;[BII)Ljava/lang/Class; name or signature does not match> (0x03c06ea8) thrown at [C:\re\workspace\8-2-build-windows-i586-cygwin\jdk8u101\7261\hotspot\src\share\3•î™™?
Event: 0.025 Thread 0x0115bc00 Exception <a 'java/lang/NoSuchMethodError': Method sun.misc.Unsafe.prefetchRead(Ljava/lang/Object;J)V name or signature does not match> (0x03c07178) thrown at [C:\re\workspace\8-2-build-windows-i586-cygwin\jdk8u101\7261\hotspot\src\share\vm\prims\jni.cpp, 74FìH-é?
Event: 0.787 Thread 0x4456b800 Exception <a 'java/lang/ArrayIndexOutOfBoundsException': 18> (0x03c541e0) thrown at [C:\re\workspace\8-2-build-windows-i586-cygwin\jdk8u101\7261\hotspot\src\share\vm\interpreter\interpreterRuntime.cpp, line 366]
Event: 0.787 Thread 0x4456b800 Exception <a 'java/lang/ArrayIndexOutOfBoundsException': 145> (0x03c55a80) thrown at [C:\re\workspace\8-2-build-windows-i586-cygwin\jdk8u101\7261\hotspot\src\share\vm\interpreter\interpreterRuntime.cpp, line 366]
Event: 0.787 Thread 0x4456b800 Exception <a 'java/lang/ArrayIndexOutOfBoundsException': 40> (0x03c56b60) thrown at [C:\re\workspace\8-2-build-windows-i586-cygwin\jdk8u101\7261\hotspot\src\share\vm\interpreter\interpreterRuntime.cpp, line 366]

Events (10 events):
Event: 4.261 Executing VM operation: RevokeBias done
Event: 4.261 Executing VM operation: RevokeBias
Event: 4.261 Executing VM operation: RevokeBias done
Event: 4.262 Executing VM operation: RevokeBias
Event: 4.262 Executing VM operation: RevokeBias done
Event: 4.262 Executing VM operation: RevokeBias
Event: 4.262 Executing VM operation: RevokeBias done
Event: 4.264 Executing VM operation: BulkRevokeBias
Event: 4.265 Executing VM operation: BulkRevokeBias done
Event: 4.271 Executing VM operation: GenCollectForAllocation


Dynamic libraries:
0x01320000 - 0x01353000 	C:\Program Files\Java\jdk1.8.0_101\bin\java.exe
0x77570000 - 0x776ac000 	C:\Windows\SYSTEM32\ntdll.dll
0x77330000 - 0x77404000 	C:\Windows\system32\kernel32.dll
0x75940000 - 0x7598a000 	C:\Windows\system32\KERNELBASE.dll
0x75bd0000 - 0x75c70000 	C:\Windows\system32\ADVAPI32.dll
0x776f0000 - 0x7779c000 	C:\Windows\system32\msvcrt.dll
0x76d60000 - 0x76d79000 	C:\Windows\SYSTEM32\sechost.dll
0x77280000 - 0x77321000 	C:\Windows\system32\RPCRT4.dll
0x771b0000 - 0x77279000 	C:\Windows\system32\USER32.dll
0x76bf0000 - 0x76c3e000 	C:\Windows\system32\GDI32.dll
0x75a20000 - 0x75a2a000 	C:\Windows\system32\LPK.dll
0x77110000 - 0x771ad000 	C:\Windows\system32\USP10.dll
0x74530000 - 0x746ce000 	C:\Windows\WinSxS\x86_microsoft.windows.common-controls_6595b64144ccf1df_6.0.7600.16385_none_421189da2b7fabfc\COMCTL32.dll
0x759c0000 - 0x75a17000 	C:\Windows\system32\SHLWAPI.dll
0x776d0000 - 0x776ef000 	C:\Windows\system32\IMM32.DLL
0x77010000 - 0x770dc000 	C:\Windows\system32\MSCTF.dll
0x67e60000 - 0x67f1f000 	C:\Program Files\Java\jdk1.8.0_101\jre\bin\msvcr100.dll
0x52c30000 - 0x52ffc000 	C:\Program Files\Java\jdk1.8.0_101\jre\bin\client\jvm.dll
0x71280000 - 0x71287000 	C:\Windows\system32\WSOCK32.dll
0x76fd0000 - 0x77005000 	C:\Windows\system32\WS2_32.dll
0x76be0000 - 0x76be6000 	C:\Windows\system32\NSI.dll
0x70e50000 - 0x70e82000 	C:\Windows\system32\WINMM.dll
0x74bc0000 - 0x74bc9000 	C:\Windows\system32\VERSION.dll
0x776c0000 - 0x776c5000 	C:\Windows\system32\PSAPI.DLL
0x68770000 - 0x6877c000 	C:\Program Files\Java\jdk1.8.0_101\jre\bin\verify.dll
0x68740000 - 0x68761000 	C:\Program Files\Java\jdk1.8.0_101\jre\bin\java.dll
0x68720000 - 0x68733000 	C:\Program Files\Java\jdk1.8.0_101\jre\bin\zip.dll
0x75c70000 - 0x768b9000 	C:\Windows\system32\SHELL32.dll
0x77410000 - 0x7756c000 	C:\Windows\system32\ole32.dll
0x756c0000 - 0x756cb000 	C:\Windows\system32\profapi.dll
0x72060000 - 0x7214b000 	C:\Windows\system32\dbghelp.dll

VM Arguments:
jvm_args: -Djava.awt.headless=true -Xmx1024M -Dfile.encoding=windows-1252 -Duser.country=US -Duser.language=en -Duser.variant 
java_command: com.android.dx.command.Main --dex --num-threads=4 --multi-dex --main-dex-list E:\SandeepProjectResources\MobipugNew\MobipugSource\app\build\intermediates\multi-dex\debug\maindexlist.txt --output E:\SandeepProjectResources\MobipugNew\MobipugSource\app\build\intermediates\transforms\dex\debug\folders\1000\1f\main E:\SandeepProjectResources\MobipugNew\MobipugSource\app\build\intermediates\transforms\jarMerging\debug\jars\1\1f\combined.jar
java_class_path (initial): C:\Users\android-4\AppData\Local\Android\Sdk\build-tools\26.0.2\lib\dx.jar
Launcher Type: SUN_STANDARD

Environment Variables:
PATH=C:\ProgramData\Oracle\Java\javapath;C:\Windows\system32;C:\Windows;C:\Windows\System32\Wbem;C:\Windows\System32\WindowsPowerShell\v1.0\;C:\Program Files\Intel\OpenCL SDK\2.0\bin\x86;C:\Program Files\Skype\Phone\
USERNAME=android-4
OS=Windows_NT
PROCESSOR_IDENTIFIER=x86 Family 6 Model 42 Stepping 7, GenuineIntel



---------------  S Y S T E M  ---------------

OS: Windows 7 Build 7600 (6.1.7600.16385)

CPU:total 4 (2 cores per cpu, 2 threads per core) family 6 model 42 stepping 7, cmov, cx8, fxsr, mmx, sse, sse2, sse3, ssse3, sse4.1, sse4.2, popcnt, clmul, ht, tsc, tscinvbit

Memory: 4k page, physical 3578328k(305156k free), swap 24056564k(18887424k free)

vm_info: Java HotSpot(TM) Client VM (25.101-b13) for windows-x86 JRE (1.8.0_101-b13), built on Jun 22 2016 00:45:44 by "java_re" with MS VC++ 10.0 (VS2010)

time: Tue Oct 16 18:05:27 2018
elapsed time: 4 seconds (0d 0h 0m 4s)

