#
# A fatal error has been detected by the Java Runtime Environment:
#
#  EXCEPTION_ACCESS_VIOLATION (0xc0000005) at pc=0x5b95fa77, pid=6080, tid=0x000015e8
#
# JRE version: Java(TM) SE Runtime Environment (8.0_101-b13) (build 1.8.0_101-b13)
# Java VM: Java HotSpot(TM) Client VM (25.101-b13 mixed mode windows-x86 )
# Problematic frame:
# V  [jvm.dll+0xbfa77]
#
# Failed to write core dump. Minidumps are not enabled by default on client versions of Windows
#
# If you would like to submit a bug report, please visit:
#   http://bugreport.java.com/bugreport/crash.jsp
#

---------------  T H R E A D  ---------------

Current thread (0x443ea800):  VMThread [stack: 0x44690000,0x446e0000] [id=5608]

siginfo: ExceptionCode=0xc0000005, reading address 0x00000060

Registers:
EAX=0x00000000, EBX=0x1bf5b0dc, ECX=0x00000000, EDX=0x00000000
ESP=0x446dee78, EBP=0x446dee98, ESI=0x1bf5b0e0, EDI=0x1bfc57b0
EIP=0x5b95fa77, EFLAGS=0x00010293

Top of Stack: (sp=0x446dee78)
0x446dee78:   5bc094cc 44595598 44595590 44260be8
0x446dee88:   1bf5b0e0 00000003 191f8330 44260be0
0x446dee98:   446deeb8 5ba54db1 1bf5b0d0 5bc094cc
0x446deea8:   44595590 44595598 5bc094cc 44595590
0x446deeb8:   446deec4 5ba54fac 00000003 446deee0
0x446deec8:   5b9f883a 44595590 44595000 5bc094cc
0x446deed8:   00000000 445948a8 446df0c8 5ba19eef
0x446deee8:   5bc094cc 00000001 44595000 00000000 

Instructions: (pc=0x5b95fa77)
0x5b95fa57:   80 3d b4 84 bf 5b 00 75 0a 8b d0 80 e2 07 80 fa
0x5b95fa67:   01 eb 1b 8b c8 83 e1 07 83 f9 05 74 24 8b 57 04
0x5b95fa77:   8b 52 60 83 e2 07 80 fa 05 74 0c 83 f9 01 75 07
0x5b95fa87:   a9 80 ff ff ff 74 0a 50 57 e8 fb 4f 0f 00 83 c4 


Register to memory mapping:

EAX=0x00000000 is an unknown value
EBX=0x1bf5b0dc is pointing into object: 0x1bf5b0d0
com.android.dx.rop.code.RegisterSpecList 
 - klass: 'com/android/dx/rop/code/RegisterSpecList'
ECX=0x00000000 is an unknown value
EDX=0x00000000 is an unknown value
ESP=0x446dee78 is an unknown value
EBP=0x446dee98 is an unknown value
ESI=0x1bf5b0e0 is an oop
com.android.dx.rop.code.SourcePosition 
 - klass: 'com/android/dx/rop/code/SourcePosition'
EDI=0x1bfc57b0 is pointing into object: 0x1bfc5770
[Lcom.android.dx.rop.code.RegisterSpec; 
 - klass: 'com/android/dx/rop/code/RegisterSpec'[]
 - length: 30


Stack: [0x44690000,0x446e0000],  sp=0x446dee78,  free space=315k
Native frames: (J=compiled Java code, j=interpreted, Vv=VM code, C=native code)
V  [jvm.dll+0xbfa77]
V  [jvm.dll+0x1b4db1]
V  [jvm.dll+0x1b4fac]
V  [jvm.dll+0x15883a]
V  [jvm.dll+0x179eef]
V  [jvm.dll+0x1789ea]
V  [jvm.dll+0x97fb0]
V  [jvm.dll+0x992a1]
V  [jvm.dll+0x9b020]
V  [jvm.dll+0x9b489]
V  [jvm.dll+0x9a27f]
V  [jvm.dll+0xa64b2]
V  [jvm.dll+0x98e73]
V  [jvm.dll+0x92e25]
V  [jvm.dll+0x1b81c6]
V  [jvm.dll+0x18292b]
V  [jvm.dll+0x181d31]
V  [jvm.dll+0x182147]
V  [jvm.dll+0x182342]
V  [jvm.dll+0x1c1ed6]
C  [msvcr100.dll+0x5c556]
C  [msvcr100.dll+0x5c600]
C  [kernel32.dll+0x51174]
C  [ntdll.dll+0x5b3f5]
C  [ntdll.dll+0x5b3c8]

VM_Operation (0x0182e994): GenCollectForAllocation, mode: safepoint, requested by thread 0x0123bc00


---------------  P R O C E S S  ---------------

Java Threads: ( => current thread )
  0x44595000 JavaThread "pool-2-thread-4" [_thread_blocked, id=5980, stack(0x44bf0000,0x44c40000)]
  0x4458ec00 JavaThread "pool-2-thread-3" [_thread_blocked, id=4440, stack(0x44ca0000,0x44cf0000)]
  0x4458b000 JavaThread "pool-2-thread-2" [_thread_blocked, id=4732, stack(0x44b20000,0x44b70000)]
  0x44569c00 JavaThread "pool-3-thread-1" [_thread_blocked, id=2296, stack(0x44aa0000,0x44af0000)]
  0x44566000 JavaThread "pool-2-thread-1" [_thread_blocked, id=4868, stack(0x44930000,0x44980000)]
  0x4444c000 JavaThread "Service Thread" daemon [_thread_blocked, id=2248, stack(0x44a40000,0x44a90000)]
  0x4443a400 JavaThread "C1 CompilerThread0" daemon [_thread_blocked, id=4068, stack(0x449d0000,0x44a20000)]
  0x44439000 JavaThread "Attach Listener" daemon [_thread_blocked, id=4232, stack(0x44840000,0x44890000)]
  0x44436000 JavaThread "Signal Dispatcher" daemon [_thread_blocked, id=3784, stack(0x447f0000,0x44840000)]
  0x44416c00 JavaThread "Finalizer" daemon [_thread_blocked, id=2532, stack(0x44600000,0x44650000)]
  0x443f0400 JavaThread "Reference Handler" daemon [_thread_blocked, id=5064, stack(0x447a0000,0x447f0000)]
  0x0123bc00 JavaThread "main" [_thread_blocked, id=4796, stack(0x017e0000,0x01830000)]

Other Threads:
=>0x443ea800 VMThread [stack: 0x44690000,0x446e0000] [id=5608]
  0x44430800 WatcherThread [stack: 0x448d0000,0x44920000] [id=5380]

VM state:at safepoint (normal execution)

VM Mutex/Monitor currently owned by a thread:  ([mutex/lock_event])
[0x0123a230] Threads_lock - owner thread: 0x443ea800
[0x0123a640] Heap_lock - owner thread: 0x0123bc00

Heap:
 def new generation   total 24256K, used 2688K [0x03c00000, 0x05650000, 0x19150000)
  eden space 21568K,   0% used [0x03c00000, 0x03c00000, 0x05110000)
  from space 2688K, 100% used [0x05110000, 0x053b0000, 0x053b0000)
  to   space 2688K,   0% used [0x053b0000, 0x053b0000, 0x05650000)
 tenured generation   total 54712K, used 54673K [0x19150000, 0x1c6be000, 0x43c00000)
   the space 54712K,  99% used [0x19150000, 0x1c6b44f0, 0x1c6b4600, 0x1c6be000)
 Metaspace       used 3544K, capacity 3566K, committed 3648K, reserved 4480K

Card table byte_map: [0x43c00000,0x43e10000] byte_map_base: 0x43be2000

Polling page: 0x00290000

CodeCache: size=32768Kb used=2994Kb max_used=2994Kb free=29773Kb
 bounds [0x01b00000, 0x01df0000, 0x03b00000]
 total_blobs=1494 nmethods=1347 adapters=77
 compilation: enabled

Compilation events (10 events):
Event: 1.631 Thread 0x4443a400 1345             com.android.dx.cf.attrib.RawAttribute::<init> (17 bytes)
Event: 1.631 Thread 0x4443a400 nmethod 1345 0x01deaf08 code [0x01deb030, 0x01deb214]
Event: 1.631 Thread 0x4443a400 1346             com.android.dx.cf.attrib.RawAttribute::<init> (30 bytes)
Event: 1.631 Thread 0x4443a400 nmethod 1346 0x01deb3c8 code [0x01deb4e0, 0x01deb678]
Event: 1.638 Thread 0x4443a400 1347             com.android.dx.rop.cst.CstLiteral64::hashCode (15 bytes)
Event: 1.639 Thread 0x4443a400 nmethod 1347 0x01deb788 code [0x01deb880, 0x01deb920]
Event: 1.640 Thread 0x4443a400 1348             com.android.dx.rop.type.Type::asUninitialized (140 bytes)
Event: 1.642 Thread 0x4443a400 nmethod 1348 0x01deb988 code [0x01debb80, 0x01dec360]
Event: 1.644 Thread 0x4443a400 1349             java.util.Collections$UnmodifiableList::get (11 bytes)
Event: 1.644 Thread 0x4443a400 nmethod 1349 0x01deca48 code [0x01decb50, 0x01decbec]

GC Heap History (10 events):
Event: 1.402 GC heap after
Heap after GC invocations=39 (full 3):
 def new generation   total 24256K, used 2687K [0x03c00000, 0x05650000, 0x19150000)
  eden space 21568K,   0% used [0x03c00000, 0x03c00000, 0x05110000)
  from space 2688K,  99% used [0x053b0000, 0x0564fff8, 0x05650000)
  to   space 2688K,   0% used [0x05110000, 0x05110000, 0x053b0000)
 tenured generation   total 53816K, used 39847K [0x19150000, 0x1c5de000, 0x43c00000)
   the space 53816K,  74% used [0x19150000, 0x1b839d50, 0x1b839e00, 0x1c5de000)
 Metaspace       used 3544K, capacity 3566K, committed 3648K, reserved 4480K
}
Event: 1.438 GC heap before
{Heap before GC invocations=39 (full 3):
 def new generation   total 24256K, used 24255K [0x03c00000, 0x05650000, 0x19150000)
  eden space 21568K, 100% used [0x03c00000, 0x05110000, 0x05110000)
  from space 2688K,  99% used [0x053b0000, 0x0564fff8, 0x05650000)
  to   space 2688K,   0% used [0x05110000, 0x05110000, 0x053b0000)
 tenured generation   total 53816K, used 39847K [0x19150000, 0x1c5de000, 0x43c00000)
   the space 53816K,  74% used [0x19150000, 0x1b839d50, 0x1b839e00, 0x1c5de000)
 Metaspace       used 3544K, capacity 3566K, committed 3648K, reserved 4480K
Event: 1.452 GC heap after
Heap after GC invocations=40 (full 3):
 def new generation   total 24256K, used 2688K [0x03c00000, 0x05650000, 0x19150000)
  eden space 21568K,   0% used [0x03c00000, 0x03c00000, 0x05110000)
  from space 2688K, 100% used [0x05110000, 0x053b0000, 0x053b0000)
  to   space 2688K,   0% used [0x053b0000, 0x053b0000, 0x05650000)
 tenured generation   total 53816K, used 42851K [0x19150000, 0x1c5de000, 0x43c00000)
   the space 53816K,  79% used [0x19150000, 0x1bb28ef8, 0x1bb29000, 0x1c5de000)
 Metaspace       used 3544K, capacity 3566K, committed 3648K, reserved 4480K
}
Event: 1.488 GC heap before
{Heap before GC invocations=40 (full 3):
 def new generation   total 24256K, used 24256K [0x03c00000, 0x05650000, 0x19150000)
  eden space 21568K, 100% used [0x03c00000, 0x05110000, 0x05110000)
  from space 2688K, 100% used [0x05110000, 0x053b0000, 0x053b0000)
  to   space 2688K,   0% used [0x053b0000, 0x053b0000, 0x05650000)
 tenured generation   total 53816K, used 42851K [0x19150000, 0x1c5de000, 0x43c00000)
   the space 53816K,  79% used [0x19150000, 0x1bb28ef8, 0x1bb29000, 0x1c5de000)
 Metaspace       used 3544K, capacity 3566K, committed 3648K, reserved 4480K
Event: 1.499 GC heap after
Heap after GC invocations=41 (full 3):
 def new generation   total 24256K, used 2661K [0x03c00000, 0x05650000, 0x19150000)
  eden space 21568K,   0% used [0x03c00000, 0x03c00000, 0x05110000)
  from space 2688K,  99% used [0x053b0000, 0x05649780, 0x05650000)
  to   space 2688K,   0% used [0x05110000, 0x05110000, 0x053b0000)
 tenured generation   total 53816K, used 45009K [0x19150000, 0x1c5de000, 0x43c00000)
   the space 53816K,  83% used [0x19150000, 0x1bd44590, 0x1bd44600, 0x1c5de000)
 Metaspace       used 3544K, capacity 3566K, committed 3648K, reserved 4480K
}
Event: 1.536 GC heap before
{Heap before GC invocations=41 (full 3):
 def new generation   total 24256K, used 24229K [0x03c00000, 0x05650000, 0x19150000)
  eden space 21568K, 100% used [0x03c00000, 0x05110000, 0x05110000)
  from space 2688K,  99% used [0x053b0000, 0x05649780, 0x05650000)
  to   space 2688K,   0% used [0x05110000, 0x05110000, 0x053b0000)
 tenured generation   total 53816K, used 45009K [0x19150000, 0x1c5de000, 0x43c00000)
   the space 53816K,  83% used [0x19150000, 0x1bd44590, 0x1bd44600, 0x1c5de000)
 Metaspace       used 3544K, capacity 3566K, committed 3648K, reserved 4480K
Event: 1.551 GC heap after
Heap after GC invocations=42 (full 3):
 def new generation   total 24256K, used 2687K [0x03c00000, 0x05650000, 0x19150000)
  eden space 21568K,   0% used [0x03c00000, 0x03c00000, 0x05110000)
  from space 2688K,  99% used [0x05110000, 0x053afff8, 0x053b0000)
  to   space 2688K,   0% used [0x053b0000, 0x053b0000, 0x05650000)
 tenured generation   total 53816K, used 48643K [0x19150000, 0x1c5de000, 0x43c00000)
   the space 53816K,  90% used [0x19150000, 0x1c0d0ee8, 0x1c0d1000, 0x1c5de000)
 Metaspace       used 3544K, capacity 3566K, committed 3648K, reserved 4480K
}
Event: 1.600 GC heap before
{Heap before GC invocations=42 (full 3):
 def new generation   total 24256K, used 24255K [0x03c00000, 0x05650000, 0x19150000)
  eden space 21568K, 100% used [0x03c00000, 0x05110000, 0x05110000)
  from space 2688K,  99% used [0x05110000, 0x053afff8, 0x053b0000)
  to   space 2688K,   0% used [0x053b0000, 0x053b0000, 0x05650000)
 tenured generation   total 53816K, used 48643K [0x19150000, 0x1c5de000, 0x43c00000)
   the space 53816K,  90% used [0x19150000, 0x1c0d0ee8, 0x1c0d1000, 0x1c5de000)
 Metaspace       used 3544K, capacity 3566K, committed 3648K, reserved 4480K
Event: 1.612 GC heap after
Heap after GC invocations=43 (full 3):
 def new generation   total 24256K, used 2688K [0x03c00000, 0x05650000, 0x19150000)
  eden space 21568K,   0% used [0x03c00000, 0x03c00000, 0x05110000)
  from space 2688K, 100% used [0x053b0000, 0x05650000, 0x05650000)
  to   space 2688K,   0% used [0x05110000, 0x05110000, 0x053b0000)
 tenured generation   total 53816K, used 50973K [0x19150000, 0x1c5de000, 0x43c00000)
   the space 53816K,  94% used [0x19150000, 0x1c317630, 0x1c317800, 0x1c5de000)
 Metaspace       used 3544K, capacity 3566K, committed 3648K, reserved 4480K
}
Event: 1.650 GC heap before
{Heap before GC invocations=43 (full 3):
 def new generation   total 24256K, used 24256K [0x03c00000, 0x05650000, 0x19150000)
  eden space 21568K, 100% used [0x03c00000, 0x05110000, 0x05110000)
  from space 2688K, 100% used [0x053b0000, 0x05650000, 0x05650000)
  to   space 2688K,   0% used [0x05110000, 0x05110000, 0x053b0000)
 tenured generation   total 53816K, used 50973K [0x19150000, 0x1c5de000, 0x43c00000)
   the space 53816K,  94% used [0x19150000, 0x1c317630, 0x1c317800, 0x1c5de000)
 Metaspace       used 3544K, capacity 3566K, committed 3648K, reserved 4480K

Deoptimization events (0 events):
No events

Internal exceptions (5 events):
Event: 0.024 Thread 0x0123bc00 Exception <a 'java/lang/NoSuchMethodError': Method sun.misc.Unsafe.defineClass(Ljava/lang/String;[BII)Ljava/lang/Class; name or signature does not match> (0x03c06ea8) thrown at [C:\re\workspace\8-2-build-windows-i586-cygwin\jdk8u101\7261\hotspot\src\share\»2^k³4˜?
Event: 0.024 Thread 0x0123bc00 Exception <a 'java/lang/NoSuchMethodError': Method sun.misc.Unsafe.prefetchRead(Ljava/lang/Object;J)V name or signature does not match> (0x03c07178) thrown at [C:\re\workspace\8-2-build-windows-i586-cygwin\jdk8u101\7261\hotspot\src\share\vm\prims\jni.cpp, ¬‘°§Á+é?
Event: 0.787 Thread 0x4458ec00 Exception <a 'java/lang/ArrayIndexOutOfBoundsException': 18> (0x041f2c28) thrown at [C:\re\workspace\8-2-build-windows-i586-cygwin\jdk8u101\7261\hotspot\src\share\vm\interpreter\interpreterRuntime.cpp, line 366]
Event: 0.787 Thread 0x4458ec00 Exception <a 'java/lang/ArrayIndexOutOfBoundsException': 145> (0x041f44c8) thrown at [C:\re\workspace\8-2-build-windows-i586-cygwin\jdk8u101\7261\hotspot\src\share\vm\interpreter\interpreterRuntime.cpp, line 366]
Event: 0.788 Thread 0x4458ec00 Exception <a 'java/lang/ArrayIndexOutOfBoundsException': 40> (0x041f55a8) thrown at [C:\re\workspace\8-2-build-windows-i586-cygwin\jdk8u101\7261\hotspot\src\share\vm\interpreter\interpreterRuntime.cpp, line 366]

Events (10 events):
Event: 1.402 Executing VM operation: GenCollectForAllocation done
Event: 1.438 Executing VM operation: GenCollectForAllocation
Event: 1.452 Executing VM operation: GenCollectForAllocation done
Event: 1.488 Executing VM operation: GenCollectForAllocation
Event: 1.499 Executing VM operation: GenCollectForAllocation done
Event: 1.535 Executing VM operation: GenCollectForAllocation
Event: 1.551 Executing VM operation: GenCollectForAllocation done
Event: 1.600 Executing VM operation: GenCollectForAllocation
Event: 1.612 Executing VM operation: GenCollectForAllocation done
Event: 1.650 Executing VM operation: GenCollectForAllocation


Dynamic libraries:
0x01130000 - 0x01163000 	C:\Program Files\Java\jdk1.8.0_101\bin\java.exe
0x775b0000 - 0x776ec000 	C:\Windows\SYSTEM32\ntdll.dll
0x771d0000 - 0x772a4000 	C:\Windows\system32\kernel32.dll
0x758c0000 - 0x7590a000 	C:\Windows\system32\KERNELBASE.dll
0x762f0000 - 0x76390000 	C:\Windows\system32\ADVAPI32.dll
0x76390000 - 0x7643c000 	C:\Windows\system32\msvcrt.dll
0x75cb0000 - 0x75cc9000 	C:\Windows\SYSTEM32\sechost.dll
0x75f70000 - 0x76011000 	C:\Windows\system32\RPCRT4.dll
0x76020000 - 0x760e9000 	C:\Windows\system32\USER32.dll
0x76100000 - 0x7614e000 	C:\Windows\system32\GDI32.dll
0x760f0000 - 0x760fa000 	C:\Windows\system32\LPK.dll
0x75d60000 - 0x75dfd000 	C:\Windows\system32\USP10.dll
0x74470000 - 0x7460e000 	C:\Windows\WinSxS\x86_microsoft.windows.common-controls_6595b64144ccf1df_6.0.7600.16385_none_421189da2b7fabfc\COMCTL32.dll
0x76150000 - 0x761a7000 	C:\Windows\system32\SHLWAPI.dll
0x776f0000 - 0x7770f000 	C:\Windows\system32\IMM32.DLL
0x77100000 - 0x771cc000 	C:\Windows\system32\MSCTF.dll
0x5d220000 - 0x5d2df000 	C:\Program Files\Java\jdk1.8.0_101\jre\bin\msvcr100.dll
0x5b8a0000 - 0x5bc6c000 	C:\Program Files\Java\jdk1.8.0_101\jre\bin\client\jvm.dll
0x70ce0000 - 0x70ce7000 	C:\Windows\system32\WSOCK32.dll
0x777a0000 - 0x777d5000 	C:\Windows\system32\WS2_32.dll
0x77090000 - 0x77096000 	C:\Windows\system32\NSI.dll
0x70590000 - 0x705c2000 	C:\Windows\system32\WINMM.dll
0x74c00000 - 0x74c09000 	C:\Windows\system32\VERSION.dll
0x770f0000 - 0x770f5000 	C:\Windows\system32\PSAPI.DLL
0x65ce0000 - 0x65cec000 	C:\Program Files\Java\jdk1.8.0_101\jre\bin\verify.dll
0x65cb0000 - 0x65cd1000 	C:\Program Files\Java\jdk1.8.0_101\jre\bin\java.dll
0x65c80000 - 0x65c93000 	C:\Program Files\Java\jdk1.8.0_101\jre\bin\zip.dll
0x76440000 - 0x77089000 	C:\Windows\system32\SHELL32.dll
0x75e00000 - 0x75f5c000 	C:\Windows\system32\ole32.dll
0x75700000 - 0x7570b000 	C:\Windows\system32\profapi.dll
0x73520000 - 0x7360b000 	C:\Windows\system32\dbghelp.dll

VM Arguments:
jvm_args: -Djava.awt.headless=true -Xmx1024M -Dfile.encoding=windows-1252 -Duser.country=US -Duser.language=en -Duser.variant 
java_command: com.android.dx.command.Main --dex --num-threads=4 --multi-dex --main-dex-list E:\SandeepProjectResources\MobipugNew\Mobipug27.10.18\MobipugSource\app\build\intermediates\multi-dex\debug\maindexlist.txt --output E:\SandeepProjectResources\MobipugNew\Mobipug27.10.18\MobipugSource\app\build\intermediates\transforms\dex\debug\folders\1000\1f\main E:\SandeepProjectResources\MobipugNew\Mobipug27.10.18\MobipugSource\app\build\intermediates\transforms\jarMerging\debug\jars\1\1f\combined.jar
java_class_path (initial): C:\Users\android-4\AppData\Local\Android\Sdk\build-tools\26.0.2\lib\dx.jar
Launcher Type: SUN_STANDARD

Environment Variables:
PATH=C:\ProgramData\Oracle\Java\javapath;C:\Windows\system32;C:\Windows;C:\Windows\System32\Wbem;C:\Windows\System32\WindowsPowerShell\v1.0\;C:\Program Files\Intel\OpenCL SDK\2.0\bin\x86;C:\Program Files\Skype\Phone\
USERNAME=android-4
OS=Windows_NT
PROCESSOR_IDENTIFIER=x86 Family 6 Model 42 Stepping 7, GenuineIntel



---------------  S Y S T E M  ---------------

OS: Windows 7 Build 7600 (6.1.7600.16385)

CPU:total 4 (2 cores per cpu, 2 threads per core) family 6 model 42 stepping 7, cmov, cx8, fxsr, mmx, sse, sse2, sse3, ssse3, sse4.1, sse4.2, popcnt, clmul, ht, tsc, tscinvbit

Memory: 4k page, physical 3578328k(597184k free), swap 24056564k(19630432k free)

vm_info: Java HotSpot(TM) Client VM (25.101-b13) for windows-x86 JRE (1.8.0_101-b13), built on Jun 22 2016 00:45:44 by "java_re" with MS VC++ 10.0 (VS2010)

time: Sat Oct 27 16:47:33 2018
elapsed time: 1 seconds (0d 0h 0m 1s)

