#
# A fatal error has been detected by the Java Runtime Environment:
#
#  EXCEPTION_ACCESS_VIOLATION (0xc0000005) at pc=0x503dfa77, pid=3676, tid=0x00000820
#
# JRE version: Java(TM) SE Runtime Environment (8.0_101-b13) (build 1.8.0_101-b13)
# Java VM: Java HotSpot(TM) Client VM (25.101-b13 mixed mode windows-x86 )
# Problematic frame:
# V  [jvm.dll+0xbfa77]
#
# Failed to write core dump. Minidumps are not enabled by default on client versions of Windows
#
# If you would like to submit a bug report, please visit:
#   http://bugreport.java.com/bugreport/crash.jsp
#

---------------  T H R E A D  ---------------

Current thread (0x443ea800):  VMThread [stack: 0x44620000,0x44670000] [id=2080]

siginfo: ExceptionCode=0xc0000005, reading address 0x00300060

Registers:
EAX=0x008a0001, EBX=0x340c20dc, ECX=0x00000001, EDX=0x00300000
ESP=0x4466f318, EBP=0x4466f338, ESI=0x340c20e0, EDI=0x194cca08
EIP=0x503dfa77, EFLAGS=0x00010297

Top of Stack: (sp=0x4466f318)
0x4466f318:   506894cc 4442f3c4 4442f3c0 442a6d10
0x4466f328:   340c20e0 00000003 192bca18 442a6d08
0x4466f338:   4466f358 504d4db1 340c20c8 506894cc
0x4466f348:   4442f3c0 4442f3c4 506894cc 4442f3c0
0x4466f358:   4466f364 504d4fac 00000003 4466f380
0x4466f368:   5047883a 4442f3c0 445bc800 506894cc
0x4466f378:   00000000 445bbb58 4466f568 50499eef
0x4466f388:   506894cc 00000002 445bc800 00000000 

Instructions: (pc=0x503dfa77)
0x503dfa57:   80 3d b4 84 67 50 00 75 0a 8b d0 80 e2 07 80 fa
0x503dfa67:   01 eb 1b 8b c8 83 e1 07 83 f9 05 74 24 8b 57 04
0x503dfa77:   8b 52 60 83 e2 07 80 fa 05 74 0c 83 f9 01 75 07
0x503dfa87:   a9 80 ff ff ff 74 0a 50 57 e8 fb 4f 0f 00 83 c4 


Register to memory mapping:

EAX=0x008a0001 is an unknown value
EBX=0x340c20dc is pointing into object: 0x340c20c8
com.android.dx.dex.code.CodeAddress 
 - klass: 'com/android/dx/dex/code/CodeAddress'
ECX=0x00000001 is an unknown value
EDX=0x00300000 is an unknown value
ESP=0x4466f318 is an unknown value
EBP=0x4466f338 is an unknown value
ESI=0x340c20e0 is pointing into object: 0x340c20c8
com.android.dx.dex.code.CodeAddress 
 - klass: 'com/android/dx/dex/code/CodeAddress'
EDI=0x194cca08 is pointing into object: 0x194c9718
[B 
 - klass: {type array byte}
 - length: 14050


Stack: [0x44620000,0x44670000],  sp=0x4466f318,  free space=316k
Native frames: (J=compiled Java code, j=interpreted, Vv=VM code, C=native code)
V  [jvm.dll+0xbfa77]
V  [jvm.dll+0x1b4db1]
V  [jvm.dll+0x1b4fac]
V  [jvm.dll+0x15883a]
V  [jvm.dll+0x179eef]
V  [jvm.dll+0x1789ea]
V  [jvm.dll+0x97fb0]
V  [jvm.dll+0x992a1]
V  [jvm.dll+0x9b020]
V  [jvm.dll+0x9b489]
V  [jvm.dll+0x9a27f]
V  [jvm.dll+0xa64b2]
V  [jvm.dll+0x98e73]
V  [jvm.dll+0x92e25]
V  [jvm.dll+0x1b81c6]
V  [jvm.dll+0x18292b]
V  [jvm.dll+0x181d31]
V  [jvm.dll+0x182147]
V  [jvm.dll+0x182342]
V  [jvm.dll+0x1c1ed6]
C  [msvcr100.dll+0x5c556]
C  [msvcr100.dll+0x5c600]
C  [kernel32.dll+0x51174]
C  [ntdll.dll+0x5b3f5]
C  [ntdll.dll+0x5b3c8]

VM_Operation (0x0192ecb8): GenCollectForAllocation, mode: safepoint, requested by thread 0x001ebc00


---------------  P R O C E S S  ---------------

Java Threads: ( => current thread )
  0x445bc800 JavaThread "pool-2-thread-4" [_thread_blocked, id=380, stack(0x448a0000,0x448f0000)]
  0x445b6000 JavaThread "pool-2-thread-3" [_thread_blocked, id=4132, stack(0x44750000,0x447a0000)]
  0x4458f400 JavaThread "pool-2-thread-2" [_thread_blocked, id=5004, stack(0x01880000,0x018d0000)]
  0x4458f000 JavaThread "pool-3-thread-1" [_thread_blocked, id=5784, stack(0x44bd0000,0x44c20000)]
  0x4458e800 JavaThread "pool-2-thread-1" [_thread_blocked, id=5692, stack(0x44a50000,0x44aa0000)]
  0x4444c000 JavaThread "Service Thread" daemon [_thread_blocked, id=4248, stack(0x44970000,0x449c0000)]
  0x4443a000 JavaThread "C1 CompilerThread0" daemon [_thread_blocked, id=4488, stack(0x44850000,0x448a0000)]
  0x44439000 JavaThread "Attach Listener" daemon [_thread_blocked, id=4764, stack(0x448f0000,0x44940000)]
  0x44436000 JavaThread "Signal Dispatcher" daemon [_thread_blocked, id=2916, stack(0x447a0000,0x447f0000)]
  0x44416c00 JavaThread "Finalizer" daemon [_thread_blocked, id=3668, stack(0x01350000,0x013a0000)]
  0x443f0400 JavaThread "Reference Handler" daemon [_thread_blocked, id=5952, stack(0x01800000,0x01850000)]
  0x001ebc00 JavaThread "main" [_thread_blocked, id=5560, stack(0x018e0000,0x01930000)]

Other Threads:
=>0x443ea800 VMThread [stack: 0x44620000,0x44670000] [id=2080]
  0x44434400 WatcherThread [stack: 0x449d0000,0x44a20000] [id=2704]

VM state:at safepoint (normal execution)

VM Mutex/Monitor currently owned by a thread:  ([mutex/lock_event])
[0x001ea230] Threads_lock - owner thread: 0x443ea800
[0x001ea640] Heap_lock - owner thread: 0x001ebc00

Heap:
 def new generation   total 207040K, used 22975K [0x03c00000, 0x11ca0000, 0x19150000)
  eden space 184064K,   0% used [0x03c00000, 0x03c00000, 0x0efc0000)
  from space 22976K,  99% used [0x0efc0000, 0x1062fff8, 0x10630000)
  to   space 22976K,   0% used [0x10630000, 0x10630000, 0x11ca0000)
 tenured generation   total 473476K, used 473350K [0x19150000, 0x35fb1000, 0x43c00000)
   the space 473476K,  99% used [0x19150000, 0x35f91888, 0x35f91a00, 0x35fb1000)
 Metaspace       used 3546K, capacity 3598K, committed 3648K, reserved 4480K

Card table byte_map: [0x43c00000,0x43e10000] byte_map_base: 0x43be2000

Polling page: 0x00140000

CodeCache: size=32768Kb used=3555Kb max_used=3555Kb free=29212Kb
 bounds [0x01c00000, 0x01f80000, 0x03c00000]
 total_blobs=1860 nmethods=1713 adapters=77
 compilation: enabled

Compilation events (10 events):
Event: 10.606 Thread 0x4443a000 1711             java.util.concurrent.locks.AbstractQueuedSynchronizer$ConditionObject::doSignal (43 bytes)
Event: 10.606 Thread 0x4443a000 nmethod 1711 0x01f77f08 code [0x01f78010, 0x01f7811c]
Event: 10.606 Thread 0x4443a000 1712             java.util.concurrent.locks.AbstractQueuedSynchronizer::transferForSignal (45 bytes)
Event: 10.607 Thread 0x4443a000 nmethod 1712 0x01f78208 code [0x01f78320, 0x01f78468]
Event: 10.628 Thread 0x4443a000 1713             com.android.dx.cf.code.Simulator$SimVisitor::visitSwitch (54 bytes)
Event: 10.628 Thread 0x4443a000 nmethod 1713 0x01f78548 code [0x01f78680, 0x01f78864]
Event: 10.628 Thread 0x4443a000 1714             com.android.dx.cf.code.BaseMachine::auxSwitchArg (20 bytes)
Event: 10.628 Thread 0x4443a000 nmethod 1714 0x01f78a48 code [0x01f78b50, 0x01f78c4c]
Event: 10.672 Thread 0x4443a000 1715             com.android.dx.rop.code.ThrowingCstInsn::withAddedCatch (34 bytes)
Event: 10.672 Thread 0x4443a000 nmethod 1715 0x01f78cc8 code [0x01f78de0, 0x01f78f28]

GC Heap History (10 events):
Event: 8.690 GC heap after
Heap after GC invocations=92 (full 7):
 def new generation   total 207040K, used 22975K [0x03c00000, 0x11ca0000, 0x19150000)
  eden space 184064K,   0% used [0x03c00000, 0x03c00000, 0x0efc0000)
  from space 22976K,  99% used [0x10630000, 0x11c9fff8, 0x11ca0000)
  to   space 22976K,   0% used [0x0efc0000, 0x0efc0000, 0x10630000)
 tenured generation   total 459908K, used 345027K [0x19150000, 0x35271000, 0x43c00000)
   the space 459908K,  75% used [0x19150000, 0x2e240e90, 0x2e241000, 0x35271000)
 Metaspace       used 3546K, capacity 3598K, committed 3648K, reserved 4480K
}
Event: 8.976 GC heap before
{Heap before GC invocations=92 (full 7):
 def new generation   total 207040K, used 207039K [0x03c00000, 0x11ca0000, 0x19150000)
  eden space 184064K, 100% used [0x03c00000, 0x0efc0000, 0x0efc0000)
  from space 22976K,  99% used [0x10630000, 0x11c9fff8, 0x11ca0000)
  to   space 22976K,   0% used [0x0efc0000, 0x0efc0000, 0x10630000)
 tenured generation   total 459908K, used 345027K [0x19150000, 0x35271000, 0x43c00000)
   the space 459908K,  75% used [0x19150000, 0x2e240e90, 0x2e241000, 0x35271000)
 Metaspace       used 3546K, capacity 3598K, committed 3648K, reserved 4480K
Event: 9.102 GC heap after
Heap after GC invocations=93 (full 7):
 def new generation   total 207040K, used 22976K [0x03c00000, 0x11ca0000, 0x19150000)
  eden space 184064K,   0% used [0x03c00000, 0x03c00000, 0x0efc0000)
  from space 22976K, 100% used [0x0efc0000, 0x10630000, 0x10630000)
  to   space 22976K,   0% used [0x10630000, 0x10630000, 0x11ca0000)
 tenured generation   total 459908K, used 372918K [0x19150000, 0x35271000, 0x43c00000)
   the space 459908K,  81% used [0x19150000, 0x2fd7d880, 0x2fd7da00, 0x35271000)
 Metaspace       used 3546K, capacity 3598K, committed 3648K, reserved 4480K
}
Event: 9.404 GC heap before
{Heap before GC invocations=93 (full 7):
 def new generation   total 207040K, used 207040K [0x03c00000, 0x11ca0000, 0x19150000)
  eden space 184064K, 100% used [0x03c00000, 0x0efc0000, 0x0efc0000)
  from space 22976K, 100% used [0x0efc0000, 0x10630000, 0x10630000)
  to   space 22976K,   0% used [0x10630000, 0x10630000, 0x11ca0000)
 tenured generation   total 459908K, used 372918K [0x19150000, 0x35271000, 0x43c00000)
   the space 459908K,  81% used [0x19150000, 0x2fd7d880, 0x2fd7da00, 0x35271000)
 Metaspace       used 3546K, capacity 3598K, committed 3648K, reserved 4480K
Event: 9.519 GC heap after
Heap after GC invocations=94 (full 7):
 def new generation   total 207040K, used 22976K [0x03c00000, 0x11ca0000, 0x19150000)
  eden space 184064K,   0% used [0x03c00000, 0x03c00000, 0x0efc0000)
  from space 22976K, 100% used [0x10630000, 0x11ca0000, 0x11ca0000)
  to   space 22976K,   0% used [0x0efc0000, 0x0efc0000, 0x10630000)
 tenured generation   total 459908K, used 398165K [0x19150000, 0x35271000, 0x43c00000)
   the space 459908K,  86% used [0x19150000, 0x316254f8, 0x31625600, 0x35271000)
 Metaspace       used 3546K, capacity 3598K, committed 3648K, reserved 4480K
}
Event: 9.804 GC heap before
{Heap before GC invocations=94 (full 7):
 def new generation   total 207040K, used 207040K [0x03c00000, 0x11ca0000, 0x19150000)
  eden space 184064K, 100% used [0x03c00000, 0x0efc0000, 0x0efc0000)
  from space 22976K, 100% used [0x10630000, 0x11ca0000, 0x11ca0000)
  to   space 22976K,   0% used [0x0efc0000, 0x0efc0000, 0x10630000)
 tenured generation   total 459908K, used 398165K [0x19150000, 0x35271000, 0x43c00000)
   the space 459908K,  86% used [0x19150000, 0x316254f8, 0x31625600, 0x35271000)
 Metaspace       used 3546K, capacity 3598K, committed 3648K, reserved 4480K
Event: 9.921 GC heap after
Heap after GC invocations=95 (full 7):
 def new generation   total 207040K, used 22975K [0x03c00000, 0x11ca0000, 0x19150000)
  eden space 184064K,   0% used [0x03c00000, 0x03c00000, 0x0efc0000)
  from space 22976K,  99% used [0x0efc0000, 0x1062fff8, 0x10630000)
  to   space 22976K,   0% used [0x10630000, 0x10630000, 0x11ca0000)
 tenured generation   total 459908K, used 423732K [0x19150000, 0x35271000, 0x43c00000)
   the space 459908K,  92% used [0x19150000, 0x32f1d088, 0x32f1d200, 0x35271000)
 Metaspace       used 3546K, capacity 3598K, committed 3648K, reserved 4480K
}
Event: 10.230 GC heap before
{Heap before GC invocations=95 (full 7):
 def new generation   total 207040K, used 207039K [0x03c00000, 0x11ca0000, 0x19150000)
  eden space 184064K, 100% used [0x03c00000, 0x0efc0000, 0x0efc0000)
  from space 22976K,  99% used [0x0efc0000, 0x1062fff8, 0x10630000)
  to   space 22976K,   0% used [0x10630000, 0x10630000, 0x11ca0000)
 tenured generation   total 459908K, used 423732K [0x19150000, 0x35271000, 0x43c00000)
   the space 459908K,  92% used [0x19150000, 0x32f1d088, 0x32f1d200, 0x35271000)
 Metaspace       used 3546K, capacity 3598K, committed 3648K, reserved 4480K
Event: 10.348 GC heap after
Heap after GC invocations=96 (full 7):
 def new generation   total 207040K, used 22976K [0x03c00000, 0x11ca0000, 0x19150000)
  eden space 184064K,   0% used [0x03c00000, 0x03c00000, 0x0efc0000)
  from space 22976K, 100% used [0x10630000, 0x11ca0000, 0x11ca0000)
  to   space 22976K,   0% used [0x0efc0000, 0x0efc0000, 0x10630000)
 tenured generation   total 459908K, used 449254K [0x19150000, 0x35271000, 0x43c00000)
   the space 459908K,  97% used [0x19150000, 0x34809878, 0x34809a00, 0x35271000)
 Metaspace       used 3546K, capacity 3598K, committed 3648K, reserved 4480K
}
Event: 10.672 GC heap before
{Heap before GC invocations=96 (full 7):
 def new generation   total 207040K, used 207040K [0x03c00000, 0x11ca0000, 0x19150000)
  eden space 184064K, 100% used [0x03c00000, 0x0efc0000, 0x0efc0000)
  from space 22976K, 100% used [0x10630000, 0x11ca0000, 0x11ca0000)
  to   space 22976K,   0% used [0x0efc0000, 0x0efc0000, 0x10630000)
 tenured generation   total 459908K, used 449254K [0x19150000, 0x35271000, 0x43c00000)
   the space 459908K,  97% used [0x19150000, 0x34809878, 0x34809a00, 0x35271000)
 Metaspace       used 3546K, capacity 3598K, committed 3648K, reserved 4480K

Deoptimization events (0 events):
No events

Internal exceptions (5 events):
Event: 0.024 Thread 0x001ebc00 Exception <a 'java/lang/NoSuchMethodError': Method sun.misc.Unsafe.defineClass(Ljava/lang/String;[BII)Ljava/lang/Class; name or signature does not match> (0x03c06ea8) thrown at [C:\re\workspace\8-2-build-windows-i586-cygwin\jdk8u101\7261\hotspot\src\share\:ç^y9˜?
Event: 0.024 Thread 0x001ebc00 Exception <a 'java/lang/NoSuchMethodError': Method sun.misc.Unsafe.prefetchRead(Ljava/lang/Object;J)V name or signature does not match> (0x03c07178) thrown at [C:\re\workspace\8-2-build-windows-i586-cygwin\jdk8u101\7261\hotspot\src\share\vm\prims\jni.cpp, §‰œQœê?
Event: 0.832 Thread 0x445b6000 Exception <a 'java/lang/ArrayIndexOutOfBoundsException': 18> (0x03d76ce8) thrown at [C:\re\workspace\8-2-build-windows-i586-cygwin\jdk8u101\7261\hotspot\src\share\vm\interpreter\interpreterRuntime.cpp, line 366]
Event: 0.832 Thread 0x445b6000 Exception <a 'java/lang/ArrayIndexOutOfBoundsException': 145> (0x03d78588) thrown at [C:\re\workspace\8-2-build-windows-i586-cygwin\jdk8u101\7261\hotspot\src\share\vm\interpreter\interpreterRuntime.cpp, line 366]
Event: 0.832 Thread 0x445b6000 Exception <a 'java/lang/ArrayIndexOutOfBoundsException': 40> (0x03d79668) thrown at [C:\re\workspace\8-2-build-windows-i586-cygwin\jdk8u101\7261\hotspot\src\share\vm\interpreter\interpreterRuntime.cpp, line 366]

Events (10 events):
Event: 8.690 Executing VM operation: GenCollectForAllocation done
Event: 8.976 Executing VM operation: GenCollectForAllocation
Event: 9.102 Executing VM operation: GenCollectForAllocation done
Event: 9.404 Executing VM operation: GenCollectForAllocation
Event: 9.519 Executing VM operation: GenCollectForAllocation done
Event: 9.804 Executing VM operation: GenCollectForAllocation
Event: 9.921 Executing VM operation: GenCollectForAllocation done
Event: 10.230 Executing VM operation: GenCollectForAllocation
Event: 10.348 Executing VM operation: GenCollectForAllocation done
Event: 10.672 Executing VM operation: GenCollectForAllocation


Dynamic libraries:
0x013b0000 - 0x013e3000 	C:\Program Files\Java\jdk1.8.0_101\bin\java.exe
0x77b90000 - 0x77ccc000 	C:\Windows\SYSTEM32\ntdll.dll
0x760c0000 - 0x76194000 	C:\Windows\system32\kernel32.dll
0x75d60000 - 0x75daa000 	C:\Windows\system32\KERNELBASE.dll
0x76440000 - 0x764e0000 	C:\Windows\system32\ADVAPI32.dll
0x76870000 - 0x7691c000 	C:\Windows\system32\msvcrt.dll
0x77940000 - 0x77959000 	C:\Windows\SYSTEM32\sechost.dll
0x76270000 - 0x76311000 	C:\Windows\system32\RPCRT4.dll
0x77960000 - 0x77a29000 	C:\Windows\system32\USER32.dll
0x75fe0000 - 0x7602e000 	C:\Windows\system32\GDI32.dll
0x76920000 - 0x7692a000 	C:\Windows\system32\LPK.dll
0x761d0000 - 0x7626d000 	C:\Windows\system32\USP10.dll
0x749f0000 - 0x74b8e000 	C:\Windows\WinSxS\x86_microsoft.windows.common-controls_6595b64144ccf1df_6.0.7600.16385_none_421189da2b7fabfc\COMCTL32.dll
0x76730000 - 0x76787000 	C:\Windows\system32\SHLWAPI.dll
0x76320000 - 0x7633f000 	C:\Windows\system32\IMM32.DLL
0x76790000 - 0x7685c000 	C:\Windows\system32\MSCTF.dll
0x69820000 - 0x698df000 	C:\Program Files\Java\jdk1.8.0_101\jre\bin\msvcr100.dll
0x50320000 - 0x506ec000 	C:\Program Files\Java\jdk1.8.0_101\jre\bin\client\jvm.dll
0x71290000 - 0x71297000 	C:\Windows\system32\WSOCK32.dll
0x77cd0000 - 0x77d05000 	C:\Windows\system32\WS2_32.dll
0x76860000 - 0x76866000 	C:\Windows\system32\NSI.dll
0x71490000 - 0x714c2000 	C:\Windows\system32\WINMM.dll
0x75020000 - 0x75029000 	C:\Windows\system32\VERSION.dll
0x77da0000 - 0x77da5000 	C:\Windows\system32\PSAPI.DLL
0x62550000 - 0x6255c000 	C:\Program Files\Java\jdk1.8.0_101\jre\bin\verify.dll
0x62520000 - 0x62541000 	C:\Program Files\Java\jdk1.8.0_101\jre\bin\java.dll
0x62500000 - 0x62513000 	C:\Program Files\Java\jdk1.8.0_101\jre\bin\zip.dll
0x76a70000 - 0x776b9000 	C:\Windows\system32\SHELL32.dll
0x77a30000 - 0x77b8c000 	C:\Windows\system32\ole32.dll
0x75ce0000 - 0x75ceb000 	C:\Windows\system32\profapi.dll
0x739f0000 - 0x73adb000 	C:\Windows\system32\dbghelp.dll

VM Arguments:
jvm_args: -Djava.awt.headless=true -Xmx1024M -Dfile.encoding=windows-1252 -Duser.country=US -Duser.language=en -Duser.variant 
java_command: com.android.dx.command.Main --dex --num-threads=4 --multi-dex --main-dex-list E:\SandeepProjectResources\MobipugNew\Mobipug27.10.18\MobipugSource\app\build\intermediates\multi-dex\debug\maindexlist.txt --output E:\SandeepProjectResources\MobipugNew\Mobipug27.10.18\MobipugSource\app\build\intermediates\transforms\dex\debug\folders\1000\1f\main E:\SandeepProjectResources\MobipugNew\Mobipug27.10.18\MobipugSource\app\build\intermediates\transforms\jarMerging\debug\jars\1\1f\combined.jar
java_class_path (initial): C:\Users\android-4\AppData\Local\Android\Sdk\build-tools\26.0.2\lib\dx.jar
Launcher Type: SUN_STANDARD

Environment Variables:
PATH=C:\ProgramData\Oracle\Java\javapath;C:\Windows\system32;C:\Windows;C:\Windows\System32\Wbem;C:\Windows\System32\WindowsPowerShell\v1.0\;C:\Program Files\Intel\OpenCL SDK\2.0\bin\x86;C:\Program Files\Skype\Phone\
USERNAME=android-4
OS=Windows_NT
PROCESSOR_IDENTIFIER=x86 Family 6 Model 42 Stepping 7, GenuineIntel



---------------  S Y S T E M  ---------------

OS: Windows 7 Build 7600 (6.1.7600.16385)

CPU:total 4 (2 cores per cpu, 2 threads per core) family 6 model 42 stepping 7, cmov, cx8, fxsr, mmx, sse, sse2, sse3, ssse3, sse4.1, sse4.2, popcnt, clmul, ht, tsc, tscinvbit

Memory: 4k page, physical 3578328k(315404k free), swap 24056564k(19456624k free)

vm_info: Java HotSpot(TM) Client VM (25.101-b13) for windows-x86 JRE (1.8.0_101-b13), built on Jun 22 2016 00:45:44 by "java_re" with MS VC++ 10.0 (VS2010)

time: Thu Nov 08 16:01:24 2018
elapsed time: 10 seconds (0d 0h 0m 10s)

