#
# A fatal error has been detected by the Java Runtime Environment:
#
#  EXCEPTION_ACCESS_VIOLATION (0xc0000005) at pc=0x528f4da6, pid=3796, tid=0x00000c84
#
# JRE version: Java(TM) SE Runtime Environment (8.0_101-b13) (build 1.8.0_101-b13)
# Java VM: Java HotSpot(TM) Client VM (25.101-b13 mixed mode windows-x86 )
# Problematic frame:
# V  [jvm.dll+0x1b4da6]
#
# Failed to write core dump. Minidumps are not enabled by default on client versions of Windows
#
# If you would like to submit a bug report, please visit:
#   http://bugreport.java.com/bugreport/crash.jsp
#

---------------  T H R E A D  ---------------

Current thread (0x443ea800):  VMThread [stack: 0x445d0000,0x44620000] [id=3204]

siginfo: ExceptionCode=0xc0000005, reading address 0xffffffff

Registers:
EAX=0x21256200, EBX=0x445c8abc, ECX=0xffffffff, EDX=0x46d791a8
ESP=0x4461f064, EBP=0x4461f078, ESI=0x445c8ab8, EDI=0x52aa94cc
EIP=0x528f4da6, EFLAGS=0x00010202

Top of Stack: (sp=0x4461f064)
0x4461f064:   52aa94cc 445c8ab8 445c8abc 52aa94cc
0x4461f074:   445c8ab8 4461f084 528f4fac 00000003
0x4461f084:   4461f0a0 5289883a 445c8ab8 445c5c00
0x4461f094:   52aa94cc 00000000 445c83b8 4461f288
0x4461f0a4:   528b9eef 52aa94cc 00000001 445c5c00
0x4461f0b4:   00000000 00000083 00000000 00000000
0x4461f0c4:   4461f314 4461f13c 04040034 4461f300
0x4461f0d4:   52aa94f0 4461f384 ffffffff 007a7318 

Instructions: (pc=0x528f4da6)
0x528f4d86:   de 1b f6 23 f0 29 35 50 94 aa 52 a3 4c 94 aa 52
0x528f4d96:   8b c7 eb 09 48 a3 4c 94 aa 52 8b 04 81 8b 48 04
0x528f4da6:   8b 11 50 8b 82 88 00 00 00 ff d0 8b 0d 58 94 aa
0x528f4db6:   52 85 c9 0f 85 51 ff ff ff a1 7c 94 aa 52 85 c0 


Register to memory mapping:

EAX=0x21256200 is pointing into object: 0x212561f8
com.android.dx.rop.code.SourcePosition 
 - klass: 'com/android/dx/rop/code/SourcePosition'
EBX=0x445c8abc is an unknown value
ECX=0xffffffff is an unknown value
EDX=0x46d791a8 is an unknown value
ESP=0x4461f064 is an unknown value
EBP=0x4461f078 is an unknown value
ESI=0x445c8ab8 is an unknown value
EDI=0x52aa94cc is an unknown value


Stack: [0x445d0000,0x44620000],  sp=0x4461f064,  free space=316k
Native frames: (J=compiled Java code, j=interpreted, Vv=VM code, C=native code)
V  [jvm.dll+0x1b4da6]
V  [jvm.dll+0x1b4fac]
V  [jvm.dll+0x15883a]
V  [jvm.dll+0x179eef]
V  [jvm.dll+0x1789ea]
V  [jvm.dll+0x97fb0]
V  [jvm.dll+0x992a1]
V  [jvm.dll+0x9b020]
V  [jvm.dll+0x9b489]
V  [jvm.dll+0x9a27f]
V  [jvm.dll+0xa64b2]
V  [jvm.dll+0x98e73]
V  [jvm.dll+0x92e25]
V  [jvm.dll+0x1b81c6]
V  [jvm.dll+0x18292b]
V  [jvm.dll+0x181d31]
V  [jvm.dll+0x182147]
V  [jvm.dll+0x182342]
V  [jvm.dll+0x1c1ed6]
C  [msvcr100.dll+0x5c556]
C  [msvcr100.dll+0x5c600]
C  [kernel32.dll+0x51174]
C  [ntdll.dll+0x5b3f5]
C  [ntdll.dll+0x5b3c8]

VM_Operation (0x44c7f334): GenCollectForAllocation, mode: safepoint, requested by thread 0x445cac00


---------------  P R O C E S S  ---------------

Java Threads: ( => current thread )
  0x445c5c00 JavaThread "pool-2-thread-4" [_thread_blocked, id=4244, stack(0x44700000,0x44750000)]
  0x445cac00 JavaThread "pool-2-thread-3" [_thread_blocked, id=4312, stack(0x44c30000,0x44c80000)]
  0x445c9800 JavaThread "pool-2-thread-2" [_thread_blocked, id=1548, stack(0x44b20000,0x44b70000)]
  0x44594800 JavaThread "pool-3-thread-1" [_thread_blocked, id=2136, stack(0x44a10000,0x44a60000)]
  0x44596800 JavaThread "pool-2-thread-1" [_thread_blocked, id=5092, stack(0x449b0000,0x44a00000)]
  0x4444c800 JavaThread "Service Thread" daemon [_thread_blocked, id=4156, stack(0x44920000,0x44970000)]
  0x4443a000 JavaThread "C1 CompilerThread0" daemon [_thread_blocked, id=5040, stack(0x448b0000,0x44900000)]
  0x44439000 JavaThread "Attach Listener" daemon [_thread_blocked, id=4376, stack(0x44840000,0x44890000)]
  0x44436000 JavaThread "Signal Dispatcher" daemon [_thread_blocked, id=1912, stack(0x447a0000,0x447f0000)]
  0x44416c00 JavaThread "Finalizer" daemon [_thread_blocked, id=1544, stack(0x44680000,0x446d0000)]
  0x443f0400 JavaThread "Reference Handler" daemon [_thread_blocked, id=2000, stack(0x44630000,0x44680000)]
  0x0153bc00 JavaThread "main" [_thread_blocked, id=5060, stack(0x01840000,0x01890000)]

Other Threads:
=>0x443ea800 VMThread [stack: 0x445d0000,0x44620000] [id=3204]
  0x44430400 WatcherThread [stack: 0x03b90000,0x03be0000] [id=5280]

VM state:at safepoint (normal execution)

VM Mutex/Monitor currently owned by a thread:  ([mutex/lock_event])
[0x0153a230] Threads_lock - owner thread: 0x443ea800
[0x0153a640] Heap_lock - owner thread: 0x445cac00

Heap:
 def new generation   total 314560K, used 279616K [0x03c00000, 0x19150000, 0x19150000)
  eden space 279616K, 100% used [0x03c00000, 0x14d10000, 0x14d10000)
  from space 34944K,   0% used [0x14d10000, 0x14d10000, 0x16f30000)
  to   space 34944K,   0% used [0x16f30000, 0x16f30000, 0x19150000)
 tenured generation   total 699072K, used 644526K [0x19150000, 0x43c00000, 0x43c00000)
   the space 699072K,  92% used [0x19150000, 0x406bba90, 0x406bbc00, 0x43c00000)
 Metaspace       used 3550K, capacity 3598K, committed 3648K, reserved 4480K

Card table byte_map: [0x43c00000,0x43e10000] byte_map_base: 0x43be2000

Polling page: 0x00470000

CodeCache: size=32768Kb used=3653Kb max_used=3700Kb free=29114Kb
 bounds [0x01b60000, 0x01f00000, 0x03b60000]
 total_blobs=1908 nmethods=1761 adapters=77
 compilation: enabled

Compilation events (10 events):
Event: 18.821 Thread 0x4443a000 1771 % !         java.lang.ref.Finalizer$FinalizerThread::run @ 33 (55 bytes)
Event: 18.821 Thread 0x4443a000 nmethod 1771% 0x01ef9088 code [0x01ef91e0, 0x01ef9594]
Event: 19.220 Thread 0x4443a000 1772             com.android.dx.ssa.back.FirstFitLocalCombiningAllocator::ssaSetToSpecs (57 bytes)
Event: 19.221 Thread 0x4443a000 nmethod 1772 0x01ef9908 code [0x01ef9aa0, 0x01ef9e8c]
Event: 19.250 Thread 0x4443a000 1773             java.util.HashMap$TreeNode::putTreeVal (314 bytes)
Event: 19.251 Thread 0x4443a000 nmethod 1773 0x01efa548 code [0x01efa6e0, 0x01efab7c]
Event: 28.134 Thread 0x4443a000 1774 %           com.android.dx.cf.direct.ClassPathOpener::processArchive @ 141 (221 bytes)
Event: 28.137 Thread 0x4443a000 nmethod 1774% 0x01efb108 code [0x01efb380, 0x01efc2b0]
Event: 28.219 Thread 0x4443a000 1775             com.android.dx.dex.code.VariableSizeInsn::<init> (10 bytes)
Event: 28.220 Thread 0x4443a000 nmethod 1775 0x01cd7688 code [0x01cd7790, 0x01cd782c]

GC Heap History (10 events):
Event: 15.789 GC heap after
Heap after GC invocations=101 (full 8):
 def new generation   total 314560K, used 34944K [0x03c00000, 0x19150000, 0x19150000)
  eden space 279616K,   0% used [0x03c00000, 0x03c00000, 0x14d10000)
  from space 34944K, 100% used [0x16f30000, 0x19150000, 0x19150000)
  to   space 34944K,   0% used [0x14d10000, 0x14d10000, 0x16f30000)
 tenured generation   total 699072K, used 614033K [0x19150000, 0x43c00000, 0x43c00000)
   the space 699072K,  87% used [0x19150000, 0x3e8f46e8, 0x3e8f4800, 0x43c00000)
 Metaspace       used 3550K, capacity 3598K, committed 3648K, reserved 4480K
}
Event: 17.129 GC heap before
{Heap before GC invocations=101 (full 8):
 def new generation   total 314560K, used 314560K [0x03c00000, 0x19150000, 0x19150000)
  eden space 279616K, 100% used [0x03c00000, 0x14d10000, 0x14d10000)
  from space 34944K, 100% used [0x16f30000, 0x19150000, 0x19150000)
  to   space 34944K,   0% used [0x14d10000, 0x14d10000, 0x16f30000)
 tenured generation   total 699072K, used 614033K [0x19150000, 0x43c00000, 0x43c00000)
   the space 699072K,  87% used [0x19150000, 0x3e8f46e8, 0x3e8f4800, 0x43c00000)
 Metaspace       used 3550K, capacity 3598K, committed 3648K, reserved 4480K
Event: 18.817 GC heap after
Heap after GC invocations=102 (full 9):
 def new generation   total 314560K, used 0K [0x03c00000, 0x19150000, 0x19150000)
  eden space 279616K,   0% used [0x03c00000, 0x03c00000, 0x14d10000)
  from space 34944K,   0% used [0x14d10000, 0x14d10000, 0x16f30000)
  to   space 34944K,   0% used [0x16f30000, 0x16f30000, 0x19150000)
 tenured generation   total 699072K, used 631401K [0x19150000, 0x43c00000, 0x43c00000)
   the space 699072K,  90% used [0x19150000, 0x3f9ea420, 0x3f9ea600, 0x43c00000)
 Metaspace       used 3550K, capacity 3598K, committed 3648K, reserved 4480K
}
Event: 19.752 GC heap before
{Heap before GC invocations=102 (full 9):
 def new generation   total 314560K, used 279616K [0x03c00000, 0x19150000, 0x19150000)
  eden space 279616K, 100% used [0x03c00000, 0x14d10000, 0x14d10000)
  from space 34944K,   0% used [0x14d10000, 0x14d10000, 0x16f30000)
  to   space 34944K,   0% used [0x16f30000, 0x16f30000, 0x19150000)
 tenured generation   total 699072K, used 631401K [0x19150000, 0x43c00000, 0x43c00000)
   the space 699072K,  90% used [0x19150000, 0x3f9ea420, 0x3f9ea600, 0x43c00000)
 Metaspace       used 3550K, capacity 3598K, committed 3648K, reserved 4480K
Event: 21.413 GC heap after
Heap after GC invocations=103 (full 10):
 def new generation   total 314560K, used 0K [0x03c00000, 0x19150000, 0x19150000)
  eden space 279616K,   0% used [0x03c00000, 0x03c00000, 0x14d10000)
  from space 34944K,   0% used [0x14d10000, 0x14d10000, 0x16f30000)
  to   space 34944K,   0% used [0x16f30000, 0x16f30000, 0x19150000)
 tenured generation   total 699072K, used 610125K [0x19150000, 0x43c00000, 0x43c00000)
   the space 699072K,  87% used [0x19150000, 0x3e5235d0, 0x3e523600, 0x43c00000)
 Metaspace       used 3550K, capacity 3598K, committed 3648K, reserved 4480K
}
Event: 22.683 GC heap before
{Heap before GC invocations=103 (full 10):
 def new generation   total 314560K, used 279616K [0x03c00000, 0x19150000, 0x19150000)
  eden space 279616K, 100% used [0x03c00000, 0x14d10000, 0x14d10000)
  from space 34944K,   0% used [0x14d10000, 0x14d10000, 0x16f30000)
  to   space 34944K,   0% used [0x16f30000, 0x16f30000, 0x19150000)
 tenured generation   total 699072K, used 610125K [0x19150000, 0x43c00000, 0x43c00000)
   the space 699072K,  87% used [0x19150000, 0x3e5235d0, 0x3e523600, 0x43c00000)
 Metaspace       used 3550K, capacity 3598K, committed 3648K, reserved 4480K
Event: 24.137 GC heap after
Heap after GC invocations=104 (full 11):
 def new generation   total 314560K, used 0K [0x03c00000, 0x19150000, 0x19150000)
  eden space 279616K,   0% used [0x03c00000, 0x03c00000, 0x14d10000)
  from space 34944K,   0% used [0x14d10000, 0x14d10000, 0x16f30000)
  to   space 34944K,   0% used [0x16f30000, 0x16f30000, 0x19150000)
 tenured generation   total 699072K, used 694113K [0x19150000, 0x43c00000, 0x43c00000)
   the space 699072K,  99% used [0x19150000, 0x43728640, 0x43728800, 0x43c00000)
 Metaspace       used 3550K, capacity 3598K, committed 3648K, reserved 4480K
}
Event: 25.889 GC heap before
{Heap before GC invocations=104 (full 11):
 def new generation   total 314560K, used 279616K [0x03c00000, 0x19150000, 0x19150000)
  eden space 279616K, 100% used [0x03c00000, 0x14d10000, 0x14d10000)
  from space 34944K,   0% used [0x14d10000, 0x14d10000, 0x16f30000)
  to   space 34944K,   0% used [0x16f30000, 0x16f30000, 0x19150000)
 tenured generation   total 699072K, used 694113K [0x19150000, 0x43c00000, 0x43c00000)
   the space 699072K,  99% used [0x19150000, 0x43728640, 0x43728800, 0x43c00000)
 Metaspace       used 3550K, capacity 3598K, committed 3648K, reserved 4480K
Event: 27.770 GC heap after
Heap after GC invocations=105 (full 12):
 def new generation   total 314560K, used 0K [0x03c00000, 0x19150000, 0x19150000)
  eden space 279616K,   0% used [0x03c00000, 0x03c00000, 0x14d10000)
  from space 34944K,   0% used [0x14d10000, 0x14d10000, 0x16f30000)
  to   space 34944K,   0% used [0x16f30000, 0x16f30000, 0x19150000)
 tenured generation   total 699072K, used 644526K [0x19150000, 0x43c00000, 0x43c00000)
   the space 699072K,  92% used [0x19150000, 0x406bba90, 0x406bbc00, 0x43c00000)
 Metaspace       used 3550K, capacity 3598K, committed 3648K, reserved 4480K
}
Event: 28.327 GC heap before
{Heap before GC invocations=105 (full 12):
 def new generation   total 314560K, used 279616K [0x03c00000, 0x19150000, 0x19150000)
  eden space 279616K, 100% used [0x03c00000, 0x14d10000, 0x14d10000)
  from space 34944K,   0% used [0x14d10000, 0x14d10000, 0x16f30000)
  to   space 34944K,   0% used [0x16f30000, 0x16f30000, 0x19150000)
 tenured generation   total 699072K, used 644526K [0x19150000, 0x43c00000, 0x43c00000)
   the space 699072K,  92% used [0x19150000, 0x406bba90, 0x406bbc00, 0x43c00000)
 Metaspace       used 3550K, capacity 3598K, committed 3648K, reserved 4480K

Deoptimization events (0 events):
No events

Internal exceptions (5 events):
Event: 0.036 Thread 0x0153bc00 Exception <a 'java/lang/NoSuchMethodError': Method sun.misc.Unsafe.defineClass(Ljava/lang/String;[BII)Ljava/lang/Class; name or signature does not match> (0x03c06ea8) thrown at [C:\re\workspace\8-2-build-windows-i586-cygwin\jdk8u101\7261\hotspot\src\share\H©žJ¶y¢?
Event: 0.036 Thread 0x0153bc00 Exception <a 'java/lang/NoSuchMethodError': Method sun.misc.Unsafe.prefetchRead(Ljava/lang/Object;J)V name or signature does not match> (0x03c07178) thrown at [C:\re\workspace\8-2-build-windows-i586-cygwin\jdk8u101\7261\hotspot\src\share\vm\prims\jni.cpp, -oW€÷ì?
Event: 0.905 Thread 0x445c5c00 Exception <a 'java/lang/ArrayIndexOutOfBoundsException': 18> (0x03cb5f28) thrown at [C:\re\workspace\8-2-build-windows-i586-cygwin\jdk8u101\7261\hotspot\src\share\vm\interpreter\interpreterRuntime.cpp, line 366]
Event: 0.906 Thread 0x445c5c00 Exception <a 'java/lang/ArrayIndexOutOfBoundsException': 145> (0x03cb77c8) thrown at [C:\re\workspace\8-2-build-windows-i586-cygwin\jdk8u101\7261\hotspot\src\share\vm\interpreter\interpreterRuntime.cpp, line 366]
Event: 0.906 Thread 0x445c5c00 Exception <a 'java/lang/ArrayIndexOutOfBoundsException': 40> (0x03cb88a8) thrown at [C:\re\workspace\8-2-build-windows-i586-cygwin\jdk8u101\7261\hotspot\src\share\vm\interpreter\interpreterRuntime.cpp, line 366]

Events (10 events):
Event: 28.137 Thread 0x4443a000 flushing nmethod 0x01cd5288
Event: 28.137 Thread 0x4443a000 flushing nmethod 0x01cd5808
Event: 28.137 Thread 0x4443a000 flushing nmethod 0x01cd7308
Event: 28.137 Thread 0x4443a000 flushing nmethod 0x01cfe4c8
Event: 28.220 Thread 0x4443a000 flushing nmethod 0x01d059c8
Event: 28.220 Thread 0x4443a000 flushing nmethod 0x01d54648
Event: 28.220 Thread 0x4443a000 flushing nmethod 0x01d6a108
Event: 28.220 Thread 0x4443a000 flushing nmethod 0x01d6b148
Event: 28.220 Thread 0x4443a000 flushing nmethod 0x01db6148
Event: 28.327 Executing VM operation: GenCollectForAllocation


Dynamic libraries:
0x00820000 - 0x00853000 	C:\Program Files\Java\jdk1.8.0_101\bin\java.exe
0x77610000 - 0x7774c000 	C:\Windows\SYSTEM32\ntdll.dll
0x76310000 - 0x763e4000 	C:\Windows\system32\kernel32.dll
0x75a10000 - 0x75a5a000 	C:\Windows\system32\KERNELBASE.dll
0x75a60000 - 0x75b00000 	C:\Windows\system32\ADVAPI32.dll
0x76730000 - 0x767dc000 	C:\Windows\system32\msvcrt.dll
0x767e0000 - 0x767f9000 	C:\Windows\SYSTEM32\sechost.dll
0x76500000 - 0x765a1000 	C:\Windows\system32\RPCRT4.dll
0x77760000 - 0x77829000 	C:\Windows\system32\USER32.dll
0x762c0000 - 0x7630e000 	C:\Windows\system32\GDI32.dll
0x75dd0000 - 0x75dda000 	C:\Windows\system32\LPK.dll
0x76110000 - 0x761ad000 	C:\Windows\system32\USP10.dll
0x741d0000 - 0x7436e000 	C:\Windows\WinSxS\x86_microsoft.windows.common-controls_6595b64144ccf1df_6.0.7600.16385_none_421189da2b7fabfc\COMCTL32.dll
0x763f0000 - 0x76447000 	C:\Windows\system32\SHLWAPI.dll
0x764e0000 - 0x764ff000 	C:\Windows\system32\IMM32.DLL
0x75b00000 - 0x75bcc000 	C:\Windows\system32\MSCTF.dll
0x52b10000 - 0x52bcf000 	C:\Program Files\Java\jdk1.8.0_101\jre\bin\msvcr100.dll
0x52740000 - 0x52b0c000 	C:\Program Files\Java\jdk1.8.0_101\jre\bin\client\jvm.dll
0x70d00000 - 0x70d07000 	C:\Windows\system32\WSOCK32.dll
0x766f0000 - 0x76725000 	C:\Windows\system32\WS2_32.dll
0x77750000 - 0x77756000 	C:\Windows\system32\NSI.dll
0x70de0000 - 0x70e12000 	C:\Windows\system32\WINMM.dll
0x74c60000 - 0x74c69000 	C:\Windows\system32\VERSION.dll
0x77830000 - 0x77835000 	C:\Windows\system32\PSAPI.DLL
0x60b30000 - 0x60b3c000 	C:\Program Files\Java\jdk1.8.0_101\jre\bin\verify.dll
0x60b00000 - 0x60b21000 	C:\Program Files\Java\jdk1.8.0_101\jre\bin\java.dll
0x60ae0000 - 0x60af3000 	C:\Program Files\Java\jdk1.8.0_101\jre\bin\zip.dll
0x769c0000 - 0x77609000 	C:\Windows\system32\SHELL32.dll
0x76800000 - 0x7695c000 	C:\Windows\system32\ole32.dll
0x75760000 - 0x7576b000 	C:\Windows\system32\profapi.dll
0x73430000 - 0x7351b000 	C:\Windows\system32\dbghelp.dll

VM Arguments:
jvm_args: -Djava.awt.headless=true -Xmx1024M -Dfile.encoding=windows-1252 -Duser.country=US -Duser.language=en -Duser.variant 
java_command: com.android.dx.command.Main --dex --num-threads=4 --multi-dex --main-dex-list E:\SandeepProjectResources\MobipugNew\Mobipug27.10.18\MobipugSource\app\build\intermediates\multi-dex\debug\maindexlist.txt --output E:\SandeepProjectResources\MobipugNew\Mobipug27.10.18\MobipugSource\app\build\intermediates\transforms\dex\debug\folders\1000\1f\main E:\SandeepProjectResources\MobipugNew\Mobipug27.10.18\MobipugSource\app\build\intermediates\transforms\jarMerging\debug\jars\1\1f\combined.jar
java_class_path (initial): C:\Users\android-4\AppData\Local\Android\Sdk\build-tools\26.0.2\lib\dx.jar
Launcher Type: SUN_STANDARD

Environment Variables:
PATH=C:\ProgramData\Oracle\Java\javapath;C:\Windows\system32;C:\Windows;C:\Windows\System32\Wbem;C:\Windows\System32\WindowsPowerShell\v1.0\;C:\Program Files\Intel\OpenCL SDK\2.0\bin\x86;C:\Program Files\Skype\Phone\
USERNAME=android-4
OS=Windows_NT
PROCESSOR_IDENTIFIER=x86 Family 6 Model 42 Stepping 7, GenuineIntel



---------------  S Y S T E M  ---------------

OS: Windows 7 Build 7600 (6.1.7600.16385)

CPU:total 4 (2 cores per cpu, 2 threads per core) family 6 model 42 stepping 7, cmov, cx8, fxsr, mmx, sse, sse2, sse3, ssse3, sse4.1, sse4.2, popcnt, clmul, ht, tsc, tscinvbit

Memory: 4k page, physical 3578328k(156280k free), swap 24056564k(19252028k free)

vm_info: Java HotSpot(TM) Client VM (25.101-b13) for windows-x86 JRE (1.8.0_101-b13), built on Jun 22 2016 00:45:44 by "java_re" with MS VC++ 10.0 (VS2010)

time: Thu Nov 15 11:59:16 2018
elapsed time: 28 seconds (0d 0h 0m 28s)

