#
# A fatal error has been detected by the Java Runtime Environment:
#
#  EXCEPTION_ACCESS_VIOLATION (0xc0000005) at pc=0x50e75185, pid=5728, tid=0x00000c9c
#
# JRE version: Java(TM) SE Runtime Environment (8.0_101-b13) (build 1.8.0_101-b13)
# Java VM: Java HotSpot(TM) Client VM (25.101-b13 mixed mode windows-x86 )
# Problematic frame:
# V  [jvm.dll+0xa5185]
#
# Failed to write core dump. Minidumps are not enabled by default on client versions of Windows
#
# If you would like to submit a bug report, please visit:
#   http://bugreport.java.com/bugreport/crash.jsp
#

---------------  T H R E A D  ---------------

Current thread (0x443ea800):  VMThread [stack: 0x44600000,0x44650000] [id=3228]

siginfo: ExceptionCode=0xc0000005, reading address 0x00000120

Registers:
EAX=0x00000000, EBX=0x4464f414, ECX=0x44013858, EDX=0x418b40d8
ESP=0x4464f320, EBP=0x4464f330, ESI=0x418b40d8, EDI=0x41de2838
EIP=0x50e75185, EFLAGS=0x00010287

Top of Stack: (sp=0x4464f320)
0x4464f320:   00834050 4464f414 0082f210 00834170
0x4464f330:   4464f344 50e6a531 4464f414 0082f264
0x4464f340:   00000001 4464f35c 50e68207 4464f414
0x4464f350:   0082f210 4464f454 00000000 4464f578
0x4464f360:   50e641d7 00000000 4464f4a0 4464f414
0x4464f370:   00831c88 50e651b4 0090ffa0 0082f210
0x4464f380:   0082f260 510a9c54 00000000 0000006f
0x4464f390:   00000004 0000000e 00000000 031e07e5 

Instructions: (pc=0x50e75185)
0x50e75165:   08 8b f0 eb 08 8d 9b 00 00 00 00 8b f8 8b 7f 34
0x50e75175:   3b f7 73 1d 8d a4 24 00 00 00 00 8b 4e 04 8b 01
0x50e75185:   8b 90 20 01 00 00 53 56 ff d2 8d 34 86 3b f7 72
0x50e75195:   ea 8b 45 fc 3b 78 34 72 d2 8b c8 5f 89 71 0c 5e 


Register to memory mapping:

EAX=0x00000000 is an unknown value
EBX=0x4464f414 is an unknown value
ECX=0x44013858 is pointing into metadata
EDX=
[error occurred during error reporting (printing register info), id 0xc0000005]

Stack: [0x44600000,0x44650000],  sp=0x4464f320,  free space=316k
Native frames: (J=compiled Java code, j=interpreted, Vv=VM code, C=native code)
V  [jvm.dll+0xa5185]
V  [jvm.dll+0x9a531]
V  [jvm.dll+0x98207]
V  [jvm.dll+0x941d7]
V  [jvm.dll+0x98e73]
V  [jvm.dll+0x92e25]
V  [jvm.dll+0x1b81c6]
V  [jvm.dll+0x18292b]
V  [jvm.dll+0x181d31]
V  [jvm.dll+0x182147]
V  [jvm.dll+0x182342]
V  [jvm.dll+0x1c1ed6]
C  [msvcr100.dll+0x5c556]
C  [msvcr100.dll+0x5c600]
C  [kernel32.dll+0x51174]
C  [ntdll.dll+0x5b3f5]
C  [ntdll.dll+0x5b3c8]

VM_Operation (0x00cdedc4): GenCollectForAllocation, mode: safepoint, requested by thread 0x0093bc00


---------------  P R O C E S S  ---------------

Java Threads: ( => current thread )
  0x445bfc00 JavaThread "pool-2-thread-4" [_thread_blocked, id=5416, stack(0x44c90000,0x44ce0000)]
  0x445bec00 JavaThread "pool-2-thread-3" [_thread_blocked, id=5272, stack(0x44ae0000,0x44b30000)]
  0x445bdc00 JavaThread "pool-2-thread-2" [_thread_blocked, id=1880, stack(0x44b90000,0x44be0000)]
  0x44594c00 JavaThread "pool-3-thread-1" [_thread_blocked, id=4536, stack(0x44a80000,0x44ad0000)]
  0x44592800 JavaThread "pool-2-thread-1" [_thread_blocked, id=2204, stack(0x44930000,0x44980000)]
  0x4443b800 JavaThread "Service Thread" daemon [_thread_blocked, id=2592, stack(0x448b0000,0x44900000)]
  0x4443a000 JavaThread "C1 CompilerThread0" daemon [_thread_blocked, id=4168, stack(0x44850000,0x448a0000)]
  0x44439000 JavaThread "Attach Listener" daemon [_thread_blocked, id=5288, stack(0x44800000,0x44850000)]
  0x44436000 JavaThread "Signal Dispatcher" daemon [_thread_blocked, id=5096, stack(0x00c10000,0x00c60000)]
  0x44416c00 JavaThread "Finalizer" daemon [_thread_blocked, id=2344, stack(0x447b0000,0x44800000)]
  0x443f0400 JavaThread "Reference Handler" daemon [_thread_blocked, id=5160, stack(0x446b0000,0x44700000)]
  0x0093bc00 JavaThread "main" [_thread_blocked, id=6088, stack(0x00c90000,0x00ce0000)]

Other Threads:
=>0x443ea800 VMThread [stack: 0x44600000,0x44650000] [id=3228]
  0x44432400 WatcherThread [stack: 0x449d0000,0x44a20000] [id=5472]

VM state:at safepoint (normal execution)

VM Mutex/Monitor currently owned by a thread:  ([mutex/lock_event])
[0x0093a230] Threads_lock - owner thread: 0x443ea800
[0x0093a640] Heap_lock - owner thread: 0x0093bc00

Heap:
 def new generation   total 314560K, used 314559K [0x03c00000, 0x19150000, 0x19150000)
  eden space 279616K, 100% used [0x03c00000, 0x14d10000, 0x14d10000)
  from space 34944K,  99% used [0x14d10000, 0x16f2fff8, 0x16f30000)
  to   space 34944K,  99% used [0x16f30000, 0x1914fff8, 0x19150000)
 tenured generation   total 699072K, used 668266K [0x19150000, 0x43c00000, 0x43c00000)
   the space 699072K,  95% used [0x19150000, 0x41deaae0, 0x41deac00, 0x43c00000)
 Metaspace       used 3557K, capacity 3598K, committed 3648K, reserved 4480K

Card table byte_map: [0x43c00000,0x43e10000] byte_map_base: 0x43be2000

Polling page: 0x001a0000

CodeCache: size=32768Kb used=3662Kb max_used=3662Kb free=29105Kb
 bounds [0x01bf0000, 0x01f88000, 0x03bf0000]
 total_blobs=1896 nmethods=1749 adapters=77
 compilation: enabled

Compilation events (10 events):
Event: 15.644 Thread 0x4443a000 1747             com.android.dx.ssa.InterferenceRegisterMapper::interferes (78 bytes)
Event: 15.644 Thread 0x4443a000 nmethod 1747 0x01f82048 code [0x01f82190, 0x01f823fc]
Event: 15.644 Thread 0x4443a000 1748             com.android.dx.ssa.InterferenceRegisterMapper::addInterfence (62 bytes)
Event: 15.645 Thread 0x4443a000 nmethod 1748 0x01f82688 code [0x01f82820, 0x01f82d44]
Event: 16.064 Thread 0x4443a000 1749             com.android.dx.util.BitIntSet::iterator (9 bytes)
Event: 16.064 Thread 0x4443a000 nmethod 1749 0x01f834c8 code [0x01f835d0, 0x01f836bc]
Event: 16.065 Thread 0x4443a000 1750             com.android.dx.util.BitIntSet$1::<init> (25 bytes)
Event: 16.065 Thread 0x4443a000 nmethod 1750 0x01f83748 code [0x01f83850, 0x01f8390c]
Event: 16.067 Thread 0x4443a000 1751             com.android.dx.util.Bits::bitCount (29 bytes)
Event: 16.068 Thread 0x4443a000 nmethod 1751 0x01f839c8 code [0x01f83ad0, 0x01f83bac]

GC Heap History (10 events):
Event: 12.239 GC heap after
Heap after GC invocations=99 (full 8):
 def new generation   total 314560K, used 2917K [0x03c00000, 0x19150000, 0x19150000)
  eden space 279616K,   1% used [0x03c00000, 0x03ed96e0, 0x14d10000)
  from space 34944K,   0% used [0x14d10000, 0x14d10000, 0x16f30000)
  to   space 34944K,   0% used [0x16f30000, 0x16f30000, 0x19150000)
 tenured generation   total 699072K, used 460908K [0x19150000, 0x43c00000, 0x43c00000)
   the space 699072K,  65% used [0x19150000, 0x3536b000, 0x3536b000, 0x43c00000)
 Metaspace       used 3553K, capacity 3598K, committed 3648K, reserved 4480K
}
Event: 12.730 GC heap before
{Heap before GC invocations=99 (full 8):
 def new generation   total 314560K, used 279616K [0x03c00000, 0x19150000, 0x19150000)
  eden space 279616K, 100% used [0x03c00000, 0x14d10000, 0x14d10000)
  from space 34944K,   0% used [0x14d10000, 0x14d10010, 0x16f30000)
  to   space 34944K,   0% used [0x16f30000, 0x16f30000, 0x19150000)
 tenured generation   total 699072K, used 460908K [0x19150000, 0x43c00000, 0x43c00000)
   the space 699072K,  65% used [0x19150000, 0x3536b000, 0x3536b000, 0x43c00000)
 Metaspace       used 3553K, capacity 3598K, committed 3648K, reserved 4480K
Event: 13.088 GC heap after
Heap after GC invocations=100 (full 8):
 def new generation   total 314560K, used 34944K [0x03c00000, 0x19150000, 0x19150000)
  eden space 279616K,   0% used [0x03c00000, 0x03c00000, 0x14d10000)
  from space 34944K, 100% used [0x16f30000, 0x19150000, 0x19150000)
  to   space 34944K,   0% used [0x14d10000, 0x14d10000, 0x16f30000)
 tenured generation   total 699072K, used 470821K [0x19150000, 0x43c00000, 0x43c00000)
   the space 699072K,  67% used [0x19150000, 0x35d19690, 0x35d19800, 0x43c00000)
 Metaspace       used 3553K, capacity 3598K, committed 3648K, reserved 4480K
}
Event: 13.116 GC heap before
{Heap before GC invocations=100 (full 8):
 def new generation   total 314560K, used 52723K [0x03c00000, 0x19150000, 0x19150000)
  eden space 279616K,   6% used [0x03c00000, 0x04d5cec8, 0x14d10000)
  from space 34944K, 100% used [0x16f30000, 0x19150000, 0x19150000)
  to   space 34944K,   0% used [0x14d10000, 0x14d10000, 0x16f30000)
 tenured generation   total 699072K, used 470821K [0x19150000, 0x43c00000, 0x43c00000)
   the space 699072K,  67% used [0x19150000, 0x35d19690, 0x35d19800, 0x43c00000)
 Metaspace       used 3553K, capacity 3598K, committed 3648K, reserved 4480K
Event: 13.211 GC heap after
Heap after GC invocations=101 (full 8):
 def new generation   total 314560K, used 5410K [0x03c00000, 0x19150000, 0x19150000)
  eden space 279616K,   0% used [0x03c00000, 0x03c00000, 0x14d10000)
  from space 34944K,  15% used [0x14d10000, 0x15258858, 0x16f30000)
  to   space 34944K,   0% used [0x16f30000, 0x16f30000, 0x19150000)
 tenured generation   total 699072K, used 503418K [0x19150000, 0x43c00000, 0x43c00000)
   the space 699072K,  72% used [0x19150000, 0x37cee890, 0x37ceea00, 0x43c00000)
 Metaspace       used 3553K, capacity 3598K, committed 3648K, reserved 4480K
}
Event: 15.126 GC heap before
{Heap before GC invocations=101 (full 8):
 def new generation   total 314560K, used 285026K [0x03c00000, 0x19150000, 0x19150000)
  eden space 279616K, 100% used [0x03c00000, 0x14d10000, 0x14d10000)
  from space 34944K,  15% used [0x14d10000, 0x15258858, 0x16f30000)
  to   space 34944K,   0% used [0x16f30000, 0x16f30000, 0x19150000)
 tenured generation   total 699072K, used 503418K [0x19150000, 0x43c00000, 0x43c00000)
   the space 699072K,  72% used [0x19150000, 0x37cee890, 0x37ceea00, 0x43c00000)
 Metaspace       used 3553K, capacity 3598K, committed 3648K, reserved 4480K
Event: 15.276 GC heap after
Heap after GC invocations=102 (full 8):
 def new generation   total 314560K, used 34944K [0x03c00000, 0x19150000, 0x19150000)
  eden space 279616K,   0% used [0x03c00000, 0x03c00000, 0x14d10000)
  from space 34944K, 100% used [0x16f30000, 0x19150000, 0x19150000)
  to   space 34944K,   0% used [0x14d10000, 0x14d10000, 0x16f30000)
 tenured generation   total 699072K, used 532713K [0x19150000, 0x43c00000, 0x43c00000)
   the space 699072K,  76% used [0x19150000, 0x3998a718, 0x3998a800, 0x43c00000)
 Metaspace       used 3553K, capacity 3598K, committed 3648K, reserved 4480K
}
Event: 15.695 GC heap before
{Heap before GC invocations=102 (full 8):
 def new generation   total 314560K, used 314560K [0x03c00000, 0x19150000, 0x19150000)
  eden space 279616K, 100% used [0x03c00000, 0x14d10000, 0x14d10000)
  from space 34944K, 100% used [0x16f30000, 0x19150000, 0x19150000)
  to   space 34944K,   0% used [0x14d10000, 0x14d10000, 0x16f30000)
 tenured generation   total 699072K, used 532713K [0x19150000, 0x43c00000, 0x43c00000)
   the space 699072K,  76% used [0x19150000, 0x3998a718, 0x3998a800, 0x43c00000)
 Metaspace       used 3557K, capacity 3598K, committed 3648K, reserved 4480K
Event: 15.957 GC heap after
Heap after GC invocations=103 (full 8):
 def new generation   total 314560K, used 34943K [0x03c00000, 0x19150000, 0x19150000)
  eden space 279616K,   0% used [0x03c00000, 0x03c00000, 0x14d10000)
  from space 34944K,  99% used [0x14d10000, 0x16f2fff8, 0x16f30000)
  to   space 34944K,   0% used [0x16f30000, 0x16f30000, 0x19150000)
 tenured generation   total 699072K, used 627926K [0x19150000, 0x43c00000, 0x43c00000)
   the space 699072K,  89% used [0x19150000, 0x3f685920, 0x3f685a00, 0x43c00000)
 Metaspace       used 3557K, capacity 3598K, committed 3648K, reserved 4480K
}
Event: 17.314 GC heap before
{Heap before GC invocations=103 (full 8):
 def new generation   total 314560K, used 314559K [0x03c00000, 0x19150000, 0x19150000)
  eden space 279616K, 100% used [0x03c00000, 0x14d10000, 0x14d10000)
  from space 34944K,  99% used [0x14d10000, 0x16f2fff8, 0x16f30000)
  to   space 34944K,   0% used [0x16f30000, 0x16f30000, 0x19150000)
 tenured generation   total 699072K, used 627926K [0x19150000, 0x43c00000, 0x43c00000)
   the space 699072K,  89% used [0x19150000, 0x3f685920, 0x3f685a00, 0x43c00000)
 Metaspace       used 3557K, capacity 3598K, committed 3648K, reserved 4480K

Deoptimization events (0 events):
No events

Internal exceptions (5 events):
Event: 0.025 Thread 0x0093bc00 Exception <a 'java/lang/NoSuchMethodError': Method sun.misc.Unsafe.defineClass(Ljava/lang/String;[BII)Ljava/lang/Class; name or signature does not match> (0x03c06ea8) thrown at [C:\re\workspace\8-2-build-windows-i586-cygwin\jdk8u101\7261\hotspot\src\share\ 1∑ÕT3ô?
Event: 0.025 Thread 0x0093bc00 Exception <a 'java/lang/NoSuchMethodError': Method sun.misc.Unsafe.prefetchRead(Ljava/lang/Object;J)V name or signature does not match> (0x03c07178) thrown at [C:\re\workspace\8-2-build-windows-i586-cygwin\jdk8u101\7261\hotspot\src\share\vm\prims\jni.cpp, }GHçí√Ï?
Event: 0.899 Thread 0x445bec00 Exception <a 'java/lang/ArrayIndexOutOfBoundsException': 18> (0x0416ff08) thrown at [C:\re\workspace\8-2-build-windows-i586-cygwin\jdk8u101\7261\hotspot\src\share\vm\interpreter\interpreterRuntime.cpp, line 366]
Event: 0.899 Thread 0x445bec00 Exception <a 'java/lang/ArrayIndexOutOfBoundsException': 145> (0x041717a8) thrown at [C:\re\workspace\8-2-build-windows-i586-cygwin\jdk8u101\7261\hotspot\src\share\vm\interpreter\interpreterRuntime.cpp, line 366]
Event: 0.900 Thread 0x445bec00 Exception <a 'java/lang/ArrayIndexOutOfBoundsException': 40> (0x04172888) thrown at [C:\re\workspace\8-2-build-windows-i586-cygwin\jdk8u101\7261\hotspot\src\share\vm\interpreter\interpreterRuntime.cpp, line 366]

Events (10 events):
Event: 15.399 Executing VM operation: Deoptimize done
Event: 15.430 Thread 0x44592800 DEOPT PACKING pc=0x01d30494 sp=0x4497eef0
Event: 15.430 Thread 0x44592800 DEOPT UNPACKING pc=0x01c2c5db sp=0x4497ee18 mode 0
Event: 15.438 loading class com/android/dx/util/ListIntSet$1
Event: 15.438 loading class com/android/dx/util/ListIntSet$1 done
Event: 15.438 Executing VM operation: Deoptimize
Event: 15.439 Executing VM operation: Deoptimize done
Event: 15.695 Executing VM operation: GenCollectForAllocation
Event: 15.957 Executing VM operation: GenCollectForAllocation done
Event: 17.314 Executing VM operation: GenCollectForAllocation


Dynamic libraries:
0x00ce0000 - 0x00d13000 	C:\Program Files\Java\jdk1.8.0_101\bin\java.exe
0x771a0000 - 0x772dc000 	C:\Windows\SYSTEM32\ntdll.dll
0x76f50000 - 0x77024000 	C:\Windows\system32\kernel32.dll
0x755a0000 - 0x755ea000 	C:\Windows\system32\KERNELBASE.dll
0x756d0000 - 0x75770000 	C:\Windows\system32\ADVAPI32.dll
0x75770000 - 0x7581c000 	C:\Windows\system32\msvcrt.dll
0x769a0000 - 0x769b9000 	C:\Windows\SYSTEM32\sechost.dll
0x75620000 - 0x756c1000 	C:\Windows\system32\RPCRT4.dll
0x75a70000 - 0x75b39000 	C:\Windows\system32\USER32.dll
0x772f0000 - 0x7733e000 	C:\Windows\system32\GDI32.dll
0x75a50000 - 0x75a5a000 	C:\Windows\system32\LPK.dll
0x77030000 - 0x770cd000 	C:\Windows\system32\USP10.dll
0x74060000 - 0x741fe000 	C:\Windows\WinSxS\x86_microsoft.windows.common-controls_6595b64144ccf1df_6.0.7600.16385_none_421189da2b7fabfc\COMCTL32.dll
0x76ef0000 - 0x76f47000 	C:\Windows\system32\SHLWAPI.dll
0x755f0000 - 0x7560f000 	C:\Windows\system32\IMM32.DLL
0x770d0000 - 0x7719c000 	C:\Windows\system32\MSCTF.dll
0x54260000 - 0x5431f000 	C:\Program Files\Java\jdk1.8.0_101\jre\bin\msvcr100.dll
0x50dd0000 - 0x5119c000 	C:\Program Files\Java\jdk1.8.0_101\jre\bin\client\jvm.dll
0x70940000 - 0x70947000 	C:\Windows\system32\WSOCK32.dll
0x76a20000 - 0x76a55000 	C:\Windows\system32\WS2_32.dll
0x772e0000 - 0x772e6000 	C:\Windows\system32\NSI.dll
0x709e0000 - 0x70a12000 	C:\Windows\system32\WINMM.dll
0x747f0000 - 0x747f9000 	C:\Windows\system32\VERSION.dll
0x75a60000 - 0x75a65000 	C:\Windows\system32\PSAPI.DLL
0x6c2e0000 - 0x6c2ec000 	C:\Program Files\Java\jdk1.8.0_101\jre\bin\verify.dll
0x6c2b0000 - 0x6c2d1000 	C:\Program Files\Java\jdk1.8.0_101\jre\bin\java.dll
0x6c290000 - 0x6c2a3000 	C:\Program Files\Java\jdk1.8.0_101\jre\bin\zip.dll
0x75cd0000 - 0x76919000 	C:\Windows\system32\SHELL32.dll
0x76a60000 - 0x76bbc000 	C:\Windows\system32\ole32.dll
0x752f0000 - 0x752fb000 	C:\Windows\system32\profapi.dll
0x73050000 - 0x7313b000 	C:\Windows\system32\dbghelp.dll

VM Arguments:
jvm_args: -Djava.awt.headless=true -Xmx1024M -Dfile.encoding=windows-1252 -Duser.country=US -Duser.language=en -Duser.variant 
java_command: com.android.dx.command.Main --dex --num-threads=4 --multi-dex --main-dex-list E:\SandeepProjectResources\MobipugNew\Mobipug27.10.18\MobipugSource\app\build\intermediates\multi-dex\debug\maindexlist.txt --output E:\SandeepProjectResources\MobipugNew\Mobipug27.10.18\MobipugSource\app\build\intermediates\transforms\dex\debug\folders\1000\1f\main E:\SandeepProjectResources\MobipugNew\Mobipug27.10.18\MobipugSource\app\build\intermediates\transforms\jarMerging\debug\jars\1\1f\combined.jar
java_class_path (initial): C:\Users\android-4\AppData\Local\Android\Sdk\build-tools\26.0.2\lib\dx.jar
Launcher Type: SUN_STANDARD

Environment Variables:
PATH=C:\ProgramData\Oracle\Java\javapath;C:\Windows\system32;C:\Windows;C:\Windows\System32\Wbem;C:\Windows\System32\WindowsPowerShell\v1.0\;C:\Program Files\Intel\OpenCL SDK\2.0\bin\x86;C:\Program Files\Skype\Phone\
USERNAME=android-4
OS=Windows_NT
PROCESSOR_IDENTIFIER=x86 Family 6 Model 42 Stepping 7, GenuineIntel



---------------  S Y S T E M  ---------------

OS: Windows 7 Build 7600 (6.1.7600.16385)

CPU:total 4 (2 cores per cpu, 2 threads per core) family 6 model 42 stepping 7, cmov, cx8, fxsr, mmx, sse, sse2, sse3, ssse3, sse4.1, sse4.2, popcnt, clmul, ht, tsc, tscinvbit

Memory: 4k page, physical 3578328k(113804k free), swap 24056564k(18761644k free)

vm_info: Java HotSpot(TM) Client VM (25.101-b13) for windows-x86 JRE (1.8.0_101-b13), built on Jun 22 2016 00:45:44 by "java_re" with MS VC++ 10.0 (VS2010)

time: Wed Nov 14 19:07:14 2018
elapsed time: 19 seconds (0d 0h 0m 19s)

