#
# A fatal error has been detected by the Java Runtime Environment:
#
#  EXCEPTION_ACCESS_VIOLATION (0xc0000005) at pc=0x5182fa77, pid=2924, tid=0x00001184
#
# JRE version: Java(TM) SE Runtime Environment (8.0_101-b13) (build 1.8.0_101-b13)
# Java VM: Java HotSpot(TM) Client VM (25.101-b13 mixed mode windows-x86 )
# Problematic frame:
# V  [jvm.dll+0xbfa77]
#
# Failed to write core dump. Minidumps are not enabled by default on client versions of Windows
#
# If you would like to submit a bug report, please visit:
#   http://bugreport.java.com/bugreport/crash.jsp
#

---------------  T H R E A D  ---------------

Current thread (0x445ea800):  VMThread [stack: 0x004b0000,0x00500000] [id=4484]

siginfo: ExceptionCode=0xc0000005, reading address 0x00000060

Registers:
EAX=0x00000000, EBX=0x21c03d74, ECX=0x00000000, EDX=0x00000000
ESP=0x004ff3e8, EBP=0x004ff408, ESI=0x21c03d7c, EDI=0x1963d048
EIP=0x5182fa77, EFLAGS=0x00010293

Top of Stack: (sp=0x004ff3e8)
0x004ff3e8:   51ad94cc 447cfddc 447cfdd8 44409ee8
0x004ff3f8:   21c03d7c 00000003 194bca18 44409ee0
0x004ff408:   004ff428 51924db1 21c03d58 51ad94cc
0x004ff418:   447cfdd8 447cfddc 51ad94cc 447cfdd8
0x004ff428:   004ff434 51924fac 00000003 004ff450
0x004ff438:   518c883a 447cfdd8 4497ac00 51ad94cc
0x004ff448:   00000000 447cf700 004ff638 518e9eef
0x004ff458:   51ad94cc 00000002 4497ac00 00000000 

Instructions: (pc=0x5182fa77)
0x5182fa57:   80 3d b4 84 ac 51 00 75 0a 8b d0 80 e2 07 80 fa
0x5182fa67:   01 eb 1b 8b c8 83 e1 07 83 f9 05 74 24 8b 57 04
0x5182fa77:   8b 52 60 83 e2 07 80 fa 05 74 0c 83 f9 01 75 07
0x5182fa87:   a9 80 ff ff ff 74 0a 50 57 e8 fb 4f 0f 00 83 c4 


Register to memory mapping:

EAX=0x00000000 is an unknown value
EBX=0x21c03d74 is pointing into object: 0x21c03d58
com.android.dx.dex.file.AnnotationItem 
 - klass: 'com/android/dx/dex/file/AnnotationItem'
ECX=0x00000000 is an unknown value
EDX=0x00000000 is an unknown value
ESP=0x004ff3e8 is an unknown value
EBP=0x004ff408 is an unknown value
ESI=0x21c03d7c is pointing into object: 0x21c03d58
com.android.dx.dex.file.AnnotationItem 
 - klass: 'com/android/dx/dex/file/AnnotationItem'
EDI=0x1963d048 is pointing into object: 0x1963d038
com.android.dx.dex.file.StringIdItem 
 - klass: 'com/android/dx/dex/file/StringIdItem'


Stack: [0x004b0000,0x00500000],  sp=0x004ff3e8,  free space=316k
Native frames: (J=compiled Java code, j=interpreted, Vv=VM code, C=native code)
V  [jvm.dll+0xbfa77]
V  [jvm.dll+0x1b4db1]
V  [jvm.dll+0x1b4fac]
V  [jvm.dll+0x15883a]
V  [jvm.dll+0x179eef]
V  [jvm.dll+0x1789ea]
V  [jvm.dll+0x97fb0]
V  [jvm.dll+0x992a1]
V  [jvm.dll+0x9b020]
V  [jvm.dll+0x9b489]
V  [jvm.dll+0x9a27f]
V  [jvm.dll+0xa64b2]
V  [jvm.dll+0x98e73]
V  [jvm.dll+0x92e25]
V  [jvm.dll+0x1b81c6]
V  [jvm.dll+0x18292b]
V  [jvm.dll+0x181d31]
V  [jvm.dll+0x182147]
V  [jvm.dll+0x182342]
V  [jvm.dll+0x1c1ed6]
C  [msvcr100.dll+0x5c556]
C  [msvcr100.dll+0x5c600]
C  [kernel32.dll+0x51174]
C  [ntdll.dll+0x5b3f5]
C  [ntdll.dll+0x5b3c8]

VM_Operation (0x44dfefd4): GenCollectForAllocation, mode: safepoint, requested by thread 0x4497dc00


---------------  P R O C E S S  ---------------

Java Threads: ( => current thread )
  0x4497ac00 JavaThread "pool-2-thread-4" [_thread_blocked, id=5948, stack(0x45080000,0x450d0000)]
  0x447cd000 JavaThread "pool-2-thread-3" [_thread_blocked, id=5372, stack(0x45020000,0x45070000)]
  0x4497dc00 JavaThread "pool-2-thread-2" [_thread_blocked, id=4972, stack(0x44db0000,0x44e00000)]
  0x4497d400 JavaThread "pool-3-thread-1" [_thread_blocked, id=3700, stack(0x44e80000,0x44ed0000)]
  0x447c4c00 JavaThread "pool-2-thread-1" [_thread_blocked, id=4852, stack(0x448b0000,0x44900000)]
  0x4464c000 JavaThread "Service Thread" daemon [_thread_blocked, id=4932, stack(0x44830000,0x44880000)]
  0x44639c00 JavaThread "C1 CompilerThread0" daemon [_thread_blocked, id=6024, stack(0x447e0000,0x44830000)]
  0x44639000 JavaThread "Attach Listener" daemon [_thread_blocked, id=5768, stack(0x44900000,0x44950000)]
  0x44636000 JavaThread "Signal Dispatcher" daemon [_thread_blocked, id=5920, stack(0x00fd0000,0x01020000)]
  0x44616c00 JavaThread "Finalizer" daemon [_thread_blocked, id=5044, stack(0x03d60000,0x03db0000)]
  0x445f0400 JavaThread "Reference Handler" daemon [_thread_blocked, id=1996, stack(0x00980000,0x009d0000)]
  0x0050bc00 JavaThread "main" [_thread_blocked, id=2976, stack(0x00c70000,0x00cc0000)]

Other Threads:
=>0x445ea800 VMThread [stack: 0x004b0000,0x00500000] [id=4484]
  0x44633800 WatcherThread [stack: 0x03cf0000,0x03d40000] [id=728]

VM state:at safepoint (normal execution)

VM Mutex/Monitor currently owned by a thread:  ([mutex/lock_event])
[0x0050a230] Threads_lock - owner thread: 0x445ea800
[0x0050a640] Heap_lock - owner thread: 0x4497dc00

Heap:
 def new generation   total 66816K, used 7424K [0x03e00000, 0x08680000, 0x19350000)
  eden space 59392K,   0% used [0x03e00000, 0x03e00000, 0x07800000)
  from space 7424K, 100% used [0x07800000, 0x07f40000, 0x07f40000)
  to   space 7424K,   0% used [0x07f40000, 0x07f40000, 0x08680000)
 tenured generation   total 152320K, used 152205K [0x19350000, 0x22810000, 0x43e00000)
   the space 152320K,  99% used [0x19350000, 0x227f3628, 0x227f3800, 0x22810000)
 Metaspace       used 3544K, capacity 3566K, committed 3648K, reserved 4480K

Card table byte_map: [0x43e00000,0x44010000] byte_map_base: 0x43de1000

Polling page: 0x00360000

CodeCache: size=32768Kb used=3149Kb max_used=3149Kb free=29618Kb
 bounds [0x01cb0000, 0x01fc8000, 0x03cb0000]
 total_blobs=1613 nmethods=1466 adapters=77
 compilation: enabled

Compilation events (10 events):
Event: 3.796 Thread 0x44639c00 1464   !         com.android.dx.cf.direct.DirectClassFile$DcfTypeList::<init> (137 bytes)
Event: 3.798 Thread 0x44639c00 nmethod 1464 0x01fbd888 code [0x01fbdad0, 0x01fbe4f0]
Event: 3.815 Thread 0x44639c00 1465             java.util.HashMap$TreeNode::treeify (221 bytes)
Event: 3.815 Thread 0x44639c00 nmethod 1465 0x01fbf708 code [0x01fbf860, 0x01fbfb8c]
Event: 3.816 Thread 0x44639c00 1466             com.android.dx.ssa.SsaBasicBlock::scheduleUseBeforeAssigned (389 bytes)
Event: 3.819 Thread 0x44639c00 nmethod 1466 0x01fbfec8 code [0x01fc02c0, 0x01fc1174]
Event: 3.830 Thread 0x44639c00 1467             java.util.ArrayList$SubList::set (40 bytes)
Event: 3.831 Thread 0x44639c00 nmethod 1467 0x01fc2e88 code [0x01fc2fc0, 0x01fc31d4]
Event: 3.831 Thread 0x44639c00 1468             com.android.dx.ssa.SsaBasicBlock::checkRegUsed (39 bytes)
Event: 3.831 Thread 0x44639c00 nmethod 1468 0x01fc3488 code [0x01fc35b0, 0x01fc36f0]

GC Heap History (10 events):
Event: 3.212 GC heap after
Heap after GC invocations=74 (full 5):
 def new generation   total 66816K, used 7424K [0x03e00000, 0x08680000, 0x19350000)
  eden space 59392K,   0% used [0x03e00000, 0x03e00000, 0x07800000)
  from space 7424K, 100% used [0x07f40000, 0x08680000, 0x08680000)
  to   space 7424K,   0% used [0x07800000, 0x07800000, 0x07f40000)
 tenured generation   total 148352K, used 113977K [0x19350000, 0x22430000, 0x43e00000)
   the space 148352K,  76% used [0x19350000, 0x2029e418, 0x2029e600, 0x22430000)
 Metaspace       used 3543K, capacity 3566K, committed 3648K, reserved 4480K
}
Event: 3.306 GC heap before
{Heap before GC invocations=74 (full 5):
 def new generation   total 66816K, used 66816K [0x03e00000, 0x08680000, 0x19350000)
  eden space 59392K, 100% used [0x03e00000, 0x07800000, 0x07800000)
  from space 7424K, 100% used [0x07f40000, 0x08680000, 0x08680000)
  to   space 7424K,   0% used [0x07800000, 0x07800000, 0x07f40000)
 tenured generation   total 148352K, used 113977K [0x19350000, 0x22430000, 0x43e00000)
   the space 148352K,  76% used [0x19350000, 0x2029e418, 0x2029e600, 0x22430000)
 Metaspace       used 3543K, capacity 3566K, committed 3648K, reserved 4480K
Event: 3.340 GC heap after
Heap after GC invocations=75 (full 5):
 def new generation   total 66816K, used 7423K [0x03e00000, 0x08680000, 0x19350000)
  eden space 59392K,   0% used [0x03e00000, 0x03e00000, 0x07800000)
  from space 7424K,  99% used [0x07800000, 0x07f3fff8, 0x07f40000)
  to   space 7424K,   0% used [0x07f40000, 0x07f40000, 0x08680000)
 tenured generation   total 148352K, used 122406K [0x19350000, 0x22430000, 0x43e00000)
   the space 148352K,  82% used [0x19350000, 0x20ad9a38, 0x20ad9c00, 0x22430000)
 Metaspace       used 3543K, capacity 3566K, committed 3648K, reserved 4480K
}
Event: 3.453 GC heap before
{Heap before GC invocations=75 (full 5):
 def new generation   total 66816K, used 66815K [0x03e00000, 0x08680000, 0x19350000)
  eden space 59392K, 100% used [0x03e00000, 0x07800000, 0x07800000)
  from space 7424K,  99% used [0x07800000, 0x07f3fff8, 0x07f40000)
  to   space 7424K,   0% used [0x07f40000, 0x07f40000, 0x08680000)
 tenured generation   total 148352K, used 122406K [0x19350000, 0x22430000, 0x43e00000)
   the space 148352K,  82% used [0x19350000, 0x20ad9a38, 0x20ad9c00, 0x22430000)
 Metaspace       used 3543K, capacity 3566K, committed 3648K, reserved 4480K
Event: 3.483 GC heap after
Heap after GC invocations=76 (full 5):
 def new generation   total 66816K, used 7285K [0x03e00000, 0x08680000, 0x19350000)
  eden space 59392K,   0% used [0x03e00000, 0x03e00000, 0x07800000)
  from space 7424K,  98% used [0x07f40000, 0x0865d600, 0x08680000)
  to   space 7424K,   0% used [0x07800000, 0x07800000, 0x07f40000)
 tenured generation   total 148352K, used 128805K [0x19350000, 0x22430000, 0x43e00000)
   the space 148352K,  86% used [0x19350000, 0x21119720, 0x21119800, 0x22430000)
 Metaspace       used 3543K, capacity 3566K, committed 3648K, reserved 4480K
}
Event: 3.577 GC heap before
{Heap before GC invocations=76 (full 5):
 def new generation   total 66816K, used 66677K [0x03e00000, 0x08680000, 0x19350000)
  eden space 59392K, 100% used [0x03e00000, 0x07800000, 0x07800000)
  from space 7424K,  98% used [0x07f40000, 0x0865d600, 0x08680000)
  to   space 7424K,   0% used [0x07800000, 0x07800000, 0x07f40000)
 tenured generation   total 148352K, used 128805K [0x19350000, 0x22430000, 0x43e00000)
   the space 148352K,  86% used [0x19350000, 0x21119720, 0x21119800, 0x22430000)
 Metaspace       used 3543K, capacity 3566K, committed 3648K, reserved 4480K
Event: 3.612 GC heap after
Heap after GC invocations=77 (full 5):
 def new generation   total 66816K, used 7423K [0x03e00000, 0x08680000, 0x19350000)
  eden space 59392K,   0% used [0x03e00000, 0x03e00000, 0x07800000)
  from space 7424K,  99% used [0x07800000, 0x07f3fff8, 0x07f40000)
  to   space 7424K,   0% used [0x07f40000, 0x07f40000, 0x08680000)
 tenured generation   total 148352K, used 136654K [0x19350000, 0x22430000, 0x43e00000)
   the space 148352K,  92% used [0x19350000, 0x218c38b0, 0x218c3a00, 0x22430000)
 Metaspace       used 3543K, capacity 3566K, committed 3648K, reserved 4480K
}
Event: 3.708 GC heap before
{Heap before GC invocations=77 (full 5):
 def new generation   total 66816K, used 66815K [0x03e00000, 0x08680000, 0x19350000)
  eden space 59392K, 100% used [0x03e00000, 0x07800000, 0x07800000)
  from space 7424K,  99% used [0x07800000, 0x07f3fff8, 0x07f40000)
  to   space 7424K,   0% used [0x07f40000, 0x07f40000, 0x08680000)
 tenured generation   total 148352K, used 136654K [0x19350000, 0x22430000, 0x43e00000)
   the space 148352K,  92% used [0x19350000, 0x218c38b0, 0x218c3a00, 0x22430000)
 Metaspace       used 3544K, capacity 3566K, committed 3648K, reserved 4480K
Event: 3.750 GC heap after
Heap after GC invocations=78 (full 5):
 def new generation   total 66816K, used 7423K [0x03e00000, 0x08680000, 0x19350000)
  eden space 59392K,   0% used [0x03e00000, 0x03e00000, 0x07800000)
  from space 7424K,  99% used [0x07f40000, 0x0867fff8, 0x08680000)
  to   space 7424K,   0% used [0x07800000, 0x07800000, 0x07f40000)
 tenured generation   total 148352K, used 144695K [0x19350000, 0x22430000, 0x43e00000)
   the space 148352K,  97% used [0x19350000, 0x2209dc18, 0x2209de00, 0x22430000)
 Metaspace       used 3544K, capacity 3566K, committed 3648K, reserved 4480K
}
Event: 3.850 GC heap before
{Heap before GC invocations=78 (full 5):
 def new generation   total 66816K, used 66815K [0x03e00000, 0x08680000, 0x19350000)
  eden space 59392K, 100% used [0x03e00000, 0x07800000, 0x07800000)
  from space 7424K,  99% used [0x07f40000, 0x0867fff8, 0x08680000)
  to   space 7424K,   0% used [0x07800000, 0x07800000, 0x07f40000)
 tenured generation   total 148352K, used 144695K [0x19350000, 0x22430000, 0x43e00000)
   the space 148352K,  97% used [0x19350000, 0x2209dc18, 0x2209de00, 0x22430000)
 Metaspace       used 3544K, capacity 3566K, committed 3648K, reserved 4480K

Deoptimization events (0 events):
No events

Internal exceptions (5 events):
Event: 0.024 Thread 0x0050bc00 Exception <a 'java/lang/NoSuchMethodError': Method sun.misc.Unsafe.defineClass(Ljava/lang/String;[BII)Ljava/lang/Class; name or signature does not match> (0x03e06ea8) thrown at [C:\re\workspace\8-2-build-windows-i586-cygwin\jdk8u101\7261\hotspot\src\share\“ÔoI¨ò?
Event: 0.024 Thread 0x0050bc00 Exception <a 'java/lang/NoSuchMethodError': Method sun.misc.Unsafe.prefetchRead(Ljava/lang/Object;J)V name or signature does not match> (0x03e07178) thrown at [C:\re\workspace\8-2-build-windows-i586-cygwin\jdk8u101\7261\hotspot\src\share\vm\prims\jni.cpp, ç‘¢BõÿÍ?
Event: 0.839 Thread 0x4497ac00 Exception <a 'java/lang/ArrayIndexOutOfBoundsException': 18> (0x04396170) thrown at [C:\re\workspace\8-2-build-windows-i586-cygwin\jdk8u101\7261\hotspot\src\share\vm\interpreter\interpreterRuntime.cpp, line 366]
Event: 0.839 Thread 0x4497ac00 Exception <a 'java/lang/ArrayIndexOutOfBoundsException': 145> (0x043af8d0) thrown at [C:\re\workspace\8-2-build-windows-i586-cygwin\jdk8u101\7261\hotspot\src\share\vm\interpreter\interpreterRuntime.cpp, line 366]
Event: 0.840 Thread 0x4497ac00 Exception <a 'java/lang/ArrayIndexOutOfBoundsException': 40> (0x043b09b0) thrown at [C:\re\workspace\8-2-build-windows-i586-cygwin\jdk8u101\7261\hotspot\src\share\vm\interpreter\interpreterRuntime.cpp, line 366]

Events (10 events):
Event: 3.212 Executing VM operation: GenCollectForAllocation done
Event: 3.306 Executing VM operation: GenCollectForAllocation
Event: 3.340 Executing VM operation: GenCollectForAllocation done
Event: 3.453 Executing VM operation: GenCollectForAllocation
Event: 3.483 Executing VM operation: GenCollectForAllocation done
Event: 3.577 Executing VM operation: GenCollectForAllocation
Event: 3.612 Executing VM operation: GenCollectForAllocation done
Event: 3.708 Executing VM operation: GenCollectForAllocation
Event: 3.750 Executing VM operation: GenCollectForAllocation done
Event: 3.850 Executing VM operation: GenCollectForAllocation


Dynamic libraries:
0x01070000 - 0x010a3000 	C:\Program Files\Java\jdk1.8.0_101\bin\java.exe
0x76f00000 - 0x7703c000 	C:\Windows\SYSTEM32\ntdll.dll
0x755f0000 - 0x756c4000 	C:\Windows\system32\kernel32.dll
0x751f0000 - 0x7523a000 	C:\Windows\system32\KERNELBASE.dll
0x753a0000 - 0x75440000 	C:\Windows\system32\ADVAPI32.dll
0x76520000 - 0x765cc000 	C:\Windows\system32\msvcrt.dll
0x75370000 - 0x75389000 	C:\Windows\SYSTEM32\sechost.dll
0x76470000 - 0x76511000 	C:\Windows\system32\RPCRT4.dll
0x756d0000 - 0x75799000 	C:\Windows\system32\USER32.dll
0x770e0000 - 0x7712e000 	C:\Windows\system32\GDI32.dll
0x75390000 - 0x7539a000 	C:\Windows\system32\LPK.dll
0x76b50000 - 0x76bed000 	C:\Windows\system32\USP10.dll
0x73dc0000 - 0x73f5e000 	C:\Windows\WinSxS\x86_microsoft.windows.common-controls_6595b64144ccf1df_6.0.7600.16385_none_421189da2b7fabfc\COMCTL32.dll
0x76af0000 - 0x76b47000 	C:\Windows\system32\SHLWAPI.dll
0x77040000 - 0x7705f000 	C:\Windows\system32\IMM32.DLL
0x76d30000 - 0x76dfc000 	C:\Windows\system32\MSCTF.dll
0x64db0000 - 0x64e6f000 	C:\Program Files\Java\jdk1.8.0_101\jre\bin\msvcr100.dll
0x51770000 - 0x51b3c000 	C:\Program Files\Java\jdk1.8.0_101\jre\bin\client\jvm.dll
0x70810000 - 0x70817000 	C:\Windows\system32\WSOCK32.dll
0x75440000 - 0x75475000 	C:\Windows\system32\WS2_32.dll
0x75350000 - 0x75356000 	C:\Windows\system32\NSI.dll
0x707c0000 - 0x707f2000 	C:\Windows\system32\WINMM.dll
0x74550000 - 0x74559000 	C:\Windows\system32\VERSION.dll
0x75360000 - 0x75365000 	C:\Windows\system32\PSAPI.DLL
0x720f0000 - 0x720fc000 	C:\Program Files\Java\jdk1.8.0_101\jre\bin\verify.dll
0x72070000 - 0x72091000 	C:\Program Files\Java\jdk1.8.0_101\jre\bin\java.dll
0x720b0000 - 0x720c3000 	C:\Program Files\Java\jdk1.8.0_101\jre\bin\zip.dll
0x75820000 - 0x76469000 	C:\Windows\system32\SHELL32.dll
0x75490000 - 0x755ec000 	C:\Windows\system32\ole32.dll
0x75050000 - 0x7505b000 	C:\Windows\system32\profapi.dll
0x72db0000 - 0x72e9b000 	C:\Windows\system32\dbghelp.dll

VM Arguments:
jvm_args: -Djava.awt.headless=true -Xmx1024M -Dfile.encoding=windows-1252 -Duser.country=US -Duser.language=en -Duser.variant 
java_command: com.android.dx.command.Main --dex --num-threads=4 --multi-dex --main-dex-list E:\SandeepProjectResources\MobipugNew\Mobipug27.10.18\MobipugSource\app\build\intermediates\multi-dex\debug\maindexlist.txt --output E:\SandeepProjectResources\MobipugNew\Mobipug27.10.18\MobipugSource\app\build\intermediates\transforms\dex\debug\folders\1000\1f\main E:\SandeepProjectResources\MobipugNew\Mobipug27.10.18\MobipugSource\app\build\intermediates\transforms\jarMerging\debug\jars\1\1f\combined.jar
java_class_path (initial): C:\Users\android-4\AppData\Local\Android\Sdk\build-tools\26.0.2\lib\dx.jar
Launcher Type: SUN_STANDARD

Environment Variables:
PATH=C:\ProgramData\Oracle\Java\javapath;C:\Windows\system32;C:\Windows;C:\Windows\System32\Wbem;C:\Windows\System32\WindowsPowerShell\v1.0\;C:\Program Files\Intel\OpenCL SDK\2.0\bin\x86;C:\Program Files\Skype\Phone\
USERNAME=android-4
OS=Windows_NT
PROCESSOR_IDENTIFIER=x86 Family 6 Model 42 Stepping 7, GenuineIntel



---------------  S Y S T E M  ---------------

OS: Windows 7 Build 7600 (6.1.7600.16385)

CPU:total 4 (2 cores per cpu, 2 threads per core) family 6 model 42 stepping 7, cmov, cx8, fxsr, mmx, sse, sse2, sse3, ssse3, sse4.1, sse4.2, popcnt, clmul, ht, tsc, tscinvbit

Memory: 4k page, physical 3578328k(1023720k free), swap 24056564k(19967916k free)

vm_info: Java HotSpot(TM) Client VM (25.101-b13) for windows-x86 JRE (1.8.0_101-b13), built on Jun 22 2016 00:45:44 by "java_re" with MS VC++ 10.0 (VS2010)

time: Sat Nov 10 17:55:19 2018
elapsed time: 3 seconds (0d 0h 0m 3s)

