#
# A fatal error has been detected by the Java Runtime Environment:
#
#  EXCEPTION_ACCESS_VIOLATION (0xc0000005) at pc=0x6444fa77, pid=5056, tid=0x000013bc
#
# JRE version: Java(TM) SE Runtime Environment (8.0_101-b13) (build 1.8.0_101-b13)
# Java VM: Java HotSpot(TM) Client VM (25.101-b13 mixed mode windows-x86 )
# Problematic frame:
# V  [jvm.dll+0xbfa77]
#
# Failed to write core dump. Minidumps are not enabled by default on client versions of Windows
#
# If you would like to submit a bug report, please visit:
#   http://bugreport.java.com/bugreport/crash.jsp
#

---------------  T H R E A D  ---------------

Current thread (0x4448a800):  VMThread [stack: 0x446b0000,0x44700000] [id=5052]

siginfo: ExceptionCode=0xc0000005, reading address 0x00000060

Registers:
EAX=0x00000000, EBX=0x36c970dc, ECX=0x00000000, EDX=0x00000000
ESP=0x446fef28, EBP=0x446fef48, ESI=0x36c970e8, EDI=0x365b9058
EIP=0x6444fa77, EFLAGS=0x00010293

Top of Stack: (sp=0x446fef28)
0x446fef28:   646f94cc 446660bc 446660b8 442cffe8
0x446fef38:   36c970e8 00000003 194bca10 442cffe0
0x446fef48:   446fef68 64544db1 36c970c8 646f94cc
0x446fef58:   446660b8 446660bc 646f94cc 446660b8
0x446fef68:   446fef74 64544fac 00000003 446fef90
0x446fef78:   644e883a 446660b8 4465c000 646f94cc
0x446fef88:   00000000 44658de8 446ff178 64509eef
0x446fef98:   646f94cc 00000002 4465c000 00000000 

Instructions: (pc=0x6444fa77)
0x6444fa57:   80 3d b4 84 6e 64 00 75 0a 8b d0 80 e2 07 80 fa
0x6444fa67:   01 eb 1b 8b c8 83 e1 07 83 f9 05 74 24 8b 57 04
0x6444fa77:   8b 52 60 83 e2 07 80 fa 05 74 0c 83 f9 01 75 07
0x6444fa87:   a9 80 ff ff ff 74 0a 50 57 e8 fb 4f 0f 00 83 c4 


Register to memory mapping:

EAX=0x00000000 is an unknown value
EBX=0x36c970dc is pointing into object: 0x36c970c8
com.android.dx.rop.code.ThrowingCstInsn 
 - klass: 'com/android/dx/rop/code/ThrowingCstInsn'
ECX=0x00000000 is an unknown value
EDX=0x00000000 is an unknown value
ESP=0x446fef28 is an unknown value
EBP=0x446fef48 is an unknown value
ESI=0x36c970e8 is an oop
com.android.dx.rop.code.PlainInsn 
 - klass: 'com/android/dx/rop/code/PlainInsn'
EDI=0x365b9058 is pointing into object: 0x365b9050
com.android.dx.rop.code.RegisterSpecSet 
 - klass: 'com/android/dx/rop/code/RegisterSpecSet'


Stack: [0x446b0000,0x44700000],  sp=0x446fef28,  free space=315k
Native frames: (J=compiled Java code, j=interpreted, Vv=VM code, C=native code)
V  [jvm.dll+0xbfa77]
V  [jvm.dll+0x1b4db1]
V  [jvm.dll+0x1b4fac]
V  [jvm.dll+0x15883a]
V  [jvm.dll+0x179eef]
V  [jvm.dll+0x1789ea]
V  [jvm.dll+0x97fb0]
V  [jvm.dll+0x992a1]
V  [jvm.dll+0x9b020]
V  [jvm.dll+0x9b489]
V  [jvm.dll+0x9a27f]
V  [jvm.dll+0xa64b2]
V  [jvm.dll+0x98e73]
V  [jvm.dll+0x92e25]
V  [jvm.dll+0x1b81c6]
V  [jvm.dll+0x18292b]
V  [jvm.dll+0x181d31]
V  [jvm.dll+0x182147]
V  [jvm.dll+0x182342]
V  [jvm.dll+0x1c1ed6]
C  [msvcr100.dll+0x5c556]
C  [msvcr100.dll+0x5c600]
C  [kernel32.dll+0x51174]
C  [ntdll.dll+0x5b3f5]
C  [ntdll.dll+0x5b3c8]

VM_Operation (0x44b3f118): GenCollectForAllocation, mode: safepoint, requested by thread 0x4465c000


---------------  P R O C E S S  ---------------

Java Threads: ( => current thread )
  0x4465c000 JavaThread "pool-2-thread-4" [_thread_blocked, id=2380, stack(0x44af0000,0x44b40000)]
  0x4465bc00 JavaThread "pool-2-thread-3" [_thread_blocked, id=4116, stack(0x44940000,0x44990000)]
  0x4465b400 JavaThread "pool-2-thread-2" [_thread_blocked, id=5524, stack(0x44c40000,0x44c90000)]
  0x44633400 JavaThread "pool-3-thread-1" [_thread_blocked, id=4908, stack(0x44bf0000,0x44c40000)]
  0x44632000 JavaThread "pool-2-thread-1" [_thread_blocked, id=4428, stack(0x01110000,0x01160000)]
  0x444ecc00 JavaThread "Service Thread" daemon [_thread_blocked, id=2512, stack(0x44a80000,0x44ad0000)]
  0x444da400 JavaThread "C1 CompilerThread0" daemon [_thread_blocked, id=4052, stack(0x03da0000,0x03df0000)]
  0x444d9000 JavaThread "Attach Listener" daemon [_thread_blocked, id=4360, stack(0x449c0000,0x44a10000)]
  0x444d6000 JavaThread "Signal Dispatcher" daemon [_thread_blocked, id=5288, stack(0x448b0000,0x44900000)]
  0x444b6c00 JavaThread "Finalizer" daemon [_thread_blocked, id=5636, stack(0x44720000,0x44770000)]
  0x44490400 JavaThread "Reference Handler" daemon [_thread_blocked, id=5488, stack(0x01330000,0x01380000)]
  0x0131bc00 JavaThread "main" [_thread_blocked, id=5792, stack(0x01260000,0x012b0000)]

Other Threads:
=>0x4448a800 VMThread [stack: 0x446b0000,0x44700000] [id=5052]
  0x444d0400 WatcherThread [stack: 0x44b40000,0x44b90000] [id=5060]

VM state:at safepoint (normal execution)

VM Mutex/Monitor currently owned by a thread:  ([mutex/lock_event])
[0x0131a230] Threads_lock - owner thread: 0x4448a800
[0x0131a640] Heap_lock - owner thread: 0x4465c000

Heap:
 def new generation   total 215744K, used 23935K [0x03e00000, 0x12810000, 0x19350000)
  eden space 191808K,   0% used [0x03e00000, 0x03e00000, 0x0f950000)
  from space 23936K,  99% used [0x0f950000, 0x110afff8, 0x110b0000)
  to   space 23936K,   0% used [0x110b0000, 0x110b0000, 0x12810000)
 tenured generation   total 494972K, used 494881K [0x19350000, 0x376af000, 0x43e00000)
   the space 494972K,  99% used [0x19350000, 0x376985d0, 0x37698600, 0x376af000)
 Metaspace       used 3559K, capacity 3598K, committed 3648K, reserved 4480K

Card table byte_map: [0x43e00000,0x44010000] byte_map_base: 0x43de1000

Polling page: 0x00140000

CodeCache: size=32768Kb used=3578Kb max_used=3578Kb free=29189Kb
 bounds [0x01ba0000, 0x01f20000, 0x03ba0000]
 total_blobs=1890 nmethods=1743 adapters=77
 compilation: enabled

Compilation events (10 events):
Event: 11.020 Thread 0x444da400 1741   !         com.android.dx.cf.attrib.BaseParameterAnnotations::<init> (48 bytes)
Event: 11.021 Thread 0x444da400 nmethod 1741 0x01f1d548 code [0x01f1d670, 0x01f1d8b4]
Event: 11.021 Thread 0x444da400 1742             com.android.dx.cf.attrib.BaseParameterAnnotations::byteLength (8 bytes)
Event: 11.021 Thread 0x444da400 nmethod 1742 0x01f1dac8 code [0x01f1dbc0, 0x01f1dc40]
Event: 11.026 Thread 0x444da400 1743             com.android.dx.dex.file.AnnotationsDirectoryItem::addParameterAnnotations (37 bytes)
Event: 11.026 Thread 0x444da400 nmethod 1743 0x01f1dc88 code [0x01f1ddb0, 0x01f1e018]
Event: 11.026 Thread 0x444da400 1744             com.android.dx.dex.file.UniformListItem::<init> (37 bytes)
Event: 11.027 Thread 0x444da400 nmethod 1744 0x01f1e288 code [0x01f1e3e0, 0x01f1e664]
Event: 11.027 Thread 0x444da400 1745             com.android.dx.dex.file.UniformListItem::writeSize (28 bytes)
Event: 11.027 Thread 0x444da400 nmethod 1745 0x01f1e948 code [0x01f1ea80, 0x01f1ec10]

GC Heap History (10 events):
Event: 9.109 GC heap after
Heap after GC invocations=94 (full 7):
 def new generation   total 215744K, used 23936K [0x03e00000, 0x12810000, 0x19350000)
  eden space 191808K,   0% used [0x03e00000, 0x03e00000, 0x0f950000)
  from space 23936K, 100% used [0x110b0000, 0x12810000, 0x12810000)
  to   space 23936K,   0% used [0x0f950000, 0x0f950000, 0x110b0000)
 tenured generation   total 479228K, used 359644K [0x19350000, 0x3674f000, 0x43e00000)
   the space 479228K,  75% used [0x19350000, 0x2f287010, 0x2f287200, 0x3674f000)
 Metaspace       used 3559K, capacity 3598K, committed 3648K, reserved 4480K
}
Event: 9.414 GC heap before
{Heap before GC invocations=94 (full 7):
 def new generation   total 215744K, used 215744K [0x03e00000, 0x12810000, 0x19350000)
  eden space 191808K, 100% used [0x03e00000, 0x0f950000, 0x0f950000)
  from space 23936K, 100% used [0x110b0000, 0x12810000, 0x12810000)
  to   space 23936K,   0% used [0x0f950000, 0x0f950000, 0x110b0000)
 tenured generation   total 479228K, used 359644K [0x19350000, 0x3674f000, 0x43e00000)
   the space 479228K,  75% used [0x19350000, 0x2f287010, 0x2f287200, 0x3674f000)
 Metaspace       used 3559K, capacity 3598K, committed 3648K, reserved 4480K
Event: 9.544 GC heap after
Heap after GC invocations=95 (full 7):
 def new generation   total 215744K, used 23936K [0x03e00000, 0x12810000, 0x19350000)
  eden space 191808K,   0% used [0x03e00000, 0x03e00000, 0x0f950000)
  from space 23936K, 100% used [0x0f950000, 0x110b0000, 0x110b0000)
  to   space 23936K,   0% used [0x110b0000, 0x110b0000, 0x12810000)
 tenured generation   total 479228K, used 387893K [0x19350000, 0x3674f000, 0x43e00000)
   the space 479228K,  80% used [0x19350000, 0x30e1d778, 0x30e1d800, 0x3674f000)
 Metaspace       used 3559K, capacity 3598K, committed 3648K, reserved 4480K
}
Event: 9.847 GC heap before
{Heap before GC invocations=95 (full 7):
 def new generation   total 215744K, used 215744K [0x03e00000, 0x12810000, 0x19350000)
  eden space 191808K, 100% used [0x03e00000, 0x0f950000, 0x0f950000)
  from space 23936K, 100% used [0x0f950000, 0x110b0000, 0x110b0000)
  to   space 23936K,   0% used [0x110b0000, 0x110b0000, 0x12810000)
 tenured generation   total 479228K, used 387893K [0x19350000, 0x3674f000, 0x43e00000)
   the space 479228K,  80% used [0x19350000, 0x30e1d778, 0x30e1d800, 0x3674f000)
 Metaspace       used 3559K, capacity 3598K, committed 3648K, reserved 4480K
Event: 9.968 GC heap after
Heap after GC invocations=96 (full 7):
 def new generation   total 215744K, used 23936K [0x03e00000, 0x12810000, 0x19350000)
  eden space 191808K,   0% used [0x03e00000, 0x03e00000, 0x0f950000)
  from space 23936K, 100% used [0x110b0000, 0x12810000, 0x12810000)
  to   space 23936K,   0% used [0x0f950000, 0x0f950000, 0x110b0000)
 tenured generation   total 479228K, used 414975K [0x19350000, 0x3674f000, 0x43e00000)
   the space 479228K,  86% used [0x19350000, 0x3288fe00, 0x3288fe00, 0x3674f000)
 Metaspace       used 3559K, capacity 3598K, committed 3648K, reserved 4480K
}
Event: 10.271 GC heap before
{Heap before GC invocations=96 (full 7):
 def new generation   total 215744K, used 215744K [0x03e00000, 0x12810000, 0x19350000)
  eden space 191808K, 100% used [0x03e00000, 0x0f950000, 0x0f950000)
  from space 23936K, 100% used [0x110b0000, 0x12810000, 0x12810000)
  to   space 23936K,   0% used [0x0f950000, 0x0f950000, 0x110b0000)
 tenured generation   total 479228K, used 414975K [0x19350000, 0x3674f000, 0x43e00000)
   the space 479228K,  86% used [0x19350000, 0x3288fe00, 0x3288fe00, 0x3674f000)
 Metaspace       used 3559K, capacity 3598K, committed 3648K, reserved 4480K
Event: 10.395 GC heap after
Heap after GC invocations=97 (full 7):
 def new generation   total 215744K, used 23936K [0x03e00000, 0x12810000, 0x19350000)
  eden space 191808K,   0% used [0x03e00000, 0x03e00000, 0x0f950000)
  from space 23936K, 100% used [0x0f950000, 0x110b0000, 0x110b0000)
  to   space 23936K,   0% used [0x110b0000, 0x110b0000, 0x12810000)
 tenured generation   total 479228K, used 442159K [0x19350000, 0x3674f000, 0x43e00000)
   the space 479228K,  92% used [0x19350000, 0x3431bfe0, 0x3431c000, 0x3674f000)
 Metaspace       used 3559K, capacity 3598K, committed 3648K, reserved 4480K
}
Event: 10.723 GC heap before
{Heap before GC invocations=97 (full 7):
 def new generation   total 215744K, used 215744K [0x03e00000, 0x12810000, 0x19350000)
  eden space 191808K, 100% used [0x03e00000, 0x0f950000, 0x0f950000)
  from space 23936K, 100% used [0x0f950000, 0x110b0000, 0x110b0000)
  to   space 23936K,   0% used [0x110b0000, 0x110b0000, 0x12810000)
 tenured generation   total 479228K, used 442159K [0x19350000, 0x3674f000, 0x43e00000)
   the space 479228K,  92% used [0x19350000, 0x3431bfe0, 0x3431c000, 0x3674f000)
 Metaspace       used 3559K, capacity 3598K, committed 3648K, reserved 4480K
Event: 10.836 GC heap after
Heap after GC invocations=98 (full 7):
 def new generation   total 215744K, used 23851K [0x03e00000, 0x12810000, 0x19350000)
  eden space 191808K,   0% used [0x03e00000, 0x03e00000, 0x0f950000)
  from space 23936K,  99% used [0x110b0000, 0x127fafe0, 0x12810000)
  to   space 23936K,   0% used [0x0f950000, 0x0f950000, 0x110b0000)
 tenured generation   total 479228K, used 465471K [0x19350000, 0x3674f000, 0x43e00000)
   the space 479228K,  97% used [0x19350000, 0x359dfe60, 0x359e0000, 0x3674f000)
 Metaspace       used 3559K, capacity 3598K, committed 3648K, reserved 4480K
}
Event: 11.157 GC heap before
{Heap before GC invocations=98 (full 7):
 def new generation   total 215744K, used 215659K [0x03e00000, 0x12810000, 0x19350000)
  eden space 191808K, 100% used [0x03e00000, 0x0f950000, 0x0f950000)
  from space 23936K,  99% used [0x110b0000, 0x127fafe0, 0x12810000)
  to   space 23936K,   0% used [0x0f950000, 0x0f950000, 0x110b0000)
 tenured generation   total 479228K, used 465471K [0x19350000, 0x3674f000, 0x43e00000)
   the space 479228K,  97% used [0x19350000, 0x359dfe60, 0x359e0000, 0x3674f000)
 Metaspace       used 3559K, capacity 3598K, committed 3648K, reserved 4480K

Deoptimization events (0 events):
No events

Internal exceptions (5 events):
Event: 0.025 Thread 0x0131bc00 Exception <a 'java/lang/NoSuchMethodError': Method sun.misc.Unsafe.defineClass(Ljava/lang/String;[BII)Ljava/lang/Class; name or signature does not match> (0x03e06ea8) thrown at [C:\re\workspace\8-2-build-windows-i586-cygwin\jdk8u101\7261\hotspot\src\share\¿óè,ô?
Event: 0.025 Thread 0x0131bc00 Exception <a 'java/lang/NoSuchMethodError': Method sun.misc.Unsafe.prefetchRead(Ljava/lang/Object;J)V name or signature does not match> (0x03e07178) thrown at [C:\re\workspace\8-2-build-windows-i586-cygwin\jdk8u101\7261\hotspot\src\share\vm\prims\jni.cpp, Q“∏ögÏ?
Event: 0.888 Thread 0x44632000 Exception <a 'java/lang/ArrayIndexOutOfBoundsException': 18> (0x03ec4130) thrown at [C:\re\workspace\8-2-build-windows-i586-cygwin\jdk8u101\7261\hotspot\src\share\vm\interpreter\interpreterRuntime.cpp, line 366]
Event: 0.888 Thread 0x44632000 Exception <a 'java/lang/ArrayIndexOutOfBoundsException': 145> (0x03ee1900) thrown at [C:\re\workspace\8-2-build-windows-i586-cygwin\jdk8u101\7261\hotspot\src\share\vm\interpreter\interpreterRuntime.cpp, line 366]
Event: 0.888 Thread 0x44632000 Exception <a 'java/lang/ArrayIndexOutOfBoundsException': 40> (0x03ee29e0) thrown at [C:\re\workspace\8-2-build-windows-i586-cygwin\jdk8u101\7261\hotspot\src\share\vm\interpreter\interpreterRuntime.cpp, line 366]

Events (10 events):
Event: 9.109 Executing VM operation: GenCollectFull done
Event: 9.414 Executing VM operation: GenCollectForAllocation
Event: 9.544 Executing VM operation: GenCollectForAllocation done
Event: 9.846 Executing VM operation: GenCollectForAllocation
Event: 9.968 Executing VM operation: GenCollectForAllocation done
Event: 10.271 Executing VM operation: GenCollectForAllocation
Event: 10.395 Executing VM operation: GenCollectForAllocation done
Event: 10.723 Executing VM operation: GenCollectForAllocation
Event: 10.836 Executing VM operation: GenCollectForAllocation done
Event: 11.156 Executing VM operation: GenCollectForAllocation


Dynamic libraries:
0x01390000 - 0x013c3000 	C:\Program Files\Java\jdk1.8.0_101\bin\java.exe
0x76ec0000 - 0x76ffc000 	C:\Windows\SYSTEM32\ntdll.dll
0x76c40000 - 0x76d14000 	C:\Windows\system32\kernel32.dll
0x752c0000 - 0x7530a000 	C:\Windows\system32\KERNELBASE.dll
0x756d0000 - 0x75770000 	C:\Windows\system32\ADVAPI32.dll
0x76d20000 - 0x76dcc000 	C:\Windows\system32\msvcrt.dll
0x75680000 - 0x75699000 	C:\Windows\SYSTEM32\sechost.dll
0x76b40000 - 0x76be1000 	C:\Windows\system32\RPCRT4.dll
0x75310000 - 0x753d9000 	C:\Windows\system32\USER32.dll
0x75b70000 - 0x75bbe000 	C:\Windows\system32\GDI32.dll
0x76c20000 - 0x76c2a000 	C:\Windows\system32\LPK.dll
0x755e0000 - 0x7567d000 	C:\Windows\system32\USP10.dll
0x73d20000 - 0x73ebe000 	C:\Windows\WinSxS\x86_microsoft.windows.common-controls_6595b64144ccf1df_6.0.7600.16385_none_421189da2b7fabfc\COMCTL32.dll
0x75ad0000 - 0x75b27000 	C:\Windows\system32\SHLWAPI.dll
0x76bf0000 - 0x76c0f000 	C:\Windows\system32\IMM32.DLL
0x76810000 - 0x768dc000 	C:\Windows\system32\MSCTF.dll
0x65510000 - 0x655cf000 	C:\Program Files\Java\jdk1.8.0_101\jre\bin\msvcr100.dll
0x64390000 - 0x6475c000 	C:\Program Files\Java\jdk1.8.0_101\jre\bin\client\jvm.dll
0x70cb0000 - 0x70cb7000 	C:\Windows\system32\WSOCK32.dll
0x75b30000 - 0x75b65000 	C:\Windows\system32\WS2_32.dll
0x76c30000 - 0x76c36000 	C:\Windows\system32\NSI.dll
0x70630000 - 0x70662000 	C:\Windows\system32\WINMM.dll
0x74510000 - 0x74519000 	C:\Windows\system32\VERSION.dll
0x76c10000 - 0x76c15000 	C:\Windows\system32\PSAPI.DLL
0x673a0000 - 0x673ac000 	C:\Program Files\Java\jdk1.8.0_101\jre\bin\verify.dll
0x66190000 - 0x661b1000 	C:\Program Files\Java\jdk1.8.0_101\jre\bin\java.dll
0x66170000 - 0x66183000 	C:\Program Files\Java\jdk1.8.0_101\jre\bin\zip.dll
0x75bc0000 - 0x76809000 	C:\Windows\system32\SHELL32.dll
0x769e0000 - 0x76b3c000 	C:\Windows\system32\ole32.dll
0x75010000 - 0x7501b000 	C:\Windows\system32\profapi.dll
0x72d70000 - 0x72e5b000 	C:\Windows\system32\dbghelp.dll

VM Arguments:
jvm_args: -Djava.awt.headless=true -Xmx1024M -Dfile.encoding=windows-1252 -Duser.country=US -Duser.language=en -Duser.variant 
java_command: com.android.dx.command.Main --dex --num-threads=4 --multi-dex --main-dex-list E:\SandeepProjectResources\MobipugNew\Mobipug27.10.18\MobipugSource\app\build\intermediates\multi-dex\debug\maindexlist.txt --output E:\SandeepProjectResources\MobipugNew\Mobipug27.10.18\MobipugSource\app\build\intermediates\transforms\dex\debug\folders\1000\1f\main E:\SandeepProjectResources\MobipugNew\Mobipug27.10.18\MobipugSource\app\build\intermediates\transforms\jarMerging\debug\jars\1\1f\combined.jar
java_class_path (initial): C:\Users\android-4\AppData\Local\Android\Sdk\build-tools\26.0.2\lib\dx.jar
Launcher Type: SUN_STANDARD

Environment Variables:
PATH=C:\ProgramData\Oracle\Java\javapath;C:\Windows\system32;C:\Windows;C:\Windows\System32\Wbem;C:\Windows\System32\WindowsPowerShell\v1.0\;C:\Program Files\Intel\OpenCL SDK\2.0\bin\x86;C:\Program Files\Skype\Phone\
USERNAME=android-4
OS=Windows_NT
PROCESSOR_IDENTIFIER=x86 Family 6 Model 42 Stepping 7, GenuineIntel



---------------  S Y S T E M  ---------------

OS: Windows 7 Build 7600 (6.1.7600.16385)

CPU:total 4 (2 cores per cpu, 2 threads per core) family 6 model 42 stepping 7, cmov, cx8, fxsr, mmx, sse, sse2, sse3, ssse3, sse4.1, sse4.2, popcnt, clmul, ht, tsc, tscinvbit

Memory: 4k page, physical 3578328k(536524k free), swap 24056564k(19254496k free)

vm_info: Java HotSpot(TM) Client VM (25.101-b13) for windows-x86 JRE (1.8.0_101-b13), built on Jun 22 2016 00:45:44 by "java_re" with MS VC++ 10.0 (VS2010)

time: Fri Nov 16 16:29:25 2018
elapsed time: 11 seconds (0d 0h 0m 11s)

