#
# A fatal error has been detected by the Java Runtime Environment:
#
#  EXCEPTION_ACCESS_VIOLATION (0xc0000005) at pc=0x5cae4da9, pid=116, tid=0x00001734
#
# JRE version: Java(TM) SE Runtime Environment (8.0_101-b13) (build 1.8.0_101-b13)
# Java VM: Java HotSpot(TM) Client VM (25.101-b13 mixed mode windows-x86 )
# Problematic frame:
# V  [jvm.dll+0x1b4da9]
#
# Failed to write core dump. Minidumps are not enabled by default on client versions of Windows
#
# If you would like to submit a bug report, please visit:
#   http://bugreport.java.com/bugreport/crash.jsp
#

---------------  T H R E A D  ---------------

Current thread (0x443ea800):  VMThread [stack: 0x446d0000,0x44720000] [id=5940]

siginfo: ExceptionCode=0xc0000005, reading address 0x000000b2

Registers:
EAX=0x2eb300d8, EBX=0x445b97e8, ECX=0x44277948, EDX=0x0000002a
ESP=0x4471ef40, EBP=0x4471ef58, ESI=0x445b97e0, EDI=0x5cc994cc
EIP=0x5cae4da9, EFLAGS=0x00010212

Top of Stack: (sp=0x4471ef40)
0x4471ef40:   2eb300d8 5cc994cc 445b97e0 445b97e8
0x4471ef50:   5cc994cc 445b97e0 4471ef64 5cae4fac
0x4471ef60:   00000003 4471ef80 5ca8883a 445b97e0
0x4471ef70:   445b9000 5cc994cc 00000000 44595ce8
0x4471ef80:   4471f168 5caa9eef 5cc994cc 00000002
0x4471ef90:   445b9000 00000000 00000000 00000000
0x4471efa0:   00000000 4471f1f4 4471f01c 00000012
0x4471efb0:   4471f1e0 5cc994f0 4471f264 ffffffff 

Instructions: (pc=0x5cae4da9)
0x5cae4d89:   23 f0 29 35 50 94 c9 5c a3 4c 94 c9 5c 8b c7 eb
0x5cae4d99:   09 48 a3 4c 94 c9 5c 8b 04 81 8b 48 04 8b 11 50
0x5cae4da9:   8b 82 88 00 00 00 ff d0 8b 0d 58 94 c9 5c 85 c9
0x5cae4db9:   0f 85 51 ff ff ff a1 7c 94 c9 5c 85 c0 0f 84 b8 


Register to memory mapping:

EAX=0x2eb300d8 is an oop

[error occurred during error reporting (printing register info), id 0xc0000005]

Stack: [0x446d0000,0x44720000],  sp=0x4471ef40,  free space=315k
Native frames: (J=compiled Java code, j=interpreted, Vv=VM code, C=native code)
V  [jvm.dll+0x1b4da9]
V  [jvm.dll+0x1b4fac]
V  [jvm.dll+0x15883a]
V  [jvm.dll+0x179eef]
V  [jvm.dll+0x1789ea]
V  [jvm.dll+0x97fb0]
V  [jvm.dll+0x992a1]
V  [jvm.dll+0x9b020]
V  [jvm.dll+0x9b489]
V  [jvm.dll+0x9a27f]
V  [jvm.dll+0xa64b2]
V  [jvm.dll+0x98e73]
V  [jvm.dll+0x92e25]
V  [jvm.dll+0x1b81c6]
V  [jvm.dll+0x18292b]
V  [jvm.dll+0x181d31]
V  [jvm.dll+0x182147]
V  [jvm.dll+0x182342]
V  [jvm.dll+0x1c1ed6]
C  [msvcr100.dll+0x5c556]
C  [msvcr100.dll+0x5c600]
C  [kernel32.dll+0x51174]
C  [ntdll.dll+0x5b3f5]
C  [ntdll.dll+0x5b3c8]

VM_Operation (0x44b5ed74): GenCollectForAllocation, mode: safepoint, requested by thread 0x445b8400


---------------  P R O C E S S  ---------------

Java Threads: ( => current thread )
  0x445b9000 JavaThread "pool-2-thread-4" [_thread_blocked, id=4268, stack(0x44c90000,0x44ce0000)]
  0x445b8400 JavaThread "pool-2-thread-3" [_thread_blocked, id=2688, stack(0x44b10000,0x44b60000)]
  0x445b8000 JavaThread "pool-2-thread-2" [_thread_blocked, id=4844, stack(0x44970000,0x449c0000)]
  0x44594000 JavaThread "pool-3-thread-1" [_thread_blocked, id=5752, stack(0x44a90000,0x44ae0000)]
  0x44596800 JavaThread "pool-2-thread-1" [_thread_blocked, id=5612, stack(0x00b90000,0x00be0000)]
  0x44431c00 JavaThread "Service Thread" daemon [_thread_blocked, id=4084, stack(0x03b30000,0x03b80000)]
  0x4443b800 JavaThread "C1 CompilerThread0" daemon [_thread_blocked, id=5980, stack(0x447c0000,0x44810000)]
  0x44439000 JavaThread "Attach Listener" daemon [_thread_blocked, id=2900, stack(0x449d0000,0x44a20000)]
  0x44436000 JavaThread "Signal Dispatcher" daemon [_thread_blocked, id=6048, stack(0x44900000,0x44950000)]
  0x44416c00 JavaThread "Finalizer" daemon [_thread_blocked, id=1616, stack(0x44770000,0x447c0000)]
  0x443f0400 JavaThread "Reference Handler" daemon [_thread_blocked, id=5272, stack(0x03b80000,0x03bd0000)]
  0x0046bc00 JavaThread "main" [_thread_blocked, id=4352, stack(0x00590000,0x005e0000)]

Other Threads:
=>0x443ea800 VMThread [stack: 0x446d0000,0x44720000] [id=5940]
  0x44433c00 WatcherThread [stack: 0x44880000,0x448d0000] [id=5808]

VM state:at safepoint (normal execution)

VM Mutex/Monitor currently owned by a thread:  ([mutex/lock_event])
[0x0046a230] Threads_lock - owner thread: 0x443ea800
[0x0046a640] Heap_lock - owner thread: 0x445b8400

Heap:
 def new generation   total 218048K, used 24192K [0x03c00000, 0x12890000, 0x19150000)
  eden space 193856K,   0% used [0x03c00000, 0x03c00000, 0x0f950000)
  from space 24192K, 100% used [0x0f950000, 0x110f0000, 0x110f0000)
  to   space 24192K,   0% used [0x110f0000, 0x110f0000, 0x12890000)
 tenured generation   total 502640K, used 502512K [0x19150000, 0x37c2c000, 0x43c00000)
   the space 502640K,  99% used [0x19150000, 0x37c0c378, 0x37c0c400, 0x37c2c000)
 Metaspace       used 3545K, capacity 3598K, committed 3648K, reserved 4480K

Card table byte_map: [0x43c00000,0x43e10000] byte_map_base: 0x43be2000

Polling page: 0x00140000

CodeCache: size=32768Kb used=3562Kb max_used=3562Kb free=29205Kb
 bounds [0x01b00000, 0x01e80000, 0x03b00000]
 total_blobs=1864 nmethods=1717 adapters=77
 compilation: enabled

Compilation events (10 events):
Event: 11.726 Thread 0x4443b800 1715   !         com.android.dx.cf.attrib.BaseParameterAnnotations::<init> (48 bytes)
Event: 11.726 Thread 0x4443b800 nmethod 1715 0x01e797c8 code [0x01e798f0, 0x01e79b34]
Event: 11.727 Thread 0x4443b800 1716             com.android.dx.cf.attrib.BaseParameterAnnotations::byteLength (8 bytes)
Event: 11.727 Thread 0x4443b800 nmethod 1716 0x01e79d48 code [0x01e79e40, 0x01e79ec0]
Event: 11.738 Thread 0x4443b800 1717             com.android.dx.dex.file.AnnotationsDirectoryItem::addParameterAnnotations (37 bytes)
Event: 11.739 Thread 0x4443b800 nmethod 1717 0x01e79f08 code [0x01e7a030, 0x01e7a298]
Event: 11.740 Thread 0x4443b800 1718             com.android.dx.dex.file.OffsettedItem::writeSize (22 bytes)
Event: 11.740 Thread 0x4443b800 nmethod 1718 0x01e7a508 code [0x01e7a610, 0x01e7a71c]
Event: 11.885 Thread 0x4443b800 1719             com.android.dx.dex.code.VariableSizeInsn::<init> (10 bytes)
Event: 11.886 Thread 0x4443b800 nmethod 1719 0x01e7a7c8 code [0x01e7a8d0, 0x01e7a96c]

GC Heap History (10 events):
Event: 9.757 GC heap after
Heap after GC invocations=94 (full 7):
 def new generation   total 218048K, used 24192K [0x03c00000, 0x12890000, 0x19150000)
  eden space 193856K,   0% used [0x03c00000, 0x03c00000, 0x0f950000)
  from space 24192K, 100% used [0x110f0000, 0x12890000, 0x12890000)
  to   space 24192K,   0% used [0x0f950000, 0x0f950000, 0x110f0000)
 tenured generation   total 484336K, used 363455K [0x19150000, 0x36a4c000, 0x43c00000)
   the space 484336K,  75% used [0x19150000, 0x2f43fdd8, 0x2f43fe00, 0x36a4c000)
 Metaspace       used 3545K, capacity 3598K, committed 3648K, reserved 4480K
}
Event: 10.079 GC heap before
{Heap before GC invocations=94 (full 7):
 def new generation   total 218048K, used 218048K [0x03c00000, 0x12890000, 0x19150000)
  eden space 193856K, 100% used [0x03c00000, 0x0f950000, 0x0f950000)
  from space 24192K, 100% used [0x110f0000, 0x12890000, 0x12890000)
  to   space 24192K,   0% used [0x0f950000, 0x0f950000, 0x110f0000)
 tenured generation   total 484336K, used 363455K [0x19150000, 0x36a4c000, 0x43c00000)
   the space 484336K,  75% used [0x19150000, 0x2f43fdd8, 0x2f43fe00, 0x36a4c000)
 Metaspace       used 3545K, capacity 3598K, committed 3648K, reserved 4480K
Event: 10.214 GC heap after
Heap after GC invocations=95 (full 7):
 def new generation   total 218048K, used 24192K [0x03c00000, 0x12890000, 0x19150000)
  eden space 193856K,   0% used [0x03c00000, 0x03c00000, 0x0f950000)
  from space 24192K, 100% used [0x0f950000, 0x110f0000, 0x110f0000)
  to   space 24192K,   0% used [0x110f0000, 0x110f0000, 0x12890000)
 tenured generation   total 484336K, used 391636K [0x19150000, 0x36a4c000, 0x43c00000)
   the space 484336K,  80% used [0x19150000, 0x30fc5008, 0x30fc5200, 0x36a4c000)
 Metaspace       used 3545K, capacity 3598K, committed 3648K, reserved 4480K
}
Event: 10.559 GC heap before
{Heap before GC invocations=95 (full 7):
 def new generation   total 218048K, used 218048K [0x03c00000, 0x12890000, 0x19150000)
  eden space 193856K, 100% used [0x03c00000, 0x0f950000, 0x0f950000)
  from space 24192K, 100% used [0x0f950000, 0x110f0000, 0x110f0000)
  to   space 24192K,   0% used [0x110f0000, 0x110f0000, 0x12890000)
 tenured generation   total 484336K, used 391636K [0x19150000, 0x36a4c000, 0x43c00000)
   the space 484336K,  80% used [0x19150000, 0x30fc5008, 0x30fc5200, 0x36a4c000)
 Metaspace       used 3545K, capacity 3598K, committed 3648K, reserved 4480K
Event: 10.694 GC heap after
Heap after GC invocations=96 (full 7):
 def new generation   total 218048K, used 24191K [0x03c00000, 0x12890000, 0x19150000)
  eden space 193856K,   0% used [0x03c00000, 0x03c00000, 0x0f950000)
  from space 24192K,  99% used [0x110f0000, 0x1288fff8, 0x12890000)
  to   space 24192K,   0% used [0x0f950000, 0x0f950000, 0x110f0000)
 tenured generation   total 484336K, used 419092K [0x19150000, 0x36a4c000, 0x43c00000)
   the space 484336K,  86% used [0x19150000, 0x32a95350, 0x32a95400, 0x36a4c000)
 Metaspace       used 3545K, capacity 3598K, committed 3648K, reserved 4480K
}
Event: 11.009 GC heap before
{Heap before GC invocations=96 (full 7):
 def new generation   total 218048K, used 218047K [0x03c00000, 0x12890000, 0x19150000)
  eden space 193856K, 100% used [0x03c00000, 0x0f950000, 0x0f950000)
  from space 24192K,  99% used [0x110f0000, 0x1288fff8, 0x12890000)
  to   space 24192K,   0% used [0x0f950000, 0x0f950000, 0x110f0000)
 tenured generation   total 484336K, used 419092K [0x19150000, 0x36a4c000, 0x43c00000)
   the space 484336K,  86% used [0x19150000, 0x32a95350, 0x32a95400, 0x36a4c000)
 Metaspace       used 3545K, capacity 3598K, committed 3648K, reserved 4480K
Event: 11.137 GC heap after
Heap after GC invocations=97 (full 7):
 def new generation   total 218048K, used 24192K [0x03c00000, 0x12890000, 0x19150000)
  eden space 193856K,   0% used [0x03c00000, 0x03c00000, 0x0f950000)
  from space 24192K, 100% used [0x0f950000, 0x110f0000, 0x110f0000)
  to   space 24192K,   0% used [0x110f0000, 0x110f0000, 0x12890000)
 tenured generation   total 484336K, used 446470K [0x19150000, 0x36a4c000, 0x43c00000)
   the space 484336K,  92% used [0x19150000, 0x34551bd8, 0x34551c00, 0x36a4c000)
 Metaspace       used 3545K, capacity 3598K, committed 3648K, reserved 4480K
}
Event: 11.473 GC heap before
{Heap before GC invocations=97 (full 7):
 def new generation   total 218048K, used 218048K [0x03c00000, 0x12890000, 0x19150000)
  eden space 193856K, 100% used [0x03c00000, 0x0f950000, 0x0f950000)
  from space 24192K, 100% used [0x0f950000, 0x110f0000, 0x110f0000)
  to   space 24192K,   0% used [0x110f0000, 0x110f0000, 0x12890000)
 tenured generation   total 484336K, used 446470K [0x19150000, 0x36a4c000, 0x43c00000)
   the space 484336K,  92% used [0x19150000, 0x34551bd8, 0x34551c00, 0x36a4c000)
 Metaspace       used 3545K, capacity 3598K, committed 3648K, reserved 4480K
Event: 11.593 GC heap after
Heap after GC invocations=98 (full 7):
 def new generation   total 218048K, used 24191K [0x03c00000, 0x12890000, 0x19150000)
  eden space 193856K,   0% used [0x03c00000, 0x03c00000, 0x0f950000)
  from space 24192K,  99% used [0x110f0000, 0x1288fff8, 0x12890000)
  to   space 24192K,   0% used [0x0f950000, 0x0f950000, 0x110f0000)
 tenured generation   total 484336K, used 470720K [0x19150000, 0x36a4c000, 0x43c00000)
   the space 484336K,  97% used [0x19150000, 0x35d00120, 0x35d00200, 0x36a4c000)
 Metaspace       used 3545K, capacity 3598K, committed 3648K, reserved 4480K
}
Event: 11.916 GC heap before
{Heap before GC invocations=98 (full 7):
 def new generation   total 218048K, used 218047K [0x03c00000, 0x12890000, 0x19150000)
  eden space 193856K, 100% used [0x03c00000, 0x0f950000, 0x0f950000)
  from space 24192K,  99% used [0x110f0000, 0x1288fff8, 0x12890000)
  to   space 24192K,   0% used [0x0f950000, 0x0f950000, 0x110f0000)
 tenured generation   total 484336K, used 470720K [0x19150000, 0x36a4c000, 0x43c00000)
   the space 484336K,  97% used [0x19150000, 0x35d00120, 0x35d00200, 0x36a4c000)
 Metaspace       used 3545K, capacity 3598K, committed 3648K, reserved 4480K

Deoptimization events (0 events):
No events

Internal exceptions (5 events):
Event: 0.097 Thread 0x0046bc00 Exception <a 'java/lang/NoSuchMethodError': Method sun.misc.Unsafe.defineClass(Ljava/lang/String;[BII)Ljava/lang/Class; name or signature does not match> (0x03c06ea8) thrown at [C:\re\workspace\8-2-build-windows-i586-cygwin\jdk8u101\7261\hotspot\src\share\g89S@ˆ∏?
Event: 0.098 Thread 0x0046bc00 Exception <a 'java/lang/NoSuchMethodError': Method sun.misc.Unsafe.prefetchRead(Ljava/lang/Object;J)V name or signature does not match> (0x03c07178) thrown at [C:\re\workspace\8-2-build-windows-i586-cygwin\jdk8u101\7261\hotspot\src\share\vm\prims\jni.cpp, qÑùRı?
Event: 1.333 Thread 0x445b8000 Exception <a 'java/lang/ArrayIndexOutOfBoundsException': 18> (0x0406cd20) thrown at [C:\re\workspace\8-2-build-windows-i586-cygwin\jdk8u101\7261\hotspot\src\share\vm\interpreter\interpreterRuntime.cpp, line 366]
Event: 1.333 Thread 0x445b8000 Exception <a 'java/lang/ArrayIndexOutOfBoundsException': 145> (0x040b4df8) thrown at [C:\re\workspace\8-2-build-windows-i586-cygwin\jdk8u101\7261\hotspot\src\share\vm\interpreter\interpreterRuntime.cpp, line 366]
Event: 1.333 Thread 0x445b8000 Exception <a 'java/lang/ArrayIndexOutOfBoundsException': 40> (0x040b5ed8) thrown at [C:\re\workspace\8-2-build-windows-i586-cygwin\jdk8u101\7261\hotspot\src\share\vm\interpreter\interpreterRuntime.cpp, line 366]

Events (10 events):
Event: 9.757 Executing VM operation: GenCollectForAllocation done
Event: 10.079 Executing VM operation: GenCollectForAllocation
Event: 10.214 Executing VM operation: GenCollectForAllocation done
Event: 10.559 Executing VM operation: GenCollectForAllocation
Event: 10.694 Executing VM operation: GenCollectForAllocation done
Event: 11.009 Executing VM operation: GenCollectForAllocation
Event: 11.137 Executing VM operation: GenCollectForAllocation done
Event: 11.473 Executing VM operation: GenCollectForAllocation
Event: 11.593 Executing VM operation: GenCollectForAllocation done
Event: 11.916 Executing VM operation: GenCollectForAllocation


Dynamic libraries:
0x00bf0000 - 0x00c23000 	C:\Program Files\Java\jdk1.8.0_101\bin\java.exe
0x77380000 - 0x774bc000 	C:\Windows\SYSTEM32\ntdll.dll
0x75ab0000 - 0x75b84000 	C:\Windows\system32\kernel32.dll
0x75550000 - 0x7559a000 	C:\Windows\system32\KERNELBASE.dll
0x759f0000 - 0x75a90000 	C:\Windows\system32\ADVAPI32.dll
0x75b90000 - 0x75c3c000 	C:\Windows\system32\msvcrt.dll
0x757d0000 - 0x757e9000 	C:\Windows\SYSTEM32\sechost.dll
0x76e10000 - 0x76eb1000 	C:\Windows\system32\RPCRT4.dll
0x75dc0000 - 0x75e89000 	C:\Windows\system32\USER32.dll
0x774f0000 - 0x7753e000 	C:\Windows\system32\GDI32.dll
0x77540000 - 0x7754a000 	C:\Windows\system32\LPK.dll
0x75830000 - 0x758cd000 	C:\Windows\system32\USP10.dll
0x741e0000 - 0x7437e000 	C:\Windows\WinSxS\x86_microsoft.windows.common-controls_6595b64144ccf1df_6.0.7600.16385_none_421189da2b7fabfc\COMCTL32.dll
0x75c40000 - 0x75c97000 	C:\Windows\system32\SHLWAPI.dll
0x75a90000 - 0x75aaf000 	C:\Windows\system32\IMM32.DLL
0x75cf0000 - 0x75dbc000 	C:\Windows\system32\MSCTF.dll
0x5d020000 - 0x5d0df000 	C:\Program Files\Java\jdk1.8.0_101\jre\bin\msvcr100.dll
0x5c930000 - 0x5ccfc000 	C:\Program Files\Java\jdk1.8.0_101\jre\bin\client\jvm.dll
0x71160000 - 0x71167000 	C:\Windows\system32\WSOCK32.dll
0x757f0000 - 0x75825000 	C:\Windows\system32\WS2_32.dll
0x774e0000 - 0x774e6000 	C:\Windows\system32\NSI.dll
0x70730000 - 0x70762000 	C:\Windows\system32\WINMM.dll
0x749d0000 - 0x749d9000 	C:\Windows\system32\VERSION.dll
0x774d0000 - 0x774d5000 	C:\Windows\system32\PSAPI.DLL
0x65d80000 - 0x65d8c000 	C:\Program Files\Java\jdk1.8.0_101\jre\bin\verify.dll
0x65d50000 - 0x65d71000 	C:\Program Files\Java\jdk1.8.0_101\jre\bin\java.dll
0x65d30000 - 0x65d43000 	C:\Program Files\Java\jdk1.8.0_101\jre\bin\zip.dll
0x75f90000 - 0x76bd9000 	C:\Windows\system32\SHELL32.dll
0x76ec0000 - 0x7701c000 	C:\Windows\system32\ole32.dll
0x754d0000 - 0x754db000 	C:\Windows\system32\profapi.dll
0x73230000 - 0x7331b000 	C:\Windows\system32\dbghelp.dll

VM Arguments:
jvm_args: -Djava.awt.headless=true -Xmx1024M -Dfile.encoding=windows-1252 -Duser.country=US -Duser.language=en -Duser.variant 
java_command: com.android.dx.command.Main --dex --num-threads=4 --multi-dex --main-dex-list E:\SandeepProjectResources\MobipugNew\Mobipug27.10.18\MobipugSource\app\build\intermediates\multi-dex\debug\maindexlist.txt --output E:\SandeepProjectResources\MobipugNew\Mobipug27.10.18\MobipugSource\app\build\intermediates\transforms\dex\debug\folders\1000\1f\main E:\SandeepProjectResources\MobipugNew\Mobipug27.10.18\MobipugSource\app\build\intermediates\transforms\jarMerging\debug\jars\1\1f\combined.jar
java_class_path (initial): C:\Users\android-4\AppData\Local\Android\Sdk\build-tools\26.0.2\lib\dx.jar
Launcher Type: SUN_STANDARD

Environment Variables:
PATH=C:\ProgramData\Oracle\Java\javapath;C:\Windows\system32;C:\Windows;C:\Windows\System32\Wbem;C:\Windows\System32\WindowsPowerShell\v1.0\;C:\Program Files\Intel\OpenCL SDK\2.0\bin\x86;C:\Program Files\Skype\Phone\
USERNAME=android-4
OS=Windows_NT
PROCESSOR_IDENTIFIER=x86 Family 6 Model 42 Stepping 7, GenuineIntel



---------------  S Y S T E M  ---------------

OS: Windows 7 Build 7600 (6.1.7600.16385)

CPU:total 4 (2 cores per cpu, 2 threads per core) family 6 model 42 stepping 7, cmov, cx8, fxsr, mmx, sse, sse2, sse3, ssse3, sse4.1, sse4.2, popcnt, clmul, ht, tsc, tscinvbit

Memory: 4k page, physical 3578328k(457320k free), swap 24056564k(19652896k free)

vm_info: Java HotSpot(TM) Client VM (25.101-b13) for windows-x86 JRE (1.8.0_101-b13), built on Jun 22 2016 00:45:44 by "java_re" with MS VC++ 10.0 (VS2010)

time: Sat Nov 17 16:27:53 2018
elapsed time: 12 seconds (0d 0h 0m 12s)

