#
# A fatal error has been detected by the Java Runtime Environment:
#
#  EXCEPTION_ACCESS_VIOLATION (0xc0000005) at pc=0x518e6d24, pid=2984, tid=0x000016cc
#
# JRE version: Java(TM) SE Runtime Environment (8.0_101-b13) (build 1.8.0_101-b13)
# Java VM: Java HotSpot(TM) Client VM (25.101-b13 mixed mode windows-x86 )
# Problematic frame:
# V  [jvm.dll+0x176d24]
#
# Failed to write core dump. Minidumps are not enabled by default on client versions of Windows
#
# If you would like to submit a bug report, please visit:
#   http://bugreport.java.com/bugreport/crash.jsp
#

---------------  T H R E A D  ---------------

Current thread (0x447bec00):  JavaThread "pool-2-thread-4" [_thread_in_vm, id=5836, stack(0x44c20000,0x44c70000)]

siginfo: ExceptionCode=0xc0000005, reading address 0x00000001

Registers:
EAX=0x00000001, EBX=0x447bec00, ECX=0x00000000, EDX=0x00000003
ESP=0x44c6eca4, EBP=0x44c6ecc0, ESI=0x00000001, EDI=0x14b91f38
EIP=0x518e6d24, EFLAGS=0x00010202

Top of Stack: (sp=0x44c6eca4)
0x44c6eca4:   447bec00 44c6ed04 447bec00 44c6ecc0
0x44c6ecb4:   517773c4 447bec00 00000003 44c6ecdc
0x44c6ecc4:   5186c382 447bec00 14b91f38 447bec00
0x44c6ecd4:   44c6ed04 4442c148 44c6ed18 72075258
0x44c6ece4:   447bed40 44c6ecfc 01e146f4 447bed40
0x44c6ecf4:   44c6ed04 44c6ecfc 14b91f38 00000007
0x44c6ed04:   193cc798 ffffffff 518749ef 0000001b
0x44c6ed14:   14b8cc88 44c6f2ac 01e562e0 14b91f38 

Instructions: (pc=0x518e6d24)
0x518e6d04:   83 7d f4 00 74 01 f0 0f b1 0a 3b c6 75 43 5f 5e
0x518e6d14:   8b c3 5b 8b e5 5d c3 d1 e8 a8 01 74 13 83 f6 02
0x518e6d24:   8b 06 c1 e8 07 85 c0 74 2b 5f 5e 5b 8b e5 5d c3
0x518e6d34:   8b 13 8b 42 40 56 8b cb ff d0 84 c0 74 16 83 e6 


Register to memory mapping:

EAX=0x00000001 is an unknown value
EBX=0x447bec00 is a thread
ECX=0x00000000 is an unknown value
EDX=0x00000003 is an unknown value
ESP=0x44c6eca4 is pointing into the stack for thread: 0x447bec00
EBP=0x44c6ecc0 is pointing into the stack for thread: 0x447bec00
ESI=0x00000001 is an unknown value
EDI=0x14b91f38 is an unallocated location in the heap


Stack: [0x44c20000,0x44c70000],  sp=0x44c6eca4,  free space=315k
Native frames: (J=compiled Java code, j=interpreted, Vv=VM code, C=native code)
V  [jvm.dll+0x176d24]
V  [jvm.dll+0xfc382]
C  [java.dll+0x5258]
J 574 C1 com.android.dx.rop.code.Insn.hashCode()I (5 bytes) @ 0x01e562e0 [0x01e562c0+0x20]
J 219 C1 java.util.HashMap.get(Ljava/lang/Object;)Ljava/lang/Object; (23 bytes) @ 0x01dbcda8 [0x01dbcd60+0x48]
J 935 C1 com.android.dx.dex.code.RopTranslator$LocalVariableAwareTranslationVisitor.visitPlainCstInsn(Lcom/android/dx/rop/code/PlainCstInsn;)V (11 bytes) @ 0x01ef0cec [0x01ef0ca0+0x4c]
J 698 C1 com.android.dx.rop.code.PlainCstInsn.accept(Lcom/android/dx/rop/code/Insn$Visitor;)V (8 bytes) @ 0x01e9ee3c [0x01e9ee10+0x2c]
J 717 C1 com.android.dx.dex.code.RopTranslator.outputBlock(Lcom/android/dx/rop/code/BasicBlock;I)V (202 bytes) @ 0x01e26ad0 [0x01e268e0+0x1f0]
J 707 C1 com.android.dx.dex.code.RopTranslator.outputInstructions()V (69 bytes) @ 0x01e2bdbc [0x01e2bd20+0x9c]
J 1225 C1 com.android.dx.dex.code.RopTranslator.translateAndGetResult()Lcom/android/dx/dex/code/DalvCode; (48 bytes) @ 0x01f742c4 [0x01f74290+0x34]
J 1070 C1 com.android.dx.dex.cf.CfTranslator.processMethods(Lcom/android/dx/command/dexer/DxContext;Lcom/android/dx/cf/direct/DirectClassFile;Lcom/android/dx/dex/cf/CfOptions;Lcom/android/dx/dex/DexOptions;Lcom/android/dx/dex/file/ClassDefItem;Lcom/android/dx/dex/file/DexFile;)V (597 bytes) @ 0x01f32084 [0x01f318c0+0x7c4]
J 237 C1 com.android.dx.dex.cf.CfTranslator.translate0(Lcom/android/dx/command/dexer/DxContext;Lcom/android/dx/cf/direct/DirectClassFile;[BLcom/android/dx/dex/cf/CfOptions;Lcom/android/dx/dex/DexOptions;Lcom/android/dx/dex/file/DexFile;)Lcom/android/dx/dex/file/ClassDefItem; (416 bytes) @ 0x01dc00e8 [0x01dbfe30+0x2b8]
J 1572 C1 com.android.dx.dex.cf.CfTranslator.translate(Lcom/android/dx/command/dexer/DxContext;Lcom/android/dx/cf/direct/DirectClassFile;[BLcom/android/dx/dex/cf/CfOptions;Lcom/android/dx/dex/DexOptions;Lcom/android/dx/dex/file/DexFile;)Lcom/android/dx/dex/file/ClassDefItem; (46 bytes) @ 0x01fee938 [0x01fee900+0x38]
J 1571 C1 com.android.dx.command.dexer.Main.translateClass([BLcom/android/dx/cf/direct/DirectClassFile;)Lcom/android/dx/dex/file/ClassDefItem; (86 bytes) @ 0x01fee1e4 [0x01fee190+0x54]
J 1632 C1 com.android.dx.command.dexer.Main$ClassTranslatorTask.call()Ljava/lang/Object; (5 bytes) @ 0x02002540 [0x02002510+0x30]
J 1447 C1 java.util.concurrent.FutureTask.run()V (126 bytes) @ 0x01fb9360 [0x01fb92d0+0x90]
j  java.util.concurrent.ThreadPoolExecutor.runWorker(Ljava/util/concurrent/ThreadPoolExecutor$Worker;)V+95
j  java.util.concurrent.ThreadPoolExecutor$Worker.run()V+5
j  java.lang.Thread.run()V+11
v  ~StubRoutines::call_stub
V  [jvm.dll+0x15a2e5]
V  [jvm.dll+0x21ff6e]
V  [jvm.dll+0x15a37e]
V  [jvm.dll+0x15a506]
V  [jvm.dll+0x15a577]
V  [jvm.dll+0xfe92f]
V  [jvm.dll+0x17d7dc]
V  [jvm.dll+0x17d8ca]
V  [jvm.dll+0x1c1ed6]
C  [msvcr100.dll+0x5c556]
C  [msvcr100.dll+0x5c600]
C  [kernel32.dll+0x51174]
C  [ntdll.dll+0x5b3f5]
C  [ntdll.dll+0x5b3c8]
C  0x00000000

Java frames: (J=compiled Java code, j=interpreted, Vv=VM code)
J 573  java.lang.System.identityHashCode(Ljava/lang/Object;)I (0 bytes) @ 0x01e146b0 [0x01e14660+0x50]
J 574 C1 com.android.dx.rop.code.Insn.hashCode()I (5 bytes) @ 0x01e562e0 [0x01e562c0+0x20]
J 219 C1 java.util.HashMap.get(Ljava/lang/Object;)Ljava/lang/Object; (23 bytes) @ 0x01dbcda8 [0x01dbcd60+0x48]
J 935 C1 com.android.dx.dex.code.RopTranslator$LocalVariableAwareTranslationVisitor.visitPlainCstInsn(Lcom/android/dx/rop/code/PlainCstInsn;)V (11 bytes) @ 0x01ef0cec [0x01ef0ca0+0x4c]
J 698 C1 com.android.dx.rop.code.PlainCstInsn.accept(Lcom/android/dx/rop/code/Insn$Visitor;)V (8 bytes) @ 0x01e9ee3c [0x01e9ee10+0x2c]
J 717 C1 com.android.dx.dex.code.RopTranslator.outputBlock(Lcom/android/dx/rop/code/BasicBlock;I)V (202 bytes) @ 0x01e26ad0 [0x01e268e0+0x1f0]
J 707 C1 com.android.dx.dex.code.RopTranslator.outputInstructions()V (69 bytes) @ 0x01e2bdbc [0x01e2bd20+0x9c]
J 1225 C1 com.android.dx.dex.code.RopTranslator.translateAndGetResult()Lcom/android/dx/dex/code/DalvCode; (48 bytes) @ 0x01f742c4 [0x01f74290+0x34]
J 1070 C1 com.android.dx.dex.cf.CfTranslator.processMethods(Lcom/android/dx/command/dexer/DxContext;Lcom/android/dx/cf/direct/DirectClassFile;Lcom/android/dx/dex/cf/CfOptions;Lcom/android/dx/dex/DexOptions;Lcom/android/dx/dex/file/ClassDefItem;Lcom/android/dx/dex/file/DexFile;)V (597 bytes) @ 0x01f32084 [0x01f318c0+0x7c4]
J 237 C1 com.android.dx.dex.cf.CfTranslator.translate0(Lcom/android/dx/command/dexer/DxContext;Lcom/android/dx/cf/direct/DirectClassFile;[BLcom/android/dx/dex/cf/CfOptions;Lcom/android/dx/dex/DexOptions;Lcom/android/dx/dex/file/DexFile;)Lcom/android/dx/dex/file/ClassDefItem; (416 bytes) @ 0x01dc00e8 [0x01dbfe30+0x2b8]
J 1572 C1 com.android.dx.dex.cf.CfTranslator.translate(Lcom/android/dx/command/dexer/DxContext;Lcom/android/dx/cf/direct/DirectClassFile;[BLcom/android/dx/dex/cf/CfOptions;Lcom/android/dx/dex/DexOptions;Lcom/android/dx/dex/file/DexFile;)Lcom/android/dx/dex/file/ClassDefItem; (46 bytes) @ 0x01fee938 [0x01fee900+0x38]
J 1571 C1 com.android.dx.command.dexer.Main.translateClass([BLcom/android/dx/cf/direct/DirectClassFile;)Lcom/android/dx/dex/file/ClassDefItem; (86 bytes) @ 0x01fee1e4 [0x01fee190+0x54]
J 1632 C1 com.android.dx.command.dexer.Main$ClassTranslatorTask.call()Ljava/lang/Object; (5 bytes) @ 0x02002540 [0x02002510+0x30]
J 1447 C1 java.util.concurrent.FutureTask.run()V (126 bytes) @ 0x01fb9360 [0x01fb92d0+0x90]
j  java.util.concurrent.ThreadPoolExecutor.runWorker(Ljava/util/concurrent/ThreadPoolExecutor$Worker;)V+95
j  java.util.concurrent.ThreadPoolExecutor$Worker.run()V+5
j  java.lang.Thread.run()V+11
v  ~StubRoutines::call_stub

---------------  P R O C E S S  ---------------

Java Threads: ( => current thread )
=>0x447bec00 JavaThread "pool-2-thread-4" [_thread_in_vm, id=5836, stack(0x44c20000,0x44c70000)]
  0x447b8c00 JavaThread "pool-2-thread-3" [_thread_in_vm, id=5088, stack(0x44ae0000,0x44b30000)]
  0x447b7c00 JavaThread "pool-2-thread-2" [_thread_blocked, id=6044, stack(0x44a10000,0x44a60000)]
  0x44789000 JavaThread "pool-3-thread-1" [_thread_blocked, id=3864, stack(0x44b30000,0x44b80000)]
  0x44788000 JavaThread "pool-2-thread-1" [_thread_in_Java, id=2708, stack(0x00bf0000,0x00c40000)]
  0x44631800 JavaThread "Service Thread" daemon [_thread_blocked, id=6048, stack(0x44970000,0x449c0000)]
  0x4463d800 JavaThread "C1 CompilerThread0" daemon [_thread_blocked, id=5172, stack(0x447e0000,0x44830000)]
  0x4463cc00 JavaThread "Attach Listener" daemon [_thread_blocked, id=5360, stack(0x44920000,0x44970000)]
  0x44639c00 JavaThread "Signal Dispatcher" daemon [_thread_blocked, id=2280, stack(0x44890000,0x448e0000)]
  0x44616c00 JavaThread "Finalizer" daemon [_thread_blocked, id=1728, stack(0x00770000,0x007c0000)]
  0x445f0400 JavaThread "Reference Handler" daemon [_thread_blocked, id=2924, stack(0x00fe0000,0x01030000)]
  0x004bbc00 JavaThread "main" [_thread_blocked, id=5772, stack(0x00c80000,0x00cd0000)]

Other Threads:
  0x445ea800 VMThread [stack: 0x03cb0000,0x03d00000] [id=5156]
  0x44633400 WatcherThread [stack: 0x44a80000,0x44ad0000] [id=5460]

VM state:not at safepoint (normal execution)

VM Mutex/Monitor currently owned by a thread: None

Heap:
 def new generation   total 314560K, used 6885K [0x03e00000, 0x19350000, 0x19350000)
  eden space 279616K,   2% used [0x03e00000, 0x044b95a0, 0x14f10000)
  from space 34944K,   0% used [0x14f10000, 0x14f10000, 0x17130000)
  to   space 34944K,   0% used [0x17130000, 0x17130000, 0x19350000)
 tenured generation   total 699072K, used 663127K [0x19350000, 0x43e00000, 0x43e00000)
   the space 699072K,  94% used [0x19350000, 0x41ae5fc0, 0x41ae6000, 0x43e00000)
 Metaspace       used 3551K, capacity 3598K, committed 3648K, reserved 4480K

Card table byte_map: [0x43e00000,0x44010000] byte_map_base: 0x43de1000

Polling page: 0x00470000

CodeCache: size=32768Kb used=3654Kb max_used=3694Kb free=29113Kb
 bounds [0x01cb0000, 0x02050000, 0x03cb0000]
 total_blobs=1899 nmethods=1752 adapters=77
 compilation: enabled

Compilation events (10 events):
Event: 17.075 Thread 0x4463d800 1763             com.android.dx.ssa.back.RegisterAllocator::insertMoveBefore (240 bytes)
Event: 17.076 Thread 0x4463d800 nmethod 1763 0x02048a88 code [0x02048d30, 0x0204987c]
Event: 17.091 Thread 0x4463d800 1764             com.android.dx.ssa.back.FirstFitLocalCombiningAllocator::ssaSetToSpecs (57 bytes)
Event: 17.092 Thread 0x4463d800 nmethod 1764 0x0204acc8 code [0x0204ae60, 0x0204b24c]
Event: 18.778 Thread 0x4463d800 1765 %           java.lang.ref.Reference$ReferenceHandler::run @ 0 (8 bytes)
Event: 18.778 Thread 0x4463d800 nmethod 1765% 0x0204b908 code [0x0204ba10, 0x0204babc]
Event: 18.779 Thread 0x4463d800 1766 % !         java.lang.ref.Finalizer$FinalizerThread::run @ 33 (55 bytes)
Event: 18.779 Thread 0x4463d800 nmethod 1766% 0x01e54a48 code [0x01e54ba0, 0x01e54f54]
Event: 23.539 Thread 0x4463d800 1767 %           com.android.dx.cf.direct.ClassPathOpener::processArchive @ 141 (221 bytes)
Event: 23.541 Thread 0x4463d800 nmethod 1767% 0x01f1af48 code [0x01f1b1c0, 0x01f1c0f0]

GC Heap History (10 events):
Event: 16.461 GC heap before
{Heap before GC invocations=99 (full 8):
 def new generation   total 314560K, used 314560K [0x03e00000, 0x19350000, 0x19350000)
  eden space 279616K, 100% used [0x03e00000, 0x14f10000, 0x14f10000)
  from space 34944K, 100% used [0x14f10000, 0x17130000, 0x17130000)
  to   space 34944K,   0% used [0x17130000, 0x17130000, 0x19350000)
 tenured generation   total 699072K, used 592509K [0x19350000, 0x43e00000, 0x43e00000)
   the space 699072K,  84% used [0x19350000, 0x3d5ef678, 0x3d5ef800, 0x43e00000)
 Metaspace       used 3550K, capacity 3598K, committed 3648K, reserved 4480K
Event: 16.644 GC heap after
Heap after GC invocations=100 (full 8):
 def new generation   total 314560K, used 34943K [0x03e00000, 0x19350000, 0x19350000)
  eden space 279616K,   0% used [0x03e00000, 0x03e00000, 0x14f10000)
  from space 34944K,  99% used [0x17130000, 0x1934fff8, 0x19350000)
  to   space 34944K,   0% used [0x14f10000, 0x14f10000, 0x17130000)
 tenured generation   total 699072K, used 675764K [0x19350000, 0x43e00000, 0x43e00000)
   the space 699072K,  96% used [0x19350000, 0x4273d070, 0x4273d200, 0x43e00000)
 Metaspace       used 3550K, capacity 3598K, committed 3648K, reserved 4480K
}
Event: 17.350 GC heap before
{Heap before GC invocations=100 (full 8):
 def new generation   total 314560K, used 314559K [0x03e00000, 0x19350000, 0x19350000)
  eden space 279616K, 100% used [0x03e00000, 0x14f10000, 0x14f10000)
  from space 34944K,  99% used [0x17130000, 0x1934fff8, 0x19350000)
  to   space 34944K,   0% used [0x14f10000, 0x14f10000, 0x17130000)
 tenured generation   total 699072K, used 675764K [0x19350000, 0x43e00000, 0x43e00000)
   the space 699072K,  96% used [0x19350000, 0x4273d070, 0x4273d200, 0x43e00000)
 Metaspace       used 3550K, capacity 3598K, committed 3648K, reserved 4480K
Event: 18.776 GC heap after
Heap after GC invocations=101 (full 9):
 def new generation   total 314560K, used 0K [0x03e00000, 0x19350000, 0x19350000)
  eden space 279616K,   0% used [0x03e00000, 0x03e00000, 0x14f10000)
  from space 34944K,   0% used [0x17130000, 0x17130000, 0x19350000)
  to   space 34944K,   0% used [0x14f10000, 0x14f10000, 0x17130000)
 tenured generation   total 699072K, used 611286K [0x19350000, 0x43e00000, 0x43e00000)
   the space 699072K,  87% used [0x19350000, 0x3e845968, 0x3e845a00, 0x43e00000)
 Metaspace       used 3550K, capacity 3598K, committed 3648K, reserved 4480K
}
Event: 20.137 GC heap before
{Heap before GC invocations=101 (full 9):
 def new generation   total 314560K, used 279616K [0x03e00000, 0x19350000, 0x19350000)
  eden space 279616K, 100% used [0x03e00000, 0x14f10000, 0x14f10000)
  from space 34944K,   0% used [0x17130000, 0x17130000, 0x19350000)
  to   space 34944K,   0% used [0x14f10000, 0x14f10000, 0x17130000)
 tenured generation   total 699072K, used 611286K [0x19350000, 0x43e00000, 0x43e00000)
   the space 699072K,  87% used [0x19350000, 0x3e845968, 0x3e845a00, 0x43e00000)
 Metaspace       used 3550K, capacity 3598K, committed 3648K, reserved 4480K
Event: 20.225 GC heap after
Heap after GC invocations=102 (full 9):
 def new generation   total 314560K, used 34943K [0x03e00000, 0x19350000, 0x19350000)
  eden space 279616K,   0% used [0x03e00000, 0x03e00000, 0x14f10000)
  from space 34944K,  99% used [0x14f10000, 0x1712fff8, 0x17130000)
  to   space 34944K,   0% used [0x17130000, 0x17130000, 0x19350000)
 tenured generation   total 699072K, used 639816K [0x19350000, 0x43e00000, 0x43e00000)
   the space 699072K,  91% used [0x19350000, 0x404221a0, 0x40422200, 0x43e00000)
 Metaspace       used 3550K, capacity 3598K, committed 3648K, reserved 4480K
}
Event: 21.442 GC heap before
{Heap before GC invocations=102 (full 9):
 def new generation   total 314560K, used 314559K [0x03e00000, 0x19350000, 0x19350000)
  eden space 279616K, 100% used [0x03e00000, 0x14f10000, 0x14f10000)
  from space 34944K,  99% used [0x14f10000, 0x1712fff8, 0x17130000)
  to   space 34944K,   0% used [0x17130000, 0x17130000, 0x19350000)
 tenured generation   total 699072K, used 639816K [0x19350000, 0x43e00000, 0x43e00000)
   the space 699072K,  91% used [0x19350000, 0x404221a0, 0x40422200, 0x43e00000)
 Metaspace       used 3550K, capacity 3598K, committed 3648K, reserved 4480K
Event: 22.919 GC heap after
Heap after GC invocations=103 (full 10):
 def new generation   total 314560K, used 0K [0x03e00000, 0x19350000, 0x19350000)
  eden space 279616K,   0% used [0x03e00000, 0x03e00000, 0x14f10000)
  from space 34944K,   0% used [0x14f10000, 0x14f10000, 0x17130000)
  to   space 34944K,   0% used [0x17130000, 0x17130000, 0x19350000)
 tenured generation   total 699072K, used 652913K [0x19350000, 0x43e00000, 0x43e00000)
   the space 699072K,  93% used [0x19350000, 0x410ec618, 0x410ec800, 0x43e00000)
 Metaspace       used 3550K, capacity 3598K, committed 3648K, reserved 4480K
}
Event: 23.629 GC heap before
{Heap before GC invocations=103 (full 10):
 def new generation   total 314560K, used 279616K [0x03e00000, 0x19350000, 0x19350000)
  eden space 279616K, 100% used [0x03e00000, 0x14f10000, 0x14f10000)
  from space 34944K,   0% used [0x14f10000, 0x14f10000, 0x17130000)
  to   space 34944K,   0% used [0x17130000, 0x17130000, 0x19350000)
 tenured generation   total 699072K, used 652913K [0x19350000, 0x43e00000, 0x43e00000)
   the space 699072K,  93% used [0x19350000, 0x410ec618, 0x410ec800, 0x43e00000)
 Metaspace       used 3550K, capacity 3598K, committed 3648K, reserved 4480K
Event: 25.110 GC heap after
Heap after GC invocations=104 (full 11):
 def new generation   total 314560K, used 0K [0x03e00000, 0x19350000, 0x19350000)
  eden space 279616K,   0% used [0x03e00000, 0x03e00000, 0x14f10000)
  from space 34944K,   0% used [0x14f10000, 0x14f10000, 0x17130000)
  to   space 34944K,   0% used [0x17130000, 0x17130000, 0x19350000)
 tenured generation   total 699072K, used 663127K [0x19350000, 0x43e00000, 0x43e00000)
   the space 699072K,  94% used [0x19350000, 0x41ae5fc0, 0x41ae6000, 0x43e00000)
 Metaspace       used 3550K, capacity 3598K, committed 3648K, reserved 4480K
}

Deoptimization events (0 events):
No events

Internal exceptions (5 events):
Event: 0.024 Thread 0x004bbc00 Exception <a 'java/lang/NoSuchMethodError': Method sun.misc.Unsafe.defineClass(Ljava/lang/String;[BII)Ljava/lang/Class; name or signature does not match> (0x03e06ea8) thrown at [C:\re\workspace\8-2-build-windows-i586-cygwin\jdk8u101\7261\hotspot\src\share\÷•V§9ò?
Event: 0.024 Thread 0x004bbc00 Exception <a 'java/lang/NoSuchMethodError': Method sun.misc.Unsafe.prefetchRead(Ljava/lang/Object;J)V name or signature does not match> (0x03e07178) thrown at [C:\re\workspace\8-2-build-windows-i586-cygwin\jdk8u101\7261\hotspot\src\share\vm\prims\jni.cpp, ‘Õß››Î?
Event: 0.871 Thread 0x447bec00 Exception <a 'java/lang/ArrayIndexOutOfBoundsException': 18> (0x040190e0) thrown at [C:\re\workspace\8-2-build-windows-i586-cygwin\jdk8u101\7261\hotspot\src\share\vm\interpreter\interpreterRuntime.cpp, line 366]
Event: 0.871 Thread 0x447bec00 Exception <a 'java/lang/ArrayIndexOutOfBoundsException': 145> (0x0401a980) thrown at [C:\re\workspace\8-2-build-windows-i586-cygwin\jdk8u101\7261\hotspot\src\share\vm\interpreter\interpreterRuntime.cpp, line 366]
Event: 0.872 Thread 0x447bec00 Exception <a 'java/lang/ArrayIndexOutOfBoundsException': 40> (0x0401ba60) thrown at [C:\re\workspace\8-2-build-windows-i586-cygwin\jdk8u101\7261\hotspot\src\share\vm\interpreter\interpreterRuntime.cpp, line 366]

Events (10 events):
Event: 18.780 Thread 0x4463d800 flushing nmethod 0x01ebadc8
Event: 18.780 Thread 0x4463d800 flushing nmethod 0x01ebb3c8
Event: 18.780 Thread 0x4463d800 flushing nmethod 0x01f1af48
Event: 20.137 Executing VM operation: GenCollectForAllocation
Event: 20.225 Executing VM operation: GenCollectForAllocation done
Event: 21.441 Executing VM operation: GenCollectForAllocation
Event: 22.919 Executing VM operation: GenCollectForAllocation done
Event: 23.541 Thread 0x4463d800 flushing nmethod 0x01f9d8c8
Event: 23.628 Executing VM operation: GenCollectForAllocation
Event: 25.110 Executing VM operation: GenCollectForAllocation done


Dynamic libraries:
0x01070000 - 0x010a3000 	C:\Program Files\Java\jdk1.8.0_101\bin\java.exe
0x76f00000 - 0x7703c000 	C:\Windows\SYSTEM32\ntdll.dll
0x755f0000 - 0x756c4000 	C:\Windows\system32\kernel32.dll
0x751f0000 - 0x7523a000 	C:\Windows\system32\KERNELBASE.dll
0x753a0000 - 0x75440000 	C:\Windows\system32\ADVAPI32.dll
0x76520000 - 0x765cc000 	C:\Windows\system32\msvcrt.dll
0x75370000 - 0x75389000 	C:\Windows\SYSTEM32\sechost.dll
0x76470000 - 0x76511000 	C:\Windows\system32\RPCRT4.dll
0x756d0000 - 0x75799000 	C:\Windows\system32\USER32.dll
0x770e0000 - 0x7712e000 	C:\Windows\system32\GDI32.dll
0x75390000 - 0x7539a000 	C:\Windows\system32\LPK.dll
0x76b50000 - 0x76bed000 	C:\Windows\system32\USP10.dll
0x73dc0000 - 0x73f5e000 	C:\Windows\WinSxS\x86_microsoft.windows.common-controls_6595b64144ccf1df_6.0.7600.16385_none_421189da2b7fabfc\COMCTL32.dll
0x76af0000 - 0x76b47000 	C:\Windows\system32\SHLWAPI.dll
0x77040000 - 0x7705f000 	C:\Windows\system32\IMM32.DLL
0x76d30000 - 0x76dfc000 	C:\Windows\system32\MSCTF.dll
0x64db0000 - 0x64e6f000 	C:\Program Files\Java\jdk1.8.0_101\jre\bin\msvcr100.dll
0x51770000 - 0x51b3c000 	C:\Program Files\Java\jdk1.8.0_101\jre\bin\client\jvm.dll
0x70810000 - 0x70817000 	C:\Windows\system32\WSOCK32.dll
0x75440000 - 0x75475000 	C:\Windows\system32\WS2_32.dll
0x75350000 - 0x75356000 	C:\Windows\system32\NSI.dll
0x707c0000 - 0x707f2000 	C:\Windows\system32\WINMM.dll
0x74550000 - 0x74559000 	C:\Windows\system32\VERSION.dll
0x75360000 - 0x75365000 	C:\Windows\system32\PSAPI.DLL
0x720f0000 - 0x720fc000 	C:\Program Files\Java\jdk1.8.0_101\jre\bin\verify.dll
0x72070000 - 0x72091000 	C:\Program Files\Java\jdk1.8.0_101\jre\bin\java.dll
0x720b0000 - 0x720c3000 	C:\Program Files\Java\jdk1.8.0_101\jre\bin\zip.dll
0x75820000 - 0x76469000 	C:\Windows\system32\SHELL32.dll
0x75490000 - 0x755ec000 	C:\Windows\system32\ole32.dll
0x75050000 - 0x7505b000 	C:\Windows\system32\profapi.dll
0x72db0000 - 0x72e9b000 	C:\Windows\system32\dbghelp.dll

VM Arguments:
jvm_args: -Djava.awt.headless=true -Xmx1024M -Dfile.encoding=windows-1252 -Duser.country=US -Duser.language=en -Duser.variant 
java_command: com.android.dx.command.Main --dex --num-threads=4 --multi-dex --main-dex-list E:\SandeepProjectResources\MobipugNew\Mobipug27.10.18\MobipugSource\app\build\intermediates\multi-dex\debug\maindexlist.txt --output E:\SandeepProjectResources\MobipugNew\Mobipug27.10.18\MobipugSource\app\build\intermediates\transforms\dex\debug\folders\1000\1f\main E:\SandeepProjectResources\MobipugNew\Mobipug27.10.18\MobipugSource\app\build\intermediates\transforms\jarMerging\debug\jars\1\1f\combined.jar
java_class_path (initial): C:\Users\android-4\AppData\Local\Android\Sdk\build-tools\26.0.2\lib\dx.jar
Launcher Type: SUN_STANDARD

Environment Variables:
PATH=C:\ProgramData\Oracle\Java\javapath;C:\Windows\system32;C:\Windows;C:\Windows\System32\Wbem;C:\Windows\System32\WindowsPowerShell\v1.0\;C:\Program Files\Intel\OpenCL SDK\2.0\bin\x86;C:\Program Files\Skype\Phone\
USERNAME=android-4
OS=Windows_NT
PROCESSOR_IDENTIFIER=x86 Family 6 Model 42 Stepping 7, GenuineIntel



---------------  S Y S T E M  ---------------

OS: Windows 7 Build 7600 (6.1.7600.16385)

CPU:total 4 (2 cores per cpu, 2 threads per core) family 6 model 42 stepping 7, cmov, cx8, fxsr, mmx, sse, sse2, sse3, ssse3, sse4.1, sse4.2, popcnt, clmul, ht, tsc, tscinvbit

Memory: 4k page, physical 3578328k(235660k free), swap 24056564k(19075280k free)

vm_info: Java HotSpot(TM) Client VM (25.101-b13) for windows-x86 JRE (1.8.0_101-b13), built on Jun 22 2016 00:45:44 by "java_re" with MS VC++ 10.0 (VS2010)

time: Sat Nov 10 17:59:56 2018
elapsed time: 25 seconds (0d 0h 0m 25s)

