#
# A fatal error has been detected by the Java Runtime Environment:
#
#  EXCEPTION_ACCESS_VIOLATION (0xc0000005) at pc=0x6c9f4da9, pid=5936, tid=0x000015d4
#
# JRE version: Java(TM) SE Runtime Environment (8.0_101-b13) (build 1.8.0_101-b13)
# Java VM: Java HotSpot(TM) Client VM (25.101-b13 mixed mode windows-x86 )
# Problematic frame:
# V  [jvm.dll+0x1b4da9]
#
# Failed to write core dump. Minidumps are not enabled by default on client versions of Windows
#
# If you would like to submit a bug report, please visit:
#   http://bugreport.java.com/bugreport/crash.jsp
#

---------------  T H R E A D  ---------------

Current thread (0x443ea800):  VMThread [stack: 0x446a0000,0x446f0000] [id=5588]

siginfo: ExceptionCode=0xc0000005, reading address 0x0000008b

Registers:
EAX=0x1956aac8, EBX=0x445bf87c, ECX=0x194db578, EDX=0x00000003
ESP=0x446ef2c0, EBP=0x446ef2d8, ESI=0x445bf878, EDI=0x6cba94cc
EIP=0x6c9f4da9, EFLAGS=0x00010206

Top of Stack: (sp=0x446ef2c0)
0x446ef2c0:   1956aac8 6cba94cc 445bf878 445bf87c
0x446ef2d0:   6cba94cc 445bf878 446ef2e4 6c9f4fac
0x446ef2e0:   00000003 446ef300 6c99883a 445bf878
0x446ef2f0:   445c8000 6cba94cc 00000000 445c2ec8
0x446ef300:   446ef4e8 6c9b9eef 6cba94cc 00000001
0x446ef310:   445c8000 00000000 00000000 00000000
0x446ef320:   00000000 446ef574 446ef39c 00000012
0x446ef330:   446ef560 6cba94f0 446ef5e4 ffffffff 

Instructions: (pc=0x6c9f4da9)
0x6c9f4d89:   23 f0 29 35 50 94 ba 6c a3 4c 94 ba 6c 8b c7 eb
0x6c9f4d99:   09 48 a3 4c 94 ba 6c 8b 04 81 8b 48 04 8b 11 50
0x6c9f4da9:   8b 82 88 00 00 00 ff d0 8b 0d 58 94 ba 6c 85 c9
0x6c9f4db9:   0f 85 51 ff ff ff a1 7c 94 ba 6c 85 c0 0f 84 b8 


Register to memory mapping:

EAX=0x1956aac8 is pointing into object: 0x1956aab0
com.android.dx.rop.code.Rop 
 - klass: 'com/android/dx/rop/code/Rop'
EBX=0x445bf87c is an unknown value
ECX=0x194db578 is an oop
com.android.dx.rop.type.StdTypeList 
 - klass: 'com/android/dx/rop/type/StdTypeList'
EDX=0x00000003 is an unknown value
ESP=0x446ef2c0 is an unknown value
EBP=0x446ef2d8 is an unknown value
ESI=0x445bf878 is an unknown value
EDI=0x6cba94cc is an unknown value


Stack: [0x446a0000,0x446f0000],  sp=0x446ef2c0,  free space=316k
Native frames: (J=compiled Java code, j=interpreted, Vv=VM code, C=native code)
V  [jvm.dll+0x1b4da9]
V  [jvm.dll+0x1b4fac]
V  [jvm.dll+0x15883a]
V  [jvm.dll+0x179eef]
V  [jvm.dll+0x1789ea]
V  [jvm.dll+0x97fb0]
V  [jvm.dll+0x992a1]
V  [jvm.dll+0x9b020]
V  [jvm.dll+0x9b489]
V  [jvm.dll+0x9a27f]
V  [jvm.dll+0xa64b2]
V  [jvm.dll+0x98e73]
V  [jvm.dll+0x92e25]
V  [jvm.dll+0x1b81c6]
V  [jvm.dll+0x18292b]
V  [jvm.dll+0x181d31]
V  [jvm.dll+0x182147]
V  [jvm.dll+0x182342]
V  [jvm.dll+0x1c1ed6]
C  [msvcr100.dll+0x5c556]
C  [msvcr100.dll+0x5c600]
C  [kernel32.dll+0x51174]
C  [ntdll.dll+0x5b3f5]
C  [ntdll.dll+0x5b3c8]

VM_Operation (0x44c6efe8): GenCollectForAllocation, mode: safepoint, requested by thread 0x445c4000


---------------  P R O C E S S  ---------------

Java Threads: ( => current thread )
  0x445c8000 JavaThread "pool-2-thread-4" [_thread_blocked, id=5448, stack(0x44bb0000,0x44c00000)]
  0x445c5400 JavaThread "pool-2-thread-3" [_thread_blocked, id=5468, stack(0x44cb0000,0x44d00000)]
  0x445c4000 JavaThread "pool-2-thread-2" [_thread_blocked, id=4152, stack(0x44c20000,0x44c70000)]
  0x44596c00 JavaThread "pool-3-thread-1" [_thread_blocked, id=4768, stack(0x44b50000,0x44ba0000)]
  0x4458f000 JavaThread "pool-2-thread-1" [_thread_blocked, id=2536, stack(0x449f0000,0x44a40000)]
  0x44455c00 JavaThread "Service Thread" daemon [_thread_blocked, id=4820, stack(0x44ac0000,0x44b10000)]
  0x4443a400 JavaThread "C1 CompilerThread0" daemon [_thread_blocked, id=4640, stack(0x44a70000,0x44ac0000)]
  0x44439000 JavaThread "Attach Listener" daemon [_thread_blocked, id=2740, stack(0x01850000,0x018a0000)]
  0x44436000 JavaThread "Signal Dispatcher" daemon [_thread_blocked, id=4712, stack(0x44890000,0x448e0000)]
  0x44416c00 JavaThread "Finalizer" daemon [_thread_blocked, id=3968, stack(0x447e0000,0x44830000)]
  0x443f0400 JavaThread "Reference Handler" daemon [_thread_blocked, id=2380, stack(0x44600000,0x44650000)]
  0x017ebc00 JavaThread "main" [_thread_blocked, id=3612, stack(0x018a0000,0x018f0000)]

Other Threads:
=>0x443ea800 VMThread [stack: 0x446a0000,0x446f0000] [id=5588]
  0x4443f000 WatcherThread [stack: 0x448e0000,0x44930000] [id=1684]

VM state:at safepoint (normal execution)

VM Mutex/Monitor currently owned by a thread:  ([mutex/lock_event])
[0x017ea230] Threads_lock - owner thread: 0x443ea800
[0x017ea640] Heap_lock - owner thread: 0x445c4000

Heap:
 def new generation   total 119296K, used 13248K [0x03c00000, 0x0bd70000, 0x19150000)
  eden space 106048K,   0% used [0x03c00000, 0x03c00000, 0x0a390000)
  from space 13248K, 100% used [0x0b080000, 0x0bd70000, 0x0bd70000)
  to   space 13248K,   0% used [0x0a390000, 0x0a390000, 0x0b080000)
 tenured generation   total 272712K, used 272603K [0x19150000, 0x29ba2000, 0x43c00000)
   the space 272712K,  99% used [0x19150000, 0x29b86cf8, 0x29b86e00, 0x29ba2000)
 Metaspace       used 3547K, capacity 3598K, committed 3648K, reserved 4480K

Card table byte_map: [0x43c00000,0x43e10000] byte_map_base: 0x43be2000

Polling page: 0x00290000

CodeCache: size=32768Kb used=3498Kb max_used=3498Kb free=29270Kb
 bounds [0x01bc0000, 0x01f30000, 0x03bc0000]
 total_blobs=1830 nmethods=1683 adapters=77
 compilation: enabled

Compilation events (10 events):
Event: 6.481 Thread 0x4443a400 1681             com.android.dx.cf.direct.StdAttributeFactory::runtimeInvisibleAnnotations (44 bytes)
Event: 6.481 Thread 0x4443a400 nmethod 1681 0x01f28108 code [0x01f28240, 0x01f28450]
Event: 6.482 Thread 0x4443a400 1682             com.android.dx.cf.attrib.AttRuntimeInvisibleAnnotations::<init> (9 bytes)
Event: 6.482 Thread 0x4443a400 nmethod 1682 0x01f28608 code [0x01f28710, 0x01f287ac]
Event: 6.547 Thread 0x4443a400 1683   !         com.android.dx.cf.code.ExecutionStack::change (116 bytes)
Event: 6.548 Thread 0x4443a400 nmethod 1683 0x01f28808 code [0x01f28a30, 0x01f29158]
Event: 6.551 Thread 0x4443a400 1684             com.android.dx.cf.direct.StdAttributeFactory::localVariableTypeTable (98 bytes)
Event: 6.552 Thread 0x4443a400 nmethod 1684 0x01f29948 code [0x01f29b00, 0x01f2a030]
Event: 6.552 Thread 0x4443a400 1685             com.android.dx.cf.attrib.AttLocalVariableTypeTable::<init> (8 bytes)
Event: 6.552 Thread 0x4443a400 nmethod 1685 0x01f2a708 code [0x01f2a810, 0x01f2a8ac]

GC Heap History (10 events):
Event: 5.377 GC heap after
Heap after GC invocations=85 (full 6):
 def new generation   total 119296K, used 13248K [0x03c00000, 0x0bd70000, 0x19150000)
  eden space 106048K,   0% used [0x03c00000, 0x03c00000, 0x0a390000)
  from space 13248K, 100% used [0x0a390000, 0x0b080000, 0x0b080000)
  to   space 13248K,   0% used [0x0b080000, 0x0b080000, 0x0bd70000)
 tenured generation   total 265032K, used 194409K [0x19150000, 0x29422000, 0x43c00000)
   the space 265032K,  73% used [0x19150000, 0x24f2a400, 0x24f2a400, 0x29422000)
 Metaspace       used 3546K, capacity 3598K, committed 3648K, reserved 4480K
}
Event: 5.548 GC heap before
{Heap before GC invocations=85 (full 6):
 def new generation   total 119296K, used 119296K [0x03c00000, 0x0bd70000, 0x19150000)
  eden space 106048K, 100% used [0x03c00000, 0x0a390000, 0x0a390000)
  from space 13248K, 100% used [0x0a390000, 0x0b080000, 0x0b080000)
  to   space 13248K,   0% used [0x0b080000, 0x0b080000, 0x0bd70000)
 tenured generation   total 265032K, used 194409K [0x19150000, 0x29422000, 0x43c00000)
   the space 265032K,  73% used [0x19150000, 0x24f2a400, 0x24f2a400, 0x29422000)
 Metaspace       used 3546K, capacity 3598K, committed 3648K, reserved 4480K
Event: 5.619 GC heap after
Heap after GC invocations=86 (full 6):
 def new generation   total 119296K, used 13248K [0x03c00000, 0x0bd70000, 0x19150000)
  eden space 106048K,   0% used [0x03c00000, 0x03c00000, 0x0a390000)
  from space 13248K, 100% used [0x0b080000, 0x0bd70000, 0x0bd70000)
  to   space 13248K,   0% used [0x0a390000, 0x0a390000, 0x0b080000)
 tenured generation   total 265032K, used 209983K [0x19150000, 0x29422000, 0x43c00000)
   the space 265032K,  79% used [0x19150000, 0x25e5fce8, 0x25e5fe00, 0x29422000)
 Metaspace       used 3546K, capacity 3598K, committed 3648K, reserved 4480K
}
Event: 5.813 GC heap before
{Heap before GC invocations=86 (full 6):
 def new generation   total 119296K, used 119296K [0x03c00000, 0x0bd70000, 0x19150000)
  eden space 106048K, 100% used [0x03c00000, 0x0a390000, 0x0a390000)
  from space 13248K, 100% used [0x0b080000, 0x0bd70000, 0x0bd70000)
  to   space 13248K,   0% used [0x0a390000, 0x0a390000, 0x0b080000)
 tenured generation   total 265032K, used 209983K [0x19150000, 0x29422000, 0x43c00000)
   the space 265032K,  79% used [0x19150000, 0x25e5fce8, 0x25e5fe00, 0x29422000)
 Metaspace       used 3547K, capacity 3598K, committed 3648K, reserved 4480K
Event: 5.887 GC heap after
Heap after GC invocations=87 (full 6):
 def new generation   total 119296K, used 13247K [0x03c00000, 0x0bd70000, 0x19150000)
  eden space 106048K,   0% used [0x03c00000, 0x03c00000, 0x0a390000)
  from space 13248K,  99% used [0x0a390000, 0x0b07fff8, 0x0b080000)
  to   space 13248K,   0% used [0x0b080000, 0x0b080000, 0x0bd70000)
 tenured generation   total 265032K, used 225534K [0x19150000, 0x29422000, 0x43c00000)
   the space 265032K,  85% used [0x19150000, 0x26d8fbc0, 0x26d8fc00, 0x29422000)
 Metaspace       used 3547K, capacity 3598K, committed 3648K, reserved 4480K
}
Event: 6.080 GC heap before
{Heap before GC invocations=87 (full 6):
 def new generation   total 119296K, used 119295K [0x03c00000, 0x0bd70000, 0x19150000)
  eden space 106048K, 100% used [0x03c00000, 0x0a390000, 0x0a390000)
  from space 13248K,  99% used [0x0a390000, 0x0b07fff8, 0x0b080000)
  to   space 13248K,   0% used [0x0b080000, 0x0b080000, 0x0bd70000)
 tenured generation   total 265032K, used 225534K [0x19150000, 0x29422000, 0x43c00000)
   the space 265032K,  85% used [0x19150000, 0x26d8fbc0, 0x26d8fc00, 0x29422000)
 Metaspace       used 3547K, capacity 3598K, committed 3648K, reserved 4480K
Event: 6.149 GC heap after
Heap after GC invocations=88 (full 6):
 def new generation   total 119296K, used 13248K [0x03c00000, 0x0bd70000, 0x19150000)
  eden space 106048K,   0% used [0x03c00000, 0x03c00000, 0x0a390000)
  from space 13248K, 100% used [0x0b080000, 0x0bd70000, 0x0bd70000)
  to   space 13248K,   0% used [0x0a390000, 0x0a390000, 0x0b080000)
 tenured generation   total 265032K, used 240407K [0x19150000, 0x29422000, 0x43c00000)
   the space 265032K,  90% used [0x19150000, 0x27c15df8, 0x27c15e00, 0x29422000)
 Metaspace       used 3547K, capacity 3598K, committed 3648K, reserved 4480K
}
Event: 6.331 GC heap before
{Heap before GC invocations=88 (full 6):
 def new generation   total 119296K, used 119296K [0x03c00000, 0x0bd70000, 0x19150000)
  eden space 106048K, 100% used [0x03c00000, 0x0a390000, 0x0a390000)
  from space 13248K, 100% used [0x0b080000, 0x0bd70000, 0x0bd70000)
  to   space 13248K,   0% used [0x0a390000, 0x0a390000, 0x0b080000)
 tenured generation   total 265032K, used 240407K [0x19150000, 0x29422000, 0x43c00000)
   the space 265032K,  90% used [0x19150000, 0x27c15df8, 0x27c15e00, 0x29422000)
 Metaspace       used 3547K, capacity 3598K, committed 3648K, reserved 4480K
Event: 6.422 GC heap after
Heap after GC invocations=89 (full 6):
 def new generation   total 119296K, used 13248K [0x03c00000, 0x0bd70000, 0x19150000)
  eden space 106048K,   0% used [0x03c00000, 0x03c00000, 0x0a390000)
  from space 13248K, 100% used [0x0a390000, 0x0b080000, 0x0b080000)
  to   space 13248K,   0% used [0x0b080000, 0x0b080000, 0x0bd70000)
 tenured generation   total 265032K, used 256950K [0x19150000, 0x29422000, 0x43c00000)
   the space 265032K,  96% used [0x19150000, 0x28c3d8c0, 0x28c3da00, 0x29422000)
 Metaspace       used 3547K, capacity 3598K, committed 3648K, reserved 4480K
}
Event: 6.606 GC heap before
{Heap before GC invocations=89 (full 6):
 def new generation   total 119296K, used 119296K [0x03c00000, 0x0bd70000, 0x19150000)
  eden space 106048K, 100% used [0x03c00000, 0x0a390000, 0x0a390000)
  from space 13248K, 100% used [0x0a390000, 0x0b080000, 0x0b080000)
  to   space 13248K,   0% used [0x0b080000, 0x0b080000, 0x0bd70000)
 tenured generation   total 265032K, used 256950K [0x19150000, 0x29422000, 0x43c00000)
   the space 265032K,  96% used [0x19150000, 0x28c3d8c0, 0x28c3da00, 0x29422000)
 Metaspace       used 3547K, capacity 3598K, committed 3648K, reserved 4480K

Deoptimization events (0 events):
No events

Internal exceptions (5 events):
Event: 0.023 Thread 0x017ebc00 Exception <a 'java/lang/NoSuchMethodError': Method sun.misc.Unsafe.defineClass(Ljava/lang/String;[BII)Ljava/lang/Class; name or signature does not match> (0x03c06ea8) thrown at [C:\re\workspace\8-2-build-windows-i586-cygwin\jdk8u101\7261\hotspot\src\share\÷<Ø·b—?
Event: 0.023 Thread 0x017ebc00 Exception <a 'java/lang/NoSuchMethodError': Method sun.misc.Unsafe.prefetchRead(Ljava/lang/Object;J)V name or signature does not match> (0x03c07178) thrown at [C:\re\workspace\8-2-build-windows-i586-cygwin\jdk8u101\7261\hotspot\src\share\vm\prims\jni.cpp, d /T?Ùì?
Event: 0.902 Thread 0x445c8000 Exception <a 'java/lang/ArrayIndexOutOfBoundsException': 18> (0x03ff7968) thrown at [C:\re\workspace\8-2-build-windows-i586-cygwin\jdk8u101\7261\hotspot\src\share\vm\interpreter\interpreterRuntime.cpp, line 366]
Event: 0.902 Thread 0x445c8000 Exception <a 'java/lang/ArrayIndexOutOfBoundsException': 145> (0x03ff9208) thrown at [C:\re\workspace\8-2-build-windows-i586-cygwin\jdk8u101\7261\hotspot\src\share\vm\interpreter\interpreterRuntime.cpp, line 366]
Event: 0.902 Thread 0x445c8000 Exception <a 'java/lang/ArrayIndexOutOfBoundsException': 40> (0x03ffa2e8) thrown at [C:\re\workspace\8-2-build-windows-i586-cygwin\jdk8u101\7261\hotspot\src\share\vm\interpreter\interpreterRuntime.cpp, line 366]

Events (10 events):
Event: 5.377 Executing VM operation: GenCollectForAllocation done
Event: 5.548 Executing VM operation: GenCollectForAllocation
Event: 5.619 Executing VM operation: GenCollectForAllocation done
Event: 5.813 Executing VM operation: GenCollectForAllocation
Event: 5.887 Executing VM operation: GenCollectForAllocation done
Event: 6.080 Executing VM operation: GenCollectForAllocation
Event: 6.150 Executing VM operation: GenCollectForAllocation done
Event: 6.331 Executing VM operation: GenCollectForAllocation
Event: 6.422 Executing VM operation: GenCollectForAllocation done
Event: 6.606 Executing VM operation: GenCollectForAllocation


Dynamic libraries:
0x009f0000 - 0x00a23000 	C:\Program Files\Java\jdk1.8.0_101\bin\java.exe
0x778a0000 - 0x779dc000 	C:\Windows\SYSTEM32\ntdll.dll
0x77410000 - 0x774e4000 	C:\Windows\system32\kernel32.dll
0x75ca0000 - 0x75cea000 	C:\Windows\system32\KERNELBASE.dll
0x76f00000 - 0x76fa0000 	C:\Windows\system32\ADVAPI32.dll
0x777f0000 - 0x7789c000 	C:\Windows\system32\msvcrt.dll
0x75d50000 - 0x75d69000 	C:\Windows\SYSTEM32\sechost.dll
0x770f0000 - 0x77191000 	C:\Windows\system32\RPCRT4.dll
0x76e30000 - 0x76ef9000 	C:\Windows\system32\USER32.dll
0x773c0000 - 0x7740e000 	C:\Windows\system32\GDI32.dll
0x77a40000 - 0x77a4a000 	C:\Windows\system32\LPK.dll
0x77750000 - 0x777ed000 	C:\Windows\system32\USP10.dll
0x74760000 - 0x748fe000 	C:\Windows\WinSxS\x86_microsoft.windows.common-controls_6595b64144ccf1df_6.0.7600.16385_none_421189da2b7fabfc\COMCTL32.dll
0x771a0000 - 0x771f7000 	C:\Windows\system32\SHLWAPI.dll
0x77a20000 - 0x77a3f000 	C:\Windows\system32\IMM32.DLL
0x769c0000 - 0x76a8c000 	C:\Windows\system32\MSCTF.dll
0x77cb0000 - 0x77d6f000 	C:\Program Files\Java\jdk1.8.0_101\jre\bin\msvcr100.dll
0x6c840000 - 0x6cc0c000 	C:\Program Files\Java\jdk1.8.0_101\jre\bin\client\jvm.dll
0x70f10000 - 0x70f17000 	C:\Windows\system32\WSOCK32.dll
0x75cf0000 - 0x75d25000 	C:\Windows\system32\WS2_32.dll
0x75d30000 - 0x75d36000 	C:\Windows\system32\NSI.dll
0x710d0000 - 0x71102000 	C:\Windows\system32\WINMM.dll
0x74ef0000 - 0x74ef9000 	C:\Windows\system32\VERSION.dll
0x75d40000 - 0x75d45000 	C:\Windows\system32\PSAPI.DLL
0x67480000 - 0x6748c000 	C:\Program Files\Java\jdk1.8.0_101\jre\bin\verify.dll
0x65930000 - 0x65951000 	C:\Program Files\Java\jdk1.8.0_101\jre\bin\java.dll
0x65910000 - 0x65923000 	C:\Program Files\Java\jdk1.8.0_101\jre\bin\zip.dll
0x75d70000 - 0x769b9000 	C:\Windows\system32\SHELL32.dll
0x77260000 - 0x773bc000 	C:\Windows\system32\ole32.dll
0x759f0000 - 0x759fb000 	C:\Windows\system32\profapi.dll
0x73750000 - 0x7383b000 	C:\Windows\system32\dbghelp.dll

VM Arguments:
jvm_args: -Djava.awt.headless=true -Xmx1024M -Dfile.encoding=windows-1252 -Duser.country=US -Duser.language=en -Duser.variant 
java_command: com.android.dx.command.Main --dex --num-threads=4 --multi-dex --main-dex-list E:\SandeepProjectResources\MobipugNew\Mobipug27.10.18\MobipugSource\app\build\intermediates\multi-dex\debug\maindexlist.txt --output E:\SandeepProjectResources\MobipugNew\Mobipug27.10.18\MobipugSource\app\build\intermediates\transforms\dex\debug\folders\1000\1f\main E:\SandeepProjectResources\MobipugNew\Mobipug27.10.18\MobipugSource\app\build\intermediates\transforms\jarMerging\debug\jars\1\1f\combined.jar
java_class_path (initial): C:\Users\android-4\AppData\Local\Android\Sdk\build-tools\26.0.2\lib\dx.jar
Launcher Type: SUN_STANDARD

Environment Variables:
PATH=C:\ProgramData\Oracle\Java\javapath;C:\Windows\system32;C:\Windows;C:\Windows\System32\Wbem;C:\Windows\System32\WindowsPowerShell\v1.0\;C:\Program Files\Intel\OpenCL SDK\2.0\bin\x86;C:\Program Files\Skype\Phone\
USERNAME=android-4
OS=Windows_NT
PROCESSOR_IDENTIFIER=x86 Family 6 Model 42 Stepping 7, GenuineIntel



---------------  S Y S T E M  ---------------

OS: Windows 7 Build 7600 (6.1.7600.16385)

CPU:total 4 (2 cores per cpu, 2 threads per core) family 6 model 42 stepping 7, cmov, cx8, fxsr, mmx, sse, sse2, sse3, ssse3, sse4.1, sse4.2, popcnt, clmul, ht, tsc, tscinvbit

Memory: 4k page, physical 3578328k(913768k free), swap 24056564k(20528568k free)

vm_info: Java HotSpot(TM) Client VM (25.101-b13) for windows-x86 JRE (1.8.0_101-b13), built on Jun 22 2016 00:45:44 by "java_re" with MS VC++ 10.0 (VS2010)

time: Sat Nov 17 10:39:35 2018
elapsed time: 6 seconds (0d 0h 0m 6s)

