#
# A fatal error has been detected by the Java Runtime Environment:
#
#  EXCEPTION_ACCESS_VIOLATION (0xc0000005) at pc=0x6cd84da9, pid=5476, tid=0x00001418
#
# JRE version: Java(TM) SE Runtime Environment (8.0_101-b13) (build 1.8.0_101-b13)
# Java VM: Java HotSpot(TM) Client VM (25.101-b13 mixed mode windows-x86 )
# Problematic frame:
# V  [jvm.dll+0x1b4da9]
#
# Failed to write core dump. Minidumps are not enabled by default on client versions of Windows
#
# If you would like to submit a bug report, please visit:
#   http://bugreport.java.com/bugreport/crash.jsp
#

---------------  T H R E A D  ---------------

Current thread (0x4448a800):  VMThread [stack: 0x01830000,0x01880000] [id=5144]

siginfo: ExceptionCode=0xc0000005, reading address 0x000000d6

Registers:
EAX=0x1ac3d0d8, EBX=0x4448b560, ECX=0x44318100, EDX=0x0000004e
ESP=0x0187ed20, EBP=0x0187ed38, ESI=0x4448b558, EDI=0x6cf394cc
EIP=0x6cd84da9, EFLAGS=0x00010206

Top of Stack: (sp=0x0187ed20)
0x0187ed20:   1ac3d0d8 6cf394cc 4448b558 4448b560
0x0187ed30:   6cf394cc 4448b558 0187ed44 6cd84fac
0x0187ed40:   00000003 0187ed60 6cd2883a 4448b558
0x0187ed50:   4463b400 6cf394cc 00000000 44607400
0x0187ed60:   0187ef48 6cd49eef 6cf394cc 00000002
0x0187ed70:   4463b400 00000000 00000000 00000000
0x0187ed80:   00000000 0187efd4 0187edfc 00000012
0x0187ed90:   0187efc0 6cf394f0 0187f044 ffffffff 

Instructions: (pc=0x6cd84da9)
0x6cd84d89:   23 f0 29 35 50 94 f3 6c a3 4c 94 f3 6c 8b c7 eb
0x6cd84d99:   09 48 a3 4c 94 f3 6c 8b 04 81 8b 48 04 8b 11 50
0x6cd84da9:   8b 82 88 00 00 00 ff d0 8b 0d 58 94 f3 6c 85 c9
0x6cd84db9:   0f 85 51 ff ff ff a1 7c 94 f3 6c 85 c0 0f 84 b8 


Register to memory mapping:

EAX=
[error occurred during error reporting (printing register info), id 0xc0000005]

Stack: [0x01830000,0x01880000],  sp=0x0187ed20,  free space=315k
Native frames: (J=compiled Java code, j=interpreted, Vv=VM code, C=native code)
V  [jvm.dll+0x1b4da9]
V  [jvm.dll+0x1b4fac]
V  [jvm.dll+0x15883a]
V  [jvm.dll+0x179eef]
V  [jvm.dll+0x1789ea]
V  [jvm.dll+0x97fb0]
V  [jvm.dll+0x992a1]
V  [jvm.dll+0x9b020]
V  [jvm.dll+0x9b489]
V  [jvm.dll+0x9a27f]
V  [jvm.dll+0xa64b2]
V  [jvm.dll+0x98e73]
V  [jvm.dll+0x92e25]
V  [jvm.dll+0x1b81c6]
V  [jvm.dll+0x18292b]
V  [jvm.dll+0x181d31]
V  [jvm.dll+0x182147]
V  [jvm.dll+0x182342]
V  [jvm.dll+0x1c1ed6]
C  [msvcr100.dll+0x5c556]
C  [msvcr100.dll+0x5c600]
C  [kernel32.dll+0x51174]
C  [ntdll.dll+0x5b3f5]
C  [ntdll.dll+0x5b3c8]

VM_Operation (0x44aded68): GenCollectForAllocation, mode: safepoint, requested by thread 0x4463d800


---------------  P R O C E S S  ---------------

Java Threads: ( => current thread )
  0x4463b400 JavaThread "pool-2-thread-4" [_thread_blocked, id=4356, stack(0x00670000,0x006c0000)]
  0x44638c00 JavaThread "pool-2-thread-3" [_thread_blocked, id=392, stack(0x44950000,0x449a0000)]
  0x4463d800 JavaThread "pool-2-thread-2" [_thread_blocked, id=5692, stack(0x44a90000,0x44ae0000)]
  0x4463d000 JavaThread "pool-3-thread-1" [_thread_blocked, id=5616, stack(0x447c0000,0x44810000)]
  0x44606c00 JavaThread "pool-2-thread-1" [_thread_blocked, id=3044, stack(0x449f0000,0x44a40000)]
  0x444d1c00 JavaThread "Service Thread" daemon [_thread_blocked, id=2020, stack(0x44770000,0x447c0000)]
  0x444dac00 JavaThread "C1 CompilerThread0" daemon [_thread_blocked, id=2808, stack(0x00a70000,0x00ac0000)]
  0x444da000 JavaThread "Attach Listener" daemon [_thread_blocked, id=3424, stack(0x44840000,0x44890000)]
  0x444d7000 JavaThread "Signal Dispatcher" daemon [_thread_blocked, id=2920, stack(0x01740000,0x01790000)]
  0x444b6c00 JavaThread "Finalizer" daemon [_thread_blocked, id=2268, stack(0x03da0000,0x03df0000)]
  0x44490400 JavaThread "Reference Handler" daemon [_thread_blocked, id=3824, stack(0x00a10000,0x00a60000)]
  0x018ebc00 JavaThread "main" [_thread_blocked, id=5544, stack(0x017c0000,0x01810000)]

Other Threads:
=>0x4448a800 VMThread [stack: 0x01830000,0x01880000] [id=5144]
  0x444e4000 WatcherThread [stack: 0x448b0000,0x44900000] [id=2312]

VM state:at safepoint (normal execution)

VM Mutex/Monitor currently owned by a thread:  ([mutex/lock_event])
[0x018ea1d0] Threads_lock - owner thread: 0x4448a800
[0x018ea5e0] Heap_lock - owner thread: 0x4463d800

Heap:
 def new generation   total 13760K, used 1472K [0x03e00000, 0x04ce0000, 0x19350000)
  eden space 12288K,   0% used [0x03e00000, 0x03e00000, 0x04a00000)
  from space 1472K, 100% used [0x04a00000, 0x04b70000, 0x04b70000)
  to   space 1472K,   0% used [0x04b70000, 0x04b70000, 0x04ce0000)
 tenured generation   total 32056K, used 31985K [0x19350000, 0x1b29e000, 0x43e00000)
   the space 32056K,  99% used [0x19350000, 0x1b28c490, 0x1b28c600, 0x1b29e000)
 Metaspace       used 3551K, capacity 3598K, committed 3648K, reserved 4480K

Card table byte_map: [0x43e00000,0x44010000] byte_map_base: 0x43de1000

Polling page: 0x00140000

CodeCache: size=32768Kb used=2847Kb max_used=2847Kb free=29920Kb
 bounds [0x01d90000, 0x02058000, 0x03d90000]
 total_blobs=1395 nmethods=1248 adapters=77
 compilation: enabled

Compilation events (10 events):
Event: 1.258 Thread 0x444dac00 1246             java.util.HashMap$EntryIterator::next (5 bytes)
Event: 1.259 Thread 0x444dac00 nmethod 1246 0x02057248 code [0x02057340, 0x020573cc]
Event: 1.259 Thread 0x444dac00 1247             java.util.HashMap$EntryIterator::next (5 bytes)
Event: 1.259 Thread 0x444dac00 nmethod 1247 0x02057448 code [0x02057540, 0x020575cc]
Event: 1.259 Thread 0x444dac00 1248             java.util.HashMap$Node::getValue (5 bytes)
Event: 1.259 Thread 0x444dac00 nmethod 1248 0x02057648 code [0x02057740, 0x020577c0]
Event: 1.262 Thread 0x444dac00 1249             com.android.dx.rop.annotation.Annotation::<init> (54 bytes)
Event: 1.262 Thread 0x444dac00 nmethod 1249 0x02057808 code [0x02057920, 0x02057b08]
Event: 1.263 Thread 0x444dac00 1250             com.android.dx.cf.code.LocalVariableList$Item::matchesAllButType (53 bytes)
Event: 1.263 Thread 0x444dac00 nmethod 1250 0x02057c08 code [0x02057d10, 0x02057e4c]

GC Heap History (10 events):
Event: 1.071 GC heap after
Heap after GC invocations=30 (full 2):
 def new generation   total 13760K, used 1471K [0x03e00000, 0x04ce0000, 0x19350000)
  eden space 12288K,   0% used [0x03e00000, 0x03e00000, 0x04a00000)
  from space 1472K,  99% used [0x04b70000, 0x04cdfff8, 0x04ce0000)
  to   space 1472K,   0% used [0x04a00000, 0x04a00000, 0x04b70000)
 tenured generation   total 30392K, used 22097K [0x19350000, 0x1b0fe000, 0x43e00000)
   the space 30392K,  72% used [0x19350000, 0x1a8e4430, 0x1a8e4600, 0x1b0fe000)
 Metaspace       used 3547K, capacity 3598K, committed 3648K, reserved 4480K
}
Event: 1.104 GC heap before
{Heap before GC invocations=30 (full 2):
 def new generation   total 13760K, used 13759K [0x03e00000, 0x04ce0000, 0x19350000)
  eden space 12288K, 100% used [0x03e00000, 0x04a00000, 0x04a00000)
  from space 1472K,  99% used [0x04b70000, 0x04cdfff8, 0x04ce0000)
  to   space 1472K,   0% used [0x04a00000, 0x04a00000, 0x04b70000)
 tenured generation   total 30392K, used 22097K [0x19350000, 0x1b0fe000, 0x43e00000)
   the space 30392K,  72% used [0x19350000, 0x1a8e4430, 0x1a8e4600, 0x1b0fe000)
 Metaspace       used 3547K, capacity 3598K, committed 3648K, reserved 4480K
Event: 1.114 GC heap after
Heap after GC invocations=31 (full 2):
 def new generation   total 13760K, used 1471K [0x03e00000, 0x04ce0000, 0x19350000)
  eden space 12288K,   0% used [0x03e00000, 0x03e00000, 0x04a00000)
  from space 1472K,  99% used [0x04a00000, 0x04b6fff8, 0x04b70000)
  to   space 1472K,   0% used [0x04b70000, 0x04b70000, 0x04ce0000)
 tenured generation   total 30392K, used 24148K [0x19350000, 0x1b0fe000, 0x43e00000)
   the space 30392K,  79% used [0x19350000, 0x1aae53f0, 0x1aae5400, 0x1b0fe000)
 Metaspace       used 3547K, capacity 3598K, committed 3648K, reserved 4480K
}
Event: 1.137 GC heap before
{Heap before GC invocations=31 (full 2):
 def new generation   total 13760K, used 13759K [0x03e00000, 0x04ce0000, 0x19350000)
  eden space 12288K, 100% used [0x03e00000, 0x04a00000, 0x04a00000)
  from space 1472K,  99% used [0x04a00000, 0x04b6fff8, 0x04b70000)
  to   space 1472K,   0% used [0x04b70000, 0x04b70000, 0x04ce0000)
 tenured generation   total 30392K, used 24148K [0x19350000, 0x1b0fe000, 0x43e00000)
   the space 30392K,  79% used [0x19350000, 0x1aae53f0, 0x1aae5400, 0x1b0fe000)
 Metaspace       used 3547K, capacity 3598K, committed 3648K, reserved 4480K
Event: 1.149 GC heap after
Heap after GC invocations=32 (full 2):
 def new generation   total 13760K, used 1472K [0x03e00000, 0x04ce0000, 0x19350000)
  eden space 12288K,   0% used [0x03e00000, 0x03e00000, 0x04a00000)
  from space 1472K, 100% used [0x04b70000, 0x04ce0000, 0x04ce0000)
  to   space 1472K,   0% used [0x04a00000, 0x04a00000, 0x04b70000)
 tenured generation   total 30392K, used 26024K [0x19350000, 0x1b0fe000, 0x43e00000)
   the space 30392K,  85% used [0x19350000, 0x1acba240, 0x1acba400, 0x1b0fe000)
 Metaspace       used 3547K, capacity 3598K, committed 3648K, reserved 4480K
}
Event: 1.185 GC heap before
{Heap before GC invocations=32 (full 2):
 def new generation   total 13760K, used 13760K [0x03e00000, 0x04ce0000, 0x19350000)
  eden space 12288K, 100% used [0x03e00000, 0x04a00000, 0x04a00000)
  from space 1472K, 100% used [0x04b70000, 0x04ce0000, 0x04ce0000)
  to   space 1472K,   0% used [0x04a00000, 0x04a00000, 0x04b70000)
 tenured generation   total 30392K, used 26024K [0x19350000, 0x1b0fe000, 0x43e00000)
   the space 30392K,  85% used [0x19350000, 0x1acba240, 0x1acba400, 0x1b0fe000)
 Metaspace       used 3547K, capacity 3598K, committed 3648K, reserved 4480K
Event: 1.198 GC heap after
Heap after GC invocations=33 (full 2):
 def new generation   total 13760K, used 1471K [0x03e00000, 0x04ce0000, 0x19350000)
  eden space 12288K,   0% used [0x03e00000, 0x03e00000, 0x04a00000)
  from space 1472K,  99% used [0x04a00000, 0x04b6fff8, 0x04b70000)
  to   space 1472K,   0% used [0x04b70000, 0x04b70000, 0x04ce0000)
 tenured generation   total 30392K, used 27912K [0x19350000, 0x1b0fe000, 0x43e00000)
   the space 30392K,  91% used [0x19350000, 0x1ae92318, 0x1ae92400, 0x1b0fe000)
 Metaspace       used 3547K, capacity 3598K, committed 3648K, reserved 4480K
}
Event: 1.226 GC heap before
{Heap before GC invocations=33 (full 2):
 def new generation   total 13760K, used 13759K [0x03e00000, 0x04ce0000, 0x19350000)
  eden space 12288K, 100% used [0x03e00000, 0x04a00000, 0x04a00000)
  from space 1472K,  99% used [0x04a00000, 0x04b6fff8, 0x04b70000)
  to   space 1472K,   0% used [0x04b70000, 0x04b70000, 0x04ce0000)
 tenured generation   total 30392K, used 27912K [0x19350000, 0x1b0fe000, 0x43e00000)
   the space 30392K,  91% used [0x19350000, 0x1ae92318, 0x1ae92400, 0x1b0fe000)
 Metaspace       used 3547K, capacity 3598K, committed 3648K, reserved 4480K
Event: 1.239 GC heap after
Heap after GC invocations=34 (full 2):
 def new generation   total 13760K, used 1472K [0x03e00000, 0x04ce0000, 0x19350000)
  eden space 12288K,   0% used [0x03e00000, 0x03e00000, 0x04a00000)
  from space 1472K, 100% used [0x04b70000, 0x04ce0000, 0x04ce0000)
  to   space 1472K,   0% used [0x04a00000, 0x04a00000, 0x04b70000)
 tenured generation   total 30392K, used 30063K [0x19350000, 0x1b0fe000, 0x43e00000)
   the space 30392K,  98% used [0x19350000, 0x1b0abdd0, 0x1b0abe00, 0x1b0fe000)
 Metaspace       used 3547K, capacity 3598K, committed 3648K, reserved 4480K
}
Event: 1.275 GC heap before
{Heap before GC invocations=34 (full 2):
 def new generation   total 13760K, used 13760K [0x03e00000, 0x04ce0000, 0x19350000)
  eden space 12288K, 100% used [0x03e00000, 0x04a00000, 0x04a00000)
  from space 1472K, 100% used [0x04b70000, 0x04ce0000, 0x04ce0000)
  to   space 1472K,   0% used [0x04a00000, 0x04a00000, 0x04b70000)
 tenured generation   total 30392K, used 30063K [0x19350000, 0x1b0fe000, 0x43e00000)
   the space 30392K,  98% used [0x19350000, 0x1b0abdd0, 0x1b0abe00, 0x1b0fe000)
 Metaspace       used 3551K, capacity 3598K, committed 3648K, reserved 4480K

Deoptimization events (0 events):
No events

Internal exceptions (5 events):
Event: 0.028 Thread 0x018ebc00 Exception <a 'java/lang/NoSuchMethodError': Method sun.misc.Unsafe.defineClass(Ljava/lang/String;[BII)Ljava/lang/Class; name or signature does not match> (0x03e06ea8) thrown at [C:\re\workspace\8-2-build-windows-i586-cygwin\jdk8u101\7261\hotspot\src\share\å‘Æ–œ?
Event: 0.028 Thread 0x018ebc00 Exception <a 'java/lang/NoSuchMethodError': Method sun.misc.Unsafe.prefetchRead(Ljava/lang/Object;J)V name or signature does not match> (0x03e07178) thrown at [C:\re\workspace\8-2-build-windows-i586-cygwin\jdk8u101\7261\hotspot\src\share\vm\prims\jni.cpp, ¯ú*ë?
Event: 0.847 Thread 0x44638c00 Exception <a 'java/lang/ArrayIndexOutOfBoundsException': 18> (0x043b6a20) thrown at [C:\re\workspace\8-2-build-windows-i586-cygwin\jdk8u101\7261\hotspot\src\share\vm\interpreter\interpreterRuntime.cpp, line 366]
Event: 0.847 Thread 0x44638c00 Exception <a 'java/lang/ArrayIndexOutOfBoundsException': 145> (0x043b82c0) thrown at [C:\re\workspace\8-2-build-windows-i586-cygwin\jdk8u101\7261\hotspot\src\share\vm\interpreter\interpreterRuntime.cpp, line 366]
Event: 0.848 Thread 0x44638c00 Exception <a 'java/lang/ArrayIndexOutOfBoundsException': 40> (0x043b93a0) thrown at [C:\re\workspace\8-2-build-windows-i586-cygwin\jdk8u101\7261\hotspot\src\share\vm\interpreter\interpreterRuntime.cpp, line 366]

Events (10 events):
Event: 1.114 Executing VM operation: GenCollectForAllocation done
Event: 1.137 Executing VM operation: GenCollectForAllocation
Event: 1.149 Executing VM operation: GenCollectForAllocation done
Event: 1.185 Executing VM operation: GenCollectForAllocation
Event: 1.198 Executing VM operation: GenCollectForAllocation done
Event: 1.226 Executing VM operation: GenCollectForAllocation
Event: 1.239 Executing VM operation: GenCollectForAllocation done
Event: 1.261 loading class com/android/dx/rop/code/RegOps
Event: 1.261 loading class com/android/dx/rop/code/RegOps done
Event: 1.275 Executing VM operation: GenCollectForAllocation


Dynamic libraries:
0x00b00000 - 0x00b33000 	C:\Program Files\Java\jdk1.8.0_101\bin\java.exe
0x77920000 - 0x77a5c000 	C:\Windows\SYSTEM32\ntdll.dll
0x774a0000 - 0x77574000 	C:\Windows\system32\kernel32.dll
0x75cd0000 - 0x75d1a000 	C:\Windows\system32\KERNELBASE.dll
0x77400000 - 0x774a0000 	C:\Windows\system32\ADVAPI32.dll
0x75d80000 - 0x75e2c000 	C:\Windows\system32\msvcrt.dll
0x764c0000 - 0x764d9000 	C:\Windows\SYSTEM32\sechost.dll
0x75f00000 - 0x75fa1000 	C:\Windows\system32\RPCRT4.dll
0x77330000 - 0x773f9000 	C:\Windows\system32\USER32.dll
0x765f0000 - 0x7663e000 	C:\Windows\system32\GDI32.dll
0x75fb0000 - 0x75fba000 	C:\Windows\system32\LPK.dll
0x76640000 - 0x766dd000 	C:\Windows\system32\USP10.dll
0x74730000 - 0x748ce000 	C:\Windows\WinSxS\x86_microsoft.windows.common-controls_6595b64144ccf1df_6.0.7600.16385_none_421189da2b7fabfc\COMCTL32.dll
0x76590000 - 0x765e7000 	C:\Windows\system32\SHLWAPI.dll
0x77a60000 - 0x77a7f000 	C:\Windows\system32\IMM32.DLL
0x75fc0000 - 0x7608c000 	C:\Windows\system32\MSCTF.dll
0x508e0000 - 0x5099f000 	C:\Program Files\Java\jdk1.8.0_101\jre\bin\msvcr100.dll
0x6cbd0000 - 0x6cf9c000 	C:\Program Files\Java\jdk1.8.0_101\jre\bin\client\jvm.dll
0x71060000 - 0x71067000 	C:\Windows\system32\WSOCK32.dll
0x77a80000 - 0x77ab5000 	C:\Windows\system32\WS2_32.dll
0x75ef0000 - 0x75ef6000 	C:\Windows\system32\NSI.dll
0x70f00000 - 0x70f32000 	C:\Windows\system32\WINMM.dll
0x74f70000 - 0x74f79000 	C:\Windows\system32\VERSION.dll
0x75d70000 - 0x75d75000 	C:\Windows\system32\PSAPI.DLL
0x6c640000 - 0x6c64c000 	C:\Program Files\Java\jdk1.8.0_101\jre\bin\verify.dll
0x63370000 - 0x63391000 	C:\Program Files\Java\jdk1.8.0_101\jre\bin\java.dll
0x6c620000 - 0x6c633000 	C:\Program Files\Java\jdk1.8.0_101\jre\bin\zip.dll
0x766e0000 - 0x77329000 	C:\Windows\system32\SHELL32.dll
0x76120000 - 0x7627c000 	C:\Windows\system32\ole32.dll
0x75a70000 - 0x75a7b000 	C:\Windows\system32\profapi.dll
0x73870000 - 0x7395b000 	C:\Windows\system32\dbghelp.dll

VM Arguments:
jvm_args: -Djava.awt.headless=true -Xmx1024M -Dfile.encoding=windows-1252 -Duser.country=US -Duser.language=en -Duser.variant 
java_command: com.android.dx.command.Main --dex --num-threads=4 --multi-dex --main-dex-list E:\SandeepProjectResources\MobipugNew\MobipugSource\app\build\intermediates\multi-dex\debug\maindexlist.txt --output E:\SandeepProjectResources\MobipugNew\MobipugSource\app\build\intermediates\transforms\dex\debug\folders\1000\1f\main E:\SandeepProjectResources\MobipugNew\MobipugSource\app\build\intermediates\transforms\jarMerging\debug\jars\1\1f\combined.jar
java_class_path (initial): C:\Users\android-4\AppData\Local\Android\Sdk\build-tools\26.0.2\lib\dx.jar
Launcher Type: SUN_STANDARD

Environment Variables:
PATH=C:\ProgramData\Oracle\Java\javapath;C:\Windows\system32;C:\Windows;C:\Windows\System32\Wbem;C:\Windows\System32\WindowsPowerShell\v1.0\;C:\Program Files\Intel\OpenCL SDK\2.0\bin\x86;C:\Program Files\Skype\Phone\
USERNAME=android-4
OS=Windows_NT
PROCESSOR_IDENTIFIER=x86 Family 6 Model 42 Stepping 7, GenuineIntel



---------------  S Y S T E M  ---------------

OS: Windows 7 Build 7600 (6.1.7600.16385)

CPU:total 4 (2 cores per cpu, 2 threads per core) family 6 model 42 stepping 7, cmov, cx8, fxsr, mmx, sse, sse2, sse3, ssse3, sse4.1, sse4.2, popcnt, clmul, ht, tsc, tscinvbit

Memory: 4k page, physical 3578328k(625360k free), swap 24056564k(20220924k free)

vm_info: Java HotSpot(TM) Client VM (25.101-b13) for windows-x86 JRE (1.8.0_101-b13), built on Jun 22 2016 00:45:44 by "java_re" with MS VC++ 10.0 (VS2010)

time: Fri Oct 26 11:56:40 2018
elapsed time: 1 seconds (0d 0h 0m 1s)

