#
# A fatal error has been detected by the Java Runtime Environment:
#
#  EXCEPTION_ACCESS_VIOLATION (0xc0000005) at pc=0x0176e088, pid=5884, tid=0x000009f4
#
# JRE version: Java(TM) SE Runtime Environment (8.0_101-b13) (build 1.8.0_101-b13)
# Java VM: Java HotSpot(TM) Client VM (25.101-b13 mixed mode windows-x86 )
# Problematic frame:
# C  0x0176e088
#
# Failed to write core dump. Minidumps are not enabled by default on client versions of Windows
#
# If you would like to submit a bug report, please visit:
#   http://bugreport.java.com/bugreport/crash.jsp
#

---------------  T H R E A D  ---------------

Current thread (0x443ea800):  VMThread [stack: 0x445f0000,0x44640000] [id=2548]

siginfo: ExceptionCode=0xc0000005, ExceptionInformation=0x00000008 0x0176e088

Registers:
EAX=0x43feb748, EBX=0x4463f0d4, ECX=0x43fedb08, EDX=0x0176e088
ESP=0x4463f080, EBP=0x4463f0b0, ESI=0x188fef70, EDI=0x188ff0d8
EIP=0x0176e088, EFLAGS=0x00010246

Top of Stack: (sp=0x4463f080)
0x4463f080:   6c8e5a7e 188ff0d8 01752af8 4463f0d4
0x4463f090:   00000001 01752af8 1914fff8 188fef00
0x4463f0a0:   188fef70 16f30000 00000000 07607e80
0x4463f0b0:   4463f0c4 6c8d9ba2 4463f0d4 0174f210
0x4463f0c0:   0174f210 4463f0e0 6c8d85bd 4463f0d4
0x4463f0d0:   0174f210 01751c88 01752660 14d10000
0x4463f0e0:   4463f1cc 6c8db4be 443d8518 017c3230
0x4463f0f0:   01754050 6cb1b934 00000100 017c3230 

Instructions: (pc=0x0176e088)
0x0176e068:   14 00 ff ff 1d ea bf 4c 6e 6f 6e 53 79 6e 63 43
0x0176e078:   6f 6e 74 65 6e 74 45 71 75 61 6c 73 00 00 00 00
0x0176e088:   04 00 ff ff 48 3d a3 4b 6e 75 6c 6c 00 00 00 00
0x0176e098:   12 00 ff ff c3 68 0c 4a 6f 66 66 73 65 74 42 79 


Register to memory mapping:

EAX=0x43feb748 is pointing into metadata
EBX=0x4463f0d4 is an unknown value
ECX=0x43fedb08 is pointing into metadata
EDX=0x0176e088 is an unknown value
ESP=0x4463f080 is an unknown value
EBP=0x4463f0b0 is an unknown value
ESI=
[error occurred during error reporting (printing register info), id 0xc0000005]

Stack: [0x445f0000,0x44640000],  sp=0x4463f080,  free space=316k
Native frames: (J=compiled Java code, j=interpreted, Vv=VM code, C=native code)
C  0x0176e088
V  [jvm.dll+0x99ba2]
V  [jvm.dll+0x985bd]
V  [jvm.dll+0x9b4be]
V  [jvm.dll+0x9a27f]
V  [jvm.dll+0xa64b2]
V  [jvm.dll+0x98e73]
V  [jvm.dll+0x92e25]
V  [jvm.dll+0x1b81c6]
V  [jvm.dll+0x18292b]
V  [jvm.dll+0x181d31]
V  [jvm.dll+0x182147]
V  [jvm.dll+0x182342]
V  [jvm.dll+0x1c1ed6]
C  [msvcr100.dll+0x5c556]
C  [msvcr100.dll+0x5c600]
C  [kernel32.dll+0x51174]
C  [ntdll.dll+0x5b3f5]
C  [ntdll.dll+0x5b3c8]

VM_Operation (0x446ee988): GenCollectForAllocation, mode: safepoint, requested by thread 0x44595000


---------------  P R O C E S S  ---------------

Java Threads: ( => current thread )
  0x44dd2800 JavaThread "pool-1-thread-1" [_thread_blocked, id=2224, stack(0x446f0000,0x44740000)]
  0x445cf800 JavaThread "pool-2-thread-4" [_thread_blocked, id=4756, stack(0x004c0000,0x00510000)]
  0x445c2400 JavaThread "pool-2-thread-3" [_thread_blocked, id=5580, stack(0x44bf0000,0x44c40000)]
  0x445c5000 JavaThread "pool-2-thread-2" [_thread_blocked, id=5476, stack(0x449f0000,0x44a40000)]
  0x445c4800 JavaThread "pool-3-thread-1" [_thread_blocked, id=4064, stack(0x44a60000,0x44ab0000)]
  0x44595000 JavaThread "pool-2-thread-1" [_thread_blocked, id=6076, stack(0x446a0000,0x446f0000)]
  0x4444c000 JavaThread "Service Thread" daemon [_thread_blocked, id=3780, stack(0x44900000,0x44950000)]
  0x4443a000 JavaThread "C1 CompilerThread0" daemon [_thread_blocked, id=4780, stack(0x44960000,0x449b0000)]
  0x44439000 JavaThread "Attach Listener" daemon [_thread_blocked, id=2280, stack(0x44820000,0x44870000)]
  0x44436000 JavaThread "Signal Dispatcher" daemon [_thread_blocked, id=3476, stack(0x44870000,0x448c0000)]
  0x44416c00 JavaThread "Finalizer" daemon [_thread_blocked, id=3936, stack(0x447b0000,0x44800000)]
  0x443f0400 JavaThread "Reference Handler" daemon [_thread_blocked, id=3212, stack(0x44750000,0x447a0000)]
  0x0090bc00 JavaThread "main" [_thread_blocked, id=5796, stack(0x00940000,0x00990000)]

Other Threads:
=>0x443ea800 VMThread [stack: 0x445f0000,0x44640000] [id=2548]
  0x44454c00 WatcherThread [stack: 0x008a0000,0x008f0000] [id=2632]

VM state:at safepoint (normal execution)

VM Mutex/Monitor currently owned by a thread:  ([mutex/lock_event])
[0x0090a230] Threads_lock - owner thread: 0x443ea800
[0x0090a640] Heap_lock - owner thread: 0x44595000

Heap:
 def new generation   total 314560K, used 314559K [0x03c00000, 0x19150000, 0x19150000)
  eden space 279616K, 100% used [0x03c00000, 0x14d10000, 0x14d10000)
  from space 34944K,  99% used [0x16f30000, 0x1914fff8, 0x19150000)
  to   space 34944K,   0% used [0x14d10000, 0x14d10000, 0x16f30000)
 tenured generation   total 699072K, used 699071K [0x19150000, 0x43c00000, 0x43c00000)
   the space 699072K,  99% used [0x19150000, 0x43bffff8, 0x43c00000, 0x43c00000)
 Metaspace       used 3577K, capacity 3598K, committed 3648K, reserved 4480K

Card table byte_map: [0x43c00000,0x43e10000] byte_map_base: 0x43be2000

Polling page: 0x00470000

CodeCache: size=32768Kb used=3749Kb max_used=3749Kb free=29018Kb
 bounds [0x01c00000, 0x01fb0000, 0x03c00000]
 total_blobs=1966 nmethods=1819 adapters=77
 compilation: enabled

Compilation events (10 events):
Event: 33.961 Thread 0x4443a000 1831             java.util.HashMap$KeySet::iterator (12 bytes)
Event: 33.961 Thread 0x4443a000 nmethod 1831 0x01fa8688 code [0x01fa8790, 0x01fa887c]
Event: 33.961 Thread 0x4443a000 1832             java.util.HashMap$KeyIterator::<init> (11 bytes)
Event: 33.961 Thread 0x4443a000 nmethod 1832 0x01fa8908 code [0x01fa8a00, 0x01fa8a9c]
Event: 33.961 Thread 0x4443a000 1833             com.android.dx.dex.file.DebugInfoItem::<init> (36 bytes)
Event: 33.961 Thread 0x4443a000 nmethod 1833 0x01fa8b08 code [0x01fa8c20, 0x01fa8d68]
Event: 33.984 Thread 0x4443a000 1834             com.android.dx.dex.code.StdCatchBuilder::getCatchTypes (97 bytes)
Event: 33.985 Thread 0x4443a000 nmethod 1834 0x01fa8e08 code [0x01fa8f90, 0x01fa9264]
Event: 34.148 Thread 0x4443a000 1835 %           com.android.dx.dex.file.MixedItemSection::prepare0 @ 23 (57 bytes)
Event: 34.148 Thread 0x4443a000 nmethod 1835% 0x01fa9748 code [0x01fa9880, 0x01fa9ad4]

GC Heap History (10 events):
Event: 23.110 GC heap after
Heap after GC invocations=106 (full 9):
 def new generation   total 314560K, used 34943K [0x03c00000, 0x19150000, 0x19150000)
  eden space 279616K,   0% used [0x03c00000, 0x03c00000, 0x14d10000)
  from space 34944K,  99% used [0x16f30000, 0x1914fff8, 0x19150000)
  to   space 34944K,   0% used [0x14d10000, 0x14d10000, 0x16f30000)
 tenured generation   total 699072K, used 693598K [0x19150000, 0x43c00000, 0x43c00000)
   the space 699072K,  99% used [0x19150000, 0x436a7bb8, 0x436a7c00, 0x43c00000)
 Metaspace       used 3549K, capacity 3598K, committed 3648K, reserved 4480K
}
Event: 24.481 GC heap before
{Heap before GC invocations=106 (full 9):
 def new generation   total 314560K, used 314559K [0x03c00000, 0x19150000, 0x19150000)
  eden space 279616K, 100% used [0x03c00000, 0x14d10000, 0x14d10000)
  from space 34944K,  99% used [0x16f30000, 0x1914fff8, 0x19150000)
  to   space 34944K,   0% used [0x14d10000, 0x14d10000, 0x16f30000)
 tenured generation   total 699072K, used 693598K [0x19150000, 0x43c00000, 0x43c00000)
   the space 699072K,  99% used [0x19150000, 0x436a7bb8, 0x436a7c00, 0x43c00000)
 Metaspace       used 3549K, capacity 3598K, committed 3648K, reserved 4480K
Event: 25.972 GC heap after
Heap after GC invocations=107 (full 10):
 def new generation   total 314560K, used 17882K [0x03c00000, 0x19150000, 0x19150000)
  eden space 279616K,   6% used [0x03c00000, 0x04d76a28, 0x14d10000)
  from space 34944K,   0% used [0x16f30000, 0x16f30000, 0x19150000)
  to   space 34944K,   0% used [0x14d10000, 0x14d10000, 0x16f30000)
 tenured generation   total 699072K, used 699070K [0x19150000, 0x43c00000, 0x43c00000)
   the space 699072K,  99% used [0x19150000, 0x43bffb30, 0x43bffc00, 0x43c00000)
 Metaspace       used 3549K, capacity 3598K, committed 3648K, reserved 4480K
}
Event: 27.149 GC heap before
{Heap before GC invocations=107 (full 10):
 def new generation   total 314560K, used 314559K [0x03c00000, 0x19150000, 0x19150000)
  eden space 279616K, 100% used [0x03c00000, 0x14d10000, 0x14d10000)
  from space 34944K,  99% used [0x16f30000, 0x1914fff8, 0x19150000)
  to   space 34944K,   0% used [0x14d10000, 0x14d10000, 0x16f30000)
 tenured generation   total 699072K, used 699072K [0x19150000, 0x43c00000, 0x43c00000)
   the space 699072K, 100% used [0x19150000, 0x43c00000, 0x43c00000, 0x43c00000)
 Metaspace       used 3549K, capacity 3598K, committed 3648K, reserved 4480K
Event: 28.695 GC heap after
Heap after GC invocations=108 (full 11):
 def new generation   total 314560K, used 0K [0x03c00000, 0x19150000, 0x19150000)
  eden space 279616K,   0% used [0x03c00000, 0x03c00000, 0x14d10000)
  from space 34944K,   0% used [0x16f30000, 0x16f30000, 0x19150000)
  to   space 34944K,   0% used [0x14d10000, 0x14d10000, 0x16f30000)
 tenured generation   total 699072K, used 679080K [0x19150000, 0x43c00000, 0x43c00000)
   the space 699072K,  97% used [0x19150000, 0x4287a0d0, 0x4287a200, 0x43c00000)
 Metaspace       used 3549K, capacity 3598K, committed 3648K, reserved 4480K
}
Event: 29.168 GC heap before
{Heap before GC invocations=108 (full 11):
 def new generation   total 314560K, used 279616K [0x03c00000, 0x19150000, 0x19150000)
  eden space 279616K, 100% used [0x03c00000, 0x14d10000, 0x14d10000)
  from space 34944K,   0% used [0x16f30000, 0x16f30000, 0x19150000)
  to   space 34944K,   0% used [0x14d10000, 0x14d10000, 0x16f30000)
 tenured generation   total 699072K, used 679080K [0x19150000, 0x43c00000, 0x43c00000)
   the space 699072K,  97% used [0x19150000, 0x4287a0d0, 0x4287a200, 0x43c00000)
 Metaspace       used 3549K, capacity 3598K, committed 3648K, reserved 4480K
Event: 31.203 GC heap after
Heap after GC invocations=109 (full 12):
 def new generation   total 314560K, used 0K [0x03c00000, 0x19150000, 0x19150000)
  eden space 279616K,   0% used [0x03c00000, 0x03c00000, 0x14d10000)
  from space 34944K,   0% used [0x16f30000, 0x16f30000, 0x19150000)
  to   space 34944K,   0% used [0x14d10000, 0x14d10000, 0x16f30000)
 tenured generation   total 699072K, used 682145K [0x19150000, 0x43c00000, 0x43c00000)
   the space 699072K,  97% used [0x19150000, 0x42b78470, 0x42b78600, 0x43c00000)
 Metaspace       used 3549K, capacity 3598K, committed 3648K, reserved 4480K
}
Event: 31.778 GC heap before
{Heap before GC invocations=109 (full 12):
 def new generation   total 314560K, used 279616K [0x03c00000, 0x19150000, 0x19150000)
  eden space 279616K, 100% used [0x03c00000, 0x14d10000, 0x14d10000)
  from space 34944K,   0% used [0x16f30000, 0x16f30000, 0x19150000)
  to   space 34944K,   0% used [0x14d10000, 0x14d10000, 0x16f30000)
 tenured generation   total 699072K, used 682145K [0x19150000, 0x43c00000, 0x43c00000)
   the space 699072K,  97% used [0x19150000, 0x42b78470, 0x42b78600, 0x43c00000)
 Metaspace       used 3567K, capacity 3598K, committed 3648K, reserved 4480K
Event: 33.503 GC heap after
Heap after GC invocations=110 (full 13):
 def new generation   total 314560K, used 23661K [0x03c00000, 0x19150000, 0x19150000)
  eden space 279616K,   8% used [0x03c00000, 0x0531b600, 0x14d10000)
  from space 34944K,   0% used [0x16f30000, 0x16f30000, 0x19150000)
  to   space 34944K,   0% used [0x14d10000, 0x14d10000, 0x16f30000)
 tenured generation   total 699072K, used 699071K [0x19150000, 0x43c00000, 0x43c00000)
   the space 699072K,  99% used [0x19150000, 0x43bfffd8, 0x43c00000, 0x43c00000)
 Metaspace       used 3567K, capacity 3598K, committed 3648K, reserved 4480K
}
Event: 34.351 GC heap before
{Heap before GC invocations=110 (full 13):
 def new generation   total 314560K, used 314559K [0x03c00000, 0x19150000, 0x19150000)
  eden space 279616K, 100% used [0x03c00000, 0x14d10000, 0x14d10000)
  from space 34944K,  99% used [0x16f30000, 0x1914fff8, 0x19150000)
  to   space 34944K,   0% used [0x14d10000, 0x14d10000, 0x16f30000)
 tenured generation   total 699072K, used 699071K [0x19150000, 0x43c00000, 0x43c00000)
   the space 699072K,  99% used [0x19150000, 0x43bffff8, 0x43c00000, 0x43c00000)
 Metaspace       used 3577K, capacity 3598K, committed 3648K, reserved 4480K

Deoptimization events (0 events):
No events

Internal exceptions (5 events):
Event: 0.060 Thread 0x0090bc00 Exception <a 'java/lang/NoSuchMethodError': Method sun.misc.Unsafe.defineClass(Ljava/lang/String;[BII)Ljava/lang/Class; name or signature does not match> (0x03c06ea8) thrown at [C:\re\workspace\8-2-build-windows-i586-cygwin\jdk8u101\7261\hotspot\src\share\6 3ø±®?
Event: 0.060 Thread 0x0090bc00 Exception <a 'java/lang/NoSuchMethodError': Method sun.misc.Unsafe.prefetchRead(Ljava/lang/Object;J)V name or signature does not match> (0x03c07178) thrown at [C:\re\workspace\8-2-build-windows-i586-cygwin\jdk8u101\7261\hotspot\src\share\vm\prims\jni.cpp, Þ“§2°ñ?
Event: 1.105 Thread 0x44595000 Exception <a 'java/lang/ArrayIndexOutOfBoundsException': 18> (0x03f22588) thrown at [C:\re\workspace\8-2-build-windows-i586-cygwin\jdk8u101\7261\hotspot\src\share\vm\interpreter\interpreterRuntime.cpp, line 366]
Event: 1.106 Thread 0x44595000 Exception <a 'java/lang/ArrayIndexOutOfBoundsException': 145> (0x03f23e28) thrown at [C:\re\workspace\8-2-build-windows-i586-cygwin\jdk8u101\7261\hotspot\src\share\vm\interpreter\interpreterRuntime.cpp, line 366]
Event: 1.106 Thread 0x44595000 Exception <a 'java/lang/ArrayIndexOutOfBoundsException': 40> (0x03f24f08) thrown at [C:\re\workspace\8-2-build-windows-i586-cygwin\jdk8u101\7261\hotspot\src\share\vm\interpreter\interpreterRuntime.cpp, line 366]

Events (10 events):
Event: 31.739 loading class com/android/dx/rop/cst/Zeroes done
Event: 31.778 Executing VM operation: GenCollectForAllocation
Event: 33.503 Executing VM operation: GenCollectForAllocation done
Event: 33.889 loading class java/util/HashMap$KeySet
Event: 33.889 loading class java/util/HashMap$KeySet done
Event: 33.889 loading class java/util/HashMap$KeyIterator
Event: 33.890 loading class java/util/HashMap$KeyIterator done
Event: 33.925 loading class com/android/dx/dex/file/CatchStructs
Event: 33.925 loading class com/android/dx/dex/file/CatchStructs done
Event: 34.351 Executing VM operation: GenCollectForAllocation


Dynamic libraries:
0x009f0000 - 0x00a23000 	C:\Program Files\Java\jdk1.8.0_101\bin\java.exe
0x778a0000 - 0x779dc000 	C:\Windows\SYSTEM32\ntdll.dll
0x77410000 - 0x774e4000 	C:\Windows\system32\kernel32.dll
0x75ca0000 - 0x75cea000 	C:\Windows\system32\KERNELBASE.dll
0x76f00000 - 0x76fa0000 	C:\Windows\system32\ADVAPI32.dll
0x777f0000 - 0x7789c000 	C:\Windows\system32\msvcrt.dll
0x75d50000 - 0x75d69000 	C:\Windows\SYSTEM32\sechost.dll
0x770f0000 - 0x77191000 	C:\Windows\system32\RPCRT4.dll
0x76e30000 - 0x76ef9000 	C:\Windows\system32\USER32.dll
0x773c0000 - 0x7740e000 	C:\Windows\system32\GDI32.dll
0x77a40000 - 0x77a4a000 	C:\Windows\system32\LPK.dll
0x77750000 - 0x777ed000 	C:\Windows\system32\USP10.dll
0x74760000 - 0x748fe000 	C:\Windows\WinSxS\x86_microsoft.windows.common-controls_6595b64144ccf1df_6.0.7600.16385_none_421189da2b7fabfc\COMCTL32.dll
0x771a0000 - 0x771f7000 	C:\Windows\system32\SHLWAPI.dll
0x77a20000 - 0x77a3f000 	C:\Windows\system32\IMM32.DLL
0x769c0000 - 0x76a8c000 	C:\Windows\system32\MSCTF.dll
0x77cb0000 - 0x77d6f000 	C:\Program Files\Java\jdk1.8.0_101\jre\bin\msvcr100.dll
0x6c840000 - 0x6cc0c000 	C:\Program Files\Java\jdk1.8.0_101\jre\bin\client\jvm.dll
0x70f10000 - 0x70f17000 	C:\Windows\system32\WSOCK32.dll
0x75cf0000 - 0x75d25000 	C:\Windows\system32\WS2_32.dll
0x75d30000 - 0x75d36000 	C:\Windows\system32\NSI.dll
0x710d0000 - 0x71102000 	C:\Windows\system32\WINMM.dll
0x74ef0000 - 0x74ef9000 	C:\Windows\system32\VERSION.dll
0x75d40000 - 0x75d45000 	C:\Windows\system32\PSAPI.DLL
0x67480000 - 0x6748c000 	C:\Program Files\Java\jdk1.8.0_101\jre\bin\verify.dll
0x65930000 - 0x65951000 	C:\Program Files\Java\jdk1.8.0_101\jre\bin\java.dll
0x65910000 - 0x65923000 	C:\Program Files\Java\jdk1.8.0_101\jre\bin\zip.dll
0x75d70000 - 0x769b9000 	C:\Windows\system32\SHELL32.dll
0x77260000 - 0x773bc000 	C:\Windows\system32\ole32.dll
0x759f0000 - 0x759fb000 	C:\Windows\system32\profapi.dll
0x73750000 - 0x7383b000 	C:\Windows\system32\dbghelp.dll

VM Arguments:
jvm_args: -Djava.awt.headless=true -Xmx1024M -Dfile.encoding=windows-1252 -Duser.country=US -Duser.language=en -Duser.variant 
java_command: com.android.dx.command.Main --dex --num-threads=4 --multi-dex --main-dex-list E:\SandeepProjectResources\MobipugNew\Mobipug27.10.18\MobipugSource\app\build\intermediates\multi-dex\debug\maindexlist.txt --output E:\SandeepProjectResources\MobipugNew\Mobipug27.10.18\MobipugSource\app\build\intermediates\transforms\dex\debug\folders\1000\1f\main E:\SandeepProjectResources\MobipugNew\Mobipug27.10.18\MobipugSource\app\build\intermediates\transforms\jarMerging\debug\jars\1\1f\combined.jar
java_class_path (initial): C:\Users\android-4\AppData\Local\Android\Sdk\build-tools\26.0.2\lib\dx.jar
Launcher Type: SUN_STANDARD

Environment Variables:
PATH=C:\ProgramData\Oracle\Java\javapath;C:\Windows\system32;C:\Windows;C:\Windows\System32\Wbem;C:\Windows\System32\WindowsPowerShell\v1.0\;C:\Program Files\Intel\OpenCL SDK\2.0\bin\x86;C:\Program Files\Skype\Phone\
USERNAME=android-4
OS=Windows_NT
PROCESSOR_IDENTIFIER=x86 Family 6 Model 42 Stepping 7, GenuineIntel



---------------  S Y S T E M  ---------------

OS: Windows 7 Build 7600 (6.1.7600.16385)

CPU:total 4 (2 cores per cpu, 2 threads per core) family 6 model 42 stepping 7, cmov, cx8, fxsr, mmx, sse, sse2, sse3, ssse3, sse4.1, sse4.2, popcnt, clmul, ht, tsc, tscinvbit

Memory: 4k page, physical 3578328k(523872k free), swap 24056564k(19996900k free)

vm_info: Java HotSpot(TM) Client VM (25.101-b13) for windows-x86 JRE (1.8.0_101-b13), built on Jun 22 2016 00:45:44 by "java_re" with MS VC++ 10.0 (VS2010)

time: Sat Nov 17 10:33:11 2018
elapsed time: 35 seconds (0d 0h 0m 35s)

