#
# A fatal error has been detected by the Java Runtime Environment:
#
#  EXCEPTION_ACCESS_VIOLATION (0xc0000005) at pc=0x0069e088, pid=952, tid=0x000014bc
#
# JRE version: Java(TM) SE Runtime Environment (8.0_101-b13) (build 1.8.0_101-b13)
# Java VM: Java HotSpot(TM) Client VM (25.101-b13 mixed mode windows-x86 )
# Problematic frame:
# C  0x0069e088
#
# Failed to write core dump. Minidumps are not enabled by default on client versions of Windows
#
# If you would like to submit a bug report, please visit:
#   http://bugreport.java.com/bugreport/crash.jsp
#

---------------  T H R E A D  ---------------

Current thread (0x4448a800):  VMThread [stack: 0x018a0000,0x018f0000] [id=5308]

siginfo: ExceptionCode=0xc0000005, ExceptionInformation=0x00000008 0x0069e088

Registers:
EAX=0x4408b748, EBX=0x018ef794, ECX=0x4408db08, EDX=0x0069e088
ESP=0x018ef740, EBP=0x018ef770, ESI=0x0c096b20, EDI=0x0c0a50d8
EIP=0x0069e088, EFLAGS=0x00010246

Top of Stack: (sp=0x018ef740)
0x018ef740:   527e5a7e 0c0a50d8 00682660 018ef794
0x018ef750:   00000001 00682660 14f10000 0c096a20
0x018ef760:   0c096b20 03e00000 00000000 04d5bfe8
0x018ef770:   018ef784 527d9ba2 018ef794 0067f210
0x018ef780:   0067f210 018ef7a0 527d85bd 018ef794
0x018ef790:   0067f210 00681c88 00682660 14f10000
0x018ef7a0:   018ef88c 527db4be 44478518 006f3230
0x018ef7b0:   00684050 52a1b934 445d0100 006f3230 

Instructions: (pc=0x0069e088)
0x0069e068:   14 00 ff ff 1d ea bf 4c 6e 6f 6e 53 79 6e 63 43
0x0069e078:   6f 6e 74 65 6e 74 45 71 75 61 6c 73 00 00 00 00
0x0069e088:   04 00 ff ff 48 3d a3 4b 6e 75 6c 6c 00 00 00 00
0x0069e098:   12 00 ff ff c3 68 0c 4a 6f 66 66 73 65 74 42 79 


Register to memory mapping:

EAX=0x4408b748 is pointing into metadata
EBX=0x018ef794 is an unknown value
ECX=0x4408db08 is pointing into metadata
EDX=0x0069e088 is an unknown value
ESP=0x018ef740 is an unknown value
EBP=0x018ef770 is an unknown value
ESI=
[error occurred during error reporting (printing register info), id 0xc0000005]

Stack: [0x018a0000,0x018f0000],  sp=0x018ef740,  free space=317k
Native frames: (J=compiled Java code, j=interpreted, Vv=VM code, C=native code)
C  0x0069e088
V  [jvm.dll+0x99ba2]
V  [jvm.dll+0x985bd]
V  [jvm.dll+0x9b4be]
V  [jvm.dll+0x9a27f]
V  [jvm.dll+0xa64b2]
V  [jvm.dll+0x98e73]
V  [jvm.dll+0x92e25]
V  [jvm.dll+0x1b81c6]
V  [jvm.dll+0x18292b]
V  [jvm.dll+0x181d31]
V  [jvm.dll+0x182147]
V  [jvm.dll+0x182342]
V  [jvm.dll+0x1c1ed6]
C  [msvcr100.dll+0x5c556]
C  [msvcr100.dll+0x5c600]
C  [kernel32.dll+0x51174]
C  [ntdll.dll+0x5b3f5]
C  [ntdll.dll+0x5b3c8]

VM_Operation (0x44aff134): GenCollectForAllocation, mode: safepoint, requested by thread 0x4465a400


---------------  P R O C E S S  ---------------

Java Threads: ( => current thread )
  0x45a7fc00 JavaThread "pool-1-thread-1" [_thread_blocked, id=5940, stack(0x46780000,0x467d0000)]
  0x44659400 JavaThread "pool-2-thread-4" [_thread_blocked, id=2128, stack(0x448d0000,0x44920000)]
  0x4465a400 JavaThread "pool-2-thread-3" [_thread_blocked, id=1436, stack(0x44ab0000,0x44b00000)]
  0x4465c000 JavaThread "pool-2-thread-2" [_thread_blocked, id=5708, stack(0x00260000,0x002b0000)]
  0x4465bc00 JavaThread "pool-3-thread-1" [_thread_blocked, id=3240, stack(0x44950000,0x449a0000)]
  0x4462c400 JavaThread "pool-2-thread-1" [_thread_blocked, id=3416, stack(0x447b0000,0x44800000)]
  0x444d2c00 JavaThread "Service Thread" daemon [_thread_blocked, id=3872, stack(0x007c0000,0x00810000)]
  0x444da800 JavaThread "C1 CompilerThread0" daemon [_thread_blocked, id=5388, stack(0x44810000,0x44860000)]
  0x444d9c00 JavaThread "Attach Listener" daemon [_thread_blocked, id=4784, stack(0x44870000,0x448c0000)]
  0x444d7000 JavaThread "Signal Dispatcher" daemon [_thread_blocked, id=2916, stack(0x03d90000,0x03de0000)]
  0x444b6c00 JavaThread "Finalizer" daemon [_thread_blocked, id=4680, stack(0x44740000,0x44790000)]
  0x44490400 JavaThread "Reference Handler" daemon [_thread_blocked, id=2768, stack(0x00760000,0x007b0000)]
  0x0024bc00 JavaThread "main" [_thread_blocked, id=4196, stack(0x01910000,0x01960000)]

Other Threads:
=>0x4448a800 VMThread [stack: 0x018a0000,0x018f0000] [id=5308]
  0x444d3800 WatcherThread [stack: 0x001f0000,0x00240000] [id=4728]

VM state:at safepoint (normal execution)

VM Mutex/Monitor currently owned by a thread:  ([mutex/lock_event])
[0x0024a230] Threads_lock - owner thread: 0x4448a800
[0x0024a640] Heap_lock - owner thread: 0x4465a400

Heap:
 def new generation   total 314560K, used 279616K [0x03e00000, 0x19350000, 0x19350000)
  eden space 279616K, 100% used [0x03e00000, 0x14f10000, 0x14f10000)
  from space 34944K,   0% used [0x14f10000, 0x14f10000, 0x17130000)
  to   space 34944K,   0% used [0x17130000, 0x17130000, 0x19350000)
 tenured generation   total 699072K, used 696323K [0x19350000, 0x43e00000, 0x43e00000)
   the space 699072K,  99% used [0x19350000, 0x43b50e40, 0x43e00000, 0x43e00000)
 Metaspace       used 3568K, capacity 3598K, committed 3648K, reserved 4480K

Card table byte_map: [0x43e00000,0x44010000] byte_map_base: 0x43de1000

Polling page: 0x00140000

CodeCache: size=32768Kb used=3744Kb max_used=3744Kb free=29023Kb
 bounds [0x01c30000, 0x01fe0000, 0x03c30000]
 total_blobs=1962 nmethods=1815 adapters=77
 compilation: enabled

Compilation events (10 events):
Event: 32.485 Thread 0x444da800 1827             com.android.dx.dex.file.ClassDataItem::addContents (207 bytes)
Event: 32.486 Thread 0x444da800 nmethod 1827 0x01fb2148 code [0x01fb2350, 0x01fb29e8]
Event: 32.488 Thread 0x444da800 1828             com.android.dx.dex.file.EncodedMethod::compareTo (9 bytes)
Event: 32.488 Thread 0x444da800 nmethod 1828 0x01d81788 code [0x01d81890, 0x01d8195c]
Event: 32.488 Thread 0x444da800 1829             com.android.dx.dex.file.EncodedMethod::compareTo (12 bytes)
Event: 32.488 Thread 0x444da800 nmethod 1829 0x01fb1b88 code [0x01fb1cc0, 0x01fb1e6c]
Event: 32.519 Thread 0x444da800 1830             java.util.ComparableTimSort::mergeHi (729 bytes)
Event: 32.521 Thread 0x444da800 nmethod 1830 0x01fd6ac8 code [0x01fd6d00, 0x01fd80a0]
Event: 32.521 Thread 0x444da800 1831             java.util.ComparableTimSort::mergeLo (656 bytes)
Event: 32.523 Thread 0x444da800 nmethod 1831 0x01faf9c8 code [0x01fafc00, 0x01fb0f40]

GC Heap History (10 events):
Event: 21.444 GC heap after
Heap after GC invocations=103 (full 9):
 def new generation   total 314560K, used 0K [0x03e00000, 0x19350000, 0x19350000)
  eden space 279616K,   0% used [0x03e00000, 0x03e00000, 0x14f10000)
  from space 34944K,   0% used [0x14f10000, 0x14f10000, 0x17130000)
  to   space 34944K,   0% used [0x17130000, 0x17130000, 0x19350000)
 tenured generation   total 699072K, used 655169K [0x19350000, 0x43e00000, 0x43e00000)
   the space 699072K,  93% used [0x19350000, 0x41320788, 0x41320800, 0x43e00000)
 Metaspace       used 3550K, capacity 3598K, committed 3648K, reserved 4480K
}
Event: 22.113 GC heap before
{Heap before GC invocations=103 (full 9):
 def new generation   total 314560K, used 279616K [0x03e00000, 0x19350000, 0x19350000)
  eden space 279616K, 100% used [0x03e00000, 0x14f10000, 0x14f10000)
  from space 34944K,   0% used [0x14f10000, 0x14f10000, 0x17130000)
  to   space 34944K,   0% used [0x17130000, 0x17130000, 0x19350000)
 tenured generation   total 699072K, used 655169K [0x19350000, 0x43e00000, 0x43e00000)
   the space 699072K,  93% used [0x19350000, 0x41320788, 0x41320800, 0x43e00000)
 Metaspace       used 3550K, capacity 3598K, committed 3648K, reserved 4480K
Event: 23.595 GC heap after
Heap after GC invocations=104 (full 10):
 def new generation   total 314560K, used 0K [0x03e00000, 0x19350000, 0x19350000)
  eden space 279616K,   0% used [0x03e00000, 0x03e00000, 0x14f10000)
  from space 34944K,   0% used [0x14f10000, 0x14f10000, 0x17130000)
  to   space 34944K,   0% used [0x17130000, 0x17130000, 0x19350000)
 tenured generation   total 699072K, used 623360K [0x19350000, 0x43e00000, 0x43e00000)
   the space 699072K,  89% used [0x19350000, 0x3f410060, 0x3f410200, 0x43e00000)
 Metaspace       used 3550K, capacity 3598K, committed 3648K, reserved 4480K
}
Event: 25.172 GC heap before
{Heap before GC invocations=104 (full 10):
 def new generation   total 314560K, used 279616K [0x03e00000, 0x19350000, 0x19350000)
  eden space 279616K, 100% used [0x03e00000, 0x14f10000, 0x14f10000)
  from space 34944K,   0% used [0x14f10000, 0x14f10000, 0x17130000)
  to   space 34944K,   0% used [0x17130000, 0x17130000, 0x19350000)
 tenured generation   total 699072K, used 623360K [0x19350000, 0x43e00000, 0x43e00000)
   the space 699072K,  89% used [0x19350000, 0x3f410060, 0x3f410200, 0x43e00000)
 Metaspace       used 3550K, capacity 3598K, committed 3648K, reserved 4480K
Event: 26.720 GC heap after
Heap after GC invocations=105 (full 11):
 def new generation   total 314560K, used 41281K [0x03e00000, 0x19350000, 0x19350000)
  eden space 279616K,  14% used [0x03e00000, 0x066504e8, 0x14f10000)
  from space 34944K,   0% used [0x14f10000, 0x14f10000, 0x17130000)
  to   space 34944K,   0% used [0x17130000, 0x17130000, 0x19350000)
 tenured generation   total 699072K, used 699071K [0x19350000, 0x43e00000, 0x43e00000)
   the space 699072K,  99% used [0x19350000, 0x43dffef0, 0x43e00000, 0x43e00000)
 Metaspace       used 3550K, capacity 3598K, committed 3648K, reserved 4480K
}
Event: 27.545 GC heap before
{Heap before GC invocations=105 (full 11):
 def new generation   total 314560K, used 314560K [0x03e00000, 0x19350000, 0x19350000)
  eden space 279616K, 100% used [0x03e00000, 0x14f10000, 0x14f10000)
  from space 34944K, 100% used [0x14f10000, 0x17130000, 0x17130000)
  to   space 34944K,   0% used [0x17130000, 0x17130000, 0x19350000)
 tenured generation   total 699072K, used 699071K [0x19350000, 0x43e00000, 0x43e00000)
   the space 699072K,  99% used [0x19350000, 0x43dffff8, 0x43e00000, 0x43e00000)
 Metaspace       used 3550K, capacity 3598K, committed 3648K, reserved 4480K
Event: 29.540 GC heap after
Heap after GC invocations=106 (full 12):
 def new generation   total 314560K, used 0K [0x03e00000, 0x19350000, 0x19350000)
  eden space 279616K,   0% used [0x03e00000, 0x03e00000, 0x14f10000)
  from space 34944K,   0% used [0x14f10000, 0x14f10000, 0x17130000)
  to   space 34944K,   0% used [0x17130000, 0x17130000, 0x19350000)
 tenured generation   total 699072K, used 654582K [0x19350000, 0x43e00000, 0x43e00000)
   the space 699072K,  93% used [0x19350000, 0x4128d818, 0x4128da00, 0x43e00000)
 Metaspace       used 3550K, capacity 3598K, committed 3648K, reserved 4480K
}
Event: 30.207 GC heap before
{Heap before GC invocations=106 (full 12):
 def new generation   total 314560K, used 279616K [0x03e00000, 0x19350000, 0x19350000)
  eden space 279616K, 100% used [0x03e00000, 0x14f10000, 0x14f10000)
  from space 34944K,   0% used [0x14f10000, 0x14f10000, 0x17130000)
  to   space 34944K,   0% used [0x17130000, 0x17130000, 0x19350000)
 tenured generation   total 699072K, used 654582K [0x19350000, 0x43e00000, 0x43e00000)
   the space 699072K,  93% used [0x19350000, 0x4128d818, 0x4128da00, 0x43e00000)
 Metaspace       used 3550K, capacity 3598K, committed 3648K, reserved 4480K
Event: 31.900 GC heap after
Heap after GC invocations=107 (full 13):
 def new generation   total 314560K, used 0K [0x03e00000, 0x19350000, 0x19350000)
  eden space 279616K,   0% used [0x03e00000, 0x03e00000, 0x14f10000)
  from space 34944K,   0% used [0x14f10000, 0x14f10000, 0x17130000)
  to   space 34944K,   0% used [0x17130000, 0x17130000, 0x19350000)
 tenured generation   total 699072K, used 696323K [0x19350000, 0x43e00000, 0x43e00000)
   the space 699072K,  99% used [0x19350000, 0x43b50e40, 0x43b51000, 0x43e00000)
 Metaspace       used 3550K, capacity 3598K, committed 3648K, reserved 4480K
}
Event: 32.614 GC heap before
{Heap before GC invocations=107 (full 13):
 def new generation   total 314560K, used 279616K [0x03e00000, 0x19350000, 0x19350000)
  eden space 279616K, 100% used [0x03e00000, 0x14f10000, 0x14f10000)
  from space 34944K,   0% used [0x14f10000, 0x14f10000, 0x17130000)
  to   space 34944K,   0% used [0x17130000, 0x17130000, 0x19350000)
 tenured generation   total 699072K, used 696323K [0x19350000, 0x43e00000, 0x43e00000)
   the space 699072K,  99% used [0x19350000, 0x43b50e40, 0x43b51000, 0x43e00000)
 Metaspace       used 3568K, capacity 3598K, committed 3648K, reserved 4480K

Deoptimization events (0 events):
No events

Internal exceptions (5 events):
Event: 0.103 Thread 0x0024bc00 Exception <a 'java/lang/NoSuchMethodError': Method sun.misc.Unsafe.defineClass(Ljava/lang/String;[BII)Ljava/lang/Class; name or signature does not match> (0x03e06ea8) thrown at [C:\re\workspace\8-2-build-windows-i586-cygwin\jdk8u101\7261\hotspot\src\share\D‡ŒX&mº?
Event: 0.103 Thread 0x0024bc00 Exception <a 'java/lang/NoSuchMethodError': Method sun.misc.Unsafe.prefetchRead(Ljava/lang/Object;J)V name or signature does not match> (0x03e07178) thrown at [C:\re\workspace\8-2-build-windows-i586-cygwin\jdk8u101\7261\hotspot\src\share\vm\prims\jni.cpp, ØcÂ$~Pö?
Event: 1.395 Thread 0x4465a400 Exception <a 'java/lang/ArrayIndexOutOfBoundsException': 18> (0x04283380) thrown at [C:\re\workspace\8-2-build-windows-i586-cygwin\jdk8u101\7261\hotspot\src\share\vm\interpreter\interpreterRuntime.cpp, line 366]
Event: 1.395 Thread 0x4465a400 Exception <a 'java/lang/ArrayIndexOutOfBoundsException': 145> (0x04284c20) thrown at [C:\re\workspace\8-2-build-windows-i586-cygwin\jdk8u101\7261\hotspot\src\share\vm\interpreter\interpreterRuntime.cpp, line 366]
Event: 1.395 Thread 0x4465a400 Exception <a 'java/lang/ArrayIndexOutOfBoundsException': 40> (0x04285d00) thrown at [C:\re\workspace\8-2-build-windows-i586-cygwin\jdk8u101\7261\hotspot\src\share\vm\interpreter\interpreterRuntime.cpp, line 366]

Events (10 events):
Event: 32.365 loading class java/util/SortedSet
Event: 32.366 loading class java/util/SortedSet done
Event: 32.366 loading class java/util/NavigableSet done
Event: 32.366 loading class java/util/TreeMap$KeySet done
Event: 32.366 loading class java/util/TreeMap$KeyIterator
Event: 32.366 loading class java/util/TreeMap$KeyIterator done
Event: 32.373 Thread 0x444da800 flushing nmethod 0x01faf948
Event: 32.402 loading class com/android/dx/rop/cst/Zeroes
Event: 32.402 loading class com/android/dx/rop/cst/Zeroes done
Event: 32.614 Executing VM operation: GenCollectForAllocation


Dynamic libraries:
0x00820000 - 0x00853000 	C:\Program Files\Java\jdk1.8.0_101\bin\java.exe
0x77610000 - 0x7774c000 	C:\Windows\SYSTEM32\ntdll.dll
0x76310000 - 0x763e4000 	C:\Windows\system32\kernel32.dll
0x75a10000 - 0x75a5a000 	C:\Windows\system32\KERNELBASE.dll
0x75a60000 - 0x75b00000 	C:\Windows\system32\ADVAPI32.dll
0x76730000 - 0x767dc000 	C:\Windows\system32\msvcrt.dll
0x767e0000 - 0x767f9000 	C:\Windows\SYSTEM32\sechost.dll
0x76500000 - 0x765a1000 	C:\Windows\system32\RPCRT4.dll
0x77760000 - 0x77829000 	C:\Windows\system32\USER32.dll
0x762c0000 - 0x7630e000 	C:\Windows\system32\GDI32.dll
0x75dd0000 - 0x75dda000 	C:\Windows\system32\LPK.dll
0x76110000 - 0x761ad000 	C:\Windows\system32\USP10.dll
0x741d0000 - 0x7436e000 	C:\Windows\WinSxS\x86_microsoft.windows.common-controls_6595b64144ccf1df_6.0.7600.16385_none_421189da2b7fabfc\COMCTL32.dll
0x763f0000 - 0x76447000 	C:\Windows\system32\SHLWAPI.dll
0x764e0000 - 0x764ff000 	C:\Windows\system32\IMM32.DLL
0x75b00000 - 0x75bcc000 	C:\Windows\system32\MSCTF.dll
0x52b10000 - 0x52bcf000 	C:\Program Files\Java\jdk1.8.0_101\jre\bin\msvcr100.dll
0x52740000 - 0x52b0c000 	C:\Program Files\Java\jdk1.8.0_101\jre\bin\client\jvm.dll
0x70d00000 - 0x70d07000 	C:\Windows\system32\WSOCK32.dll
0x766f0000 - 0x76725000 	C:\Windows\system32\WS2_32.dll
0x77750000 - 0x77756000 	C:\Windows\system32\NSI.dll
0x70de0000 - 0x70e12000 	C:\Windows\system32\WINMM.dll
0x74c60000 - 0x74c69000 	C:\Windows\system32\VERSION.dll
0x77830000 - 0x77835000 	C:\Windows\system32\PSAPI.DLL
0x60b30000 - 0x60b3c000 	C:\Program Files\Java\jdk1.8.0_101\jre\bin\verify.dll
0x60b00000 - 0x60b21000 	C:\Program Files\Java\jdk1.8.0_101\jre\bin\java.dll
0x60ae0000 - 0x60af3000 	C:\Program Files\Java\jdk1.8.0_101\jre\bin\zip.dll
0x769c0000 - 0x77609000 	C:\Windows\system32\SHELL32.dll
0x76800000 - 0x7695c000 	C:\Windows\system32\ole32.dll
0x75760000 - 0x7576b000 	C:\Windows\system32\profapi.dll
0x73430000 - 0x7351b000 	C:\Windows\system32\dbghelp.dll

VM Arguments:
jvm_args: -Djava.awt.headless=true -Xmx1024M -Dfile.encoding=windows-1252 -Duser.country=US -Duser.language=en -Duser.variant 
java_command: com.android.dx.command.Main --dex --num-threads=4 --multi-dex --main-dex-list E:\SandeepProjectResources\MobipugNew\Mobipug27.10.18\MobipugSource\app\build\intermediates\multi-dex\debug\maindexlist.txt --output E:\SandeepProjectResources\MobipugNew\Mobipug27.10.18\MobipugSource\app\build\intermediates\transforms\dex\debug\folders\1000\1f\main E:\SandeepProjectResources\MobipugNew\Mobipug27.10.18\MobipugSource\app\build\intermediates\transforms\jarMerging\debug\jars\1\1f\combined.jar
java_class_path (initial): C:\Users\android-4\AppData\Local\Android\Sdk\build-tools\26.0.2\lib\dx.jar
Launcher Type: SUN_STANDARD

Environment Variables:
PATH=C:\ProgramData\Oracle\Java\javapath;C:\Windows\system32;C:\Windows;C:\Windows\System32\Wbem;C:\Windows\System32\WindowsPowerShell\v1.0\;C:\Program Files\Intel\OpenCL SDK\2.0\bin\x86;C:\Program Files\Skype\Phone\
USERNAME=android-4
OS=Windows_NT
PROCESSOR_IDENTIFIER=x86 Family 6 Model 42 Stepping 7, GenuineIntel



---------------  S Y S T E M  ---------------

OS: Windows 7 Build 7600 (6.1.7600.16385)

CPU:total 4 (2 cores per cpu, 2 threads per core) family 6 model 42 stepping 7, cmov, cx8, fxsr, mmx, sse, sse2, sse3, ssse3, sse4.1, sse4.2, popcnt, clmul, ht, tsc, tscinvbit

Memory: 4k page, physical 3578328k(213300k free), swap 24056564k(18604232k free)

vm_info: Java HotSpot(TM) Client VM (25.101-b13) for windows-x86 JRE (1.8.0_101-b13), built on Jun 22 2016 00:45:44 by "java_re" with MS VC++ 10.0 (VS2010)

time: Thu Nov 15 19:18:04 2018
elapsed time: 34 seconds (0d 0h 0m 34s)

