#
# A fatal error has been detected by the Java Runtime Environment:
#
#  EXCEPTION_ACCESS_VIOLATION (0xc0000005) at pc=0x5c8c558f, pid=5436, tid=0x000015e4
#
# JRE version: Java(TM) SE Runtime Environment (8.0_101-b13) (build 1.8.0_101-b13)
# Java VM: Java HotSpot(TM) Client VM (25.101-b13 mixed mode windows-x86 )
# Problematic frame:
# V  [jvm.dll+0x9558f]
#
# Failed to write core dump. Minidumps are not enabled by default on client versions of Windows
#
# If you would like to submit a bug report, please visit:
#   http://bugreport.java.com/bugreport/crash.jsp
#

---------------  T H R E A D  ---------------

Current thread (0x443ea800):  VMThread [stack: 0x44650000,0x446a0000] [id=5604]

siginfo: ExceptionCode=0xc0000005, reading address 0x00000004

Registers:
EAX=0x0952d000, EBX=0x000000b8, ECX=0x00000000, EDX=0x0ba77350
ESP=0x4469f19c, EBP=0x4469f1ac, ESI=0x014c1c88, EDI=0x0952d000
EIP=0x5c8c558f, EFLAGS=0x00010293

Top of Stack: (sp=0x4469f19c)
0x4469f19c:   4469f350 0ba772fc 000000b8 014c1c88
0x4469f1ac:   4469f1c4 5c90132d 0952d000 0baba2d0
0x4469f1bc:   0ba77070 4469f350 4469f1e4 5c8d518f
0x4469f1cc:   0ba77350 4469f350 014c1c88 4469f350
0x4469f1dc:   014bf210 014c2ab0 4469f1f8 5c8c3dad
0x4469f1ec:   4469f350 014bf210 00000000 4469f20c
0x4469f1fc:   5c8c81ec 4469f350 4469f304 00000000
0x4469f20c:   4469f428 5c8c41d7 00000000 4469f350 

Instructions: (pc=0x5c8c558f)
0x5c8c556f:   ff c6 83 a0 01 00 00 00 5e 5b 5d c2 04 00 cc cc
0x5c8c557f:   cc 55 8b ec 51 53 56 57 8b 7d 08 8b f1 8b 4f 04
0x5c8c558f:   8b 41 04 89 75 fc 85 c0 7e 09 a8 01 75 30 c1 f8
0x5c8c559f:   02 eb 33 79 29 8b 5f 08 8b 15 2c 8c b9 5c 8b c8 


Register to memory mapping:

EAX=0x0952d000 is pointing into object: 0x0952ce50
[Lcom.android.dx.util.IntList; 
 - klass: 'com/android/dx/util/IntList'[]
 - length: 181
EBX=0x000000b8 is an unknown value
ECX=0x00000000 is an unknown value
EDX=0x0ba77350 is an oop
com.android.dx.util.IntList 
 - klass: 'com/android/dx/util/IntList'
ESP=0x4469f19c is an unknown value
EBP=0x4469f1ac is an unknown value
ESI=0x014c1c88 is an unknown value
EDI=0x0952d000 is pointing into object: 0x0952ce50
[Lcom.android.dx.util.IntList; 
 - klass: 'com/android/dx/util/IntList'[]
 - length: 181


Stack: [0x44650000,0x446a0000],  sp=0x4469f19c,  free space=316k
Native frames: (J=compiled Java code, j=interpreted, Vv=VM code, C=native code)
V  [jvm.dll+0x9558f]
V  [jvm.dll+0xd132d]
V  [jvm.dll+0xa518f]
V  [jvm.dll+0x93dad]
V  [jvm.dll+0x981ec]
V  [jvm.dll+0x941d7]
V  [jvm.dll+0x98e73]
V  [jvm.dll+0x92e25]
V  [jvm.dll+0x1b81c6]
V  [jvm.dll+0x18292b]
V  [jvm.dll+0x181d31]
V  [jvm.dll+0x182147]
V  [jvm.dll+0x182342]
V  [jvm.dll+0x1c1ed6]
C  [msvcr100.dll+0x5c556]
C  [msvcr100.dll+0x5c600]
C  [kernel32.dll+0x51174]
C  [ntdll.dll+0x5b3f5]
C  [ntdll.dll+0x5b3c8]

VM_Operation (0x44d3f448): GenCollectForAllocation, mode: safepoint, requested by thread 0x445b5c00


---------------  P R O C E S S  ---------------

Java Threads: ( => current thread )
  0x445b5c00 JavaThread "pool-2-thread-4" [_thread_blocked, id=4840, stack(0x44cf0000,0x44d40000)]
  0x445b7400 JavaThread "pool-2-thread-3" [_thread_blocked, id=1308, stack(0x44c10000,0x44c60000)]
  0x445b7000 JavaThread "pool-2-thread-2" [_thread_blocked, id=3476, stack(0x44b70000,0x44bc0000)]
  0x44591400 JavaThread "pool-3-thread-1" [_thread_blocked, id=5096, stack(0x44930000,0x44980000)]
  0x4458ec00 JavaThread "pool-2-thread-1" [_thread_blocked, id=4640, stack(0x44a80000,0x44ad0000)]
  0x44454c00 JavaThread "Service Thread" daemon [_thread_blocked, id=5816, stack(0x44820000,0x44870000)]
  0x4443a000 JavaThread "C1 CompilerThread0" daemon [_thread_blocked, id=4736, stack(0x448d0000,0x44920000)]
  0x44439000 JavaThread "Attach Listener" daemon [_thread_blocked, id=5760, stack(0x44720000,0x44770000)]
  0x44436000 JavaThread "Signal Dispatcher" daemon [_thread_blocked, id=5896, stack(0x017b0000,0x01800000)]
  0x44416c00 JavaThread "Finalizer" daemon [_thread_blocked, id=4804, stack(0x44790000,0x447e0000)]
  0x443f0400 JavaThread "Reference Handler" daemon [_thread_blocked, id=5544, stack(0x00510000,0x00560000)]
  0x004dbc00 JavaThread "main" [_thread_blocked, id=4100, stack(0x01820000,0x01870000)]

Other Threads:
=>0x443ea800 VMThread [stack: 0x44650000,0x446a0000] [id=5604]
  0x44434400 WatcherThread [stack: 0x449b0000,0x44a00000] [id=4444]

VM state:at safepoint (normal execution)

VM Mutex/Monitor currently owned by a thread:  ([mutex/lock_event])
[0x004da230] Threads_lock - owner thread: 0x443ea800
[0x004da640] Heap_lock - owner thread: 0x445b5c00

Heap:
 def new generation   total 126208K, used 126208K [0x03c00000, 0x0c4f0000, 0x19150000)
  eden space 112192K, 100% used [0x03c00000, 0x0a990000, 0x0a990000)
  from space 14016K, 100% used [0x0a990000, 0x0b740000, 0x0b740000)
  to   space 14016K,  26% used [0x0b740000, 0x0bad35c0, 0x0c4f0000)
 tenured generation   total 280280K, used 210478K [0x19150000, 0x2a306000, 0x43c00000)
   the space 280280K,  75% used [0x19150000, 0x25edb8a8, 0x25edba00, 0x2a306000)
 Metaspace       used 3547K, capacity 3598K, committed 3648K, reserved 4480K

Card table byte_map: [0x43c00000,0x43e10000] byte_map_base: 0x43be2000

Polling page: 0x004b0000

CodeCache: size=32768Kb used=3471Kb max_used=3471Kb free=29296Kb
 bounds [0x01b40000, 0x01ea8000, 0x03b40000]
 total_blobs=1818 nmethods=1671 adapters=77
 compilation: enabled

Compilation events (10 events):
Event: 5.657 Thread 0x4443a000 1669             com.android.dx.rop.code.RegisterSpec::compareTo (9 bytes)
Event: 5.657 Thread 0x4443a000 nmethod 1669 0x01ea21c8 code [0x01ea22d0, 0x01ea237c]
Event: 5.657 Thread 0x4443a000 1670             com.android.dx.rop.code.RegisterSpec::compareTo (95 bytes)
Event: 5.657 Thread 0x4443a000 nmethod 1670 0x01ea2408 code [0x01ea2550, 0x01ea27dc]
Event: 5.697 Thread 0x4443a000 1671             com.android.dx.rop.type.Type::getArrayType (50 bytes)
Event: 5.698 Thread 0x4443a000 nmethod 1671 0x01ea2ac8 code [0x01ea2c10, 0x01ea2f3c]
Event: 5.702 Thread 0x4443a000 1672             com.android.dx.rop.code.SwitchInsn::<init> (49 bytes)
Event: 5.702 Thread 0x4443a000 nmethod 1672 0x01ea3248 code [0x01ea3370, 0x01ea3524]
Event: 5.745 Thread 0x4443a000 1673             java.util.HashMap$TreeNode::balanceInsertion (245 bytes)
Event: 5.745 Thread 0x4443a000 nmethod 1673 0x01ea3648 code [0x01ea37a0, 0x01ea3a20]

GC Heap History (10 events):
Event: 4.589 GC heap after
Heap after GC invocations=81 (full 6):
 def new generation   total 126208K, used 1253K [0x03c00000, 0x0c4f0000, 0x19150000)
  eden space 112192K,   1% used [0x03c00000, 0x03d395a8, 0x0a990000)
  from space 14016K,   0% used [0x0a990000, 0x0a990000, 0x0b740000)
  to   space 14016K,   0% used [0x0b740000, 0x0b740000, 0x0c4f0000)
 tenured generation   total 280280K, used 168167K [0x19150000, 0x2a306000, 0x43c00000)
   the space 280280K,  59% used [0x19150000, 0x23589ff8, 0x2358a000, 0x2a306000)
 Metaspace       used 3546K, capacity 3598K, committed 3648K, reserved 4480K
}
Event: 4.712 GC heap before
{Heap before GC invocations=81 (full 6):
 def new generation   total 126208K, used 112192K [0x03c00000, 0x0c4f0000, 0x19150000)
  eden space 112192K, 100% used [0x03c00000, 0x0a990000, 0x0a990000)
  from space 14016K,   0% used [0x0a990000, 0x0a990000, 0x0b740000)
  to   space 14016K,   0% used [0x0b740000, 0x0b740000, 0x0c4f0000)
 tenured generation   total 280280K, used 168167K [0x19150000, 0x2a306000, 0x43c00000)
   the space 280280K,  59% used [0x19150000, 0x23589ff8, 0x2358a000, 0x2a306000)
 Metaspace       used 3546K, capacity 3598K, committed 3648K, reserved 4480K
Event: 4.815 GC heap after
Heap after GC invocations=82 (full 6):
 def new generation   total 126208K, used 8427K [0x03c00000, 0x0c4f0000, 0x19150000)
  eden space 112192K,   0% used [0x03c00000, 0x03c00000, 0x0a990000)
  from space 14016K,  60% used [0x0b740000, 0x0bf7ad48, 0x0c4f0000)
  to   space 14016K,   0% used [0x0a990000, 0x0a990000, 0x0b740000)
 tenured generation   total 280280K, used 168167K [0x19150000, 0x2a306000, 0x43c00000)
   the space 280280K,  59% used [0x19150000, 0x23589ff8, 0x2358a000, 0x2a306000)
 Metaspace       used 3546K, capacity 3598K, committed 3648K, reserved 4480K
}
Event: 5.011 GC heap before
{Heap before GC invocations=82 (full 6):
 def new generation   total 126208K, used 120619K [0x03c00000, 0x0c4f0000, 0x19150000)
  eden space 112192K, 100% used [0x03c00000, 0x0a990000, 0x0a990000)
  from space 14016K,  60% used [0x0b740000, 0x0bf7ad48, 0x0c4f0000)
  to   space 14016K,   0% used [0x0a990000, 0x0a990000, 0x0b740000)
 tenured generation   total 280280K, used 168167K [0x19150000, 0x2a306000, 0x43c00000)
   the space 280280K,  59% used [0x19150000, 0x23589ff8, 0x2358a000, 0x2a306000)
 Metaspace       used 3546K, capacity 3598K, committed 3648K, reserved 4480K
Event: 5.074 GC heap after
Heap after GC invocations=83 (full 6):
 def new generation   total 126208K, used 14016K [0x03c00000, 0x0c4f0000, 0x19150000)
  eden space 112192K,   0% used [0x03c00000, 0x03c00000, 0x0a990000)
  from space 14016K, 100% used [0x0a990000, 0x0b740000, 0x0b740000)
  to   space 14016K,   0% used [0x0b740000, 0x0b740000, 0x0c4f0000)
 tenured generation   total 280280K, used 178106K [0x19150000, 0x2a306000, 0x43c00000)
   the space 280280K,  63% used [0x19150000, 0x23f3eb38, 0x23f3ec00, 0x2a306000)
 Metaspace       used 3546K, capacity 3598K, committed 3648K, reserved 4480K
}
Event: 5.250 GC heap before
{Heap before GC invocations=83 (full 6):
 def new generation   total 126208K, used 126208K [0x03c00000, 0x0c4f0000, 0x19150000)
  eden space 112192K, 100% used [0x03c00000, 0x0a990000, 0x0a990000)
  from space 14016K, 100% used [0x0a990000, 0x0b740000, 0x0b740000)
  to   space 14016K,   0% used [0x0b740000, 0x0b740000, 0x0c4f0000)
 tenured generation   total 280280K, used 178106K [0x19150000, 0x2a306000, 0x43c00000)
   the space 280280K,  63% used [0x19150000, 0x23f3eb38, 0x23f3ec00, 0x2a306000)
 Metaspace       used 3546K, capacity 3598K, committed 3648K, reserved 4480K
Event: 5.325 GC heap after
Heap after GC invocations=84 (full 6):
 def new generation   total 126208K, used 14015K [0x03c00000, 0x0c4f0000, 0x19150000)
  eden space 112192K,   0% used [0x03c00000, 0x03c00000, 0x0a990000)
  from space 14016K,  99% used [0x0b740000, 0x0c4efff8, 0x0c4f0000)
  to   space 14016K,   0% used [0x0a990000, 0x0a990000, 0x0b740000)
 tenured generation   total 280280K, used 194230K [0x19150000, 0x2a306000, 0x43c00000)
   the space 280280K,  69% used [0x19150000, 0x24efdb28, 0x24efdc00, 0x2a306000)
 Metaspace       used 3546K, capacity 3598K, committed 3648K, reserved 4480K
}
Event: 5.505 GC heap before
{Heap before GC invocations=84 (full 6):
 def new generation   total 126208K, used 126207K [0x03c00000, 0x0c4f0000, 0x19150000)
  eden space 112192K, 100% used [0x03c00000, 0x0a990000, 0x0a990000)
  from space 14016K,  99% used [0x0b740000, 0x0c4efff8, 0x0c4f0000)
  to   space 14016K,   0% used [0x0a990000, 0x0a990000, 0x0b740000)
 tenured generation   total 280280K, used 194230K [0x19150000, 0x2a306000, 0x43c00000)
   the space 280280K,  69% used [0x19150000, 0x24efdb28, 0x24efdc00, 0x2a306000)
 Metaspace       used 3546K, capacity 3598K, committed 3648K, reserved 4480K
Event: 5.579 GC heap after
Heap after GC invocations=85 (full 6):
 def new generation   total 126208K, used 14016K [0x03c00000, 0x0c4f0000, 0x19150000)
  eden space 112192K,   0% used [0x03c00000, 0x03c00000, 0x0a990000)
  from space 14016K, 100% used [0x0a990000, 0x0b740000, 0x0b740000)
  to   space 14016K,   0% used [0x0b740000, 0x0b740000, 0x0c4f0000)
 tenured generation   total 280280K, used 209965K [0x19150000, 0x2a306000, 0x43c00000)
   the space 280280K,  74% used [0x19150000, 0x25e5b528, 0x25e5b600, 0x2a306000)
 Metaspace       used 3546K, capacity 3598K, committed 3648K, reserved 4480K
}
Event: 5.755 GC heap before
{Heap before GC invocations=85 (full 6):
 def new generation   total 126208K, used 126208K [0x03c00000, 0x0c4f0000, 0x19150000)
  eden space 112192K, 100% used [0x03c00000, 0x0a990000, 0x0a990000)
  from space 14016K, 100% used [0x0a990000, 0x0b740000, 0x0b740000)
  to   space 14016K,   0% used [0x0b740000, 0x0b740000, 0x0c4f0000)
 tenured generation   total 280280K, used 209965K [0x19150000, 0x2a306000, 0x43c00000)
   the space 280280K,  74% used [0x19150000, 0x25e5b528, 0x25e5b600, 0x2a306000)
 Metaspace       used 3547K, capacity 3598K, committed 3648K, reserved 4480K

Deoptimization events (0 events):
No events

Internal exceptions (5 events):
Event: 0.024 Thread 0x004dbc00 Exception <a 'java/lang/NoSuchMethodError': Method sun.misc.Unsafe.defineClass(Ljava/lang/String;[BII)Ljava/lang/Class; name or signature does not match> (0x03c06ea8) thrown at [C:\re\workspace\8-2-build-windows-i586-cygwin\jdk8u101\7261\hotspot\src\share\,w/©">ò?
Event: 0.024 Thread 0x004dbc00 Exception <a 'java/lang/NoSuchMethodError': Method sun.misc.Unsafe.prefetchRead(Ljava/lang/Object;J)V name or signature does not match> (0x03c07178) thrown at [C:\re\workspace\8-2-build-windows-i586-cygwin\jdk8u101\7261\hotspot\src\share\vm\prims\jni.cpp, †?»…q¬Í?
Event: 0.836 Thread 0x004dbc00 Exception <a 'java/lang/ArrayIndexOutOfBoundsException': 18> (0x03eb5068) thrown at [C:\re\workspace\8-2-build-windows-i586-cygwin\jdk8u101\7261\hotspot\src\share\vm\interpreter\interpreterRuntime.cpp, line 366]
Event: 0.836 Thread 0x004dbc00 Exception <a 'java/lang/ArrayIndexOutOfBoundsException': 145> (0x03eb6908) thrown at [C:\re\workspace\8-2-build-windows-i586-cygwin\jdk8u101\7261\hotspot\src\share\vm\interpreter\interpreterRuntime.cpp, line 366]
Event: 0.837 Thread 0x004dbc00 Exception <a 'java/lang/ArrayIndexOutOfBoundsException': 40> (0x03ec3d88) thrown at [C:\re\workspace\8-2-build-windows-i586-cygwin\jdk8u101\7261\hotspot\src\share\vm\interpreter\interpreterRuntime.cpp, line 366]

Events (10 events):
Event: 4.816 Executing VM operation: RevokeBias done
Event: 4.816 Executing VM operation: BulkRevokeBias
Event: 4.816 Executing VM operation: BulkRevokeBias done
Event: 5.011 Executing VM operation: GenCollectForAllocation
Event: 5.074 Executing VM operation: GenCollectForAllocation done
Event: 5.250 Executing VM operation: GenCollectForAllocation
Event: 5.325 Executing VM operation: GenCollectForAllocation done
Event: 5.505 Executing VM operation: GenCollectForAllocation
Event: 5.579 Executing VM operation: GenCollectForAllocation done
Event: 5.755 Executing VM operation: GenCollectForAllocation


Dynamic libraries:
0x000c0000 - 0x000f3000 	C:\Program Files\Java\jdk1.8.0_101\bin\java.exe
0x76f80000 - 0x770bc000 	C:\Windows\SYSTEM32\ntdll.dll
0x76d60000 - 0x76e34000 	C:\Windows\system32\kernel32.dll
0x75230000 - 0x7527a000 	C:\Windows\system32\KERNELBASE.dll
0x75580000 - 0x75620000 	C:\Windows\system32\ADVAPI32.dll
0x76e40000 - 0x76eec000 	C:\Windows\system32\msvcrt.dll
0x770d0000 - 0x770e9000 	C:\Windows\SYSTEM32\sechost.dll
0x75cc0000 - 0x75d61000 	C:\Windows\system32\RPCRT4.dll
0x75720000 - 0x757e9000 	C:\Windows\system32\USER32.dll
0x757f0000 - 0x7583e000 	C:\Windows\system32\GDI32.dll
0x770f0000 - 0x770fa000 	C:\Windows\system32\LPK.dll
0x75ba0000 - 0x75c3d000 	C:\Windows\system32\USP10.dll
0x73f40000 - 0x740de000 	C:\Windows\WinSxS\x86_microsoft.windows.common-controls_6595b64144ccf1df_6.0.7600.16385_none_421189da2b7fabfc\COMCTL32.dll
0x753d0000 - 0x75427000 	C:\Windows\system32\SHLWAPI.dll
0x75af0000 - 0x75b0f000 	C:\Windows\system32\IMM32.DLL
0x759a0000 - 0x75a6c000 	C:\Windows\system32\MSCTF.dll
0x5cc00000 - 0x5ccbf000 	C:\Program Files\Java\jdk1.8.0_101\jre\bin\msvcr100.dll
0x5c830000 - 0x5cbfc000 	C:\Program Files\Java\jdk1.8.0_101\jre\bin\client\jvm.dll
0x70670000 - 0x70677000 	C:\Windows\system32\WSOCK32.dll
0x77170000 - 0x771a5000 	C:\Windows\system32\WS2_32.dll
0x770c0000 - 0x770c6000 	C:\Windows\system32\NSI.dll
0x70990000 - 0x709c2000 	C:\Windows\system32\WINMM.dll
0x745d0000 - 0x745d9000 	C:\Windows\system32\VERSION.dll
0x75430000 - 0x75435000 	C:\Windows\system32\PSAPI.DLL
0x5fa20000 - 0x5fa2c000 	C:\Program Files\Java\jdk1.8.0_101\jre\bin\verify.dll
0x5f9f0000 - 0x5fa11000 	C:\Program Files\Java\jdk1.8.0_101\jre\bin\java.dll
0x5f9d0000 - 0x5f9e3000 	C:\Program Files\Java\jdk1.8.0_101\jre\bin\zip.dll
0x75f70000 - 0x76bb9000 	C:\Windows\system32\SHELL32.dll
0x75840000 - 0x7599c000 	C:\Windows\system32\ole32.dll
0x750d0000 - 0x750db000 	C:\Windows\system32\profapi.dll
0x72e40000 - 0x72f2b000 	C:\Windows\system32\dbghelp.dll

VM Arguments:
jvm_args: -Djava.awt.headless=true -Xmx1024M -Dfile.encoding=windows-1252 -Duser.country=US -Duser.language=en -Duser.variant 
java_command: com.android.dx.command.Main --dex --num-threads=4 --multi-dex --main-dex-list E:\SandeepProjectResources\MobipugNew\Mobipug27.10.18\MobipugSource\app\build\intermediates\multi-dex\debug\maindexlist.txt --output E:\SandeepProjectResources\MobipugNew\Mobipug27.10.18\MobipugSource\app\build\intermediates\transforms\dex\debug\folders\1000\1f\main E:\SandeepProjectResources\MobipugNew\Mobipug27.10.18\MobipugSource\app\build\intermediates\transforms\jarMerging\debug\jars\1\1f\combined.jar
java_class_path (initial): C:\Users\android-4\AppData\Local\Android\Sdk\build-tools\26.0.2\lib\dx.jar
Launcher Type: SUN_STANDARD

Environment Variables:
PATH=C:\ProgramData\Oracle\Java\javapath;C:\Windows\system32;C:\Windows;C:\Windows\System32\Wbem;C:\Windows\System32\WindowsPowerShell\v1.0\;C:\Program Files\Intel\OpenCL SDK\2.0\bin\x86;C:\Program Files\Skype\Phone\
USERNAME=android-4
OS=Windows_NT
PROCESSOR_IDENTIFIER=x86 Family 6 Model 42 Stepping 7, GenuineIntel



---------------  S Y S T E M  ---------------

OS: Windows 7 Build 7600 (6.1.7600.16385)

CPU:total 4 (2 cores per cpu, 2 threads per core) family 6 model 42 stepping 7, cmov, cx8, fxsr, mmx, sse, sse2, sse3, ssse3, sse4.1, sse4.2, popcnt, clmul, ht, tsc, tscinvbit

Memory: 4k page, physical 3578328k(752060k free), swap 24056564k(20167496k free)

vm_info: Java HotSpot(TM) Client VM (25.101-b13) for windows-x86 JRE (1.8.0_101-b13), built on Jun 22 2016 00:45:44 by "java_re" with MS VC++ 10.0 (VS2010)

time: Sat Nov 03 22:05:28 2018
elapsed time: 5 seconds (0d 0h 0m 5s)

