#
# A fatal error has been detected by the Java Runtime Environment:
#
#  EXCEPTION_ACCESS_VIOLATION (0xc0000005) at pc=0x5b95d71d, pid=2744, tid=0x000014d0
#
# JRE version: Java(TM) SE Runtime Environment (8.0_101-b13) (build 1.8.0_101-b13)
# Java VM: Java HotSpot(TM) Client VM (25.101-b13 mixed mode windows-x86 )
# Problematic frame:
# V  [jvm.dll+0xbd71d]
#
# Failed to write core dump. Minidumps are not enabled by default on client versions of Windows
#
# If you would like to submit a bug report, please visit:
#   http://bugreport.java.com/bugreport/crash.jsp
#

---------------  T H R E A D  ---------------

Current thread (0x443da800):  VMThread [stack: 0x00ae0000,0x00b30000] [id=5328]

siginfo: ExceptionCode=0xc0000005, reading address 0x00000400

Registers:
EAX=0x216ec0dc, EBX=0x0000001f, ECX=0x44575068, EDX=0x0000003d
ESP=0x00b2ee40, EBP=0x00b2ee44, ESI=0x00000400, EDI=0x216ec150
EIP=0x5b95d71d, EFLAGS=0x00010206

Top of Stack: (sp=0x00b2ee40)
0x00b2ee40:   216ec0dc 00b2ee60 5b972c98 216ec0dc
0x00b2ee50:   216ec0c8 44298fe8 4455140c 0000001f
0x00b2ee60:   00b2ee78 5b972e0d 216ec0c8 00000000
0x00b2ee70:   5bc094cc 44551408 00b2ee98 5ba54db1
0x00b2ee80:   193c0670 5bc094cc 44551408 4455140c
0x00b2ee90:   5bc094cc 44551408 00b2eea4 5ba54fac
0x00b2eea0:   00000003 00b2eec0 5b9f883a 44551408
0x00b2eeb0:   44586c00 5bc094cc 00000000 44586188 

Instructions: (pc=0x5b95d71d)
0x5b95d6fd:   5f 5e 5d c2 04 00 cc cc cc cc cc cc cc cc cc cc
0x5b95d70d:   cc cc cc 55 8b ec 8b 45 08 56 8b 30 85 f6 74 6e
0x5b95d71d:   8b 0e 83 e1 03 80 f9 03 74 64 80 3d 34 fb c2 5b
0x5b95d72d:   00 74 09 56 e8 8a 80 1a 00 83 c4 04 57 8b 3e c7 


Register to memory mapping:

EAX=0x216ec0dc is pointing into object: 0x216ec0c8
[Lcom.android.dx.dex.code.CodeAddress; 
 - klass: 'com/android/dx/dex/code/CodeAddress'[]
 - length: 31
EBX=0x0000001f is an unknown value
ECX=0x44575068 is an unknown value
EDX=0x0000003d is an unknown value
ESP=0x00b2ee40 is an unknown value
EBP=0x00b2ee44 is an unknown value
ESI=0x00000400 is an unknown value
EDI=0x216ec150 is an oop
[Lcom.android.dx.dex.code.CodeAddress; 
 - klass: 'com/android/dx/dex/code/CodeAddress'[]
 - length: 31


Stack: [0x00ae0000,0x00b30000],  sp=0x00b2ee40,  free space=315k
Native frames: (J=compiled Java code, j=interpreted, Vv=VM code, C=native code)
V  [jvm.dll+0xbd71d]
V  [jvm.dll+0xd2c98]
V  [jvm.dll+0xd2e0d]
V  [jvm.dll+0x1b4db1]
V  [jvm.dll+0x1b4fac]
V  [jvm.dll+0x15883a]
V  [jvm.dll+0x179eef]
V  [jvm.dll+0x1789ea]
V  [jvm.dll+0x97fb0]
V  [jvm.dll+0x992a1]
V  [jvm.dll+0x9b020]
V  [jvm.dll+0x9b489]
V  [jvm.dll+0x9a27f]
V  [jvm.dll+0xa64b2]
V  [jvm.dll+0x98e73]
V  [jvm.dll+0x92e25]
V  [jvm.dll+0x1b81c6]
V  [jvm.dll+0x18292b]
V  [jvm.dll+0x181d31]
V  [jvm.dll+0x182147]
V  [jvm.dll+0x182342]
V  [jvm.dll+0x1c1ed6]
C  [msvcr100.dll+0x5c556]
C  [msvcr100.dll+0x5c600]
C  [kernel32.dll+0x51174]
C  [ntdll.dll+0x5b3f5]
C  [ntdll.dll+0x5b3c8]

VM_Operation (0x4491f038): GenCollectForAllocation, mode: safepoint, requested by thread 0x44554c00


---------------  P R O C E S S  ---------------

Java Threads: ( => current thread )
  0x44586c00 JavaThread "pool-2-thread-4" [_thread_blocked, id=5392, stack(0x44a70000,0x44ac0000)]
  0x44583c00 JavaThread "pool-2-thread-3" [_thread_blocked, id=4828, stack(0x44780000,0x447d0000)]
  0x44554c00 JavaThread "pool-2-thread-2" [_thread_blocked, id=5464, stack(0x448d0000,0x44920000)]
  0x44554000 JavaThread "pool-3-thread-1" [_thread_blocked, id=4428, stack(0x44930000,0x44980000)]
  0x44553800 JavaThread "pool-2-thread-1" [_thread_blocked, id=5368, stack(0x447d0000,0x44820000)]
  0x4443c800 JavaThread "Service Thread" daemon [_thread_blocked, id=5680, stack(0x03d70000,0x03dc0000)]
  0x4442a000 JavaThread "C1 CompilerThread0" daemon [_thread_blocked, id=4936, stack(0x44710000,0x44760000)]
  0x44429000 JavaThread "Attach Listener" daemon [_thread_blocked, id=5728, stack(0x446a0000,0x446f0000)]
  0x44426000 JavaThread "Signal Dispatcher" daemon [_thread_blocked, id=5108, stack(0x44630000,0x44680000)]
  0x44406c00 JavaThread "Finalizer" daemon [_thread_blocked, id=4472, stack(0x010d0000,0x01120000)]
  0x443e0400 JavaThread "Reference Handler" daemon [_thread_blocked, id=4404, stack(0x445c0000,0x44610000)]
  0x00adbc00 JavaThread "main" [_thread_blocked, id=6024, stack(0x00b80000,0x00bd0000)]

Other Threads:
=>0x443da800 VMThread [stack: 0x00ae0000,0x00b30000] [id=5328]
  0x4441fc00 WatcherThread [stack: 0x44850000,0x448a0000] [id=4876]

VM state:at safepoint (normal execution)

VM Mutex/Monitor currently owned by a thread:  ([mutex/lock_event])
[0x00ada1d0] Threads_lock - owner thread: 0x443da800
[0x00ada5e0] Heap_lock - owner thread: 0x44554c00

Heap:
 def new generation   total 72320K, used 8000K [0x03e00000, 0x08c70000, 0x19350000)
  eden space 64320K,   0% used [0x03e00000, 0x03e00000, 0x07cd0000)
  from space 8000K, 100% used [0x07cd0000, 0x084a0000, 0x084a0000)
  to   space 8000K,   0% used [0x084a0000, 0x084a0000, 0x08c70000)
 tenured generation   total 166140K, used 166057K [0x19350000, 0x2358f000, 0x43e00000)
   the space 166140K,  99% used [0x19350000, 0x2357a478, 0x2357a600, 0x2358f000)
 Metaspace       used 3526K, capacity 3558K, committed 3648K, reserved 4480K

Card table byte_map: [0x00ea0000,0x010b0000] byte_map_base: 0x00e81000

Polling page: 0x00150000

CodeCache: size=32768Kb used=3402Kb max_used=3402Kb free=29365Kb
 bounds [0x01d70000, 0x020c8000, 0x03d70000]
 total_blobs=1779 nmethods=1634 adapters=75
 compilation: enabled

Compilation events (10 events):
Event: 3.970 Thread 0x4442a000 1632   !         com.android.dx.cf.attrib.AttInnerClasses::<init> (43 bytes)
Event: 3.970 Thread 0x4442a000 nmethod 1632 0x020c1d48 code [0x020c1e60, 0x020c2028]
Event: 3.971 Thread 0x4442a000 1633             com.android.dx.cf.attrib.AttInnerClasses::byteLength (14 bytes)
Event: 3.971 Thread 0x4442a000 nmethod 1633 0x020c2188 code [0x020c2280, 0x020c2310]
Event: 4.003 Thread 0x4442a000 1634             java.util.concurrent.FutureTask::report (37 bytes)
Event: 4.003 Thread 0x4442a000 nmethod 1634 0x020c23c8 code [0x020c24e0, 0x020c2668]
Event: 4.065 Thread 0x4442a000 1635             com.android.dx.command.dexer.Main$ClassTranslatorTask::call (5 bytes)
Event: 4.065 Thread 0x4442a000 nmethod 1635 0x020c2788 code [0x020c2890, 0x020c292c]
Event: 4.066 Thread 0x4442a000 1636             com.android.dx.command.dexer.Main$ClassTranslatorTask::call (18 bytes)
Event: 4.066 Thread 0x4442a000 nmethod 1636 0x020c2a08 code [0x020c2b10, 0x020c2bac]

GC Heap History (10 events):
Event: 3.425 GC heap after
Heap after GC invocations=57 (full 5):
 def new generation   total 72320K, used 8000K [0x03e00000, 0x08c70000, 0x19350000)
  eden space 64320K,   0% used [0x03e00000, 0x03e00000, 0x07cd0000)
  from space 8000K, 100% used [0x084a0000, 0x08c70000, 0x08c70000)
  to   space 8000K,   0% used [0x07cd0000, 0x07cd0000, 0x084a0000)
 tenured generation   total 160508K, used 120291K [0x19350000, 0x2300f000, 0x43e00000)
   the space 160508K,  74% used [0x19350000, 0x208c8fc8, 0x208c9000, 0x2300f000)
 Metaspace       used 3526K, capacity 3558K, committed 3648K, reserved 4480K
}
Event: 3.551 GC heap before
{Heap before GC invocations=57 (full 5):
 def new generation   total 72320K, used 72320K [0x03e00000, 0x08c70000, 0x19350000)
  eden space 64320K, 100% used [0x03e00000, 0x07cd0000, 0x07cd0000)
  from space 8000K, 100% used [0x084a0000, 0x08c70000, 0x08c70000)
  to   space 8000K,   0% used [0x07cd0000, 0x07cd0000, 0x084a0000)
 tenured generation   total 160508K, used 120291K [0x19350000, 0x2300f000, 0x43e00000)
   the space 160508K,  74% used [0x19350000, 0x208c8fc8, 0x208c9000, 0x2300f000)
 Metaspace       used 3526K, capacity 3558K, committed 3648K, reserved 4480K
Event: 3.601 GC heap after
Heap after GC invocations=58 (full 5):
 def new generation   total 72320K, used 8000K [0x03e00000, 0x08c70000, 0x19350000)
  eden space 64320K,   0% used [0x03e00000, 0x03e00000, 0x07cd0000)
  from space 8000K, 100% used [0x07cd0000, 0x084a0000, 0x084a0000)
  to   space 8000K,   0% used [0x084a0000, 0x084a0000, 0x08c70000)
 tenured generation   total 160508K, used 131083K [0x19350000, 0x2300f000, 0x43e00000)
   the space 160508K,  81% used [0x19350000, 0x21352e28, 0x21353000, 0x2300f000)
 Metaspace       used 3526K, capacity 3558K, committed 3648K, reserved 4480K
}
Event: 3.720 GC heap before
{Heap before GC invocations=58 (full 5):
 def new generation   total 72320K, used 72320K [0x03e00000, 0x08c70000, 0x19350000)
  eden space 64320K, 100% used [0x03e00000, 0x07cd0000, 0x07cd0000)
  from space 8000K, 100% used [0x07cd0000, 0x084a0000, 0x084a0000)
  to   space 8000K,   0% used [0x084a0000, 0x084a0000, 0x08c70000)
 tenured generation   total 160508K, used 131083K [0x19350000, 0x2300f000, 0x43e00000)
   the space 160508K,  81% used [0x19350000, 0x21352e28, 0x21353000, 0x2300f000)
 Metaspace       used 3526K, capacity 3558K, committed 3648K, reserved 4480K
Event: 3.760 GC heap after
Heap after GC invocations=59 (full 5):
 def new generation   total 72320K, used 8000K [0x03e00000, 0x08c70000, 0x19350000)
  eden space 64320K,   0% used [0x03e00000, 0x03e00000, 0x07cd0000)
  from space 8000K, 100% used [0x084a0000, 0x08c70000, 0x08c70000)
  to   space 8000K,   0% used [0x07cd0000, 0x07cd0000, 0x084a0000)
 tenured generation   total 160508K, used 139654K [0x19350000, 0x2300f000, 0x43e00000)
   the space 160508K,  87% used [0x19350000, 0x21bb18f8, 0x21bb1a00, 0x2300f000)
 Metaspace       used 3526K, capacity 3558K, committed 3648K, reserved 4480K
}
Event: 3.863 GC heap before
{Heap before GC invocations=59 (full 5):
 def new generation   total 72320K, used 72320K [0x03e00000, 0x08c70000, 0x19350000)
  eden space 64320K, 100% used [0x03e00000, 0x07cd0000, 0x07cd0000)
  from space 8000K, 100% used [0x084a0000, 0x08c70000, 0x08c70000)
  to   space 8000K,   0% used [0x07cd0000, 0x07cd0000, 0x084a0000)
 tenured generation   total 160508K, used 139654K [0x19350000, 0x2300f000, 0x43e00000)
   the space 160508K,  87% used [0x19350000, 0x21bb18f8, 0x21bb1a00, 0x2300f000)
 Metaspace       used 3526K, capacity 3558K, committed 3648K, reserved 4480K
Event: 3.906 GC heap after
Heap after GC invocations=60 (full 5):
 def new generation   total 72320K, used 8000K [0x03e00000, 0x08c70000, 0x19350000)
  eden space 64320K,   0% used [0x03e00000, 0x03e00000, 0x07cd0000)
  from space 8000K, 100% used [0x07cd0000, 0x084a0000, 0x084a0000)
  to   space 8000K,   0% used [0x084a0000, 0x084a0000, 0x08c70000)
 tenured generation   total 160508K, used 149367K [0x19350000, 0x2300f000, 0x43e00000)
   the space 160508K,  93% used [0x19350000, 0x2252df58, 0x2252e000, 0x2300f000)
 Metaspace       used 3526K, capacity 3558K, committed 3648K, reserved 4480K
}
Event: 4.009 GC heap before
{Heap before GC invocations=60 (full 5):
 def new generation   total 72320K, used 72320K [0x03e00000, 0x08c70000, 0x19350000)
  eden space 64320K, 100% used [0x03e00000, 0x07cd0000, 0x07cd0000)
  from space 8000K, 100% used [0x07cd0000, 0x084a0000, 0x084a0000)
  to   space 8000K,   0% used [0x084a0000, 0x084a0000, 0x08c70000)
 tenured generation   total 160508K, used 149367K [0x19350000, 0x2300f000, 0x43e00000)
   the space 160508K,  93% used [0x19350000, 0x2252df58, 0x2252e000, 0x2300f000)
 Metaspace       used 3526K, capacity 3558K, committed 3648K, reserved 4480K
Event: 4.048 GC heap after
Heap after GC invocations=61 (full 5):
 def new generation   total 72320K, used 8000K [0x03e00000, 0x08c70000, 0x19350000)
  eden space 64320K,   0% used [0x03e00000, 0x03e00000, 0x07cd0000)
  from space 8000K, 100% used [0x084a0000, 0x08c70000, 0x08c70000)
  to   space 8000K,   0% used [0x07cd0000, 0x07cd0000, 0x084a0000)
 tenured generation   total 160508K, used 157419K [0x19350000, 0x2300f000, 0x43e00000)
   the space 160508K,  98% used [0x19350000, 0x22d0ae08, 0x22d0b000, 0x2300f000)
 Metaspace       used 3526K, capacity 3558K, committed 3648K, reserved 4480K
}
Event: 4.178 GC heap before
{Heap before GC invocations=61 (full 5):
 def new generation   total 72320K, used 72320K [0x03e00000, 0x08c70000, 0x19350000)
  eden space 64320K, 100% used [0x03e00000, 0x07cd0000, 0x07cd0000)
  from space 8000K, 100% used [0x084a0000, 0x08c70000, 0x08c70000)
  to   space 8000K,   0% used [0x07cd0000, 0x07cd0000, 0x084a0000)
 tenured generation   total 160508K, used 157419K [0x19350000, 0x2300f000, 0x43e00000)
   the space 160508K,  98% used [0x19350000, 0x22d0ae08, 0x22d0b000, 0x2300f000)
 Metaspace       used 3526K, capacity 3558K, committed 3648K, reserved 4480K

Deoptimization events (0 events):
No events

Internal exceptions (5 events):
Event: 0.025 Thread 0x00adbc00 Exception <a 'java/lang/NoSuchMethodError': Method sun.misc.Unsafe.defineClass(Ljava/lang/String;[BII)Ljava/lang/Class; name or signature does not match> (0x03e06ea8) thrown at [C:\re\workspace\8-2-build-windows-i586-cygwin\jdk8u101\7261\hotspot\src\share\Ž•X…™?
Event: 0.025 Thread 0x00adbc00 Exception <a 'java/lang/NoSuchMethodError': Method sun.misc.Unsafe.prefetchRead(Ljava/lang/Object;J)V name or signature does not match> (0x03e07178) thrown at [C:\re\workspace\8-2-build-windows-i586-cygwin\jdk8u101\7261\hotspot\src\share\vm\prims\jni.cpp, $½«Ä?é?
Event: 0.789 Thread 0x44583c00 Exception <a 'java/lang/ArrayIndexOutOfBoundsException': 18> (0x03fb29b8) thrown at [C:\re\workspace\8-2-build-windows-i586-cygwin\jdk8u101\7261\hotspot\src\share\vm\interpreter\interpreterRuntime.cpp, line 366]
Event: 0.789 Thread 0x44583c00 Exception <a 'java/lang/ArrayIndexOutOfBoundsException': 145> (0x03ff2150) thrown at [C:\re\workspace\8-2-build-windows-i586-cygwin\jdk8u101\7261\hotspot\src\share\vm\interpreter\interpreterRuntime.cpp, line 366]
Event: 0.790 Thread 0x44583c00 Exception <a 'java/lang/ArrayIndexOutOfBoundsException': 40> (0x03ff3230) thrown at [C:\re\workspace\8-2-build-windows-i586-cygwin\jdk8u101\7261\hotspot\src\share\vm\interpreter\interpreterRuntime.cpp, line 366]

Events (10 events):
Event: 3.425 Executing VM operation: GenCollectForAllocation done
Event: 3.551 Executing VM operation: GenCollectForAllocation
Event: 3.601 Executing VM operation: GenCollectForAllocation done
Event: 3.720 Executing VM operation: GenCollectForAllocation
Event: 3.760 Executing VM operation: GenCollectForAllocation done
Event: 3.863 Executing VM operation: GenCollectForAllocation
Event: 3.906 Executing VM operation: GenCollectForAllocation done
Event: 4.009 Executing VM operation: GenCollectForAllocation
Event: 4.048 Executing VM operation: GenCollectForAllocation done
Event: 4.178 Executing VM operation: GenCollectForAllocation


Dynamic libraries:
0x01130000 - 0x01163000 	C:\Program Files\Java\jdk1.8.0_101\bin\java.exe
0x775b0000 - 0x776ec000 	C:\Windows\SYSTEM32\ntdll.dll
0x771d0000 - 0x772a4000 	C:\Windows\system32\kernel32.dll
0x758c0000 - 0x7590a000 	C:\Windows\system32\KERNELBASE.dll
0x762f0000 - 0x76390000 	C:\Windows\system32\ADVAPI32.dll
0x76390000 - 0x7643c000 	C:\Windows\system32\msvcrt.dll
0x75cb0000 - 0x75cc9000 	C:\Windows\SYSTEM32\sechost.dll
0x75f70000 - 0x76011000 	C:\Windows\system32\RPCRT4.dll
0x76020000 - 0x760e9000 	C:\Windows\system32\USER32.dll
0x76100000 - 0x7614e000 	C:\Windows\system32\GDI32.dll
0x760f0000 - 0x760fa000 	C:\Windows\system32\LPK.dll
0x75d60000 - 0x75dfd000 	C:\Windows\system32\USP10.dll
0x74470000 - 0x7460e000 	C:\Windows\WinSxS\x86_microsoft.windows.common-controls_6595b64144ccf1df_6.0.7600.16385_none_421189da2b7fabfc\COMCTL32.dll
0x76150000 - 0x761a7000 	C:\Windows\system32\SHLWAPI.dll
0x776f0000 - 0x7770f000 	C:\Windows\system32\IMM32.DLL
0x77100000 - 0x771cc000 	C:\Windows\system32\MSCTF.dll
0x5d220000 - 0x5d2df000 	C:\Program Files\Java\jdk1.8.0_101\jre\bin\msvcr100.dll
0x5b8a0000 - 0x5bc6c000 	C:\Program Files\Java\jdk1.8.0_101\jre\bin\client\jvm.dll
0x70ce0000 - 0x70ce7000 	C:\Windows\system32\WSOCK32.dll
0x777a0000 - 0x777d5000 	C:\Windows\system32\WS2_32.dll
0x77090000 - 0x77096000 	C:\Windows\system32\NSI.dll
0x70590000 - 0x705c2000 	C:\Windows\system32\WINMM.dll
0x74c00000 - 0x74c09000 	C:\Windows\system32\VERSION.dll
0x770f0000 - 0x770f5000 	C:\Windows\system32\PSAPI.DLL
0x65ce0000 - 0x65cec000 	C:\Program Files\Java\jdk1.8.0_101\jre\bin\verify.dll
0x65cb0000 - 0x65cd1000 	C:\Program Files\Java\jdk1.8.0_101\jre\bin\java.dll
0x65c80000 - 0x65c93000 	C:\Program Files\Java\jdk1.8.0_101\jre\bin\zip.dll
0x76440000 - 0x77089000 	C:\Windows\system32\SHELL32.dll
0x75e00000 - 0x75f5c000 	C:\Windows\system32\ole32.dll
0x75700000 - 0x7570b000 	C:\Windows\system32\profapi.dll
0x73520000 - 0x7360b000 	C:\Windows\system32\dbghelp.dll

VM Arguments:
jvm_args: -Djava.awt.headless=true -Xmx1024M -Dfile.encoding=windows-1252 -Duser.country=US -Duser.language=en -Duser.variant 
java_command: com.android.dx.command.Main --dex --num-threads=4 --multi-dex --main-dex-list E:\SandeepProjectResources\MobipugNew\MobipugSource\app\build\intermediates\multi-dex\debug\maindexlist.txt --output E:\SandeepProjectResources\MobipugNew\MobipugSource\app\build\intermediates\transforms\dex\debug\folders\1000\1f\main E:\SandeepProjectResources\MobipugNew\MobipugSource\app\build\intermediates\transforms\jarMerging\debug\jars\1\1f\combined.jar
java_class_path (initial): C:\Users\android-4\AppData\Local\Android\Sdk\build-tools\26.0.2\lib\dx.jar
Launcher Type: SUN_STANDARD

Environment Variables:
PATH=C:\ProgramData\Oracle\Java\javapath;C:\Windows\system32;C:\Windows;C:\Windows\System32\Wbem;C:\Windows\System32\WindowsPowerShell\v1.0\;C:\Program Files\Intel\OpenCL SDK\2.0\bin\x86;C:\Program Files\Skype\Phone\
USERNAME=android-4
OS=Windows_NT
PROCESSOR_IDENTIFIER=x86 Family 6 Model 42 Stepping 7, GenuineIntel



---------------  S Y S T E M  ---------------

OS: Windows 7 Build 7600 (6.1.7600.16385)

CPU:total 4 (2 cores per cpu, 2 threads per core) family 6 model 42 stepping 7, cmov, cx8, fxsr, mmx, sse, sse2, sse3, ssse3, sse4.1, sse4.2, popcnt, clmul, ht, tsc, tscinvbit

Memory: 4k page, physical 3578328k(601508k free), swap 24056564k(20154544k free)

vm_info: Java HotSpot(TM) Client VM (25.101-b13) for windows-x86 JRE (1.8.0_101-b13), built on Jun 22 2016 00:45:44 by "java_re" with MS VC++ 10.0 (VS2010)

time: Sat Oct 27 12:36:42 2018
elapsed time: 4 seconds (0d 0h 0m 4s)

