#
# A fatal error has been detected by the Java Runtime Environment:
#
#  EXCEPTION_ACCESS_VIOLATION (0xc0000005) at pc=0x51924da9, pid=5208, tid=0x00001128
#
# JRE version: Java(TM) SE Runtime Environment (8.0_101-b13) (build 1.8.0_101-b13)
# Java VM: Java HotSpot(TM) Client VM (25.101-b13 mixed mode windows-x86 )
# Problematic frame:
# V  [jvm.dll+0x1b4da9]
#
# Failed to write core dump. Minidumps are not enabled by default on client versions of Windows
#
# If you would like to submit a bug report, please visit:
#   http://bugreport.java.com/bugreport/crash.jsp
#

---------------  T H R E A D  ---------------

Current thread (0x445ea800):  VMThread [stack: 0x00ff0000,0x01040000] [id=4392]

siginfo: ExceptionCode=0xc0000005, reading address 0x00000089

Registers:
EAX=0x2f2c50d8, EBX=0x447b31e8, ECX=0x441702a8, EDX=0x00000001
ESP=0x0103eec0, EBP=0x0103eed8, ESI=0x447b31e0, EDI=0x51ad94cc
EIP=0x51924da9, EFLAGS=0x00010206

Top of Stack: (sp=0x0103eec0)
0x0103eec0:   2f2c50d8 51ad94cc 447b31e0 447b31e8
0x0103eed0:   51ad94cc 447b31e0 0103eee4 51924fac
0x0103eee0:   00000003 0103ef00 518c883a 447b31e0
0x0103eef0:   447b2c00 51ad94cc 00000000 447c0680
0x0103ef00:   0103f0e8 518e9eef 51ad94cc 00000002
0x0103ef10:   447b2c00 00000000 76720acc 00000ffc
0x0103ef20:   002335b4 00230000 562d0016 44ccc7e6
0x0103ef30:   0103f160 51ad94f0 0103f1e4 ffffffff 

Instructions: (pc=0x51924da9)
0x51924d89:   23 f0 29 35 50 94 ad 51 a3 4c 94 ad 51 8b c7 eb
0x51924d99:   09 48 a3 4c 94 ad 51 8b 04 81 8b 48 04 8b 11 50
0x51924da9:   8b 82 88 00 00 00 ff d0 8b 0d 58 94 ad 51 85 c9
0x51924db9:   0f 85 51 ff ff ff a1 7c 94 ad 51 85 c0 0f 84 b8 


Register to memory mapping:

EAX=
[error occurred during error reporting (printing register info), id 0xc0000005]

Stack: [0x00ff0000,0x01040000],  sp=0x0103eec0,  free space=315k
Native frames: (J=compiled Java code, j=interpreted, Vv=VM code, C=native code)
V  [jvm.dll+0x1b4da9]
V  [jvm.dll+0x1b4fac]
V  [jvm.dll+0x15883a]
V  [jvm.dll+0x179eef]
V  [jvm.dll+0x1789ea]
V  [jvm.dll+0x97fb0]
V  [jvm.dll+0x992a1]
V  [jvm.dll+0x9b020]
V  [jvm.dll+0x9b489]
V  [jvm.dll+0x9a27f]
V  [jvm.dll+0xa64b2]
V  [jvm.dll+0x98e73]
V  [jvm.dll+0x92e25]
V  [jvm.dll+0x1b81c6]
V  [jvm.dll+0x18292b]
V  [jvm.dll+0x181d31]
V  [jvm.dll+0x182147]
V  [jvm.dll+0x182342]
V  [jvm.dll+0x1c1ed6]
C  [msvcr100.dll+0x5c556]
C  [msvcr100.dll+0x5c600]
C  [kernel32.dll+0x51174]
C  [ntdll.dll+0x5b3f5]
C  [ntdll.dll+0x5b3c8]

VM_Operation (0x449bf044): GenCollectForAllocation, mode: safepoint, requested by thread 0x4477e000


---------------  P R O C E S S  ---------------

Java Threads: ( => current thread )
  0x447b2c00 JavaThread "pool-2-thread-4" [_thread_blocked, id=5976, stack(0x44c60000,0x44cb0000)]
  0x447bfc00 JavaThread "pool-2-thread-3" [_thread_blocked, id=4540, stack(0x44c00000,0x44c50000)]
  0x44784000 JavaThread "pool-2-thread-2" [_thread_blocked, id=3432, stack(0x00b80000,0x00bd0000)]
  0x44783800 JavaThread "pool-3-thread-1" [_thread_blocked, id=1416, stack(0x449e0000,0x44a30000)]
  0x4477e000 JavaThread "pool-2-thread-1" [_thread_blocked, id=3404, stack(0x44970000,0x449c0000)]
  0x44654c00 JavaThread "Service Thread" daemon [_thread_blocked, id=2552, stack(0x00f60000,0x00fb0000)]
  0x4463a000 JavaThread "C1 CompilerThread0" daemon [_thread_blocked, id=5556, stack(0x03db0000,0x03e00000)]
  0x44639000 JavaThread "Attach Listener" daemon [_thread_blocked, id=2340, stack(0x448d0000,0x44920000)]
  0x44636000 JavaThread "Signal Dispatcher" daemon [_thread_blocked, id=1520, stack(0x001e0000,0x00230000)]
  0x44616c00 JavaThread "Finalizer" daemon [_thread_blocked, id=5112, stack(0x03d20000,0x03d70000)]
  0x445f0400 JavaThread "Reference Handler" daemon [_thread_blocked, id=3488, stack(0x00be0000,0x00c30000)]
  0x0023bc00 JavaThread "main" [_thread_blocked, id=6028, stack(0x00c30000,0x00c80000)]

Other Threads:
=>0x445ea800 VMThread [stack: 0x00ff0000,0x01040000] [id=4392]
  0x4462f800 WatcherThread [stack: 0x44a40000,0x44a90000] [id=2388]

VM state:at safepoint (normal execution)

VM Mutex/Monitor currently owned by a thread:  ([mutex/lock_event])
[0x0023a230] Threads_lock - owner thread: 0x445ea800
[0x0023a640] Heap_lock - owner thread: 0x4477e000

Heap:
 def new generation   total 314560K, used 279616K [0x03e00000, 0x19350000, 0x19350000)
  eden space 279616K, 100% used [0x03e00000, 0x14f10000, 0x14f10000)
  from space 34944K,   0% used [0x17130000, 0x17130000, 0x19350000)
  to   space 34944K,   0% used [0x14f10000, 0x14f10000, 0x17130000)
 tenured generation   total 699072K, used 656576K [0x19350000, 0x43e00000, 0x43e00000)
   the space 699072K,  93% used [0x19350000, 0x414803a8, 0x41480400, 0x43e00000)
 Metaspace       used 3551K, capacity 3598K, committed 3648K, reserved 4480K

Card table byte_map: [0x43e00000,0x44010000] byte_map_base: 0x43de1000

Polling page: 0x00190000

CodeCache: size=32768Kb used=3652Kb max_used=3692Kb free=29115Kb
 bounds [0x01cb0000, 0x02050000, 0x03cb0000]
 total_blobs=1906 nmethods=1759 adapters=77
 compilation: enabled

Compilation events (10 events):
Event: 25.486 Thread 0x4463a000 1770             java.util.HashMap$TreeNode::split (218 bytes)
Event: 25.486 Thread 0x4463a000 nmethod 1770 0x0204a548 code [0x0204a6c0, 0x0204abc0]
Event: 25.614 Thread 0x4463a000 1771 % !         java.util.concurrent.ThreadPoolExecutor::runWorker @ 21 (225 bytes)
Event: 25.615 Thread 0x4463a000 nmethod 1771% 0x01df8008 code [0x01df8200, 0x01df8964]
Event: 27.689 Thread 0x4463a000 1772   !         java.util.concurrent.ThreadPoolExecutor::addWorker (292 bytes)
Event: 27.690 Thread 0x4463a000 nmethod 1772 0x01ec31c8 code [0x01ec3390, 0x01ec3964]
Event: 27.691 Thread 0x4463a000 1773             java.util.concurrent.ThreadPoolExecutor::isShutdown (19 bytes)
Event: 27.691 Thread 0x4463a000 nmethod 1773 0x01e2d588 code [0x01e2d680, 0x01e2d730]
Event: 28.005 Thread 0x4463a000 1774             java.util.concurrent.ThreadPoolExecutor$CallerRunsPolicy::rejectedExecution (14 bytes)
Event: 28.005 Thread 0x4463a000 nmethod 1774 0x01e2d2c8 code [0x01e2d3d0, 0x01e2d4ac]

GC Heap History (10 events):
Event: 16.848 GC heap after
Heap after GC invocations=102 (full 8):
 def new generation   total 314560K, used 24470K [0x03e00000, 0x19350000, 0x19350000)
  eden space 279616K,   0% used [0x03e00000, 0x03e00000, 0x14f10000)
  from space 34944K,  70% used [0x14f10000, 0x166f59c8, 0x17130000)
  to   space 34944K,   0% used [0x17130000, 0x17130000, 0x19350000)
 tenured generation   total 699072K, used 627229K [0x19350000, 0x43e00000, 0x43e00000)
   the space 699072K,  89% used [0x19350000, 0x3f7d7640, 0x3f7d7800, 0x43e00000)
 Metaspace       used 3551K, capacity 3598K, committed 3648K, reserved 4480K
}
Event: 18.270 GC heap before
{Heap before GC invocations=102 (full 8):
 def new generation   total 314560K, used 304086K [0x03e00000, 0x19350000, 0x19350000)
  eden space 279616K, 100% used [0x03e00000, 0x14f10000, 0x14f10000)
  from space 34944K,  70% used [0x14f10000, 0x166f59c8, 0x17130000)
  to   space 34944K,   0% used [0x17130000, 0x17130000, 0x19350000)
 tenured generation   total 699072K, used 627229K [0x19350000, 0x43e00000, 0x43e00000)
   the space 699072K,  89% used [0x19350000, 0x3f7d7640, 0x3f7d7800, 0x43e00000)
 Metaspace       used 3551K, capacity 3598K, committed 3648K, reserved 4480K
Event: 20.006 GC heap after
Heap after GC invocations=103 (full 9):
 def new generation   total 314560K, used 0K [0x03e00000, 0x19350000, 0x19350000)
  eden space 279616K,   0% used [0x03e00000, 0x03e00000, 0x14f10000)
  from space 34944K,   0% used [0x17130000, 0x17130000, 0x19350000)
  to   space 34944K,   0% used [0x14f10000, 0x14f10000, 0x17130000)
 tenured generation   total 699072K, used 678472K [0x19350000, 0x43e00000, 0x43e00000)
   the space 699072K,  97% used [0x19350000, 0x429e22a0, 0x429e2400, 0x43e00000)
 Metaspace       used 3551K, capacity 3598K, committed 3648K, reserved 4480K
}
Event: 21.219 GC heap before
{Heap before GC invocations=103 (full 9):
 def new generation   total 314560K, used 279616K [0x03e00000, 0x19350000, 0x19350000)
  eden space 279616K, 100% used [0x03e00000, 0x14f10000, 0x14f10000)
  from space 34944K,   0% used [0x17130000, 0x17130000, 0x19350000)
  to   space 34944K,   0% used [0x14f10000, 0x14f10000, 0x17130000)
 tenured generation   total 699072K, used 678472K [0x19350000, 0x43e00000, 0x43e00000)
   the space 699072K,  97% used [0x19350000, 0x429e22a0, 0x429e2400, 0x43e00000)
 Metaspace       used 3551K, capacity 3598K, committed 3648K, reserved 4480K
Event: 22.709 GC heap after
Heap after GC invocations=104 (full 10):
 def new generation   total 314560K, used 0K [0x03e00000, 0x19350000, 0x19350000)
  eden space 279616K,   0% used [0x03e00000, 0x03e00000, 0x14f10000)
  from space 34944K,   0% used [0x17130000, 0x17130000, 0x19350000)
  to   space 34944K,   0% used [0x14f10000, 0x14f10000, 0x17130000)
 tenured generation   total 699072K, used 662866K [0x19350000, 0x43e00000, 0x43e00000)
   the space 699072K,  94% used [0x19350000, 0x41aa4b40, 0x41aa4c00, 0x43e00000)
 Metaspace       used 3551K, capacity 3598K, committed 3648K, reserved 4480K
}
Event: 23.575 GC heap before
{Heap before GC invocations=104 (full 10):
 def new generation   total 314560K, used 279616K [0x03e00000, 0x19350000, 0x19350000)
  eden space 279616K, 100% used [0x03e00000, 0x14f10000, 0x14f10000)
  from space 34944K,   0% used [0x17130000, 0x17130000, 0x19350000)
  to   space 34944K,   0% used [0x14f10000, 0x14f10000, 0x17130000)
 tenured generation   total 699072K, used 662866K [0x19350000, 0x43e00000, 0x43e00000)
   the space 699072K,  94% used [0x19350000, 0x41aa4b40, 0x41aa4c00, 0x43e00000)
 Metaspace       used 3551K, capacity 3598K, committed 3648K, reserved 4480K
Event: 25.070 GC heap after
Heap after GC invocations=105 (full 11):
 def new generation   total 314560K, used 0K [0x03e00000, 0x19350000, 0x19350000)
  eden space 279616K,   0% used [0x03e00000, 0x03e00000, 0x14f10000)
  from space 34944K,   0% used [0x17130000, 0x17130000, 0x19350000)
  to   space 34944K,   0% used [0x14f10000, 0x14f10000, 0x17130000)
 tenured generation   total 699072K, used 690587K [0x19350000, 0x43e00000, 0x43e00000)
   the space 699072K,  98% used [0x19350000, 0x435b6eb8, 0x435b7000, 0x43e00000)
 Metaspace       used 3551K, capacity 3598K, committed 3648K, reserved 4480K
}
Event: 25.689 GC heap before
{Heap before GC invocations=105 (full 11):
 def new generation   total 314560K, used 279616K [0x03e00000, 0x19350000, 0x19350000)
  eden space 279616K, 100% used [0x03e00000, 0x14f10000, 0x14f10000)
  from space 34944K,   0% used [0x17130000, 0x17130000, 0x19350000)
  to   space 34944K,   0% used [0x14f10000, 0x14f10000, 0x17130000)
 tenured generation   total 699072K, used 690587K [0x19350000, 0x43e00000, 0x43e00000)
   the space 699072K,  98% used [0x19350000, 0x435b6eb8, 0x435b7000, 0x43e00000)
 Metaspace       used 3551K, capacity 3598K, committed 3648K, reserved 4480K
Event: 27.675 GC heap after
Heap after GC invocations=106 (full 12):
 def new generation   total 314560K, used 0K [0x03e00000, 0x19350000, 0x19350000)
  eden space 279616K,   0% used [0x03e00000, 0x03e00000, 0x14f10000)
  from space 34944K,   0% used [0x17130000, 0x17130000, 0x19350000)
  to   space 34944K,   0% used [0x14f10000, 0x14f10000, 0x17130000)
 tenured generation   total 699072K, used 656576K [0x19350000, 0x43e00000, 0x43e00000)
   the space 699072K,  93% used [0x19350000, 0x414803a8, 0x41480400, 0x43e00000)
 Metaspace       used 3551K, capacity 3598K, committed 3648K, reserved 4480K
}
Event: 28.145 GC heap before
{Heap before GC invocations=106 (full 12):
 def new generation   total 314560K, used 279616K [0x03e00000, 0x19350000, 0x19350000)
  eden space 279616K, 100% used [0x03e00000, 0x14f10000, 0x14f10000)
  from space 34944K,   0% used [0x17130000, 0x17130000, 0x19350000)
  to   space 34944K,   0% used [0x14f10000, 0x14f10000, 0x17130000)
 tenured generation   total 699072K, used 656576K [0x19350000, 0x43e00000, 0x43e00000)
   the space 699072K,  93% used [0x19350000, 0x414803a8, 0x41480400, 0x43e00000)
 Metaspace       used 3551K, capacity 3598K, committed 3648K, reserved 4480K

Deoptimization events (0 events):
No events

Internal exceptions (5 events):
Event: 0.029 Thread 0x0023bc00 Exception <a 'java/lang/NoSuchMethodError': Method sun.misc.Unsafe.defineClass(Ljava/lang/String;[BII)Ljava/lang/Class; name or signature does not match> (0x03e06ea8) thrown at [C:\re\workspace\8-2-build-windows-i586-cygwin\jdk8u101\7261\hotspot\src\share\B∑úíÁ‡ù?
Event: 0.029 Thread 0x0023bc00 Exception <a 'java/lang/NoSuchMethodError': Method sun.misc.Unsafe.prefetchRead(Ljava/lang/Object;J)V name or signature does not match> (0x03e07178) thrown at [C:\re\workspace\8-2-build-windows-i586-cygwin\jdk8u101\7261\hotspot\src\share\vm\prims\jni.cpp, ﬂÈìTΩPÏ?
Event: 0.885 Thread 0x4477e000 Exception <a 'java/lang/ArrayIndexOutOfBoundsException': 18> (0x04296020) thrown at [C:\re\workspace\8-2-build-windows-i586-cygwin\jdk8u101\7261\hotspot\src\share\vm\interpreter\interpreterRuntime.cpp, line 366]
Event: 0.885 Thread 0x4477e000 Exception <a 'java/lang/ArrayIndexOutOfBoundsException': 145> (0x042ed160) thrown at [C:\re\workspace\8-2-build-windows-i586-cygwin\jdk8u101\7261\hotspot\src\share\vm\interpreter\interpreterRuntime.cpp, line 366]
Event: 0.886 Thread 0x4477e000 Exception <a 'java/lang/ArrayIndexOutOfBoundsException': 40> (0x042ee240) thrown at [C:\re\workspace\8-2-build-windows-i586-cygwin\jdk8u101\7261\hotspot\src\share\vm\interpreter\interpreterRuntime.cpp, line 366]

Events (10 events):
Event: 25.615 Thread 0x4463a000 flushing nmethod 0x01e6fc48
Event: 25.615 Thread 0x4463a000 flushing nmethod 0x01e92e48
Event: 25.615 Thread 0x4463a000 flushing nmethod 0x01eaff48
Event: 25.615 Thread 0x4463a000 flushing nmethod 0x01ec3088
Event: 25.615 Thread 0x4463a000 flushing nmethod 0x01ec3688
Event: 25.616 Thread 0x4463a000 flushing nmethod 0x01f00f08
Event: 25.688 Executing VM operation: GenCollectForAllocation
Event: 27.675 Executing VM operation: GenCollectForAllocation done
Event: 27.691 Thread 0x4463a000 flushing nmethod 0x01f9dd88
Event: 28.145 Executing VM operation: GenCollectForAllocation


Dynamic libraries:
0x01070000 - 0x010a3000 	C:\Program Files\Java\jdk1.8.0_101\bin\java.exe
0x76f00000 - 0x7703c000 	C:\Windows\SYSTEM32\ntdll.dll
0x755f0000 - 0x756c4000 	C:\Windows\system32\kernel32.dll
0x751f0000 - 0x7523a000 	C:\Windows\system32\KERNELBASE.dll
0x753a0000 - 0x75440000 	C:\Windows\system32\ADVAPI32.dll
0x76520000 - 0x765cc000 	C:\Windows\system32\msvcrt.dll
0x75370000 - 0x75389000 	C:\Windows\SYSTEM32\sechost.dll
0x76470000 - 0x76511000 	C:\Windows\system32\RPCRT4.dll
0x756d0000 - 0x75799000 	C:\Windows\system32\USER32.dll
0x770e0000 - 0x7712e000 	C:\Windows\system32\GDI32.dll
0x75390000 - 0x7539a000 	C:\Windows\system32\LPK.dll
0x76b50000 - 0x76bed000 	C:\Windows\system32\USP10.dll
0x73dc0000 - 0x73f5e000 	C:\Windows\WinSxS\x86_microsoft.windows.common-controls_6595b64144ccf1df_6.0.7600.16385_none_421189da2b7fabfc\COMCTL32.dll
0x76af0000 - 0x76b47000 	C:\Windows\system32\SHLWAPI.dll
0x77040000 - 0x7705f000 	C:\Windows\system32\IMM32.DLL
0x76d30000 - 0x76dfc000 	C:\Windows\system32\MSCTF.dll
0x64db0000 - 0x64e6f000 	C:\Program Files\Java\jdk1.8.0_101\jre\bin\msvcr100.dll
0x51770000 - 0x51b3c000 	C:\Program Files\Java\jdk1.8.0_101\jre\bin\client\jvm.dll
0x70810000 - 0x70817000 	C:\Windows\system32\WSOCK32.dll
0x75440000 - 0x75475000 	C:\Windows\system32\WS2_32.dll
0x75350000 - 0x75356000 	C:\Windows\system32\NSI.dll
0x707c0000 - 0x707f2000 	C:\Windows\system32\WINMM.dll
0x74550000 - 0x74559000 	C:\Windows\system32\VERSION.dll
0x75360000 - 0x75365000 	C:\Windows\system32\PSAPI.DLL
0x720f0000 - 0x720fc000 	C:\Program Files\Java\jdk1.8.0_101\jre\bin\verify.dll
0x72070000 - 0x72091000 	C:\Program Files\Java\jdk1.8.0_101\jre\bin\java.dll
0x720b0000 - 0x720c3000 	C:\Program Files\Java\jdk1.8.0_101\jre\bin\zip.dll
0x75820000 - 0x76469000 	C:\Windows\system32\SHELL32.dll
0x75490000 - 0x755ec000 	C:\Windows\system32\ole32.dll
0x75050000 - 0x7505b000 	C:\Windows\system32\profapi.dll
0x72db0000 - 0x72e9b000 	C:\Windows\system32\dbghelp.dll

VM Arguments:
jvm_args: -Djava.awt.headless=true -Xmx1024M -Dfile.encoding=windows-1252 -Duser.country=US -Duser.language=en -Duser.variant 
java_command: com.android.dx.command.Main --dex --num-threads=4 --multi-dex --main-dex-list E:\SandeepProjectResources\MobipugNew\Mobipug27.10.18\MobipugSource\app\build\intermediates\multi-dex\debug\maindexlist.txt --output E:\SandeepProjectResources\MobipugNew\Mobipug27.10.18\MobipugSource\app\build\intermediates\transforms\dex\debug\folders\1000\1f\main E:\SandeepProjectResources\MobipugNew\Mobipug27.10.18\MobipugSource\app\build\intermediates\transforms\jarMerging\debug\jars\1\1f\combined.jar
java_class_path (initial): C:\Users\android-4\AppData\Local\Android\Sdk\build-tools\26.0.2\lib\dx.jar
Launcher Type: SUN_STANDARD

Environment Variables:
PATH=C:\ProgramData\Oracle\Java\javapath;C:\Windows\system32;C:\Windows;C:\Windows\System32\Wbem;C:\Windows\System32\WindowsPowerShell\v1.0\;C:\Program Files\Intel\OpenCL SDK\2.0\bin\x86;C:\Program Files\Skype\Phone\
USERNAME=android-4
OS=Windows_NT
PROCESSOR_IDENTIFIER=x86 Family 6 Model 42 Stepping 7, GenuineIntel



---------------  S Y S T E M  ---------------

OS: Windows 7 Build 7600 (6.1.7600.16385)

CPU:total 4 (2 cores per cpu, 2 threads per core) family 6 model 42 stepping 7, cmov, cx8, fxsr, mmx, sse, sse2, sse3, ssse3, sse4.1, sse4.2, popcnt, clmul, ht, tsc, tscinvbit

Memory: 4k page, physical 3578328k(330280k free), swap 24056564k(19190500k free)

vm_info: Java HotSpot(TM) Client VM (25.101-b13) for windows-x86 JRE (1.8.0_101-b13), built on Jun 22 2016 00:45:44 by "java_re" with MS VC++ 10.0 (VS2010)

time: Sat Nov 10 17:50:00 2018
elapsed time: 28 seconds (0d 0h 0m 28s)

