#
# A fatal error has been detected by the Java Runtime Environment:
#
#  EXCEPTION_ACCESS_VIOLATION (0xc0000005) at pc=0x527e5a38, pid=4920, tid=0x00000fbc
#
# JRE version: Java(TM) SE Runtime Environment (8.0_101-b13) (build 1.8.0_101-b13)
# Java VM: Java HotSpot(TM) Client VM (25.101-b13 mixed mode windows-x86 )
# Problematic frame:
# V  [jvm.dll+0xa5a38]
#
# Failed to write core dump. Minidumps are not enabled by default on client versions of Windows
#
# If you would like to submit a bug report, please visit:
#   http://bugreport.java.com/bugreport/crash.jsp
#

---------------  T H R E A D  ---------------

Current thread (0x4448a800):  VMThread [stack: 0x44770000,0x447c0000] [id=4028]

siginfo: ExceptionCode=0xc0000005, reading address 0x00000036

Registers:
EAX=0x00000000, EBX=0x447bf884, ECX=0x00000032, EDX=0x3ffffffe
ESP=0x447bf838, EBP=0x447bf860, ESI=0x06d2d010, EDI=0x06d8d0d8
EIP=0x527e5a38, EFLAGS=0x00010293

Top of Stack: (sp=0x447bf838)
0x447bf838:   005f2660 447bf884 00000001 005f2660
0x447bf848:   14f10000 06d2ce40 06d2d010 03e00000
0x447bf858:   00000000 3fcd7ee8 447bf874 527d9ba2
0x447bf868:   447bf884 005ef210 005ef210 447bf890
0x447bf878:   527d85bd 447bf884 005ef210 005f4050
0x447bf888:   005f4170 3fcd8000 447bf97c 527db4be
0x447bf898:   44478518 00663230 005f4050 52a1b934
0x447bf8a8:   00000100 00663230 00000000 054fbf93 

Instructions: (pc=0x527e5a38)
0x527e5a18:   8b 01 8b 90 94 00 00 00 53 57 56 ff d2 8d 34 be
0x527e5a28:   89 45 fc 89 75 f0 e9 e8 00 00 00 8b fe 8b 4f 04
0x527e5a38:   8b 41 04 85 c0 7e 09 a8 01 75 33 c1 f8 02 eb 36
0x527e5a48:   79 2c 8b 5f 08 8b 15 2c 8c aa 52 8b c8 83 e1 3f 


Register to memory mapping:

EAX=0x00000000 is an unknown value
EBX=0x447bf884 is an unknown value
ECX=0x00000032 is an unknown value
EDX=0x3ffffffe is pointing into object: 0x3fcd7e00

[error occurred during error reporting (printing register info), id 0xc0000005]

Stack: [0x44770000,0x447c0000],  sp=0x447bf838,  free space=318k
Native frames: (J=compiled Java code, j=interpreted, Vv=VM code, C=native code)
V  [jvm.dll+0xa5a38]
V  [jvm.dll+0x99ba2]
V  [jvm.dll+0x985bd]
V  [jvm.dll+0x9b4be]
V  [jvm.dll+0x9a27f]
V  [jvm.dll+0xa64b2]
V  [jvm.dll+0x98e73]
V  [jvm.dll+0x92e25]
V  [jvm.dll+0x1b81c6]
V  [jvm.dll+0x18292b]
V  [jvm.dll+0x181d31]
V  [jvm.dll+0x182147]
V  [jvm.dll+0x182342]
V  [jvm.dll+0x1c1ed6]
C  [msvcr100.dll+0x5c556]
C  [msvcr100.dll+0x5c600]
C  [kernel32.dll+0x51174]
C  [ntdll.dll+0x5b3f5]
C  [ntdll.dll+0x5b3c8]

VM_Operation (0x007ded44): GenCollectForAllocation, mode: safepoint, requested by thread 0x006fbc00


---------------  P R O C E S S  ---------------

Java Threads: ( => current thread )
  0x44655000 JavaThread "pool-2-thread-4" [_thread_blocked, id=4228, stack(0x44c80000,0x44cd0000)]
  0x44656c00 JavaThread "pool-2-thread-3" [_thread_blocked, id=5944, stack(0x44d60000,0x44db0000)]
  0x44658c00 JavaThread "pool-2-thread-2" [_thread_blocked, id=6104, stack(0x449f0000,0x44a40000)]
  0x44658400 JavaThread "pool-3-thread-1" [_thread_blocked, id=5728, stack(0x44bc0000,0x44c10000)]
  0x4462d000 JavaThread "pool-2-thread-1" [_thread_blocked, id=3900, stack(0x44b10000,0x44b60000)]
  0x444cec00 JavaThread "Service Thread" daemon [_thread_blocked, id=4784, stack(0x44670000,0x446c0000)]
  0x444da000 JavaThread "C1 CompilerThread0" daemon [_thread_blocked, id=4080, stack(0x03da0000,0x03df0000)]
  0x444d9000 JavaThread "Attach Listener" daemon [_thread_blocked, id=4552, stack(0x448c0000,0x44910000)]
  0x444d6000 JavaThread "Signal Dispatcher" daemon [_thread_blocked, id=4548, stack(0x44960000,0x449b0000)]
  0x444b6c00 JavaThread "Finalizer" daemon [_thread_blocked, id=5580, stack(0x44700000,0x44750000)]
  0x44490400 JavaThread "Reference Handler" daemon [_thread_blocked, id=4448, stack(0x01890000,0x018e0000)]
  0x006fbc00 JavaThread "main" [_thread_blocked, id=4036, stack(0x00790000,0x007e0000)]

Other Threads:
=>0x4448a800 VMThread [stack: 0x44770000,0x447c0000] [id=4028]
  0x444d0800 WatcherThread [stack: 0x44aa0000,0x44af0000] [id=5844]

VM state:at safepoint (normal execution)

VM Mutex/Monitor currently owned by a thread:  ([mutex/lock_event])
[0x006fa230] Threads_lock - owner thread: 0x4448a800
[0x006fa640] Heap_lock - owner thread: 0x006fbc00

Heap:
 def new generation   total 314560K, used 279616K [0x03e00000, 0x19350000, 0x19350000)
  eden space 279616K, 100% used [0x03e00000, 0x14f10000, 0x14f10000)
  from space 34944K,   0% used [0x17130000, 0x17130000, 0x19350000)
  to   space 34944K,   0% used [0x14f10000, 0x14f10000, 0x17130000)
 tenured generation   total 699072K, used 663311K [0x19350000, 0x43e00000, 0x43e00000)
   the space 699072K,  94% used [0x19350000, 0x41b13d50, 0x3fcd8000, 0x43e00000)
 Metaspace       used 3551K, capacity 3598K, committed 3648K, reserved 4480K

Card table byte_map: [0x43e00000,0x44010000] byte_map_base: 0x43de1000

Polling page: 0x00140000

CodeCache: size=32768Kb used=3719Kb max_used=3719Kb free=29049Kb
 bounds [0x01c30000, 0x01fd8000, 0x03c30000]
 total_blobs=1926 nmethods=1779 adapters=77
 compilation: enabled

Compilation events (10 events):
Event: 26.728 Thread 0x444da000 1777 %           com.android.dx.cf.direct.ClassPathOpener::processArchive @ 141 (221 bytes)
Event: 26.731 Thread 0x444da000 nmethod 1777% 0x01fcc408 code [0x01fcc680, 0x01fcd5b0]
Event: 28.373 Thread 0x444da000 1778             java.util.HashMap$TreeNode::split (218 bytes)
Event: 28.373 Thread 0x444da000 nmethod 1778 0x01fce6c8 code [0x01fce840, 0x01fced40]
Event: 28.419 Thread 0x444da000 1779   !         java.util.concurrent.ThreadPoolExecutor::addWorker (292 bytes)
Event: 28.420 Thread 0x444da000 nmethod 1779 0x01fcf508 code [0x01fcf6d0, 0x01fcfca4]
Event: 28.453 Thread 0x444da000 1780             java.util.concurrent.ThreadPoolExecutor::isShutdown (19 bytes)
Event: 28.453 Thread 0x444da000 nmethod 1780 0x01fd0748 code [0x01fd0840, 0x01fd08f0]
Event: 28.519 Thread 0x444da000 1781 % !         java.util.concurrent.ThreadPoolExecutor::runWorker @ 21 (225 bytes)
Event: 28.521 Thread 0x444da000 nmethod 1781% 0x01fd0988 code [0x01fd0b80, 0x01fd12e4]

GC Heap History (10 events):
Event: 18.818 GC heap after
Heap after GC invocations=101 (full 8):
 def new generation   total 314560K, used 34944K [0x03e00000, 0x19350000, 0x19350000)
  eden space 279616K,   0% used [0x03e00000, 0x03e00000, 0x14f10000)
  from space 34944K, 100% used [0x14f10000, 0x17130000, 0x17130000)
  to   space 34944K,   0% used [0x17130000, 0x17130000, 0x19350000)
 tenured generation   total 699072K, used 603889K [0x19350000, 0x43e00000, 0x43e00000)
   the space 699072K,  86% used [0x19350000, 0x3e10c720, 0x3e10c800, 0x43e00000)
 Metaspace       used 3551K, capacity 3598K, committed 3648K, reserved 4480K
}
Event: 19.719 GC heap before
{Heap before GC invocations=101 (full 8):
 def new generation   total 314560K, used 314560K [0x03e00000, 0x19350000, 0x19350000)
  eden space 279616K, 100% used [0x03e00000, 0x14f10000, 0x14f10000)
  from space 34944K, 100% used [0x14f10000, 0x17130000, 0x17130000)
  to   space 34944K,   0% used [0x17130000, 0x17130000, 0x19350000)
 tenured generation   total 699072K, used 603889K [0x19350000, 0x43e00000, 0x43e00000)
   the space 699072K,  86% used [0x19350000, 0x3e10c720, 0x3e10c800, 0x43e00000)
 Metaspace       used 3551K, capacity 3598K, committed 3648K, reserved 4480K
Event: 19.836 GC heap after
Heap after GC invocations=102 (full 8):
 def new generation   total 314560K, used 34944K [0x03e00000, 0x19350000, 0x19350000)
  eden space 279616K,   0% used [0x03e00000, 0x03e00000, 0x14f10000)
  from space 34944K, 100% used [0x17130000, 0x19350000, 0x19350000)
  to   space 34944K,   0% used [0x14f10000, 0x14f10000, 0x17130000)
 tenured generation   total 699072K, used 654451K [0x19350000, 0x43e00000, 0x43e00000)
   the space 699072K,  93% used [0x19350000, 0x4126ccc0, 0x4126ce00, 0x43e00000)
 Metaspace       used 3551K, capacity 3598K, committed 3648K, reserved 4480K
}
Event: 21.310 GC heap before
{Heap before GC invocations=102 (full 8):
 def new generation   total 314560K, used 314560K [0x03e00000, 0x19350000, 0x19350000)
  eden space 279616K, 100% used [0x03e00000, 0x14f10000, 0x14f10000)
  from space 34944K, 100% used [0x17130000, 0x19350000, 0x19350000)
  to   space 34944K,   0% used [0x14f10000, 0x14f10000, 0x17130000)
 tenured generation   total 699072K, used 654451K [0x19350000, 0x43e00000, 0x43e00000)
   the space 699072K,  93% used [0x19350000, 0x4126ccc0, 0x4126ce00, 0x43e00000)
 Metaspace       used 3551K, capacity 3598K, committed 3648K, reserved 4480K
Event: 22.830 GC heap after
Heap after GC invocations=103 (full 9):
 def new generation   total 314560K, used 13883K [0x03e00000, 0x19350000, 0x19350000)
  eden space 279616K,   4% used [0x03e00000, 0x04b8eea0, 0x14f10000)
  from space 34944K,   0% used [0x17130000, 0x17130000, 0x19350000)
  to   space 34944K,   0% used [0x14f10000, 0x14f10000, 0x17130000)
 tenured generation   total 699072K, used 699071K [0x19350000, 0x43e00000, 0x43e00000)
   the space 699072K,  99% used [0x19350000, 0x43dfffa0, 0x43e00000, 0x43e00000)
 Metaspace       used 3551K, capacity 3598K, committed 3648K, reserved 4480K
}
Event: 24.009 GC heap before
{Heap before GC invocations=103 (full 9):
 def new generation   total 314560K, used 314559K [0x03e00000, 0x19350000, 0x19350000)
  eden space 279616K, 100% used [0x03e00000, 0x14f10000, 0x14f10000)
  from space 34944K,  99% used [0x17130000, 0x1934fff8, 0x19350000)
  to   space 34944K,   0% used [0x14f10000, 0x14f10000, 0x17130000)
 tenured generation   total 699072K, used 699071K [0x19350000, 0x43e00000, 0x43e00000)
   the space 699072K,  99% used [0x19350000, 0x43dfffe8, 0x43e00000, 0x43e00000)
 Metaspace       used 3551K, capacity 3598K, committed 3648K, reserved 4480K
Event: 25.476 GC heap after
Heap after GC invocations=104 (full 10):
 def new generation   total 314560K, used 0K [0x03e00000, 0x19350000, 0x19350000)
  eden space 279616K,   0% used [0x03e00000, 0x03e00000, 0x14f10000)
  from space 34944K,   0% used [0x17130000, 0x17130000, 0x19350000)
  to   space 34944K,   0% used [0x14f10000, 0x14f10000, 0x17130000)
 tenured generation   total 699072K, used 642284K [0x19350000, 0x43e00000, 0x43e00000)
   the space 699072K,  91% used [0x19350000, 0x4068b278, 0x4068b400, 0x43e00000)
 Metaspace       used 3551K, capacity 3598K, committed 3648K, reserved 4480K
}
Event: 26.773 GC heap before
{Heap before GC invocations=104 (full 10):
 def new generation   total 314560K, used 279616K [0x03e00000, 0x19350000, 0x19350000)
  eden space 279616K, 100% used [0x03e00000, 0x14f10000, 0x14f10000)
  from space 34944K,   0% used [0x17130000, 0x17130000, 0x19350000)
  to   space 34944K,   0% used [0x14f10000, 0x14f10000, 0x17130000)
 tenured generation   total 699072K, used 642284K [0x19350000, 0x43e00000, 0x43e00000)
   the space 699072K,  91% used [0x19350000, 0x4068b278, 0x4068b400, 0x43e00000)
 Metaspace       used 3551K, capacity 3598K, committed 3648K, reserved 4480K
Event: 28.225 GC heap after
Heap after GC invocations=105 (full 11):
 def new generation   total 314560K, used 0K [0x03e00000, 0x19350000, 0x19350000)
  eden space 279616K,   0% used [0x03e00000, 0x03e00000, 0x14f10000)
  from space 34944K,   0% used [0x17130000, 0x17130000, 0x19350000)
  to   space 34944K,   0% used [0x14f10000, 0x14f10000, 0x17130000)
 tenured generation   total 699072K, used 663311K [0x19350000, 0x43e00000, 0x43e00000)
   the space 699072K,  94% used [0x19350000, 0x41b13d50, 0x41b13e00, 0x43e00000)
 Metaspace       used 3551K, capacity 3598K, committed 3648K, reserved 4480K
}
Event: 28.693 GC heap before
{Heap before GC invocations=105 (full 11):
 def new generation   total 314560K, used 279616K [0x03e00000, 0x19350000, 0x19350000)
  eden space 279616K, 100% used [0x03e00000, 0x14f10000, 0x14f10000)
  from space 34944K,   0% used [0x17130000, 0x17130000, 0x19350000)
  to   space 34944K,   0% used [0x14f10000, 0x14f10000, 0x17130000)
 tenured generation   total 699072K, used 663311K [0x19350000, 0x43e00000, 0x43e00000)
   the space 699072K,  94% used [0x19350000, 0x41b13d50, 0x41b13e00, 0x43e00000)
 Metaspace       used 3551K, capacity 3598K, committed 3648K, reserved 4480K

Deoptimization events (0 events):
No events

Internal exceptions (5 events):
Event: 0.731 Thread 0x006fbc00 Exception <a 'java/lang/NoSuchMethodError': Method sun.misc.Unsafe.defineClass(Ljava/lang/String;[BII)Ljava/lang/Class; name or signature does not match> (0x03e06ea8) thrown at [C:\re\workspace\8-2-build-windows-i586-cygwin\jdk8u101\7261\hotspot\src\share\+ªŸH–cç?
Event: 0.731 Thread 0x006fbc00 Exception <a 'java/lang/NoSuchMethodError': Method sun.misc.Unsafe.prefetchRead(Ljava/lang/Object;J)V name or signature does not match> (0x03e07178) thrown at [C:\re\workspace\8-2-build-windows-i586-cygwin\jdk8u101\7261\hotspot\src\share\vm\prims\jni.cpp, ±ÞÉ.|{@
Event: 2.685 Thread 0x44655000 Exception <a 'java/lang/ArrayIndexOutOfBoundsException': 18> (0x04246730) thrown at [C:\re\workspace\8-2-build-windows-i586-cygwin\jdk8u101\7261\hotspot\src\share\vm\interpreter\interpreterRuntime.cpp, line 366]
Event: 2.685 Thread 0x44655000 Exception <a 'java/lang/ArrayIndexOutOfBoundsException': 145> (0x04247fd0) thrown at [C:\re\workspace\8-2-build-windows-i586-cygwin\jdk8u101\7261\hotspot\src\share\vm\interpreter\interpreterRuntime.cpp, line 366]
Event: 2.703 Thread 0x44655000 Exception <a 'java/lang/ArrayIndexOutOfBoundsException': 40> (0x042490b0) thrown at [C:\re\workspace\8-2-build-windows-i586-cygwin\jdk8u101\7261\hotspot\src\share\vm\interpreter\interpreterRuntime.cpp, line 366]

Events (10 events):
Event: 18.818 Executing VM operation: GenCollectForAllocation done
Event: 19.719 Executing VM operation: GenCollectForAllocation
Event: 19.836 Executing VM operation: GenCollectForAllocation done
Event: 21.310 Executing VM operation: GenCollectForAllocation
Event: 22.830 Executing VM operation: GenCollectForAllocation done
Event: 24.008 Executing VM operation: GenCollectForAllocation
Event: 25.476 Executing VM operation: GenCollectForAllocation done
Event: 26.772 Executing VM operation: GenCollectForAllocation
Event: 28.225 Executing VM operation: GenCollectForAllocation done
Event: 28.692 Executing VM operation: GenCollectForAllocation


Dynamic libraries:
0x00820000 - 0x00853000 	C:\Program Files\Java\jdk1.8.0_101\bin\java.exe
0x77610000 - 0x7774c000 	C:\Windows\SYSTEM32\ntdll.dll
0x76310000 - 0x763e4000 	C:\Windows\system32\kernel32.dll
0x75a10000 - 0x75a5a000 	C:\Windows\system32\KERNELBASE.dll
0x75a60000 - 0x75b00000 	C:\Windows\system32\ADVAPI32.dll
0x76730000 - 0x767dc000 	C:\Windows\system32\msvcrt.dll
0x767e0000 - 0x767f9000 	C:\Windows\SYSTEM32\sechost.dll
0x76500000 - 0x765a1000 	C:\Windows\system32\RPCRT4.dll
0x77760000 - 0x77829000 	C:\Windows\system32\USER32.dll
0x762c0000 - 0x7630e000 	C:\Windows\system32\GDI32.dll
0x75dd0000 - 0x75dda000 	C:\Windows\system32\LPK.dll
0x76110000 - 0x761ad000 	C:\Windows\system32\USP10.dll
0x741d0000 - 0x7436e000 	C:\Windows\WinSxS\x86_microsoft.windows.common-controls_6595b64144ccf1df_6.0.7600.16385_none_421189da2b7fabfc\COMCTL32.dll
0x763f0000 - 0x76447000 	C:\Windows\system32\SHLWAPI.dll
0x764e0000 - 0x764ff000 	C:\Windows\system32\IMM32.DLL
0x75b00000 - 0x75bcc000 	C:\Windows\system32\MSCTF.dll
0x52b10000 - 0x52bcf000 	C:\Program Files\Java\jdk1.8.0_101\jre\bin\msvcr100.dll
0x52740000 - 0x52b0c000 	C:\Program Files\Java\jdk1.8.0_101\jre\bin\client\jvm.dll
0x70d00000 - 0x70d07000 	C:\Windows\system32\WSOCK32.dll
0x766f0000 - 0x76725000 	C:\Windows\system32\WS2_32.dll
0x77750000 - 0x77756000 	C:\Windows\system32\NSI.dll
0x70de0000 - 0x70e12000 	C:\Windows\system32\WINMM.dll
0x74c60000 - 0x74c69000 	C:\Windows\system32\VERSION.dll
0x77830000 - 0x77835000 	C:\Windows\system32\PSAPI.DLL
0x60b30000 - 0x60b3c000 	C:\Program Files\Java\jdk1.8.0_101\jre\bin\verify.dll
0x60b00000 - 0x60b21000 	C:\Program Files\Java\jdk1.8.0_101\jre\bin\java.dll
0x60ae0000 - 0x60af3000 	C:\Program Files\Java\jdk1.8.0_101\jre\bin\zip.dll
0x769c0000 - 0x77609000 	C:\Windows\system32\SHELL32.dll
0x76800000 - 0x7695c000 	C:\Windows\system32\ole32.dll
0x75760000 - 0x7576b000 	C:\Windows\system32\profapi.dll
0x73430000 - 0x7351b000 	C:\Windows\system32\dbghelp.dll

VM Arguments:
jvm_args: -Djava.awt.headless=true -Xmx1024M -Dfile.encoding=windows-1252 -Duser.country=US -Duser.language=en -Duser.variant 
java_command: com.android.dx.command.Main --dex --num-threads=4 --multi-dex --main-dex-list E:\SandeepProjectResources\MobipugNew\Mobipug27.10.18\MobipugSource\app\build\intermediates\multi-dex\debug\maindexlist.txt --output E:\SandeepProjectResources\MobipugNew\Mobipug27.10.18\MobipugSource\app\build\intermediates\transforms\dex\debug\folders\1000\1f\main E:\SandeepProjectResources\MobipugNew\Mobipug27.10.18\MobipugSource\app\build\intermediates\transforms\jarMerging\debug\jars\1\1f\combined.jar
java_class_path (initial): C:\Users\android-4\AppData\Local\Android\Sdk\build-tools\26.0.2\lib\dx.jar
Launcher Type: SUN_STANDARD

Environment Variables:
PATH=C:\ProgramData\Oracle\Java\javapath;C:\Windows\system32;C:\Windows;C:\Windows\System32\Wbem;C:\Windows\System32\WindowsPowerShell\v1.0\;C:\Program Files\Intel\OpenCL SDK\2.0\bin\x86;C:\Program Files\Skype\Phone\
USERNAME=android-4
OS=Windows_NT
PROCESSOR_IDENTIFIER=x86 Family 6 Model 42 Stepping 7, GenuineIntel



---------------  S Y S T E M  ---------------

OS: Windows 7 Build 7600 (6.1.7600.16385)

CPU:total 4 (2 cores per cpu, 2 threads per core) family 6 model 42 stepping 7, cmov, cx8, fxsr, mmx, sse, sse2, sse3, ssse3, sse4.1, sse4.2, popcnt, clmul, ht, tsc, tscinvbit

Memory: 4k page, physical 3578328k(252556k free), swap 24056564k(18870412k free)

vm_info: Java HotSpot(TM) Client VM (25.101-b13) for windows-x86 JRE (1.8.0_101-b13), built on Jun 22 2016 00:45:44 by "java_re" with MS VC++ 10.0 (VS2010)

time: Thu Nov 15 16:33:37 2018
elapsed time: 29 seconds (0d 0h 0m 29s)

