#
# A fatal error has been detected by the Java Runtime Environment:
#
#  EXCEPTION_ACCESS_VIOLATION (0xc0000005) at pc=0x504d4da9, pid=5968, tid=0x000017c4
#
# JRE version: Java(TM) SE Runtime Environment (8.0_101-b13) (build 1.8.0_101-b13)
# Java VM: Java HotSpot(TM) Client VM (25.101-b13 mixed mode windows-x86 )
# Problematic frame:
# V  [jvm.dll+0x1b4da9]
#
# Failed to write core dump. Minidumps are not enabled by default on client versions of Windows
#
# If you would like to submit a bug report, please visit:
#   http://bugreport.java.com/bugreport/crash.jsp
#

---------------  T H R E A D  ---------------

Current thread (0x443ea800):  VMThread [stack: 0x44620000,0x44670000] [id=6084]

siginfo: ExceptionCode=0xc0000005, reading address 0x000000b1

Registers:
EAX=0x379b10d8, EBX=0x00000003, ECX=0x440dd3b8, EDX=0x00000029
ESP=0x4466efa4, EBP=0x4466efbc, ESI=0x00000000, EDI=0x191d2e98
EIP=0x504d4da9, EFLAGS=0x00010202

Top of Stack: (sp=0x4466efa4)
0x4466efa4:   379b10d8 4466f09c ffff0e81 506894cc
0x4466efb4:   4466f09c ffff0e81 4466efc8 504d4fac
0x4466efc4:   00000003 4466effc 503966c8 468ff420
0x4466efd4:   4466f0b4 4466f09c 506894cc 01292e80
0x4466efe4:   00000007 00000002 00000001 0e81f301
0x4466eff4:   4466ffff 44586828 4466f018 50396a1e
0x4466f004:   4466f09c 4466f0b4 506894cc 50395f50
0x4466f014:   50672f48 4466f038 5047458f 4466f09c 

Instructions: (pc=0x504d4da9)
0x504d4d89:   23 f0 29 35 50 94 68 50 a3 4c 94 68 50 8b c7 eb
0x504d4d99:   09 48 a3 4c 94 68 50 8b 04 81 8b 48 04 8b 11 50
0x504d4da9:   8b 82 88 00 00 00 ff d0 8b 0d 58 94 68 50 85 c9
0x504d4db9:   0f 85 51 ff ff ff a1 7c 94 68 50 85 c0 0f 84 b8 


Register to memory mapping:

EAX=0x379b10d8 is an oop

[error occurred during error reporting (printing register info), id 0xc0000005]

Stack: [0x44620000,0x44670000],  sp=0x4466efa4,  free space=315k
Native frames: (J=compiled Java code, j=interpreted, Vv=VM code, C=native code)
V  [jvm.dll+0x1b4da9]
V  [jvm.dll+0x1b4fac]
V  [jvm.dll+0x766c8]
V  [jvm.dll+0x76a1e]
V  [jvm.dll+0x15458f]
V  [jvm.dll+0x15588a]
V  [jvm.dll+0x179ff2]
V  [jvm.dll+0x1789ea]
V  [jvm.dll+0x97fb0]
V  [jvm.dll+0x992a1]
V  [jvm.dll+0x9b020]
V  [jvm.dll+0x9b489]
V  [jvm.dll+0x9a27f]
V  [jvm.dll+0xa64b2]
V  [jvm.dll+0x98e73]
V  [jvm.dll+0x92e25]
V  [jvm.dll+0x1b81c6]
V  [jvm.dll+0x18292b]
V  [jvm.dll+0x181d31]
V  [jvm.dll+0x182147]
V  [jvm.dll+0x182342]
V  [jvm.dll+0x1c1ed6]
C  [msvcr100.dll+0x5c556]
C  [msvcr100.dll+0x5c600]
C  [kernel32.dll+0x51174]
C  [ntdll.dll+0x5b3f5]
C  [ntdll.dll+0x5b3c8]

JavaThread 0x445c1c00 (nid = 1864) was being processed
Java frames: (J=compiled Java code, j=interpreted, Vv=VM code)
v  ~RuntimeStub::new_object_array Runtime1 stub
J 1919 C1 com.android.dx.dex.code.OutputFinisher.makeOpcodesArray()[Lcom/android/dx/dex/code/Dop; (49 bytes) @ 0x01e809ef [0x01e807f0+0x1ff]
J 1977 C1 com.android.dx.dex.code.OutputFinisher.finishProcessingAndGetList()Lcom/android/dx/dex/code/DalvInsnList; (74 bytes) @ 0x01e97464 [0x01e97430+0x34]
J 1965 C1 com.android.dx.dex.code.DalvCode.finishProcessingIfNecessary()V (69 bytes) @ 0x01e933b4 [0x01e93370+0x44]
J 1973 C1 com.android.dx.dex.file.CodeItem.place0(Lcom/android/dx/dex/file/Section;I)V (88 bytes) @ 0x01e964ac [0x01e96380+0x12c]
J 1901 C1 com.android.dx.dex.file.OffsettedItem.place(Lcom/android/dx/dex/file/Section;I)I (78 bytes) @ 0x01e795f0 [0x01e79580+0x70]
J 2060 C1 com.android.dx.dex.file.MixedItemSection.placeItems()V (185 bytes) @ 0x01eb46c0 [0x01eb45c0+0x100]
j  com.android.dx.dex.file.DexFile.toDex0(ZZ)Lcom/android/dx/util/ByteArrayAnnotatedOutput;+263
j  com.android.dx.dex.file.DexFile.toDex(Ljava/io/Writer;Z)[B+13
j  com.android.dx.command.dexer.Main.writeDex(Lcom/android/dx/dex/file/DexFile;)[B+50
j  com.android.dx.command.dexer.Main.access$3000(Lcom/android/dx/command/dexer/Main;Lcom/android/dx/dex/file/DexFile;)[B+2
j  com.android.dx.command.dexer.Main$DexWriter.call()[B+8
j  com.android.dx.command.dexer.Main$DexWriter.call()Ljava/lang/Object;+1
J 1443 C1 java.util.concurrent.FutureTask.run()V (126 bytes) @ 0x01dc6fe0 [0x01dc6f50+0x90]
j  java.util.concurrent.ThreadPoolExecutor.runWorker(Ljava/util/concurrent/ThreadPoolExecutor$Worker;)V+95
j  java.util.concurrent.ThreadPoolExecutor$Worker.run()V+5
j  java.lang.Thread.run()V+11
v  ~StubRoutines::call_stub
VM_Operation (0x468ff0d8): GenCollectForAllocation, mode: safepoint, requested by thread 0x445c1c00


---------------  P R O C E S S  ---------------

Java Threads: ( => current thread )
  0x445c1c00 JavaThread "pool-1-thread-1" [_thread_blocked, id=1864, stack(0x468b0000,0x46900000)]
  0x44432400 JavaThread "Service Thread" daemon [_thread_blocked, id=2484, stack(0x44970000,0x449c0000)]
  0x4443a000 JavaThread "C1 CompilerThread0" daemon [_thread_blocked, id=2932, stack(0x011a0000,0x011f0000)]
  0x44439000 JavaThread "Attach Listener" daemon [_thread_blocked, id=2276, stack(0x448a0000,0x448f0000)]
  0x44436000 JavaThread "Signal Dispatcher" daemon [_thread_blocked, id=3524, stack(0x447d0000,0x44820000)]
  0x44416c00 JavaThread "Finalizer" daemon [_thread_blocked, id=1524, stack(0x44730000,0x44780000)]
  0x443f0400 JavaThread "Reference Handler" daemon [_thread_blocked, id=5872, stack(0x03b80000,0x03bd0000)]
  0x0110bc00 JavaThread "main" [_thread_blocked, id=4588, stack(0x01080000,0x010d0000)]

Other Threads:
=>0x443ea800 VMThread [stack: 0x44620000,0x44670000] [id=6084]
  0x44434800 WatcherThread [stack: 0x445d0000,0x44620000] [id=6072]

VM state:at safepoint (normal execution)

VM Mutex/Monitor currently owned by a thread:  ([mutex/lock_event])
[0x0110a230] Threads_lock - owner thread: 0x443ea800
[0x0110a640] Heap_lock - owner thread: 0x445c1c00

Heap:
 def new generation   total 314560K, used 314559K [0x03c00000, 0x19150000, 0x19150000)
  eden space 279616K, 100% used [0x03c00000, 0x14d10000, 0x14d10000)
  from space 34944K,  99% used [0x14d10000, 0x16f2ff60, 0x16f30000)
  to   space 34944K,   0% used [0x16f30000, 0x16f30000, 0x19150000)
 tenured generation   total 699072K, used 699072K [0x19150000, 0x43c00000, 0x43c00000)
   the space 699072K, 100% used [0x19150000, 0x43c00000, 0x43c00000, 0x43c00000)
 Metaspace       used 3832K, capacity 3854K, committed 3904K, reserved 4480K

Card table byte_map: [0x43c00000,0x43e10000] byte_map_base: 0x43be2000

Polling page: 0x010d0000

CodeCache: size=32768Kb used=4429Kb max_used=4429Kb free=28338Kb
 bounds [0x01ac0000, 0x01f18000, 0x03ac0000]
 total_blobs=2379 nmethods=2231 adapters=78
 compilation: enabled

Compilation events (10 events):
Event: 38.266 Thread 0x4443a000 2243             com.android.dx.dex.code.TargetInsn::withOpcode (21 bytes)
Event: 38.266 Thread 0x4443a000 nmethod 2243 0x01f12c48 code [0x01f12d60, 0x01f12ee8]
Event: 38.281 Thread 0x4443a000 2244             com.android.dx.dex.code.form.Form22x::isCompatible (54 bytes)
Event: 38.281 Thread 0x4443a000 nmethod 2244 0x01f13008 code [0x01f13120, 0x01f132e8]
Event: 38.357 Thread 0x4443a000 2245             com.android.dx.dex.code.SwitchData::codeSize (27 bytes)
Event: 38.357 Thread 0x4443a000 nmethod 2245 0x01f134c8 code [0x01f135d0, 0x01f136ac]
Event: 38.377 Thread 0x4443a000 2246             com.android.dx.rop.cst.CstLiteral64::fitsInInt (20 bytes)
Event: 38.377 Thread 0x4443a000 nmethod 2246 0x01f13748 code [0x01f13840, 0x01f138f0]
Event: 38.536 Thread 0x4443a000 2247             com.android.dx.rop.cst.CstLiteral64::getIntBits (6 bytes)
Event: 38.536 Thread 0x4443a000 nmethod 2247 0x01f13948 code [0x01f13a40, 0x01f13ac0]

GC Heap History (10 events):
Event: 26.814 GC heap after
Heap after GC invocations=104 (full 12):
 def new generation   total 314560K, used 0K [0x03c00000, 0x19150000, 0x19150000)
  eden space 279616K,   0% used [0x03c00000, 0x03c00000, 0x14d10000)
  from space 34944K,   0% used [0x14d10000, 0x14d10000, 0x16f30000)
  to   space 34944K,   0% used [0x16f30000, 0x16f30000, 0x19150000)
 tenured generation   total 699072K, used 654821K [0x19150000, 0x43c00000, 0x43c00000)
   the space 699072K,  93% used [0x19150000, 0x410c94b8, 0x410c9600, 0x43c00000)
 Metaspace       used 3557K, capacity 3598K, committed 3648K, reserved 4480K
}
Event: 27.291 GC heap before
{Heap before GC invocations=104 (full 12):
 def new generation   total 314560K, used 279616K [0x03c00000, 0x19150000, 0x19150000)
  eden space 279616K, 100% used [0x03c00000, 0x14d10000, 0x14d10000)
  from space 34944K,   0% used [0x14d10000, 0x14d10000, 0x16f30000)
  to   space 34944K,   0% used [0x16f30000, 0x16f30000, 0x19150000)
 tenured generation   total 699072K, used 654821K [0x19150000, 0x43c00000, 0x43c00000)
   the space 699072K,  93% used [0x19150000, 0x410c94b8, 0x410c9600, 0x43c00000)
 Metaspace       used 3557K, capacity 3598K, committed 3648K, reserved 4480K
Event: 28.934 GC heap after
Heap after GC invocations=105 (full 13):
 def new generation   total 314560K, used 0K [0x03c00000, 0x19150000, 0x19150000)
  eden space 279616K,   0% used [0x03c00000, 0x03c00000, 0x14d10000)
  from space 34944K,   0% used [0x14d10000, 0x14d10000, 0x16f30000)
  to   space 34944K,   0% used [0x16f30000, 0x16f30000, 0x19150000)
 tenured generation   total 699072K, used 697211K [0x19150000, 0x43c00000, 0x43c00000)
   the space 699072K,  99% used [0x19150000, 0x43a2ed90, 0x43a2ee00, 0x43c00000)
 Metaspace       used 3557K, capacity 3598K, committed 3648K, reserved 4480K
}
Event: 29.471 GC heap before
{Heap before GC invocations=105 (full 13):
 def new generation   total 314560K, used 279616K [0x03c00000, 0x19150000, 0x19150000)
  eden space 279616K, 100% used [0x03c00000, 0x14d10000, 0x14d10000)
  from space 34944K,   0% used [0x14d10000, 0x14d10000, 0x16f30000)
  to   space 34944K,   0% used [0x16f30000, 0x16f30000, 0x19150000)
 tenured generation   total 699072K, used 697211K [0x19150000, 0x43c00000, 0x43c00000)
   the space 699072K,  99% used [0x19150000, 0x43a2ed90, 0x43a2ee00, 0x43c00000)
 Metaspace       used 3575K, capacity 3598K, committed 3648K, reserved 4480K
Event: 31.192 GC heap after
Heap after GC invocations=106 (full 14):
 def new generation   total 314560K, used 39704K [0x03c00000, 0x19150000, 0x19150000)
  eden space 279616K,  14% used [0x03c00000, 0x062c6018, 0x14d10000)
  from space 34944K,   0% used [0x14d10000, 0x14d10000, 0x16f30000)
  to   space 34944K,   0% used [0x16f30000, 0x16f30000, 0x19150000)
 tenured generation   total 699072K, used 699072K [0x19150000, 0x43c00000, 0x43c00000)
   the space 699072K, 100% used [0x19150000, 0x43c00000, 0x43c00000, 0x43c00000)
 Metaspace       used 3575K, capacity 3598K, committed 3648K, reserved 4480K
}
Event: 31.911 GC heap before
{Heap before GC invocations=106 (full 14):
 def new generation   total 314560K, used 314559K [0x03c00000, 0x19150000, 0x19150000)
  eden space 279616K, 100% used [0x03c00000, 0x14d10000, 0x14d10000)
  from space 34944K,  99% used [0x14d10000, 0x16f2fff0, 0x16f30000)
  to   space 34944K,   0% used [0x16f30000, 0x16f30000, 0x19150000)
 tenured generation   total 699072K, used 699072K [0x19150000, 0x43c00000, 0x43c00000)
   the space 699072K, 100% used [0x19150000, 0x43c00000, 0x43c00000, 0x43c00000)
 Metaspace       used 3585K, capacity 3598K, committed 3648K, reserved 4480K
Event: 33.745 GC heap after
Heap after GC invocations=107 (full 15):
 def new generation   total 314560K, used 76524K [0x03c00000, 0x19150000, 0x19150000)
  eden space 279616K,  27% used [0x03c00000, 0x086bb228, 0x14d10000)
  from space 34944K,   0% used [0x14d10000, 0x14d10000, 0x16f30000)
  to   space 34944K,   0% used [0x16f30000, 0x16f30000, 0x19150000)
 tenured generation   total 699072K, used 699072K [0x19150000, 0x43c00000, 0x43c00000)
   the space 699072K, 100% used [0x19150000, 0x43c00000, 0x43c00000, 0x43c00000)
 Metaspace       used 3585K, capacity 3598K, committed 3648K, reserved 4480K
}
Event: 34.417 GC heap before
{Heap before GC invocations=107 (full 15):
 def new generation   total 314560K, used 314560K [0x03c00000, 0x19150000, 0x19150000)
  eden space 279616K, 100% used [0x03c00000, 0x14d10000, 0x14d10000)
  from space 34944K, 100% used [0x14d10000, 0x16f30000, 0x16f30000)
  to   space 34944K,   0% used [0x16f30000, 0x16f30000, 0x19150000)
 tenured generation   total 699072K, used 699072K [0x19150000, 0x43c00000, 0x43c00000)
   the space 699072K, 100% used [0x19150000, 0x43c00000, 0x43c00000, 0x43c00000)
 Metaspace       used 3586K, capacity 3598K, committed 3648K, reserved 4480K
Event: 36.723 GC heap after
Heap after GC invocations=108 (full 16):
 def new generation   total 314560K, used 95401K [0x03c00000, 0x19150000, 0x19150000)
  eden space 279616K,  34% used [0x03c00000, 0x0992a5a0, 0x14d10000)
  from space 34944K,   0% used [0x14d10000, 0x14d10000, 0x16f30000)
  to   space 34944K,   0% used [0x16f30000, 0x16f30000, 0x19150000)
 tenured generation   total 699072K, used 699072K [0x19150000, 0x43c00000, 0x43c00000)
   the space 699072K, 100% used [0x19150000, 0x43c00000, 0x43c00000, 0x43c00000)
 Metaspace       used 3586K, capacity 3598K, committed 3648K, reserved 4480K
}
Event: 39.328 GC heap before
{Heap before GC invocations=108 (full 16):
 def new generation   total 314560K, used 314559K [0x03c00000, 0x19150000, 0x19150000)
  eden space 279616K, 100% used [0x03c00000, 0x14d10000, 0x14d10000)
  from space 34944K,  99% used [0x14d10000, 0x16f2ff60, 0x16f30000)
  to   space 34944K,   0% used [0x16f30000, 0x16f30000, 0x19150000)
 tenured generation   total 699072K, used 699072K [0x19150000, 0x43c00000, 0x43c00000)
   the space 699072K, 100% used [0x19150000, 0x43c00000, 0x43c00000, 0x43c00000)
 Metaspace       used 3832K, capacity 3854K, committed 3904K, reserved 4480K

Deoptimization events (0 events):
No events

Internal exceptions (5 events):
Event: 0.028 Thread 0x0110bc00 Exception <a 'java/lang/NoSuchMethodError': Method sun.misc.Unsafe.defineClass(Ljava/lang/String;[BII)Ljava/lang/Class; name or signature does not match> (0x03c06ea8) thrown at [C:\re\workspace\8-2-build-windows-i586-cygwin\jdk8u101\7261\hotspot\src\share\¥Ø¦0Õpœ?
Event: 0.028 Thread 0x0110bc00 Exception <a 'java/lang/NoSuchMethodError': Method sun.misc.Unsafe.prefetchRead(Ljava/lang/Object;J)V name or signature does not match> (0x03c07178) thrown at [C:\re\workspace\8-2-build-windows-i586-cygwin\jdk8u101\7261\hotspot\src\share\vm\prims\jni.cpp, <éMÕê?
Event: 0.839 Thread 0x445c0800 Exception <a 'java/lang/ArrayIndexOutOfBoundsException': 18> (0x04067040) thrown at [C:\re\workspace\8-2-build-windows-i586-cygwin\jdk8u101\7261\hotspot\src\share\vm\interpreter\interpreterRuntime.cpp, line 366]
Event: 0.839 Thread 0x445c0800 Exception <a 'java/lang/ArrayIndexOutOfBoundsException': 145> (0x040688e0) thrown at [C:\re\workspace\8-2-build-windows-i586-cygwin\jdk8u101\7261\hotspot\src\share\vm\interpreter\interpreterRuntime.cpp, line 366]
Event: 0.839 Thread 0x445c0800 Exception <a 'java/lang/ArrayIndexOutOfBoundsException': 40> (0x040699c0) thrown at [C:\re\workspace\8-2-build-windows-i586-cygwin\jdk8u101\7261\hotspot\src\share\vm\interpreter\interpreterRuntime.cpp, line 366]

Events (10 events):
Event: 37.523 loading class java/security/MessageDigest$Delegate
Event: 37.523 loading class java/security/MessageDigest$Delegate done
Event: 37.523 loading class sun/security/provider/ByteArrayAccess
Event: 37.524 loading class sun/security/provider/ByteArrayAccess done
Event: 37.538 loading class java/util/zip/Adler32
Event: 37.538 loading class java/util/zip/Adler32 done
Event: 37.538 Executing VM operation: RevokeBias
Event: 37.539 Executing VM operation: RevokeBias done
Event: 37.539 Thread 0x445c0000 Thread exited: 0x445c0000
Event: 39.328 Executing VM operation: GenCollectForAllocation


Dynamic libraries:
0x013b0000 - 0x013e3000 	C:\Program Files\Java\jdk1.8.0_101\bin\java.exe
0x77b90000 - 0x77ccc000 	C:\Windows\SYSTEM32\ntdll.dll
0x760c0000 - 0x76194000 	C:\Windows\system32\kernel32.dll
0x75d60000 - 0x75daa000 	C:\Windows\system32\KERNELBASE.dll
0x76440000 - 0x764e0000 	C:\Windows\system32\ADVAPI32.dll
0x76870000 - 0x7691c000 	C:\Windows\system32\msvcrt.dll
0x77940000 - 0x77959000 	C:\Windows\SYSTEM32\sechost.dll
0x76270000 - 0x76311000 	C:\Windows\system32\RPCRT4.dll
0x77960000 - 0x77a29000 	C:\Windows\system32\USER32.dll
0x75fe0000 - 0x7602e000 	C:\Windows\system32\GDI32.dll
0x76920000 - 0x7692a000 	C:\Windows\system32\LPK.dll
0x761d0000 - 0x7626d000 	C:\Windows\system32\USP10.dll
0x749f0000 - 0x74b8e000 	C:\Windows\WinSxS\x86_microsoft.windows.common-controls_6595b64144ccf1df_6.0.7600.16385_none_421189da2b7fabfc\COMCTL32.dll
0x76730000 - 0x76787000 	C:\Windows\system32\SHLWAPI.dll
0x76320000 - 0x7633f000 	C:\Windows\system32\IMM32.DLL
0x76790000 - 0x7685c000 	C:\Windows\system32\MSCTF.dll
0x69820000 - 0x698df000 	C:\Program Files\Java\jdk1.8.0_101\jre\bin\msvcr100.dll
0x50320000 - 0x506ec000 	C:\Program Files\Java\jdk1.8.0_101\jre\bin\client\jvm.dll
0x71290000 - 0x71297000 	C:\Windows\system32\WSOCK32.dll
0x77cd0000 - 0x77d05000 	C:\Windows\system32\WS2_32.dll
0x76860000 - 0x76866000 	C:\Windows\system32\NSI.dll
0x71490000 - 0x714c2000 	C:\Windows\system32\WINMM.dll
0x75020000 - 0x75029000 	C:\Windows\system32\VERSION.dll
0x77da0000 - 0x77da5000 	C:\Windows\system32\PSAPI.DLL
0x62550000 - 0x6255c000 	C:\Program Files\Java\jdk1.8.0_101\jre\bin\verify.dll
0x62520000 - 0x62541000 	C:\Program Files\Java\jdk1.8.0_101\jre\bin\java.dll
0x62500000 - 0x62513000 	C:\Program Files\Java\jdk1.8.0_101\jre\bin\zip.dll
0x76a70000 - 0x776b9000 	C:\Windows\system32\SHELL32.dll
0x77a30000 - 0x77b8c000 	C:\Windows\system32\ole32.dll
0x75ce0000 - 0x75ceb000 	C:\Windows\system32\profapi.dll
0x739f0000 - 0x73adb000 	C:\Windows\system32\dbghelp.dll

VM Arguments:
jvm_args: -Djava.awt.headless=true -Xmx1024M -Dfile.encoding=windows-1252 -Duser.country=US -Duser.language=en -Duser.variant 
java_command: com.android.dx.command.Main --dex --num-threads=4 --multi-dex --main-dex-list E:\SandeepProjectResources\MobipugNew\Mobipug27.10.18\MobipugSource\app\build\intermediates\multi-dex\debug\maindexlist.txt --output E:\SandeepProjectResources\MobipugNew\Mobipug27.10.18\MobipugSource\app\build\intermediates\transforms\dex\debug\folders\1000\1f\main E:\SandeepProjectResources\MobipugNew\Mobipug27.10.18\MobipugSource\app\build\intermediates\transforms\jarMerging\debug\jars\1\1f\combined.jar
java_class_path (initial): C:\Users\android-4\AppData\Local\Android\Sdk\build-tools\26.0.2\lib\dx.jar
Launcher Type: SUN_STANDARD

Environment Variables:
PATH=C:\ProgramData\Oracle\Java\javapath;C:\Windows\system32;C:\Windows;C:\Windows\System32\Wbem;C:\Windows\System32\WindowsPowerShell\v1.0\;C:\Program Files\Intel\OpenCL SDK\2.0\bin\x86;C:\Program Files\Skype\Phone\
USERNAME=android-4
OS=Windows_NT
PROCESSOR_IDENTIFIER=x86 Family 6 Model 42 Stepping 7, GenuineIntel



---------------  S Y S T E M  ---------------

OS: Windows 7 Build 7600 (6.1.7600.16385)

CPU:total 4 (2 cores per cpu, 2 threads per core) family 6 model 42 stepping 7, cmov, cx8, fxsr, mmx, sse, sse2, sse3, ssse3, sse4.1, sse4.2, popcnt, clmul, ht, tsc, tscinvbit

Memory: 4k page, physical 3578328k(420032k free), swap 24056564k(19511112k free)

vm_info: Java HotSpot(TM) Client VM (25.101-b13) for windows-x86 JRE (1.8.0_101-b13), built on Jun 22 2016 00:45:44 by "java_re" with MS VC++ 10.0 (VS2010)

time: Thu Nov 08 11:44:27 2018
elapsed time: 39 seconds (0d 0h 0m 39s)

