#
# A fatal error has been detected by the Java Runtime Environment:
#
#  EXCEPTION_ACCESS_VIOLATION (0xc0000005) at pc=0x5d7e5a78, pid=1096, tid=0x00000b88
#
# JRE version: Java(TM) SE Runtime Environment (8.0_101-b13) (build 1.8.0_101-b13)
# Java VM: Java HotSpot(TM) Client VM (25.101-b13 mixed mode windows-x86 )
# Problematic frame:
# V  [jvm.dll+0xa5a78]
#
# Failed to write core dump. Minidumps are not enabled by default on client versions of Windows
#
# If you would like to submit a bug report, please visit:
#   http://bugreport.java.com/bugreport/crash.jsp
#

---------------  T H R E A D  ---------------

Current thread (0x4448a800):  VMThread [stack: 0x446d0000,0x44720000] [id=2952]

siginfo: ExceptionCode=0xc0000005, reading address 0x00000075

Registers:
EAX=0x00000001, EBX=0x4471f5c4, ECX=0x440102a8, EDX=0x3ffffffe
ESP=0x4471f578, EBP=0x4471f5a0, ESI=0x0cf00e48, EDI=0x0cf010d8
EIP=0x5d7e5a78, EFLAGS=0x00010246

Top of Stack: (sp=0x4471f578)
0x4471f578:   01272660 4471f5c4 00000001 01272660
0x4471f588:   14f10000 0cf00bd0 0cf00e48 04093d40
0x4471f598:   00000000 0c284620 4471f5b4 5d7d9ba2
0x4471f5a8:   4471f5c4 0126f210 0126f210 4471f5d0
0x4471f5b8:   5d7d85bd 4471f5c4 0126f210 01271c88
0x4471f5c8:   01272660 14f10000 4471f6bc 5d7db4be
0x4471f5d8:   44478518 012e3230 01274050 5da1b934
0x4471f5e8:   00000100 012e3230 00000000 07bfbf45 

Instructions: (pc=0x5d7e5a78)
0x5d7e5a58:   d3 e3 4a c1 f8 10 25 ff 00 00 00 03 da 03 c3 8b
0x5d7e5a68:   5d 08 f7 d2 c1 e8 02 c1 ea 02 23 c2 eb 08 8b 01
0x5d7e5a78:   8b 50 74 57 ff d2 8d 3c 87 3b 7d e8 73 09 8b 07
0x5d7e5a88:   83 e0 03 3c 03 75 a6 83 7d f8 00 76 5f 3b 75 fc 


Register to memory mapping:

EAX=0x00000001 is an unknown value
EBX=0x4471f5c4 is an unknown value
ECX=0x440102a8 is pointing into metadata
EDX=0x3ffffffe is pointing into object: 0x3fffffe8
com.android.dx.util.IntList 
 - klass: 'com/android/dx/util/IntList'
ESP=0x4471f578 is an unknown value
EBP=0x4471f5a0 is an unknown value
ESI=
[error occurred during error reporting (printing register info), id 0xc0000005]

Stack: [0x446d0000,0x44720000],  sp=0x4471f578,  free space=317k
Native frames: (J=compiled Java code, j=interpreted, Vv=VM code, C=native code)
V  [jvm.dll+0xa5a78]
V  [jvm.dll+0x99ba2]
V  [jvm.dll+0x985bd]
V  [jvm.dll+0x9b4be]
V  [jvm.dll+0x9a27f]
V  [jvm.dll+0xa64b2]
V  [jvm.dll+0x98e73]
V  [jvm.dll+0x92e25]
V  [jvm.dll+0x1b81c6]
V  [jvm.dll+0x18292b]
V  [jvm.dll+0x181d31]
V  [jvm.dll+0x182147]
V  [jvm.dll+0x182342]
V  [jvm.dll+0x1c1ed6]
C  [msvcr100.dll+0x5c556]
C  [msvcr100.dll+0x5c600]
C  [kernel32.dll+0x51174]
C  [ntdll.dll+0x5b3f5]
C  [ntdll.dll+0x5b3c8]

VM_Operation (0x44aeed38): GenCollectForAllocation, mode: safepoint, requested by thread 0x4463a800


---------------  P R O C E S S  ---------------

Java Threads: ( => current thread )
  0x44cfb400 JavaThread "pool-1-thread-1" [_thread_blocked, id=4948, stack(0x467f0000,0x46840000)]
  0x4466a000 JavaThread "pool-2-thread-4" [_thread_blocked, id=4384, stack(0x44a20000,0x44a70000)]
  0x4466fc00 JavaThread "pool-2-thread-3" [_thread_blocked, id=5784, stack(0x447e0000,0x44830000)]
  0x4466e800 JavaThread "pool-2-thread-2" [_thread_blocked, id=2532, stack(0x01130000,0x01180000)]
  0x4466e000 JavaThread "pool-3-thread-1" [_thread_blocked, id=5024, stack(0x44b10000,0x44b60000)]
  0x4463a800 JavaThread "pool-2-thread-1" [_thread_blocked, id=4144, stack(0x44aa0000,0x44af0000)]
  0x444d2800 JavaThread "Service Thread" daemon [_thread_blocked, id=4492, stack(0x03db0000,0x03e00000)]
  0x444da000 JavaThread "C1 CompilerThread0" daemon [_thread_blocked, id=4456, stack(0x002c0000,0x00310000)]
  0x444d9000 JavaThread "Attach Listener" daemon [_thread_blocked, id=320, stack(0x44990000,0x449e0000)]
  0x444d6000 JavaThread "Signal Dispatcher" daemon [_thread_blocked, id=5600, stack(0x44900000,0x44950000)]
  0x444b6c00 JavaThread "Finalizer" daemon [_thread_blocked, id=5672, stack(0x018d0000,0x01920000)]
  0x44490400 JavaThread "Reference Handler" daemon [_thread_blocked, id=4824, stack(0x01880000,0x018d0000)]
  0x0136bc00 JavaThread "main" [_thread_blocked, id=2328, stack(0x01930000,0x01980000)]

Other Threads:
=>0x4448a800 VMThread [stack: 0x446d0000,0x44720000] [id=2952]
  0x444e4000 WatcherThread [stack: 0x44880000,0x448d0000] [id=4048]

VM state:at safepoint (normal execution)

VM Mutex/Monitor currently owned by a thread:  ([mutex/lock_event])
[0x0136a230] Threads_lock - owner thread: 0x4448a800
[0x0136a640] Heap_lock - owner thread: 0x4463a800

Heap:
 def new generation   total 314560K, used 314560K [0x03e00000, 0x19350000, 0x19350000)
  eden space 279616K, 100% used [0x03e00000, 0x14f10000, 0x14f10000)
  from space 34944K, 100% used [0x17130000, 0x19350000, 0x19350000)
  to   space 34944K,   0% used [0x14f10000, 0x14f10000, 0x17130000)
 tenured generation   total 699072K, used 699071K [0x19350000, 0x43e00000, 0x43e00000)
   the space 699072K,  99% used [0x19350000, 0x43dffff8, 0x43e00000, 0x43e00000)
 Metaspace       used 3642K, capacity 3662K, committed 3776K, reserved 4480K

Card table byte_map: [0x43e00000,0x44010000] byte_map_base: 0x43de1000

Polling page: 0x00260000

CodeCache: size=32768Kb used=3971Kb max_used=3971Kb free=28796Kb
 bounds [0x01c50000, 0x02038000, 0x03c50000]
 total_blobs=2127 nmethods=1980 adapters=77
 compilation: enabled

Compilation events (10 events):
Event: 41.959 Thread 0x444da000 1992             com.android.dx.dex.code.LocalList$Entry::getAddress (5 bytes)
Event: 41.959 Thread 0x444da000 nmethod 1992 0x0202ea48 code [0x0202eb40, 0x0202ebc0]
Event: 41.961 Thread 0x444da000 1993             com.android.dx.dex.code.form.Form35c::compatibleRegs (69 bytes)
Event: 41.962 Thread 0x444da000 nmethod 1993 0x0202ec08 code [0x0202ed60, 0x0202ef68]
Event: 41.964 Thread 0x444da000 1994             com.android.dx.rop.code.RegisterSpecList::subset (85 bytes)
Event: 41.965 Thread 0x444da000 nmethod 1994 0x0202f2c8 code [0x0202f450, 0x0202f8f4]
Event: 41.977 Thread 0x444da000 1995             com.android.dx.dex.code.LocalList$MakeState::checkForEmptyRange (198 bytes)
Event: 41.979 Thread 0x444da000 nmethod 1995 0x0202ffc8 code [0x020301b0, 0x02030934]
Event: 41.987 Thread 0x444da000 1996             com.android.dx.dex.code.form.Form22x::codeSize (2 bytes)
Event: 41.987 Thread 0x444da000 nmethod 1996 0x02031608 code [0x02031700, 0x02031780]

GC Heap History (10 events):
Event: 30.454 GC heap after
Heap after GC invocations=107 (full 13):
 def new generation   total 314560K, used 14701K [0x03e00000, 0x19350000, 0x19350000)
  eden space 279616K,   5% used [0x03e00000, 0x04c5b448, 0x14f10000)
  from space 34944K,   0% used [0x17130000, 0x17130000, 0x19350000)
  to   space 34944K,   0% used [0x14f10000, 0x14f10000, 0x17130000)
 tenured generation   total 699072K, used 699071K [0x19350000, 0x43e00000, 0x43e00000)
   the space 699072K,  99% used [0x19350000, 0x43dfffe0, 0x43e00000, 0x43e00000)
 Metaspace       used 3550K, capacity 3598K, committed 3648K, reserved 4480K
}
Event: 31.290 GC heap before
{Heap before GC invocations=107 (full 13):
 def new generation   total 314560K, used 314560K [0x03e00000, 0x19350000, 0x19350000)
  eden space 279616K, 100% used [0x03e00000, 0x14f10000, 0x14f10000)
  from space 34944K, 100% used [0x17130000, 0x19350000, 0x19350000)
  to   space 34944K,   0% used [0x14f10000, 0x14f10000, 0x17130000)
 tenured generation   total 699072K, used 699072K [0x19350000, 0x43e00000, 0x43e00000)
   the space 699072K, 100% used [0x19350000, 0x43e00000, 0x43e00000, 0x43e00000)
 Metaspace       used 3579K, capacity 3598K, committed 3648K, reserved 4480K
Event: 33.094 GC heap after
Heap after GC invocations=108 (full 14):
 def new generation   total 314560K, used 56039K [0x03e00000, 0x19350000, 0x19350000)
  eden space 279616K,  20% used [0x03e00000, 0x074b9f58, 0x14f10000)
  from space 34944K,   0% used [0x17130000, 0x17130000, 0x19350000)
  to   space 34944K,   0% used [0x14f10000, 0x14f10000, 0x17130000)
 tenured generation   total 699072K, used 699072K [0x19350000, 0x43e00000, 0x43e00000)
   the space 699072K, 100% used [0x19350000, 0x43e00000, 0x43e00000, 0x43e00000)
 Metaspace       used 3579K, capacity 3598K, committed 3648K, reserved 4480K
}
Event: 33.855 GC heap before
{Heap before GC invocations=108 (full 14):
 def new generation   total 314560K, used 314560K [0x03e00000, 0x19350000, 0x19350000)
  eden space 279616K, 100% used [0x03e00000, 0x14f10000, 0x14f10000)
  from space 34944K, 100% used [0x17130000, 0x19350000, 0x19350000)
  to   space 34944K,   0% used [0x14f10000, 0x14f10000, 0x17130000)
 tenured generation   total 699072K, used 699072K [0x19350000, 0x43e00000, 0x43e00000)
   the space 699072K, 100% used [0x19350000, 0x43e00000, 0x43e00000, 0x43e00000)
 Metaspace       used 3579K, capacity 3598K, committed 3648K, reserved 4480K
Event: 35.741 GC heap after
Heap after GC invocations=109 (full 15):
 def new generation   total 314560K, used 88390K [0x03e00000, 0x19350000, 0x19350000)
  eden space 279616K,  31% used [0x03e00000, 0x094518c0, 0x14f10000)
  from space 34944K,   0% used [0x17130000, 0x17130000, 0x19350000)
  to   space 34944K,   0% used [0x14f10000, 0x14f10000, 0x17130000)
 tenured generation   total 699072K, used 699072K [0x19350000, 0x43e00000, 0x43e00000)
   the space 699072K, 100% used [0x19350000, 0x43e00000, 0x43e00000, 0x43e00000)
 Metaspace       used 3579K, capacity 3598K, committed 3648K, reserved 4480K
}
Event: 36.457 GC heap before
{Heap before GC invocations=109 (full 15):
 def new generation   total 314560K, used 314560K [0x03e00000, 0x19350000, 0x19350000)
  eden space 279616K, 100% used [0x03e00000, 0x14f10000, 0x14f10000)
  from space 34944K, 100% used [0x17130000, 0x19350000, 0x19350000)
  to   space 34944K,   0% used [0x14f10000, 0x14f10000, 0x17130000)
 tenured generation   total 699072K, used 699072K [0x19350000, 0x43e00000, 0x43e00000)
   the space 699072K, 100% used [0x19350000, 0x43e00000, 0x43e00000, 0x43e00000)
 Metaspace       used 3583K, capacity 3598K, committed 3648K, reserved 4480K
Event: 38.825 GC heap after
Heap after GC invocations=110 (full 16):
 def new generation   total 314560K, used 105345K [0x03e00000, 0x19350000, 0x19350000)
  eden space 279616K,  37% used [0x03e00000, 0x0a4e0620, 0x14f10000)
  from space 34944K,   0% used [0x17130000, 0x17130000, 0x19350000)
  to   space 34944K,   0% used [0x14f10000, 0x14f10000, 0x17130000)
 tenured generation   total 699072K, used 699071K [0x19350000, 0x43e00000, 0x43e00000)
   the space 699072K,  99% used [0x19350000, 0x43dffff8, 0x43e00000, 0x43e00000)
 Metaspace       used 3583K, capacity 3598K, committed 3648K, reserved 4480K
}
Event: 39.445 GC heap before
{Heap before GC invocations=110 (full 16):
 def new generation   total 314560K, used 314559K [0x03e00000, 0x19350000, 0x19350000)
  eden space 279616K, 100% used [0x03e00000, 0x14f10000, 0x14f10000)
  from space 34944K,  99% used [0x17130000, 0x1934fff8, 0x19350000)
  to   space 34944K,   0% used [0x14f10000, 0x14f10000, 0x17130000)
 tenured generation   total 699072K, used 699071K [0x19350000, 0x43e00000, 0x43e00000)
   the space 699072K,  99% used [0x19350000, 0x43dffff8, 0x43e00000, 0x43e00000)
 Metaspace       used 3583K, capacity 3598K, committed 3648K, reserved 4480K
Event: 41.488 GC heap after
Heap after GC invocations=111 (full 17):
 def new generation   total 314560K, used 134920K [0x03e00000, 0x19350000, 0x19350000)
  eden space 279616K,  48% used [0x03e00000, 0x0c1c20c8, 0x14f10000)
  from space 34944K,   0% used [0x17130000, 0x17130000, 0x19350000)
  to   space 34944K,   0% used [0x14f10000, 0x14f10000, 0x17130000)
 tenured generation   total 699072K, used 699071K [0x19350000, 0x43e00000, 0x43e00000)
   the space 699072K,  99% used [0x19350000, 0x43dffff8, 0x43e00000, 0x43e00000)
 Metaspace       used 3583K, capacity 3598K, committed 3648K, reserved 4480K
}
Event: 41.992 GC heap before
{Heap before GC invocations=111 (full 17):
 def new generation   total 314560K, used 314560K [0x03e00000, 0x19350000, 0x19350000)
  eden space 279616K, 100% used [0x03e00000, 0x14f10000, 0x14f10000)
  from space 34944K, 100% used [0x17130000, 0x19350000, 0x19350000)
  to   space 34944K,   0% used [0x14f10000, 0x14f10000, 0x17130000)
 tenured generation   total 699072K, used 699071K [0x19350000, 0x43e00000, 0x43e00000)
   the space 699072K,  99% used [0x19350000, 0x43dffff8, 0x43e00000, 0x43e00000)
 Metaspace       used 3642K, capacity 3662K, committed 3776K, reserved 4480K

Deoptimization events (0 events):
No events

Internal exceptions (5 events):
Event: 0.025 Thread 0x0136bc00 Exception <a 'java/lang/NoSuchMethodError': Method sun.misc.Unsafe.defineClass(Ljava/lang/String;[BII)Ljava/lang/Class; name or signature does not match> (0x03e06ea8) thrown at [C:\re\workspace\8-2-build-windows-i586-cygwin\jdk8u101\7261\hotspot\src\share\¶ÜÕË@ô?
Event: 0.025 Thread 0x0136bc00 Exception <a 'java/lang/NoSuchMethodError': Method sun.misc.Unsafe.prefetchRead(Ljava/lang/Object;J)V name or signature does not match> (0x03e07178) thrown at [C:\re\workspace\8-2-build-windows-i586-cygwin\jdk8u101\7261\hotspot\src\share\vm\prims\jni.cpp, /èÍ?
Event: 0.828 Thread 0x4466a000 Exception <a 'java/lang/ArrayIndexOutOfBoundsException': 18> (0x0449cb70) thrown at [C:\re\workspace\8-2-build-windows-i586-cygwin\jdk8u101\7261\hotspot\src\share\vm\interpreter\interpreterRuntime.cpp, line 366]
Event: 0.828 Thread 0x4466a000 Exception <a 'java/lang/ArrayIndexOutOfBoundsException': 145> (0x0449e410) thrown at [C:\re\workspace\8-2-build-windows-i586-cygwin\jdk8u101\7261\hotspot\src\share\vm\interpreter\interpreterRuntime.cpp, line 366]
Event: 0.829 Thread 0x4466a000 Exception <a 'java/lang/ArrayIndexOutOfBoundsException': 40> (0x0449f4f0) thrown at [C:\re\workspace\8-2-build-windows-i586-cygwin\jdk8u101\7261\hotspot\src\share\vm\interpreter\interpreterRuntime.cpp, line 366]

Events (10 events):
Event: 41.620 loading class com/android/dx/dex/code/LocalList$Entry done
Event: 41.638 loading class com/android/dx/rop/code/RegisterSpecList$Expander
Event: 41.638 loading class com/android/dx/rop/code/RegisterSpecList$Expander done
Event: 41.772 loading class com/android/dx/dex/code/CatchHandlerList$Entry
Event: 41.772 loading class com/android/dx/dex/code/CatchHandlerList$Entry done
Event: 41.772 loading class com/android/dx/dex/code/CatchTable$Entry
Event: 41.772 loading class com/android/dx/dex/code/CatchTable$Entry done
Event: 41.773 loading class com/android/dx/util/ByteArrayAnnotatedOutput
Event: 41.773 loading class com/android/dx/util/ByteArrayAnnotatedOutput done
Event: 41.991 Executing VM operation: GenCollectForAllocation


Dynamic libraries:
0x01390000 - 0x013c3000 	C:\Program Files\Java\jdk1.8.0_101\bin\java.exe
0x76ec0000 - 0x76ffc000 	C:\Windows\SYSTEM32\ntdll.dll
0x76c40000 - 0x76d14000 	C:\Windows\system32\kernel32.dll
0x752c0000 - 0x7530a000 	C:\Windows\system32\KERNELBASE.dll
0x756d0000 - 0x75770000 	C:\Windows\system32\ADVAPI32.dll
0x76d20000 - 0x76dcc000 	C:\Windows\system32\msvcrt.dll
0x75680000 - 0x75699000 	C:\Windows\SYSTEM32\sechost.dll
0x76b40000 - 0x76be1000 	C:\Windows\system32\RPCRT4.dll
0x75310000 - 0x753d9000 	C:\Windows\system32\USER32.dll
0x75b70000 - 0x75bbe000 	C:\Windows\system32\GDI32.dll
0x76c20000 - 0x76c2a000 	C:\Windows\system32\LPK.dll
0x755e0000 - 0x7567d000 	C:\Windows\system32\USP10.dll
0x73d20000 - 0x73ebe000 	C:\Windows\WinSxS\x86_microsoft.windows.common-controls_6595b64144ccf1df_6.0.7600.16385_none_421189da2b7fabfc\COMCTL32.dll
0x75ad0000 - 0x75b27000 	C:\Windows\system32\SHLWAPI.dll
0x76bf0000 - 0x76c0f000 	C:\Windows\system32\IMM32.DLL
0x76810000 - 0x768dc000 	C:\Windows\system32\MSCTF.dll
0x5db10000 - 0x5dbcf000 	C:\Program Files\Java\jdk1.8.0_101\jre\bin\msvcr100.dll
0x5d740000 - 0x5db0c000 	C:\Program Files\Java\jdk1.8.0_101\jre\bin\client\jvm.dll
0x70cb0000 - 0x70cb7000 	C:\Windows\system32\WSOCK32.dll
0x75b30000 - 0x75b65000 	C:\Windows\system32\WS2_32.dll
0x76c30000 - 0x76c36000 	C:\Windows\system32\NSI.dll
0x70630000 - 0x70662000 	C:\Windows\system32\WINMM.dll
0x74510000 - 0x74519000 	C:\Windows\system32\VERSION.dll
0x76c10000 - 0x76c15000 	C:\Windows\system32\PSAPI.DLL
0x673a0000 - 0x673ac000 	C:\Program Files\Java\jdk1.8.0_101\jre\bin\verify.dll
0x66190000 - 0x661b1000 	C:\Program Files\Java\jdk1.8.0_101\jre\bin\java.dll
0x66170000 - 0x66183000 	C:\Program Files\Java\jdk1.8.0_101\jre\bin\zip.dll
0x75bc0000 - 0x76809000 	C:\Windows\system32\SHELL32.dll
0x769e0000 - 0x76b3c000 	C:\Windows\system32\ole32.dll
0x75010000 - 0x7501b000 	C:\Windows\system32\profapi.dll
0x72d70000 - 0x72e5b000 	C:\Windows\system32\dbghelp.dll

VM Arguments:
jvm_args: -Djava.awt.headless=true -Xmx1024M -Dfile.encoding=windows-1252 -Duser.country=US -Duser.language=en -Duser.variant 
java_command: com.android.dx.command.Main --dex --num-threads=4 --multi-dex --main-dex-list E:\SandeepProjectResources\MobipugNew\Mobipug27.10.18\MobipugSource\app\build\intermediates\multi-dex\debug\maindexlist.txt --output E:\SandeepProjectResources\MobipugNew\Mobipug27.10.18\MobipugSource\app\build\intermediates\transforms\dex\debug\folders\1000\1f\main E:\SandeepProjectResources\MobipugNew\Mobipug27.10.18\MobipugSource\app\build\intermediates\transforms\jarMerging\debug\jars\1\1f\combined.jar
java_class_path (initial): C:\Users\android-4\AppData\Local\Android\Sdk\build-tools\26.0.2\lib\dx.jar
Launcher Type: SUN_STANDARD

Environment Variables:
PATH=C:\ProgramData\Oracle\Java\javapath;C:\Windows\system32;C:\Windows;C:\Windows\System32\Wbem;C:\Windows\System32\WindowsPowerShell\v1.0\;C:\Program Files\Intel\OpenCL SDK\2.0\bin\x86;C:\Program Files\Skype\Phone\
USERNAME=android-4
OS=Windows_NT
PROCESSOR_IDENTIFIER=x86 Family 6 Model 42 Stepping 7, GenuineIntel



---------------  S Y S T E M  ---------------

OS: Windows 7 Build 7600 (6.1.7600.16385)

CPU:total 4 (2 cores per cpu, 2 threads per core) family 6 model 42 stepping 7, cmov, cx8, fxsr, mmx, sse, sse2, sse3, ssse3, sse4.1, sse4.2, popcnt, clmul, ht, tsc, tscinvbit

Memory: 4k page, physical 3578328k(321140k free), swap 24056564k(19325176k free)

vm_info: Java HotSpot(TM) Client VM (25.101-b13) for windows-x86 JRE (1.8.0_101-b13), built on Jun 22 2016 00:45:44 by "java_re" with MS VC++ 10.0 (VS2010)

time: Fri Nov 16 13:14:03 2018
elapsed time: 43 seconds (0d 0h 0m 43s)

