#
# A fatal error has been detected by the Java Runtime Environment:
#
#  EXCEPTION_ACCESS_VIOLATION (0xc0000005) at pc=0x01b83093, pid=2008, tid=0x00000e84
#
# JRE version: Java(TM) SE Runtime Environment (8.0_101-b13) (build 1.8.0_101-b13)
# Java VM: Java HotSpot(TM) Client VM (25.101-b13 mixed mode windows-x86 )
# Problematic frame:
# v  ~BufferBlob::I2C/C2I adapters
#
# Failed to write core dump. Minidumps are not enabled by default on client versions of Windows
#
# If you would like to submit a bug report, please visit:
#   http://bugreport.java.com/bugreport/crash.jsp
#

---------------  T H R E A D  ---------------

Current thread (0x443ea800):  VMThread [stack: 0x03b90000,0x03be0000] [id=3716]

siginfo: ExceptionCode=0xc0000005, reading address 0x0000002b

Registers:
EAX=0x01b83093, EBX=0x00000003, ECX=0x4425d0c0, EDX=0x443e7890
ESP=0x03bdefbc, EBP=0x03bdefd8, ESI=0x00000000, EDI=0x3d09cd48
EIP=0x01b83093, EFLAGS=0x00010202

Top of Stack: (sp=0x03bdefbc)
0x03bdefbc:   504d4db1 3dfce0d8 506894cc 445ba338
0x03bdefcc:   445ba33c 506894cc 00000400 03bdefe4
0x03bdefdc:   504d4fac 00000003 03bdf000 5047883a
0x03bdefec:   445ba338 445ba000 506894cc 00000000
0x03bdeffc:   445baf40 03bdf1e8 50499eef 506894cc
0x03bdf00c:   00000002 445ba000 00000000 00000000
0x03bdf01c:   00000000 00000000 03bdf274 03bdf09c
0x03bdf02c:   00000012 03bdf260 506894f0 03bdf2e4 

Instructions: (pc=0x01b83093)
0x01b83073:   8b 59 04 3b 58 04 8b 18 0f 85 0d 00 00 00 81 7b
0x01b83083:   28 00 00 00 00 0f 84 3f 00 00 00 e9 ed 84 ff ff
0x01b83093:   81 7b 28 00 00 00 00 0f 84 2d 00 00 00 8b 04 24
0x01b830a3:   60 9c 83 ec 10 f2 0f 11 04 24 f2 0f 11 4c 24 08 


Register to memory mapping:

EAX=0x01b83093 is at code_begin+83 in an AdapterHandler
Adapter for signature: 0x01b83093 is at code_begin+83 in 
[CodeBlob (0x01b83008)]
Framesize: 0
BufferBlob (0x01b83008) used for I2C/C2I adapters
EBX=0x00000003 is an unknown value
ECX=0x4425d0c0 is pointing into metadata
EDX=0x443e7890 is an unknown value
ESP=0x03bdefbc is an unknown value
EBP=0x03bdefd8 is an unknown value
ESI=0x00000000 is an unknown value
EDI=0x3d09cd48 is an oop
com.android.dx.rop.code.Rop 
 - klass: 'com/android/dx/rop/code/Rop'


Stack: [0x03b90000,0x03be0000],  sp=0x03bdefbc,  free space=315k
Native frames: (J=compiled Java code, j=interpreted, Vv=VM code, C=native code)
v  ~BufferBlob::I2C/C2I adapters
V  [jvm.dll+0x1b4fac]
V  [jvm.dll+0x15883a]
V  [jvm.dll+0x179eef]
V  [jvm.dll+0x1789ea]
V  [jvm.dll+0x97fb0]
V  [jvm.dll+0x992a1]
V  [jvm.dll+0x9b020]
V  [jvm.dll+0x9b489]
V  [jvm.dll+0x9a27f]
V  [jvm.dll+0xa64b2]
V  [jvm.dll+0x98e73]
V  [jvm.dll+0x92e25]
V  [jvm.dll+0x1b81c6]
V  [jvm.dll+0x18292b]
V  [jvm.dll+0x181d31]
V  [jvm.dll+0x182147]
V  [jvm.dll+0x182342]
V  [jvm.dll+0x1c1ed6]
C  [msvcr100.dll+0x5c556]
C  [msvcr100.dll+0x5c600]
C  [kernel32.dll+0x51174]
C  [ntdll.dll+0x5b3f5]
C  [ntdll.dll+0x5b3c8]

VM_Operation (0x44c9ed78): GenCollectForAllocation, mode: safepoint, requested by thread 0x445ba000


---------------  P R O C E S S  ---------------

Java Threads: ( => current thread )
  0x445ba000 JavaThread "pool-2-thread-4" [_thread_blocked, id=2660, stack(0x44c50000,0x44ca0000)]
  0x445b9400 JavaThread "pool-2-thread-3" [_thread_blocked, id=120, stack(0x44bb0000,0x44c00000)]
  0x445b8c00 JavaThread "pool-2-thread-2" [_thread_blocked, id=5184, stack(0x44b60000,0x44bb0000)]
  0x44589000 JavaThread "pool-3-thread-1" [_thread_blocked, id=380, stack(0x44ad0000,0x44b20000)]
  0x44588400 JavaThread "pool-2-thread-1" [_thread_blocked, id=4536, stack(0x44a10000,0x44a60000)]
  0x44454c00 JavaThread "Service Thread" daemon [_thread_blocked, id=2204, stack(0x449a0000,0x449f0000)]
  0x4443a400 JavaThread "C1 CompilerThread0" daemon [_thread_blocked, id=4580, stack(0x44910000,0x44960000)]
  0x44439000 JavaThread "Attach Listener" daemon [_thread_blocked, id=4760, stack(0x44780000,0x447d0000)]
  0x44436000 JavaThread "Signal Dispatcher" daemon [_thread_blocked, id=5636, stack(0x44890000,0x448e0000)]
  0x44416c00 JavaThread "Finalizer" daemon [_thread_blocked, id=3560, stack(0x01740000,0x01790000)]
  0x443f0400 JavaThread "Reference Handler" daemon [_thread_blocked, id=1888, stack(0x44700000,0x44750000)]
  0x011fbc00 JavaThread "main" [_thread_blocked, id=3508, stack(0x01790000,0x017e0000)]

Other Threads:
=>0x443ea800 VMThread [stack: 0x03b90000,0x03be0000] [id=3716]
  0x4443e800 WatcherThread [stack: 0x44690000,0x446e0000] [id=5576]

VM state:at safepoint (normal execution)

VM Mutex/Monitor currently owned by a thread:  ([mutex/lock_event])
[0x011fa230] Threads_lock - owner thread: 0x443ea800
[0x011fa640] Heap_lock - owner thread: 0x445ba000

Heap:
 def new generation   total 314560K, used 279616K [0x03c00000, 0x19150000, 0x19150000)
  eden space 279616K, 100% used [0x03c00000, 0x14d10000, 0x14d10000)
  from space 34944K,   0% used [0x16f30000, 0x16f30000, 0x19150000)
  to   space 34944K,   0% used [0x14d10000, 0x14d10000, 0x16f30000)
 tenured generation   total 699072K, used 666512K [0x19150000, 0x43c00000, 0x43c00000)
   the space 699072K,  95% used [0x19150000, 0x41c340a0, 0x41c34200, 0x43c00000)
 Metaspace       used 3550K, capacity 3598K, committed 3648K, reserved 4480K

Card table byte_map: [0x43c00000,0x43e10000] byte_map_base: 0x43be2000

Polling page: 0x00150000

CodeCache: size=32768Kb used=3718Kb max_used=3718Kb free=29049Kb
 bounds [0x01b40000, 0x01ee8000, 0x03b40000]
 total_blobs=1925 nmethods=1778 adapters=77
 compilation: enabled

Compilation events (10 events):
Event: 23.332 Thread 0x4443a400 1776 %           com.android.dx.cf.direct.ClassPathOpener::processArchive @ 141 (221 bytes)
Event: 23.333 Thread 0x4443a400 nmethod 1776% 0x01edc308 code [0x01edc580, 0x01edd4b0]
Event: 25.005 Thread 0x4443a400 1777             java.util.HashMap$TreeNode::split (218 bytes)
Event: 25.006 Thread 0x4443a400 nmethod 1777 0x01ede5c8 code [0x01ede740, 0x01edec40]
Event: 25.121 Thread 0x4443a400 1778 % !         java.util.concurrent.ThreadPoolExecutor::runWorker @ 21 (225 bytes)
Event: 25.122 Thread 0x4443a400 nmethod 1778% 0x01edf408 code [0x01edf600, 0x01edfd64]
Event: 27.416 Thread 0x4443a400 1779   !         java.util.concurrent.ThreadPoolExecutor::addWorker (292 bytes)
Event: 27.418 Thread 0x4443a400 nmethod 1779 0x01ee0788 code [0x01ee0950, 0x01ee0f24]
Event: 27.430 Thread 0x4443a400 1780             java.util.concurrent.ThreadPoolExecutor::isShutdown (19 bytes)
Event: 27.430 Thread 0x4443a400 nmethod 1780 0x01ee19c8 code [0x01ee1ac0, 0x01ee1b70]

GC Heap History (10 events):
Event: 18.037 GC heap after
Heap after GC invocations=101 (full 9):
 def new generation   total 314560K, used 0K [0x03c00000, 0x19150000, 0x19150000)
  eden space 279616K,   0% used [0x03c00000, 0x03c00000, 0x14d10000)
  from space 34944K,   0% used [0x14d10000, 0x14d10000, 0x16f30000)
  to   space 34944K,   0% used [0x16f30000, 0x16f30000, 0x19150000)
 tenured generation   total 699072K, used 592755K [0x19150000, 0x43c00000, 0x43c00000)
   the space 699072K,  84% used [0x19150000, 0x3d42cd58, 0x3d42ce00, 0x43c00000)
 Metaspace       used 3550K, capacity 3598K, committed 3648K, reserved 4480K
}
Event: 19.507 GC heap before
{Heap before GC invocations=101 (full 9):
 def new generation   total 314560K, used 279616K [0x03c00000, 0x19150000, 0x19150000)
  eden space 279616K, 100% used [0x03c00000, 0x14d10000, 0x14d10000)
  from space 34944K,   0% used [0x14d10000, 0x14d10000, 0x16f30000)
  to   space 34944K,   0% used [0x16f30000, 0x16f30000, 0x19150000)
 tenured generation   total 699072K, used 592755K [0x19150000, 0x43c00000, 0x43c00000)
   the space 699072K,  84% used [0x19150000, 0x3d42cd58, 0x3d42ce00, 0x43c00000)
 Metaspace       used 3550K, capacity 3598K, committed 3648K, reserved 4480K
Event: 19.613 GC heap after
Heap after GC invocations=102 (full 9):
 def new generation   total 314560K, used 34944K [0x03c00000, 0x19150000, 0x19150000)
  eden space 279616K,   0% used [0x03c00000, 0x03c00000, 0x14d10000)
  from space 34944K, 100% used [0x16f30000, 0x19150000, 0x19150000)
  to   space 34944K,   0% used [0x14d10000, 0x14d10000, 0x16f30000)
 tenured generation   total 699072K, used 650431K [0x19150000, 0x43c00000, 0x43c00000)
   the space 699072K,  93% used [0x19150000, 0x40c7fe48, 0x40c80000, 0x43c00000)
 Metaspace       used 3550K, capacity 3598K, committed 3648K, reserved 4480K
}
Event: 21.389 GC heap before
{Heap before GC invocations=102 (full 9):
 def new generation   total 314560K, used 314560K [0x03c00000, 0x19150000, 0x19150000)
  eden space 279616K, 100% used [0x03c00000, 0x14d10000, 0x14d10000)
  from space 34944K, 100% used [0x16f30000, 0x19150000, 0x19150000)
  to   space 34944K,   0% used [0x14d10000, 0x14d10000, 0x16f30000)
 tenured generation   total 699072K, used 650431K [0x19150000, 0x43c00000, 0x43c00000)
   the space 699072K,  93% used [0x19150000, 0x40c7fe48, 0x40c80000, 0x43c00000)
 Metaspace       used 3550K, capacity 3598K, committed 3648K, reserved 4480K
Event: 22.867 GC heap after
Heap after GC invocations=103 (full 10):
 def new generation   total 314560K, used 0K [0x03c00000, 0x19150000, 0x19150000)
  eden space 279616K,   0% used [0x03c00000, 0x03c00000, 0x14d10000)
  from space 34944K,   0% used [0x16f30000, 0x16f30000, 0x19150000)
  to   space 34944K,   0% used [0x14d10000, 0x14d10000, 0x16f30000)
 tenured generation   total 699072K, used 688312K [0x19150000, 0x43c00000, 0x43c00000)
   the space 699072K,  98% used [0x19150000, 0x4317e098, 0x4317e200, 0x43c00000)
 Metaspace       used 3550K, capacity 3598K, committed 3648K, reserved 4480K
}
Event: 23.365 GC heap before
{Heap before GC invocations=103 (full 10):
 def new generation   total 314560K, used 279616K [0x03c00000, 0x19150000, 0x19150000)
  eden space 279616K, 100% used [0x03c00000, 0x14d10000, 0x14d10000)
  from space 34944K,   0% used [0x16f30000, 0x16f30000, 0x19150000)
  to   space 34944K,   0% used [0x14d10000, 0x14d10000, 0x16f30000)
 tenured generation   total 699072K, used 688312K [0x19150000, 0x43c00000, 0x43c00000)
   the space 699072K,  98% used [0x19150000, 0x4317e098, 0x4317e200, 0x43c00000)
 Metaspace       used 3550K, capacity 3598K, committed 3648K, reserved 4480K
Event: 24.838 GC heap after
Heap after GC invocations=104 (full 11):
 def new generation   total 314560K, used 0K [0x03c00000, 0x19150000, 0x19150000)
  eden space 279616K,   0% used [0x03c00000, 0x03c00000, 0x14d10000)
  from space 34944K,   0% used [0x16f30000, 0x16f30000, 0x19150000)
  to   space 34944K,   0% used [0x14d10000, 0x14d10000, 0x16f30000)
 tenured generation   total 699072K, used 656639K [0x19150000, 0x43c00000, 0x43c00000)
   the space 699072K,  93% used [0x19150000, 0x4128fe00, 0x4128fe00, 0x43c00000)
 Metaspace       used 3550K, capacity 3598K, committed 3648K, reserved 4480K
}
Event: 25.318 GC heap before
{Heap before GC invocations=104 (full 11):
 def new generation   total 314560K, used 279616K [0x03c00000, 0x19150000, 0x19150000)
  eden space 279616K, 100% used [0x03c00000, 0x14d10000, 0x14d10000)
  from space 34944K,   0% used [0x16f30000, 0x16f30000, 0x19150000)
  to   space 34944K,   0% used [0x14d10000, 0x14d10000, 0x16f30000)
 tenured generation   total 699072K, used 656639K [0x19150000, 0x43c00000, 0x43c00000)
   the space 699072K,  93% used [0x19150000, 0x4128fe00, 0x4128fe00, 0x43c00000)
 Metaspace       used 3550K, capacity 3598K, committed 3648K, reserved 4480K
Event: 27.280 GC heap after
Heap after GC invocations=105 (full 12):
 def new generation   total 314560K, used 0K [0x03c00000, 0x19150000, 0x19150000)
  eden space 279616K,   0% used [0x03c00000, 0x03c00000, 0x14d10000)
  from space 34944K,   0% used [0x16f30000, 0x16f30000, 0x19150000)
  to   space 34944K,   0% used [0x14d10000, 0x14d10000, 0x16f30000)
 tenured generation   total 699072K, used 666512K [0x19150000, 0x43c00000, 0x43c00000)
   the space 699072K,  95% used [0x19150000, 0x41c340a0, 0x41c34200, 0x43c00000)
 Metaspace       used 3550K, capacity 3598K, committed 3648K, reserved 4480K
}
Event: 27.766 GC heap before
{Heap before GC invocations=105 (full 12):
 def new generation   total 314560K, used 279616K [0x03c00000, 0x19150000, 0x19150000)
  eden space 279616K, 100% used [0x03c00000, 0x14d10000, 0x14d10000)
  from space 34944K,   0% used [0x16f30000, 0x16f30000, 0x19150000)
  to   space 34944K,   0% used [0x14d10000, 0x14d10000, 0x16f30000)
 tenured generation   total 699072K, used 666512K [0x19150000, 0x43c00000, 0x43c00000)
   the space 699072K,  95% used [0x19150000, 0x41c340a0, 0x41c34200, 0x43c00000)
 Metaspace       used 3550K, capacity 3598K, committed 3648K, reserved 4480K

Deoptimization events (0 events):
No events

Internal exceptions (5 events):
Event: 0.023 Thread 0x011fbc00 Exception <a 'java/lang/NoSuchMethodError': Method sun.misc.Unsafe.defineClass(Ljava/lang/String;[BII)Ljava/lang/Class; name or signature does not match> (0x03c06ea8) thrown at [C:\re\workspace\8-2-build-windows-i586-cygwin\jdk8u101\7261\hotspot\src\share\ìÂèÆ´ò?
Event: 0.023 Thread 0x011fbc00 Exception <a 'java/lang/NoSuchMethodError': Method sun.misc.Unsafe.prefetchRead(Ljava/lang/Object;J)V name or signature does not match> (0x03c07178) thrown at [C:\re\workspace\8-2-build-windows-i586-cygwin\jdk8u101\7261\hotspot\src\share\vm\prims\jni.cpp,  —ÜŸπÍ?
Event: 0.835 Thread 0x445b8c00 Exception <a 'java/lang/ArrayIndexOutOfBoundsException': 18> (0x041128e8) thrown at [C:\re\workspace\8-2-build-windows-i586-cygwin\jdk8u101\7261\hotspot\src\share\vm\interpreter\interpreterRuntime.cpp, line 366]
Event: 0.835 Thread 0x445b8c00 Exception <a 'java/lang/ArrayIndexOutOfBoundsException': 145> (0x04114188) thrown at [C:\re\workspace\8-2-build-windows-i586-cygwin\jdk8u101\7261\hotspot\src\share\vm\interpreter\interpreterRuntime.cpp, line 366]
Event: 0.836 Thread 0x445b8c00 Exception <a 'java/lang/ArrayIndexOutOfBoundsException': 40> (0x04115268) thrown at [C:\re\workspace\8-2-build-windows-i586-cygwin\jdk8u101\7261\hotspot\src\share\vm\interpreter\interpreterRuntime.cpp, line 366]

Events (10 events):
Event: 18.037 Executing VM operation: GenCollectForAllocation done
Event: 19.506 Executing VM operation: GenCollectForAllocation
Event: 19.613 Executing VM operation: GenCollectForAllocation done
Event: 21.388 Executing VM operation: GenCollectForAllocation
Event: 22.867 Executing VM operation: GenCollectForAllocation done
Event: 23.365 Executing VM operation: GenCollectForAllocation
Event: 24.838 Executing VM operation: GenCollectForAllocation done
Event: 25.318 Executing VM operation: GenCollectForAllocation
Event: 27.280 Executing VM operation: GenCollectForAllocation done
Event: 27.766 Executing VM operation: GenCollectForAllocation


Dynamic libraries:
0x013b0000 - 0x013e3000 	C:\Program Files\Java\jdk1.8.0_101\bin\java.exe
0x77b90000 - 0x77ccc000 	C:\Windows\SYSTEM32\ntdll.dll
0x760c0000 - 0x76194000 	C:\Windows\system32\kernel32.dll
0x75d60000 - 0x75daa000 	C:\Windows\system32\KERNELBASE.dll
0x76440000 - 0x764e0000 	C:\Windows\system32\ADVAPI32.dll
0x76870000 - 0x7691c000 	C:\Windows\system32\msvcrt.dll
0x77940000 - 0x77959000 	C:\Windows\SYSTEM32\sechost.dll
0x76270000 - 0x76311000 	C:\Windows\system32\RPCRT4.dll
0x77960000 - 0x77a29000 	C:\Windows\system32\USER32.dll
0x75fe0000 - 0x7602e000 	C:\Windows\system32\GDI32.dll
0x76920000 - 0x7692a000 	C:\Windows\system32\LPK.dll
0x761d0000 - 0x7626d000 	C:\Windows\system32\USP10.dll
0x749f0000 - 0x74b8e000 	C:\Windows\WinSxS\x86_microsoft.windows.common-controls_6595b64144ccf1df_6.0.7600.16385_none_421189da2b7fabfc\COMCTL32.dll
0x76730000 - 0x76787000 	C:\Windows\system32\SHLWAPI.dll
0x76320000 - 0x7633f000 	C:\Windows\system32\IMM32.DLL
0x76790000 - 0x7685c000 	C:\Windows\system32\MSCTF.dll
0x69820000 - 0x698df000 	C:\Program Files\Java\jdk1.8.0_101\jre\bin\msvcr100.dll
0x50320000 - 0x506ec000 	C:\Program Files\Java\jdk1.8.0_101\jre\bin\client\jvm.dll
0x71290000 - 0x71297000 	C:\Windows\system32\WSOCK32.dll
0x77cd0000 - 0x77d05000 	C:\Windows\system32\WS2_32.dll
0x76860000 - 0x76866000 	C:\Windows\system32\NSI.dll
0x71490000 - 0x714c2000 	C:\Windows\system32\WINMM.dll
0x75020000 - 0x75029000 	C:\Windows\system32\VERSION.dll
0x77da0000 - 0x77da5000 	C:\Windows\system32\PSAPI.DLL
0x62550000 - 0x6255c000 	C:\Program Files\Java\jdk1.8.0_101\jre\bin\verify.dll
0x62520000 - 0x62541000 	C:\Program Files\Java\jdk1.8.0_101\jre\bin\java.dll
0x62500000 - 0x62513000 	C:\Program Files\Java\jdk1.8.0_101\jre\bin\zip.dll
0x76a70000 - 0x776b9000 	C:\Windows\system32\SHELL32.dll
0x77a30000 - 0x77b8c000 	C:\Windows\system32\ole32.dll
0x75ce0000 - 0x75ceb000 	C:\Windows\system32\profapi.dll
0x739f0000 - 0x73adb000 	C:\Windows\system32\dbghelp.dll

VM Arguments:
jvm_args: -Djava.awt.headless=true -Xmx1024M -Dfile.encoding=windows-1252 -Duser.country=US -Duser.language=en -Duser.variant 
java_command: com.android.dx.command.Main --dex --num-threads=4 --multi-dex --main-dex-list E:\SandeepProjectResources\MobipugNew\Mobipug27.10.18\MobipugSource\app\build\intermediates\multi-dex\debug\maindexlist.txt --output E:\SandeepProjectResources\MobipugNew\Mobipug27.10.18\MobipugSource\app\build\intermediates\transforms\dex\debug\folders\1000\1f\main E:\SandeepProjectResources\MobipugNew\Mobipug27.10.18\MobipugSource\app\build\intermediates\transforms\jarMerging\debug\jars\1\1f\combined.jar
java_class_path (initial): C:\Users\android-4\AppData\Local\Android\Sdk\build-tools\26.0.2\lib\dx.jar
Launcher Type: SUN_STANDARD

Environment Variables:
PATH=C:\ProgramData\Oracle\Java\javapath;C:\Windows\system32;C:\Windows;C:\Windows\System32\Wbem;C:\Windows\System32\WindowsPowerShell\v1.0\;C:\Program Files\Intel\OpenCL SDK\2.0\bin\x86;C:\Program Files\Skype\Phone\
USERNAME=android-4
OS=Windows_NT
PROCESSOR_IDENTIFIER=x86 Family 6 Model 42 Stepping 7, GenuineIntel



---------------  S Y S T E M  ---------------

OS: Windows 7 Build 7600 (6.1.7600.16385)

CPU:total 4 (2 cores per cpu, 2 threads per core) family 6 model 42 stepping 7, cmov, cx8, fxsr, mmx, sse, sse2, sse3, ssse3, sse4.1, sse4.2, popcnt, clmul, ht, tsc, tscinvbit

Memory: 4k page, physical 3578328k(196280k free), swap 24056564k(18889580k free)

vm_info: Java HotSpot(TM) Client VM (25.101-b13) for windows-x86 JRE (1.8.0_101-b13), built on Jun 22 2016 00:45:44 by "java_re" with MS VC++ 10.0 (VS2010)

time: Thu Nov 08 18:10:58 2018
elapsed time: 28 seconds (0d 0h 0m 28s)

