#
# A fatal error has been detected by the Java Runtime Environment:
#
#  EXCEPTION_ACCESS_VIOLATION (0xc0000005) at pc=0x5180558f, pid=5720, tid=0x000005f8
#
# JRE version: Java(TM) SE Runtime Environment (8.0_101-b13) (build 1.8.0_101-b13)
# Java VM: Java HotSpot(TM) Client VM (25.101-b13 mixed mode windows-x86 )
# Problematic frame:
# V  [jvm.dll+0x9558f]
#
# Failed to write core dump. Minidumps are not enabled by default on client versions of Windows
#
# If you would like to submit a bug report, please visit:
#   http://bugreport.java.com/bugreport/crash.jsp
#

---------------  T H R E A D  ---------------

Current thread (0x443ea800):  VMThread [stack: 0x44680000,0x446d0000] [id=1528]

siginfo: ExceptionCode=0xc0000005, reading address 0x00000004

Registers:
EAX=0x06377040, EBX=0x442d6368, ECX=0x00000000, EDX=0x1e446914
ESP=0x446cf040, EBP=0x446cf050, ESI=0x01631c88, EDI=0x06377040
EIP=0x5180558f, EFLAGS=0x00010293

Top of Stack: (sp=0x446cf040)
0x446cf040:   446cf174 1e44690c 442d6368 01631c88
0x446cf050:   446cf070 5182afcc 06377040 1e447eb0
0x446cf060:   1e446900 446cf174 442d6230 442d6370
0x446cf070:   446cf090 5181518f 1e446900 1e446914
0x446cf080:   01634050 446cf174 0162f210 01634170
0x446cf090:   446cf0a4 5180a531 446cf174 0162f264
0x446cf0a0:   00000001 446cf0bc 51808207 446cf174
0x446cf0b0:   0162f210 446cf1b4 00000000 446cf2d8 

Instructions: (pc=0x5180558f)
0x5180556f:   ff c6 83 a0 01 00 00 00 5e 5b 5d c2 04 00 cc cc
0x5180557f:   cc 55 8b ec 51 53 56 57 8b 7d 08 8b f1 8b 4f 04
0x5180558f:   8b 41 04 89 75 fc 85 c0 7e 09 a8 01 75 30 c1 f8
0x5180559f:   02 eb 33 79 29 8b 5f 08 8b 15 2c 8c ad 51 8b c8 


Register to memory mapping:

EAX=0x06377040 is pointing into object: 0x06377030
com.android.dx.dex.code.BlockAddresses 
 - klass: 'com/android/dx/dex/code/BlockAddresses'
EBX=0x442d6368 is pointing into metadata
ECX=0x00000000 is an unknown value
EDX=0x1e446914 is pointing into object: 0x1e446900
com.android.dx.dex.code.StdCatchBuilder 
 - klass: 'com/android/dx/dex/code/StdCatchBuilder'
ESP=0x446cf040 is an unknown value
EBP=0x446cf050 is an unknown value
ESI=0x01631c88 is an unknown value
EDI=0x06377040 is pointing into object: 0x06377030
com.android.dx.dex.code.BlockAddresses 
 - klass: 'com/android/dx/dex/code/BlockAddresses'


Stack: [0x44680000,0x446d0000],  sp=0x446cf040,  free space=316k
Native frames: (J=compiled Java code, j=interpreted, Vv=VM code, C=native code)
V  [jvm.dll+0x9558f]
V  [jvm.dll+0xbafcc]
V  [jvm.dll+0xa518f]
V  [jvm.dll+0x9a531]
V  [jvm.dll+0x98207]
V  [jvm.dll+0x941d7]
V  [jvm.dll+0x98e73]
V  [jvm.dll+0x92e25]
V  [jvm.dll+0x1b81c6]
V  [jvm.dll+0x18292b]
V  [jvm.dll+0x181d31]
V  [jvm.dll+0x182147]
V  [jvm.dll+0x182342]
V  [jvm.dll+0x1c1ed6]
C  [msvcr100.dll+0x5c556]
C  [msvcr100.dll+0x5c600]
C  [kernel32.dll+0x51174]
C  [ntdll.dll+0x5b3f5]
C  [ntdll.dll+0x5b3c8]

VM_Operation (0x4485eeb4): GenCollectForAllocation, mode: safepoint, requested by thread 0x445b8400


---------------  P R O C E S S  ---------------

Java Threads: ( => current thread )
  0x445b6000 JavaThread "pool-2-thread-4" [_thread_blocked, id=5628, stack(0x447c0000,0x44810000)]
  0x445b8400 JavaThread "pool-2-thread-3" [_thread_blocked, id=5404, stack(0x44810000,0x44860000)]
  0x445b7800 JavaThread "pool-2-thread-2" [_thread_blocked, id=5728, stack(0x44ae0000,0x44b30000)]
  0x445b7000 JavaThread "pool-3-thread-1" [_thread_blocked, id=4308, stack(0x44a40000,0x44a90000)]
  0x44585800 JavaThread "pool-2-thread-1" [_thread_blocked, id=3460, stack(0x44990000,0x449e0000)]
  0x4444dc00 JavaThread "Service Thread" daemon [_thread_blocked, id=5196, stack(0x44940000,0x44990000)]
  0x4443a400 JavaThread "C1 CompilerThread0" daemon [_thread_blocked, id=5468, stack(0x448f0000,0x44940000)]
  0x44439000 JavaThread "Attach Listener" daemon [_thread_blocked, id=5448, stack(0x01850000,0x018a0000)]
  0x44436000 JavaThread "Signal Dispatcher" daemon [_thread_blocked, id=4504, stack(0x44630000,0x44680000)]
  0x44416c00 JavaThread "Finalizer" daemon [_thread_blocked, id=3692, stack(0x44760000,0x447b0000)]
  0x443f0400 JavaThread "Reference Handler" daemon [_thread_blocked, id=4676, stack(0x445e0000,0x44630000)]
  0x0160bc00 JavaThread "main" [_thread_blocked, id=4132, stack(0x018d0000,0x01920000)]

Other Threads:
=>0x443ea800 VMThread [stack: 0x44680000,0x446d0000] [id=1528]
  0x4442f400 WatcherThread [stack: 0x449f0000,0x44a40000] [id=6020]

VM state:at safepoint (normal execution)

VM Mutex/Monitor currently owned by a thread:  ([mutex/lock_event])
[0x0160a230] Threads_lock - owner thread: 0x443ea800
[0x0160a640] Heap_lock - owner thread: 0x445b8400

Heap:
 def new generation   total 41472K, used 41471K [0x03c00000, 0x06900000, 0x19150000)
  eden space 36864K, 100% used [0x03c00000, 0x06000000, 0x06000000)
  from space 4608K,  99% used [0x06000000, 0x0647fff8, 0x06480000)
  to   space 4608K,  99% used [0x06480000, 0x068ffff8, 0x06900000)
 tenured generation   total 92036K, used 84985K [0x19150000, 0x1eb31000, 0x43c00000)
   the space 92036K,  92% used [0x19150000, 0x1e44e6d0, 0x1e44e800, 0x1eb31000)
 Metaspace       used 3543K, capacity 3566K, committed 3648K, reserved 4480K

Card table byte_map: [0x43c00000,0x43e10000] byte_map_base: 0x43be2000

Polling page: 0x010c0000

CodeCache: size=32768Kb used=3033Kb max_used=3033Kb free=29734Kb
 bounds [0x01bf0000, 0x01ee8000, 0x03bf0000]
 total_blobs=1510 nmethods=1363 adapters=77
 compilation: enabled

Compilation events (10 events):
Event: 2.415 Thread 0x4443a400 1361             java.util.concurrent.locks.AbstractQueuedSynchronizer::hasQueuedPredecessors (40 bytes)
Event: 2.415 Thread 0x4443a400 nmethod 1361 0x01ee4808 code [0x01ee4900, 0x01ee49e0]
Event: 2.432 Thread 0x4443a400 1362             com.android.dx.rop.code.Insn$BaseVisitor::visitThrowingInsn (1 bytes)
Event: 2.432 Thread 0x4443a400 nmethod 1362 0x01ee4a88 code [0x01ee4b80, 0x01ee4c00]
Event: 2.432 Thread 0x4443a400 1363             com.android.dx.dex.code.RopTranslator$LocalVariableAwareTranslationVisitor::visitThrowingInsn (11 bytes)
Event: 2.432 Thread 0x4443a400 nmethod 1363 0x01ee4c48 code [0x01ee4da0, 0x01ee4ff8]
Event: 2.433 Thread 0x4443a400 1364             java.lang.Integer::bitCount (49 bytes)
Event: 2.433 Thread 0x4443a400 nmethod 1364 0x01ee5408 code [0x01ee5500, 0x01ee55b0]
Event: 2.433 Thread 0x4443a400 1365             com.android.dx.dex.code.RopTranslator$TranslationVisitor::visitThrowingInsn (118 bytes)
Event: 2.434 Thread 0x4443a400 nmethod 1365 0x01ee5608 code [0x01ee57e0, 0x01ee5cc4]

GC Heap History (10 events):
Event: 2.046 GC heap after
Heap after GC invocations=65 (full 4):
 def new generation   total 41472K, used 4607K [0x03c00000, 0x06900000, 0x19150000)
  eden space 36864K,   0% used [0x03c00000, 0x03c00000, 0x06000000)
  from space 4608K,  99% used [0x06000000, 0x0647fff8, 0x06480000)
  to   space 4608K,   0% used [0x06480000, 0x06480000, 0x06900000)
 tenured generation   total 92036K, used 61379K [0x19150000, 0x1eb31000, 0x43c00000)
   the space 92036K,  66% used [0x19150000, 0x1cd40dd0, 0x1cd40e00, 0x1eb31000)
 Metaspace       used 3543K, capacity 3566K, committed 3648K, reserved 4480K
}
Event: 2.126 GC heap before
{Heap before GC invocations=65 (full 4):
 def new generation   total 41472K, used 41471K [0x03c00000, 0x06900000, 0x19150000)
  eden space 36864K, 100% used [0x03c00000, 0x06000000, 0x06000000)
  from space 4608K,  99% used [0x06000000, 0x0647fff8, 0x06480000)
  to   space 4608K,   0% used [0x06480000, 0x06480000, 0x06900000)
 tenured generation   total 92036K, used 61379K [0x19150000, 0x1eb31000, 0x43c00000)
   the space 92036K,  66% used [0x19150000, 0x1cd40dd0, 0x1cd40e00, 0x1eb31000)
 Metaspace       used 3543K, capacity 3566K, committed 3648K, reserved 4480K
Event: 2.148 GC heap after
Heap after GC invocations=66 (full 4):
 def new generation   total 41472K, used 4607K [0x03c00000, 0x06900000, 0x19150000)
  eden space 36864K,   0% used [0x03c00000, 0x03c00000, 0x06000000)
  from space 4608K,  99% used [0x06480000, 0x068ffff8, 0x06900000)
  to   space 4608K,   0% used [0x06000000, 0x06000000, 0x06480000)
 tenured generation   total 92036K, used 66535K [0x19150000, 0x1eb31000, 0x43c00000)
   the space 92036K,  72% used [0x19150000, 0x1d249ee0, 0x1d24a000, 0x1eb31000)
 Metaspace       used 3543K, capacity 3566K, committed 3648K, reserved 4480K
}
Event: 2.201 GC heap before
{Heap before GC invocations=66 (full 4):
 def new generation   total 41472K, used 41471K [0x03c00000, 0x06900000, 0x19150000)
  eden space 36864K, 100% used [0x03c00000, 0x06000000, 0x06000000)
  from space 4608K,  99% used [0x06480000, 0x068ffff8, 0x06900000)
  to   space 4608K,   0% used [0x06000000, 0x06000000, 0x06480000)
 tenured generation   total 92036K, used 66535K [0x19150000, 0x1eb31000, 0x43c00000)
   the space 92036K,  72% used [0x19150000, 0x1d249ee0, 0x1d24a000, 0x1eb31000)
 Metaspace       used 3543K, capacity 3566K, committed 3648K, reserved 4480K
Event: 2.224 GC heap after
Heap after GC invocations=67 (full 4):
 def new generation   total 41472K, used 4608K [0x03c00000, 0x06900000, 0x19150000)
  eden space 36864K,   0% used [0x03c00000, 0x03c00000, 0x06000000)
  from space 4608K, 100% used [0x06000000, 0x06480000, 0x06480000)
  to   space 4608K,   0% used [0x06480000, 0x06480000, 0x06900000)
 tenured generation   total 92036K, used 71456K [0x19150000, 0x1eb31000, 0x43c00000)
   the space 92036K,  77% used [0x19150000, 0x1d718228, 0x1d718400, 0x1eb31000)
 Metaspace       used 3543K, capacity 3566K, committed 3648K, reserved 4480K
}
Event: 2.280 GC heap before
{Heap before GC invocations=67 (full 4):
 def new generation   total 41472K, used 41472K [0x03c00000, 0x06900000, 0x19150000)
  eden space 36864K, 100% used [0x03c00000, 0x06000000, 0x06000000)
  from space 4608K, 100% used [0x06000000, 0x06480000, 0x06480000)
  to   space 4608K,   0% used [0x06480000, 0x06480000, 0x06900000)
 tenured generation   total 92036K, used 71456K [0x19150000, 0x1eb31000, 0x43c00000)
   the space 92036K,  77% used [0x19150000, 0x1d718228, 0x1d718400, 0x1eb31000)
 Metaspace       used 3543K, capacity 3566K, committed 3648K, reserved 4480K
Event: 2.303 GC heap after
Heap after GC invocations=68 (full 4):
 def new generation   total 41472K, used 4608K [0x03c00000, 0x06900000, 0x19150000)
  eden space 36864K,   0% used [0x03c00000, 0x03c00000, 0x06000000)
  from space 4608K, 100% used [0x06480000, 0x06900000, 0x06900000)
  to   space 4608K,   0% used [0x06000000, 0x06000000, 0x06480000)
 tenured generation   total 92036K, used 76847K [0x19150000, 0x1eb31000, 0x43c00000)
   the space 92036K,  83% used [0x19150000, 0x1dc5be28, 0x1dc5c000, 0x1eb31000)
 Metaspace       used 3543K, capacity 3566K, committed 3648K, reserved 4480K
}
Event: 2.368 GC heap before
{Heap before GC invocations=68 (full 4):
 def new generation   total 41472K, used 41472K [0x03c00000, 0x06900000, 0x19150000)
  eden space 36864K, 100% used [0x03c00000, 0x06000000, 0x06000000)
  from space 4608K, 100% used [0x06480000, 0x06900000, 0x06900000)
  to   space 4608K,   0% used [0x06000000, 0x06000000, 0x06480000)
 tenured generation   total 92036K, used 76847K [0x19150000, 0x1eb31000, 0x43c00000)
   the space 92036K,  83% used [0x19150000, 0x1dc5be28, 0x1dc5c000, 0x1eb31000)
 Metaspace       used 3543K, capacity 3566K, committed 3648K, reserved 4480K
Event: 2.390 GC heap after
Heap after GC invocations=69 (full 4):
 def new generation   total 41472K, used 4607K [0x03c00000, 0x06900000, 0x19150000)
  eden space 36864K,   0% used [0x03c00000, 0x03c00000, 0x06000000)
  from space 4608K,  99% used [0x06000000, 0x0647fff8, 0x06480000)
  to   space 4608K,   0% used [0x06480000, 0x06480000, 0x06900000)
 tenured generation   total 92036K, used 81279K [0x19150000, 0x1eb31000, 0x43c00000)
   the space 92036K,  88% used [0x19150000, 0x1e0afe30, 0x1e0b0000, 0x1eb31000)
 Metaspace       used 3543K, capacity 3566K, committed 3648K, reserved 4480K
}
Event: 2.446 GC heap before
{Heap before GC invocations=69 (full 4):
 def new generation   total 41472K, used 41471K [0x03c00000, 0x06900000, 0x19150000)
  eden space 36864K, 100% used [0x03c00000, 0x06000000, 0x06000000)
  from space 4608K,  99% used [0x06000000, 0x0647fff8, 0x06480000)
  to   space 4608K,   0% used [0x06480000, 0x06480000, 0x06900000)
 tenured generation   total 92036K, used 81279K [0x19150000, 0x1eb31000, 0x43c00000)
   the space 92036K,  88% used [0x19150000, 0x1e0afe30, 0x1e0b0000, 0x1eb31000)
 Metaspace       used 3543K, capacity 3566K, committed 3648K, reserved 4480K

Deoptimization events (0 events):
No events

Internal exceptions (5 events):
Event: 0.024 Thread 0x0160bc00 Exception <a 'java/lang/NoSuchMethodError': Method sun.misc.Unsafe.defineClass(Ljava/lang/String;[BII)Ljava/lang/Class; name or signature does not match> (0x03c06ea8) thrown at [C:\re\workspace\8-2-build-windows-i586-cygwin\jdk8u101\7261\hotspot\src\share\–Ýù›³s˜?
Event: 0.024 Thread 0x0160bc00 Exception <a 'java/lang/NoSuchMethodError': Method sun.misc.Unsafe.prefetchRead(Ljava/lang/Object;J)V name or signature does not match> (0x03c07178) thrown at [C:\re\workspace\8-2-build-windows-i586-cygwin\jdk8u101\7261\hotspot\src\share\vm\prims\jni.cpp, ìÄ· #¸ê?
Event: 0.835 Thread 0x445b6000 Exception <a 'java/lang/ArrayIndexOutOfBoundsException': 18> (0x0418ec50) thrown at [C:\re\workspace\8-2-build-windows-i586-cygwin\jdk8u101\7261\hotspot\src\share\vm\interpreter\interpreterRuntime.cpp, line 366]
Event: 0.835 Thread 0x445b6000 Exception <a 'java/lang/ArrayIndexOutOfBoundsException': 145> (0x041904f0) thrown at [C:\re\workspace\8-2-build-windows-i586-cygwin\jdk8u101\7261\hotspot\src\share\vm\interpreter\interpreterRuntime.cpp, line 366]
Event: 0.836 Thread 0x445b6000 Exception <a 'java/lang/ArrayIndexOutOfBoundsException': 40> (0x041fe230) thrown at [C:\re\workspace\8-2-build-windows-i586-cygwin\jdk8u101\7261\hotspot\src\share\vm\interpreter\interpreterRuntime.cpp, line 366]

Events (10 events):
Event: 2.046 Executing VM operation: GenCollectForAllocation done
Event: 2.126 Executing VM operation: GenCollectForAllocation
Event: 2.148 Executing VM operation: GenCollectForAllocation done
Event: 2.201 Executing VM operation: GenCollectForAllocation
Event: 2.224 Executing VM operation: GenCollectForAllocation done
Event: 2.280 Executing VM operation: GenCollectForAllocation
Event: 2.304 Executing VM operation: GenCollectForAllocation done
Event: 2.368 Executing VM operation: GenCollectForAllocation
Event: 2.390 Executing VM operation: GenCollectForAllocation done
Event: 2.446 Executing VM operation: GenCollectForAllocation


Dynamic libraries:
0x01070000 - 0x010a3000 	C:\Program Files\Java\jdk1.8.0_101\bin\java.exe
0x76f00000 - 0x7703c000 	C:\Windows\SYSTEM32\ntdll.dll
0x755f0000 - 0x756c4000 	C:\Windows\system32\kernel32.dll
0x751f0000 - 0x7523a000 	C:\Windows\system32\KERNELBASE.dll
0x753a0000 - 0x75440000 	C:\Windows\system32\ADVAPI32.dll
0x76520000 - 0x765cc000 	C:\Windows\system32\msvcrt.dll
0x75370000 - 0x75389000 	C:\Windows\SYSTEM32\sechost.dll
0x76470000 - 0x76511000 	C:\Windows\system32\RPCRT4.dll
0x756d0000 - 0x75799000 	C:\Windows\system32\USER32.dll
0x770e0000 - 0x7712e000 	C:\Windows\system32\GDI32.dll
0x75390000 - 0x7539a000 	C:\Windows\system32\LPK.dll
0x76b50000 - 0x76bed000 	C:\Windows\system32\USP10.dll
0x73dc0000 - 0x73f5e000 	C:\Windows\WinSxS\x86_microsoft.windows.common-controls_6595b64144ccf1df_6.0.7600.16385_none_421189da2b7fabfc\COMCTL32.dll
0x76af0000 - 0x76b47000 	C:\Windows\system32\SHLWAPI.dll
0x77040000 - 0x7705f000 	C:\Windows\system32\IMM32.DLL
0x76d30000 - 0x76dfc000 	C:\Windows\system32\MSCTF.dll
0x64db0000 - 0x64e6f000 	C:\Program Files\Java\jdk1.8.0_101\jre\bin\msvcr100.dll
0x51770000 - 0x51b3c000 	C:\Program Files\Java\jdk1.8.0_101\jre\bin\client\jvm.dll
0x70810000 - 0x70817000 	C:\Windows\system32\WSOCK32.dll
0x75440000 - 0x75475000 	C:\Windows\system32\WS2_32.dll
0x75350000 - 0x75356000 	C:\Windows\system32\NSI.dll
0x707c0000 - 0x707f2000 	C:\Windows\system32\WINMM.dll
0x74550000 - 0x74559000 	C:\Windows\system32\VERSION.dll
0x75360000 - 0x75365000 	C:\Windows\system32\PSAPI.DLL
0x720f0000 - 0x720fc000 	C:\Program Files\Java\jdk1.8.0_101\jre\bin\verify.dll
0x72070000 - 0x72091000 	C:\Program Files\Java\jdk1.8.0_101\jre\bin\java.dll
0x720b0000 - 0x720c3000 	C:\Program Files\Java\jdk1.8.0_101\jre\bin\zip.dll
0x75820000 - 0x76469000 	C:\Windows\system32\SHELL32.dll
0x75490000 - 0x755ec000 	C:\Windows\system32\ole32.dll
0x75050000 - 0x7505b000 	C:\Windows\system32\profapi.dll
0x72db0000 - 0x72e9b000 	C:\Windows\system32\dbghelp.dll

VM Arguments:
jvm_args: -Djava.awt.headless=true -Xmx1024M -Dfile.encoding=windows-1252 -Duser.country=US -Duser.language=en -Duser.variant 
java_command: com.android.dx.command.Main --dex --num-threads=4 --multi-dex --main-dex-list E:\SandeepProjectResources\MobipugNew\Mobipug27.10.18\MobipugSource\app\build\intermediates\multi-dex\debug\maindexlist.txt --output E:\SandeepProjectResources\MobipugNew\Mobipug27.10.18\MobipugSource\app\build\intermediates\transforms\dex\debug\folders\1000\1f\main E:\SandeepProjectResources\MobipugNew\Mobipug27.10.18\MobipugSource\app\build\intermediates\transforms\jarMerging\debug\jars\1\1f\combined.jar
java_class_path (initial): C:\Users\android-4\AppData\Local\Android\Sdk\build-tools\26.0.2\lib\dx.jar
Launcher Type: SUN_STANDARD

Environment Variables:
PATH=C:\ProgramData\Oracle\Java\javapath;C:\Windows\system32;C:\Windows;C:\Windows\System32\Wbem;C:\Windows\System32\WindowsPowerShell\v1.0\;C:\Program Files\Intel\OpenCL SDK\2.0\bin\x86;C:\Program Files\Skype\Phone\
USERNAME=android-4
OS=Windows_NT
PROCESSOR_IDENTIFIER=x86 Family 6 Model 42 Stepping 7, GenuineIntel



---------------  S Y S T E M  ---------------

OS: Windows 7 Build 7600 (6.1.7600.16385)

CPU:total 4 (2 cores per cpu, 2 threads per core) family 6 model 42 stepping 7, cmov, cx8, fxsr, mmx, sse, sse2, sse3, ssse3, sse4.1, sse4.2, popcnt, clmul, ht, tsc, tscinvbit

Memory: 4k page, physical 3578328k(1251612k free), swap 24056564k(20516868k free)

vm_info: Java HotSpot(TM) Client VM (25.101-b13) for windows-x86 JRE (1.8.0_101-b13), built on Jun 22 2016 00:45:44 by "java_re" with MS VC++ 10.0 (VS2010)

time: Sat Nov 10 15:59:00 2018
elapsed time: 2 seconds (0d 0h 0m 2s)

