#
# A fatal error has been detected by the Java Runtime Environment:
#
#  EXCEPTION_ACCESS_VIOLATION (0xc0000005) at pc=0x61ce558f, pid=5372, tid=0x0000106c
#
# JRE version: Java(TM) SE Runtime Environment (8.0_101-b13) (build 1.8.0_101-b13)
# Java VM: Java HotSpot(TM) Client VM (25.101-b13 mixed mode windows-x86 )
# Problematic frame:
# V  [jvm.dll+0x9558f]
#
# Failed to write core dump. Minidumps are not enabled by default on client versions of Windows
#
# If you would like to submit a bug report, please visit:
#   http://bugreport.java.com/bugreport/crash.jsp
#

---------------  T H R E A D  ---------------

Current thread (0x4428a800):  VMThread [stack: 0x03bb0000,0x03c00000] [id=4204]

siginfo: ExceptionCode=0xc0000005, reading address 0x0000003b

Registers:
EAX=0x052f7a18, EBX=0x440f1598, ECX=0x00000037, EDX=0x240b00e0
ESP=0x03bff040, EBP=0x03bff050, ESI=0x005b1c48, EDI=0x052f7a18
EIP=0x61ce558f, EFLAGS=0x00010293

Top of Stack: (sp=0x03bff040)
0x03bff040:   03bff174 240b00dc 440f1598 005b1c48
0x03bff050:   03bff070 61d0afcc 052f7a18 2417e9e8
0x03bff060:   240b00d0 03bff174 440f1450 440f15a0
0x03bff070:   03bff090 61cf518f 240b00d0 240b00e0
0x03bff080:   005b4010 03bff174 005af1d0 005b4130
0x03bff090:   03bff0a4 61cea531 03bff174 005af224
0x03bff0a0:   00000001 03bff0bc 61ce8207 03bff174
0x03bff0b0:   005af1d0 03bff1b4 00000000 03bff2d8 

Instructions: (pc=0x61ce558f)
0x61ce556f:   ff c6 83 a0 01 00 00 00 5e 5b 5d c2 04 00 cc cc
0x61ce557f:   cc 55 8b ec 51 53 56 57 8b 7d 08 8b f1 8b 4f 04
0x61ce558f:   8b 41 04 89 75 fc 85 c0 7e 09 a8 01 75 30 c1 f8
0x61ce559f:   02 eb 33 79 29 8b 5f 08 8b 15 2c 8c fb 61 8b c8 


Register to memory mapping:

EAX=0x052f7a18 is pointing into object: 0x052f7a10
[I 
 - klass: {type array int}
 - length: 1
EBX=0x440f1598 is pointing into metadata
ECX=0x00000037 is an unknown value
EDX=0x240b00e0 is an oop
com.android.dx.util.IntList 
 - klass: 'com/android/dx/util/IntList'
ESP=0x03bff040 is an unknown value
EBP=0x03bff050 is an unknown value
ESI=0x005b1c48 is an unknown value
EDI=0x052f7a18 is pointing into object: 0x052f7a10
[I 
 - klass: {type array int}
 - length: 1


Stack: [0x03bb0000,0x03c00000],  sp=0x03bff040,  free space=316k
Native frames: (J=compiled Java code, j=interpreted, Vv=VM code, C=native code)
V  [jvm.dll+0x9558f]
V  [jvm.dll+0xbafcc]
V  [jvm.dll+0xa518f]
V  [jvm.dll+0x9a531]
V  [jvm.dll+0x98207]
V  [jvm.dll+0x941d7]
V  [jvm.dll+0x98e73]
V  [jvm.dll+0x92e25]
V  [jvm.dll+0x1b81c6]
V  [jvm.dll+0x18292b]
V  [jvm.dll+0x181d31]
V  [jvm.dll+0x182147]
V  [jvm.dll+0x182342]
V  [jvm.dll+0x1c1ed6]
C  [msvcr100.dll+0x5c556]
C  [msvcr100.dll+0x5c600]
C  [kernel32.dll+0x51174]
C  [ntdll.dll+0x5b3f5]
C  [ntdll.dll+0x5b3c8]

VM_Operation (0x447feec4): GenCollectForAllocation, mode: safepoint, requested by thread 0x44406800


---------------  P R O C E S S  ---------------

Java Threads: ( => current thread )
  0x44406800 JavaThread "pool-1-thread-1" [_thread_blocked, id=5648, stack(0x447b0000,0x44800000)]
  0x442ce400 JavaThread "Service Thread" daemon [_thread_blocked, id=5324, stack(0x44820000,0x44870000)]
  0x442db000 JavaThread "C1 CompilerThread0" daemon [_thread_blocked, id=4232, stack(0x44760000,0x447b0000)]
  0x442da000 JavaThread "Attach Listener" daemon [_thread_blocked, id=4976, stack(0x44510000,0x44560000)]
  0x442d7000 JavaThread "Signal Dispatcher" daemon [_thread_blocked, id=4196, stack(0x446f0000,0x44740000)]
  0x442b6c00 JavaThread "Finalizer" daemon [_thread_blocked, id=6112, stack(0x44590000,0x445e0000)]
  0x44290400 JavaThread "Reference Handler" daemon [_thread_blocked, id=1360, stack(0x44490000,0x444e0000)]
  0x003bbc00 JavaThread "main" [_thread_blocked, id=5148, stack(0x00360000,0x003b0000)]

Other Threads:
=>0x4428a800 VMThread [stack: 0x03bb0000,0x03c00000] [id=4204]
  0x442d0000 WatcherThread [stack: 0x44910000,0x44960000] [id=4632]

VM state:at safepoint (normal execution)

VM Mutex/Monitor currently owned by a thread:  ([mutex/lock_event])
[0x003ba1d0] Threads_lock - owner thread: 0x4428a800
[0x003ba5e0] Heap_lock - owner thread: 0x44406800

Heap:
 def new generation   total 120384K, used 120384K [0x03c00000, 0x0bea0000, 0x19150000)
  eden space 107008K, 100% used [0x03c00000, 0x0a480000, 0x0a480000)
  from space 13376K, 100% used [0x0b190000, 0x0bea0000, 0x0bea0000)
  to   space 13376K, 100% used [0x0a480000, 0x0b190000, 0x0b190000)
 tenured generation   total 267448K, used 184113K [0x19150000, 0x2967e000, 0x43c00000)
   the space 267448K,  68% used [0x19150000, 0x2451c6f0, 0x2451c800, 0x2967e000)
 Metaspace       used 3639K, capacity 3662K, committed 3776K, reserved 4480K

Card table byte_map: [0x43c00000,0x43e10000] byte_map_base: 0x43be2000

Polling page: 0x003c0000

CodeCache: size=32768Kb used=3818Kb max_used=3818Kb free=28949Kb
 bounds [0x01b10000, 0x01ed0000, 0x03b10000]
 total_blobs=2065 nmethods=1918 adapters=77
 compilation: enabled

Compilation events (10 events):
Event: 5.560 Thread 0x442db000 1916             com.android.dx.dex.file.CatchStructs::encode (304 bytes)
Event: 5.562 Thread 0x442db000 nmethod 1916 0x01ec7e88 code [0x01ec8160, 0x01ec8d60]
Event: 5.566 Thread 0x442db000 1917             com.android.dx.dex.code.form.Form22b::isCompatible (103 bytes)
Event: 5.566 Thread 0x442db000 nmethod 1917 0x01ec9f48 code [0x01eca090, 0x01eca370]
Event: 5.572 Thread 0x442db000 1918             com.android.dx.dex.code.form.Form22b::codeSize (2 bytes)
Event: 5.572 Thread 0x442db000 nmethod 1918 0x01eca648 code [0x01eca740, 0x01eca7c0]
Event: 5.610 Thread 0x442db000 1919             com.android.dex.Leb128::writeUnsignedLeb128 (46 bytes)
Event: 5.611 Thread 0x442db000 nmethod 1919 0x01eca808 code [0x01eca920, 0x01eca9f8]
Event: 5.614 Thread 0x442db000 1920             com.android.dx.dex.code.form.Form21s::codeSize (2 bytes)
Event: 5.614 Thread 0x442db000 nmethod 1920 0x01ecaa88 code [0x01ecab80, 0x01ecac00]

GC Heap History (10 events):
Event: 3.558 GC heap after
Heap after GC invocations=60 (full 5):
 def new generation   total 69760K, used 7744K [0x03c00000, 0x087b0000, 0x19150000)
  eden space 62016K,   0% used [0x03c00000, 0x03c00000, 0x07890000)
  from space 7744K, 100% used [0x08020000, 0x087b0000, 0x087b0000)
  to   space 7744K,   0% used [0x07890000, 0x07890000, 0x08020000)
 tenured generation   total 154836K, used 134875K [0x19150000, 0x22885000, 0x43c00000)
   the space 154836K,  87% used [0x19150000, 0x21506ca8, 0x21506e00, 0x22885000)
 Metaspace       used 3547K, capacity 3598K, committed 3648K, reserved 4480K
}
Event: 3.684 GC heap before
{Heap before GC invocations=60 (full 5):
 def new generation   total 69760K, used 69760K [0x03c00000, 0x087b0000, 0x19150000)
  eden space 62016K, 100% used [0x03c00000, 0x07890000, 0x07890000)
  from space 7744K, 100% used [0x08020000, 0x087b0000, 0x087b0000)
  to   space 7744K,   0% used [0x07890000, 0x07890000, 0x08020000)
 tenured generation   total 154836K, used 134875K [0x19150000, 0x22885000, 0x43c00000)
   the space 154836K,  87% used [0x19150000, 0x21506ca8, 0x21506e00, 0x22885000)
 Metaspace       used 3547K, capacity 3598K, committed 3648K, reserved 4480K
Event: 3.723 GC heap after
Heap after GC invocations=61 (full 5):
 def new generation   total 69760K, used 7744K [0x03c00000, 0x087b0000, 0x19150000)
  eden space 62016K,   0% used [0x03c00000, 0x03c00000, 0x07890000)
  from space 7744K, 100% used [0x07890000, 0x08020000, 0x08020000)
  to   space 7744K,   0% used [0x08020000, 0x08020000, 0x087b0000)
 tenured generation   total 154836K, used 143485K [0x19150000, 0x22885000, 0x43c00000)
   the space 154836K,  92% used [0x19150000, 0x21d6f4f0, 0x21d6f600, 0x22885000)
 Metaspace       used 3547K, capacity 3598K, committed 3648K, reserved 4480K
}
Event: 3.827 GC heap before
{Heap before GC invocations=61 (full 5):
 def new generation   total 69760K, used 69760K [0x03c00000, 0x087b0000, 0x19150000)
  eden space 62016K, 100% used [0x03c00000, 0x07890000, 0x07890000)
  from space 7744K, 100% used [0x07890000, 0x08020000, 0x08020000)
  to   space 7744K,   0% used [0x08020000, 0x08020000, 0x087b0000)
 tenured generation   total 154836K, used 143485K [0x19150000, 0x22885000, 0x43c00000)
   the space 154836K,  92% used [0x19150000, 0x21d6f4f0, 0x21d6f600, 0x22885000)
 Metaspace       used 3547K, capacity 3598K, committed 3648K, reserved 4480K
Event: 3.867 GC heap after
Heap after GC invocations=62 (full 5):
 def new generation   total 69760K, used 7744K [0x03c00000, 0x087b0000, 0x19150000)
  eden space 62016K,   0% used [0x03c00000, 0x03c00000, 0x07890000)
  from space 7744K, 100% used [0x08020000, 0x087b0000, 0x087b0000)
  to   space 7744K,   0% used [0x07890000, 0x07890000, 0x08020000)
 tenured generation   total 154836K, used 152143K [0x19150000, 0x22885000, 0x43c00000)
   the space 154836K,  98% used [0x19150000, 0x225e3f40, 0x225e4000, 0x22885000)
 Metaspace       used 3547K, capacity 3598K, committed 3648K, reserved 4480K
}
Event: 3.965 GC heap before
{Heap before GC invocations=62 (full 5):
 def new generation   total 69760K, used 69760K [0x03c00000, 0x087b0000, 0x19150000)
  eden space 62016K, 100% used [0x03c00000, 0x07890000, 0x07890000)
  from space 7744K, 100% used [0x08020000, 0x087b0000, 0x087b0000)
  to   space 7744K,   0% used [0x07890000, 0x07890000, 0x08020000)
 tenured generation   total 154836K, used 152143K [0x19150000, 0x22885000, 0x43c00000)
   the space 154836K,  98% used [0x19150000, 0x225e3f40, 0x225e4000, 0x22885000)
 Metaspace       used 3547K, capacity 3598K, committed 3648K, reserved 4480K
Event: 4.372 GC heap after
Heap after GC invocations=63 (full 6):
 def new generation   total 120384K, used 7620K [0x03c00000, 0x0bea0000, 0x19150000)
  eden space 107008K,   7% used [0x03c00000, 0x04371260, 0x0a480000)
  from space 13376K,   0% used [0x0a480000, 0x0a480000, 0x0b190000)
  to   space 13376K,   0% used [0x0b190000, 0x0b190000, 0x0bea0000)
 tenured generation   total 267448K, used 160467K [0x19150000, 0x2967e000, 0x43c00000)
   the space 267448K,  59% used [0x19150000, 0x22e04ff0, 0x22e05000, 0x2967e000)
 Metaspace       used 3547K, capacity 3598K, committed 3648K, reserved 4480K
}
Event: 4.558 GC heap before
{Heap before GC invocations=63 (full 6):
 def new generation   total 120384K, used 107008K [0x03c00000, 0x0bea0000, 0x19150000)
  eden space 107008K, 100% used [0x03c00000, 0x0a480000, 0x0a480000)
  from space 13376K,   0% used [0x0a480000, 0x0a480000, 0x0b190000)
  to   space 13376K,   0% used [0x0b190000, 0x0b190000, 0x0bea0000)
 tenured generation   total 267448K, used 160467K [0x19150000, 0x2967e000, 0x43c00000)
   the space 267448K,  59% used [0x19150000, 0x22e04ff0, 0x22e05000, 0x2967e000)
 Metaspace       used 3547K, capacity 3598K, committed 3648K, reserved 4480K
Event: 4.691 GC heap after
Heap after GC invocations=64 (full 6):
 def new generation   total 120384K, used 13376K [0x03c00000, 0x0bea0000, 0x19150000)
  eden space 107008K,   0% used [0x03c00000, 0x03c00000, 0x0a480000)
  from space 13376K, 100% used [0x0b190000, 0x0bea0000, 0x0bea0000)
  to   space 13376K,   0% used [0x0a480000, 0x0a480000, 0x0b190000)
 tenured generation   total 267448K, used 169022K [0x19150000, 0x2967e000, 0x43c00000)
   the space 267448K,  63% used [0x19150000, 0x2365fbf8, 0x2365fc00, 0x2967e000)
 Metaspace       used 3547K, capacity 3598K, committed 3648K, reserved 4480K
}
Event: 5.621 GC heap before
{Heap before GC invocations=64 (full 6):
 def new generation   total 120384K, used 120384K [0x03c00000, 0x0bea0000, 0x19150000)
  eden space 107008K, 100% used [0x03c00000, 0x0a480000, 0x0a480000)
  from space 13376K, 100% used [0x0b190000, 0x0bea0000, 0x0bea0000)
  to   space 13376K,   0% used [0x0a480000, 0x0a480000, 0x0b190000)
 tenured generation   total 267448K, used 169022K [0x19150000, 0x2967e000, 0x43c00000)
   the space 267448K,  63% used [0x19150000, 0x2365fbf8, 0x2365fc00, 0x2967e000)
 Metaspace       used 3639K, capacity 3662K, committed 3776K, reserved 4480K

Deoptimization events (0 events):
No events

Internal exceptions (5 events):
Event: 0.026 Thread 0x003bbc00 Exception <a 'java/lang/NoSuchMethodError': Method sun.misc.Unsafe.defineClass(Ljava/lang/String;[BII)Ljava/lang/Class; name or signature does not match> (0x03c06ea8) thrown at [C:\re\workspace\8-2-build-windows-i586-cygwin\jdk8u101\7261\hotspot\src\share\î¶%åbéš?
Event: 0.026 Thread 0x003bbc00 Exception <a 'java/lang/NoSuchMethodError': Method sun.misc.Unsafe.prefetchRead(Ljava/lang/Object;J)V name or signature does not match> (0x03c07178) thrown at [C:\re\workspace\8-2-build-windows-i586-cygwin\jdk8u101\7261\hotspot\src\share\vm\prims\jni.cpp, Ô^F¸{Ðè?
Event: 0.775 Thread 0x44430800 Exception <a 'java/lang/ArrayIndexOutOfBoundsException': 18> (0x03cc9d48) thrown at [C:\re\workspace\8-2-build-windows-i586-cygwin\jdk8u101\7261\hotspot\src\share\vm\interpreter\interpreterRuntime.cpp, line 366]
Event: 0.776 Thread 0x44430800 Exception <a 'java/lang/ArrayIndexOutOfBoundsException': 145> (0x03ce7e38) thrown at [C:\re\workspace\8-2-build-windows-i586-cygwin\jdk8u101\7261\hotspot\src\share\vm\interpreter\interpreterRuntime.cpp, line 366]
Event: 0.776 Thread 0x44430800 Exception <a 'java/lang/ArrayIndexOutOfBoundsException': 40> (0x03ce8f18) thrown at [C:\re\workspace\8-2-build-windows-i586-cygwin\jdk8u101\7261\hotspot\src\share\vm\interpreter\interpreterRuntime.cpp, line 366]

Events (10 events):
Event: 5.291 loading class com/android/dx/dex/code/LocalList$Entry done
Event: 5.298 loading class com/android/dx/rop/code/RegisterSpecList$Expander
Event: 5.298 loading class com/android/dx/rop/code/RegisterSpecList$Expander done
Event: 5.335 loading class com/android/dx/dex/code/CatchHandlerList$Entry
Event: 5.335 loading class com/android/dx/dex/code/CatchHandlerList$Entry done
Event: 5.335 loading class com/android/dx/dex/code/CatchTable$Entry
Event: 5.335 loading class com/android/dx/dex/code/CatchTable$Entry done
Event: 5.336 loading class com/android/dx/util/ByteArrayAnnotatedOutput
Event: 5.336 loading class com/android/dx/util/ByteArrayAnnotatedOutput done
Event: 5.621 Executing VM operation: GenCollectForAllocation


Dynamic libraries:
0x00ed0000 - 0x00f03000 	C:\Program Files\Java\jdk1.8.0_101\bin\java.exe
0x77290000 - 0x773cc000 	C:\Windows\SYSTEM32\ntdll.dll
0x758c0000 - 0x75994000 	C:\Windows\system32\kernel32.dll
0x75490000 - 0x754da000 	C:\Windows\system32\KERNELBASE.dll
0x76230000 - 0x762d0000 	C:\Windows\system32\ADVAPI32.dll
0x75b30000 - 0x75bdc000 	C:\Windows\system32\msvcrt.dll
0x75840000 - 0x75859000 	C:\Windows\SYSTEM32\sechost.dll
0x75e20000 - 0x75ec1000 	C:\Windows\system32\RPCRT4.dll
0x773f0000 - 0x774b9000 	C:\Windows\system32\USER32.dll
0x75bf0000 - 0x75c3e000 	C:\Windows\system32\GDI32.dll
0x773e0000 - 0x773ea000 	C:\Windows\system32\LPK.dll
0x762d0000 - 0x7636d000 	C:\Windows\system32\USP10.dll
0x74250000 - 0x743ee000 	C:\Windows\WinSxS\x86_microsoft.windows.common-controls_6595b64144ccf1df_6.0.7600.16385_none_421189da2b7fabfc\COMCTL32.dll
0x75860000 - 0x758b7000 	C:\Windows\system32\SHLWAPI.dll
0x75a00000 - 0x75a1f000 	C:\Windows\system32\IMM32.DLL
0x75f10000 - 0x75fdc000 	C:\Windows\system32\MSCTF.dll
0x62020000 - 0x620df000 	C:\Program Files\Java\jdk1.8.0_101\jre\bin\msvcr100.dll
0x61c50000 - 0x6201c000 	C:\Program Files\Java\jdk1.8.0_101\jre\bin\client\jvm.dll
0x70f50000 - 0x70f57000 	C:\Windows\system32\WSOCK32.dll
0x75ed0000 - 0x75f05000 	C:\Windows\system32\WS2_32.dll
0x75cd0000 - 0x75cd6000 	C:\Windows\system32\NSI.dll
0x710b0000 - 0x710e2000 	C:\Windows\system32\WINMM.dll
0x748e0000 - 0x748e9000 	C:\Windows\system32\VERSION.dll
0x75be0000 - 0x75be5000 	C:\Windows\system32\PSAPI.DLL
0x65a80000 - 0x65a8c000 	C:\Program Files\Java\jdk1.8.0_101\jre\bin\verify.dll
0x65a50000 - 0x65a71000 	C:\Program Files\Java\jdk1.8.0_101\jre\bin\java.dll
0x65a30000 - 0x65a43000 	C:\Program Files\Java\jdk1.8.0_101\jre\bin\zip.dll
0x76540000 - 0x77189000 	C:\Windows\system32\SHELL32.dll
0x756e0000 - 0x7583c000 	C:\Windows\system32\ole32.dll
0x753e0000 - 0x753eb000 	C:\Windows\system32\profapi.dll
0x71de0000 - 0x71ecb000 	C:\Windows\system32\dbghelp.dll

VM Arguments:
jvm_args: -Djava.awt.headless=true -Xmx1024M -Dfile.encoding=windows-1252 -Duser.country=US -Duser.language=en -Duser.variant 
java_command: com.android.dx.command.Main --dex --num-threads=4 --multi-dex --main-dex-list E:\SandeepProjectResources\MobipugNew\MobipugSource\app\build\intermediates\multi-dex\debug\maindexlist.txt --output E:\SandeepProjectResources\MobipugNew\MobipugSource\app\build\intermediates\transforms\dex\debug\folders\1000\1f\main E:\SandeepProjectResources\MobipugNew\MobipugSource\app\build\intermediates\transforms\jarMerging\debug\jars\1\1f\combined.jar
java_class_path (initial): C:\Users\android-4\AppData\Local\Android\Sdk\build-tools\26.0.2\lib\dx.jar
Launcher Type: SUN_STANDARD

Environment Variables:
PATH=C:\ProgramData\Oracle\Java\javapath;C:\Windows\system32;C:\Windows;C:\Windows\System32\Wbem;C:\Windows\System32\WindowsPowerShell\v1.0\;C:\Program Files\Intel\OpenCL SDK\2.0\bin\x86;C:\Program Files\Skype\Phone\
USERNAME=android-4
OS=Windows_NT
PROCESSOR_IDENTIFIER=x86 Family 6 Model 42 Stepping 7, GenuineIntel



---------------  S Y S T E M  ---------------

OS: Windows 7 Build 7600 (6.1.7600.16385)

CPU:total 4 (2 cores per cpu, 2 threads per core) family 6 model 42 stepping 7, cmov, cx8, fxsr, mmx, sse, sse2, sse3, ssse3, sse4.1, sse4.2, popcnt, clmul, ht, tsc, tscinvbit

Memory: 4k page, physical 3578328k(298892k free), swap 24056564k(20278468k free)

vm_info: Java HotSpot(TM) Client VM (25.101-b13) for windows-x86 JRE (1.8.0_101-b13), built on Jun 22 2016 00:45:44 by "java_re" with MS VC++ 10.0 (VS2010)

time: Mon Oct 15 12:10:03 2018
elapsed time: 5 seconds (0d 0h 0m 5s)

