#
# A fatal error has been detected by the Java Runtime Environment:
#
#  EXCEPTION_ACCESS_VIOLATION (0xc0000005) at pc=0x0110b8f8, pid=3668, tid=0x00001104
#
# JRE version: Java(TM) SE Runtime Environment (8.0_101-b13) (build 1.8.0_101-b13)
# Java VM: Java HotSpot(TM) Client VM (25.101-b13 mixed mode windows-x86 )
# Problematic frame:
# C  0x0110b8f8
#
# Failed to write core dump. Minidumps are not enabled by default on client versions of Windows
#
# If you would like to submit a bug report, please visit:
#   http://bugreport.java.com/bugreport/crash.jsp
#

---------------  T H R E A D  ---------------

Current thread (0x443ea800):  VMThread [stack: 0x44660000,0x446b0000] [id=4356]

siginfo: ExceptionCode=0xc0000005, ExceptionInformation=0x00000008 0x0110b8f8

Registers:
EAX=0x0110b8f8, EBX=0x4458b2bc, ECX=0x43fedb08, EDX=0x43feb748
ESP=0x446aed4c, EBP=0x446aed68, ESI=0x4458b2b8, EDI=0x506894cc
EIP=0x0110b8f8, EFLAGS=0x00010202

Top of Stack: (sp=0x446aed4c)
0x446aed4c:   504d4db1 318de0d8 506894cc 4458b2b8
0x446aed5c:   4458b2bc 506894cc 4458b2b8 446aed74
0x446aed6c:   504d4fac 00000003 446aed90 5047883a
0x446aed7c:   4458b2b8 445bc800 506894cc 00000000
0x446aed8c:   445c05e0 446aef78 50499eef 506894cc
0x446aed9c:   00000002 445bc800 00000000 00000000
0x446aedac:   00000000 00000000 446af004 446aee2c
0x446aedbc:   00000012 446aeff0 506894f0 446af074 

Instructions: (pc=0x0110b8f8)
0x0110b8d8:   03 00 ff ff d6 ee f0 6e 28 29 56 00 00 00 00 00
0x0110b8e8:   03 00 ff ff 81 5c d0 0b 28 29 5a 00 00 00 00 00
0x0110b8f8:   03 00 ff ff 36 1f 69 1c 28 29 42 00 00 00 00 00
0x0110b908:   03 00 ff ff cc 20 80 39 28 29 43 00 00 00 00 00 


Register to memory mapping:

EAX=0x0110b8f8 is an unknown value
EBX=0x4458b2bc is an unknown value
ECX=0x43fedb08 is pointing into metadata
EDX=0x43feb748 is pointing into metadata
ESP=0x446aed4c is an unknown value
EBP=0x446aed68 is an unknown value
ESI=0x4458b2b8 is an unknown value
EDI=0x506894cc is an unknown value


Stack: [0x44660000,0x446b0000],  sp=0x446aed4c,  free space=315k
Native frames: (J=compiled Java code, j=interpreted, Vv=VM code, C=native code)
C  0x0110b8f8
V  [jvm.dll+0x1b4fac]
V  [jvm.dll+0x15883a]
V  [jvm.dll+0x179eef]
V  [jvm.dll+0x1789ea]
V  [jvm.dll+0x97fb0]
V  [jvm.dll+0x992a1]
V  [jvm.dll+0x9b020]
V  [jvm.dll+0x9b489]
V  [jvm.dll+0x9a27f]
V  [jvm.dll+0xa64b2]
V  [jvm.dll+0x98e73]
V  [jvm.dll+0x92e25]
V  [jvm.dll+0x1b81c6]
V  [jvm.dll+0x18292b]
V  [jvm.dll+0x181d31]
V  [jvm.dll+0x182147]
V  [jvm.dll+0x182342]
V  [jvm.dll+0x1c1ed6]
C  [msvcr100.dll+0x5c556]
C  [msvcr100.dll+0x5c600]
C  [kernel32.dll+0x51174]
C  [ntdll.dll+0x5b3f5]
C  [ntdll.dll+0x5b3c8]

VM_Operation (0x44cfef88): GenCollectForAllocation, mode: safepoint, requested by thread 0x445bf400


---------------  P R O C E S S  ---------------

Java Threads: ( => current thread )
  0x445bc800 JavaThread "pool-2-thread-4" [_thread_blocked, id=3828, stack(0x44c50000,0x44ca0000)]
  0x445bf400 JavaThread "pool-2-thread-3" [_thread_blocked, id=5792, stack(0x44cb0000,0x44d00000)]
  0x445bac00 JavaThread "pool-2-thread-2" [_thread_blocked, id=5276, stack(0x44be0000,0x44c30000)]
  0x4458ac00 JavaThread "pool-3-thread-1" [_thread_blocked, id=5984, stack(0x44b80000,0x44bd0000)]
  0x44589c00 JavaThread "pool-2-thread-1" [_thread_blocked, id=3020, stack(0x44920000,0x44970000)]
  0x4444dc00 JavaThread "Service Thread" daemon [_thread_blocked, id=4784, stack(0x449b0000,0x44a00000)]
  0x4443a000 JavaThread "C1 CompilerThread0" daemon [_thread_blocked, id=3608, stack(0x446d0000,0x44720000)]
  0x44439000 JavaThread "Attach Listener" daemon [_thread_blocked, id=4200, stack(0x44890000,0x448e0000)]
  0x44436000 JavaThread "Signal Dispatcher" daemon [_thread_blocked, id=2860, stack(0x445e0000,0x44630000)]
  0x44416c00 JavaThread "Finalizer" daemon [_thread_blocked, id=2252, stack(0x44740000,0x44790000)]
  0x443f0400 JavaThread "Reference Handler" daemon [_thread_blocked, id=5100, stack(0x03b10000,0x03b60000)]
  0x010cbc00 JavaThread "main" [_thread_blocked, id=5868, stack(0x01710000,0x01760000)]

Other Threads:
=>0x443ea800 VMThread [stack: 0x44660000,0x446b0000] [id=4356]
  0x4442f000 WatcherThread [stack: 0x44a40000,0x44a90000] [id=4812]

VM state:at safepoint (normal execution)

VM Mutex/Monitor currently owned by a thread:  ([mutex/lock_event])
[0x010ca230] Threads_lock - owner thread: 0x443ea800
[0x010ca640] Heap_lock - owner thread: 0x445bf400

Heap:
 def new generation   total 186048K, used 20672K [0x03c00000, 0x105e0000, 0x19150000)
  eden space 165376K,   0% used [0x03c00000, 0x03c00000, 0x0dd80000)
  from space 20672K, 100% used [0x0dd80000, 0x0f1b0000, 0x0f1b0000)
  to   space 20672K,   0% used [0x0f1b0000, 0x0f1b0000, 0x105e0000)
 tenured generation   total 428420K, used 428402K [0x19150000, 0x333b1000, 0x43c00000)
   the space 428420K,  99% used [0x19150000, 0x333ac800, 0x333ac800, 0x333b1000)
 Metaspace       used 3547K, capacity 3598K, committed 3648K, reserved 4480K

Card table byte_map: [0x43c00000,0x43e10000] byte_map_base: 0x43be2000

Polling page: 0x01080000

CodeCache: size=32768Kb used=3557Kb max_used=3557Kb free=29210Kb
 bounds [0x01a30000, 0x01db0000, 0x03a30000]
 total_blobs=1867 nmethods=1720 adapters=77
 compilation: enabled

Compilation events (10 events):
Event: 9.922 Thread 0x4443a000 1718             com.android.dx.rop.code.Rops::opAget (97 bytes)
Event: 9.923 Thread 0x4443a000 nmethod 1718 0x01da8308 code [0x01da8480, 0x01da87f8]
Event: 10.097 Thread 0x4443a000 1719             com.android.dx.rop.code.SwitchInsn::getCatches (4 bytes)
Event: 10.097 Thread 0x4443a000 nmethod 1719 0x01da8a88 code [0x01da8b80, 0x01da8c00]
Event: 10.139 Thread 0x4443a000 1720             java.util.concurrent.ConcurrentHashMap::sumCount (48 bytes)
Event: 10.140 Thread 0x4443a000 nmethod 1720 0x01da8c48 code [0x01da8d40, 0x01da8e30]
Event: 10.207 Thread 0x4443a000 1721   !         com.android.dx.cf.attrib.AttExceptions::<init> (45 bytes)
Event: 10.207 Thread 0x4443a000 nmethod 1721 0x01da8f08 code [0x01da9030, 0x01da9214]
Event: 10.208 Thread 0x4443a000 1722             com.android.dx.cf.attrib.AttExceptions::byteLength (15 bytes)
Event: 10.208 Thread 0x4443a000 nmethod 1722 0x01da9388 code [0x01da9490, 0x01da952c]

GC Heap History (10 events):
Event: 8.560 GC heap after
Heap after GC invocations=90 (full 7):
 def new generation   total 186048K, used 20672K [0x03c00000, 0x105e0000, 0x19150000)
  eden space 165376K,   0% used [0x03c00000, 0x03c00000, 0x0dd80000)
  from space 20672K, 100% used [0x0f1b0000, 0x105e0000, 0x105e0000)
  to   space 20672K,   0% used [0x0dd80000, 0x0dd80000, 0x0f1b0000)
 tenured generation   total 413316K, used 310913K [0x19150000, 0x324f1000, 0x43c00000)
   the space 413316K,  75% used [0x19150000, 0x2c0f0628, 0x2c0f0800, 0x324f1000)
 Metaspace       used 3527K, capacity 3560K, committed 3648K, reserved 4480K
}
Event: 8.808 GC heap before
{Heap before GC invocations=90 (full 7):
 def new generation   total 186048K, used 186048K [0x03c00000, 0x105e0000, 0x19150000)
  eden space 165376K, 100% used [0x03c00000, 0x0dd80000, 0x0dd80000)
  from space 20672K, 100% used [0x0f1b0000, 0x105e0000, 0x105e0000)
  to   space 20672K,   0% used [0x0dd80000, 0x0dd80000, 0x0f1b0000)
 tenured generation   total 413316K, used 310913K [0x19150000, 0x324f1000, 0x43c00000)
   the space 413316K,  75% used [0x19150000, 0x2c0f0628, 0x2c0f0800, 0x324f1000)
 Metaspace       used 3527K, capacity 3560K, committed 3648K, reserved 4480K
Event: 8.913 GC heap after
Heap after GC invocations=91 (full 7):
 def new generation   total 186048K, used 20672K [0x03c00000, 0x105e0000, 0x19150000)
  eden space 165376K,   0% used [0x03c00000, 0x03c00000, 0x0dd80000)
  from space 20672K, 100% used [0x0dd80000, 0x0f1b0000, 0x0f1b0000)
  to   space 20672K,   0% used [0x0f1b0000, 0x0f1b0000, 0x105e0000)
 tenured generation   total 413316K, used 333781K [0x19150000, 0x324f1000, 0x43c00000)
   the space 413316K,  80% used [0x19150000, 0x2d7454d8, 0x2d745600, 0x324f1000)
 Metaspace       used 3527K, capacity 3560K, committed 3648K, reserved 4480K
}
Event: 9.186 GC heap before
{Heap before GC invocations=91 (full 7):
 def new generation   total 186048K, used 186048K [0x03c00000, 0x105e0000, 0x19150000)
  eden space 165376K, 100% used [0x03c00000, 0x0dd80000, 0x0dd80000)
  from space 20672K, 100% used [0x0dd80000, 0x0f1b0000, 0x0f1b0000)
  to   space 20672K,   0% used [0x0f1b0000, 0x0f1b0000, 0x105e0000)
 tenured generation   total 413316K, used 333781K [0x19150000, 0x324f1000, 0x43c00000)
   the space 413316K,  80% used [0x19150000, 0x2d7454d8, 0x2d745600, 0x324f1000)
 Metaspace       used 3527K, capacity 3560K, committed 3648K, reserved 4480K
Event: 9.296 GC heap after
Heap after GC invocations=92 (full 7):
 def new generation   total 186048K, used 20672K [0x03c00000, 0x105e0000, 0x19150000)
  eden space 165376K,   0% used [0x03c00000, 0x03c00000, 0x0dd80000)
  from space 20672K, 100% used [0x0f1b0000, 0x105e0000, 0x105e0000)
  to   space 20672K,   0% used [0x0dd80000, 0x0dd80000, 0x0f1b0000)
 tenured generation   total 413316K, used 358225K [0x19150000, 0x324f1000, 0x43c00000)
   the space 413316K,  86% used [0x19150000, 0x2ef247b8, 0x2ef24800, 0x324f1000)
 Metaspace       used 3527K, capacity 3560K, committed 3648K, reserved 4480K
}
Event: 9.545 GC heap before
{Heap before GC invocations=92 (full 7):
 def new generation   total 186048K, used 186048K [0x03c00000, 0x105e0000, 0x19150000)
  eden space 165376K, 100% used [0x03c00000, 0x0dd80000, 0x0dd80000)
  from space 20672K, 100% used [0x0f1b0000, 0x105e0000, 0x105e0000)
  to   space 20672K,   0% used [0x0dd80000, 0x0dd80000, 0x0f1b0000)
 tenured generation   total 413316K, used 358225K [0x19150000, 0x324f1000, 0x43c00000)
   the space 413316K,  86% used [0x19150000, 0x2ef247b8, 0x2ef24800, 0x324f1000)
 Metaspace       used 3547K, capacity 3598K, committed 3648K, reserved 4480K
Event: 9.673 GC heap after
Heap after GC invocations=93 (full 7):
 def new generation   total 186048K, used 20671K [0x03c00000, 0x105e0000, 0x19150000)
  eden space 165376K,   0% used [0x03c00000, 0x03c00000, 0x0dd80000)
  from space 20672K,  99% used [0x0dd80000, 0x0f1afff8, 0x0f1b0000)
  to   space 20672K,   0% used [0x0f1b0000, 0x0f1b0000, 0x105e0000)
 tenured generation   total 413316K, used 382506K [0x19150000, 0x324f1000, 0x43c00000)
   the space 413316K,  92% used [0x19150000, 0x306daac0, 0x306dac00, 0x324f1000)
 Metaspace       used 3547K, capacity 3598K, committed 3648K, reserved 4480K
}
Event: 9.935 GC heap before
{Heap before GC invocations=93 (full 7):
 def new generation   total 186048K, used 186047K [0x03c00000, 0x105e0000, 0x19150000)
  eden space 165376K, 100% used [0x03c00000, 0x0dd80000, 0x0dd80000)
  from space 20672K,  99% used [0x0dd80000, 0x0f1afff8, 0x0f1b0000)
  to   space 20672K,   0% used [0x0f1b0000, 0x0f1b0000, 0x105e0000)
 tenured generation   total 413316K, used 382506K [0x19150000, 0x324f1000, 0x43c00000)
   the space 413316K,  92% used [0x19150000, 0x306daac0, 0x306dac00, 0x324f1000)
 Metaspace       used 3547K, capacity 3598K, committed 3648K, reserved 4480K
Event: 10.043 GC heap after
Heap after GC invocations=94 (full 7):
 def new generation   total 186048K, used 20671K [0x03c00000, 0x105e0000, 0x19150000)
  eden space 165376K,   0% used [0x03c00000, 0x03c00000, 0x0dd80000)
  from space 20672K,  99% used [0x0f1b0000, 0x105dfff8, 0x105e0000)
  to   space 20672K,   0% used [0x0dd80000, 0x0dd80000, 0x0f1b0000)
 tenured generation   total 413316K, used 406692K [0x19150000, 0x324f1000, 0x43c00000)
   the space 413316K,  98% used [0x19150000, 0x31e79238, 0x31e79400, 0x324f1000)
 Metaspace       used 3547K, capacity 3598K, committed 3648K, reserved 4480K
}
Event: 10.316 GC heap before
{Heap before GC invocations=94 (full 7):
 def new generation   total 186048K, used 186047K [0x03c00000, 0x105e0000, 0x19150000)
  eden space 165376K, 100% used [0x03c00000, 0x0dd80000, 0x0dd80000)
  from space 20672K,  99% used [0x0f1b0000, 0x105dfff8, 0x105e0000)
  to   space 20672K,   0% used [0x0dd80000, 0x0dd80000, 0x0f1b0000)
 tenured generation   total 413316K, used 406692K [0x19150000, 0x324f1000, 0x43c00000)
   the space 413316K,  98% used [0x19150000, 0x31e79238, 0x31e79400, 0x324f1000)
 Metaspace       used 3547K, capacity 3598K, committed 3648K, reserved 4480K

Deoptimization events (0 events):
No events

Internal exceptions (5 events):
Event: 0.131 Thread 0x010cbc00 Exception <a 'java/lang/NoSuchMethodError': Method sun.misc.Unsafe.defineClass(Ljava/lang/String;[BII)Ljava/lang/Class; name or signature does not match> (0x03c06ea8) thrown at [C:\re\workspace\8-2-build-windows-i586-cygwin\jdk8u101\7261\hotspot\src\share\T‘û√¿?
Event: 0.131 Thread 0x010cbc00 Exception <a 'java/lang/NoSuchMethodError': Method sun.misc.Unsafe.prefetchRead(Ljava/lang/Object;J)V name or signature does not match> (0x03c07178) thrown at [C:\re\workspace\8-2-build-windows-i586-cygwin\jdk8u101\7261\hotspot\src\share\vm\prims\jni.cpp, ç˛NÅI)˜?
Event: 1.448 Thread 0x445bac00 Exception <a 'java/lang/ArrayIndexOutOfBoundsException': 18> (0x041edf70) thrown at [C:\re\workspace\8-2-build-windows-i586-cygwin\jdk8u101\7261\hotspot\src\share\vm\interpreter\interpreterRuntime.cpp, line 366]
Event: 1.448 Thread 0x445bac00 Exception <a 'java/lang/ArrayIndexOutOfBoundsException': 145> (0x041ef810) thrown at [C:\re\workspace\8-2-build-windows-i586-cygwin\jdk8u101\7261\hotspot\src\share\vm\interpreter\interpreterRuntime.cpp, line 366]
Event: 1.471 Thread 0x445bac00 Exception <a 'java/lang/ArrayIndexOutOfBoundsException': 40> (0x041f08f0) thrown at [C:\re\workspace\8-2-build-windows-i586-cygwin\jdk8u101\7261\hotspot\src\share\vm\interpreter\interpreterRuntime.cpp, line 366]

Events (10 events):
Event: 9.296 Executing VM operation: GenCollectForAllocation done
Event: 9.390 loading class java/util/concurrent/ThreadLocalRandom
Event: 9.391 loading class java/util/Random
Event: 9.391 loading class java/util/Random done
Event: 9.391 loading class java/util/concurrent/ThreadLocalRandom done
Event: 9.545 Executing VM operation: GenCollectForAllocation
Event: 9.673 Executing VM operation: GenCollectForAllocation done
Event: 9.935 Executing VM operation: GenCollectForAllocation
Event: 10.043 Executing VM operation: GenCollectForAllocation done
Event: 10.316 Executing VM operation: GenCollectForAllocation


Dynamic libraries:
0x013b0000 - 0x013e3000 	C:\Program Files\Java\jdk1.8.0_101\bin\java.exe
0x77b90000 - 0x77ccc000 	C:\Windows\SYSTEM32\ntdll.dll
0x760c0000 - 0x76194000 	C:\Windows\system32\kernel32.dll
0x75d60000 - 0x75daa000 	C:\Windows\system32\KERNELBASE.dll
0x76440000 - 0x764e0000 	C:\Windows\system32\ADVAPI32.dll
0x76870000 - 0x7691c000 	C:\Windows\system32\msvcrt.dll
0x77940000 - 0x77959000 	C:\Windows\SYSTEM32\sechost.dll
0x76270000 - 0x76311000 	C:\Windows\system32\RPCRT4.dll
0x77960000 - 0x77a29000 	C:\Windows\system32\USER32.dll
0x75fe0000 - 0x7602e000 	C:\Windows\system32\GDI32.dll
0x76920000 - 0x7692a000 	C:\Windows\system32\LPK.dll
0x761d0000 - 0x7626d000 	C:\Windows\system32\USP10.dll
0x749f0000 - 0x74b8e000 	C:\Windows\WinSxS\x86_microsoft.windows.common-controls_6595b64144ccf1df_6.0.7600.16385_none_421189da2b7fabfc\COMCTL32.dll
0x76730000 - 0x76787000 	C:\Windows\system32\SHLWAPI.dll
0x76320000 - 0x7633f000 	C:\Windows\system32\IMM32.DLL
0x76790000 - 0x7685c000 	C:\Windows\system32\MSCTF.dll
0x69820000 - 0x698df000 	C:\Program Files\Java\jdk1.8.0_101\jre\bin\msvcr100.dll
0x50320000 - 0x506ec000 	C:\Program Files\Java\jdk1.8.0_101\jre\bin\client\jvm.dll
0x71290000 - 0x71297000 	C:\Windows\system32\WSOCK32.dll
0x77cd0000 - 0x77d05000 	C:\Windows\system32\WS2_32.dll
0x76860000 - 0x76866000 	C:\Windows\system32\NSI.dll
0x71490000 - 0x714c2000 	C:\Windows\system32\WINMM.dll
0x75020000 - 0x75029000 	C:\Windows\system32\VERSION.dll
0x77da0000 - 0x77da5000 	C:\Windows\system32\PSAPI.DLL
0x62550000 - 0x6255c000 	C:\Program Files\Java\jdk1.8.0_101\jre\bin\verify.dll
0x62520000 - 0x62541000 	C:\Program Files\Java\jdk1.8.0_101\jre\bin\java.dll
0x62500000 - 0x62513000 	C:\Program Files\Java\jdk1.8.0_101\jre\bin\zip.dll
0x76a70000 - 0x776b9000 	C:\Windows\system32\SHELL32.dll
0x77a30000 - 0x77b8c000 	C:\Windows\system32\ole32.dll
0x75ce0000 - 0x75ceb000 	C:\Windows\system32\profapi.dll
0x739f0000 - 0x73adb000 	C:\Windows\system32\dbghelp.dll

VM Arguments:
jvm_args: -Djava.awt.headless=true -Xmx1024M -Dfile.encoding=windows-1252 -Duser.country=US -Duser.language=en -Duser.variant 
java_command: com.android.dx.command.Main --dex --num-threads=4 --multi-dex --main-dex-list E:\SandeepProjectResources\MobipugNew\Mobipug27.10.18\MobipugSource\app\build\intermediates\multi-dex\debug\maindexlist.txt --output E:\SandeepProjectResources\MobipugNew\Mobipug27.10.18\MobipugSource\app\build\intermediates\transforms\dex\debug\folders\1000\1f\main E:\SandeepProjectResources\MobipugNew\Mobipug27.10.18\MobipugSource\app\build\intermediates\transforms\jarMerging\debug\jars\1\1f\combined.jar
java_class_path (initial): C:\Users\android-4\AppData\Local\Android\Sdk\build-tools\26.0.2\lib\dx.jar
Launcher Type: SUN_STANDARD

Environment Variables:
PATH=C:\ProgramData\Oracle\Java\javapath;C:\Windows\system32;C:\Windows;C:\Windows\System32\Wbem;C:\Windows\System32\WindowsPowerShell\v1.0\;C:\Program Files\Intel\OpenCL SDK\2.0\bin\x86;C:\Program Files\Skype\Phone\
USERNAME=android-4
OS=Windows_NT
PROCESSOR_IDENTIFIER=x86 Family 6 Model 42 Stepping 7, GenuineIntel



---------------  S Y S T E M  ---------------

OS: Windows 7 Build 7600 (6.1.7600.16385)

CPU:total 4 (2 cores per cpu, 2 threads per core) family 6 model 42 stepping 7, cmov, cx8, fxsr, mmx, sse, sse2, sse3, ssse3, sse4.1, sse4.2, popcnt, clmul, ht, tsc, tscinvbit

Memory: 4k page, physical 3578328k(562340k free), swap 24056564k(19902152k free)

vm_info: Java HotSpot(TM) Client VM (25.101-b13) for windows-x86 JRE (1.8.0_101-b13), built on Jun 22 2016 00:45:44 by "java_re" with MS VC++ 10.0 (VS2010)

time: Thu Nov 08 11:14:59 2018
elapsed time: 10 seconds (0d 0h 0m 10s)

