#
# A fatal error has been detected by the Java Runtime Environment:
#
#  EXCEPTION_ACCESS_VIOLATION (0xc0000005) at pc=0x527e56e2, pid=5324, tid=0x000008c4
#
# JRE version: Java(TM) SE Runtime Environment (8.0_101-b13) (build 1.8.0_101-b13)
# Java VM: Java HotSpot(TM) Client VM (25.101-b13 mixed mode windows-x86 )
# Problematic frame:
# V  [jvm.dll+0xa56e2]
#
# Failed to write core dump. Minidumps are not enabled by default on client versions of Windows
#
# If you would like to submit a bug report, please visit:
#   http://bugreport.java.com/bugreport/crash.jsp
#

---------------  T H R E A D  ---------------

Current thread (0x443ea800):  VMThread [stack: 0x44690000,0x446e0000] [id=2244]

siginfo: ExceptionCode=0xc0000005, reading address 0x00000075

Registers:
EAX=0x00000001, EBX=0x446df42c, ECX=0x43f702a8, EDX=0x00000000
ESP=0x446df400, EBP=0x446df40c, ESI=0x2087e0d8, EDI=0x2087e0d8
EIP=0x527e56e2, EFLAGS=0x00010246

Top of Stack: (sp=0x446df400)
0x446df400:   349dfff0 19150000 19150000 446df440
0x446df410:   527e54ab 19150000 06e23ffc 19150000
0x446df420:   349dfff0 446df42c 44d61430 52a1dbb8
0x446df430:   349dff00 0064ffa0 19150000 446df5f4
0x446df440:   446df468 527e49f7 19150000 06e23ffc
0x446df450:   19150000 349dfff0 06e23ffc 19150000
0x446df460:   43caaa7f 19150000 446df490 527d19ce
0x446df470:   19150000 06e23ffc 0050d6e8 52a1e01c 

Instructions: (pc=0x527e56e2)
0x527e56c2:   2c 8c aa 52 c1 f8 10 25 ff 00 00 00 49 03 d0 8d
0x527e56d2:   04 11 f7 d1 c1 e8 02 c1 e9 02 23 c1 eb 08 8b 01
0x527e56e2:   8b 50 74 56 ff d2 8d 34 86 3b 75 14 72 a0 8b 55
0x527e56f2:   0c 8b 4f 04 8b 75 08 83 ec 08 8b c4 89 50 04 89 


Register to memory mapping:

EAX=0x00000001 is an unknown value
EBX=0x446df42c is an unknown value
ECX=0x43f702a8 is pointing into metadata
EDX=0x00000000 is an unknown value
ESP=0x446df400 is an unknown value
EBP=0x446df40c is an unknown value
ESI=
[error occurred during error reporting (printing register info), id 0xc0000005]

Stack: [0x44690000,0x446e0000],  sp=0x446df400,  free space=317k
Native frames: (J=compiled Java code, j=interpreted, Vv=VM code, C=native code)
V  [jvm.dll+0xa56e2]
V  [jvm.dll+0xa54ab]
V  [jvm.dll+0xa49f7]
V  [jvm.dll+0x919ce]
V  [jvm.dll+0x90eb0]
V  [jvm.dll+0x91484]
V  [jvm.dll+0x9a40c]
V  [jvm.dll+0x91344]
V  [jvm.dll+0x9933e]
V  [jvm.dll+0x951a9]
V  [jvm.dll+0x98e73]
V  [jvm.dll+0x92e25]
V  [jvm.dll+0x1b81c6]
V  [jvm.dll+0x18292b]
V  [jvm.dll+0x181d31]
V  [jvm.dll+0x182147]
V  [jvm.dll+0x182342]
V  [jvm.dll+0x1c1ed6]
C  [msvcr100.dll+0x5c556]
C  [msvcr100.dll+0x5c600]
C  [kernel32.dll+0x51174]
C  [ntdll.dll+0x5b3f5]
C  [ntdll.dll+0x5b3c8]

VM_Operation (0x44b8f044): GenCollectForAllocation, mode: safepoint, requested by thread 0x44591800


---------------  P R O C E S S  ---------------

Java Threads: ( => current thread )
  0x445b8000 JavaThread "pool-2-thread-4" [_thread_blocked, id=408, stack(0x449b0000,0x44a00000)]
  0x445b7c00 JavaThread "pool-2-thread-3" [_thread_blocked, id=4324, stack(0x44950000,0x449a0000)]
  0x445b7400 JavaThread "pool-2-thread-2" [_thread_blocked, id=5904, stack(0x44820000,0x44870000)]
  0x4458f000 JavaThread "pool-3-thread-1" [_thread_blocked, id=3256, stack(0x44b90000,0x44be0000)]
  0x44591800 JavaThread "pool-2-thread-1" [_thread_blocked, id=2840, stack(0x44b40000,0x44b90000)]
  0x44454800 JavaThread "Service Thread" daemon [_thread_blocked, id=5800, stack(0x44a60000,0x44ab0000)]
  0x4443a000 JavaThread "C1 CompilerThread0" daemon [_thread_blocked, id=5616, stack(0x44a10000,0x44a60000)]
  0x44439000 JavaThread "Attach Listener" daemon [_thread_blocked, id=3196, stack(0x448c0000,0x44910000)]
  0x44436000 JavaThread "Signal Dispatcher" daemon [_thread_blocked, id=4844, stack(0x447c0000,0x44810000)]
  0x44416c00 JavaThread "Finalizer" daemon [_thread_blocked, id=2336, stack(0x03ba0000,0x03bf0000)]
  0x443f0400 JavaThread "Reference Handler" daemon [_thread_blocked, id=2432, stack(0x44730000,0x44780000)]
  0x0050bc00 JavaThread "main" [_thread_blocked, id=996, stack(0x01880000,0x018d0000)]

Other Threads:
=>0x443ea800 VMThread [stack: 0x44690000,0x446e0000] [id=2244]
  0x4443f000 WatcherThread [stack: 0x017e0000,0x01830000] [id=2916]

VM state:at safepoint (normal execution)

VM Mutex/Monitor currently owned by a thread:  ([mutex/lock_event])
[0x0050a230] Threads_lock - owner thread: 0x443ea800
[0x0050a640] Heap_lock - owner thread: 0x44591800

Heap:
 def new generation   total 314560K, used 279616K [0x03c00000, 0x19150000, 0x19150000)
  eden space 279616K, 100% used [0x03c00000, 0x14d10000, 0x14d10000)
  from space 34944K,   0% used [0x14d10000, 0x14d10000, 0x16f30000)
  to   space 34944K,   0% used [0x16f30000, 0x16f5fa30, 0x19150000)
 tenured generation   total 699072K, used 451135K [0x19150000, 0x43c00000, 0x43c00000)
   the space 699072K,  64% used [0x19150000, 0x349dfff0, 0x349e0000, 0x43c00000)
 Metaspace       used 3546K, capacity 3598K, committed 3648K, reserved 4480K

Card table byte_map: [0x43c00000,0x43e10000] byte_map_base: 0x43be2000

Polling page: 0x00260000

CodeCache: size=32768Kb used=3569Kb max_used=3569Kb free=29198Kb
 bounds [0x01ba0000, 0x01f20000, 0x03ba0000]
 total_blobs=1879 nmethods=1732 adapters=77
 compilation: enabled

Compilation events (10 events):
Event: 11.859 Thread 0x4443a000 1730             com.android.dx.rop.type.StdTypeList::withAddedType (55 bytes)
Event: 11.860 Thread 0x4443a000 nmethod 1730 0x01f1a7c8 code [0x01f1a960, 0x01f1aef0]
Event: 12.036 Thread 0x4443a000 1731             com.android.dx.cf.code.Simulator$SimVisitor::visitSwitch (54 bytes)
Event: 12.036 Thread 0x4443a000 nmethod 1731 0x01f1b808 code [0x01f1b940, 0x01f1bb24]
Event: 12.037 Thread 0x4443a000 1732             com.android.dx.cf.code.BaseMachine::auxSwitchArg (20 bytes)
Event: 12.037 Thread 0x4443a000 nmethod 1732 0x01f1bd08 code [0x01f1be10, 0x01f1bf0c]
Event: 12.061 Thread 0x4443a000 1733             com.android.dx.rop.code.ThrowingCstInsn::withAddedCatch (34 bytes)
Event: 12.061 Thread 0x4443a000 nmethod 1733 0x01f1bf88 code [0x01f1c0a0, 0x01f1c1e8]
Event: 12.154 Thread 0x4443a000 1734             com.android.dx.cf.direct.StdAttributeFactory::runtimeInvisibleParameterAnnotations (44 bytes)
Event: 12.154 Thread 0x4443a000 nmethod 1734 0x01f1c288 code [0x01f1c3c0, 0x01f1c5d0]

GC Heap History (10 events):
Event: 8.794 GC heap after
Heap after GC invocations=93 (full 7):
 def new generation   total 195520K, used 21695K [0x03c00000, 0x11020000, 0x19150000)
  eden space 173824K,   0% used [0x03c00000, 0x03c00000, 0x0e5c0000)
  from space 21696K,  99% used [0x0e5c0000, 0x0faefff8, 0x0faf0000)
  to   space 21696K,   0% used [0x0faf0000, 0x0faf0000, 0x11020000)
 tenured generation   total 434368K, used 351696K [0x19150000, 0x33980000, 0x43c00000)
   the space 434368K,  80% used [0x19150000, 0x2e8c4368, 0x2e8c4400, 0x33980000)
 Metaspace       used 3546K, capacity 3598K, committed 3648K, reserved 4480K
}
Event: 9.066 GC heap before
{Heap before GC invocations=93 (full 7):
 def new generation   total 195520K, used 195519K [0x03c00000, 0x11020000, 0x19150000)
  eden space 173824K, 100% used [0x03c00000, 0x0e5c0000, 0x0e5c0000)
  from space 21696K,  99% used [0x0e5c0000, 0x0faefff8, 0x0faf0000)
  to   space 21696K,   0% used [0x0faf0000, 0x0faf0000, 0x11020000)
 tenured generation   total 434368K, used 351696K [0x19150000, 0x33980000, 0x43c00000)
   the space 434368K,  80% used [0x19150000, 0x2e8c4368, 0x2e8c4400, 0x33980000)
 Metaspace       used 3546K, capacity 3598K, committed 3648K, reserved 4480K
Event: 9.184 GC heap after
Heap after GC invocations=94 (full 7):
 def new generation   total 195520K, used 21695K [0x03c00000, 0x11020000, 0x19150000)
  eden space 173824K,   0% used [0x03c00000, 0x03c00000, 0x0e5c0000)
  from space 21696K,  99% used [0x0faf0000, 0x1101fff8, 0x11020000)
  to   space 21696K,   0% used [0x0e5c0000, 0x0e5c0000, 0x0faf0000)
 tenured generation   total 434368K, used 377765K [0x19150000, 0x33980000, 0x43c00000)
   the space 434368K,  86% used [0x19150000, 0x30239438, 0x30239600, 0x33980000)
 Metaspace       used 3546K, capacity 3598K, committed 3648K, reserved 4480K
}
Event: 9.463 GC heap before
{Heap before GC invocations=94 (full 7):
 def new generation   total 195520K, used 195519K [0x03c00000, 0x11020000, 0x19150000)
  eden space 173824K, 100% used [0x03c00000, 0x0e5c0000, 0x0e5c0000)
  from space 21696K,  99% used [0x0faf0000, 0x1101fff8, 0x11020000)
  to   space 21696K,   0% used [0x0e5c0000, 0x0e5c0000, 0x0faf0000)
 tenured generation   total 434368K, used 377765K [0x19150000, 0x33980000, 0x43c00000)
   the space 434368K,  86% used [0x19150000, 0x30239438, 0x30239600, 0x33980000)
 Metaspace       used 3546K, capacity 3598K, committed 3648K, reserved 4480K
Event: 9.574 GC heap after
Heap after GC invocations=95 (full 7):
 def new generation   total 195520K, used 21695K [0x03c00000, 0x11020000, 0x19150000)
  eden space 173824K,   0% used [0x03c00000, 0x03c00000, 0x0e5c0000)
  from space 21696K,  99% used [0x0e5c0000, 0x0faefff8, 0x0faf0000)
  to   space 21696K,   0% used [0x0faf0000, 0x0faf0000, 0x11020000)
 tenured generation   total 434368K, used 402379K [0x19150000, 0x33980000, 0x43c00000)
   the space 434368K,  92% used [0x19150000, 0x31a42c90, 0x31a42e00, 0x33980000)
 Metaspace       used 3546K, capacity 3598K, committed 3648K, reserved 4480K
}
Event: 9.885 GC heap before
{Heap before GC invocations=95 (full 7):
 def new generation   total 195520K, used 195519K [0x03c00000, 0x11020000, 0x19150000)
  eden space 173824K, 100% used [0x03c00000, 0x0e5c0000, 0x0e5c0000)
  from space 21696K,  99% used [0x0e5c0000, 0x0faefff8, 0x0faf0000)
  to   space 21696K,   0% used [0x0faf0000, 0x0faf0000, 0x11020000)
 tenured generation   total 434368K, used 402379K [0x19150000, 0x33980000, 0x43c00000)
   the space 434368K,  92% used [0x19150000, 0x31a42c90, 0x31a42e00, 0x33980000)
 Metaspace       used 3546K, capacity 3598K, committed 3648K, reserved 4480K
Event: 9.995 GC heap after
Heap after GC invocations=96 (full 7):
 def new generation   total 195520K, used 21696K [0x03c00000, 0x11020000, 0x19150000)
  eden space 173824K,   0% used [0x03c00000, 0x03c00000, 0x0e5c0000)
  from space 21696K, 100% used [0x0faf0000, 0x11020000, 0x11020000)
  to   space 21696K,   0% used [0x0e5c0000, 0x0e5c0000, 0x0faf0000)
 tenured generation   total 434368K, used 426758K [0x19150000, 0x33980000, 0x43c00000)
   the space 434368K,  98% used [0x19150000, 0x33211820, 0x33211a00, 0x33980000)
 Metaspace       used 3546K, capacity 3598K, committed 3648K, reserved 4480K
}
Event: 10.273 GC heap before
{Heap before GC invocations=96 (full 7):
 def new generation   total 195520K, used 195520K [0x03c00000, 0x11020000, 0x19150000)
  eden space 173824K, 100% used [0x03c00000, 0x0e5c0000, 0x0e5c0000)
  from space 21696K, 100% used [0x0faf0000, 0x11020000, 0x11020000)
  to   space 21696K,   0% used [0x0e5c0000, 0x0e5c0000, 0x0faf0000)
 tenured generation   total 434368K, used 426758K [0x19150000, 0x33980000, 0x43c00000)
   the space 434368K,  98% used [0x19150000, 0x33211820, 0x33211a00, 0x33980000)
 Metaspace       used 3546K, capacity 3598K, committed 3648K, reserved 4480K
Event: 11.712 GC heap after
Heap after GC invocations=97 (full 8):
 def new generation   total 314560K, used 1322K [0x03c00000, 0x19150000, 0x19150000)
  eden space 279616K,   0% used [0x03c00000, 0x03d4aaf8, 0x14d10000)
  from space 34944K,   0% used [0x14d10000, 0x14d10000, 0x16f30000)
  to   space 34944K,   0% used [0x16f30000, 0x16f30000, 0x19150000)
 tenured generation   total 699072K, used 451135K [0x19150000, 0x43c00000, 0x43c00000)
   the space 699072K,  64% used [0x19150000, 0x349dfff0, 0x349e0000, 0x43c00000)
 Metaspace       used 3546K, capacity 3598K, committed 3648K, reserved 4480K
}
Event: 12.159 GC heap before
{Heap before GC invocations=97 (full 8):
 def new generation   total 314560K, used 279616K [0x03c00000, 0x19150000, 0x19150000)
  eden space 279616K, 100% used [0x03c00000, 0x14d10000, 0x14d10000)
  from space 34944K,   0% used [0x14d10000, 0x14d10000, 0x16f30000)
  to   space 34944K,   0% used [0x16f30000, 0x16f30000, 0x19150000)
 tenured generation   total 699072K, used 451135K [0x19150000, 0x43c00000, 0x43c00000)
   the space 699072K,  64% used [0x19150000, 0x349dfff0, 0x349e0000, 0x43c00000)
 Metaspace       used 3546K, capacity 3598K, committed 3648K, reserved 4480K

Deoptimization events (0 events):
No events

Internal exceptions (5 events):
Event: 0.045 Thread 0x0050bc00 Exception <a 'java/lang/NoSuchMethodError': Method sun.misc.Unsafe.defineClass(Ljava/lang/String;[BII)Ljava/lang/Class; name or signature does not match> (0x03c06ea8) thrown at [C:\re\workspace\8-2-build-windows-i586-cygwin\jdk8u101\7261\hotspot\src\share\c:Ÿq¡8§?
Event: 0.045 Thread 0x0050bc00 Exception <a 'java/lang/NoSuchMethodError': Method sun.misc.Unsafe.prefetchRead(Ljava/lang/Object;J)V name or signature does not match> (0x03c07178) thrown at [C:\re\workspace\8-2-build-windows-i586-cygwin\jdk8u101\7261\hotspot\src\share\vm\prims\jni.cpp, '*ÿðë?
Event: 0.873 Thread 0x445b7c00 Exception <a 'java/lang/ArrayIndexOutOfBoundsException': 18> (0x03c97e80) thrown at [C:\re\workspace\8-2-build-windows-i586-cygwin\jdk8u101\7261\hotspot\src\share\vm\interpreter\interpreterRuntime.cpp, line 366]
Event: 0.873 Thread 0x445b7c00 Exception <a 'java/lang/ArrayIndexOutOfBoundsException': 145> (0x03c99720) thrown at [C:\re\workspace\8-2-build-windows-i586-cygwin\jdk8u101\7261\hotspot\src\share\vm\interpreter\interpreterRuntime.cpp, line 366]
Event: 0.874 Thread 0x445b7c00 Exception <a 'java/lang/ArrayIndexOutOfBoundsException': 40> (0x03c9a800) thrown at [C:\re\workspace\8-2-build-windows-i586-cygwin\jdk8u101\7261\hotspot\src\share\vm\interpreter\interpreterRuntime.cpp, line 366]

Events (10 events):
Event: 8.794 Executing VM operation: GenCollectFull done
Event: 9.066 Executing VM operation: GenCollectForAllocation
Event: 9.184 Executing VM operation: GenCollectForAllocation done
Event: 9.463 Executing VM operation: GenCollectForAllocation
Event: 9.574 Executing VM operation: GenCollectForAllocation done
Event: 9.885 Executing VM operation: GenCollectForAllocation
Event: 9.995 Executing VM operation: GenCollectForAllocation done
Event: 10.272 Executing VM operation: GenCollectForAllocation
Event: 11.712 Executing VM operation: GenCollectForAllocation done
Event: 12.159 Executing VM operation: GenCollectForAllocation


Dynamic libraries:
0x00820000 - 0x00853000 	C:\Program Files\Java\jdk1.8.0_101\bin\java.exe
0x77610000 - 0x7774c000 	C:\Windows\SYSTEM32\ntdll.dll
0x76310000 - 0x763e4000 	C:\Windows\system32\kernel32.dll
0x75a10000 - 0x75a5a000 	C:\Windows\system32\KERNELBASE.dll
0x75a60000 - 0x75b00000 	C:\Windows\system32\ADVAPI32.dll
0x76730000 - 0x767dc000 	C:\Windows\system32\msvcrt.dll
0x767e0000 - 0x767f9000 	C:\Windows\SYSTEM32\sechost.dll
0x76500000 - 0x765a1000 	C:\Windows\system32\RPCRT4.dll
0x77760000 - 0x77829000 	C:\Windows\system32\USER32.dll
0x762c0000 - 0x7630e000 	C:\Windows\system32\GDI32.dll
0x75dd0000 - 0x75dda000 	C:\Windows\system32\LPK.dll
0x76110000 - 0x761ad000 	C:\Windows\system32\USP10.dll
0x741d0000 - 0x7436e000 	C:\Windows\WinSxS\x86_microsoft.windows.common-controls_6595b64144ccf1df_6.0.7600.16385_none_421189da2b7fabfc\COMCTL32.dll
0x763f0000 - 0x76447000 	C:\Windows\system32\SHLWAPI.dll
0x764e0000 - 0x764ff000 	C:\Windows\system32\IMM32.DLL
0x75b00000 - 0x75bcc000 	C:\Windows\system32\MSCTF.dll
0x52b10000 - 0x52bcf000 	C:\Program Files\Java\jdk1.8.0_101\jre\bin\msvcr100.dll
0x52740000 - 0x52b0c000 	C:\Program Files\Java\jdk1.8.0_101\jre\bin\client\jvm.dll
0x70d00000 - 0x70d07000 	C:\Windows\system32\WSOCK32.dll
0x766f0000 - 0x76725000 	C:\Windows\system32\WS2_32.dll
0x77750000 - 0x77756000 	C:\Windows\system32\NSI.dll
0x70de0000 - 0x70e12000 	C:\Windows\system32\WINMM.dll
0x74c60000 - 0x74c69000 	C:\Windows\system32\VERSION.dll
0x77830000 - 0x77835000 	C:\Windows\system32\PSAPI.DLL
0x60b30000 - 0x60b3c000 	C:\Program Files\Java\jdk1.8.0_101\jre\bin\verify.dll
0x60b00000 - 0x60b21000 	C:\Program Files\Java\jdk1.8.0_101\jre\bin\java.dll
0x60ae0000 - 0x60af3000 	C:\Program Files\Java\jdk1.8.0_101\jre\bin\zip.dll
0x769c0000 - 0x77609000 	C:\Windows\system32\SHELL32.dll
0x76800000 - 0x7695c000 	C:\Windows\system32\ole32.dll
0x75760000 - 0x7576b000 	C:\Windows\system32\profapi.dll
0x73430000 - 0x7351b000 	C:\Windows\system32\dbghelp.dll

VM Arguments:
jvm_args: -Djava.awt.headless=true -Xmx1024M -Dfile.encoding=windows-1252 -Duser.country=US -Duser.language=en -Duser.variant 
java_command: com.android.dx.command.Main --dex --num-threads=4 --multi-dex --main-dex-list E:\SandeepProjectResources\MobipugNew\Mobipug27.10.18\MobipugSource\app\build\intermediates\multi-dex\debug\maindexlist.txt --output E:\SandeepProjectResources\MobipugNew\Mobipug27.10.18\MobipugSource\app\build\intermediates\transforms\dex\debug\folders\1000\1f\main E:\SandeepProjectResources\MobipugNew\Mobipug27.10.18\MobipugSource\app\build\intermediates\transforms\jarMerging\debug\jars\1\1f\combined.jar
java_class_path (initial): C:\Users\android-4\AppData\Local\Android\Sdk\build-tools\26.0.2\lib\dx.jar
Launcher Type: SUN_STANDARD

Environment Variables:
PATH=C:\ProgramData\Oracle\Java\javapath;C:\Windows\system32;C:\Windows;C:\Windows\System32\Wbem;C:\Windows\System32\WindowsPowerShell\v1.0\;C:\Program Files\Intel\OpenCL SDK\2.0\bin\x86;C:\Program Files\Skype\Phone\
USERNAME=android-4
OS=Windows_NT
PROCESSOR_IDENTIFIER=x86 Family 6 Model 42 Stepping 7, GenuineIntel



---------------  S Y S T E M  ---------------

OS: Windows 7 Build 7600 (6.1.7600.16385)

CPU:total 4 (2 cores per cpu, 2 threads per core) family 6 model 42 stepping 7, cmov, cx8, fxsr, mmx, sse, sse2, sse3, ssse3, sse4.1, sse4.2, popcnt, clmul, ht, tsc, tscinvbit

Memory: 4k page, physical 3578328k(532268k free), swap 24056564k(18606256k free)

vm_info: Java HotSpot(TM) Client VM (25.101-b13) for windows-x86 JRE (1.8.0_101-b13), built on Jun 22 2016 00:45:44 by "java_re" with MS VC++ 10.0 (VS2010)

time: Thu Nov 15 19:30:49 2018
elapsed time: 12 seconds (0d 0h 0m 12s)

