#
# A fatal error has been detected by the Java Runtime Environment:
#
#  EXCEPTION_ACCESS_VIOLATION (0xc0000005) at pc=0x009be048, pid=7204, tid=0x00001a48
#
# JRE version: Java(TM) SE Runtime Environment (8.0_101-b13) (build 1.8.0_101-b13)
# Java VM: Java HotSpot(TM) Client VM (25.101-b13 mixed mode windows-x86 )
# Problematic frame:
# C  0x009be048
#
# Failed to write core dump. Minidumps are not enabled by default on client versions of Windows
#
# If you would like to submit a bug report, please visit:
#   http://bugreport.java.com/bugreport/crash.jsp
#

---------------  T H R E A D  ---------------

Current thread (0x4448a800):  VMThread [stack: 0x03d60000,0x03db0000] [id=6728]

siginfo: ExceptionCode=0xc0000005, ExceptionInformation=0x00000008 0x009be048

Registers:
EAX=0x4408b748, EBX=0x442f19c0, ECX=0x4408db08, EDX=0x009be048
ESP=0x03daef38, EBP=0x03daef50, ESI=0x009a1c48, EDI=0x07f310d8
EIP=0x009be048, EFLAGS=0x00010246

Top of Stack: (sp=0x03daef38)
0x03daef38:   64e955d5 07f310d8 03daf074 224cb304
0x03daef48:   442f19c0 009a1c48 03daef70 64ebafcc
0x03daef58:   07f310d8 225731c8 224cb2f8 03daf074
0x03daef68:   442f1878 442f19c8 03daef90 64ea518f
0x03daef78:   224cb2f8 224cb308 009a4010 03daf074
0x03daef88:   0099f1d0 009a4130 03daefa4 64e9a531
0x03daef98:   03daf074 0099f224 00000001 03daefbc
0x03daefa8:   64e98207 03daf074 0099f1d0 03daf0b4 

Instructions: (pc=0x009be048)
0x009be028:   14 00 ff ff 1d ea bf 4c 6e 6f 6e 53 79 6e 63 43
0x009be038:   6f 6e 74 65 6e 74 45 71 75 61 6c 73 00 00 00 00
0x009be048:   04 00 ff ff 48 3d a3 4b 6e 75 6c 6c 00 00 00 00
0x009be058:   12 00 ff ff c3 68 0c 4a 6f 66 66 73 65 74 42 79 


Register to memory mapping:

EAX=0x4408b748 is pointing into metadata
EBX=0x442f19c0 is pointing into metadata
ECX=0x4408db08 is pointing into metadata
EDX=0x009be048 is an unknown value
ESP=0x03daef38 is an unknown value
EBP=0x03daef50 is an unknown value
ESI=0x009a1c48 is an unknown value
EDI=
[error occurred during error reporting (printing register info), id 0xc0000005]

Stack: [0x03d60000,0x03db0000],  sp=0x03daef38,  free space=315k
Native frames: (J=compiled Java code, j=interpreted, Vv=VM code, C=native code)
C  0x009be048
V  [jvm.dll+0xbafcc]
V  [jvm.dll+0xa518f]
V  [jvm.dll+0x9a531]
V  [jvm.dll+0x98207]
V  [jvm.dll+0x941d7]
V  [jvm.dll+0x98e73]
V  [jvm.dll+0x92e25]
V  [jvm.dll+0x1b81c6]
V  [jvm.dll+0x18292b]
V  [jvm.dll+0x181d31]
V  [jvm.dll+0x182147]
V  [jvm.dll+0x182342]
V  [jvm.dll+0x1c1ed6]
C  [msvcr100.dll+0x5c556]
C  [msvcr100.dll+0x5c600]
C  [kernel32.dll+0x51174]
C  [ntdll.dll+0x5b3f5]
C  [ntdll.dll+0x5b3c8]

VM_Operation (0x449cec38): GenCollectForAllocation, mode: safepoint, requested by thread 0x44603800


---------------  P R O C E S S  ---------------

Java Threads: ( => current thread )
  0x4462d400 JavaThread "pool-2-thread-4" [_thread_blocked, id=1804, stack(0x449e0000,0x44a30000)]
  0x4462c400 JavaThread "pool-2-thread-3" [_thread_blocked, id=7044, stack(0x44b80000,0x44bd0000)]
  0x44605400 JavaThread "pool-2-thread-2" [_thread_blocked, id=6612, stack(0x44b20000,0x44b70000)]
  0x4462f800 JavaThread "pool-3-thread-1" [_thread_blocked, id=2084, stack(0x44a50000,0x44aa0000)]
  0x44603800 JavaThread "pool-2-thread-1" [_thread_blocked, id=6740, stack(0x44980000,0x449d0000)]
  0x444ec000 JavaThread "Service Thread" daemon [_thread_blocked, id=7088, stack(0x00cd0000,0x00d20000)]
  0x444db000 JavaThread "C1 CompilerThread0" daemon [_thread_blocked, id=4372, stack(0x00d90000,0x00de0000)]
  0x444da000 JavaThread "Attach Listener" daemon [_thread_blocked, id=812, stack(0x44790000,0x447e0000)]
  0x444d7000 JavaThread "Signal Dispatcher" daemon [_thread_blocked, id=1596, stack(0x44810000,0x44860000)]
  0x444b6c00 JavaThread "Finalizer" daemon [_thread_blocked, id=7828, stack(0x44670000,0x446c0000)]
  0x44490400 JavaThread "Reference Handler" daemon [_thread_blocked, id=5472, stack(0x00d40000,0x00d90000)]
  0x00a9bc00 JavaThread "main" [_thread_blocked, id=6452, stack(0x005f0000,0x00640000)]

Other Threads:
=>0x4448a800 VMThread [stack: 0x03d60000,0x03db0000] [id=6728]
  0x444cfc00 WatcherThread [stack: 0x44860000,0x448b0000] [id=6920]

VM state:at safepoint (normal execution)

VM Mutex/Monitor currently owned by a thread:  ([mutex/lock_event])
[0x00a9a1d0] Threads_lock - owner thread: 0x4448a800
[0x00a9a5e0] Heap_lock - owner thread: 0x44603800

Heap:
 def new generation   total 69248K, used 69248K [0x03e00000, 0x08920000, 0x19350000)
  eden space 61568K, 100% used [0x03e00000, 0x07a20000, 0x07a20000)
  from space 7680K, 100% used [0x07a20000, 0x081a0000, 0x081a0000)
  to   space 7680K, 100% used [0x081a0000, 0x08920000, 0x08920000)
 tenured generation   total 153756K, used 149731K [0x19350000, 0x22977000, 0x43e00000)
   the space 153756K,  97% used [0x19350000, 0x22588ce8, 0x22588e00, 0x22977000)
 Metaspace       used 3546K, capacity 3598K, committed 3648K, reserved 4480K

Card table byte_map: [0x43e00000,0x44010000] byte_map_base: 0x43de1000

Polling page: 0x00140000

CodeCache: size=32768Kb used=3353Kb max_used=3353Kb free=29414Kb
 bounds [0x01cf0000, 0x02038000, 0x03cf0000]
 total_blobs=1761 nmethods=1614 adapters=77
 compilation: enabled

Compilation events (10 events):
Event: 3.652 Thread 0x444db000 1612             java.util.Vector::grow (57 bytes)
Event: 3.652 Thread 0x444db000 nmethod 1612 0x0202d908 code [0x0202da20, 0x0202db98]
Event: 3.657 Thread 0x444db000 1613             com.android.dx.dex.file.AnnotationsDirectoryItem::addMethodAnnotations (44 bytes)
Event: 3.658 Thread 0x444db000 nmethod 1613 0x0202dcc8 code [0x0202de00, 0x0202e0c4]
Event: 3.658 Thread 0x444db000 1614             com.android.dx.dex.file.MethodAnnotationStruct::<init> (43 bytes)
Event: 3.658 Thread 0x444db000 nmethod 1614 0x0202e3c8 code [0x0202e4e0, 0x0202e668]
Event: 3.693 Thread 0x444db000 1615             com.android.dx.dex.file.AnnotationsDirectoryItem::setClassAnnotations (45 bytes)
Event: 3.693 Thread 0x444db000 nmethod 1615 0x0202e748 code [0x0202e870, 0x0202ea74]
Event: 3.700 Thread 0x444db000 1616             com.android.dx.cf.direct.AnnotationParser::parseValue (805 bytes)
Event: 3.706 Thread 0x444db000 nmethod 1616 0x0202ebc8 code [0x0202f430, 0x0203238c]

GC Heap History (10 events):
Event: 3.048 GC heap after
Heap after GC invocations=54 (full 5):
 def new generation   total 69248K, used 7679K [0x03e00000, 0x08920000, 0x19350000)
  eden space 61568K,   0% used [0x03e00000, 0x03e00000, 0x07a20000)
  from space 7680K,  99% used [0x07a20000, 0x0819fff8, 0x081a0000)
  to   space 7680K,   0% used [0x081a0000, 0x081a0000, 0x08920000)
 tenured generation   total 153756K, used 106262K [0x19350000, 0x22977000, 0x43e00000)
   the space 153756K,  69% used [0x19350000, 0x1fb15b98, 0x1fb15c00, 0x22977000)
 Metaspace       used 3545K, capacity 3598K, committed 3648K, reserved 4480K
}
Event: 3.148 GC heap before
{Heap before GC invocations=54 (full 5):
 def new generation   total 69248K, used 69247K [0x03e00000, 0x08920000, 0x19350000)
  eden space 61568K, 100% used [0x03e00000, 0x07a20000, 0x07a20000)
  from space 7680K,  99% used [0x07a20000, 0x0819fff8, 0x081a0000)
  to   space 7680K,   0% used [0x081a0000, 0x081a0000, 0x08920000)
 tenured generation   total 153756K, used 106262K [0x19350000, 0x22977000, 0x43e00000)
   the space 153756K,  69% used [0x19350000, 0x1fb15b98, 0x1fb15c00, 0x22977000)
 Metaspace       used 3545K, capacity 3598K, committed 3648K, reserved 4480K
Event: 3.191 GC heap after
Heap after GC invocations=55 (full 5):
 def new generation   total 69248K, used 7680K [0x03e00000, 0x08920000, 0x19350000)
  eden space 61568K,   0% used [0x03e00000, 0x03e00000, 0x07a20000)
  from space 7680K, 100% used [0x081a0000, 0x08920000, 0x08920000)
  to   space 7680K,   0% used [0x07a20000, 0x07a20000, 0x081a0000)
 tenured generation   total 153756K, used 115290K [0x19350000, 0x22977000, 0x43e00000)
   the space 153756K,  74% used [0x19350000, 0x203e6818, 0x203e6a00, 0x22977000)
 Metaspace       used 3545K, capacity 3598K, committed 3648K, reserved 4480K
}
Event: 3.292 GC heap before
{Heap before GC invocations=55 (full 5):
 def new generation   total 69248K, used 69248K [0x03e00000, 0x08920000, 0x19350000)
  eden space 61568K, 100% used [0x03e00000, 0x07a20000, 0x07a20000)
  from space 7680K, 100% used [0x081a0000, 0x08920000, 0x08920000)
  to   space 7680K,   0% used [0x07a20000, 0x07a20000, 0x081a0000)
 tenured generation   total 153756K, used 115290K [0x19350000, 0x22977000, 0x43e00000)
   the space 153756K,  74% used [0x19350000, 0x203e6818, 0x203e6a00, 0x22977000)
 Metaspace       used 3546K, capacity 3598K, committed 3648K, reserved 4480K
Event: 3.335 GC heap after
Heap after GC invocations=56 (full 5):
 def new generation   total 69248K, used 7679K [0x03e00000, 0x08920000, 0x19350000)
  eden space 61568K,   0% used [0x03e00000, 0x03e00000, 0x07a20000)
  from space 7680K,  99% used [0x07a20000, 0x0819fff8, 0x081a0000)
  to   space 7680K,   0% used [0x081a0000, 0x081a0000, 0x08920000)
 tenured generation   total 153756K, used 124177K [0x19350000, 0x22977000, 0x43e00000)
   the space 153756K,  80% used [0x19350000, 0x20c94538, 0x20c94600, 0x22977000)
 Metaspace       used 3546K, capacity 3598K, committed 3648K, reserved 4480K
}
Event: 3.444 GC heap before
{Heap before GC invocations=56 (full 5):
 def new generation   total 69248K, used 69247K [0x03e00000, 0x08920000, 0x19350000)
  eden space 61568K, 100% used [0x03e00000, 0x07a20000, 0x07a20000)
  from space 7680K,  99% used [0x07a20000, 0x0819fff8, 0x081a0000)
  to   space 7680K,   0% used [0x081a0000, 0x081a0000, 0x08920000)
 tenured generation   total 153756K, used 124177K [0x19350000, 0x22977000, 0x43e00000)
   the space 153756K,  80% used [0x19350000, 0x20c94538, 0x20c94600, 0x22977000)
 Metaspace       used 3546K, capacity 3598K, committed 3648K, reserved 4480K
Event: 3.488 GC heap after
Heap after GC invocations=57 (full 5):
 def new generation   total 69248K, used 7680K [0x03e00000, 0x08920000, 0x19350000)
  eden space 61568K,   0% used [0x03e00000, 0x03e00000, 0x07a20000)
  from space 7680K, 100% used [0x081a0000, 0x08920000, 0x08920000)
  to   space 7680K,   0% used [0x07a20000, 0x07a20000, 0x081a0000)
 tenured generation   total 153756K, used 134078K [0x19350000, 0x22977000, 0x43e00000)
   the space 153756K,  87% used [0x19350000, 0x2163fa28, 0x2163fc00, 0x22977000)
 Metaspace       used 3546K, capacity 3598K, committed 3648K, reserved 4480K
}
Event: 3.597 GC heap before
{Heap before GC invocations=57 (full 5):
 def new generation   total 69248K, used 69248K [0x03e00000, 0x08920000, 0x19350000)
  eden space 61568K, 100% used [0x03e00000, 0x07a20000, 0x07a20000)
  from space 7680K, 100% used [0x081a0000, 0x08920000, 0x08920000)
  to   space 7680K,   0% used [0x07a20000, 0x07a20000, 0x081a0000)
 tenured generation   total 153756K, used 134078K [0x19350000, 0x22977000, 0x43e00000)
   the space 153756K,  87% used [0x19350000, 0x2163fa28, 0x2163fc00, 0x22977000)
 Metaspace       used 3546K, capacity 3598K, committed 3648K, reserved 4480K
Event: 3.636 GC heap after
Heap after GC invocations=58 (full 5):
 def new generation   total 69248K, used 7680K [0x03e00000, 0x08920000, 0x19350000)
  eden space 61568K,   0% used [0x03e00000, 0x03e00000, 0x07a20000)
  from space 7680K, 100% used [0x07a20000, 0x081a0000, 0x081a0000)
  to   space 7680K,   0% used [0x081a0000, 0x081a0000, 0x08920000)
 tenured generation   total 153756K, used 142723K [0x19350000, 0x22977000, 0x43e00000)
   the space 153756K,  92% used [0x19350000, 0x21eb0d38, 0x21eb0e00, 0x22977000)
 Metaspace       used 3546K, capacity 3598K, committed 3648K, reserved 4480K
}
Event: 3.735 GC heap before
{Heap before GC invocations=58 (full 5):
 def new generation   total 69248K, used 69248K [0x03e00000, 0x08920000, 0x19350000)
  eden space 61568K, 100% used [0x03e00000, 0x07a20000, 0x07a20000)
  from space 7680K, 100% used [0x07a20000, 0x081a0000, 0x081a0000)
  to   space 7680K,   0% used [0x081a0000, 0x081a0000, 0x08920000)
 tenured generation   total 153756K, used 142723K [0x19350000, 0x22977000, 0x43e00000)
   the space 153756K,  92% used [0x19350000, 0x21eb0d38, 0x21eb0e00, 0x22977000)
 Metaspace       used 3546K, capacity 3598K, committed 3648K, reserved 4480K

Deoptimization events (0 events):
No events

Internal exceptions (5 events):
Event: 0.024 Thread 0x00a9bc00 Exception <a 'java/lang/NoSuchMethodError': Method sun.misc.Unsafe.defineClass(Ljava/lang/String;[BII)Ljava/lang/Class; name or signature does not match> (0x03e06ea8) thrown at [C:\re\workspace\8-2-build-windows-i586-cygwin\jdk8u101\7261\hotspot\src\share\
Event: 0.024 Thread 0x00a9bc00 Exception <a 'java/lang/NoSuchMethodError': Method sun.misc.Unsafe.prefetchRead(Ljava/lang/Object;J)V name or signature does not match> (0x03e07178) thrown at [C:\re\workspace\8-2-build-windows-i586-cygwin\jdk8u101\7261\hotspot\src\share\vm\prims\jni.cpp, (H†Üýè?
Event: 0.781 Thread 0x4462d400 Exception <a 'java/lang/ArrayIndexOutOfBoundsException': 18> (0x042c1780) thrown at [C:\re\workspace\8-2-build-windows-i586-cygwin\jdk8u101\7261\hotspot\src\share\vm\interpreter\interpreterRuntime.cpp, line 366]
Event: 0.781 Thread 0x4462d400 Exception <a 'java/lang/ArrayIndexOutOfBoundsException': 145> (0x042c3020) thrown at [C:\re\workspace\8-2-build-windows-i586-cygwin\jdk8u101\7261\hotspot\src\share\vm\interpreter\interpreterRuntime.cpp, line 366]
Event: 0.782 Thread 0x4462d400 Exception <a 'java/lang/ArrayIndexOutOfBoundsException': 40> (0x042c4100) thrown at [C:\re\workspace\8-2-build-windows-i586-cygwin\jdk8u101\7261\hotspot\src\share\vm\interpreter\interpreterRuntime.cpp, line 366]

Events (10 events):
Event: 3.048 Executing VM operation: GenCollectForAllocation done
Event: 3.148 Executing VM operation: GenCollectForAllocation
Event: 3.191 Executing VM operation: GenCollectForAllocation done
Event: 3.292 Executing VM operation: GenCollectForAllocation
Event: 3.335 Executing VM operation: GenCollectForAllocation done
Event: 3.444 Executing VM operation: GenCollectForAllocation
Event: 3.488 Executing VM operation: GenCollectForAllocation done
Event: 3.597 Executing VM operation: GenCollectForAllocation
Event: 3.636 Executing VM operation: GenCollectForAllocation done
Event: 3.735 Executing VM operation: GenCollectForAllocation


Dynamic libraries:
0x00de0000 - 0x00e13000 	C:\Program Files\Java\jdk1.8.0_101\bin\java.exe
0x778f0000 - 0x77a2c000 	C:\Windows\SYSTEM32\ntdll.dll
0x761c0000 - 0x76294000 	C:\Windows\system32\kernel32.dll
0x75be0000 - 0x75c2a000 	C:\Windows\system32\KERNELBASE.dll
0x75e50000 - 0x75ef0000 	C:\Windows\system32\ADVAPI32.dll
0x75da0000 - 0x75e4c000 	C:\Windows\system32\msvcrt.dll
0x77a30000 - 0x77a49000 	C:\Windows\SYSTEM32\sechost.dll
0x76500000 - 0x765a1000 	C:\Windows\system32\RPCRT4.dll
0x76080000 - 0x76149000 	C:\Windows\system32\USER32.dll
0x76af0000 - 0x76b3e000 	C:\Windows\system32\GDI32.dll
0x77a50000 - 0x77a5a000 	C:\Windows\system32\LPK.dll
0x77a80000 - 0x77b1d000 	C:\Windows\system32\USP10.dll
0x747b0000 - 0x7494e000 	C:\Windows\WinSxS\x86_microsoft.windows.common-controls_6595b64144ccf1df_6.0.7600.16385_none_421189da2b7fabfc\COMCTL32.dll
0x76150000 - 0x761a7000 	C:\Windows\system32\SHLWAPI.dll
0x765b0000 - 0x765cf000 	C:\Windows\system32\IMM32.DLL
0x75ef0000 - 0x75fbc000 	C:\Windows\system32\MSCTF.dll
0x651d0000 - 0x6528f000 	C:\Program Files\Java\jdk1.8.0_101\jre\bin\msvcr100.dll
0x64e00000 - 0x651cc000 	C:\Program Files\Java\jdk1.8.0_101\jre\bin\client\jvm.dll
0x70f60000 - 0x70f67000 	C:\Windows\system32\WSOCK32.dll
0x763e0000 - 0x76415000 	C:\Windows\system32\WS2_32.dll
0x761b0000 - 0x761b6000 	C:\Windows\system32\NSI.dll
0x71540000 - 0x71572000 	C:\Windows\system32\WINMM.dll
0x74d80000 - 0x74d89000 	C:\Windows\system32\VERSION.dll
0x77a70000 - 0x77a75000 	C:\Windows\system32\PSAPI.DLL
0x73320000 - 0x7332c000 	C:\Program Files\Java\jdk1.8.0_101\jre\bin\verify.dll
0x65560000 - 0x65581000 	C:\Program Files\Java\jdk1.8.0_101\jre\bin\java.dll
0x65540000 - 0x65553000 	C:\Program Files\Java\jdk1.8.0_101\jre\bin\zip.dll
0x76ca0000 - 0x778e9000 	C:\Windows\system32\SHELL32.dll
0x76b40000 - 0x76c9c000 	C:\Windows\system32\ole32.dll
0x75a40000 - 0x75a4b000 	C:\Windows\system32\profapi.dll
0x73760000 - 0x7384b000 	C:\Windows\system32\dbghelp.dll

VM Arguments:
jvm_args: -Djava.awt.headless=true -Xmx1024M -Dfile.encoding=windows-1252 -Duser.country=US -Duser.language=en -Duser.variant 
java_command: com.android.dx.command.Main --dex --num-threads=4 --multi-dex --main-dex-list E:\SandeepProjectResources\MobipugNew\MobipugSource\app\build\intermediates\multi-dex\debug\maindexlist.txt --output E:\SandeepProjectResources\MobipugNew\MobipugSource\app\build\intermediates\transforms\dex\debug\folders\1000\1f\main E:\SandeepProjectResources\MobipugNew\MobipugSource\app\build\intermediates\transforms\jarMerging\debug\jars\1\1f\combined.jar
java_class_path (initial): C:\Users\android-4\AppData\Local\Android\Sdk\build-tools\26.0.2\lib\dx.jar
Launcher Type: SUN_STANDARD

Environment Variables:
PATH=C:\ProgramData\Oracle\Java\javapath;C:\Windows\system32;C:\Windows;C:\Windows\System32\Wbem;C:\Windows\System32\WindowsPowerShell\v1.0\;C:\Program Files\Intel\OpenCL SDK\2.0\bin\x86;C:\Program Files\Skype\Phone\
USERNAME=android-4
OS=Windows_NT
PROCESSOR_IDENTIFIER=x86 Family 6 Model 42 Stepping 7, GenuineIntel



---------------  S Y S T E M  ---------------

OS: Windows 7 Build 7600 (6.1.7600.16385)

CPU:total 4 (2 cores per cpu, 2 threads per core) family 6 model 42 stepping 7, cmov, cx8, fxsr, mmx, sse, sse2, sse3, ssse3, sse4.1, sse4.2, popcnt, clmul, ht, tsc, tscinvbit

Memory: 4k page, physical 3578328k(411000k free), swap 24056564k(19283136k free)

vm_info: Java HotSpot(TM) Client VM (25.101-b13) for windows-x86 JRE (1.8.0_101-b13), built on Jun 22 2016 00:45:44 by "java_re" with MS VC++ 10.0 (VS2010)

time: Mon Oct 22 17:47:21 2018
elapsed time: 3 seconds (0d 0h 0m 3s)

