#
# A fatal error has been detected by the Java Runtime Environment:
#
#  EXCEPTION_ACCESS_VIOLATION (0xc0000005) at pc=0x51815a38, pid=3980, tid=0x00000e08
#
# JRE version: Java(TM) SE Runtime Environment (8.0_101-b13) (build 1.8.0_101-b13)
# Java VM: Java HotSpot(TM) Client VM (25.101-b13 mixed mode windows-x86 )
# Problematic frame:
# V  [jvm.dll+0xa5a38]
#
# Failed to write core dump. Minidumps are not enabled by default on client versions of Windows
#
# If you would like to submit a bug report, please visit:
#   http://bugreport.java.com/bugreport/crash.jsp
#

---------------  T H R E A D  ---------------

Current thread (0x445ea800):  VMThread [stack: 0x00f70000,0x00fc0000] [id=3592]

siginfo: ExceptionCode=0xc0000005, reading address 0x00000004

Registers:
EAX=0x00000000, EBX=0x00fbf724, ECX=0x00000000, EDX=0x3ffffffe
ESP=0x00fbf6d8, EBP=0x00fbf700, ESI=0x14e71f98, EDI=0x14ee20d8
EIP=0x51815a38, EFLAGS=0x00010293

Top of Stack: (sp=0x00fbf6d8)
0x00fbf6d8:   00932660 00fbf724 00000001 00932660
0x00fbf6e8:   14f10000 14e71f58 14e71f98 03e00c88
0x00fbf6f8:   00000000 071675b8 00fbf714 51809ba2
0x00fbf708:   00fbf724 0092f210 0092f210 00fbf730
0x00fbf718:   518085bd 00fbf724 0092f210 00931c88
0x00fbf728:   00932660 14f10000 00fbf81c 5180b4be
0x00fbf738:   445d8518 009a3230 00934050 51a4b934
0x00fbf748:   00000100 009a3230 00000000 05adb0b3 

Instructions: (pc=0x51815a38)
0x51815a18:   8b 01 8b 90 94 00 00 00 53 57 56 ff d2 8d 34 be
0x51815a28:   89 45 fc 89 75 f0 e9 e8 00 00 00 8b fe 8b 4f 04
0x51815a38:   8b 41 04 85 c0 7e 09 a8 01 75 33 c1 f8 02 eb 36
0x51815a48:   79 2c 8b 5f 08 8b 15 2c 8c ad 51 8b c8 83 e1 3f 


Register to memory mapping:

EAX=0x00000000 is an unknown value
EBX=0x00fbf724 is an unknown value
ECX=0x00000000 is an unknown value
EDX=0x3ffffffe is pointing into object: 0x3fff72e0
[Ljava.util.HashMap$Node; 
 - klass: 'java/util/HashMap$Node'[]
 - length: 1048576
ESP=0x00fbf6d8 is an unknown value
EBP=0x00fbf700 is an unknown value
ESI=
[error occurred during error reporting (printing register info), id 0xc0000005]

Stack: [0x00f70000,0x00fc0000],  sp=0x00fbf6d8,  free space=317k
Native frames: (J=compiled Java code, j=interpreted, Vv=VM code, C=native code)
V  [jvm.dll+0xa5a38]
V  [jvm.dll+0x99ba2]
V  [jvm.dll+0x985bd]
V  [jvm.dll+0x9b4be]
V  [jvm.dll+0x9a27f]
V  [jvm.dll+0xa64b2]
V  [jvm.dll+0x98e73]
V  [jvm.dll+0x92e25]
V  [jvm.dll+0x1b81c6]
V  [jvm.dll+0x18292b]
V  [jvm.dll+0x181d31]
V  [jvm.dll+0x182147]
V  [jvm.dll+0x182342]
V  [jvm.dll+0x1c1ed6]
C  [msvcr100.dll+0x5c556]
C  [msvcr100.dll+0x5c600]
C  [kernel32.dll+0x51174]
C  [ntdll.dll+0x5b3f5]
C  [ntdll.dll+0x5b3c8]

VM_Operation (0x44c7e924): GenCollectForAllocation, mode: safepoint, requested by thread 0x447b8800


---------------  P R O C E S S  ---------------

Java Threads: ( => current thread )
  0x44e81800 JavaThread "pool-1-thread-1" [_thread_blocked, id=2280, stack(0x44b90000,0x44be0000)]
  0x447b8800 JavaThread "pool-2-thread-4" [_thread_blocked, id=3696, stack(0x44c30000,0x44c80000)]
  0x447b4000 JavaThread "pool-2-thread-3" [_thread_blocked, id=5272, stack(0x44a60000,0x44ab0000)]
  0x447b2c00 JavaThread "pool-2-thread-2" [_thread_blocked, id=3488, stack(0x449d0000,0x44a20000)]
  0x44784000 JavaThread "pool-3-thread-1" [_thread_blocked, id=6096, stack(0x44ad0000,0x44b20000)]
  0x4477e000 JavaThread "pool-2-thread-1" [_thread_blocked, id=3940, stack(0x01020000,0x01070000)]
  0x4464c000 JavaThread "Service Thread" daemon [_thread_blocked, id=5880, stack(0x005a0000,0x005f0000)]
  0x4463a400 JavaThread "C1 CompilerThread0" daemon [_thread_blocked, id=4012, stack(0x03d90000,0x03de0000)]
  0x44639000 JavaThread "Attach Listener" daemon [_thread_blocked, id=4000, stack(0x03cc0000,0x03d10000)]
  0x44636000 JavaThread "Signal Dispatcher" daemon [_thread_blocked, id=5912, stack(0x00a30000,0x00a80000)]
  0x44616c00 JavaThread "Finalizer" daemon [_thread_blocked, id=2964, stack(0x03d30000,0x03d80000)]
  0x445f0400 JavaThread "Reference Handler" daemon [_thread_blocked, id=2140, stack(0x00bd0000,0x00c20000)]
  0x00acbc00 JavaThread "main" [_thread_blocked, id=4040, stack(0x00c40000,0x00c90000)]

Other Threads:
=>0x445ea800 VMThread [stack: 0x00f70000,0x00fc0000] [id=3592]
  0x44630800 WatcherThread [stack: 0x448b0000,0x44900000] [id=1040]

VM state:at safepoint (normal execution)

VM Mutex/Monitor currently owned by a thread:  ([mutex/lock_event])
[0x00aca230] Threads_lock - owner thread: 0x445ea800
[0x00aca640] Heap_lock - owner thread: 0x447b8800

Heap:
 def new generation   total 314560K, used 314560K [0x03e00000, 0x19350000, 0x19350000)
  eden space 279616K, 100% used [0x03e00000, 0x14f10000, 0x14f10000)
  from space 34944K, 100% used [0x17130000, 0x19350000, 0x19350000)
  to   space 34944K,   0% used [0x14f10000, 0x14f10000, 0x17130000)
 tenured generation   total 699072K, used 699071K [0x19350000, 0x43e00000, 0x43e00000)
   the space 699072K,  99% used [0x19350000, 0x43dffff8, 0x43e00000, 0x43e00000)
 Metaspace       used 3578K, capacity 3598K, committed 3648K, reserved 4480K

Card table byte_map: [0x43e00000,0x44010000] byte_map_base: 0x43de1000

Polling page: 0x001d0000

CodeCache: size=32768Kb used=3752Kb max_used=3752Kb free=29015Kb
 bounds [0x01cb0000, 0x02060000, 0x03cb0000]
 total_blobs=1960 nmethods=1813 adapters=77
 compilation: enabled

Compilation events (10 events):
Event: 30.558 Thread 0x4463a400 1825             com.android.dx.dex.code.StdCatchBuilder::hasAnyCatches (57 bytes)
Event: 30.558 Thread 0x4463a400 nmethod 1825 0x02058b88 code [0x02058cd0, 0x02058e80]
Event: 30.565 Thread 0x4463a400 1826             com.android.dx.dex.file.CodeItem::addContents (174 bytes)
Event: 30.566 Thread 0x4463a400 nmethod 1826 0x02059188 code [0x02059390, 0x02059800]
Event: 30.568 Thread 0x4463a400 1827             java.util.HashMap$KeyIterator::next (8 bytes)
Event: 30.568 Thread 0x4463a400 nmethod 1827 0x02059f48 code [0x0205a050, 0x0205a0ec]
Event: 30.596 Thread 0x4463a400 1828  s          sun.misc.PerfCounter::add (18 bytes)
Event: 30.596 Thread 0x4463a400 nmethod 1828 0x0205a188 code [0x0205a2a0, 0x0205a628]
Event: 30.596 Thread 0x4463a400 1829  s          sun.misc.PerfCounter::get (9 bytes)
Event: 30.596 Thread 0x4463a400 nmethod 1829 0x0205a748 code [0x0205a850, 0x0205aa2c]

GC Heap History (10 events):
Event: 20.820 GC heap after
Heap after GC invocations=103 (full 9):
 def new generation   total 314560K, used 34943K [0x03e00000, 0x19350000, 0x19350000)
  eden space 279616K,   0% used [0x03e00000, 0x03e00000, 0x14f10000)
  from space 34944K,  99% used [0x14f10000, 0x1712fff8, 0x17130000)
  to   space 34944K,   0% used [0x17130000, 0x17130000, 0x19350000)
 tenured generation   total 699072K, used 607685K [0x19350000, 0x43e00000, 0x43e00000)
   the space 699072K,  86% used [0x19350000, 0x3e4c1518, 0x3e4c1600, 0x43e00000)
 Metaspace       used 3550K, capacity 3598K, committed 3648K, reserved 4480K
}
Event: 22.282 GC heap before
{Heap before GC invocations=103 (full 9):
 def new generation   total 314560K, used 314559K [0x03e00000, 0x19350000, 0x19350000)
  eden space 279616K, 100% used [0x03e00000, 0x14f10000, 0x14f10000)
  from space 34944K,  99% used [0x14f10000, 0x1712fff8, 0x17130000)
  to   space 34944K,   0% used [0x17130000, 0x17130000, 0x19350000)
 tenured generation   total 699072K, used 607685K [0x19350000, 0x43e00000, 0x43e00000)
   the space 699072K,  86% used [0x19350000, 0x3e4c1518, 0x3e4c1600, 0x43e00000)
 Metaspace       used 3550K, capacity 3598K, committed 3648K, reserved 4480K
Event: 22.389 GC heap after
Heap after GC invocations=104 (full 9):
 def new generation   total 314560K, used 34943K [0x03e00000, 0x19350000, 0x19350000)
  eden space 279616K,   0% used [0x03e00000, 0x03e00000, 0x14f10000)
  from space 34944K,  99% used [0x17130000, 0x1934fff8, 0x19350000)
  to   space 34944K,   0% used [0x14f10000, 0x14f10000, 0x17130000)
 tenured generation   total 699072K, used 669554K [0x19350000, 0x43e00000, 0x43e00000)
   the space 699072K,  95% used [0x19350000, 0x4212c8e0, 0x4212ca00, 0x43e00000)
 Metaspace       used 3550K, capacity 3598K, committed 3648K, reserved 4480K
}
Event: 23.376 GC heap before
{Heap before GC invocations=104 (full 9):
 def new generation   total 314560K, used 314559K [0x03e00000, 0x19350000, 0x19350000)
  eden space 279616K, 100% used [0x03e00000, 0x14f10000, 0x14f10000)
  from space 34944K,  99% used [0x17130000, 0x1934fff8, 0x19350000)
  to   space 34944K,   0% used [0x14f10000, 0x14f10000, 0x17130000)
 tenured generation   total 699072K, used 669554K [0x19350000, 0x43e00000, 0x43e00000)
   the space 699072K,  95% used [0x19350000, 0x4212c8e0, 0x4212ca00, 0x43e00000)
 Metaspace       used 3550K, capacity 3598K, committed 3648K, reserved 4480K
Event: 24.872 GC heap after
Heap after GC invocations=105 (full 10):
 def new generation   total 314560K, used 0K [0x03e00000, 0x19350000, 0x19350000)
  eden space 279616K,   0% used [0x03e00000, 0x03e00000, 0x14f10000)
  from space 34944K,   0% used [0x17130000, 0x17130000, 0x19350000)
  to   space 34944K,   0% used [0x14f10000, 0x14f10000, 0x17130000)
 tenured generation   total 699072K, used 665953K [0x19350000, 0x43e00000, 0x43e00000)
   the space 699072K,  95% used [0x19350000, 0x41da8480, 0x41da8600, 0x43e00000)
 Metaspace       used 3550K, capacity 3598K, committed 3648K, reserved 4480K
}
Event: 25.341 GC heap before
{Heap before GC invocations=105 (full 10):
 def new generation   total 314560K, used 279616K [0x03e00000, 0x19350000, 0x19350000)
  eden space 279616K, 100% used [0x03e00000, 0x14f10000, 0x14f10000)
  from space 34944K,   0% used [0x17130000, 0x17130000, 0x19350000)
  to   space 34944K,   0% used [0x14f10000, 0x14f10000, 0x17130000)
 tenured generation   total 699072K, used 665953K [0x19350000, 0x43e00000, 0x43e00000)
   the space 699072K,  95% used [0x19350000, 0x41da8480, 0x41da8600, 0x43e00000)
 Metaspace       used 3550K, capacity 3598K, committed 3648K, reserved 4480K
Event: 26.983 GC heap after
Heap after GC invocations=106 (full 11):
 def new generation   total 314560K, used 8013K [0x03e00000, 0x19350000, 0x19350000)
  eden space 279616K,   2% used [0x03e00000, 0x045d36a8, 0x14f10000)
  from space 34944K,   0% used [0x17130000, 0x17130000, 0x19350000)
  to   space 34944K,   0% used [0x14f10000, 0x14f10000, 0x17130000)
 tenured generation   total 699072K, used 699072K [0x19350000, 0x43e00000, 0x43e00000)
   the space 699072K, 100% used [0x19350000, 0x43e00000, 0x43e00000, 0x43e00000)
 Metaspace       used 3550K, capacity 3598K, committed 3648K, reserved 4480K
}
Event: 27.741 GC heap before
{Heap before GC invocations=106 (full 11):
 def new generation   total 314560K, used 314559K [0x03e00000, 0x19350000, 0x19350000)
  eden space 279616K, 100% used [0x03e00000, 0x14f10000, 0x14f10000)
  from space 34944K,  99% used [0x17130000, 0x1934fff0, 0x19350000)
  to   space 34944K,   0% used [0x14f10000, 0x14f10000, 0x17130000)
 tenured generation   total 699072K, used 699072K [0x19350000, 0x43e00000, 0x43e00000)
   the space 699072K, 100% used [0x19350000, 0x43e00000, 0x43e00000, 0x43e00000)
 Metaspace       used 3550K, capacity 3598K, committed 3648K, reserved 4480K
Event: 29.855 GC heap after
Heap after GC invocations=107 (full 12):
 def new generation   total 314560K, used 15638K [0x03e00000, 0x19350000, 0x19350000)
  eden space 279616K,   5% used [0x03e00000, 0x04d459d8, 0x14f10000)
  from space 34944K,   0% used [0x17130000, 0x17130000, 0x19350000)
  to   space 34944K,   0% used [0x14f10000, 0x14f10000, 0x17130000)
 tenured generation   total 699072K, used 699071K [0x19350000, 0x43e00000, 0x43e00000)
   the space 699072K,  99% used [0x19350000, 0x43dffff8, 0x43e00000, 0x43e00000)
 Metaspace       used 3550K, capacity 3598K, committed 3648K, reserved 4480K
}
Event: 30.627 GC heap before
{Heap before GC invocations=107 (full 12):
 def new generation   total 314560K, used 314560K [0x03e00000, 0x19350000, 0x19350000)
  eden space 279616K, 100% used [0x03e00000, 0x14f10000, 0x14f10000)
  from space 34944K, 100% used [0x17130000, 0x19350000, 0x19350000)
  to   space 34944K,   0% used [0x14f10000, 0x14f10000, 0x17130000)
 tenured generation   total 699072K, used 699071K [0x19350000, 0x43e00000, 0x43e00000)
   the space 699072K,  99% used [0x19350000, 0x43dffff8, 0x43e00000, 0x43e00000)
 Metaspace       used 3578K, capacity 3598K, committed 3648K, reserved 4480K

Deoptimization events (0 events):
No events

Internal exceptions (5 events):
Event: 0.023 Thread 0x00acbc00 Exception <a 'java/lang/NoSuchMethodError': Method sun.misc.Unsafe.defineClass(Ljava/lang/String;[BII)Ljava/lang/Class; name or signature does not match> (0x03e06ea8) thrown at [C:\re\workspace\8-2-build-windows-i586-cygwin\jdk8u101\7261\hotspot\src\share\œœ¼'£ø—?
Event: 0.023 Thread 0x00acbc00 Exception <a 'java/lang/NoSuchMethodError': Method sun.misc.Unsafe.prefetchRead(Ljava/lang/Object;J)V name or signature does not match> (0x03e07178) thrown at [C:\re\workspace\8-2-build-windows-i586-cygwin\jdk8u101\7261\hotspot\src\share\vm\prims\jni.cpp, KdùÜê?
Event: 0.839 Thread 0x447b4000 Exception <a 'java/lang/ArrayIndexOutOfBoundsException': 18> (0x03f53c90) thrown at [C:\re\workspace\8-2-build-windows-i586-cygwin\jdk8u101\7261\hotspot\src\share\vm\interpreter\interpreterRuntime.cpp, line 366]
Event: 0.840 Thread 0x447b4000 Exception <a 'java/lang/ArrayIndexOutOfBoundsException': 145> (0x03f55530) thrown at [C:\re\workspace\8-2-build-windows-i586-cygwin\jdk8u101\7261\hotspot\src\share\vm\interpreter\interpreterRuntime.cpp, line 366]
Event: 0.840 Thread 0x447b4000 Exception <a 'java/lang/ArrayIndexOutOfBoundsException': 40> (0x03f56610) thrown at [C:\re\workspace\8-2-build-windows-i586-cygwin\jdk8u101\7261\hotspot\src\share\vm\interpreter\interpreterRuntime.cpp, line 366]

Events (10 events):
Event: 29.924 Executing VM operation: RevokeBias done
Event: 29.948 loading class com/android/dx/rop/cst/Zeroes
Event: 29.948 loading class com/android/dx/rop/cst/Zeroes done
Event: 30.545 loading class java/util/HashMap$KeySet
Event: 30.545 loading class java/util/HashMap$KeySet done
Event: 30.546 loading class java/util/HashMap$KeyIterator
Event: 30.546 loading class java/util/HashMap$KeyIterator done
Event: 30.595 loading class com/android/dx/dex/file/CatchStructs
Event: 30.595 loading class com/android/dx/dex/file/CatchStructs done
Event: 30.627 Executing VM operation: GenCollectForAllocation


Dynamic libraries:
0x01070000 - 0x010a3000 	C:\Program Files\Java\jdk1.8.0_101\bin\java.exe
0x76f00000 - 0x7703c000 	C:\Windows\SYSTEM32\ntdll.dll
0x755f0000 - 0x756c4000 	C:\Windows\system32\kernel32.dll
0x751f0000 - 0x7523a000 	C:\Windows\system32\KERNELBASE.dll
0x753a0000 - 0x75440000 	C:\Windows\system32\ADVAPI32.dll
0x76520000 - 0x765cc000 	C:\Windows\system32\msvcrt.dll
0x75370000 - 0x75389000 	C:\Windows\SYSTEM32\sechost.dll
0x76470000 - 0x76511000 	C:\Windows\system32\RPCRT4.dll
0x756d0000 - 0x75799000 	C:\Windows\system32\USER32.dll
0x770e0000 - 0x7712e000 	C:\Windows\system32\GDI32.dll
0x75390000 - 0x7539a000 	C:\Windows\system32\LPK.dll
0x76b50000 - 0x76bed000 	C:\Windows\system32\USP10.dll
0x73dc0000 - 0x73f5e000 	C:\Windows\WinSxS\x86_microsoft.windows.common-controls_6595b64144ccf1df_6.0.7600.16385_none_421189da2b7fabfc\COMCTL32.dll
0x76af0000 - 0x76b47000 	C:\Windows\system32\SHLWAPI.dll
0x77040000 - 0x7705f000 	C:\Windows\system32\IMM32.DLL
0x76d30000 - 0x76dfc000 	C:\Windows\system32\MSCTF.dll
0x64db0000 - 0x64e6f000 	C:\Program Files\Java\jdk1.8.0_101\jre\bin\msvcr100.dll
0x51770000 - 0x51b3c000 	C:\Program Files\Java\jdk1.8.0_101\jre\bin\client\jvm.dll
0x70810000 - 0x70817000 	C:\Windows\system32\WSOCK32.dll
0x75440000 - 0x75475000 	C:\Windows\system32\WS2_32.dll
0x75350000 - 0x75356000 	C:\Windows\system32\NSI.dll
0x707c0000 - 0x707f2000 	C:\Windows\system32\WINMM.dll
0x74550000 - 0x74559000 	C:\Windows\system32\VERSION.dll
0x75360000 - 0x75365000 	C:\Windows\system32\PSAPI.DLL
0x720f0000 - 0x720fc000 	C:\Program Files\Java\jdk1.8.0_101\jre\bin\verify.dll
0x72070000 - 0x72091000 	C:\Program Files\Java\jdk1.8.0_101\jre\bin\java.dll
0x720b0000 - 0x720c3000 	C:\Program Files\Java\jdk1.8.0_101\jre\bin\zip.dll
0x75820000 - 0x76469000 	C:\Windows\system32\SHELL32.dll
0x75490000 - 0x755ec000 	C:\Windows\system32\ole32.dll
0x75050000 - 0x7505b000 	C:\Windows\system32\profapi.dll
0x72db0000 - 0x72e9b000 	C:\Windows\system32\dbghelp.dll

VM Arguments:
jvm_args: -Djava.awt.headless=true -Xmx1024M -Dfile.encoding=windows-1252 -Duser.country=US -Duser.language=en -Duser.variant 
java_command: com.android.dx.command.Main --dex --num-threads=4 --multi-dex --main-dex-list E:\SandeepProjectResources\MobipugNew\Mobipug27.10.18\MobipugSource\app\build\intermediates\multi-dex\debug\maindexlist.txt --output E:\SandeepProjectResources\MobipugNew\Mobipug27.10.18\MobipugSource\app\build\intermediates\transforms\dex\debug\folders\1000\1f\main E:\SandeepProjectResources\MobipugNew\Mobipug27.10.18\MobipugSource\app\build\intermediates\transforms\jarMerging\debug\jars\1\1f\combined.jar
java_class_path (initial): C:\Users\android-4\AppData\Local\Android\Sdk\build-tools\26.0.2\lib\dx.jar
Launcher Type: SUN_STANDARD

Environment Variables:
PATH=C:\ProgramData\Oracle\Java\javapath;C:\Windows\system32;C:\Windows;C:\Windows\System32\Wbem;C:\Windows\System32\WindowsPowerShell\v1.0\;C:\Program Files\Intel\OpenCL SDK\2.0\bin\x86;C:\Program Files\Skype\Phone\
USERNAME=android-4
OS=Windows_NT
PROCESSOR_IDENTIFIER=x86 Family 6 Model 42 Stepping 7, GenuineIntel



---------------  S Y S T E M  ---------------

OS: Windows 7 Build 7600 (6.1.7600.16385)

CPU:total 4 (2 cores per cpu, 2 threads per core) family 6 model 42 stepping 7, cmov, cx8, fxsr, mmx, sse, sse2, sse3, ssse3, sse4.1, sse4.2, popcnt, clmul, ht, tsc, tscinvbit

Memory: 4k page, physical 3578328k(456128k free), swap 24056564k(19630652k free)

vm_info: Java HotSpot(TM) Client VM (25.101-b13) for windows-x86 JRE (1.8.0_101-b13), built on Jun 22 2016 00:45:44 by "java_re" with MS VC++ 10.0 (VS2010)

time: Sat Nov 10 15:53:55 2018
elapsed time: 31 seconds (0d 0h 0m 31s)

