#
# A fatal error has been detected by the Java Runtime Environment:
#
#  EXCEPTION_ACCESS_VIOLATION (0xc0000005) at pc=0x50e75185, pid=3044, tid=0x000002b0
#
# JRE version: Java(TM) SE Runtime Environment (8.0_101-b13) (build 1.8.0_101-b13)
# Java VM: Java HotSpot(TM) Client VM (25.101-b13 mixed mode windows-x86 )
# Problematic frame:
# V  [jvm.dll+0xa5185]
#
# Failed to write core dump. Minidumps are not enabled by default on client versions of Windows
#
# If you would like to submit a bug report, please visit:
#   http://bugreport.java.com/bugreport/crash.jsp
#

---------------  T H R E A D  ---------------

Current thread (0x4448a800):  VMThread [stack: 0x446e0000,0x44730000] [id=688]

siginfo: ExceptionCode=0xc0000005, reading address 0x00000120

Registers:
EAX=0x00000000, EBX=0x4472f0c4, ECX=0x442ffbc8, EDX=0x358f70d4
ESP=0x4472efd0, EBP=0x4472efe0, ESI=0x358f70d8, EDI=0x359f4950
EIP=0x50e75185, EFLAGS=0x00010287

Top of Stack: (sp=0x4472efd0)
0x4472efd0:   00934050 4472f0c4 0092f210 00934170
0x4472efe0:   4472eff4 50e6a531 4472f0c4 0092f264
0x4472eff0:   00000001 4472f00c 50e68207 4472f0c4
0x4472f000:   0092f210 4472f104 00000000 4472f228
0x4472f010:   50e641d7 00000000 4472f150 4472f0c4
0x4472f020:   00931c88 50e651b4 00a0ffa0 0092f210
0x4472f030:   0092f260 510a9c54 00000000 0000006b
0x4472f040:   00000004 0000000e 00000000 02511bf9 

Instructions: (pc=0x50e75185)
0x50e75165:   08 8b f0 eb 08 8d 9b 00 00 00 00 8b f8 8b 7f 34
0x50e75175:   3b f7 73 1d 8d a4 24 00 00 00 00 8b 4e 04 8b 01
0x50e75185:   8b 90 20 01 00 00 53 56 ff d2 8d 34 86 3b f7 72
0x50e75195:   ea 8b 45 fc 3b 78 34 72 d2 8b c8 5f 89 71 0c 5e 


Register to memory mapping:

EAX=0x00000000 is an unknown value
EBX=0x4472f0c4 is an unknown value
ECX=0x442ffbc8 is pointing into metadata
EDX=0x358f70d4 is pointing into object: 0x358f70c0
com.android.dx.rop.code.RegisterSpecSet 
 - klass: 'com/android/dx/rop/code/RegisterSpecSet'
ESP=0x4472efd0 is an unknown value
EBP=0x4472efe0 is an unknown value
ESI=0x358f70d8 is an oop

[error occurred during error reporting (printing register info), id 0xc0000005]

Stack: [0x446e0000,0x44730000],  sp=0x4472efd0,  free space=315k
Native frames: (J=compiled Java code, j=interpreted, Vv=VM code, C=native code)
V  [jvm.dll+0xa5185]
V  [jvm.dll+0x9a531]
V  [jvm.dll+0x98207]
V  [jvm.dll+0x941d7]
V  [jvm.dll+0x98e73]
V  [jvm.dll+0x92e25]
V  [jvm.dll+0x1b81c6]
V  [jvm.dll+0x18292b]
V  [jvm.dll+0x181d31]
V  [jvm.dll+0x182147]
V  [jvm.dll+0x182342]
V  [jvm.dll+0x1c1ed6]
C  [msvcr100.dll+0x5c556]
C  [msvcr100.dll+0x5c600]
C  [kernel32.dll+0x51174]
C  [ntdll.dll+0x5b3f5]
C  [ntdll.dll+0x5b3c8]

VM_Operation (0x44f4ef34): GenCollectForAllocation, mode: safepoint, requested by thread 0x44a74000


---------------  P R O C E S S  ---------------

Java Threads: ( => current thread )
  0x44a7d800 JavaThread "pool-2-thread-4" [_thread_blocked, id=2364, stack(0x45030000,0x45080000)]
  0x44a7a400 JavaThread "pool-2-thread-3" [_thread_blocked, id=4796, stack(0x449a0000,0x449f0000)]
  0x44a74000 JavaThread "pool-2-thread-2" [_thread_blocked, id=4952, stack(0x44f00000,0x44f50000)]
  0x4466ec00 JavaThread "pool-3-thread-1" [_thread_blocked, id=5728, stack(0x44e50000,0x44ea0000)]
  0x4466e400 JavaThread "pool-2-thread-1" [_thread_blocked, id=4116, stack(0x448c0000,0x44910000)]
  0x444ec800 JavaThread "Service Thread" daemon [_thread_blocked, id=4988, stack(0x44a00000,0x44a50000)]
  0x444da000 JavaThread "C1 CompilerThread0" daemon [_thread_blocked, id=6136, stack(0x447a0000,0x447f0000)]
  0x444d9000 JavaThread "Attach Listener" daemon [_thread_blocked, id=5120, stack(0x44950000,0x449a0000)]
  0x444d6000 JavaThread "Signal Dispatcher" daemon [_thread_blocked, id=5484, stack(0x44850000,0x448a0000)]
  0x444b6c00 JavaThread "Finalizer" daemon [_thread_blocked, id=4840, stack(0x00b90000,0x00be0000)]
  0x44490400 JavaThread "Reference Handler" daemon [_thread_blocked, id=3228, stack(0x44740000,0x44790000)]
  0x0090bc00 JavaThread "main" [_thread_blocked, id=5952, stack(0x01920000,0x01970000)]

Other Threads:
=>0x4448a800 VMThread [stack: 0x446e0000,0x44730000] [id=688]
  0x444d0000 WatcherThread [stack: 0x008b0000,0x00900000] [id=5308]

VM state:at safepoint (normal execution)

VM Mutex/Monitor currently owned by a thread:  ([mutex/lock_event])
[0x0090a230] Threads_lock - owner thread: 0x4448a800
[0x0090a640] Heap_lock - owner thread: 0x44a74000

Heap:
 def new generation   total 314560K, used 314559K [0x03e00000, 0x19350000, 0x19350000)
  eden space 279616K, 100% used [0x03e00000, 0x14f10000, 0x14f10000)
  from space 34944K,  99% used [0x17130000, 0x1934fff8, 0x19350000)
  to   space 34944K, 100% used [0x14f10000, 0x17130000, 0x17130000)
 tenured generation   total 699072K, used 467939K [0x19350000, 0x43e00000, 0x43e00000)
   the space 699072K,  66% used [0x19350000, 0x35c48e30, 0x35c49000, 0x43e00000)
 Metaspace       used 3547K, capacity 3598K, committed 3648K, reserved 4480K

Card table byte_map: [0x43e00000,0x44010000] byte_map_base: 0x43de1000

Polling page: 0x001a0000

CodeCache: size=32768Kb used=3572Kb max_used=3572Kb free=29195Kb
 bounds [0x01c40000, 0x01fc0000, 0x03c40000]
 total_blobs=1882 nmethods=1735 adapters=77
 compilation: enabled

Compilation events (10 events):
Event: 12.572 Thread 0x444da000 1733             com.android.dx.dex.file.UniformListItem::<init> (37 bytes)
Event: 12.573 Thread 0x444da000 nmethod 1733 0x01fbc0c8 code [0x01fbc220, 0x01fbc4a4]
Event: 12.573 Thread 0x444da000 1734             com.android.dx.dex.file.UniformListItem::writeSize (28 bytes)
Event: 12.573 Thread 0x444da000 nmethod 1734 0x01fbc788 code [0x01fbc8c0, 0x01fbca50]
Event: 12.708 Thread 0x444da000 1735             com.android.dx.dex.code.VariableSizeInsn::<init> (10 bytes)
Event: 12.709 Thread 0x444da000 nmethod 1735 0x01fbcbc8 code [0x01fbccd0, 0x01fbcd6c]
Event: 12.758 Thread 0x444da000 1736             com.android.dx.cf.code.Simulator$SimVisitor::visitSwitch (54 bytes)
Event: 12.759 Thread 0x444da000 nmethod 1736 0x01fbcdc8 code [0x01fbcf00, 0x01fbd0e4]
Event: 12.778 Thread 0x444da000 1737             com.android.dx.rop.cst.CstLiteral32::compareTo0 (30 bytes)
Event: 12.779 Thread 0x444da000 nmethod 1737 0x01fbd2c8 code [0x01fbd3c0, 0x01fbd4a0]

GC Heap History (10 events):
Event: 9.223 GC heap after
Heap after GC invocations=95 (full 7):
 def new generation   total 190912K, used 21183K [0x03e00000, 0x10d20000, 0x19350000)
  eden space 169728K,   0% used [0x03e00000, 0x03e00000, 0x0e3c0000)
  from space 21184K,  99% used [0x0f870000, 0x10d1fff8, 0x10d20000)
  to   space 21184K,   0% used [0x0e3c0000, 0x0e3c0000, 0x0f870000)
 tenured generation   total 424120K, used 364485K [0x19350000, 0x3317e000, 0x43e00000)
   the space 424120K,  85% used [0x19350000, 0x2f741588, 0x2f741600, 0x3317e000)
 Metaspace       used 3547K, capacity 3598K, committed 3648K, reserved 4480K
}
Event: 9.483 GC heap before
{Heap before GC invocations=95 (full 7):
 def new generation   total 190912K, used 190911K [0x03e00000, 0x10d20000, 0x19350000)
  eden space 169728K, 100% used [0x03e00000, 0x0e3c0000, 0x0e3c0000)
  from space 21184K,  99% used [0x0f870000, 0x10d1fff8, 0x10d20000)
  to   space 21184K,   0% used [0x0e3c0000, 0x0e3c0000, 0x0f870000)
 tenured generation   total 424120K, used 364485K [0x19350000, 0x3317e000, 0x43e00000)
   the space 424120K,  85% used [0x19350000, 0x2f741588, 0x2f741600, 0x3317e000)
 Metaspace       used 3547K, capacity 3598K, committed 3648K, reserved 4480K
Event: 9.596 GC heap after
Heap after GC invocations=96 (full 7):
 def new generation   total 190912K, used 21183K [0x03e00000, 0x10d20000, 0x19350000)
  eden space 169728K,   0% used [0x03e00000, 0x03e00000, 0x0e3c0000)
  from space 21184K,  99% used [0x0e3c0000, 0x0f86fff8, 0x0f870000)
  to   space 21184K,   0% used [0x0f870000, 0x0f870000, 0x10d20000)
 tenured generation   total 424120K, used 389473K [0x19350000, 0x3317e000, 0x43e00000)
   the space 424120K,  91% used [0x19350000, 0x30fa8750, 0x30fa8800, 0x3317e000)
 Metaspace       used 3547K, capacity 3598K, committed 3648K, reserved 4480K
}
Event: 9.862 GC heap before
{Heap before GC invocations=96 (full 7):
 def new generation   total 190912K, used 190911K [0x03e00000, 0x10d20000, 0x19350000)
  eden space 169728K, 100% used [0x03e00000, 0x0e3c0000, 0x0e3c0000)
  from space 21184K,  99% used [0x0e3c0000, 0x0f86fff8, 0x0f870000)
  to   space 21184K,   0% used [0x0f870000, 0x0f870000, 0x10d20000)
 tenured generation   total 424120K, used 389473K [0x19350000, 0x3317e000, 0x43e00000)
   the space 424120K,  91% used [0x19350000, 0x30fa8750, 0x30fa8800, 0x3317e000)
 Metaspace       used 3547K, capacity 3598K, committed 3648K, reserved 4480K
Event: 9.972 GC heap after
Heap after GC invocations=97 (full 7):
 def new generation   total 190912K, used 21184K [0x03e00000, 0x10d20000, 0x19350000)
  eden space 169728K,   0% used [0x03e00000, 0x03e00000, 0x0e3c0000)
  from space 21184K, 100% used [0x0f870000, 0x10d20000, 0x10d20000)
  to   space 21184K,   0% used [0x0e3c0000, 0x0e3c0000, 0x0f870000)
 tenured generation   total 424120K, used 413691K [0x19350000, 0x3317e000, 0x43e00000)
   the space 424120K,  97% used [0x19350000, 0x3274ee00, 0x3274ee00, 0x3317e000)
 Metaspace       used 3547K, capacity 3598K, committed 3648K, reserved 4480K
}
Event: 10.229 GC heap before
{Heap before GC invocations=97 (full 7):
 def new generation   total 190912K, used 190912K [0x03e00000, 0x10d20000, 0x19350000)
  eden space 169728K, 100% used [0x03e00000, 0x0e3c0000, 0x0e3c0000)
  from space 21184K, 100% used [0x0f870000, 0x10d20000, 0x10d20000)
  to   space 21184K,   0% used [0x0e3c0000, 0x0e3c0000, 0x0f870000)
 tenured generation   total 424120K, used 413691K [0x19350000, 0x3317e000, 0x43e00000)
   the space 424120K,  97% used [0x19350000, 0x3274ee00, 0x3274ee00, 0x3317e000)
 Metaspace       used 3547K, capacity 3598K, committed 3648K, reserved 4480K
Event: 11.604 GC heap after
Heap after GC invocations=98 (full 8):
 def new generation   total 314560K, used 3565K [0x03e00000, 0x19350000, 0x19350000)
  eden space 279616K,   1% used [0x03e00000, 0x0417b670, 0x14f10000)
  from space 34944K,   0% used [0x14f10000, 0x14f10000, 0x17130000)
  to   space 34944K,   0% used [0x17130000, 0x17130000, 0x19350000)
 tenured generation   total 699072K, used 436535K [0x19350000, 0x43e00000, 0x43e00000)
   the space 699072K,  62% used [0x19350000, 0x33d9dfd0, 0x33d9e000, 0x43e00000)
 Metaspace       used 3547K, capacity 3598K, committed 3648K, reserved 4480K
}
Event: 12.064 GC heap before
{Heap before GC invocations=98 (full 8):
 def new generation   total 314560K, used 279616K [0x03e00000, 0x19350000, 0x19350000)
  eden space 279616K, 100% used [0x03e00000, 0x14f10000, 0x14f10000)
  from space 34944K,   0% used [0x14f10000, 0x14f10000, 0x17130000)
  to   space 34944K,   0% used [0x17130000, 0x17130000, 0x19350000)
 tenured generation   total 699072K, used 436535K [0x19350000, 0x43e00000, 0x43e00000)
   the space 699072K,  62% used [0x19350000, 0x33d9dfd0, 0x33d9e000, 0x43e00000)
 Metaspace       used 3547K, capacity 3598K, committed 3648K, reserved 4480K
Event: 12.386 GC heap after
Heap after GC invocations=99 (full 8):
 def new generation   total 314560K, used 34943K [0x03e00000, 0x19350000, 0x19350000)
  eden space 279616K,   0% used [0x03e00000, 0x03e00000, 0x14f10000)
  from space 34944K,  99% used [0x17130000, 0x1934fff8, 0x19350000)
  to   space 34944K,   0% used [0x14f10000, 0x14f10000, 0x17130000)
 tenured generation   total 699072K, used 441337K [0x19350000, 0x43e00000, 0x43e00000)
   the space 699072K,  63% used [0x19350000, 0x3424e430, 0x3424e600, 0x43e00000)
 Metaspace       used 3547K, capacity 3598K, committed 3648K, reserved 4480K
}
Event: 12.868 GC heap before
{Heap before GC invocations=99 (full 8):
 def new generation   total 314560K, used 314559K [0x03e00000, 0x19350000, 0x19350000)
  eden space 279616K, 100% used [0x03e00000, 0x14f10000, 0x14f10000)
  from space 34944K,  99% used [0x17130000, 0x1934fff8, 0x19350000)
  to   space 34944K,   0% used [0x14f10000, 0x14f10000, 0x17130000)
 tenured generation   total 699072K, used 441337K [0x19350000, 0x43e00000, 0x43e00000)
   the space 699072K,  63% used [0x19350000, 0x3424e430, 0x3424e600, 0x43e00000)
 Metaspace       used 3547K, capacity 3598K, committed 3648K, reserved 4480K

Deoptimization events (0 events):
No events

Internal exceptions (5 events):
Event: 0.023 Thread 0x0090bc00 Exception <a 'java/lang/NoSuchMethodError': Method sun.misc.Unsafe.defineClass(Ljava/lang/String;[BII)Ljava/lang/Class; name or signature does not match> (0x03e06ea8) thrown at [C:\re\workspace\8-2-build-windows-i586-cygwin\jdk8u101\7261\hotspot\src\share\‰iw·—?
Event: 0.023 Thread 0x0090bc00 Exception <a 'java/lang/NoSuchMethodError': Method sun.misc.Unsafe.prefetchRead(Ljava/lang/Object;J)V name or signature does not match> (0x03e07178) thrown at [C:\re\workspace\8-2-build-windows-i586-cygwin\jdk8u101\7261\hotspot\src\share\vm\prims\jni.cpp, x©±üZë?
Event: 0.845 Thread 0x4466e400 Exception <a 'java/lang/ArrayIndexOutOfBoundsException': 18> (0x04238cd8) thrown at [C:\re\workspace\8-2-build-windows-i586-cygwin\jdk8u101\7261\hotspot\src\share\vm\interpreter\interpreterRuntime.cpp, line 366]
Event: 0.845 Thread 0x4466e400 Exception <a 'java/lang/ArrayIndexOutOfBoundsException': 145> (0x0427d858) thrown at [C:\re\workspace\8-2-build-windows-i586-cygwin\jdk8u101\7261\hotspot\src\share\vm\interpreter\interpreterRuntime.cpp, line 366]
Event: 0.846 Thread 0x4466e400 Exception <a 'java/lang/ArrayIndexOutOfBoundsException': 40> (0x0427e938) thrown at [C:\re\workspace\8-2-build-windows-i586-cygwin\jdk8u101\7261\hotspot\src\share\vm\interpreter\interpreterRuntime.cpp, line 366]

Events (10 events):
Event: 9.223 Executing VM operation: GenCollectForAllocation done
Event: 9.483 Executing VM operation: GenCollectForAllocation
Event: 9.597 Executing VM operation: GenCollectForAllocation done
Event: 9.862 Executing VM operation: GenCollectForAllocation
Event: 9.972 Executing VM operation: GenCollectForAllocation done
Event: 10.229 Executing VM operation: GenCollectForAllocation
Event: 11.604 Executing VM operation: GenCollectForAllocation done
Event: 12.064 Executing VM operation: GenCollectForAllocation
Event: 12.387 Executing VM operation: GenCollectForAllocation done
Event: 12.868 Executing VM operation: GenCollectForAllocation


Dynamic libraries:
0x00ce0000 - 0x00d13000 	C:\Program Files\Java\jdk1.8.0_101\bin\java.exe
0x771a0000 - 0x772dc000 	C:\Windows\SYSTEM32\ntdll.dll
0x76f50000 - 0x77024000 	C:\Windows\system32\kernel32.dll
0x755a0000 - 0x755ea000 	C:\Windows\system32\KERNELBASE.dll
0x756d0000 - 0x75770000 	C:\Windows\system32\ADVAPI32.dll
0x75770000 - 0x7581c000 	C:\Windows\system32\msvcrt.dll
0x769a0000 - 0x769b9000 	C:\Windows\SYSTEM32\sechost.dll
0x75620000 - 0x756c1000 	C:\Windows\system32\RPCRT4.dll
0x75a70000 - 0x75b39000 	C:\Windows\system32\USER32.dll
0x772f0000 - 0x7733e000 	C:\Windows\system32\GDI32.dll
0x75a50000 - 0x75a5a000 	C:\Windows\system32\LPK.dll
0x77030000 - 0x770cd000 	C:\Windows\system32\USP10.dll
0x74060000 - 0x741fe000 	C:\Windows\WinSxS\x86_microsoft.windows.common-controls_6595b64144ccf1df_6.0.7600.16385_none_421189da2b7fabfc\COMCTL32.dll
0x76ef0000 - 0x76f47000 	C:\Windows\system32\SHLWAPI.dll
0x755f0000 - 0x7560f000 	C:\Windows\system32\IMM32.DLL
0x770d0000 - 0x7719c000 	C:\Windows\system32\MSCTF.dll
0x54260000 - 0x5431f000 	C:\Program Files\Java\jdk1.8.0_101\jre\bin\msvcr100.dll
0x50dd0000 - 0x5119c000 	C:\Program Files\Java\jdk1.8.0_101\jre\bin\client\jvm.dll
0x70940000 - 0x70947000 	C:\Windows\system32\WSOCK32.dll
0x76a20000 - 0x76a55000 	C:\Windows\system32\WS2_32.dll
0x772e0000 - 0x772e6000 	C:\Windows\system32\NSI.dll
0x709e0000 - 0x70a12000 	C:\Windows\system32\WINMM.dll
0x747f0000 - 0x747f9000 	C:\Windows\system32\VERSION.dll
0x75a60000 - 0x75a65000 	C:\Windows\system32\PSAPI.DLL
0x6c2e0000 - 0x6c2ec000 	C:\Program Files\Java\jdk1.8.0_101\jre\bin\verify.dll
0x6c2b0000 - 0x6c2d1000 	C:\Program Files\Java\jdk1.8.0_101\jre\bin\java.dll
0x6c290000 - 0x6c2a3000 	C:\Program Files\Java\jdk1.8.0_101\jre\bin\zip.dll
0x75cd0000 - 0x76919000 	C:\Windows\system32\SHELL32.dll
0x76a60000 - 0x76bbc000 	C:\Windows\system32\ole32.dll
0x752f0000 - 0x752fb000 	C:\Windows\system32\profapi.dll
0x73050000 - 0x7313b000 	C:\Windows\system32\dbghelp.dll

VM Arguments:
jvm_args: -Djava.awt.headless=true -Xmx1024M -Dfile.encoding=windows-1252 -Duser.country=US -Duser.language=en -Duser.variant 
java_command: com.android.dx.command.Main --dex --num-threads=4 --multi-dex --main-dex-list E:\SandeepProjectResources\MobipugNew\Mobipug27.10.18\MobipugSource\app\build\intermediates\multi-dex\debug\maindexlist.txt --output E:\SandeepProjectResources\MobipugNew\Mobipug27.10.18\MobipugSource\app\build\intermediates\transforms\dex\debug\folders\1000\1f\main E:\SandeepProjectResources\MobipugNew\Mobipug27.10.18\MobipugSource\app\build\intermediates\transforms\jarMerging\debug\jars\1\1f\combined.jar
java_class_path (initial): C:\Users\android-4\AppData\Local\Android\Sdk\build-tools\26.0.2\lib\dx.jar
Launcher Type: SUN_STANDARD

Environment Variables:
PATH=C:\ProgramData\Oracle\Java\javapath;C:\Windows\system32;C:\Windows;C:\Windows\System32\Wbem;C:\Windows\System32\WindowsPowerShell\v1.0\;C:\Program Files\Intel\OpenCL SDK\2.0\bin\x86;C:\Program Files\Skype\Phone\
USERNAME=android-4
OS=Windows_NT
PROCESSOR_IDENTIFIER=x86 Family 6 Model 42 Stepping 7, GenuineIntel



---------------  S Y S T E M  ---------------

OS: Windows 7 Build 7600 (6.1.7600.16385)

CPU:total 4 (2 cores per cpu, 2 threads per core) family 6 model 42 stepping 7, cmov, cx8, fxsr, mmx, sse, sse2, sse3, ssse3, sse4.1, sse4.2, popcnt, clmul, ht, tsc, tscinvbit

Memory: 4k page, physical 3578328k(325544k free), swap 24056564k(19667360k free)

vm_info: Java HotSpot(TM) Client VM (25.101-b13) for windows-x86 JRE (1.8.0_101-b13), built on Jun 22 2016 00:45:44 by "java_re" with MS VC++ 10.0 (VS2010)

time: Wed Nov 14 14:45:32 2018
elapsed time: 13 seconds (0d 0h 0m 13s)

