#
# A fatal error has been detected by the Java Runtime Environment:
#
#  EXCEPTION_ACCESS_VIOLATION (0xc0000005) at pc=0x52e14da9, pid=5060, tid=0x00000d68
#
# JRE version: Java(TM) SE Runtime Environment (8.0_101-b13) (build 1.8.0_101-b13)
# Java VM: Java HotSpot(TM) Client VM (25.101-b13 mixed mode windows-x86 )
# Problematic frame:
# V  [jvm.dll+0x1b4da9]
#
# Failed to write core dump. Minidumps are not enabled by default on client versions of Windows
#
# If you would like to submit a bug report, please visit:
#   http://bugreport.java.com/bugreport/crash.jsp
#

---------------  T H R E A D  ---------------

Current thread (0x443ea800):  VMThread [stack: 0x00570000,0x005c0000] [id=3432]

siginfo: ExceptionCode=0xc0000005, reading address 0x0000008b

Registers:
EAX=0x2fee09c8, EBX=0x445c0b08, ECX=0x19293218, EDX=0x00000003
ESP=0x005bf0b0, EBP=0x005bf0c8, ESI=0x445c0b00, EDI=0x52fc94cc
EIP=0x52e14da9, EFLAGS=0x00010202

Top of Stack: (sp=0x005bf0b0)
0x005bf0b0:   2fee09c8 52fc94cc 445c0b00 445c0b08
0x005bf0c0:   52fc94cc 445c0b00 005bf0d4 52e14fac
0x005bf0d0:   00000003 005bf0f0 52db883a 445c0b00
0x005bf0e0:   445bcc00 52fc94cc 00000000 445bd330
0x005bf0f0:   005bf2d8 52dd9eef 52fc94cc 00000001
0x005bf100:   445bcc00 00000000 00000000 00000000
0x005bf110:   00000000 005bf364 005bf18c 00000012
0x005bf120:   005bf350 52fc94f0 005bf3d4 ffffffff 

Instructions: (pc=0x52e14da9)
0x52e14d89:   23 f0 29 35 50 94 fc 52 a3 4c 94 fc 52 8b c7 eb
0x52e14d99:   09 48 a3 4c 94 fc 52 8b 04 81 8b 48 04 8b 11 50
0x52e14da9:   8b 82 88 00 00 00 ff d0 8b 0d 58 94 fc 52 85 c9
0x52e14db9:   0f 85 51 ff ff ff a1 7c 94 fc 52 85 c0 0f 84 b8 


Register to memory mapping:

EAX=0x2fee09c8 is pointing into object: 0x2fee09b8
com.android.dx.rop.code.PlainInsn 
 - klass: 'com/android/dx/rop/code/PlainInsn'
EBX=0x445c0b08 is an unknown value
ECX=0x19293218 is an oop
com.android.dx.rop.code.RegisterSpecList 
 - klass: 'com/android/dx/rop/code/RegisterSpecList'
EDX=0x00000003 is an unknown value
ESP=0x005bf0b0 is an unknown value
EBP=0x005bf0c8 is an unknown value
ESI=0x445c0b00 is an unknown value
EDI=0x52fc94cc is an unknown value


Stack: [0x00570000,0x005c0000],  sp=0x005bf0b0,  free space=316k
Native frames: (J=compiled Java code, j=interpreted, Vv=VM code, C=native code)
V  [jvm.dll+0x1b4da9]
V  [jvm.dll+0x1b4fac]
V  [jvm.dll+0x15883a]
V  [jvm.dll+0x179eef]
V  [jvm.dll+0x1789ea]
V  [jvm.dll+0x97fb0]
V  [jvm.dll+0x992a1]
V  [jvm.dll+0x9b020]
V  [jvm.dll+0x9b489]
V  [jvm.dll+0x9a27f]
V  [jvm.dll+0xa64b2]
V  [jvm.dll+0x98e73]
V  [jvm.dll+0x92e25]
V  [jvm.dll+0x1b81c6]
V  [jvm.dll+0x18292b]
V  [jvm.dll+0x181d31]
V  [jvm.dll+0x182147]
V  [jvm.dll+0x182342]
V  [jvm.dll+0x1c1ed6]
C  [msvcr100.dll+0x5c556]
C  [msvcr100.dll+0x5c600]
C  [kernel32.dll+0x51174]
C  [ntdll.dll+0x5b3f5]
C  [ntdll.dll+0x5b3c8]

VM_Operation (0x0185f5e8): GenCollectForAllocation, mode: safepoint, requested by thread 0x017dbc00


---------------  P R O C E S S  ---------------

Java Threads: ( => current thread )
  0x445bcc00 JavaThread "pool-2-thread-4" [_thread_blocked, id=4356, stack(0x449d0000,0x44a20000)]
  0x445c0400 JavaThread "pool-2-thread-3" [_thread_blocked, id=3836, stack(0x44ae0000,0x44b30000)]
  0x445bf000 JavaThread "pool-2-thread-2" [_thread_blocked, id=4452, stack(0x448f0000,0x44940000)]
  0x445be400 JavaThread "pool-3-thread-1" [_thread_blocked, id=4904, stack(0x44690000,0x446e0000)]
  0x4458b400 JavaThread "pool-2-thread-1" [_thread_blocked, id=5652, stack(0x03b50000,0x03ba0000)]
  0x4444c800 JavaThread "Service Thread" daemon [_thread_blocked, id=5592, stack(0x44a60000,0x44ab0000)]
  0x4443a000 JavaThread "C1 CompilerThread0" daemon [_thread_blocked, id=392, stack(0x44970000,0x449c0000)]
  0x44439000 JavaThread "Attach Listener" daemon [_thread_blocked, id=1356, stack(0x44880000,0x448d0000)]
  0x44436000 JavaThread "Signal Dispatcher" daemon [_thread_blocked, id=3680, stack(0x44760000,0x447b0000)]
  0x44416c00 JavaThread "Finalizer" daemon [_thread_blocked, id=5628, stack(0x446e0000,0x44730000)]
  0x443f0400 JavaThread "Reference Handler" daemon [_thread_blocked, id=5136, stack(0x03ba0000,0x03bf0000)]
  0x017dbc00 JavaThread "main" [_thread_blocked, id=120, stack(0x01810000,0x01860000)]

Other Threads:
=>0x443ea800 VMThread [stack: 0x00570000,0x005c0000] [id=3432]
  0x44430800 WatcherThread [stack: 0x44810000,0x44860000] [id=4528]

VM state:at safepoint (normal execution)

VM Mutex/Monitor currently owned by a thread:  ([mutex/lock_event])
[0x017da230] Threads_lock - owner thread: 0x443ea800
[0x017da640] Heap_lock - owner thread: 0x017dbc00

Heap:
 def new generation   total 314560K, used 314559K [0x03c00000, 0x19150000, 0x19150000)
  eden space 279616K, 100% used [0x03c00000, 0x14d10000, 0x14d10000)
  from space 34944K,  99% used [0x16f30000, 0x1914fff8, 0x19150000)
  to   space 34944K,   0% used [0x14d10000, 0x14d10000, 0x16f30000)
 tenured generation   total 699072K, used 675623K [0x19150000, 0x43c00000, 0x43c00000)
   the space 699072K,  96% used [0x19150000, 0x42519ea0, 0x4251a000, 0x43c00000)
 Metaspace       used 3556K, capacity 3598K, committed 3648K, reserved 4480K

Card table byte_map: [0x43c00000,0x43e10000] byte_map_base: 0x43be2000

Polling page: 0x00190000

CodeCache: size=32768Kb used=3682Kb max_used=3682Kb free=29085Kb
 bounds [0x01b30000, 0x01ed0000, 0x03b30000]
 total_blobs=1899 nmethods=1752 adapters=77
 compilation: enabled

Compilation events (10 events):
Event: 18.190 Thread 0x4443a000 1750             com.android.dx.util.BitIntSet::iterator (9 bytes)
Event: 18.190 Thread 0x4443a000 nmethod 1750 0x01ec4b88 code [0x01ec4c90, 0x01ec4d7c]
Event: 18.672 Thread 0x4443a000 1751             com.android.dx.util.Bits::bitCount (29 bytes)
Event: 18.672 Thread 0x4443a000 nmethod 1751 0x01ec4e08 code [0x01ec4f10, 0x01ec4fec]
Event: 20.962 Thread 0x4443a000 1752             java.util.HashMap$TreeNode::putTreeVal (314 bytes)
Event: 21.048 Thread 0x4443a000 nmethod 1752 0x01ec50c8 code [0x01ec5260, 0x01ec56fc]
Event: 21.049 Thread 0x4443a000 1753             com.android.dx.ssa.back.RegisterAllocator::insertMoveBefore (240 bytes)
Event: 21.051 Thread 0x4443a000 nmethod 1753 0x01ec5c88 code [0x01ec5f30, 0x01ec6a7c]
Event: 21.052 Thread 0x4443a000 1754             com.android.dx.ssa.back.FirstFitLocalCombiningAllocator::ssaSetToSpecs (57 bytes)
Event: 21.053 Thread 0x4443a000 nmethod 1754 0x01ec7ec8 code [0x01ec8060, 0x01ec844c]

GC Heap History (10 events):
Event: 11.912 GC heap after
Heap after GC invocations=96 (full 7):
 def new generation   total 207936K, used 23104K [0x03c00000, 0x11da0000, 0x19150000)
  eden space 184832K,   0% used [0x03c00000, 0x03c00000, 0x0f080000)
  from space 23104K, 100% used [0x10710000, 0x11da0000, 0x11da0000)
  to   space 23104K,   0% used [0x0f080000, 0x0f080000, 0x10710000)
 tenured generation   total 461916K, used 449894K [0x19150000, 0x35467000, 0x43c00000)
   the space 461916K,  97% used [0x19150000, 0x348a9ad0, 0x348a9c00, 0x35467000)
 Metaspace       used 3552K, capacity 3598K, committed 3648K, reserved 4480K
}
Event: 12.227 GC heap before
{Heap before GC invocations=96 (full 7):
 def new generation   total 207936K, used 207936K [0x03c00000, 0x11da0000, 0x19150000)
  eden space 184832K, 100% used [0x03c00000, 0x0f080000, 0x0f080000)
  from space 23104K, 100% used [0x10710000, 0x11da0000, 0x11da0000)
  to   space 23104K,   0% used [0x0f080000, 0x0f080000, 0x10710000)
 tenured generation   total 461916K, used 449894K [0x19150000, 0x35467000, 0x43c00000)
   the space 461916K,  97% used [0x19150000, 0x348a9ad0, 0x348a9c00, 0x35467000)
 Metaspace       used 3552K, capacity 3598K, committed 3648K, reserved 4480K
Event: 13.816 GC heap after
Heap after GC invocations=97 (full 8):
 def new generation   total 314560K, used 6181K [0x03c00000, 0x19150000, 0x19150000)
  eden space 279616K,   2% used [0x03c00000, 0x042096e0, 0x14d10000)
  from space 34944K,   0% used [0x14d10000, 0x14d10000, 0x16f30000)
  to   space 34944K,   0% used [0x16f30000, 0x16f30000, 0x19150000)
 tenured generation   total 699072K, used 475099K [0x19150000, 0x43c00000, 0x43c00000)
   the space 699072K,  67% used [0x19150000, 0x36146ff0, 0x36147000, 0x43c00000)
 Metaspace       used 3552K, capacity 3598K, committed 3648K, reserved 4480K
}
Event: 14.355 GC heap before
{Heap before GC invocations=97 (full 8):
 def new generation   total 314560K, used 279616K [0x03c00000, 0x19150000, 0x19150000)
  eden space 279616K, 100% used [0x03c00000, 0x14d10000, 0x14d10000)
  from space 34944K,   0% used [0x14d10000, 0x14d10000, 0x16f30000)
  to   space 34944K,   0% used [0x16f30000, 0x16f30000, 0x19150000)
 tenured generation   total 699072K, used 475099K [0x19150000, 0x43c00000, 0x43c00000)
   the space 699072K,  67% used [0x19150000, 0x36146ff0, 0x36147000, 0x43c00000)
 Metaspace       used 3552K, capacity 3598K, committed 3648K, reserved 4480K
Event: 14.729 GC heap after
Heap after GC invocations=98 (full 8):
 def new generation   total 314560K, used 34943K [0x03c00000, 0x19150000, 0x19150000)
  eden space 279616K,   0% used [0x03c00000, 0x03c00000, 0x14d10000)
  from space 34944K,  99% used [0x16f30000, 0x1914fff8, 0x19150000)
  to   space 34944K,   0% used [0x14d10000, 0x14d10000, 0x16f30000)
 tenured generation   total 699072K, used 486519K [0x19150000, 0x43c00000, 0x43c00000)
   the space 699072K,  69% used [0x19150000, 0x36c6dec8, 0x36c6e000, 0x43c00000)
 Metaspace       used 3552K, capacity 3598K, committed 3648K, reserved 4480K
}
Event: 16.480 GC heap before
{Heap before GC invocations=98 (full 8):
 def new generation   total 314560K, used 314559K [0x03c00000, 0x19150000, 0x19150000)
  eden space 279616K, 100% used [0x03c00000, 0x14d10000, 0x14d10000)
  from space 34944K,  99% used [0x16f30000, 0x1914fff8, 0x19150000)
  to   space 34944K,   0% used [0x14d10000, 0x14d10000, 0x16f30000)
 tenured generation   total 699072K, used 486519K [0x19150000, 0x43c00000, 0x43c00000)
   the space 699072K,  69% used [0x19150000, 0x36c6dec8, 0x36c6e000, 0x43c00000)
 Metaspace       used 3552K, capacity 3598K, committed 3648K, reserved 4480K
Event: 16.860 GC heap after
Heap after GC invocations=99 (full 8):
 def new generation   total 314560K, used 34943K [0x03c00000, 0x19150000, 0x19150000)
  eden space 279616K,   0% used [0x03c00000, 0x03c00000, 0x14d10000)
  from space 34944K,  99% used [0x14d10000, 0x16f2fff8, 0x16f30000)
  to   space 34944K,   0% used [0x16f30000, 0x16f30000, 0x19150000)
 tenured generation   total 699072K, used 607498K [0x19150000, 0x43c00000, 0x43c00000)
   the space 699072K,  86% used [0x19150000, 0x3e292930, 0x3e292a00, 0x43c00000)
 Metaspace       used 3552K, capacity 3598K, committed 3648K, reserved 4480K
}
Event: 18.934 GC heap before
{Heap before GC invocations=99 (full 8):
 def new generation   total 314560K, used 314559K [0x03c00000, 0x19150000, 0x19150000)
  eden space 279616K, 100% used [0x03c00000, 0x14d10000, 0x14d10000)
  from space 34944K,  99% used [0x14d10000, 0x16f2fff8, 0x16f30000)
  to   space 34944K,   0% used [0x16f30000, 0x16f30000, 0x19150000)
 tenured generation   total 699072K, used 607498K [0x19150000, 0x43c00000, 0x43c00000)
   the space 699072K,  86% used [0x19150000, 0x3e292930, 0x3e292a00, 0x43c00000)
 Metaspace       used 3556K, capacity 3598K, committed 3648K, reserved 4480K
Event: 19.220 GC heap after
Heap after GC invocations=100 (full 8):
 def new generation   total 314560K, used 34943K [0x03c00000, 0x19150000, 0x19150000)
  eden space 279616K,   0% used [0x03c00000, 0x03c00000, 0x14d10000)
  from space 34944K,  99% used [0x16f30000, 0x1914fff8, 0x19150000)
  to   space 34944K,   0% used [0x14d10000, 0x14d10000, 0x16f30000)
 tenured generation   total 699072K, used 675623K [0x19150000, 0x43c00000, 0x43c00000)
   the space 699072K,  96% used [0x19150000, 0x42519ea0, 0x4251a000, 0x43c00000)
 Metaspace       used 3556K, capacity 3598K, committed 3648K, reserved 4480K
}
Event: 21.323 GC heap before
{Heap before GC invocations=100 (full 8):
 def new generation   total 314560K, used 314559K [0x03c00000, 0x19150000, 0x19150000)
  eden space 279616K, 100% used [0x03c00000, 0x14d10000, 0x14d10000)
  from space 34944K,  99% used [0x16f30000, 0x1914fff8, 0x19150000)
  to   space 34944K,   0% used [0x14d10000, 0x14d10000, 0x16f30000)
 tenured generation   total 699072K, used 675623K [0x19150000, 0x43c00000, 0x43c00000)
   the space 699072K,  96% used [0x19150000, 0x42519ea0, 0x4251a000, 0x43c00000)
 Metaspace       used 3556K, capacity 3598K, committed 3648K, reserved 4480K

Deoptimization events (0 events):
No events

Internal exceptions (5 events):
Event: 0.120 Thread 0x017dbc00 Exception <a 'java/lang/NoSuchMethodError': Method sun.misc.Unsafe.defineClass(Ljava/lang/String;[BII)Ljava/lang/Class; name or signature does not match> (0x03c06ea8) thrown at [C:\re\workspace\8-2-build-windows-i586-cygwin\jdk8u101\7261\hotspot\src\share\ßÔÅt9≈æ?
Event: 0.120 Thread 0x017dbc00 Exception <a 'java/lang/NoSuchMethodError': Method sun.misc.Unsafe.prefetchRead(Ljava/lang/Object;J)V name or signature does not match> (0x03c07178) thrown at [C:\re\workspace\8-2-build-windows-i586-cygwin\jdk8u101\7261\hotspot\src\share\vm\prims\jni.cpp, ª-d!É˘?
Event: 1.595 Thread 0x4458b400 Exception <a 'java/lang/ArrayIndexOutOfBoundsException': 18> (0x04202960) thrown at [C:\re\workspace\8-2-build-windows-i586-cygwin\jdk8u101\7261\hotspot\src\share\vm\interpreter\interpreterRuntime.cpp, line 366]
Event: 1.595 Thread 0x4458b400 Exception <a 'java/lang/ArrayIndexOutOfBoundsException': 145> (0x042559b8) thrown at [C:\re\workspace\8-2-build-windows-i586-cygwin\jdk8u101\7261\hotspot\src\share\vm\interpreter\interpreterRuntime.cpp, line 366]
Event: 1.616 Thread 0x4458b400 Exception <a 'java/lang/ArrayIndexOutOfBoundsException': 40> (0x04256a98) thrown at [C:\re\workspace\8-2-build-windows-i586-cygwin\jdk8u101\7261\hotspot\src\share\vm\interpreter\interpreterRuntime.cpp, line 366]

Events (10 events):
Event: 17.085 Executing VM operation: Deoptimize done
Event: 17.566 loading class com/android/dx/util/ListIntSet$1
Event: 17.566 loading class com/android/dx/util/ListIntSet$1 done
Event: 17.567 Executing VM operation: Deoptimize
Event: 17.570 Executing VM operation: Deoptimize done
Event: 17.639 Thread 0x445bcc00 DEOPT PACKING pc=0x01c6ff94 sp=0x44a1f5b0
Event: 17.639 Thread 0x445bcc00 DEOPT UNPACKING pc=0x01b6c5db sp=0x44a1f4d8 mode 0
Event: 18.934 Executing VM operation: GenCollectForAllocation
Event: 19.220 Executing VM operation: GenCollectForAllocation done
Event: 21.238 Executing VM operation: GenCollectForAllocation


Dynamic libraries:
0x001d0000 - 0x00203000 	C:\Program Files\Java\jdk1.8.0_101\bin\java.exe
0x772a0000 - 0x773dc000 	C:\Windows\SYSTEM32\ntdll.dll
0x75b10000 - 0x75be4000 	C:\Windows\system32\kernel32.dll
0x75650000 - 0x7569a000 	C:\Windows\system32\KERNELBASE.dll
0x77410000 - 0x774b0000 	C:\Windows\system32\ADVAPI32.dll
0x771a0000 - 0x7724c000 	C:\Windows\system32\msvcrt.dll
0x774b0000 - 0x774c9000 	C:\Windows\SYSTEM32\sechost.dll
0x77010000 - 0x770b1000 	C:\Windows\system32\RPCRT4.dll
0x76ee0000 - 0x76fa9000 	C:\Windows\system32\USER32.dll
0x75e30000 - 0x75e7e000 	C:\Windows\system32\GDI32.dll
0x75a30000 - 0x75a3a000 	C:\Windows\system32\LPK.dll
0x77100000 - 0x7719d000 	C:\Windows\system32\USP10.dll
0x74160000 - 0x742fe000 	C:\Windows\WinSxS\x86_microsoft.windows.common-controls_6595b64144ccf1df_6.0.7600.16385_none_421189da2b7fabfc\COMCTL32.dll
0x759d0000 - 0x75a27000 	C:\Windows\system32\SHLWAPI.dll
0x773e0000 - 0x773ff000 	C:\Windows\system32\IMM32.DLL
0x75a40000 - 0x75b0c000 	C:\Windows\system32\MSCTF.dll
0x53030000 - 0x530ef000 	C:\Program Files\Java\jdk1.8.0_101\jre\bin\msvcr100.dll
0x52c60000 - 0x5302c000 	C:\Program Files\Java\jdk1.8.0_101\jre\bin\client\jvm.dll
0x70bb0000 - 0x70bb7000 	C:\Windows\system32\WSOCK32.dll
0x770c0000 - 0x770f5000 	C:\Windows\system32\WS2_32.dll
0x77400000 - 0x77406000 	C:\Windows\system32\NSI.dll
0x70b60000 - 0x70b92000 	C:\Windows\system32\WINMM.dll
0x748f0000 - 0x748f9000 	C:\Windows\system32\VERSION.dll
0x75c00000 - 0x75c05000 	C:\Windows\system32\PSAPI.DLL
0x65c60000 - 0x65c6c000 	C:\Program Files\Java\jdk1.8.0_101\jre\bin\verify.dll
0x65c30000 - 0x65c51000 	C:\Program Files\Java\jdk1.8.0_101\jre\bin\java.dll
0x65c10000 - 0x65c23000 	C:\Program Files\Java\jdk1.8.0_101\jre\bin\zip.dll
0x75f90000 - 0x76bd9000 	C:\Windows\system32\SHELL32.dll
0x75c10000 - 0x75d6c000 	C:\Windows\system32\ole32.dll
0x753f0000 - 0x753fb000 	C:\Windows\system32\profapi.dll
0x73150000 - 0x7323b000 	C:\Windows\system32\dbghelp.dll

VM Arguments:
jvm_args: -Djava.awt.headless=true -Xmx1024M -Dfile.encoding=windows-1252 -Duser.country=US -Duser.language=en -Duser.variant 
java_command: com.android.dx.command.Main --dex --num-threads=4 --multi-dex --main-dex-list E:\SandeepProjectResources\MobipugNew\Mobipug27.10.18\MobipugSource\app\build\intermediates\multi-dex\debug\maindexlist.txt --output E:\SandeepProjectResources\MobipugNew\Mobipug27.10.18\MobipugSource\app\build\intermediates\transforms\dex\debug\folders\1000\1f\main E:\SandeepProjectResources\MobipugNew\Mobipug27.10.18\MobipugSource\app\build\intermediates\transforms\jarMerging\debug\jars\1\1f\combined.jar
java_class_path (initial): C:\Users\android-4\AppData\Local\Android\Sdk\build-tools\26.0.2\lib\dx.jar
Launcher Type: SUN_STANDARD

Environment Variables:
PATH=C:\ProgramData\Oracle\Java\javapath;C:\Windows\system32;C:\Windows;C:\Windows\System32\Wbem;C:\Windows\System32\WindowsPowerShell\v1.0\;C:\Program Files\Intel\OpenCL SDK\2.0\bin\x86;C:\Program Files\Skype\Phone\
USERNAME=android-4
OS=Windows_NT
PROCESSOR_IDENTIFIER=x86 Family 6 Model 42 Stepping 7, GenuineIntel



---------------  S Y S T E M  ---------------

OS: Windows 7 Build 7600 (6.1.7600.16385)

CPU:total 4 (2 cores per cpu, 2 threads per core) family 6 model 42 stepping 7, cmov, cx8, fxsr, mmx, sse, sse2, sse3, ssse3, sse4.1, sse4.2, popcnt, clmul, ht, tsc, tscinvbit

Memory: 4k page, physical 3578328k(132764k free), swap 24056564k(18340472k free)

vm_info: Java HotSpot(TM) Client VM (25.101-b13) for windows-x86 JRE (1.8.0_101-b13), built on Jun 22 2016 00:45:44 by "java_re" with MS VC++ 10.0 (VS2010)

time: Tue Nov 13 17:08:01 2018
elapsed time: 27 seconds (0d 0h 0m 27s)

