#
# A fatal error has been detected by the Java Runtime Environment:
#
#  EXCEPTION_ACCESS_VIOLATION (0xc0000005) at pc=0x528f4da9, pid=3760, tid=0x00000f34
#
# JRE version: Java(TM) SE Runtime Environment (8.0_101-b13) (build 1.8.0_101-b13)
# Java VM: Java HotSpot(TM) Client VM (25.101-b13 mixed mode windows-x86 )
# Problematic frame:
# V  [jvm.dll+0x1b4da9]
#
# Failed to write core dump. Minidumps are not enabled by default on client versions of Windows
#
# If you would like to submit a bug report, please visit:
#   http://bugreport.java.com/bugreport/crash.jsp
#

---------------  T H R E A D  ---------------

Current thread (0x4448a800):  VMThread [stack: 0x03c50000,0x03ca0000] [id=3892]

siginfo: ExceptionCode=0xc0000005, reading address 0xe4603024

Registers:
EAX=0x2a07c208, EBX=0x52aa94cc, ECX=0x2f6c616e, EDX=0xe4602f9c
ESP=0x03c9f1e4, EBP=0x03c9f1fc, ESI=0xffff0e81, EDI=0x03c9f2dc
EIP=0x528f4da9, EFLAGS=0x00010206

Top of Stack: (sp=0x03c9f1e4)
0x03c9f1e4:   2a07c208 03c9f2dc ffff0e81 52aa94cc
0x03c9f1f4:   03c9f2dc ffff0e81 03c9f208 528f4fac
0x03c9f204:   00000003 03c9f23c 527b66c8 4573f410
0x03c9f214:   03c9f2f4 03c9f2dc 52aa94cc 005e2eb0
0x03c9f224:   00000007 00000003 00000001 0e81f301
0x03c9f234:   03c9ffff 44b113f4 03c9f258 527b6a1e
0x03c9f244:   03c9f2dc 03c9f2f4 52aa94cc 527b5f50
0x03c9f254:   52a92f48 03c9f278 5289458f 03c9f2dc 

Instructions: (pc=0x528f4da9)
0x528f4d89:   23 f0 29 35 50 94 aa 52 a3 4c 94 aa 52 8b c7 eb
0x528f4d99:   09 48 a3 4c 94 aa 52 8b 04 81 8b 48 04 8b 11 50
0x528f4da9:   8b 82 88 00 00 00 ff d0 8b 0d 58 94 aa 52 85 c9
0x528f4db9:   0f 85 51 ff ff ff a1 7c 94 aa 52 85 c0 0f 84 b8 


Register to memory mapping:

EAX=0x2a07c208 is pointing into object: 0x2a07bc70
[B 
 - klass: {type array byte}
 - length: 2247
EBX=0x52aa94cc is an unknown value
ECX=0x2f6c616e is pointing into object: 0x2f6c5a88
[Ljava.lang.Object; 
 - klass: 'java/lang/Object'[]
 - length: 1116
EDX=0xe4602f9c is an unknown value
ESP=0x03c9f1e4 is an unknown value
EBP=0x03c9f1fc is an unknown value
ESI=0xffff0e81 is an unknown value
EDI=0x03c9f2dc is an unknown value


Stack: [0x03c50000,0x03ca0000],  sp=0x03c9f1e4,  free space=316k
Native frames: (J=compiled Java code, j=interpreted, Vv=VM code, C=native code)
V  [jvm.dll+0x1b4da9]
V  [jvm.dll+0x1b4fac]
V  [jvm.dll+0x766c8]
V  [jvm.dll+0x76a1e]
V  [jvm.dll+0x15458f]
V  [jvm.dll+0x15588a]
V  [jvm.dll+0x179ff2]
V  [jvm.dll+0x1789ea]
V  [jvm.dll+0x97fb0]
V  [jvm.dll+0x992a1]
V  [jvm.dll+0x9b020]
V  [jvm.dll+0x9b489]
V  [jvm.dll+0x9a27f]
V  [jvm.dll+0xa64b2]
V  [jvm.dll+0x98e73]
V  [jvm.dll+0x92e25]
V  [jvm.dll+0x1b81c6]
V  [jvm.dll+0x18292b]
V  [jvm.dll+0x181d31]
V  [jvm.dll+0x182147]
V  [jvm.dll+0x182342]
V  [jvm.dll+0x1c1ed6]
C  [msvcr100.dll+0x5c556]
C  [msvcr100.dll+0x5c600]
C  [kernel32.dll+0x51174]
C  [ntdll.dll+0x5b3f5]
C  [ntdll.dll+0x5b3c8]

JavaThread 0x44c43c00 (nid = 4792) was being processed
Java frames: (J=compiled Java code, j=interpreted, Vv=VM code)
v  ~RuntimeStub::fast_new_instance Runtime1 stub
J 1963 C1 com.android.dx.dex.code.CstInsn.withRegisters(Lcom/android/dx/rop/code/RegisterSpecList;)Lcom/android/dx/dex/code/DalvInsn; (53 bytes) @ 0x02021436 [0x02021360+0xd6]
J 1965 C1 com.android.dx.dex.code.FixedSizeInsn.withRegisterOffset(I)Lcom/android/dx/dex/code/DalvInsn; (13 bytes) @ 0x02021fcc [0x02021f90+0x3c]
J 2051 C1 com.android.dx.dex.code.OutputFinisher.shiftAllRegisters(I)V (58 bytes) @ 0x02042268 [0x020421a0+0xc8]
J 1925 C1 com.android.dx.dex.code.OutputFinisher.align64bits([Lcom/android/dx/dex/code/Dop;)V (247 bytes) @ 0x0200fe4c [0x0200fb60+0x2ec]
J 2016 C1 com.android.dx.dex.code.OutputFinisher.finishProcessingAndGetList()Lcom/android/dx/dex/code/DalvInsnList; (74 bytes) @ 0x02036518 [0x020364b0+0x68]
J 2010 C1 com.android.dx.dex.code.DalvCode.finishProcessingIfNecessary()V (69 bytes) @ 0x02034e34 [0x02034df0+0x44]
J 2073 C1 com.android.dx.dex.file.CatchStructs.encode(Lcom/android/dx/dex/file/DexFile;)V (304 bytes) @ 0x02049964 [0x02049920+0x44]
J 2012 C1 com.android.dx.dex.file.CodeItem.place0(Lcom/android/dx/dex/file/Section;I)V (88 bytes) @ 0x020354b4 [0x02035400+0xb4]
J 1904 C1 com.android.dx.dex.file.OffsettedItem.place(Lcom/android/dx/dex/file/Section;I)I (78 bytes) @ 0x02009df0 [0x02009d80+0x70]
J 2042% C1 com.android.dx.dex.file.MixedItemSection.placeItems()V (185 bytes) @ 0x0203d584 [0x0203d480+0x104]
j  com.android.dx.dex.file.DexFile.toDex0(ZZ)Lcom/android/dx/util/ByteArrayAnnotatedOutput;+263
j  com.android.dx.dex.file.DexFile.toDex(Ljava/io/Writer;Z)[B+13
j  com.android.dx.command.dexer.Main.writeDex(Lcom/android/dx/dex/file/DexFile;)[B+50
j  com.android.dx.command.dexer.Main.access$3000(Lcom/android/dx/command/dexer/Main;Lcom/android/dx/dex/file/DexFile;)[B+2
j  com.android.dx.command.dexer.Main$DexWriter.call()[B+8
j  com.android.dx.command.dexer.Main$DexWriter.call()Ljava/lang/Object;+1
J 1404 C1 java.util.concurrent.FutureTask.run()V (126 bytes) @ 0x01f4d360 [0x01f4d2d0+0x90]
j  java.util.concurrent.ThreadPoolExecutor.runWorker(Ljava/util/concurrent/ThreadPoolExecutor$Worker;)V+95
j  java.util.concurrent.ThreadPoolExecutor$Worker.run()V+5
j  java.lang.Thread.run()V+11
v  ~StubRoutines::call_stub
VM_Operation (0x4573f004): GenCollectForAllocation, mode: safepoint, requested by thread 0x44c43c00


---------------  P R O C E S S  ---------------

Java Threads: ( => current thread )
  0x44c43c00 JavaThread "pool-1-thread-1" [_thread_blocked, id=4792, stack(0x456f0000,0x45740000)]
  0x444edc00 JavaThread "Service Thread" daemon [_thread_blocked, id=764, stack(0x44760000,0x447b0000)]
  0x444da400 JavaThread "C1 CompilerThread0" daemon [_thread_blocked, id=5548, stack(0x007d0000,0x00820000)]
  0x444d9000 JavaThread "Attach Listener" daemon [_thread_blocked, id=3264, stack(0x03d80000,0x03dd0000)]
  0x444d6000 JavaThread "Signal Dispatcher" daemon [_thread_blocked, id=564, stack(0x446f0000,0x44740000)]
  0x444b6c00 JavaThread "Finalizer" daemon [_thread_blocked, id=980, stack(0x00670000,0x006c0000)]
  0x44490400 JavaThread "Reference Handler" daemon [_thread_blocked, id=2032, stack(0x44690000,0x446e0000)]
  0x0054bc00 JavaThread "main" [_thread_blocked, id=348, stack(0x004e0000,0x00530000)]

Other Threads:
=>0x4448a800 VMThread [stack: 0x03c50000,0x03ca0000] [id=3892]
  0x444cf000 WatcherThread [stack: 0x44840000,0x44890000] [id=440]

VM state:at safepoint (normal execution)

VM Mutex/Monitor currently owned by a thread:  ([mutex/lock_event])
[0x0054a230] Threads_lock - owner thread: 0x4448a800
[0x0054a640] Heap_lock - owner thread: 0x44c43c00

Heap:
 def new generation   total 314560K, used 314560K [0x03e00000, 0x19350000, 0x19350000)
  eden space 279616K, 100% used [0x03e00000, 0x14f10000, 0x14f10000)
  from space 34944K, 100% used [0x17130000, 0x19350000, 0x19350000)
  to   space 34944K,   0% used [0x14f10000, 0x14f10000, 0x17130000)
 tenured generation   total 699072K, used 699071K [0x19350000, 0x43e00000, 0x43e00000)
   the space 699072K,  99% used [0x19350000, 0x43dffff0, 0x43e00000, 0x43e00000)
 Metaspace       used 3647K, capacity 3694K, committed 3776K, reserved 4480K

Card table byte_map: [0x43e00000,0x44010000] byte_map_base: 0x43de1000

Polling page: 0x00190000

CodeCache: size=32768Kb used=4123Kb max_used=4123Kb free=28644Kb
 bounds [0x01c50000, 0x02058000, 0x03c50000]
 total_blobs=2250 nmethods=2103 adapters=77
 compilation: enabled

Compilation events (10 events):
Event: 54.505 Thread 0x444da400 2115             com.android.dx.rop.cst.CstLiteral64::fitsInInt (20 bytes)
Event: 54.505 Thread 0x444da400 nmethod 2115 0x02056a48 code [0x02056b40, 0x02056bf0]
Event: 54.507 Thread 0x444da400 2116             com.android.dx.dex.code.form.Form31t::isCompatible (38 bytes)
Event: 54.508 Thread 0x444da400 nmethod 2116 0x02056c48 code [0x02056d50, 0x02056e9c]
Event: 54.578 Thread 0x444da400 2117             com.android.dx.dex.code.form.Form31i::isCompatible (66 bytes)
Event: 54.578 Thread 0x444da400 nmethod 2117 0x02057008 code [0x02057130, 0x02057328]
Event: 54.602 Thread 0x444da400 2118             com.android.dx.dex.code.form.Form31i::codeSize (2 bytes)
Event: 54.602 Thread 0x444da400 nmethod 2118 0x02057508 code [0x02057600, 0x02057680]
Event: 54.692 Thread 0x444da400 2119             com.android.dx.rop.cst.CstLiteral64::getIntBits (6 bytes)
Event: 54.692 Thread 0x444da400 nmethod 2119 0x020576c8 code [0x020577c0, 0x02057840]

GC Heap History (10 events):
Event: 42.568 GC heap after
Heap after GC invocations=109 (full 15):
 def new generation   total 314560K, used 82732K [0x03e00000, 0x19350000, 0x19350000)
  eden space 279616K,  29% used [0x03e00000, 0x08ecb188, 0x14f10000)
  from space 34944K,   0% used [0x17130000, 0x17130000, 0x19350000)
  to   space 34944K,   0% used [0x14f10000, 0x14f10000, 0x17130000)
 tenured generation   total 699072K, used 699071K [0x19350000, 0x43e00000, 0x43e00000)
   the space 699072K,  99% used [0x19350000, 0x43dffff8, 0x43e00000, 0x43e00000)
 Metaspace       used 3578K, capacity 3598K, committed 3648K, reserved 4480K
}
Event: 43.278 GC heap before
{Heap before GC invocations=109 (full 15):
 def new generation   total 314560K, used 314560K [0x03e00000, 0x19350000, 0x19350000)
  eden space 279616K, 100% used [0x03e00000, 0x14f10000, 0x14f10000)
  from space 34944K, 100% used [0x17130000, 0x19350000, 0x19350000)
  to   space 34944K,   0% used [0x14f10000, 0x14f10000, 0x17130000)
 tenured generation   total 699072K, used 699071K [0x19350000, 0x43e00000, 0x43e00000)
   the space 699072K,  99% used [0x19350000, 0x43dffff8, 0x43e00000, 0x43e00000)
 Metaspace       used 3579K, capacity 3598K, committed 3648K, reserved 4480K
Event: 45.629 GC heap after
Heap after GC invocations=110 (full 16):
 def new generation   total 314560K, used 100392K [0x03e00000, 0x19350000, 0x19350000)
  eden space 279616K,  35% used [0x03e00000, 0x0a00a0f0, 0x14f10000)
  from space 34944K,   0% used [0x17130000, 0x17130000, 0x19350000)
  to   space 34944K,   0% used [0x14f10000, 0x14f10000, 0x17130000)
 tenured generation   total 699072K, used 699071K [0x19350000, 0x43e00000, 0x43e00000)
   the space 699072K,  99% used [0x19350000, 0x43dffff8, 0x43e00000, 0x43e00000)
 Metaspace       used 3579K, capacity 3598K, committed 3648K, reserved 4480K
}
Event: 46.302 GC heap before
{Heap before GC invocations=110 (full 16):
 def new generation   total 314560K, used 314559K [0x03e00000, 0x19350000, 0x19350000)
  eden space 279616K, 100% used [0x03e00000, 0x14f10000, 0x14f10000)
  from space 34944K,  99% used [0x17130000, 0x1934fff8, 0x19350000)
  to   space 34944K,   0% used [0x14f10000, 0x14f10000, 0x17130000)
 tenured generation   total 699072K, used 699071K [0x19350000, 0x43e00000, 0x43e00000)
   the space 699072K,  99% used [0x19350000, 0x43dffff8, 0x43e00000, 0x43e00000)
 Metaspace       used 3583K, capacity 3598K, committed 3648K, reserved 4480K
Event: 48.333 GC heap after
Heap after GC invocations=111 (full 17):
 def new generation   total 314560K, used 132364K [0x03e00000, 0x19350000, 0x19350000)
  eden space 279616K,  47% used [0x03e00000, 0x0bf430c0, 0x14f10000)
  from space 34944K,   0% used [0x17130000, 0x17130000, 0x19350000)
  to   space 34944K,   0% used [0x14f10000, 0x14f10000, 0x17130000)
 tenured generation   total 699072K, used 699071K [0x19350000, 0x43e00000, 0x43e00000)
   the space 699072K,  99% used [0x19350000, 0x43dffff8, 0x43e00000, 0x43e00000)
 Metaspace       used 3583K, capacity 3598K, committed 3648K, reserved 4480K
}
Event: 48.882 GC heap before
{Heap before GC invocations=111 (full 17):
 def new generation   total 314560K, used 314559K [0x03e00000, 0x19350000, 0x19350000)
  eden space 279616K, 100% used [0x03e00000, 0x14f10000, 0x14f10000)
  from space 34944K,  99% used [0x17130000, 0x1934ffc8, 0x19350000)
  to   space 34944K,   0% used [0x14f10000, 0x14f10000, 0x17130000)
 tenured generation   total 699072K, used 699071K [0x19350000, 0x43e00000, 0x43e00000)
   the space 699072K,  99% used [0x19350000, 0x43dffff8, 0x43e00000, 0x43e00000)
 Metaspace       used 3642K, capacity 3662K, committed 3776K, reserved 4480K
Event: 50.935 GC heap after
Heap after GC invocations=112 (full 18):
 def new generation   total 314560K, used 166415K [0x03e00000, 0x19350000, 0x19350000)
  eden space 279616K,  59% used [0x03e00000, 0x0e083db0, 0x14f10000)
  from space 34944K,   0% used [0x17130000, 0x17130000, 0x19350000)
  to   space 34944K,   0% used [0x14f10000, 0x14f10000, 0x17130000)
 tenured generation   total 699072K, used 699071K [0x19350000, 0x43e00000, 0x43e00000)
   the space 699072K,  99% used [0x19350000, 0x43dffff8, 0x43e00000, 0x43e00000)
 Metaspace       used 3642K, capacity 3662K, committed 3776K, reserved 4480K
}
Event: 51.425 GC heap before
{Heap before GC invocations=112 (full 18):
 def new generation   total 314560K, used 314559K [0x03e00000, 0x19350000, 0x19350000)
  eden space 279616K, 100% used [0x03e00000, 0x14f10000, 0x14f10000)
  from space 34944K,  99% used [0x17130000, 0x1934fff8, 0x19350000)
  to   space 34944K,   0% used [0x14f10000, 0x14f10000, 0x17130000)
 tenured generation   total 699072K, used 699071K [0x19350000, 0x43e00000, 0x43e00000)
   the space 699072K,  99% used [0x19350000, 0x43dffff8, 0x43e00000, 0x43e00000)
 Metaspace       used 3643K, capacity 3662K, committed 3776K, reserved 4480K
Event: 53.756 GC heap after
Heap after GC invocations=113 (full 19):
 def new generation   total 314560K, used 163564K [0x03e00000, 0x19350000, 0x19350000)
  eden space 279616K,  58% used [0x03e00000, 0x0ddbb340, 0x14f10000)
  from space 34944K,   0% used [0x17130000, 0x17130000, 0x19350000)
  to   space 34944K,   0% used [0x14f10000, 0x14f10000, 0x17130000)
 tenured generation   total 699072K, used 699071K [0x19350000, 0x43e00000, 0x43e00000)
   the space 699072K,  99% used [0x19350000, 0x43dfffd8, 0x43e00000, 0x43e00000)
 Metaspace       used 3643K, capacity 3662K, committed 3776K, reserved 4480K
}
Event: 54.992 GC heap before
{Heap before GC invocations=113 (full 19):
 def new generation   total 314560K, used 314560K [0x03e00000, 0x19350000, 0x19350000)
  eden space 279616K, 100% used [0x03e00000, 0x14f10000, 0x14f10000)
  from space 34944K, 100% used [0x17130000, 0x19350000, 0x19350000)
  to   space 34944K,   0% used [0x14f10000, 0x14f10000, 0x17130000)
 tenured generation   total 699072K, used 699071K [0x19350000, 0x43e00000, 0x43e00000)
   the space 699072K,  99% used [0x19350000, 0x43dffff0, 0x43e00000, 0x43e00000)
 Metaspace       used 3647K, capacity 3694K, committed 3776K, reserved 4480K

Deoptimization events (0 events):
No events

Internal exceptions (6 events):
Event: 1.911 Thread 0x0054bc00 Exception <a 'java/lang/NoSuchMethodError': Method sun.misc.Unsafe.defineClass(Ljava/lang/String;[BII)Ljava/lang/Class; name or signature does not match> (0x03e06ea8) thrown at [C:\re\workspace\8-2-build-windows-i586-cygwin\jdk8u101\7261\hotspot\src\share\д(пяУ■?
Event: 1.911 Thread 0x0054bc00 Exception <a 'java/lang/NoSuchMethodError': Method sun.misc.Unsafe.prefetchRead(Ljava/lang/Object;J)V name or signature does not match> (0x03e07178) thrown at [C:\re\workspace\8-2-build-windows-i586-cygwin\jdk8u101\7261\hotspot\src\share\vm\prims\jni.cpp, ╜oР/nL@
Event: 4.575 Thread 0x44658800 Exception <a 'java/lang/ArrayIndexOutOfBoundsException': 18> (0x03eefef8) thrown at [C:\re\workspace\8-2-build-windows-i586-cygwin\jdk8u101\7261\hotspot\src\share\vm\interpreter\interpreterRuntime.cpp, line 366]
Event: 4.575 Thread 0x44658800 Exception <a 'java/lang/ArrayIndexOutOfBoundsException': 145> (0x03ef1798) thrown at [C:\re\workspace\8-2-build-windows-i586-cygwin\jdk8u101\7261\hotspot\src\share\vm\interpreter\interpreterRuntime.cpp, line 366]
Event: 4.575 Thread 0x44658800 Exception <a 'java/lang/ArrayIndexOutOfBoundsException': 40> (0x03ef2890) thrown at [C:\re\workspace\8-2-build-windows-i586-cygwin\jdk8u101\7261\hotspot\src\share\vm\interpreter\interpreterRuntime.cpp, line 366]
Event: 54.634 Thread 0x44655400 Exception <a 'java/lang/ArrayStoreException'> (0x180c8248) thrown at [C:\re\workspace\8-2-build-windows-i586-cygwin\jdk8u101\7261\hotspot\src\share\vm\runtime\sharedRuntime.cpp, line 605]

Events (10 events):
Event: 53.999 Thread 0x44655400 Thread exited: 0x44655400
Event: 54.001 Thread 0x44655400 Thread added: 0x44655400
Event: 54.634 loading class java/util/regex/Pattern$Start
Event: 54.634 loading class java/util/regex/Pattern$Start done
Event: 54.635 loading class java/util/regex/Pattern$TreeInfo
Event: 54.635 loading class java/util/regex/Pattern$TreeInfo done
Event: 54.635 Executing VM operation: RevokeBias
Event: 54.635 Executing VM operation: RevokeBias done
Event: 54.635 Thread 0x44655400 Thread exited: 0x44655400
Event: 54.992 Executing VM operation: GenCollectForAllocation


Dynamic libraries:
0x00820000 - 0x00853000 	C:\Program Files\Java\jdk1.8.0_101\bin\java.exe
0x77610000 - 0x7774c000 	C:\Windows\SYSTEM32\ntdll.dll
0x76310000 - 0x763e4000 	C:\Windows\system32\kernel32.dll
0x75a10000 - 0x75a5a000 	C:\Windows\system32\KERNELBASE.dll
0x75a60000 - 0x75b00000 	C:\Windows\system32\ADVAPI32.dll
0x76730000 - 0x767dc000 	C:\Windows\system32\msvcrt.dll
0x767e0000 - 0x767f9000 	C:\Windows\SYSTEM32\sechost.dll
0x76500000 - 0x765a1000 	C:\Windows\system32\RPCRT4.dll
0x77760000 - 0x77829000 	C:\Windows\system32\USER32.dll
0x762c0000 - 0x7630e000 	C:\Windows\system32\GDI32.dll
0x75dd0000 - 0x75dda000 	C:\Windows\system32\LPK.dll
0x76110000 - 0x761ad000 	C:\Windows\system32\USP10.dll
0x741d0000 - 0x7436e000 	C:\Windows\WinSxS\x86_microsoft.windows.common-controls_6595b64144ccf1df_6.0.7600.16385_none_421189da2b7fabfc\COMCTL32.dll
0x763f0000 - 0x76447000 	C:\Windows\system32\SHLWAPI.dll
0x764e0000 - 0x764ff000 	C:\Windows\system32\IMM32.DLL
0x75b00000 - 0x75bcc000 	C:\Windows\system32\MSCTF.dll
0x52b10000 - 0x52bcf000 	C:\Program Files\Java\jdk1.8.0_101\jre\bin\msvcr100.dll
0x52740000 - 0x52b0c000 	C:\Program Files\Java\jdk1.8.0_101\jre\bin\client\jvm.dll
0x70d00000 - 0x70d07000 	C:\Windows\system32\WSOCK32.dll
0x766f0000 - 0x76725000 	C:\Windows\system32\WS2_32.dll
0x77750000 - 0x77756000 	C:\Windows\system32\NSI.dll
0x70de0000 - 0x70e12000 	C:\Windows\system32\WINMM.dll
0x74c60000 - 0x74c69000 	C:\Windows\system32\VERSION.dll
0x77830000 - 0x77835000 	C:\Windows\system32\PSAPI.DLL
0x60b30000 - 0x60b3c000 	C:\Program Files\Java\jdk1.8.0_101\jre\bin\verify.dll
0x60b00000 - 0x60b21000 	C:\Program Files\Java\jdk1.8.0_101\jre\bin\java.dll
0x60ae0000 - 0x60af3000 	C:\Program Files\Java\jdk1.8.0_101\jre\bin\zip.dll
0x769c0000 - 0x77609000 	C:\Windows\system32\SHELL32.dll
0x76800000 - 0x7695c000 	C:\Windows\system32\ole32.dll
0x75760000 - 0x7576b000 	C:\Windows\system32\profapi.dll
0x73430000 - 0x7351b000 	C:\Windows\system32\dbghelp.dll

VM Arguments:
jvm_args: -Djava.awt.headless=true -Xmx1024M -Dfile.encoding=windows-1252 -Duser.country=US -Duser.language=en -Duser.variant 
java_command: com.android.dx.command.Main --dex --num-threads=4 --multi-dex --main-dex-list E:\SandeepProjectResources\MobipugNew\Mobipug27.10.18\MobipugSource\app\build\intermediates\multi-dex\debug\maindexlist.txt --output E:\SandeepProjectResources\MobipugNew\Mobipug27.10.18\MobipugSource\app\build\intermediates\transforms\dex\debug\folders\1000\1f\main E:\SandeepProjectResources\MobipugNew\Mobipug27.10.18\MobipugSource\app\build\intermediates\transforms\jarMerging\debug\jars\1\1f\combined.jar
java_class_path (initial): C:\Users\android-4\AppData\Local\Android\Sdk\build-tools\26.0.2\lib\dx.jar
Launcher Type: SUN_STANDARD

Environment Variables:
PATH=C:\ProgramData\Oracle\Java\javapath;C:\Windows\system32;C:\Windows;C:\Windows\System32\Wbem;C:\Windows\System32\WindowsPowerShell\v1.0\;C:\Program Files\Intel\OpenCL SDK\2.0\bin\x86;C:\Program Files\Skype\Phone\
USERNAME=android-4
OS=Windows_NT
PROCESSOR_IDENTIFIER=x86 Family 6 Model 42 Stepping 7, GenuineIntel



---------------  S Y S T E M  ---------------

OS: Windows 7 Build 7600 (6.1.7600.16385)

CPU:total 4 (2 cores per cpu, 2 threads per core) family 6 model 42 stepping 7, cmov, cx8, fxsr, mmx, sse, sse2, sse3, ssse3, sse4.1, sse4.2, popcnt, clmul, ht, tsc, tscinvbit

Memory: 4k page, physical 3578328k(175184k free), swap 24056564k(18594784k free)

vm_info: Java HotSpot(TM) Client VM (25.101-b13) for windows-x86 JRE (1.8.0_101-b13), built on Jun 22 2016 00:45:44 by "java_re" with MS VC++ 10.0 (VS2010)

time: Thu Nov 15 19:19:26 2018
elapsed time: 55 seconds (0d 0h 0m 55s)

