#
# A fatal error has been detected by the Java Runtime Environment:
#
#  EXCEPTION_ACCESS_VIOLATION (0xc0000005) at pc=0xaabea000, pid=3684, tid=0x000009e4
#
# JRE version: Java(TM) SE Runtime Environment (8.0_101-b13) (build 1.8.0_101-b13)
# Java VM: Java HotSpot(TM) Client VM (25.101-b13 mixed mode windows-x86 )
# Problematic frame:
# C  0xaabea000
#
# Failed to write core dump. Minidumps are not enabled by default on client versions of Windows
#
# If you would like to submit a bug report, please visit:
#   http://bugreport.java.com/bugreport/crash.jsp
#

---------------  T H R E A D  ---------------

Current thread (0x4448a800):  VMThread [stack: 0x446d0000,0x44720000] [id=2532]

siginfo: ExceptionCode=0xc0000005, ExceptionInformation=0x00000008 0xaabea000

Registers:
EAX=0x44487890, EBX=0x4471f504, ECX=0x442d4810, EDX=0xaabea000
ESP=0x4471f404, EBP=0x4471f420, ESI=0x36b09650, EDI=0x38abd5f8
EIP=0xaabea000, EFLAGS=0x00010293

Top of Stack: (sp=0x4471f404)
0x4471f404:   5181518f 36b09650 4471f504 00944050
0x4471f414:   4471f504 0093f210 00944170 4471f434
0x4471f424:   5180a531 4471f504 0093f264 00000001
0x4471f434:   4471f44c 51808207 4471f504 0093f210
0x4471f444:   4471f544 00000000 4471f668 518041d7
0x4471f454:   00000000 4471f590 4471f504 00941c88
0x4471f464:   518051b4 00a1ffa0 0093f210 0093f260
0x4471f474:   51a49c54 00000000 00000069 00000004 

Instructions: (pc=0xaabea000)
0xaabe9fe0:   
[error occurred during error reporting (printing registers, top of stack, instructions near pc), id 0xc0000005]

Register to memory mapping:

EAX=0x44487890 is an unknown value
EBX=0x4471f504 is an unknown value
ECX=0x442d4810 is pointing into metadata
EDX=0xaabea000 is an unknown value
ESP=0x4471f404 is an unknown value
EBP=0x4471f420 is an unknown value
ESI=0x36b09650 is an oop

[error occurred during error reporting (printing register info), id 0xc0000005]

Stack: [0x446d0000,0x44720000],  sp=0x4471f404,  free space=317k
Native frames: (J=compiled Java code, j=interpreted, Vv=VM code, C=native code)
C  0xaabea000
V  [jvm.dll+0x9a531]
V  [jvm.dll+0x98207]
V  [jvm.dll+0x941d7]
V  [jvm.dll+0x98e73]
V  [jvm.dll+0x92e25]
V  [jvm.dll+0x1b81c6]
V  [jvm.dll+0x18292b]
V  [jvm.dll+0x181d31]
V  [jvm.dll+0x182147]
V  [jvm.dll+0x182342]
V  [jvm.dll+0x1c1ed6]
C  [msvcr100.dll+0x5c556]
C  [msvcr100.dll+0x5c600]
C  [kernel32.dll+0x51174]
C  [ntdll.dll+0x5b3f5]
C  [ntdll.dll+0x5b3c8]

VM_Operation (0x0090e744): GenCollectForAllocation, mode: safepoint, requested by thread 0x0091bc00


---------------  P R O C E S S  ---------------

Java Threads: ( => current thread )
  0x44659800 JavaThread "pool-2-thread-4" [_thread_blocked, id=4452, stack(0x44b50000,0x44ba0000)]
  0x4465cc00 JavaThread "pool-2-thread-3" [_thread_blocked, id=4868, stack(0x44c10000,0x44c60000)]
  0x44650800 JavaThread "pool-2-thread-2" [_thread_blocked, id=3864, stack(0x44a30000,0x44a80000)]
  0x44627000 JavaThread "pool-3-thread-1" [_thread_blocked, id=2984, stack(0x44a80000,0x44ad0000)]
  0x44625000 JavaThread "pool-2-thread-1" [_thread_blocked, id=4288, stack(0x44920000,0x44970000)]
  0x444ec000 JavaThread "Service Thread" daemon [_thread_blocked, id=5896, stack(0x449b0000,0x44a00000)]
  0x444db000 JavaThread "C1 CompilerThread0" daemon [_thread_blocked, id=3952, stack(0x447d0000,0x44820000)]
  0x444da000 JavaThread "Attach Listener" daemon [_thread_blocked, id=1036, stack(0x448d0000,0x44920000)]
  0x444d7000 JavaThread "Signal Dispatcher" daemon [_thread_blocked, id=5492, stack(0x44750000,0x447a0000)]
  0x444b6c00 JavaThread "Finalizer" daemon [_thread_blocked, id=4696, stack(0x44670000,0x446c0000)]
  0x44490400 JavaThread "Reference Handler" daemon [_thread_blocked, id=312, stack(0x01010000,0x01060000)]
  0x0091bc00 JavaThread "main" [_thread_blocked, id=5768, stack(0x008c0000,0x00910000)]

Other Threads:
=>0x4448a800 VMThread [stack: 0x446d0000,0x44720000] [id=2532]
  0x444fd000 WatcherThread [stack: 0x44850000,0x448a0000] [id=5576]

VM state:at safepoint (normal execution)

VM Mutex/Monitor currently owned by a thread:  ([mutex/lock_event])
[0x0091a230] Threads_lock - owner thread: 0x4448a800
[0x0091a640] Heap_lock - owner thread: 0x0091bc00

Heap:
 def new generation   total 217728K, used 217727K [0x03e00000, 0x12a40000, 0x19350000)
  eden space 193536K, 100% used [0x03e00000, 0x0fb00000, 0x0fb00000)
  from space 24192K,  99% used [0x0fb00000, 0x1129fff8, 0x112a0000)
  to   space 24192K, 100% used [0x112a0000, 0x12a40000, 0x12a40000)
 tenured generation   total 515944K, used 515921K [0x19350000, 0x38b2a000, 0x43e00000)
   the space 515944K,  99% used [0x19350000, 0x38b24680, 0x38b24800, 0x38b2a000)
 Metaspace       used 3549K, capacity 3598K, committed 3648K, reserved 4480K

Card table byte_map: [0x43e00000,0x44010000] byte_map_base: 0x43de1000

Polling page: 0x00150000

CodeCache: size=32768Kb used=3582Kb max_used=3582Kb free=29185Kb
 bounds [0x01cb0000, 0x02030000, 0x03cb0000]
 total_blobs=1895 nmethods=1748 adapters=77
 compilation: enabled

Compilation events (10 events):
Event: 11.155 Thread 0x444db000 1746   !         com.android.dx.cf.attrib.BaseParameterAnnotations::<init> (48 bytes)
Event: 11.155 Thread 0x444db000 nmethod 1746 0x0202e548 code [0x0202e670, 0x0202e8b4]
Event: 11.155 Thread 0x444db000 1747             com.android.dx.cf.attrib.BaseParameterAnnotations::byteLength (8 bytes)
Event: 11.155 Thread 0x444db000 nmethod 1747 0x0202eac8 code [0x0202ebc0, 0x0202ec40]
Event: 11.172 Thread 0x444db000 1748             com.android.dx.dex.file.UniformListItem::<init> (37 bytes)
Event: 11.172 Thread 0x444db000 nmethod 1748 0x0202ec88 code [0x0202ede0, 0x0202f064]
Event: 11.172 Thread 0x444db000 1749             com.android.dx.dex.file.UniformListItem::writeSize (28 bytes)
Event: 11.173 Thread 0x444db000 nmethod 1749 0x0202f348 code [0x0202f480, 0x0202f610]
Event: 11.173 Thread 0x444db000 1750             com.android.dx.dex.file.OffsettedItem::writeSize (22 bytes)
Event: 11.173 Thread 0x444db000 nmethod 1750 0x0202f788 code [0x0202f890, 0x0202f99c]

GC Heap History (10 events):
Event: 9.236 GC heap after
Heap after GC invocations=94 (full 7):
 def new generation   total 217728K, used 24191K [0x03e00000, 0x12a40000, 0x19350000)
  eden space 193536K,   0% used [0x03e00000, 0x03e00000, 0x0fb00000)
  from space 24192K,  99% used [0x0fb00000, 0x1129fff8, 0x112a0000)
  to   space 24192K,   0% used [0x112a0000, 0x112a0000, 0x12a40000)
 tenured generation   total 483720K, used 363397K [0x19350000, 0x36bb2000, 0x43e00000)
   the space 483720K,  75% used [0x19350000, 0x2f631420, 0x2f631600, 0x36bb2000)
 Metaspace       used 3549K, capacity 3598K, committed 3648K, reserved 4480K
}
Event: 9.567 GC heap before
{Heap before GC invocations=94 (full 7):
 def new generation   total 217728K, used 217727K [0x03e00000, 0x12a40000, 0x19350000)
  eden space 193536K, 100% used [0x03e00000, 0x0fb00000, 0x0fb00000)
  from space 24192K,  99% used [0x0fb00000, 0x1129fff8, 0x112a0000)
  to   space 24192K,   0% used [0x112a0000, 0x112a0000, 0x12a40000)
 tenured generation   total 483720K, used 363397K [0x19350000, 0x36bb2000, 0x43e00000)
   the space 483720K,  75% used [0x19350000, 0x2f631420, 0x2f631600, 0x36bb2000)
 Metaspace       used 3549K, capacity 3598K, committed 3648K, reserved 4480K
Event: 9.695 GC heap after
Heap after GC invocations=95 (full 7):
 def new generation   total 217728K, used 24192K [0x03e00000, 0x12a40000, 0x19350000)
  eden space 193536K,   0% used [0x03e00000, 0x03e00000, 0x0fb00000)
  from space 24192K, 100% used [0x112a0000, 0x12a40000, 0x12a40000)
  to   space 24192K,   0% used [0x0fb00000, 0x0fb00000, 0x112a0000)
 tenured generation   total 483720K, used 391384K [0x19350000, 0x36bb2000, 0x43e00000)
   the space 483720K,  80% used [0x19350000, 0x31186080, 0x31186200, 0x36bb2000)
 Metaspace       used 3549K, capacity 3598K, committed 3648K, reserved 4480K
}
Event: 10.041 GC heap before
{Heap before GC invocations=95 (full 7):
 def new generation   total 217728K, used 217728K [0x03e00000, 0x12a40000, 0x19350000)
  eden space 193536K, 100% used [0x03e00000, 0x0fb00000, 0x0fb00000)
  from space 24192K, 100% used [0x112a0000, 0x12a40000, 0x12a40000)
  to   space 24192K,   0% used [0x0fb00000, 0x0fb00000, 0x112a0000)
 tenured generation   total 483720K, used 391384K [0x19350000, 0x36bb2000, 0x43e00000)
   the space 483720K,  80% used [0x19350000, 0x31186080, 0x31186200, 0x36bb2000)
 Metaspace       used 3549K, capacity 3598K, committed 3648K, reserved 4480K
Event: 10.167 GC heap after
Heap after GC invocations=96 (full 7):
 def new generation   total 217728K, used 24192K [0x03e00000, 0x12a40000, 0x19350000)
  eden space 193536K,   0% used [0x03e00000, 0x03e00000, 0x0fb00000)
  from space 24192K, 100% used [0x0fb00000, 0x112a0000, 0x112a0000)
  to   space 24192K,   0% used [0x112a0000, 0x112a0000, 0x12a40000)
 tenured generation   total 483720K, used 418445K [0x19350000, 0x36bb2000, 0x43e00000)
   the space 483720K,  86% used [0x19350000, 0x32bf3700, 0x32bf3800, 0x36bb2000)
 Metaspace       used 3549K, capacity 3598K, committed 3648K, reserved 4480K
}
Event: 10.475 GC heap before
{Heap before GC invocations=96 (full 7):
 def new generation   total 217728K, used 217728K [0x03e00000, 0x12a40000, 0x19350000)
  eden space 193536K, 100% used [0x03e00000, 0x0fb00000, 0x0fb00000)
  from space 24192K, 100% used [0x0fb00000, 0x112a0000, 0x112a0000)
  to   space 24192K,   0% used [0x112a0000, 0x112a0000, 0x12a40000)
 tenured generation   total 483720K, used 418445K [0x19350000, 0x36bb2000, 0x43e00000)
   the space 483720K,  86% used [0x19350000, 0x32bf3700, 0x32bf3800, 0x36bb2000)
 Metaspace       used 3549K, capacity 3598K, committed 3648K, reserved 4480K
Event: 10.599 GC heap after
Heap after GC invocations=97 (full 7):
 def new generation   total 217728K, used 24192K [0x03e00000, 0x12a40000, 0x19350000)
  eden space 193536K,   0% used [0x03e00000, 0x03e00000, 0x0fb00000)
  from space 24192K, 100% used [0x112a0000, 0x12a40000, 0x12a40000)
  to   space 24192K,   0% used [0x0fb00000, 0x0fb00000, 0x112a0000)
 tenured generation   total 483720K, used 445984K [0x19350000, 0x36bb2000, 0x43e00000)
   the space 483720K,  92% used [0x19350000, 0x346d8270, 0x346d8400, 0x36bb2000)
 Metaspace       used 3549K, capacity 3598K, committed 3648K, reserved 4480K
}
Event: 10.930 GC heap before
{Heap before GC invocations=97 (full 7):
 def new generation   total 217728K, used 217728K [0x03e00000, 0x12a40000, 0x19350000)
  eden space 193536K, 100% used [0x03e00000, 0x0fb00000, 0x0fb00000)
  from space 24192K, 100% used [0x112a0000, 0x12a40000, 0x12a40000)
  to   space 24192K,   0% used [0x0fb00000, 0x0fb00000, 0x112a0000)
 tenured generation   total 483720K, used 445984K [0x19350000, 0x36bb2000, 0x43e00000)
   the space 483720K,  92% used [0x19350000, 0x346d8270, 0x346d8400, 0x36bb2000)
 Metaspace       used 3549K, capacity 3598K, committed 3648K, reserved 4480K
Event: 11.052 GC heap after
Heap after GC invocations=98 (full 7):
 def new generation   total 217728K, used 24191K [0x03e00000, 0x12a40000, 0x19350000)
  eden space 193536K,   0% used [0x03e00000, 0x03e00000, 0x0fb00000)
  from space 24192K,  99% used [0x0fb00000, 0x1129fff8, 0x112a0000)
  to   space 24192K,   0% used [0x112a0000, 0x112a0000, 0x12a40000)
 tenured generation   total 483720K, used 470100K [0x19350000, 0x36bb2000, 0x43e00000)
   the space 483720K,  97% used [0x19350000, 0x35e65098, 0x35e65200, 0x36bb2000)
 Metaspace       used 3549K, capacity 3598K, committed 3648K, reserved 4480K
}
Event: 11.380 GC heap before
{Heap before GC invocations=98 (full 7):
 def new generation   total 217728K, used 217727K [0x03e00000, 0x12a40000, 0x19350000)
  eden space 193536K, 100% used [0x03e00000, 0x0fb00000, 0x0fb00000)
  from space 24192K,  99% used [0x0fb00000, 0x1129fff8, 0x112a0000)
  to   space 24192K,   0% used [0x112a0000, 0x112a0000, 0x12a40000)
 tenured generation   total 483720K, used 470100K [0x19350000, 0x36bb2000, 0x43e00000)
   the space 483720K,  97% used [0x19350000, 0x35e65098, 0x35e65200, 0x36bb2000)
 Metaspace       used 3549K, capacity 3598K, committed 3648K, reserved 4480K

Deoptimization events (0 events):
No events

Internal exceptions (5 events):
Event: 0.024 Thread 0x0091bc00 Exception <a 'java/lang/NoSuchMethodError': Method sun.misc.Unsafe.defineClass(Ljava/lang/String;[BII)Ljava/lang/Class; name or signature does not match> (0x03e06ea8) thrown at [C:\re\workspace\8-2-build-windows-i586-cygwin\jdk8u101\7261\hotspot\src\share\ˆ¸%]™?
Event: 0.024 Thread 0x0091bc00 Exception <a 'java/lang/NoSuchMethodError': Method sun.misc.Unsafe.prefetchRead(Ljava/lang/Object;J)V name or signature does not match> (0x03e07178) thrown at [C:\re\workspace\8-2-build-windows-i586-cygwin\jdk8u101\7261\hotspot\src\share\vm\prims\jni.cpp, šú¿.‡8ë?
Event: 0.851 Thread 0x44659800 Exception <a 'java/lang/ArrayIndexOutOfBoundsException': 18> (0x04020e88) thrown at [C:\re\workspace\8-2-build-windows-i586-cygwin\jdk8u101\7261\hotspot\src\share\vm\interpreter\interpreterRuntime.cpp, line 366]
Event: 0.851 Thread 0x44659800 Exception <a 'java/lang/ArrayIndexOutOfBoundsException': 145> (0x04022728) thrown at [C:\re\workspace\8-2-build-windows-i586-cygwin\jdk8u101\7261\hotspot\src\share\vm\interpreter\interpreterRuntime.cpp, line 366]
Event: 0.851 Thread 0x44659800 Exception <a 'java/lang/ArrayIndexOutOfBoundsException': 40> (0x04023808) thrown at [C:\re\workspace\8-2-build-windows-i586-cygwin\jdk8u101\7261\hotspot\src\share\vm\interpreter\interpreterRuntime.cpp, line 366]

Events (10 events):
Event: 9.236 Executing VM operation: GenCollectForAllocation done
Event: 9.567 Executing VM operation: GenCollectForAllocation
Event: 9.695 Executing VM operation: GenCollectForAllocation done
Event: 10.041 Executing VM operation: GenCollectForAllocation
Event: 10.167 Executing VM operation: GenCollectForAllocation done
Event: 10.475 Executing VM operation: GenCollectForAllocation
Event: 10.599 Executing VM operation: GenCollectForAllocation done
Event: 10.930 Executing VM operation: GenCollectForAllocation
Event: 11.052 Executing VM operation: GenCollectForAllocation done
Event: 11.380 Executing VM operation: GenCollectForAllocation


Dynamic libraries:
0x01070000 - 0x010a3000 	C:\Program Files\Java\jdk1.8.0_101\bin\java.exe
0x76f00000 - 0x7703c000 	C:\Windows\SYSTEM32\ntdll.dll
0x755f0000 - 0x756c4000 	C:\Windows\system32\kernel32.dll
0x751f0000 - 0x7523a000 	C:\Windows\system32\KERNELBASE.dll
0x753a0000 - 0x75440000 	C:\Windows\system32\ADVAPI32.dll
0x76520000 - 0x765cc000 	C:\Windows\system32\msvcrt.dll
0x75370000 - 0x75389000 	C:\Windows\SYSTEM32\sechost.dll
0x76470000 - 0x76511000 	C:\Windows\system32\RPCRT4.dll
0x756d0000 - 0x75799000 	C:\Windows\system32\USER32.dll
0x770e0000 - 0x7712e000 	C:\Windows\system32\GDI32.dll
0x75390000 - 0x7539a000 	C:\Windows\system32\LPK.dll
0x76b50000 - 0x76bed000 	C:\Windows\system32\USP10.dll
0x73dc0000 - 0x73f5e000 	C:\Windows\WinSxS\x86_microsoft.windows.common-controls_6595b64144ccf1df_6.0.7600.16385_none_421189da2b7fabfc\COMCTL32.dll
0x76af0000 - 0x76b47000 	C:\Windows\system32\SHLWAPI.dll
0x77040000 - 0x7705f000 	C:\Windows\system32\IMM32.DLL
0x76d30000 - 0x76dfc000 	C:\Windows\system32\MSCTF.dll
0x64db0000 - 0x64e6f000 	C:\Program Files\Java\jdk1.8.0_101\jre\bin\msvcr100.dll
0x51770000 - 0x51b3c000 	C:\Program Files\Java\jdk1.8.0_101\jre\bin\client\jvm.dll
0x70810000 - 0x70817000 	C:\Windows\system32\WSOCK32.dll
0x75440000 - 0x75475000 	C:\Windows\system32\WS2_32.dll
0x75350000 - 0x75356000 	C:\Windows\system32\NSI.dll
0x707c0000 - 0x707f2000 	C:\Windows\system32\WINMM.dll
0x74550000 - 0x74559000 	C:\Windows\system32\VERSION.dll
0x75360000 - 0x75365000 	C:\Windows\system32\PSAPI.DLL
0x720f0000 - 0x720fc000 	C:\Program Files\Java\jdk1.8.0_101\jre\bin\verify.dll
0x72070000 - 0x72091000 	C:\Program Files\Java\jdk1.8.0_101\jre\bin\java.dll
0x720b0000 - 0x720c3000 	C:\Program Files\Java\jdk1.8.0_101\jre\bin\zip.dll
0x75820000 - 0x76469000 	C:\Windows\system32\SHELL32.dll
0x75490000 - 0x755ec000 	C:\Windows\system32\ole32.dll
0x75050000 - 0x7505b000 	C:\Windows\system32\profapi.dll
0x72db0000 - 0x72e9b000 	C:\Windows\system32\dbghelp.dll

VM Arguments:
jvm_args: -Djava.awt.headless=true -Xmx1024M -Dfile.encoding=windows-1252 -Duser.country=US -Duser.language=en -Duser.variant 
java_command: com.android.dx.command.Main --dex --num-threads=4 --multi-dex --main-dex-list E:\SandeepProjectResources\MobipugNew\Mobipug27.10.18\MobipugSource\app\build\intermediates\multi-dex\debug\maindexlist.txt --output E:\SandeepProjectResources\MobipugNew\Mobipug27.10.18\MobipugSource\app\build\intermediates\transforms\dex\debug\folders\1000\1f\main E:\SandeepProjectResources\MobipugNew\Mobipug27.10.18\MobipugSource\app\build\intermediates\transforms\jarMerging\debug\jars\1\1f\combined.jar
java_class_path (initial): C:\Users\android-4\AppData\Local\Android\Sdk\build-tools\26.0.2\lib\dx.jar
Launcher Type: SUN_STANDARD

Environment Variables:
PATH=C:\ProgramData\Oracle\Java\javapath;C:\Windows\system32;C:\Windows;C:\Windows\System32\Wbem;C:\Windows\System32\WindowsPowerShell\v1.0\;C:\Program Files\Intel\OpenCL SDK\2.0\bin\x86;C:\Program Files\Skype\Phone\
USERNAME=android-4
OS=Windows_NT
PROCESSOR_IDENTIFIER=x86 Family 6 Model 42 Stepping 7, GenuineIntel



---------------  S Y S T E M  ---------------

OS: Windows 7 Build 7600 (6.1.7600.16385)

CPU:total 4 (2 cores per cpu, 2 threads per core) family 6 model 42 stepping 7, cmov, cx8, fxsr, mmx, sse, sse2, sse3, ssse3, sse4.1, sse4.2, popcnt, clmul, ht, tsc, tscinvbit

Memory: 4k page, physical 3578328k(695700k free), swap 24056564k(19894532k free)

vm_info: Java HotSpot(TM) Client VM (25.101-b13) for windows-x86 JRE (1.8.0_101-b13), built on Jun 22 2016 00:45:44 by "java_re" with MS VC++ 10.0 (VS2010)

time: Sat Nov 10 16:02:09 2018
elapsed time: 11 seconds (0d 0h 0m 11s)

