#
# A fatal error has been detected by the Java Runtime Environment:
#
#  EXCEPTION_ACCESS_VIOLATION (0xc0000005) at pc=0x64ea5185, pid=6416, tid=0x00001b10
#
# JRE version: Java(TM) SE Runtime Environment (8.0_101-b13) (build 1.8.0_101-b13)
# Java VM: Java HotSpot(TM) Client VM (25.101-b13 mixed mode windows-x86 )
# Problematic frame:
# V  [jvm.dll+0xa5185]
#
# Failed to write core dump. Minidumps are not enabled by default on client versions of Windows
#
# If you would like to submit a bug report, please visit:
#   http://bugreport.java.com/bugreport/crash.jsp
#

---------------  T H R E A D  ---------------

Current thread (0x4448a800):  VMThread [stack: 0x03d20000,0x03d70000] [id=6928]

siginfo: ExceptionCode=0xc0000005, reading address 0x0000013b

Registers:
EAX=0x0000001b, EBX=0x03d6f2f4, ECX=0x442f0988, EDX=0x1ce810d8
ESP=0x03d6f200, EBP=0x03d6f210, ESI=0x1ce810d8, EDI=0x1cf225b8
EIP=0x64ea5185, EFLAGS=0x00010283

Top of Stack: (sp=0x03d6f200)
0x03d6f200:   00924010 03d6f2f4 0091f1d0 00924130
0x03d6f210:   03d6f224 64e9a531 03d6f2f4 0091f224
0x03d6f220:   00000001 03d6f23c 64e98207 03d6f2f4
0x03d6f230:   0091f1d0 03d6f334 00000000 03d6f458
0x03d6f240:   64e941d7 00000000 03d6f380 03d6f2f4
0x03d6f250:   00921c48 64e951b4 009fe980 0091f1d0
0x03d6f260:   0091f220 650d9c54 00000000 00000033
0x03d6f270:   00000004 0000000e 00000000 0069f72a 

Instructions: (pc=0x64ea5185)
0x64ea5165:   08 8b f0 eb 08 8d 9b 00 00 00 00 8b f8 8b 7f 34
0x64ea5175:   3b f7 73 1d 8d a4 24 00 00 00 00 8b 4e 04 8b 01
0x64ea5185:   8b 90 20 01 00 00 53 56 ff d2 8d 34 86 3b f7 72
0x64ea5195:   ea 8b 45 fc 3b 78 34 72 d2 8b c8 5f 89 71 0c 5e 


Register to memory mapping:

EAX=0x0000001b is an unknown value
EBX=0x03d6f2f4 is an unknown value
ECX=0x442f0988 is pointing into metadata
EDX=
[error occurred during error reporting (printing register info), id 0xc0000005]

Stack: [0x03d20000,0x03d70000],  sp=0x03d6f200,  free space=316k
Native frames: (J=compiled Java code, j=interpreted, Vv=VM code, C=native code)
V  [jvm.dll+0xa5185]
V  [jvm.dll+0x9a531]
V  [jvm.dll+0x98207]
V  [jvm.dll+0x941d7]
V  [jvm.dll+0x98e73]
V  [jvm.dll+0x92e25]
V  [jvm.dll+0x1b81c6]
V  [jvm.dll+0x18292b]
V  [jvm.dll+0x181d31]
V  [jvm.dll+0x182147]
V  [jvm.dll+0x182342]
V  [jvm.dll+0x1c1ed6]
C  [msvcr100.dll+0x5c556]
C  [msvcr100.dll+0x5c600]
C  [kernel32.dll+0x51174]
C  [ntdll.dll+0x5b3f5]
C  [ntdll.dll+0x5b3c8]

VM_Operation (0x03dfebf8): GenCollectForAllocation, mode: safepoint, requested by thread 0x44648c00


---------------  P R O C E S S  ---------------

Java Threads: ( => current thread )
  0x44648c00 JavaThread "pool-2-thread-4" [_thread_blocked, id=7208, stack(0x03db0000,0x03e00000)]
  0x44647800 JavaThread "pool-2-thread-3" [_thread_blocked, id=7272, stack(0x449a0000,0x449f0000)]
  0x44625c00 JavaThread "pool-2-thread-2" [_thread_blocked, id=4820, stack(0x44aa0000,0x44af0000)]
  0x44646c00 JavaThread "pool-3-thread-1" [_thread_blocked, id=5940, stack(0x44940000,0x44990000)]
  0x4461e800 JavaThread "pool-2-thread-1" [_thread_blocked, id=7640, stack(0x44780000,0x447d0000)]
  0x444d7c00 JavaThread "Service Thread" daemon [_thread_blocked, id=6932, stack(0x44890000,0x448e0000)]
  0x444dd800 JavaThread "C1 CompilerThread0" daemon [_thread_blocked, id=6832, stack(0x00d70000,0x00dc0000)]
  0x444dcc00 JavaThread "Attach Listener" daemon [_thread_blocked, id=2224, stack(0x00b20000,0x00b70000)]
  0x444d9c00 JavaThread "Signal Dispatcher" daemon [_thread_blocked, id=6264, stack(0x447e0000,0x44830000)]
  0x444b6c00 JavaThread "Finalizer" daemon [_thread_blocked, id=5864, stack(0x00b70000,0x00bc0000)]
  0x44490400 JavaThread "Reference Handler" daemon [_thread_blocked, id=6292, stack(0x00a20000,0x00a70000)]
  0x005ebc00 JavaThread "main" [_thread_blocked, id=6400, stack(0x00bc0000,0x00c10000)]

Other Threads:
=>0x4448a800 VMThread [stack: 0x03d20000,0x03d70000] [id=6928]
  0x444d2000 WatcherThread [stack: 0x44730000,0x44780000] [id=7320]

VM state:at safepoint (normal execution)

VM Mutex/Monitor currently owned by a thread:  ([mutex/lock_event])
[0x005ea1d0] Threads_lock - owner thread: 0x4448a800
[0x005ea5e0] Heap_lock - owner thread: 0x44648c00

Heap:
 def new generation   total 40640K, used 40640K [0x03e00000, 0x06a10000, 0x19350000)
  eden space 36160K, 100% used [0x03e00000, 0x06150000, 0x06150000)
  from space 4480K, 100% used [0x06150000, 0x065b0000, 0x065b0000)
  to   space 4480K,  75% used [0x065b0000, 0x068fdee8, 0x06a10000)
 tenured generation   total 90076K, used 61275K [0x19350000, 0x1eb47000, 0x43e00000)
   the space 90076K,  68% used [0x19350000, 0x1cf26e68, 0x1cf27000, 0x1eb47000)
 Metaspace       used 3550K, capacity 3598K, committed 3648K, reserved 4480K

Card table byte_map: [0x43e00000,0x44010000] byte_map_base: 0x43de1000

Polling page: 0x00150000

CodeCache: size=32768Kb used=2981Kb max_used=2981Kb free=29786Kb
 bounds [0x01cf0000, 0x01fe0000, 0x03cf0000]
 total_blobs=1487 nmethods=1340 adapters=77
 compilation: enabled

Compilation events (10 events):
Event: 2.181 Thread 0x444dd800 1338             com.android.dx.rop.code.CstInsn::contentEquals (31 bytes)
Event: 2.182 Thread 0x444dd800 nmethod 1338 0x01fd8e08 code [0x01fd8f20, 0x01fd9038]
Event: 2.212 Thread 0x444dd800 1339             com.android.dx.command.dexer.Main::access$1900 (5 bytes)
Event: 2.212 Thread 0x444dd800 nmethod 1339 0x01fd9108 code [0x01fd9200, 0x01fd9270]
Event: 2.212 Thread 0x444dd800 1340             com.android.dx.command.dexer.Main::access$2000 (5 bytes)
Event: 2.212 Thread 0x444dd800 nmethod 1340 0x01fd9308 code [0x01fd9400, 0x01fd9470]
Event: 2.212 Thread 0x444dd800 1341             sun.util.calendar.CalendarDate::getMonth (5 bytes)
Event: 2.212 Thread 0x444dd800 nmethod 1341 0x01fd9508 code [0x01fd9600, 0x01fd9680]
Event: 2.212 Thread 0x444dd800 1342             sun.util.calendar.CalendarDate::setNormalized (6 bytes)
Event: 2.212 Thread 0x444dd800 nmethod 1342 0x01fd96c8 code [0x01fd97c0, 0x01fd9840]

GC Heap History (10 events):
Event: 1.807 GC heap after
Heap after GC invocations=43 (full 3):
 def new generation   total 24192K, used 2623K [0x03e00000, 0x05830000, 0x19350000)
  eden space 21568K,   0% used [0x03e00000, 0x03e00000, 0x05310000)
  from space 2624K,  99% used [0x05310000, 0x0559fff8, 0x055a0000)
  to   space 2624K,   0% used [0x055a0000, 0x055a0000, 0x05830000)
 tenured generation   total 53468K, used 48863K [0x19350000, 0x1c787000, 0x43e00000)
   the space 53468K,  91% used [0x19350000, 0x1c307c10, 0x1c307e00, 0x1c787000)
 Metaspace       used 3550K, capacity 3598K, committed 3648K, reserved 4480K
}
Event: 1.858 GC heap before
{Heap before GC invocations=43 (full 3):
 def new generation   total 24192K, used 24191K [0x03e00000, 0x05830000, 0x19350000)
  eden space 21568K, 100% used [0x03e00000, 0x05310000, 0x05310000)
  from space 2624K,  99% used [0x05310000, 0x0559fff8, 0x055a0000)
  to   space 2624K,   0% used [0x055a0000, 0x055a0000, 0x05830000)
 tenured generation   total 53468K, used 48863K [0x19350000, 0x1c787000, 0x43e00000)
   the space 53468K,  91% used [0x19350000, 0x1c307c10, 0x1c307e00, 0x1c787000)
 Metaspace       used 3550K, capacity 3598K, committed 3648K, reserved 4480K
Event: 1.871 GC heap after
Heap after GC invocations=44 (full 3):
 def new generation   total 24192K, used 2623K [0x03e00000, 0x05830000, 0x19350000)
  eden space 21568K,   0% used [0x03e00000, 0x03e00000, 0x05310000)
  from space 2624K,  99% used [0x055a0000, 0x0582fff8, 0x05830000)
  to   space 2624K,   0% used [0x05310000, 0x05310000, 0x055a0000)
 tenured generation   total 53468K, used 51689K [0x19350000, 0x1c787000, 0x43e00000)
   the space 53468K,  96% used [0x19350000, 0x1c5ca458, 0x1c5ca600, 0x1c787000)
 Metaspace       used 3550K, capacity 3598K, committed 3648K, reserved 4480K
}
Event: 1.907 GC heap before
{Heap before GC invocations=44 (full 3):
 def new generation   total 24192K, used 24191K [0x03e00000, 0x05830000, 0x19350000)
  eden space 21568K, 100% used [0x03e00000, 0x05310000, 0x05310000)
  from space 2624K,  99% used [0x055a0000, 0x0582fff8, 0x05830000)
  to   space 2624K,   0% used [0x05310000, 0x05310000, 0x055a0000)
 tenured generation   total 53468K, used 51689K [0x19350000, 0x1c787000, 0x43e00000)
   the space 53468K,  96% used [0x19350000, 0x1c5ca458, 0x1c5ca600, 0x1c787000)
 Metaspace       used 3550K, capacity 3598K, committed 3648K, reserved 4480K
Event: 2.076 GC heap after
Heap after GC invocations=45 (full 4):
 def new generation   total 40640K, used 0K [0x03e00000, 0x06a10000, 0x19350000)
  eden space 36160K,   0% used [0x03e00000, 0x03e00000, 0x06150000)
  from space 4480K,   0% used [0x06150000, 0x06150000, 0x065b0000)
  to   space 4480K,   0% used [0x065b0000, 0x065b0000, 0x06a10000)
 tenured generation   total 90076K, used 54044K [0x19350000, 0x1eb47000, 0x43e00000)
   the space 90076K,  59% used [0x19350000, 0x1c8170e8, 0x1c817200, 0x1eb47000)
 Metaspace       used 3550K, capacity 3598K, committed 3648K, reserved 4480K
}
Event: 2.137 GC heap before
{Heap before GC invocations=45 (full 4):
 def new generation   total 40640K, used 36160K [0x03e00000, 0x06a10000, 0x19350000)
  eden space 36160K, 100% used [0x03e00000, 0x06150000, 0x06150000)
  from space 4480K,   0% used [0x06150000, 0x06150000, 0x065b0000)
  to   space 4480K,   0% used [0x065b0000, 0x065b0000, 0x06a10000)
 tenured generation   total 90076K, used 54044K [0x19350000, 0x1eb47000, 0x43e00000)
   the space 90076K,  59% used [0x19350000, 0x1c8170e8, 0x1c817200, 0x1eb47000)
 Metaspace       used 3550K, capacity 3598K, committed 3648K, reserved 4480K
Event: 2.155 GC heap after
Heap after GC invocations=46 (full 4):
 def new generation   total 40640K, used 4480K [0x03e00000, 0x06a10000, 0x19350000)
  eden space 36160K,   0% used [0x03e00000, 0x03e00000, 0x06150000)
  from space 4480K, 100% used [0x065b0000, 0x06a10000, 0x06a10000)
  to   space 4480K,   0% used [0x06150000, 0x06150000, 0x065b0000)
 tenured generation   total 90076K, used 56177K [0x19350000, 0x1eb47000, 0x43e00000)
   the space 90076K,  62% used [0x19350000, 0x1ca2c6a8, 0x1ca2c800, 0x1eb47000)
 Metaspace       used 3550K, capacity 3598K, committed 3648K, reserved 4480K
}
Event: 2.214 GC heap before
{Heap before GC invocations=46 (full 4):
 def new generation   total 40640K, used 40640K [0x03e00000, 0x06a10000, 0x19350000)
  eden space 36160K, 100% used [0x03e00000, 0x06150000, 0x06150000)
  from space 4480K, 100% used [0x065b0000, 0x06a10000, 0x06a10000)
  to   space 4480K,   0% used [0x06150000, 0x06150000, 0x065b0000)
 tenured generation   total 90076K, used 56177K [0x19350000, 0x1eb47000, 0x43e00000)
   the space 90076K,  62% used [0x19350000, 0x1ca2c6a8, 0x1ca2c800, 0x1eb47000)
 Metaspace       used 3550K, capacity 3598K, committed 3648K, reserved 4480K
Event: 2.235 GC heap after
Heap after GC invocations=47 (full 4):
 def new generation   total 40640K, used 4480K [0x03e00000, 0x06a10000, 0x19350000)
  eden space 36160K,   0% used [0x03e00000, 0x03e00000, 0x06150000)
  from space 4480K, 100% used [0x06150000, 0x065b0000, 0x065b0000)
  to   space 4480K,   0% used [0x065b0000, 0x065b0000, 0x06a10000)
 tenured generation   total 90076K, used 60533K [0x19350000, 0x1eb47000, 0x43e00000)
   the space 90076K,  67% used [0x19350000, 0x1ce6d450, 0x1ce6d600, 0x1eb47000)
 Metaspace       used 3550K, capacity 3598K, committed 3648K, reserved 4480K
}
Event: 2.299 GC heap before
{Heap before GC invocations=47 (full 4):
 def new generation   total 40640K, used 40640K [0x03e00000, 0x06a10000, 0x19350000)
  eden space 36160K, 100% used [0x03e00000, 0x06150000, 0x06150000)
  from space 4480K, 100% used [0x06150000, 0x065b0000, 0x065b0000)
  to   space 4480K,   0% used [0x065b0000, 0x065b0000, 0x06a10000)
 tenured generation   total 90076K, used 60533K [0x19350000, 0x1eb47000, 0x43e00000)
   the space 90076K,  67% used [0x19350000, 0x1ce6d450, 0x1ce6d600, 0x1eb47000)
 Metaspace       used 3550K, capacity 3598K, committed 3648K, reserved 4480K

Deoptimization events (0 events):
No events

Internal exceptions (5 events):
Event: 0.028 Thread 0x005ebc00 Exception <a 'java/lang/NoSuchMethodError': Method sun.misc.Unsafe.defineClass(Ljava/lang/String;[BII)Ljava/lang/Class; name or signature does not match> (0x03e06ea8) thrown at [C:\re\workspace\8-2-build-windows-i586-cygwin\jdk8u101\7261\hotspot\src\share\ BcfJ•œ?
Event: 0.028 Thread 0x005ebc00 Exception <a 'java/lang/NoSuchMethodError': Method sun.misc.Unsafe.prefetchRead(Ljava/lang/Object;J)V name or signature does not match> (0x03e07178) thrown at [C:\re\workspace\8-2-build-windows-i586-cygwin\jdk8u101\7261\hotspot\src\share\vm\prims\jni.cpp, ‡,¿˜¹–ð?
Event: 1.037 Thread 0x44648c00 Exception <a 'java/lang/ArrayIndexOutOfBoundsException': 18> (0x041b5a80) thrown at [C:\re\workspace\8-2-build-windows-i586-cygwin\jdk8u101\7261\hotspot\src\share\vm\interpreter\interpreterRuntime.cpp, line 366]
Event: 1.037 Thread 0x44648c00 Exception <a 'java/lang/ArrayIndexOutOfBoundsException': 145> (0x041b7320) thrown at [C:\re\workspace\8-2-build-windows-i586-cygwin\jdk8u101\7261\hotspot\src\share\vm\interpreter\interpreterRuntime.cpp, line 366]
Event: 1.038 Thread 0x44648c00 Exception <a 'java/lang/ArrayIndexOutOfBoundsException': 40> (0x0420dca0) thrown at [C:\re\workspace\8-2-build-windows-i586-cygwin\jdk8u101\7261\hotspot\src\share\vm\interpreter\interpreterRuntime.cpp, line 366]

Events (10 events):
Event: 1.807 Executing VM operation: GenCollectForAllocation done
Event: 1.857 Executing VM operation: GenCollectForAllocation
Event: 1.871 Executing VM operation: GenCollectForAllocation done
Event: 1.907 Executing VM operation: GenCollectForAllocation
Event: 2.076 Executing VM operation: GenCollectForAllocation done
Event: 2.137 Executing VM operation: GenCollectForAllocation
Event: 2.155 Executing VM operation: GenCollectForAllocation done
Event: 2.214 Executing VM operation: GenCollectForAllocation
Event: 2.235 Executing VM operation: GenCollectForAllocation done
Event: 2.299 Executing VM operation: GenCollectForAllocation


Dynamic libraries:
0x00de0000 - 0x00e13000 	C:\Program Files\Java\jdk1.8.0_101\bin\java.exe
0x778f0000 - 0x77a2c000 	C:\Windows\SYSTEM32\ntdll.dll
0x761c0000 - 0x76294000 	C:\Windows\system32\kernel32.dll
0x75be0000 - 0x75c2a000 	C:\Windows\system32\KERNELBASE.dll
0x75e50000 - 0x75ef0000 	C:\Windows\system32\ADVAPI32.dll
0x75da0000 - 0x75e4c000 	C:\Windows\system32\msvcrt.dll
0x77a30000 - 0x77a49000 	C:\Windows\SYSTEM32\sechost.dll
0x76500000 - 0x765a1000 	C:\Windows\system32\RPCRT4.dll
0x76080000 - 0x76149000 	C:\Windows\system32\USER32.dll
0x76af0000 - 0x76b3e000 	C:\Windows\system32\GDI32.dll
0x77a50000 - 0x77a5a000 	C:\Windows\system32\LPK.dll
0x77a80000 - 0x77b1d000 	C:\Windows\system32\USP10.dll
0x747b0000 - 0x7494e000 	C:\Windows\WinSxS\x86_microsoft.windows.common-controls_6595b64144ccf1df_6.0.7600.16385_none_421189da2b7fabfc\COMCTL32.dll
0x76150000 - 0x761a7000 	C:\Windows\system32\SHLWAPI.dll
0x765b0000 - 0x765cf000 	C:\Windows\system32\IMM32.DLL
0x75ef0000 - 0x75fbc000 	C:\Windows\system32\MSCTF.dll
0x651d0000 - 0x6528f000 	C:\Program Files\Java\jdk1.8.0_101\jre\bin\msvcr100.dll
0x64e00000 - 0x651cc000 	C:\Program Files\Java\jdk1.8.0_101\jre\bin\client\jvm.dll
0x70f60000 - 0x70f67000 	C:\Windows\system32\WSOCK32.dll
0x763e0000 - 0x76415000 	C:\Windows\system32\WS2_32.dll
0x761b0000 - 0x761b6000 	C:\Windows\system32\NSI.dll
0x71540000 - 0x71572000 	C:\Windows\system32\WINMM.dll
0x74d80000 - 0x74d89000 	C:\Windows\system32\VERSION.dll
0x77a70000 - 0x77a75000 	C:\Windows\system32\PSAPI.DLL
0x73320000 - 0x7332c000 	C:\Program Files\Java\jdk1.8.0_101\jre\bin\verify.dll
0x65560000 - 0x65581000 	C:\Program Files\Java\jdk1.8.0_101\jre\bin\java.dll
0x65540000 - 0x65553000 	C:\Program Files\Java\jdk1.8.0_101\jre\bin\zip.dll
0x76ca0000 - 0x778e9000 	C:\Windows\system32\SHELL32.dll
0x76b40000 - 0x76c9c000 	C:\Windows\system32\ole32.dll
0x75a40000 - 0x75a4b000 	C:\Windows\system32\profapi.dll
0x73760000 - 0x7384b000 	C:\Windows\system32\dbghelp.dll

VM Arguments:
jvm_args: -Djava.awt.headless=true -Xmx1024M -Dfile.encoding=windows-1252 -Duser.country=US -Duser.language=en -Duser.variant 
java_command: com.android.dx.command.Main --dex --num-threads=4 --multi-dex --main-dex-list E:\SandeepProjectResources\MobipugNew\MobipugSource\app\build\intermediates\multi-dex\debug\maindexlist.txt --output E:\SandeepProjectResources\MobipugNew\MobipugSource\app\build\intermediates\transforms\dex\debug\folders\1000\1f\main E:\SandeepProjectResources\MobipugNew\MobipugSource\app\build\intermediates\transforms\jarMerging\debug\jars\1\1f\combined.jar
java_class_path (initial): C:\Users\android-4\AppData\Local\Android\Sdk\build-tools\26.0.2\lib\dx.jar
Launcher Type: SUN_STANDARD

Environment Variables:
PATH=C:\ProgramData\Oracle\Java\javapath;C:\Windows\system32;C:\Windows;C:\Windows\System32\Wbem;C:\Windows\System32\WindowsPowerShell\v1.0\;C:\Program Files\Intel\OpenCL SDK\2.0\bin\x86;C:\Program Files\Skype\Phone\
USERNAME=android-4
OS=Windows_NT
PROCESSOR_IDENTIFIER=x86 Family 6 Model 42 Stepping 7, GenuineIntel



---------------  S Y S T E M  ---------------

OS: Windows 7 Build 7600 (6.1.7600.16385)

CPU:total 4 (2 cores per cpu, 2 threads per core) family 6 model 42 stepping 7, cmov, cx8, fxsr, mmx, sse, sse2, sse3, ssse3, sse4.1, sse4.2, popcnt, clmul, ht, tsc, tscinvbit

Memory: 4k page, physical 3578328k(658320k free), swap 24056564k(19484012k free)

vm_info: Java HotSpot(TM) Client VM (25.101-b13) for windows-x86 JRE (1.8.0_101-b13), built on Jun 22 2016 00:45:44 by "java_re" with MS VC++ 10.0 (VS2010)

time: Mon Oct 22 16:49:42 2018
elapsed time: 2 seconds (0d 0h 0m 2s)

