#
# A fatal error has been detected by the Java Runtime Environment:
#
#  EXCEPTION_ACCESS_VIOLATION (0xc0000005) at pc=0x000026b4, pid=4188, tid=0x00001148
#
# JRE version: Java(TM) SE Runtime Environment (8.0_101-b13) (build 1.8.0_101-b13)
# Java VM: Java HotSpot(TM) Client VM (25.101-b13 mixed mode windows-x86 )
# Problematic frame:
# C  0x000026b4
#
# Failed to write core dump. Minidumps are not enabled by default on client versions of Windows
#
# If you would like to submit a bug report, please visit:
#   http://bugreport.java.com/bugreport/crash.jsp
#

---------------  T H R E A D  ---------------

Current thread (0x443ea800):  VMThread [stack: 0x01320000,0x01370000] [id=4424]

siginfo: ExceptionCode=0xc0000005, ExceptionInformation=0x00000008 0x000026b4

Registers:
EAX=0x000026b4, EBX=0x445acd24, ECX=0x441f21c8, EDX=0x27000726
ESP=0x0136ee8c, EBP=0x0136eea8, ESI=0x445acd20, EDI=0x506894cc
EIP=0x000026b4, EFLAGS=0x00010202

Top of Stack: (sp=0x0136ee8c)
0x0136ee8c:   504d4db1 2db7e0d8 506894cc 445acd20
0x0136ee9c:   445acd24 506894cc 445acd20 0136eeb4
0x0136eeac:   504d4fac 00000003 0136eed0 5047883a
0x0136eebc:   445acd20 445ac800 506894cc 00000000
0x0136eecc:   445ad900 0136f0b8 50499eef 506894cc
0x0136eedc:   00000001 445ac800 00000000 00000118
0x0136eeec:   00000000 00000000 0136f144 0136ef6c
0x0136eefc:   26150030 0136f130 506894f0 0136f1b4 

Instructions: (pc=0x000026b4)
0x00002694:   
[error occurred during error reporting (printing registers, top of stack, instructions near pc), id 0xc0000005]

Register to memory mapping:

EAX=0x000026b4 is an unknown value
EBX=0x445acd24 is an unknown value
ECX=0x441f21c8 is pointing into metadata
EDX=0x27000726 is pointing into object: 0x27000718
com.android.dx.rop.code.ThrowingCstInsn 
 - klass: 'com/android/dx/rop/code/ThrowingCstInsn'
ESP=0x0136ee8c is an unknown value
EBP=0x0136eea8 is an unknown value
ESI=0x445acd20 is an unknown value
EDI=0x506894cc is an unknown value


Stack: [0x01320000,0x01370000],  sp=0x0136ee8c,  free space=315k
Native frames: (J=compiled Java code, j=interpreted, Vv=VM code, C=native code)
C  0x000026b4
V  [jvm.dll+0x1b4fac]
V  [jvm.dll+0x15883a]
V  [jvm.dll+0x179eef]
V  [jvm.dll+0x1789ea]
V  [jvm.dll+0x97fb0]
V  [jvm.dll+0x992a1]
V  [jvm.dll+0x9b020]
V  [jvm.dll+0x9b489]
V  [jvm.dll+0x9a27f]
V  [jvm.dll+0xa64b2]
V  [jvm.dll+0x98e73]
V  [jvm.dll+0x92e25]
V  [jvm.dll+0x1b81c6]
V  [jvm.dll+0x18292b]
V  [jvm.dll+0x181d31]
V  [jvm.dll+0x182147]
V  [jvm.dll+0x182342]
V  [jvm.dll+0x1c1ed6]
C  [msvcr100.dll+0x5c556]
C  [msvcr100.dll+0x5c600]
C  [kernel32.dll+0x51174]
C  [ntdll.dll+0x5b3f5]
C  [ntdll.dll+0x5b3c8]

VM_Operation (0x44abe524): GenCollectForAllocation, mode: safepoint, requested by thread 0x445ab800


---------------  P R O C E S S  ---------------

Java Threads: ( => current thread )
  0x445ac800 JavaThread "pool-2-thread-4" [_thread_blocked, id=5132, stack(0x44c20000,0x44c70000)]
  0x445ab800 JavaThread "pool-2-thread-3" [_thread_blocked, id=668, stack(0x44a70000,0x44ac0000)]
  0x445aa800 JavaThread "pool-2-thread-2" [_thread_blocked, id=5392, stack(0x44b80000,0x44bd0000)]
  0x44589000 JavaThread "pool-3-thread-1" [_thread_blocked, id=5448, stack(0x01150000,0x011a0000)]
  0x44582c00 JavaThread "pool-2-thread-1" [_thread_blocked, id=4448, stack(0x44af0000,0x44b40000)]
  0x4444dc00 JavaThread "Service Thread" daemon [_thread_blocked, id=3380, stack(0x44720000,0x44770000)]
  0x4443a000 JavaThread "C1 CompilerThread0" daemon [_thread_blocked, id=4808, stack(0x44850000,0x448a0000)]
  0x44439000 JavaThread "Attach Listener" daemon [_thread_blocked, id=5588, stack(0x447e0000,0x44830000)]
  0x44436000 JavaThread "Signal Dispatcher" daemon [_thread_blocked, id=5788, stack(0x44770000,0x447c0000)]
  0x44416c00 JavaThread "Finalizer" daemon [_thread_blocked, id=5988, stack(0x01250000,0x012a0000)]
  0x443f0400 JavaThread "Reference Handler" daemon [_thread_blocked, id=5020, stack(0x446b0000,0x44700000)]
  0x0114bc00 JavaThread "main" [_thread_blocked, id=3912, stack(0x011e0000,0x01230000)]

Other Threads:
=>0x443ea800 VMThread [stack: 0x01320000,0x01370000] [id=4424]
  0x4442f400 WatcherThread [stack: 0x449e0000,0x44a30000] [id=4564]

VM state:at safepoint (normal execution)

VM Mutex/Monitor currently owned by a thread:  ([mutex/lock_event])
[0x0114a230] Threads_lock - owner thread: 0x443ea800
[0x0114a640] Heap_lock - owner thread: 0x445ab800

Heap:
 def new generation   total 314560K, used 279616K [0x03c00000, 0x19150000, 0x19150000)
  eden space 279616K, 100% used [0x03c00000, 0x14d10000, 0x14d10000)
  from space 34944K,   0% used [0x16f30000, 0x16f30000, 0x19150000)
  to   space 34944K,   0% used [0x14d10000, 0x14d10000, 0x16f30000)
 tenured generation   total 699072K, used 629955K [0x19150000, 0x43c00000, 0x43c00000)
   the space 699072K,  90% used [0x19150000, 0x3f880c68, 0x3f880e00, 0x43c00000)
 Metaspace       used 3550K, capacity 3598K, committed 3648K, reserved 4480K

Card table byte_map: [0x43c00000,0x43e10000] byte_map_base: 0x43be2000

Polling page: 0x01080000

CodeCache: size=32768Kb used=3720Kb max_used=3720Kb free=29047Kb
 bounds [0x01bc0000, 0x01f68000, 0x03bc0000]
 total_blobs=1907 nmethods=1760 adapters=77
 compilation: enabled

Compilation events (10 events):
Event: 16.132 Thread 0x4443a000 1758             java.util.HashMap$TreeNode::putTreeVal (314 bytes)
Event: 16.133 Thread 0x4443a000 nmethod 1758 0x01f5c548 code [0x01f5c6e0, 0x01f5cb7c]
Event: 16.204 Thread 0x4443a000 1759             com.android.dx.ssa.back.FirstFitLocalCombiningAllocator::ssaSetToSpecs (57 bytes)
Event: 16.204 Thread 0x4443a000 nmethod 1759 0x01f5d108 code [0x01f5d2a0, 0x01f5d68c]
Event: 26.623 Thread 0x4443a000 1760 %           com.android.dx.cf.direct.ClassPathOpener::processArchive @ 141 (221 bytes)
Event: 26.624 Thread 0x4443a000 nmethod 1760% 0x01f5dd48 code [0x01f5dfc0, 0x01f5eef0]
Event: 29.745 Thread 0x4443a000 1761             java.util.HashMap$TreeNode::split (218 bytes)
Event: 29.745 Thread 0x4443a000 nmethod 1761 0x01f60008 code [0x01f60180, 0x01f60680]
Event: 30.543 Thread 0x4443a000 1762 % !         java.util.concurrent.ThreadPoolExecutor::runWorker @ 21 (225 bytes)
Event: 30.544 Thread 0x4443a000 nmethod 1762% 0x01f60e48 code [0x01f61040, 0x01f617a4]

GC Heap History (10 events):
Event: 16.078 GC heap after
Heap after GC invocations=101 (full 8):
 def new generation   total 314560K, used 34944K [0x03c00000, 0x19150000, 0x19150000)
  eden space 279616K,   0% used [0x03c00000, 0x03c00000, 0x14d10000)
  from space 34944K, 100% used [0x14d10000, 0x16f30000, 0x16f30000)
  to   space 34944K,   0% used [0x16f30000, 0x16f30000, 0x19150000)
 tenured generation   total 699072K, used 644885K [0x19150000, 0x43c00000, 0x43c00000)
   the space 699072K,  92% used [0x19150000, 0x40715480, 0x40715600, 0x43c00000)
 Metaspace       used 3550K, capacity 3598K, committed 3648K, reserved 4480K
}
Event: 16.852 GC heap before
{Heap before GC invocations=101 (full 8):
 def new generation   total 314560K, used 314560K [0x03c00000, 0x19150000, 0x19150000)
  eden space 279616K, 100% used [0x03c00000, 0x14d10000, 0x14d10000)
  from space 34944K, 100% used [0x14d10000, 0x16f30000, 0x16f30000)
  to   space 34944K,   0% used [0x16f30000, 0x16f30000, 0x19150000)
 tenured generation   total 699072K, used 644885K [0x19150000, 0x43c00000, 0x43c00000)
   the space 699072K,  92% used [0x19150000, 0x40715480, 0x40715600, 0x43c00000)
 Metaspace       used 3550K, capacity 3598K, committed 3648K, reserved 4480K
Event: 18.263 GC heap after
Heap after GC invocations=102 (full 9):
 def new generation   total 314560K, used 0K [0x03c00000, 0x19150000, 0x19150000)
  eden space 279616K,   0% used [0x03c00000, 0x03c00000, 0x14d10000)
  from space 34944K,   0% used [0x14d10000, 0x14d10000, 0x16f30000)
  to   space 34944K,   0% used [0x16f30000, 0x16f30000, 0x19150000)
 tenured generation   total 699072K, used 627467K [0x19150000, 0x43c00000, 0x43c00000)
   the space 699072K,  89% used [0x19150000, 0x3f612fd0, 0x3f613000, 0x43c00000)
 Metaspace       used 3550K, capacity 3598K, committed 3648K, reserved 4480K
}
Event: 20.003 GC heap before
{Heap before GC invocations=102 (full 9):
 def new generation   total 314560K, used 279616K [0x03c00000, 0x19150000, 0x19150000)
  eden space 279616K, 100% used [0x03c00000, 0x14d10000, 0x14d10000)
  from space 34944K,   0% used [0x14d10000, 0x14d10000, 0x16f30000)
  to   space 34944K,   0% used [0x16f30000, 0x16f30000, 0x19150000)
 tenured generation   total 699072K, used 627467K [0x19150000, 0x43c00000, 0x43c00000)
   the space 699072K,  89% used [0x19150000, 0x3f612fd0, 0x3f613000, 0x43c00000)
 Metaspace       used 3550K, capacity 3598K, committed 3648K, reserved 4480K
Event: 21.725 GC heap after
Heap after GC invocations=103 (full 10):
 def new generation   total 314560K, used 15352K [0x03c00000, 0x19150000, 0x19150000)
  eden space 279616K,   5% used [0x03c00000, 0x04afe120, 0x14d10000)
  from space 34944K,   0% used [0x16f30000, 0x16f30000, 0x19150000)
  to   space 34944K,   0% used [0x14d10000, 0x14d10000, 0x16f30000)
 tenured generation   total 699072K, used 699071K [0x19150000, 0x43c00000, 0x43c00000)
   the space 699072K,  99% used [0x19150000, 0x43bffd20, 0x43bffe00, 0x43c00000)
 Metaspace       used 3550K, capacity 3598K, committed 3648K, reserved 4480K
}
Event: 24.384 GC heap before
{Heap before GC invocations=103 (full 10):
 def new generation   total 314560K, used 314559K [0x03c00000, 0x19150000, 0x19150000)
  eden space 279616K, 100% used [0x03c00000, 0x14d10000, 0x14d10000)
  from space 34944K,  99% used [0x16f30000, 0x1914fff8, 0x19150000)
  to   space 34944K,   0% used [0x14d10000, 0x14d10000, 0x16f30000)
 tenured generation   total 699072K, used 699071K [0x19150000, 0x43c00000, 0x43c00000)
   the space 699072K,  99% used [0x19150000, 0x43bffff8, 0x43c00000, 0x43c00000)
 Metaspace       used 3550K, capacity 3598K, committed 3648K, reserved 4480K
Event: 25.921 GC heap after
Heap after GC invocations=104 (full 11):
 def new generation   total 314560K, used 0K [0x03c00000, 0x19150000, 0x19150000)
  eden space 279616K,   0% used [0x03c00000, 0x03c00000, 0x14d10000)
  from space 34944K,   0% used [0x16f30000, 0x16f30000, 0x19150000)
  to   space 34944K,   0% used [0x14d10000, 0x14d10000, 0x16f30000)
 tenured generation   total 699072K, used 676694K [0x19150000, 0x43c00000, 0x43c00000)
   the space 699072K,  96% used [0x19150000, 0x42625998, 0x42625a00, 0x43c00000)
 Metaspace       used 3550K, capacity 3598K, committed 3648K, reserved 4480K
}
Event: 27.123 GC heap before
{Heap before GC invocations=104 (full 11):
 def new generation   total 314560K, used 279616K [0x03c00000, 0x19150000, 0x19150000)
  eden space 279616K, 100% used [0x03c00000, 0x14d10000, 0x14d10000)
  from space 34944K,   0% used [0x16f30000, 0x16f30000, 0x19150000)
  to   space 34944K,   0% used [0x14d10000, 0x14d10000, 0x16f30000)
 tenured generation   total 699072K, used 676694K [0x19150000, 0x43c00000, 0x43c00000)
   the space 699072K,  96% used [0x19150000, 0x42625998, 0x42625a00, 0x43c00000)
 Metaspace       used 3550K, capacity 3598K, committed 3648K, reserved 4480K
Event: 29.055 GC heap after
Heap after GC invocations=105 (full 12):
 def new generation   total 314560K, used 0K [0x03c00000, 0x19150000, 0x19150000)
  eden space 279616K,   0% used [0x03c00000, 0x03c00000, 0x14d10000)
  from space 34944K,   0% used [0x16f30000, 0x16f30000, 0x19150000)
  to   space 34944K,   0% used [0x14d10000, 0x14d10000, 0x16f30000)
 tenured generation   total 699072K, used 629955K [0x19150000, 0x43c00000, 0x43c00000)
   the space 699072K,  90% used [0x19150000, 0x3f880c68, 0x3f880e00, 0x43c00000)
 Metaspace       used 3550K, capacity 3598K, committed 3648K, reserved 4480K
}
Event: 32.071 GC heap before
{Heap before GC invocations=105 (full 12):
 def new generation   total 314560K, used 279616K [0x03c00000, 0x19150000, 0x19150000)
  eden space 279616K, 100% used [0x03c00000, 0x14d10000, 0x14d10000)
  from space 34944K,   0% used [0x16f30000, 0x16f30000, 0x19150000)
  to   space 34944K,   0% used [0x14d10000, 0x14d10000, 0x16f30000)
 tenured generation   total 699072K, used 629955K [0x19150000, 0x43c00000, 0x43c00000)
   the space 699072K,  90% used [0x19150000, 0x3f880c68, 0x3f880e00, 0x43c00000)
 Metaspace       used 3550K, capacity 3598K, committed 3648K, reserved 4480K

Deoptimization events (0 events):
No events

Internal exceptions (5 events):
Event: 0.032 Thread 0x0114bc00 Exception <a 'java/lang/NoSuchMethodError': Method sun.misc.Unsafe.defineClass(Ljava/lang/String;[BII)Ljava/lang/Class; name or signature does not match> (0x03c06ea8) thrown at [C:\re\workspace\8-2-build-windows-i586-cygwin\jdk8u101\7261\hotspot\src\share\sÅuI¬z†?
Event: 0.032 Thread 0x0114bc00 Exception <a 'java/lang/NoSuchMethodError': Method sun.misc.Unsafe.prefetchRead(Ljava/lang/Object;J)V name or signature does not match> (0x03c07178) thrown at [C:\re\workspace\8-2-build-windows-i586-cygwin\jdk8u101\7261\hotspot\src\share\vm\prims\jni.cpp, PÆÁæ—Î?
Event: 0.847 Thread 0x445ac800 Exception <a 'java/lang/ArrayIndexOutOfBoundsException': 18> (0x04012bd8) thrown at [C:\re\workspace\8-2-build-windows-i586-cygwin\jdk8u101\7261\hotspot\src\share\vm\interpreter\interpreterRuntime.cpp, line 366]
Event: 0.847 Thread 0x445ac800 Exception <a 'java/lang/ArrayIndexOutOfBoundsException': 145> (0x04014478) thrown at [C:\re\workspace\8-2-build-windows-i586-cygwin\jdk8u101\7261\hotspot\src\share\vm\interpreter\interpreterRuntime.cpp, line 366]
Event: 0.847 Thread 0x445ac800 Exception <a 'java/lang/ArrayIndexOutOfBoundsException': 40> (0x04015558) thrown at [C:\re\workspace\8-2-build-windows-i586-cygwin\jdk8u101\7261\hotspot\src\share\vm\interpreter\interpreterRuntime.cpp, line 366]

Events (10 events):
Event: 16.078 Executing VM operation: GenCollectForAllocation done
Event: 16.852 Executing VM operation: GenCollectForAllocation
Event: 18.263 Executing VM operation: GenCollectForAllocation done
Event: 20.003 Executing VM operation: GenCollectForAllocation
Event: 21.725 Executing VM operation: GenCollectForAllocation done
Event: 24.384 Executing VM operation: GenCollectForAllocation
Event: 25.921 Executing VM operation: GenCollectForAllocation done
Event: 27.123 Executing VM operation: GenCollectForAllocation
Event: 29.055 Executing VM operation: GenCollectForAllocation done
Event: 32.071 Executing VM operation: GenCollectForAllocation


Dynamic libraries:
0x013b0000 - 0x013e3000 	C:\Program Files\Java\jdk1.8.0_101\bin\java.exe
0x77b90000 - 0x77ccc000 	C:\Windows\SYSTEM32\ntdll.dll
0x760c0000 - 0x76194000 	C:\Windows\system32\kernel32.dll
0x75d60000 - 0x75daa000 	C:\Windows\system32\KERNELBASE.dll
0x76440000 - 0x764e0000 	C:\Windows\system32\ADVAPI32.dll
0x76870000 - 0x7691c000 	C:\Windows\system32\msvcrt.dll
0x77940000 - 0x77959000 	C:\Windows\SYSTEM32\sechost.dll
0x76270000 - 0x76311000 	C:\Windows\system32\RPCRT4.dll
0x77960000 - 0x77a29000 	C:\Windows\system32\USER32.dll
0x75fe0000 - 0x7602e000 	C:\Windows\system32\GDI32.dll
0x76920000 - 0x7692a000 	C:\Windows\system32\LPK.dll
0x761d0000 - 0x7626d000 	C:\Windows\system32\USP10.dll
0x749f0000 - 0x74b8e000 	C:\Windows\WinSxS\x86_microsoft.windows.common-controls_6595b64144ccf1df_6.0.7600.16385_none_421189da2b7fabfc\COMCTL32.dll
0x76730000 - 0x76787000 	C:\Windows\system32\SHLWAPI.dll
0x76320000 - 0x7633f000 	C:\Windows\system32\IMM32.DLL
0x76790000 - 0x7685c000 	C:\Windows\system32\MSCTF.dll
0x69820000 - 0x698df000 	C:\Program Files\Java\jdk1.8.0_101\jre\bin\msvcr100.dll
0x50320000 - 0x506ec000 	C:\Program Files\Java\jdk1.8.0_101\jre\bin\client\jvm.dll
0x71290000 - 0x71297000 	C:\Windows\system32\WSOCK32.dll
0x77cd0000 - 0x77d05000 	C:\Windows\system32\WS2_32.dll
0x76860000 - 0x76866000 	C:\Windows\system32\NSI.dll
0x71490000 - 0x714c2000 	C:\Windows\system32\WINMM.dll
0x75020000 - 0x75029000 	C:\Windows\system32\VERSION.dll
0x77da0000 - 0x77da5000 	C:\Windows\system32\PSAPI.DLL
0x62550000 - 0x6255c000 	C:\Program Files\Java\jdk1.8.0_101\jre\bin\verify.dll
0x62520000 - 0x62541000 	C:\Program Files\Java\jdk1.8.0_101\jre\bin\java.dll
0x62500000 - 0x62513000 	C:\Program Files\Java\jdk1.8.0_101\jre\bin\zip.dll
0x76a70000 - 0x776b9000 	C:\Windows\system32\SHELL32.dll
0x77a30000 - 0x77b8c000 	C:\Windows\system32\ole32.dll
0x75ce0000 - 0x75ceb000 	C:\Windows\system32\profapi.dll
0x739f0000 - 0x73adb000 	C:\Windows\system32\dbghelp.dll

VM Arguments:
jvm_args: -Djava.awt.headless=true -Xmx1024M -Dfile.encoding=windows-1252 -Duser.country=US -Duser.language=en -Duser.variant 
java_command: com.android.dx.command.Main --dex --num-threads=4 --multi-dex --main-dex-list E:\SandeepProjectResources\MobipugNew\Mobipug27.10.18\MobipugSource\app\build\intermediates\multi-dex\debug\maindexlist.txt --output E:\SandeepProjectResources\MobipugNew\Mobipug27.10.18\MobipugSource\app\build\intermediates\transforms\dex\debug\folders\1000\1f\main E:\SandeepProjectResources\MobipugNew\Mobipug27.10.18\MobipugSource\app\build\intermediates\transforms\jarMerging\debug\jars\1\1f\combined.jar
java_class_path (initial): C:\Users\android-4\AppData\Local\Android\Sdk\build-tools\26.0.2\lib\dx.jar
Launcher Type: SUN_STANDARD

Environment Variables:
PATH=C:\ProgramData\Oracle\Java\javapath;C:\Windows\system32;C:\Windows;C:\Windows\System32\Wbem;C:\Windows\System32\WindowsPowerShell\v1.0\;C:\Program Files\Intel\OpenCL SDK\2.0\bin\x86;C:\Program Files\Skype\Phone\
USERNAME=android-4
OS=Windows_NT
PROCESSOR_IDENTIFIER=x86 Family 6 Model 42 Stepping 7, GenuineIntel



---------------  S Y S T E M  ---------------

OS: Windows 7 Build 7600 (6.1.7600.16385)

CPU:total 4 (2 cores per cpu, 2 threads per core) family 6 model 42 stepping 7, cmov, cx8, fxsr, mmx, sse, sse2, sse3, ssse3, sse4.1, sse4.2, popcnt, clmul, ht, tsc, tscinvbit

Memory: 4k page, physical 3578328k(156720k free), swap 24056564k(18836664k free)

vm_info: Java HotSpot(TM) Client VM (25.101-b13) for windows-x86 JRE (1.8.0_101-b13), built on Jun 22 2016 00:45:44 by "java_re" with MS VC++ 10.0 (VS2010)

time: Thu Nov 08 18:49:39 2018
elapsed time: 32 seconds (0d 0h 0m 32s)

