#
# A fatal error has been detected by the Java Runtime Environment:
#
#  EXCEPTION_ACCESS_VIOLATION (0xc0000005) at pc=0x6cd84da9, pid=4860, tid=0x000016fc
#
# JRE version: Java(TM) SE Runtime Environment (8.0_101-b13) (build 1.8.0_101-b13)
# Java VM: Java HotSpot(TM) Client VM (25.101-b13 mixed mode windows-x86 )
# Problematic frame:
# V  [jvm.dll+0x1b4da9]
#
# Failed to write core dump. Minidumps are not enabled by default on client versions of Windows
#
# If you would like to submit a bug report, please visit:
#   http://bugreport.java.com/bugreport/crash.jsp
#

---------------  T H R E A D  ---------------

Current thread (0x443ea800):  VMThread [stack: 0x017f0000,0x01840000] [id=5884]

siginfo: ExceptionCode=0xc0000005, reading address 0x0000008b

Registers:
EAX=0x196da8f0, EBX=0x44598f4c, ECX=0x196de098, EDX=0x00000003
ESP=0x0183f3f0, EBP=0x0183f408, ESI=0x44598f48, EDI=0x6cf394cc
EIP=0x6cd84da9, EFLAGS=0x00010202

Top of Stack: (sp=0x0183f3f0)
0x0183f3f0:   196da8f0 6cf394cc 44598f48 44598f4c
0x0183f400:   6cf394cc 44598f48 0183f414 6cd84fac
0x0183f410:   00000003 0183f430 6cd2883a 44598f48
0x0183f420:   44598000 6cf394cc 00000000 44594c58
0x0183f430:   0183f618 6cd49eef 6cf394cc 00000002
0x0183f440:   44598000 00000000 00000000 00000000
0x0183f450:   00000000 0183f6a4 0183f4cc 00000012
0x0183f460:   0183f690 6cf394f0 0183f714 ffffffff 

Instructions: (pc=0x6cd84da9)
0x6cd84d89:   23 f0 29 35 50 94 f3 6c a3 4c 94 f3 6c 8b c7 eb
0x6cd84d99:   09 48 a3 4c 94 f3 6c 8b 04 81 8b 48 04 8b 11 50
0x6cd84da9:   8b 82 88 00 00 00 ff d0 8b 0d 58 94 f3 6c 85 c9
0x6cd84db9:   0f 85 51 ff ff ff a1 7c 94 f3 6c 85 c0 0f 84 b8 


Register to memory mapping:

EAX=0x196da8f0 is pointing into object: 0x196da8e0
com.android.dx.rop.cst.CstMethodRef 
 - klass: 'com/android/dx/rop/cst/CstMethodRef'
EBX=0x44598f4c is an unknown value
ECX=0x196de098 is an oop
com.android.dx.rop.type.Prototype 
 - klass: 'com/android/dx/rop/type/Prototype'
EDX=0x00000003 is an unknown value
ESP=0x0183f3f0 is an unknown value
EBP=0x0183f408 is an unknown value
ESI=0x44598f48 is an unknown value
EDI=0x6cf394cc is an unknown value


Stack: [0x017f0000,0x01840000],  sp=0x0183f3f0,  free space=316k
Native frames: (J=compiled Java code, j=interpreted, Vv=VM code, C=native code)
V  [jvm.dll+0x1b4da9]
V  [jvm.dll+0x1b4fac]
V  [jvm.dll+0x15883a]
V  [jvm.dll+0x179eef]
V  [jvm.dll+0x1789ea]
V  [jvm.dll+0x97fb0]
V  [jvm.dll+0x992a1]
V  [jvm.dll+0x9b020]
V  [jvm.dll+0x9b489]
V  [jvm.dll+0x9a27f]
V  [jvm.dll+0xa64b2]
V  [jvm.dll+0x98e73]
V  [jvm.dll+0x92e25]
V  [jvm.dll+0x1b81c6]
V  [jvm.dll+0x18292b]
V  [jvm.dll+0x181d31]
V  [jvm.dll+0x182147]
V  [jvm.dll+0x182342]
V  [jvm.dll+0x1c1ed6]
C  [msvcr100.dll+0x5c556]
C  [msvcr100.dll+0x5c600]
C  [kernel32.dll+0x51174]
C  [ntdll.dll+0x5b3f5]
C  [ntdll.dll+0x5b3c8]

VM_Operation (0x44bfebd4): GenCollectForAllocation, mode: safepoint, requested by thread 0x44598000


---------------  P R O C E S S  ---------------

Java Threads: ( => current thread )
  0x44598000 JavaThread "pool-2-thread-4" [_thread_blocked, id=3192, stack(0x44bb0000,0x44c00000)]
  0x4459a400 JavaThread "pool-2-thread-3" [_thread_blocked, id=364, stack(0x44af0000,0x44b40000)]
  0x44599400 JavaThread "pool-2-thread-2" [_thread_blocked, id=1924, stack(0x44950000,0x449a0000)]
  0x44566400 JavaThread "pool-3-thread-1" [_thread_blocked, id=4084, stack(0x44a80000,0x44ad0000)]
  0x44560800 JavaThread "pool-2-thread-1" [_thread_blocked, id=1596, stack(0x447d0000,0x44820000)]
  0x4442e400 JavaThread "Service Thread" daemon [_thread_blocked, id=3088, stack(0x448e0000,0x44930000)]
  0x4443b000 JavaThread "C1 CompilerThread0" daemon [_thread_blocked, id=5904, stack(0x01840000,0x01890000)]
  0x4443a000 JavaThread "Attach Listener" daemon [_thread_blocked, id=5460, stack(0x44850000,0x448a0000)]
  0x44437000 JavaThread "Signal Dispatcher" daemon [_thread_blocked, id=5304, stack(0x44720000,0x44770000)]
  0x44416c00 JavaThread "Finalizer" daemon [_thread_blocked, id=5044, stack(0x445f0000,0x44640000)]
  0x443f0400 JavaThread "Reference Handler" daemon [_thread_blocked, id=2768, stack(0x00ab0000,0x00b00000)]
  0x0066bc00 JavaThread "main" [_thread_blocked, id=3272, stack(0x01790000,0x017e0000)]

Other Threads:
=>0x443ea800 VMThread [stack: 0x017f0000,0x01840000] [id=5884]
  0x44430000 WatcherThread [stack: 0x449b0000,0x44a00000] [id=4132]

VM state:at safepoint (normal execution)

VM Mutex/Monitor currently owned by a thread:  ([mutex/lock_event])
[0x0066a1d0] Threads_lock - owner thread: 0x443ea800
[0x0066a5e0] Heap_lock - owner thread: 0x44598000

Heap:
 def new generation   total 13824K, used 1472K [0x03c00000, 0x04af0000, 0x19150000)
  eden space 12352K,   0% used [0x03c00000, 0x03c00000, 0x04810000)
  from space 1472K, 100% used [0x04810000, 0x04980000, 0x04980000)
  to   space 1472K,   0% used [0x04980000, 0x04980000, 0x04af0000)
 tenured generation   total 32100K, used 31974K [0x19150000, 0x1b0a9000, 0x43c00000)
   the space 32100K,  99% used [0x19150000, 0x1b089a10, 0x1b089c00, 0x1b0a9000)
 Metaspace       used 3544K, capacity 3566K, committed 3648K, reserved 4480K

Card table byte_map: [0x43c00000,0x43e10000] byte_map_base: 0x43be2000

Polling page: 0x00270000

CodeCache: size=32768Kb used=2857Kb max_used=2857Kb free=29910Kb
 bounds [0x01bf0000, 0x01ec0000, 0x03bf0000]
 total_blobs=1410 nmethods=1263 adapters=77
 compilation: enabled

Compilation events (10 events):
Event: 1.183 Thread 0x4443b000 nmethod 1261 0x01eb84c8 code [0x01eb85c0, 0x01eb8650]
Event: 1.185 Thread 0x4443b000 1262             com.android.dx.ssa.back.FirstFitLocalCombiningAllocator::fitPlanForRange (250 bytes)
Event: 1.187 Thread 0x4443b000 nmethod 1262 0x01eb8688 code [0x01eb88a0, 0x01eb9018]
Event: 1.188 Thread 0x4443b000 1263             java.util.HashMap$EntryIterator::next (5 bytes)
Event: 1.188 Thread 0x4443b000 nmethod 1263 0x01eb9f48 code [0x01eba040, 0x01eba0cc]
Event: 1.189 Thread 0x4443b000 1264             java.util.HashMap$EntryIterator::next (5 bytes)
Event: 1.189 Thread 0x4443b000 nmethod 1264 0x01eba148 code [0x01eba240, 0x01eba2cc]
Event: 1.189 Thread 0x4443b000 1265             java.util.HashMap$Node::getValue (5 bytes)
Event: 1.189 Thread 0x4443b000 nmethod 1265 0x01eba348 code [0x01eba440, 0x01eba4c0]
Event: 1.200 Thread 0x4443b000 1266             com.android.dx.rop.annotation.Annotations::addAll (59 bytes)

GC Heap History (10 events):
Event: 1.055 GC heap after
Heap after GC invocations=30 (full 2):
 def new generation   total 13824K, used 1472K [0x03c00000, 0x04af0000, 0x19150000)
  eden space 12352K,   0% used [0x03c00000, 0x03c00000, 0x04810000)
  from space 1472K, 100% used [0x04980000, 0x04af0000, 0x04af0000)
  to   space 1472K,   0% used [0x04810000, 0x04810000, 0x04980000)
 tenured generation   total 30436K, used 22372K [0x19150000, 0x1af09000, 0x43c00000)
   the space 30436K,  73% used [0x19150000, 0x1a7292b0, 0x1a729400, 0x1af09000)
 Metaspace       used 3520K, capacity 3526K, committed 3648K, reserved 4480K
}
Event: 1.081 GC heap before
{Heap before GC invocations=30 (full 2):
 def new generation   total 13824K, used 13824K [0x03c00000, 0x04af0000, 0x19150000)
  eden space 12352K, 100% used [0x03c00000, 0x04810000, 0x04810000)
  from space 1472K, 100% used [0x04980000, 0x04af0000, 0x04af0000)
  to   space 1472K,   0% used [0x04810000, 0x04810000, 0x04980000)
 tenured generation   total 30436K, used 22372K [0x19150000, 0x1af09000, 0x43c00000)
   the space 30436K,  73% used [0x19150000, 0x1a7292b0, 0x1a729400, 0x1af09000)
 Metaspace       used 3520K, capacity 3526K, committed 3648K, reserved 4480K
Event: 1.090 GC heap after
Heap after GC invocations=31 (full 2):
 def new generation   total 13824K, used 1472K [0x03c00000, 0x04af0000, 0x19150000)
  eden space 12352K,   0% used [0x03c00000, 0x03c00000, 0x04810000)
  from space 1472K, 100% used [0x04810000, 0x04980000, 0x04980000)
  to   space 1472K,   0% used [0x04980000, 0x04980000, 0x04af0000)
 tenured generation   total 30436K, used 24236K [0x19150000, 0x1af09000, 0x43c00000)
   the space 30436K,  79% used [0x19150000, 0x1a8fb2a0, 0x1a8fb400, 0x1af09000)
 Metaspace       used 3520K, capacity 3526K, committed 3648K, reserved 4480K
}
Event: 1.110 GC heap before
{Heap before GC invocations=31 (full 2):
 def new generation   total 13824K, used 13824K [0x03c00000, 0x04af0000, 0x19150000)
  eden space 12352K, 100% used [0x03c00000, 0x04810000, 0x04810000)
  from space 1472K, 100% used [0x04810000, 0x04980000, 0x04980000)
  to   space 1472K,   0% used [0x04980000, 0x04980000, 0x04af0000)
 tenured generation   total 30436K, used 24236K [0x19150000, 0x1af09000, 0x43c00000)
   the space 30436K,  79% used [0x19150000, 0x1a8fb2a0, 0x1a8fb400, 0x1af09000)
 Metaspace       used 3520K, capacity 3526K, committed 3648K, reserved 4480K
Event: 1.118 GC heap after
Heap after GC invocations=32 (full 2):
 def new generation   total 13824K, used 1472K [0x03c00000, 0x04af0000, 0x19150000)
  eden space 12352K,   0% used [0x03c00000, 0x03c00000, 0x04810000)
  from space 1472K, 100% used [0x04980000, 0x04af0000, 0x04af0000)
  to   space 1472K,   0% used [0x04810000, 0x04810000, 0x04980000)
 tenured generation   total 30436K, used 26082K [0x19150000, 0x1af09000, 0x43c00000)
   the space 30436K,  85% used [0x19150000, 0x1aac8900, 0x1aac8a00, 0x1af09000)
 Metaspace       used 3520K, capacity 3526K, committed 3648K, reserved 4480K
}
Event: 1.139 GC heap before
{Heap before GC invocations=32 (full 2):
 def new generation   total 13824K, used 13824K [0x03c00000, 0x04af0000, 0x19150000)
  eden space 12352K, 100% used [0x03c00000, 0x04810000, 0x04810000)
  from space 1472K, 100% used [0x04980000, 0x04af0000, 0x04af0000)
  to   space 1472K,   0% used [0x04810000, 0x04810000, 0x04980000)
 tenured generation   total 30436K, used 26082K [0x19150000, 0x1af09000, 0x43c00000)
   the space 30436K,  85% used [0x19150000, 0x1aac8900, 0x1aac8a00, 0x1af09000)
 Metaspace       used 3520K, capacity 3526K, committed 3648K, reserved 4480K
Event: 1.148 GC heap after
Heap after GC invocations=33 (full 2):
 def new generation   total 13824K, used 1472K [0x03c00000, 0x04af0000, 0x19150000)
  eden space 12352K,   0% used [0x03c00000, 0x03c00000, 0x04810000)
  from space 1472K, 100% used [0x04810000, 0x04980000, 0x04980000)
  to   space 1472K,   0% used [0x04980000, 0x04980000, 0x04af0000)
 tenured generation   total 30436K, used 28117K [0x19150000, 0x1af09000, 0x43c00000)
   the space 30436K,  92% used [0x19150000, 0x1acc57a8, 0x1acc5800, 0x1af09000)
 Metaspace       used 3520K, capacity 3526K, committed 3648K, reserved 4480K
}
Event: 1.170 GC heap before
{Heap before GC invocations=33 (full 2):
 def new generation   total 13824K, used 13824K [0x03c00000, 0x04af0000, 0x19150000)
  eden space 12352K, 100% used [0x03c00000, 0x04810000, 0x04810000)
  from space 1472K, 100% used [0x04810000, 0x04980000, 0x04980000)
  to   space 1472K,   0% used [0x04980000, 0x04980000, 0x04af0000)
 tenured generation   total 30436K, used 28117K [0x19150000, 0x1af09000, 0x43c00000)
   the space 30436K,  92% used [0x19150000, 0x1acc57c8, 0x1acc5800, 0x1af09000)
 Metaspace       used 3520K, capacity 3526K, committed 3648K, reserved 4480K
Event: 1.178 GC heap after
Heap after GC invocations=34 (full 2):
 def new generation   total 13824K, used 1472K [0x03c00000, 0x04af0000, 0x19150000)
  eden space 12352K,   0% used [0x03c00000, 0x03c00000, 0x04810000)
  from space 1472K, 100% used [0x04980000, 0x04af0000, 0x04af0000)
  to   space 1472K,   0% used [0x04810000, 0x04810000, 0x04980000)
 tenured generation   total 30436K, used 29935K [0x19150000, 0x1af09000, 0x43c00000)
   the space 30436K,  98% used [0x19150000, 0x1ae8beb8, 0x1ae8c000, 0x1af09000)
 Metaspace       used 3520K, capacity 3526K, committed 3648K, reserved 4480K
}
Event: 1.200 GC heap before
{Heap before GC invocations=34 (full 2):
 def new generation   total 13824K, used 13824K [0x03c00000, 0x04af0000, 0x19150000)
  eden space 12352K, 100% used [0x03c00000, 0x04810000, 0x04810000)
  from space 1472K, 100% used [0x04980000, 0x04af0000, 0x04af0000)
  to   space 1472K,   0% used [0x04810000, 0x04810000, 0x04980000)
 tenured generation   total 30436K, used 29935K [0x19150000, 0x1af09000, 0x43c00000)
   the space 30436K,  98% used [0x19150000, 0x1ae8beb8, 0x1ae8c000, 0x1af09000)
 Metaspace       used 3544K, capacity 3566K, committed 3648K, reserved 4480K

Deoptimization events (0 events):
No events

Internal exceptions (5 events):
Event: 0.043 Thread 0x0066bc00 Exception <a 'java/lang/NoSuchMethodError': Method sun.misc.Unsafe.defineClass(Ljava/lang/String;[BII)Ljava/lang/Class; name or signature does not match> (0x03c06ea8) thrown at [C:\re\workspace\8-2-build-windows-i586-cygwin\jdk8u101\7261\hotspot\src\share\Ãêmøö¥?
Event: 0.043 Thread 0x0066bc00 Exception <a 'java/lang/NoSuchMethodError': Method sun.misc.Unsafe.prefetchRead(Ljava/lang/Object;J)V name or signature does not match> (0x03c07178) thrown at [C:\re\workspace\8-2-build-windows-i586-cygwin\jdk8u101\7261\hotspot\src\share\vm\prims\jni.cpp, ÿÐ+Ábµê?
Event: 0.835 Thread 0x4459a400 Exception <a 'java/lang/ArrayIndexOutOfBoundsException': 18> (0x03d9d7d0) thrown at [C:\re\workspace\8-2-build-windows-i586-cygwin\jdk8u101\7261\hotspot\src\share\vm\interpreter\interpreterRuntime.cpp, line 366]
Event: 0.835 Thread 0x4459a400 Exception <a 'java/lang/ArrayIndexOutOfBoundsException': 145> (0x03d9f070) thrown at [C:\re\workspace\8-2-build-windows-i586-cygwin\jdk8u101\7261\hotspot\src\share\vm\interpreter\interpreterRuntime.cpp, line 366]
Event: 0.835 Thread 0x4459a400 Exception <a 'java/lang/ArrayIndexOutOfBoundsException': 40> (0x03da0150) thrown at [C:\re\workspace\8-2-build-windows-i586-cygwin\jdk8u101\7261\hotspot\src\share\vm\interpreter\interpreterRuntime.cpp, line 366]

Events (10 events):
Event: 1.170 Executing VM operation: GenCollectForAllocation done
Event: 1.170 Executing VM operation: GenCollectFull
Event: 1.178 Executing VM operation: GenCollectFull done
Event: 1.183 loading class java/util/concurrent/ThreadLocalRandom
Event: 1.183 loading class java/util/Random
Event: 1.183 loading class java/util/Random done
Event: 1.183 loading class java/util/concurrent/ThreadLocalRandom done
Event: 1.190 loading class com/android/dx/rop/code/RegOps
Event: 1.190 loading class com/android/dx/rop/code/RegOps done
Event: 1.200 Executing VM operation: GenCollectForAllocation


Dynamic libraries:
0x00b00000 - 0x00b33000 	C:\Program Files\Java\jdk1.8.0_101\bin\java.exe
0x77920000 - 0x77a5c000 	C:\Windows\SYSTEM32\ntdll.dll
0x774a0000 - 0x77574000 	C:\Windows\system32\kernel32.dll
0x75cd0000 - 0x75d1a000 	C:\Windows\system32\KERNELBASE.dll
0x77400000 - 0x774a0000 	C:\Windows\system32\ADVAPI32.dll
0x75d80000 - 0x75e2c000 	C:\Windows\system32\msvcrt.dll
0x764c0000 - 0x764d9000 	C:\Windows\SYSTEM32\sechost.dll
0x75f00000 - 0x75fa1000 	C:\Windows\system32\RPCRT4.dll
0x77330000 - 0x773f9000 	C:\Windows\system32\USER32.dll
0x765f0000 - 0x7663e000 	C:\Windows\system32\GDI32.dll
0x75fb0000 - 0x75fba000 	C:\Windows\system32\LPK.dll
0x76640000 - 0x766dd000 	C:\Windows\system32\USP10.dll
0x74730000 - 0x748ce000 	C:\Windows\WinSxS\x86_microsoft.windows.common-controls_6595b64144ccf1df_6.0.7600.16385_none_421189da2b7fabfc\COMCTL32.dll
0x76590000 - 0x765e7000 	C:\Windows\system32\SHLWAPI.dll
0x77a60000 - 0x77a7f000 	C:\Windows\system32\IMM32.DLL
0x75fc0000 - 0x7608c000 	C:\Windows\system32\MSCTF.dll
0x508e0000 - 0x5099f000 	C:\Program Files\Java\jdk1.8.0_101\jre\bin\msvcr100.dll
0x6cbd0000 - 0x6cf9c000 	C:\Program Files\Java\jdk1.8.0_101\jre\bin\client\jvm.dll
0x71060000 - 0x71067000 	C:\Windows\system32\WSOCK32.dll
0x77a80000 - 0x77ab5000 	C:\Windows\system32\WS2_32.dll
0x75ef0000 - 0x75ef6000 	C:\Windows\system32\NSI.dll
0x70f00000 - 0x70f32000 	C:\Windows\system32\WINMM.dll
0x74f70000 - 0x74f79000 	C:\Windows\system32\VERSION.dll
0x75d70000 - 0x75d75000 	C:\Windows\system32\PSAPI.DLL
0x6c640000 - 0x6c64c000 	C:\Program Files\Java\jdk1.8.0_101\jre\bin\verify.dll
0x63370000 - 0x63391000 	C:\Program Files\Java\jdk1.8.0_101\jre\bin\java.dll
0x6c620000 - 0x6c633000 	C:\Program Files\Java\jdk1.8.0_101\jre\bin\zip.dll
0x766e0000 - 0x77329000 	C:\Windows\system32\SHELL32.dll
0x76120000 - 0x7627c000 	C:\Windows\system32\ole32.dll
0x75a70000 - 0x75a7b000 	C:\Windows\system32\profapi.dll
0x73870000 - 0x7395b000 	C:\Windows\system32\dbghelp.dll

VM Arguments:
jvm_args: -Djava.awt.headless=true -Xmx1024M -Dfile.encoding=windows-1252 -Duser.country=US -Duser.language=en -Duser.variant 
java_command: com.android.dx.command.Main --dex --num-threads=4 --multi-dex --main-dex-list E:\SandeepProjectResources\MobipugNew\MobipugSource\app\build\intermediates\multi-dex\debug\maindexlist.txt --output E:\SandeepProjectResources\MobipugNew\MobipugSource\app\build\intermediates\transforms\dex\debug\folders\1000\1f\main E:\SandeepProjectResources\MobipugNew\MobipugSource\app\build\intermediates\transforms\jarMerging\debug\jars\1\1f\combined.jar
java_class_path (initial): C:\Users\android-4\AppData\Local\Android\Sdk\build-tools\26.0.2\lib\dx.jar
Launcher Type: SUN_STANDARD

Environment Variables:
PATH=C:\ProgramData\Oracle\Java\javapath;C:\Windows\system32;C:\Windows;C:\Windows\System32\Wbem;C:\Windows\System32\WindowsPowerShell\v1.0\;C:\Program Files\Intel\OpenCL SDK\2.0\bin\x86;C:\Program Files\Skype\Phone\
USERNAME=android-4
OS=Windows_NT
PROCESSOR_IDENTIFIER=x86 Family 6 Model 42 Stepping 7, GenuineIntel



---------------  S Y S T E M  ---------------

OS: Windows 7 Build 7600 (6.1.7600.16385)

CPU:total 4 (2 cores per cpu, 2 threads per core) family 6 model 42 stepping 7, cmov, cx8, fxsr, mmx, sse, sse2, sse3, ssse3, sse4.1, sse4.2, popcnt, clmul, ht, tsc, tscinvbit

Memory: 4k page, physical 3578328k(761880k free), swap 24056564k(19727304k free)

vm_info: Java HotSpot(TM) Client VM (25.101-b13) for windows-x86 JRE (1.8.0_101-b13), built on Jun 22 2016 00:45:44 by "java_re" with MS VC++ 10.0 (VS2010)

time: Fri Oct 26 15:46:29 2018
elapsed time: 1 seconds (0d 0h 0m 1s)

