#
# A fatal error has been detected by the Java Runtime Environment:
#
#  EXCEPTION_ACCESS_VIOLATION (0xc0000005) at pc=0x5ba54da9, pid=2496, tid=0x0000017c
#
# JRE version: Java(TM) SE Runtime Environment (8.0_101-b13) (build 1.8.0_101-b13)
# Java VM: Java HotSpot(TM) Client VM (25.101-b13 mixed mode windows-x86 )
# Problematic frame:
# V  [jvm.dll+0x1b4da9]
#
# Failed to write core dump. Minidumps are not enabled by default on client versions of Windows
#
# If you would like to submit a bug report, please visit:
#   http://bugreport.java.com/bugreport/crash.jsp
#

---------------  T H R E A D  ---------------

Current thread (0x445ea800):  VMThread [stack: 0x00cf0000,0x00d40000] [id=380]

siginfo: ExceptionCode=0xc0000005, reading address 0x00000088

Registers:
EAX=0x1a2c20d8, EBX=0x4479aa1c, ECX=0x44434fc0, EDX=0x00000000
ESP=0x00d3f630, EBP=0x00d3f648, ESI=0x4479aa18, EDI=0x5bc094cc
EIP=0x5ba54da9, EFLAGS=0x00010202

Top of Stack: (sp=0x00d3f630)
0x00d3f630:   1a2c20d8 5bc094cc 4479aa18 4479aa1c
0x00d3f640:   5bc094cc 4479aa18 00d3f654 5ba54fac
0x00d3f650:   00000003 00d3f670 5b9f883a 4479aa18
0x00d3f660:   4479d400 5bc094cc 00000000 44798300
0x00d3f670:   00d3f858 5ba19eef 5bc094cc 00000001
0x00d3f680:   4479d400 00000000 00000000 00000000
0x00d3f690:   00000000 00d3f8e4 00d3f70c 00000012
0x00d3f6a0:   00d3f8d0 5bc094f0 00d3f954 ffffffff 

Instructions: (pc=0x5ba54da9)
0x5ba54d89:   23 f0 29 35 50 94 c0 5b a3 4c 94 c0 5b 8b c7 eb
0x5ba54d99:   09 48 a3 4c 94 c0 5b 8b 04 81 8b 48 04 8b 11 50
0x5ba54da9:   8b 82 88 00 00 00 ff d0 8b 0d 58 94 c0 5b 85 c9
0x5ba54db9:   0f 85 51 ff ff ff a1 7c 94 c0 5b 85 c0 0f 84 b8 


Register to memory mapping:

EAX=
[error occurred during error reporting (printing register info), id 0xc0000005]

Stack: [0x00cf0000,0x00d40000],  sp=0x00d3f630,  free space=317k
Native frames: (J=compiled Java code, j=interpreted, Vv=VM code, C=native code)
V  [jvm.dll+0x1b4da9]
V  [jvm.dll+0x1b4fac]
V  [jvm.dll+0x15883a]
V  [jvm.dll+0x179eef]
V  [jvm.dll+0x1789ea]
V  [jvm.dll+0x97fb0]
V  [jvm.dll+0x992a1]
V  [jvm.dll+0x9b020]
V  [jvm.dll+0x9b489]
V  [jvm.dll+0x9a27f]
V  [jvm.dll+0xa64b2]
V  [jvm.dll+0x98e73]
V  [jvm.dll+0x92e25]
V  [jvm.dll+0x1b81c6]
V  [jvm.dll+0x18292b]
V  [jvm.dll+0x181d31]
V  [jvm.dll+0x182147]
V  [jvm.dll+0x182342]
V  [jvm.dll+0x1c1ed6]
C  [msvcr100.dll+0x5c556]
C  [msvcr100.dll+0x5c600]
C  [kernel32.dll+0x51174]
C  [ntdll.dll+0x5b3f5]
C  [ntdll.dll+0x5b3c8]

VM_Operation (0x4498f1b8): GenCollectForAllocation, mode: safepoint, requested by thread 0x44797800


---------------  P R O C E S S  ---------------

Java Threads: ( => current thread )
  0x4479d400 JavaThread "pool-2-thread-4" [_thread_blocked, id=5100, stack(0x44b90000,0x44be0000)]
  0x44797800 JavaThread "pool-2-thread-3" [_thread_blocked, id=4132, stack(0x44940000,0x44990000)]
  0x4479c000 JavaThread "pool-2-thread-2" [_thread_blocked, id=1356, stack(0x00ca0000,0x00cf0000)]
  0x44776000 JavaThread "pool-3-thread-1" [_thread_blocked, id=2148, stack(0x44b40000,0x44b90000)]
  0x4476f800 JavaThread "pool-2-thread-1" [_thread_blocked, id=3092, stack(0x44a90000,0x44ae0000)]
  0x4464cc00 JavaThread "Service Thread" daemon [_thread_blocked, id=4852, stack(0x00a60000,0x00ab0000)]
  0x4463a400 JavaThread "C1 CompilerThread0" daemon [_thread_blocked, id=3508, stack(0x448e0000,0x44930000)]
  0x44639000 JavaThread "Attach Listener" daemon [_thread_blocked, id=5692, stack(0x44990000,0x449e0000)]
  0x44636000 JavaThread "Signal Dispatcher" daemon [_thread_blocked, id=364, stack(0x44840000,0x44890000)]
  0x44616c00 JavaThread "Finalizer" daemon [_thread_blocked, id=3996, stack(0x03db0000,0x03e00000)]
  0x445f0400 JavaThread "Reference Handler" daemon [_thread_blocked, id=5912, stack(0x00ad0000,0x00b20000)]
  0x00b5bc00 JavaThread "main" [_thread_blocked, id=4908, stack(0x001e0000,0x00230000)]

Other Threads:
=>0x445ea800 VMThread [stack: 0x00cf0000,0x00d40000] [id=380]
  0x44632000 WatcherThread [stack: 0x44a20000,0x44a70000] [id=5376]

VM state:at safepoint (normal execution)

VM Mutex/Monitor currently owned by a thread:  ([mutex/lock_event])
[0x00b5a230] Threads_lock - owner thread: 0x445ea800
[0x00b5a640] Heap_lock - owner thread: 0x44797800

Heap:
 def new generation   total 41216K, used 4544K [0x03e00000, 0x06ab0000, 0x19350000)
  eden space 36672K,   0% used [0x03e00000, 0x03e00000, 0x061d0000)
  from space 4544K, 100% used [0x061d0000, 0x06640000, 0x06640000)
  to   space 4544K,   0% used [0x06640000, 0x06640000, 0x06ab0000)
 tenured generation   total 92844K, used 92837K [0x19350000, 0x1edfb000, 0x43e00000)
   the space 92844K,  99% used [0x19350000, 0x1edf97f8, 0x1edf9800, 0x1edfb000)
 Metaspace       used 3526K, capacity 3558K, committed 3648K, reserved 4480K

Card table byte_map: [0x43e00000,0x44010000] byte_map_base: 0x43de1000

Polling page: 0x00140000

CodeCache: size=32768Kb used=3080Kb max_used=3080Kb free=29687Kb
 bounds [0x01d70000, 0x02078000, 0x03d70000]
 total_blobs=1573 nmethods=1428 adapters=75
 compilation: enabled

Compilation events (10 events):
Event: 2.607 Thread 0x4463a400 1426             java.util.TimeZone::getDefaultRef (32 bytes)
Event: 2.608 Thread 0x4463a400 nmethod 1426 0x020719c8 code [0x02071ac0, 0x02071b5c]
Event: 2.608 Thread 0x4463a400 1427             java.util.Date::getTimeImpl (27 bytes)
Event: 2.608 Thread 0x4463a400 nmethod 1427 0x02071bc8 code [0x02071cd0, 0x02071d8c]
Event: 2.611 Thread 0x4463a400 1428             java.util.concurrent.ThreadPoolExecutor::runStateOf (5 bytes)
Event: 2.611 Thread 0x4463a400 nmethod 1428 0x02071e48 code [0x02071f40, 0x02071fb0]
Event: 2.612 Thread 0x4463a400 1429             com.android.dx.command.dexer.Main::access$1902 (7 bytes)
Event: 2.612 Thread 0x4463a400 nmethod 1429 0x02072008 code [0x02072100, 0x02072170]
Event: 2.612 Thread 0x4463a400 1430             com.android.dx.command.dexer.Main::access$2002 (7 bytes)
Event: 2.613 Thread 0x4463a400 nmethod 1430 0x02072208 code [0x02072300, 0x02072370]

GC Heap History (10 events):
Event: 2.226 GC heap after
Heap after GC invocations=49 (full 4):
 def new generation   total 41216K, used 1977K [0x03e00000, 0x06ab0000, 0x19350000)
  eden space 36672K,   0% used [0x03e00000, 0x03e00000, 0x061d0000)
  from space 4544K,  43% used [0x06640000, 0x0682e670, 0x06ab0000)
  to   space 4544K,   0% used [0x061d0000, 0x061d0000, 0x06640000)
 tenured generation   total 91436K, used 68988K [0x19350000, 0x1ec9b000, 0x43e00000)
   the space 91436K,  75% used [0x19350000, 0x1d6af080, 0x1d6af200, 0x1ec9b000)
 Metaspace       used 3526K, capacity 3558K, committed 3648K, reserved 4480K
}
Event: 2.282 GC heap before
{Heap before GC invocations=49 (full 4):
 def new generation   total 41216K, used 38649K [0x03e00000, 0x06ab0000, 0x19350000)
  eden space 36672K, 100% used [0x03e00000, 0x061d0000, 0x061d0000)
  from space 4544K,  43% used [0x06640000, 0x0682e670, 0x06ab0000)
  to   space 4544K,   0% used [0x061d0000, 0x061d0000, 0x06640000)
 tenured generation   total 91436K, used 68988K [0x19350000, 0x1ec9b000, 0x43e00000)
   the space 91436K,  75% used [0x19350000, 0x1d6af080, 0x1d6af200, 0x1ec9b000)
 Metaspace       used 3526K, capacity 3558K, committed 3648K, reserved 4480K
Event: 2.301 GC heap after
Heap after GC invocations=50 (full 4):
 def new generation   total 41216K, used 4543K [0x03e00000, 0x06ab0000, 0x19350000)
  eden space 36672K,   0% used [0x03e00000, 0x03e00000, 0x061d0000)
  from space 4544K,  99% used [0x061d0000, 0x0663fff8, 0x06640000)
  to   space 4544K,   0% used [0x06640000, 0x06640000, 0x06ab0000)
 tenured generation   total 91436K, used 71564K [0x19350000, 0x1ec9b000, 0x43e00000)
   the space 91436K,  78% used [0x19350000, 0x1d9331a8, 0x1d933200, 0x1ec9b000)
 Metaspace       used 3526K, capacity 3558K, committed 3648K, reserved 4480K
}
Event: 2.366 GC heap before
{Heap before GC invocations=50 (full 4):
 def new generation   total 41216K, used 41215K [0x03e00000, 0x06ab0000, 0x19350000)
  eden space 36672K, 100% used [0x03e00000, 0x061d0000, 0x061d0000)
  from space 4544K,  99% used [0x061d0000, 0x0663fff8, 0x06640000)
  to   space 4544K,   0% used [0x06640000, 0x06640000, 0x06ab0000)
 tenured generation   total 91436K, used 71564K [0x19350000, 0x1ec9b000, 0x43e00000)
   the space 91436K,  78% used [0x19350000, 0x1d9331a8, 0x1d933200, 0x1ec9b000)
 Metaspace       used 3526K, capacity 3558K, committed 3648K, reserved 4480K
Event: 2.389 GC heap after
Heap after GC invocations=51 (full 4):
 def new generation   total 41216K, used 4544K [0x03e00000, 0x06ab0000, 0x19350000)
  eden space 36672K,   0% used [0x03e00000, 0x03e00000, 0x061d0000)
  from space 4544K, 100% used [0x06640000, 0x06ab0000, 0x06ab0000)
  to   space 4544K,   0% used [0x061d0000, 0x061d0000, 0x06640000)
 tenured generation   total 91436K, used 76173K [0x19350000, 0x1ec9b000, 0x43e00000)
   the space 91436K,  83% used [0x19350000, 0x1ddb34c8, 0x1ddb3600, 0x1ec9b000)
 Metaspace       used 3526K, capacity 3558K, committed 3648K, reserved 4480K
}
Event: 2.453 GC heap before
{Heap before GC invocations=51 (full 4):
 def new generation   total 41216K, used 41216K [0x03e00000, 0x06ab0000, 0x19350000)
  eden space 36672K, 100% used [0x03e00000, 0x061d0000, 0x061d0000)
  from space 4544K, 100% used [0x06640000, 0x06ab0000, 0x06ab0000)
  to   space 4544K,   0% used [0x061d0000, 0x061d0000, 0x06640000)
 tenured generation   total 91436K, used 76173K [0x19350000, 0x1ec9b000, 0x43e00000)
   the space 91436K,  83% used [0x19350000, 0x1ddb34c8, 0x1ddb3600, 0x1ec9b000)
 Metaspace       used 3526K, capacity 3558K, committed 3648K, reserved 4480K
Event: 2.477 GC heap after
Heap after GC invocations=52 (full 4):
 def new generation   total 41216K, used 4544K [0x03e00000, 0x06ab0000, 0x19350000)
  eden space 36672K,   0% used [0x03e00000, 0x03e00000, 0x061d0000)
  from space 4544K, 100% used [0x061d0000, 0x06640000, 0x06640000)
  to   space 4544K,   0% used [0x06640000, 0x06640000, 0x06ab0000)
 tenured generation   total 91436K, used 81379K [0x19350000, 0x1ec9b000, 0x43e00000)
   the space 91436K,  89% used [0x19350000, 0x1e2c8ef8, 0x1e2c9000, 0x1ec9b000)
 Metaspace       used 3526K, capacity 3558K, committed 3648K, reserved 4480K
}
Event: 2.543 GC heap before
{Heap before GC invocations=52 (full 4):
 def new generation   total 41216K, used 41216K [0x03e00000, 0x06ab0000, 0x19350000)
  eden space 36672K, 100% used [0x03e00000, 0x061d0000, 0x061d0000)
  from space 4544K, 100% used [0x061d0000, 0x06640000, 0x06640000)
  to   space 4544K,   0% used [0x06640000, 0x06640000, 0x06ab0000)
 tenured generation   total 91436K, used 81379K [0x19350000, 0x1ec9b000, 0x43e00000)
   the space 91436K,  89% used [0x19350000, 0x1e2c8ef8, 0x1e2c9000, 0x1ec9b000)
 Metaspace       used 3526K, capacity 3558K, committed 3648K, reserved 4480K
Event: 2.569 GC heap after
Heap after GC invocations=53 (full 4):
 def new generation   total 41216K, used 4543K [0x03e00000, 0x06ab0000, 0x19350000)
  eden space 36672K,   0% used [0x03e00000, 0x03e00000, 0x061d0000)
  from space 4544K,  99% used [0x06640000, 0x06aafff8, 0x06ab0000)
  to   space 4544K,   0% used [0x061d0000, 0x061d0000, 0x06640000)
 tenured generation   total 91436K, used 86909K [0x19350000, 0x1ec9b000, 0x43e00000)
   the space 91436K,  95% used [0x19350000, 0x1e82f4f8, 0x1e82f600, 0x1ec9b000)
 Metaspace       used 3526K, capacity 3558K, committed 3648K, reserved 4480K
}
Event: 2.632 GC heap before
{Heap before GC invocations=53 (full 4):
 def new generation   total 41216K, used 41215K [0x03e00000, 0x06ab0000, 0x19350000)
  eden space 36672K, 100% used [0x03e00000, 0x061d0000, 0x061d0000)
  from space 4544K,  99% used [0x06640000, 0x06aafff8, 0x06ab0000)
  to   space 4544K,   0% used [0x061d0000, 0x061d0000, 0x06640000)
 tenured generation   total 91436K, used 86909K [0x19350000, 0x1ec9b000, 0x43e00000)
   the space 91436K,  95% used [0x19350000, 0x1e82f4f8, 0x1e82f600, 0x1ec9b000)
 Metaspace       used 3526K, capacity 3558K, committed 3648K, reserved 4480K

Deoptimization events (0 events):
No events

Internal exceptions (5 events):
Event: 0.033 Thread 0x00b5bc00 Exception <a 'java/lang/NoSuchMethodError': Method sun.misc.Unsafe.defineClass(Ljava/lang/String;[BII)Ljava/lang/Class; name or signature does not match> (0x03e06ea8) thrown at [C:\re\workspace\8-2-build-windows-i586-cygwin\jdk8u101\7261\hotspot\src\share\†³UÁÕ ?
Event: 0.033 Thread 0x00b5bc00 Exception <a 'java/lang/NoSuchMethodError': Method sun.misc.Unsafe.prefetchRead(Ljava/lang/Object;J)V name or signature does not match> (0x03e07178) thrown at [C:\re\workspace\8-2-build-windows-i586-cygwin\jdk8u101\7261\hotspot\src\share\vm\prims\jni.cpp, ˜QJP|ê?
Event: 0.828 Thread 0x4479d400 Exception <a 'java/lang/ArrayIndexOutOfBoundsException': 18> (0x03fc2830) thrown at [C:\re\workspace\8-2-build-windows-i586-cygwin\jdk8u101\7261\hotspot\src\share\vm\interpreter\interpreterRuntime.cpp, line 366]
Event: 0.828 Thread 0x4479d400 Exception <a 'java/lang/ArrayIndexOutOfBoundsException': 145> (0x03fc40d0) thrown at [C:\re\workspace\8-2-build-windows-i586-cygwin\jdk8u101\7261\hotspot\src\share\vm\interpreter\interpreterRuntime.cpp, line 366]
Event: 0.828 Thread 0x4479d400 Exception <a 'java/lang/ArrayIndexOutOfBoundsException': 40> (0x03fc51b0) thrown at [C:\re\workspace\8-2-build-windows-i586-cygwin\jdk8u101\7261\hotspot\src\share\vm\interpreter\interpreterRuntime.cpp, line 366]

Events (10 events):
Event: 2.226 Executing VM operation: GenCollectForAllocation done
Event: 2.281 Executing VM operation: GenCollectForAllocation
Event: 2.301 Executing VM operation: GenCollectForAllocation done
Event: 2.366 Executing VM operation: GenCollectForAllocation
Event: 2.389 Executing VM operation: GenCollectForAllocation done
Event: 2.453 Executing VM operation: GenCollectForAllocation
Event: 2.477 Executing VM operation: GenCollectForAllocation done
Event: 2.543 Executing VM operation: GenCollectForAllocation
Event: 2.569 Executing VM operation: GenCollectForAllocation done
Event: 2.631 Executing VM operation: GenCollectForAllocation


Dynamic libraries:
0x01130000 - 0x01163000 	C:\Program Files\Java\jdk1.8.0_101\bin\java.exe
0x775b0000 - 0x776ec000 	C:\Windows\SYSTEM32\ntdll.dll
0x771d0000 - 0x772a4000 	C:\Windows\system32\kernel32.dll
0x758c0000 - 0x7590a000 	C:\Windows\system32\KERNELBASE.dll
0x762f0000 - 0x76390000 	C:\Windows\system32\ADVAPI32.dll
0x76390000 - 0x7643c000 	C:\Windows\system32\msvcrt.dll
0x75cb0000 - 0x75cc9000 	C:\Windows\SYSTEM32\sechost.dll
0x75f70000 - 0x76011000 	C:\Windows\system32\RPCRT4.dll
0x76020000 - 0x760e9000 	C:\Windows\system32\USER32.dll
0x76100000 - 0x7614e000 	C:\Windows\system32\GDI32.dll
0x760f0000 - 0x760fa000 	C:\Windows\system32\LPK.dll
0x75d60000 - 0x75dfd000 	C:\Windows\system32\USP10.dll
0x74470000 - 0x7460e000 	C:\Windows\WinSxS\x86_microsoft.windows.common-controls_6595b64144ccf1df_6.0.7600.16385_none_421189da2b7fabfc\COMCTL32.dll
0x76150000 - 0x761a7000 	C:\Windows\system32\SHLWAPI.dll
0x776f0000 - 0x7770f000 	C:\Windows\system32\IMM32.DLL
0x77100000 - 0x771cc000 	C:\Windows\system32\MSCTF.dll
0x5d220000 - 0x5d2df000 	C:\Program Files\Java\jdk1.8.0_101\jre\bin\msvcr100.dll
0x5b8a0000 - 0x5bc6c000 	C:\Program Files\Java\jdk1.8.0_101\jre\bin\client\jvm.dll
0x70ce0000 - 0x70ce7000 	C:\Windows\system32\WSOCK32.dll
0x777a0000 - 0x777d5000 	C:\Windows\system32\WS2_32.dll
0x77090000 - 0x77096000 	C:\Windows\system32\NSI.dll
0x70590000 - 0x705c2000 	C:\Windows\system32\WINMM.dll
0x74c00000 - 0x74c09000 	C:\Windows\system32\VERSION.dll
0x770f0000 - 0x770f5000 	C:\Windows\system32\PSAPI.DLL
0x65ce0000 - 0x65cec000 	C:\Program Files\Java\jdk1.8.0_101\jre\bin\verify.dll
0x65cb0000 - 0x65cd1000 	C:\Program Files\Java\jdk1.8.0_101\jre\bin\java.dll
0x65c80000 - 0x65c93000 	C:\Program Files\Java\jdk1.8.0_101\jre\bin\zip.dll
0x76440000 - 0x77089000 	C:\Windows\system32\SHELL32.dll
0x75e00000 - 0x75f5c000 	C:\Windows\system32\ole32.dll
0x75700000 - 0x7570b000 	C:\Windows\system32\profapi.dll
0x73520000 - 0x7360b000 	C:\Windows\system32\dbghelp.dll

VM Arguments:
jvm_args: -Djava.awt.headless=true -Xmx1024M -Dfile.encoding=windows-1252 -Duser.country=US -Duser.language=en -Duser.variant 
java_command: com.android.dx.command.Main --dex --num-threads=4 --multi-dex --main-dex-list E:\SandeepProjectResources\MobipugNew\Mobipug27.10.18\MobipugSource\app\build\intermediates\multi-dex\debug\maindexlist.txt --output E:\SandeepProjectResources\MobipugNew\Mobipug27.10.18\MobipugSource\app\build\intermediates\transforms\dex\debug\folders\1000\1f\main E:\SandeepProjectResources\MobipugNew\Mobipug27.10.18\MobipugSource\app\build\intermediates\transforms\jarMerging\debug\jars\1\1f\combined.jar
java_class_path (initial): C:\Users\android-4\AppData\Local\Android\Sdk\build-tools\26.0.2\lib\dx.jar
Launcher Type: SUN_STANDARD

Environment Variables:
PATH=C:\ProgramData\Oracle\Java\javapath;C:\Windows\system32;C:\Windows;C:\Windows\System32\Wbem;C:\Windows\System32\WindowsPowerShell\v1.0\;C:\Program Files\Intel\OpenCL SDK\2.0\bin\x86;C:\Program Files\Skype\Phone\
USERNAME=android-4
OS=Windows_NT
PROCESSOR_IDENTIFIER=x86 Family 6 Model 42 Stepping 7, GenuineIntel



---------------  S Y S T E M  ---------------

OS: Windows 7 Build 7600 (6.1.7600.16385)

CPU:total 4 (2 cores per cpu, 2 threads per core) family 6 model 42 stepping 7, cmov, cx8, fxsr, mmx, sse, sse2, sse3, ssse3, sse4.1, sse4.2, popcnt, clmul, ht, tsc, tscinvbit

Memory: 4k page, physical 3578328k(531180k free), swap 24056564k(19574756k free)

vm_info: Java HotSpot(TM) Client VM (25.101-b13) for windows-x86 JRE (1.8.0_101-b13), built on Jun 22 2016 00:45:44 by "java_re" with MS VC++ 10.0 (VS2010)

time: Sat Oct 27 16:47:25 2018
elapsed time: 3 seconds (0d 0h 0m 3s)

