#
# A fatal error has been detected by the Java Runtime Environment:
#
#  EXCEPTION_ACCESS_VIOLATION (0xc0000005) at pc=0x57648273, pid=2308, tid=0x00000ae0
#
# JRE version: Java(TM) SE Runtime Environment (8.0_101-b13) (build 1.8.0_101-b13)
# Java VM: Java HotSpot(TM) Client VM (25.101-b13 mixed mode windows-x86 )
# Problematic frame:
# V  [jvm.dll+0xc8273]
#
# Failed to write core dump. Minidumps are not enabled by default on client versions of Windows
#
# If you would like to submit a bug report, please visit:
#   http://bugreport.java.com/bugreport/crash.jsp
#

---------------  T H R E A D  ---------------

Current thread (0x4440cc00):  JavaThread "pool-1-thread-1" [_thread_in_vm, id=2784, stack(0x446b0000,0x44700000)]

siginfo: ExceptionCode=0xc0000005, reading address 0x800c0c06

Registers:
EAX=0x960d0566, EBX=0x800c0c02, ECX=0x800c0c02, EDX=0x000003ec
ESP=0x446fefe0, EBP=0x446ff010, ESI=0x4440c140, EDI=0x4440cc00
EIP=0x57648273, EFLAGS=0x00010286

Top of Stack: (sp=0x446fefe0)
0x446fefe0:   44352a88 00000036 446ff050 01aa4854
0x446feff0:   00000036 ffffee80 446ff340 01ea3a04
0x446ff000:   00000003 00000000 446ff340 960d0566
0x446ff010:   446ff038 5783994c 4440cc00 00000009
0x446ff020:   43e8df08 07cf4934 446ff340 44352a90
0x446ff030:   44352e7c 000003ec 446ff158 01b3d76a
0x446ff040:   4440cc00 43e8df08 00330030 00000035
0x446ff050:   0064006e 006f0072 006b0064 0062002f 

Instructions: (pc=0x57648273)
0x57648253:   8b 00 c3 cc cc cc cc cc cc cc cc cc cc 55 8b ec
0x57648263:   83 ec 2c a1 30 38 8f 57 33 c5 89 45 fc 53 8b d9
0x57648273:   83 7b 04 00 0f 8e b8 00 00 00 8a 83 a6 00 00 00
0x57648283:   c0 e8 03 a8 01 0f 84 a7 00 00 00 56 8b 73 38 33 


Register to memory mapping:

EAX=0x960d0566 is an unknown value
EBX=0x800c0c02 is an unknown value
ECX=0x800c0c02 is an unknown value
EDX=0x000003ec is an unknown value
ESP=0x446fefe0 is pointing into the stack for thread: 0x4440cc00
EBP=0x446ff010 is pointing into the stack for thread: 0x4440cc00
ESI=0x4440c140 is an unknown value
EDI=0x4440cc00 is a thread


Stack: [0x446b0000,0x44700000],  sp=0x446fefe0,  free space=315k
Native frames: (J=compiled Java code, j=interpreted, Vv=VM code, C=native code)
V  [jvm.dll+0xc8273]
V  [jvm.dll+0x2b994c]
v  ~RuntimeStub::throw_class_cast_exception Runtime1 stub
J 885 C1 com.android.dx.rop.type.StdTypeList.getWordCount()I (33 bytes) @ 0x01cd99cf [0x01cd9920+0xaf]
J 2039 C1 com.android.dx.dex.file.CodeItem.writeTo0(Lcom/android/dx/dex/file/DexFile;Lcom/android/dx/util/AnnotatedOutput;)V (489 bytes) @ 0x01ea6210 [0x01ea6140+0xd0]
J 2017 C1 com.android.dx.dex.file.OffsettedItem.writeTo(Lcom/android/dx/dex/file/DexFile;Lcom/android/dx/util/AnnotatedOutput;)V (72 bytes) @ 0x01e99144 [0x01e99080+0xc4]
j  com.android.dx.dex.file.MixedItemSection.writeTo0(Lcom/android/dx/util/AnnotatedOutput;)V+119
j  com.android.dx.dex.file.Section.writeTo(Lcom/android/dx/util/AnnotatedOutput;)V+155
j  com.android.dx.dex.file.DexFile.toDex0(ZZ)Lcom/android/dx/util/ByteArrayAnnotatedOutput;+462
j  com.android.dx.dex.file.DexFile.toDex(Ljava/io/Writer;Z)[B+13
j  com.android.dx.command.dexer.Main.writeDex(Lcom/android/dx/dex/file/DexFile;)[B+50
j  com.android.dx.command.dexer.Main.access$3000(Lcom/android/dx/command/dexer/Main;Lcom/android/dx/dex/file/DexFile;)[B+2
j  com.android.dx.command.dexer.Main$DexWriter.call()[B+8
j  com.android.dx.command.dexer.Main$DexWriter.call()Ljava/lang/Object;+1
J 1405 C1 java.util.concurrent.FutureTask.run()V (126 bytes) @ 0x01da1aa0 [0x01da1a10+0x90]
j  java.util.concurrent.ThreadPoolExecutor.runWorker(Ljava/util/concurrent/ThreadPoolExecutor$Worker;)V+95
j  java.util.concurrent.ThreadPoolExecutor$Worker.run()V+5
j  java.lang.Thread.run()V+11
v  ~StubRoutines::call_stub
V  [jvm.dll+0x15a2e5]
V  [jvm.dll+0x21ff6e]
V  [jvm.dll+0x15a37e]
V  [jvm.dll+0x15a506]
V  [jvm.dll+0x15a577]
V  [jvm.dll+0xfe92f]
V  [jvm.dll+0x17d7dc]
V  [jvm.dll+0x17d8ca]
V  [jvm.dll+0x1c1ed6]
C  [msvcr100.dll+0x5c556]
C  [msvcr100.dll+0x5c600]
C  [kernel32.dll+0x51174]
C  [ntdll.dll+0x5b3f5]
C  [ntdll.dll+0x5b3c8]
C  0x00000000

Java frames: (J=compiled Java code, j=interpreted, Vv=VM code)
v  ~RuntimeStub::throw_class_cast_exception Runtime1 stub
J 885 C1 com.android.dx.rop.type.StdTypeList.getWordCount()I (33 bytes) @ 0x01cd99cf [0x01cd9920+0xaf]
J 2039 C1 com.android.dx.dex.file.CodeItem.writeTo0(Lcom/android/dx/dex/file/DexFile;Lcom/android/dx/util/AnnotatedOutput;)V (489 bytes) @ 0x01ea6210 [0x01ea6140+0xd0]
J 2017 C1 com.android.dx.dex.file.OffsettedItem.writeTo(Lcom/android/dx/dex/file/DexFile;Lcom/android/dx/util/AnnotatedOutput;)V (72 bytes) @ 0x01e99144 [0x01e99080+0xc4]
j  com.android.dx.dex.file.MixedItemSection.writeTo0(Lcom/android/dx/util/AnnotatedOutput;)V+119
j  com.android.dx.dex.file.Section.writeTo(Lcom/android/dx/util/AnnotatedOutput;)V+155
j  com.android.dx.dex.file.DexFile.toDex0(ZZ)Lcom/android/dx/util/ByteArrayAnnotatedOutput;+462
j  com.android.dx.dex.file.DexFile.toDex(Ljava/io/Writer;Z)[B+13
j  com.android.dx.command.dexer.Main.writeDex(Lcom/android/dx/dex/file/DexFile;)[B+50
j  com.android.dx.command.dexer.Main.access$3000(Lcom/android/dx/command/dexer/Main;Lcom/android/dx/dex/file/DexFile;)[B+2
j  com.android.dx.command.dexer.Main$DexWriter.call()[B+8
j  com.android.dx.command.dexer.Main$DexWriter.call()Ljava/lang/Object;+1
J 1405 C1 java.util.concurrent.FutureTask.run()V (126 bytes) @ 0x01da1aa0 [0x01da1a10+0x90]
j  java.util.concurrent.ThreadPoolExecutor.runWorker(Ljava/util/concurrent/ThreadPoolExecutor$Worker;)V+95
j  java.util.concurrent.ThreadPoolExecutor$Worker.run()V+5
j  java.lang.Thread.run()V+11
v  ~StubRoutines::call_stub

---------------  P R O C E S S  ---------------

Java Threads: ( => current thread )
=>0x4440cc00 JavaThread "pool-1-thread-1" [_thread_in_vm, id=2784, stack(0x446b0000,0x44700000)]
  0x442ed800 JavaThread "Service Thread" daemon [_thread_blocked, id=4468, stack(0x44820000,0x44870000)]
  0x442da400 JavaThread "C1 CompilerThread0" daemon [_thread_blocked, id=4732, stack(0x44720000,0x44770000)]
  0x442d9000 JavaThread "Attach Listener" daemon [_thread_blocked, id=4052, stack(0x00af0000,0x00b40000)]
  0x442d6000 JavaThread "Signal Dispatcher" daemon [_thread_blocked, id=396, stack(0x447c0000,0x44810000)]
  0x442b6c00 JavaThread "Finalizer" daemon [_thread_blocked, id=4672, stack(0x44510000,0x44560000)]
  0x44290400 JavaThread "Reference Handler" daemon [_thread_blocked, id=4440, stack(0x44650000,0x446a0000)]
  0x00aebc00 JavaThread "main" [_thread_blocked, id=4432, stack(0x00b40000,0x00b90000)]

Other Threads:
  0x4428a800 VMThread [stack: 0x445a0000,0x445f0000] [id=2476]
  0x442cf000 WatcherThread [stack: 0x444c0000,0x44510000] [id=3008]

VM state:not at safepoint (normal execution)

VM Mutex/Monitor currently owned by a thread: None

Heap:
 def new generation   total 115584K, used 80547K [0x03c00000, 0x0b960000, 0x19150000)
  eden space 102784K,  65% used [0x03c00000, 0x07e28fd0, 0x0a060000)
  from space 12800K, 100% used [0x0ace0000, 0x0b960000, 0x0b960000)
  to   space 12800K,   0% used [0x0a060000, 0x0a060000, 0x0ace0000)
 tenured generation   total 256716K, used 192012K [0x19150000, 0x28c03000, 0x43c00000)
   the space 256716K,  74% used [0x19150000, 0x24cd3170, 0x24cd3200, 0x28c03000)
 Metaspace       used 3666K, capacity 3726K, committed 3776K, reserved 4480K

Card table byte_map: [0x43c00000,0x43e10000] byte_map_base: 0x43be2000

Polling page: 0x00290000

CodeCache: size=32768Kb used=4177Kb max_used=4177Kb free=28591Kb
 bounds [0x01aa0000, 0x01eb8000, 0x03aa0000]
 total_blobs=2206 nmethods=2059 adapters=77
 compilation: enabled

Compilation events (10 events):
Event: 6.541 Thread 0x442da400 2057 %           com.android.dx.dex.file.MixedItemSection::writeTo0 @ 27 (155 bytes)
Event: 6.542 Thread 0x442da400 nmethod 2057% 0x01eb1188 code [0x01eb1310, 0x01eb1864]
Event: 6.544 Thread 0x442da400 2058             com.android.dx.dex.code.form.Form21s::writeTo (40 bytes)
Event: 6.544 Thread 0x442da400 nmethod 2058 0x01eb1d48 code [0x01eb1e90, 0x01eb208c]
Event: 6.545 Thread 0x442da400 2059             com.android.dx.dex.code.CatchHandlerList::compareTo (9 bytes)
Event: 6.545 Thread 0x442da400 nmethod 2059 0x01eb2388 code [0x01eb2490, 0x01eb253c]
Event: 6.548 Thread 0x442da400 2060             com.android.dx.dex.code.SwitchData::writeTo (272 bytes)
Event: 6.549 Thread 0x442da400 nmethod 2060 0x01eb25c8 code [0x01eb27e0, 0x01eb2e10]
Event: 6.555 Thread 0x442da400 2061             com.android.dx.dex.code.form.Form3rc::writeTo (58 bytes)
Event: 6.556 Thread 0x442da400 nmethod 2061 0x01eb3908 code [0x01eb3a90, 0x01eb3d9c]

GC Heap History (10 events):
Event: 3.854 GC heap before
{Heap before GC invocations=59 (full 5):
 def new generation   total 67136K, used 67136K [0x03c00000, 0x084d0000, 0x19150000)
  eden space 59712K, 100% used [0x03c00000, 0x07650000, 0x07650000)
  from space 7424K, 100% used [0x07650000, 0x07d90000, 0x07d90000)
  to   space 7424K,   0% used [0x07d90000, 0x07d90000, 0x084d0000)
 tenured generation   total 149036K, used 137523K [0x19150000, 0x222db000, 0x43c00000)
   the space 149036K,  92% used [0x19150000, 0x2179cd00, 0x2179ce00, 0x222db000)
 Metaspace       used 3547K, capacity 3598K, committed 3648K, reserved 4480K
Event: 3.894 GC heap after
Heap after GC invocations=60 (full 5):
 def new generation   total 67136K, used 7424K [0x03c00000, 0x084d0000, 0x19150000)
  eden space 59712K,   0% used [0x03c00000, 0x03c00000, 0x07650000)
  from space 7424K, 100% used [0x07d90000, 0x084d0000, 0x084d0000)
  to   space 7424K,   0% used [0x07650000, 0x07650000, 0x07d90000)
 tenured generation   total 149036K, used 146233K [0x19150000, 0x222db000, 0x43c00000)
   the space 149036K,  98% used [0x19150000, 0x2201e7a8, 0x2201e800, 0x222db000)
 Metaspace       used 3547K, capacity 3598K, committed 3648K, reserved 4480K
}
Event: 3.991 GC heap before
{Heap before GC invocations=60 (full 5):
 def new generation   total 67136K, used 67136K [0x03c00000, 0x084d0000, 0x19150000)
  eden space 59712K, 100% used [0x03c00000, 0x07650000, 0x07650000)
  from space 7424K, 100% used [0x07d90000, 0x084d0000, 0x084d0000)
  to   space 7424K,   0% used [0x07650000, 0x07650000, 0x07d90000)
 tenured generation   total 149036K, used 146233K [0x19150000, 0x222db000, 0x43c00000)
   the space 149036K,  98% used [0x19150000, 0x2201e7a8, 0x2201e800, 0x222db000)
 Metaspace       used 3547K, capacity 3598K, committed 3648K, reserved 4480K
Event: 4.389 GC heap after
Heap after GC invocations=61 (full 6):
 def new generation   total 115584K, used 7406K [0x03c00000, 0x0b960000, 0x19150000)
  eden space 102784K,   7% used [0x03c00000, 0x0433bb90, 0x0a060000)
  from space 12800K,   0% used [0x0a060000, 0x0a060000, 0x0ace0000)
  to   space 12800K,   0% used [0x0ace0000, 0x0ace0000, 0x0b960000)
 tenured generation   total 256716K, used 154028K [0x19150000, 0x28c03000, 0x43c00000)
   the space 256716K,  59% used [0x19150000, 0x227bb000, 0x227bb000, 0x28c03000)
 Metaspace       used 3547K, capacity 3598K, committed 3648K, reserved 4480K
}
Event: 4.562 GC heap before
{Heap before GC invocations=61 (full 6):
 def new generation   total 115584K, used 102784K [0x03c00000, 0x0b960000, 0x19150000)
  eden space 102784K, 100% used [0x03c00000, 0x0a060000, 0x0a060000)
  from space 12800K,   0% used [0x0a060000, 0x0a060000, 0x0ace0000)
  to   space 12800K,   0% used [0x0ace0000, 0x0ace0000, 0x0b960000)
 tenured generation   total 256716K, used 154028K [0x19150000, 0x28c03000, 0x43c00000)
   the space 256716K,  59% used [0x19150000, 0x227bb000, 0x227bb000, 0x28c03000)
 Metaspace       used 3547K, capacity 3598K, committed 3648K, reserved 4480K
Event: 4.694 GC heap after
Heap after GC invocations=62 (full 6):
 def new generation   total 115584K, used 12799K [0x03c00000, 0x0b960000, 0x19150000)
  eden space 102784K,   0% used [0x03c00000, 0x03c00000, 0x0a060000)
  from space 12800K,  99% used [0x0ace0000, 0x0b95fff8, 0x0b960000)
  to   space 12800K,   0% used [0x0a060000, 0x0a060000, 0x0ace0000)
 tenured generation   total 256716K, used 161997K [0x19150000, 0x28c03000, 0x43c00000)
   the space 256716K,  63% used [0x19150000, 0x22f83748, 0x22f83800, 0x28c03000)
 Metaspace       used 3547K, capacity 3598K, committed 3648K, reserved 4480K
}
Event: 4.858 GC heap before
{Heap before GC invocations=62 (full 6):
 def new generation   total 115584K, used 115583K [0x03c00000, 0x0b960000, 0x19150000)
  eden space 102784K, 100% used [0x03c00000, 0x0a060000, 0x0a060000)
  from space 12800K,  99% used [0x0ace0000, 0x0b95fff8, 0x0b960000)
  to   space 12800K,   0% used [0x0a060000, 0x0a060000, 0x0ace0000)
 tenured generation   total 256716K, used 161997K [0x19150000, 0x28c03000, 0x43c00000)
   the space 256716K,  63% used [0x19150000, 0x22f83748, 0x22f83800, 0x28c03000)
 Metaspace       used 3547K, capacity 3598K, committed 3648K, reserved 4480K
Event: 4.938 GC heap after
Heap after GC invocations=63 (full 6):
 def new generation   total 115584K, used 12800K [0x03c00000, 0x0b960000, 0x19150000)
  eden space 102784K,   0% used [0x03c00000, 0x03c00000, 0x0a060000)
  from space 12800K, 100% used [0x0a060000, 0x0ace0000, 0x0ace0000)
  to   space 12800K,   0% used [0x0ace0000, 0x0ace0000, 0x0b960000)
 tenured generation   total 256716K, used 177618K [0x19150000, 0x28c03000, 0x43c00000)
   the space 256716K,  69% used [0x19150000, 0x23ec4ac0, 0x23ec4c00, 0x28c03000)
 Metaspace       used 3547K, capacity 3598K, committed 3648K, reserved 4480K
}
Event: 5.689 GC heap before
{Heap before GC invocations=63 (full 6):
 def new generation   total 115584K, used 115584K [0x03c00000, 0x0b960000, 0x19150000)
  eden space 102784K, 100% used [0x03c00000, 0x0a060000, 0x0a060000)
  from space 12800K, 100% used [0x0a060000, 0x0ace0000, 0x0ace0000)
  to   space 12800K,   0% used [0x0ace0000, 0x0ace0000, 0x0b960000)
 tenured generation   total 256716K, used 177618K [0x19150000, 0x28c03000, 0x43c00000)
   the space 256716K,  69% used [0x19150000, 0x23ec4ac0, 0x23ec4c00, 0x28c03000)
 Metaspace       used 3639K, capacity 3694K, committed 3776K, reserved 4480K
Event: 5.770 GC heap after
Heap after GC invocations=64 (full 6):
 def new generation   total 115584K, used 12800K [0x03c00000, 0x0b960000, 0x19150000)
  eden space 102784K,   0% used [0x03c00000, 0x03c00000, 0x0a060000)
  from space 12800K, 100% used [0x0ace0000, 0x0b960000, 0x0b960000)
  to   space 12800K,   0% used [0x0a060000, 0x0a060000, 0x0ace0000)
 tenured generation   total 256716K, used 192012K [0x19150000, 0x28c03000, 0x43c00000)
   the space 256716K,  74% used [0x19150000, 0x24cd3170, 0x24cd3200, 0x28c03000)
 Metaspace       used 3639K, capacity 3694K, committed 3776K, reserved 4480K
}

Deoptimization events (0 events):
No events

Internal exceptions (5 events):
Event: 0.024 Thread 0x00aebc00 Exception <a 'java/lang/NoSuchMethodError': Method sun.misc.Unsafe.defineClass(Ljava/lang/String;[BII)Ljava/lang/Class; name or signature does not match> (0x03c06ea8) thrown at [C:\re\workspace\8-2-build-windows-i586-cygwin\jdk8u101\7261\hotspot\src\share\£ôw?À˜?
Event: 0.024 Thread 0x00aebc00 Exception <a 'java/lang/NoSuchMethodError': Method sun.misc.Unsafe.prefetchRead(Ljava/lang/Object;J)V name or signature does not match> (0x03c07178) thrown at [C:\re\workspace\8-2-build-windows-i586-cygwin\jdk8u101\7261\hotspot\src\share\vm\prims\jni.cpp, »Ç5Ñ–ë?
Event: 0.862 Thread 0x4443f400 Exception <a 'java/lang/ArrayIndexOutOfBoundsException': 18> (0x042f7f58) thrown at [C:\re\workspace\8-2-build-windows-i586-cygwin\jdk8u101\7261\hotspot\src\share\vm\interpreter\interpreterRuntime.cpp, line 366]
Event: 0.862 Thread 0x4443f400 Exception <a 'java/lang/ArrayIndexOutOfBoundsException': 145> (0x042f97f8) thrown at [C:\re\workspace\8-2-build-windows-i586-cygwin\jdk8u101\7261\hotspot\src\share\vm\interpreter\interpreterRuntime.cpp, line 366]
Event: 0.863 Thread 0x4443f400 Exception <a 'java/lang/ArrayIndexOutOfBoundsException': 40> (0x042fa8d8) thrown at [C:\re\workspace\8-2-build-windows-i586-cygwin\jdk8u101\7261\hotspot\src\share\vm\interpreter\interpreterRuntime.cpp, line 366]

Events (10 events):
Event: 6.226 loading class com/android/dx/dex/file/DebugInfoEncoder$1
Event: 6.226 loading class com/android/dx/dex/file/DebugInfoEncoder$1 done
Event: 6.226 loading class com/android/dx/dex/file/DebugInfoEncoder$2
Event: 6.226 loading class com/android/dx/dex/file/DebugInfoEncoder$2 done
Event: 6.310 loading class com/android/dex/EncodedValueCodec
Event: 6.310 loading class com/android/dex/EncodedValueCodec done
Event: 6.372 loading class com/android/dx/dex/file/MapItem
Event: 6.372 loading class com/android/dx/dex/file/MapItem done
Event: 6.381 loading class com/android/dex/DexFormat
Event: 6.381 loading class com/android/dex/DexFormat done


Dynamic libraries:
0x00e60000 - 0x00e93000 	C:\Program Files\Java\jdk1.8.0_101\bin\java.exe
0x77a30000 - 0x77b6c000 	C:\Windows\SYSTEM32\ntdll.dll
0x76410000 - 0x764e4000 	C:\Windows\system32\kernel32.dll
0x75e30000 - 0x75e7a000 	C:\Windows\system32\KERNELBASE.dll
0x766f0000 - 0x76790000 	C:\Windows\system32\ADVAPI32.dll
0x76b90000 - 0x76c3c000 	C:\Windows\system32\msvcrt.dll
0x765c0000 - 0x765d9000 	C:\Windows\SYSTEM32\sechost.dll
0x76790000 - 0x76831000 	C:\Windows\system32\RPCRT4.dll
0x76ac0000 - 0x76b89000 	C:\Windows\system32\USER32.dll
0x76120000 - 0x7616e000 	C:\Windows\system32\GDI32.dll
0x76110000 - 0x7611a000 	C:\Windows\system32\LPK.dll
0x761e0000 - 0x7627d000 	C:\Windows\system32\USP10.dll
0x74840000 - 0x749de000 	C:\Windows\WinSxS\x86_microsoft.windows.common-controls_6595b64144ccf1df_6.0.7600.16385_none_421189da2b7fabfc\COMCTL32.dll
0x76170000 - 0x761c7000 	C:\Windows\system32\SHLWAPI.dll
0x763f0000 - 0x7640f000 	C:\Windows\system32\IMM32.DLL
0x764f0000 - 0x765bc000 	C:\Windows\system32\MSCTF.dll
0x5b630000 - 0x5b6ef000 	C:\Program Files\Java\jdk1.8.0_101\jre\bin\msvcr100.dll
0x57580000 - 0x5794c000 	C:\Program Files\Java\jdk1.8.0_101\jre\bin\client\jvm.dll
0x71170000 - 0x71177000 	C:\Windows\system32\WSOCK32.dll
0x77c20000 - 0x77c55000 	C:\Windows\system32\WS2_32.dll
0x763e0000 - 0x763e6000 	C:\Windows\system32\NSI.dll
0x71000000 - 0x71032000 	C:\Windows\system32\WINMM.dll
0x75080000 - 0x75089000 	C:\Windows\system32\VERSION.dll
0x76940000 - 0x76945000 	C:\Windows\system32\PSAPI.DLL
0x67da0000 - 0x67dac000 	C:\Program Files\Java\jdk1.8.0_101\jre\bin\verify.dll
0x67d70000 - 0x67d91000 	C:\Program Files\Java\jdk1.8.0_101\jre\bin\java.dll
0x67d50000 - 0x67d63000 	C:\Program Files\Java\jdk1.8.0_101\jre\bin\zip.dll
0x76de0000 - 0x77a29000 	C:\Windows\system32\SHELL32.dll
0x76280000 - 0x763dc000 	C:\Windows\system32\ole32.dll
0x75b80000 - 0x75b8b000 	C:\Windows\system32\profapi.dll
0x73980000 - 0x73a6b000 	C:\Windows\system32\dbghelp.dll

VM Arguments:
jvm_args: -Djava.awt.headless=true -Xmx1024M -Dfile.encoding=windows-1252 -Duser.country=US -Duser.language=en -Duser.variant 
java_command: com.android.dx.command.Main --dex --num-threads=4 --multi-dex --main-dex-list E:\SandeepProjectResources\MobipugNew\MobipugSource\app\build\intermediates\multi-dex\debug\maindexlist.txt --output E:\SandeepProjectResources\MobipugNew\MobipugSource\app\build\intermediates\transforms\dex\debug\folders\1000\1f\main E:\SandeepProjectResources\MobipugNew\MobipugSource\app\build\intermediates\transforms\jarMerging\debug\jars\1\1f\combined.jar
java_class_path (initial): C:\Users\android-4\AppData\Local\Android\Sdk\build-tools\26.0.2\lib\dx.jar
Launcher Type: SUN_STANDARD

Environment Variables:
PATH=C:\ProgramData\Oracle\Java\javapath;C:\Windows\system32;C:\Windows;C:\Windows\System32\Wbem;C:\Windows\System32\WindowsPowerShell\v1.0\;C:\Program Files\Intel\OpenCL SDK\2.0\bin\x86;C:\Program Files\Skype\Phone\
USERNAME=android-4
OS=Windows_NT
PROCESSOR_IDENTIFIER=x86 Family 6 Model 42 Stepping 7, GenuineIntel



---------------  S Y S T E M  ---------------

OS: Windows 7 Build 7600 (6.1.7600.16385)

CPU:total 4 (2 cores per cpu, 2 threads per core) family 6 model 42 stepping 7, cmov, cx8, fxsr, mmx, sse, sse2, sse3, ssse3, sse4.1, sse4.2, popcnt, clmul, ht, tsc, tscinvbit

Memory: 4k page, physical 3578328k(406952k free), swap 24056564k(19352488k free)

vm_info: Java HotSpot(TM) Client VM (25.101-b13) for windows-x86 JRE (1.8.0_101-b13), built on Jun 22 2016 00:45:44 by "java_re" with MS VC++ 10.0 (VS2010)

time: Wed Oct 24 18:13:53 2018
elapsed time: 6 seconds (0d 0h 0m 6s)

