#
# A fatal error has been detected by the Java Runtime Environment:
#
#  EXCEPTION_ACCESS_VIOLATION (0xc0000005) at pc=0x518055cf, pid=4276, tid=0x00001634
#
# JRE version: Java(TM) SE Runtime Environment (8.0_101-b13) (build 1.8.0_101-b13)
# Java VM: Java HotSpot(TM) Client VM (25.101-b13 mixed mode windows-x86 )
# Problematic frame:
# V  [jvm.dll+0x955cf]
#
# Failed to write core dump. Minidumps are not enabled by default on client versions of Windows
#
# If you would like to submit a bug report, please visit:
#   http://bugreport.java.com/bugreport/crash.jsp
#

---------------  T H R E A D  ---------------

Current thread (0x445ea800):  VMThread [stack: 0x01010000,0x01060000] [id=5684]

siginfo: ExceptionCode=0xc0000005, reading address 0xb0000c2a

Registers:
EAX=0xb0000bb6, EBX=0x443da0a0, ECX=0x443d3988, EDX=0x10f848f0
ESP=0x0105f064, EBP=0x0105f074, ESI=0x004d1c88, EDI=0x0e6300d8
EIP=0x518055cf, EFLAGS=0x00010202

Top of Stack: (sp=0x0105f064)
0x0105f064:   0105f220 10f848e8 443da0a0 004d1c88
0x0105f074:   0105f094 5182afcc 0e6300d8 1105ae18
0x0105f084:   10f848e0 0105f220 443d9f58 443da0a8
0x0105f094:   0105f0b4 5181518f 10f848e0 10f848f0
0x0105f0a4:   004d1c88 0105f220 004cf210 004d2ab0
0x0105f0b4:   0105f0c8 51803dad 0105f220 004cf210
0x0105f0c4:   00000000 0105f0dc 518081ec 0105f220
0x0105f0d4:   0105f1d4 00000000 0105f2f8 518041d7 

Instructions: (pc=0x518055cf)
0x518055af:   83 e1 3f d3 e3 4a c1 f8 10 25 ff 00 00 00 03 da
0x518055bf:   03 d8 f7 d2 c1 eb 02 c1 ea 02 23 da eb 0a 8b 01
0x518055cf:   8b 50 74 57 ff d2 8b d8 8b 07 f6 d0 a8 01 8b 07
0x518055df:   74 05 83 e0 fd 8b 00 c1 e8 03 83 e0 0f 3b 86 8c 


Register to memory mapping:

EAX=0xb0000bb6 is an unknown value
EBX=0x443da0a0 is pointing into metadata
ECX=0x443d3988 is pointing into metadata
EDX=0x10f848f0 is an oop
com.android.dx.rop.cst.CstMethodRef 
 - klass: 'com/android/dx/rop/cst/CstMethodRef'
ESP=0x0105f064 is an unknown value
EBP=0x0105f074 is an unknown value
ESI=0x004d1c88 is an unknown value
EDI=
[error occurred during error reporting (printing register info), id 0xc0000005]

Stack: [0x01010000,0x01060000],  sp=0x0105f064,  free space=316k
Native frames: (J=compiled Java code, j=interpreted, Vv=VM code, C=native code)
V  [jvm.dll+0x955cf]
V  [jvm.dll+0xbafcc]
V  [jvm.dll+0xa518f]
V  [jvm.dll+0x93dad]
V  [jvm.dll+0x981ec]
V  [jvm.dll+0x941d7]
V  [jvm.dll+0x98e73]
V  [jvm.dll+0x92e25]
V  [jvm.dll+0x1b81c6]
V  [jvm.dll+0x18292b]
V  [jvm.dll+0x181d31]
V  [jvm.dll+0x182147]
V  [jvm.dll+0x182342]
V  [jvm.dll+0x1c1ed6]
C  [msvcr100.dll+0x5c556]
C  [msvcr100.dll+0x5c600]
C  [kernel32.dll+0x51174]
C  [ntdll.dll+0x5b3f5]
C  [ntdll.dll+0x5b3c8]

VM_Operation (0x00a5eb28): GenCollectForAllocation, mode: safepoint, requested by thread 0x44781800


---------------  P R O C E S S  ---------------

Java Threads: ( => current thread )
  0x447b0000 JavaThread "pool-2-thread-4" [_thread_blocked, id=2572, stack(0x44ce0000,0x44d30000)]
  0x447af000 JavaThread "pool-2-thread-3" [_thread_blocked, id=1288, stack(0x44b10000,0x44b60000)]
  0x44782800 JavaThread "pool-2-thread-2" [_thread_blocked, id=5592, stack(0x44b90000,0x44be0000)]
  0x44783400 JavaThread "pool-3-thread-1" [_thread_blocked, id=4272, stack(0x44a70000,0x44ac0000)]
  0x44781800 JavaThread "pool-2-thread-1" [_thread_blocked, id=4788, stack(0x00a10000,0x00a60000)]
  0x4464cc00 JavaThread "Service Thread" daemon [_thread_blocked, id=4420, stack(0x449c0000,0x44a10000)]
  0x4463a000 JavaThread "C1 CompilerThread0" daemon [_thread_blocked, id=824, stack(0x44920000,0x44970000)]
  0x44639000 JavaThread "Attach Listener" daemon [_thread_blocked, id=4772, stack(0x03cd0000,0x03d20000)]
  0x44636000 JavaThread "Signal Dispatcher" daemon [_thread_blocked, id=4508, stack(0x00c60000,0x00cb0000)]
  0x44616c00 JavaThread "Finalizer" daemon [_thread_blocked, id=1416, stack(0x00bf0000,0x00c40000)]
  0x445f0400 JavaThread "Reference Handler" daemon [_thread_blocked, id=3996, stack(0x03d20000,0x03d70000)]
  0x00aebc00 JavaThread "main" [_thread_blocked, id=5300, stack(0x00a60000,0x00ab0000)]

Other Threads:
=>0x445ea800 VMThread [stack: 0x01010000,0x01060000] [id=5684]
  0x44630000 WatcherThread [stack: 0x03d80000,0x03dd0000] [id=5396]

VM state:at safepoint (normal execution)

VM Mutex/Monitor currently owned by a thread:  ([mutex/lock_event])
[0x00aea230] Threads_lock - owner thread: 0x445ea800
[0x00aea640] Heap_lock - owner thread: 0x44781800

Heap:
 def new generation   total 208960K, used 185792K [0x03e00000, 0x120b0000, 0x19350000)
  eden space 185792K, 100% used [0x03e00000, 0x0f370000, 0x0f370000)
  from space 23168K,   0% used [0x0f370000, 0x0f370000, 0x10a10000)
  to   space 23168K,  28% used [0x10a10000, 0x1109a3c8, 0x120b0000)
 tenured generation   total 464196K, used 278521K [0x19350000, 0x358a1000, 0x43e00000)
   the space 464196K,  60% used [0x19350000, 0x2a34e448, 0x2a34e600, 0x358a1000)
 Metaspace       used 3552K, capacity 3598K, committed 3648K, reserved 4480K

Card table byte_map: [0x43e00000,0x44010000] byte_map_base: 0x43de1000

Polling page: 0x00150000

CodeCache: size=32768Kb used=3498Kb max_used=3498Kb free=29269Kb
 bounds [0x01cb0000, 0x02020000, 0x03cb0000]
 total_blobs=1816 nmethods=1669 adapters=77
 compilation: enabled

Compilation events (10 events):
Event: 7.387 Thread 0x4463a000 1667             com.android.dx.cf.code.ExecutionStack::peekLocal (46 bytes)
Event: 7.387 Thread 0x4463a000 nmethod 1667 0x02017e08 code [0x02017f20, 0x020180c8]
Event: 7.387 Thread 0x4463a000 1668             com.android.dx.cf.code.BaseMachine::popArgs (204 bytes)
Event: 7.388 Thread 0x4463a000 nmethod 1668 0x02018208 code [0x020184e0, 0x02018e64]
Event: 7.388 Thread 0x4463a000 1669             com.android.dx.rop.code.Rops::opAput (97 bytes)
Event: 7.388 Thread 0x4463a000 nmethod 1669 0x02019b88 code [0x02019d00, 0x0201a078]
Event: 7.405 Thread 0x4463a000 1670             com.android.dx.dex.file.AnnotationsDirectoryItem::addFieldAnnotations (44 bytes)
Event: 7.406 Thread 0x4463a000 nmethod 1670 0x0201a308 code [0x0201a440, 0x0201a704]
Event: 7.406 Thread 0x4463a000 1671             com.android.dx.dex.file.FieldAnnotationStruct::<init> (43 bytes)
Event: 7.406 Thread 0x4463a000 nmethod 1671 0x0201aa08 code [0x0201ab20, 0x0201aca8]

GC Heap History (10 events):
Event: 5.543 GC heap after
Heap after GC invocations=85 (full 6):
 def new generation   total 122176K, used 13568K [0x03e00000, 0x0c290000, 0x19350000)
  eden space 108608K,   0% used [0x03e00000, 0x03e00000, 0x0a810000)
  from space 13568K, 100% used [0x0b550000, 0x0c290000, 0x0c290000)
  to   space 13568K,   0% used [0x0a810000, 0x0a810000, 0x0b550000)
 tenured generation   total 271348K, used 214453K [0x19350000, 0x29c4d000, 0x43e00000)
   the space 271348K,  79% used [0x19350000, 0x264bd4d8, 0x264bd600, 0x29c4d000)
 Metaspace       used 3552K, capacity 3598K, committed 3648K, reserved 4480K
}
Event: 5.717 GC heap before
{Heap before GC invocations=85 (full 6):
 def new generation   total 122176K, used 122176K [0x03e00000, 0x0c290000, 0x19350000)
  eden space 108608K, 100% used [0x03e00000, 0x0a810000, 0x0a810000)
  from space 13568K, 100% used [0x0b550000, 0x0c290000, 0x0c290000)
  to   space 13568K,   0% used [0x0a810000, 0x0a810000, 0x0b550000)
 tenured generation   total 271348K, used 214453K [0x19350000, 0x29c4d000, 0x43e00000)
   the space 271348K,  79% used [0x19350000, 0x264bd4d8, 0x264bd600, 0x29c4d000)
 Metaspace       used 3552K, capacity 3598K, committed 3648K, reserved 4480K
Event: 5.791 GC heap after
Heap after GC invocations=86 (full 6):
 def new generation   total 122176K, used 13568K [0x03e00000, 0x0c290000, 0x19350000)
  eden space 108608K,   0% used [0x03e00000, 0x03e00000, 0x0a810000)
  from space 13568K, 100% used [0x0a810000, 0x0b550000, 0x0b550000)
  to   space 13568K,   0% used [0x0b550000, 0x0b550000, 0x0c290000)
 tenured generation   total 271348K, used 230605K [0x19350000, 0x29c4d000, 0x43e00000)
   the space 271348K,  84% used [0x19350000, 0x274834b8, 0x27483600, 0x29c4d000)
 Metaspace       used 3552K, capacity 3598K, committed 3648K, reserved 4480K
}
Event: 5.963 GC heap before
{Heap before GC invocations=86 (full 6):
 def new generation   total 122176K, used 122176K [0x03e00000, 0x0c290000, 0x19350000)
  eden space 108608K, 100% used [0x03e00000, 0x0a810000, 0x0a810000)
  from space 13568K, 100% used [0x0a810000, 0x0b550000, 0x0b550000)
  to   space 13568K,   0% used [0x0b550000, 0x0b550000, 0x0c290000)
 tenured generation   total 271348K, used 230605K [0x19350000, 0x29c4d000, 0x43e00000)
   the space 271348K,  84% used [0x19350000, 0x274834b8, 0x27483600, 0x29c4d000)
 Metaspace       used 3552K, capacity 3598K, committed 3648K, reserved 4480K
Event: 6.039 GC heap after
Heap after GC invocations=87 (full 6):
 def new generation   total 122176K, used 13567K [0x03e00000, 0x0c290000, 0x19350000)
  eden space 108608K,   0% used [0x03e00000, 0x03e00000, 0x0a810000)
  from space 13568K,  99% used [0x0b550000, 0x0c28fff8, 0x0c290000)
  to   space 13568K,   0% used [0x0a810000, 0x0a810000, 0x0b550000)
 tenured generation   total 271348K, used 246800K [0x19350000, 0x29c4d000, 0x43e00000)
   the space 271348K,  90% used [0x19350000, 0x28454318, 0x28454400, 0x29c4d000)
 Metaspace       used 3552K, capacity 3598K, committed 3648K, reserved 4480K
}
Event: 6.238 GC heap before
{Heap before GC invocations=87 (full 6):
 def new generation   total 122176K, used 122175K [0x03e00000, 0x0c290000, 0x19350000)
  eden space 108608K, 100% used [0x03e00000, 0x0a810000, 0x0a810000)
  from space 13568K,  99% used [0x0b550000, 0x0c28fff8, 0x0c290000)
  to   space 13568K,   0% used [0x0a810000, 0x0a810000, 0x0b550000)
 tenured generation   total 271348K, used 246800K [0x19350000, 0x29c4d000, 0x43e00000)
   the space 271348K,  90% used [0x19350000, 0x28454318, 0x28454400, 0x29c4d000)
 Metaspace       used 3552K, capacity 3598K, committed 3648K, reserved 4480K
Event: 6.309 GC heap after
Heap after GC invocations=88 (full 6):
 def new generation   total 122176K, used 13568K [0x03e00000, 0x0c290000, 0x19350000)
  eden space 108608K,   0% used [0x03e00000, 0x03e00000, 0x0a810000)
  from space 13568K, 100% used [0x0a810000, 0x0b550000, 0x0b550000)
  to   space 13568K,   0% used [0x0b550000, 0x0b550000, 0x0c290000)
 tenured generation   total 271348K, used 261384K [0x19350000, 0x29c4d000, 0x43e00000)
   the space 271348K,  96% used [0x19350000, 0x29292250, 0x29292400, 0x29c4d000)
 Metaspace       used 3552K, capacity 3598K, committed 3648K, reserved 4480K
}
Event: 6.504 GC heap before
{Heap before GC invocations=88 (full 6):
 def new generation   total 122176K, used 122176K [0x03e00000, 0x0c290000, 0x19350000)
  eden space 108608K, 100% used [0x03e00000, 0x0a810000, 0x0a810000)
  from space 13568K, 100% used [0x0a810000, 0x0b550000, 0x0b550000)
  to   space 13568K,   0% used [0x0b550000, 0x0b550000, 0x0c290000)
 tenured generation   total 271348K, used 261384K [0x19350000, 0x29c4d000, 0x43e00000)
   the space 271348K,  96% used [0x19350000, 0x29292250, 0x29292400, 0x29c4d000)
 Metaspace       used 3552K, capacity 3598K, committed 3648K, reserved 4480K
Event: 7.272 GC heap after
Heap after GC invocations=89 (full 7):
 def new generation   total 208960K, used 13493K [0x03e00000, 0x120b0000, 0x19350000)
  eden space 185792K,   7% used [0x03e00000, 0x04b2d610, 0x0f370000)
  from space 23168K,   0% used [0x0f370000, 0x0f370000, 0x10a10000)
  to   space 23168K,   0% used [0x10a10000, 0x10a10000, 0x120b0000)
 tenured generation   total 464196K, used 278516K [0x19350000, 0x358a1000, 0x43e00000)
   the space 464196K,  59% used [0x19350000, 0x2a34d000, 0x2a34d000, 0x358a1000)
 Metaspace       used 3552K, capacity 3598K, committed 3648K, reserved 4480K
}
Event: 7.576 GC heap before
{Heap before GC invocations=89 (full 7):
 def new generation   total 208960K, used 185792K [0x03e00000, 0x120b0000, 0x19350000)
  eden space 185792K, 100% used [0x03e00000, 0x0f370000, 0x0f370000)
  from space 23168K,   0% used [0x0f370000, 0x0f370000, 0x10a10000)
  to   space 23168K,   0% used [0x10a10000, 0x10a10000, 0x120b0000)
 tenured generation   total 464196K, used 278516K [0x19350000, 0x358a1000, 0x43e00000)
   the space 464196K,  59% used [0x19350000, 0x2a34d000, 0x2a34d000, 0x358a1000)
 Metaspace       used 3552K, capacity 3598K, committed 3648K, reserved 4480K

Deoptimization events (0 events):
No events

Internal exceptions (5 events):
Event: 0.024 Thread 0x00aebc00 Exception <a 'java/lang/NoSuchMethodError': Method sun.misc.Unsafe.defineClass(Ljava/lang/String;[BII)Ljava/lang/Class; name or signature does not match> (0x03e06ea8) thrown at [C:\re\workspace\8-2-build-windows-i586-cygwin\jdk8u101\7261\hotspot\src\share\ö¿gj'˜?
Event: 0.024 Thread 0x00aebc00 Exception <a 'java/lang/NoSuchMethodError': Method sun.misc.Unsafe.prefetchRead(Ljava/lang/Object;J)V name or signature does not match> (0x03e07178) thrown at [C:\re\workspace\8-2-build-windows-i586-cygwin\jdk8u101\7261\hotspot\src\share\vm\prims\jni.cpp, …ÞØ~V‚ë?
Event: 0.860 Thread 0x44781800 Exception <a 'java/lang/ArrayIndexOutOfBoundsException': 18> (0x040ae660) thrown at [C:\re\workspace\8-2-build-windows-i586-cygwin\jdk8u101\7261\hotspot\src\share\vm\interpreter\interpreterRuntime.cpp, line 366]
Event: 0.860 Thread 0x44781800 Exception <a 'java/lang/ArrayIndexOutOfBoundsException': 145> (0x040fa0e0) thrown at [C:\re\workspace\8-2-build-windows-i586-cygwin\jdk8u101\7261\hotspot\src\share\vm\interpreter\interpreterRuntime.cpp, line 366]
Event: 0.861 Thread 0x44781800 Exception <a 'java/lang/ArrayIndexOutOfBoundsException': 40> (0x040fb1c0) thrown at [C:\re\workspace\8-2-build-windows-i586-cygwin\jdk8u101\7261\hotspot\src\share\vm\interpreter\interpreterRuntime.cpp, line 366]

Events (10 events):
Event: 5.543 Executing VM operation: GenCollectForAllocation done
Event: 5.717 Executing VM operation: GenCollectForAllocation
Event: 5.792 Executing VM operation: GenCollectForAllocation done
Event: 5.963 Executing VM operation: GenCollectForAllocation
Event: 6.039 Executing VM operation: GenCollectForAllocation done
Event: 6.238 Executing VM operation: GenCollectForAllocation
Event: 6.309 Executing VM operation: GenCollectForAllocation done
Event: 6.504 Executing VM operation: GenCollectForAllocation
Event: 7.273 Executing VM operation: GenCollectForAllocation done
Event: 7.576 Executing VM operation: GenCollectForAllocation


Dynamic libraries:
0x01070000 - 0x010a3000 	C:\Program Files\Java\jdk1.8.0_101\bin\java.exe
0x76f00000 - 0x7703c000 	C:\Windows\SYSTEM32\ntdll.dll
0x755f0000 - 0x756c4000 	C:\Windows\system32\kernel32.dll
0x751f0000 - 0x7523a000 	C:\Windows\system32\KERNELBASE.dll
0x753a0000 - 0x75440000 	C:\Windows\system32\ADVAPI32.dll
0x76520000 - 0x765cc000 	C:\Windows\system32\msvcrt.dll
0x75370000 - 0x75389000 	C:\Windows\SYSTEM32\sechost.dll
0x76470000 - 0x76511000 	C:\Windows\system32\RPCRT4.dll
0x756d0000 - 0x75799000 	C:\Windows\system32\USER32.dll
0x770e0000 - 0x7712e000 	C:\Windows\system32\GDI32.dll
0x75390000 - 0x7539a000 	C:\Windows\system32\LPK.dll
0x76b50000 - 0x76bed000 	C:\Windows\system32\USP10.dll
0x73dc0000 - 0x73f5e000 	C:\Windows\WinSxS\x86_microsoft.windows.common-controls_6595b64144ccf1df_6.0.7600.16385_none_421189da2b7fabfc\COMCTL32.dll
0x76af0000 - 0x76b47000 	C:\Windows\system32\SHLWAPI.dll
0x77040000 - 0x7705f000 	C:\Windows\system32\IMM32.DLL
0x76d30000 - 0x76dfc000 	C:\Windows\system32\MSCTF.dll
0x64db0000 - 0x64e6f000 	C:\Program Files\Java\jdk1.8.0_101\jre\bin\msvcr100.dll
0x51770000 - 0x51b3c000 	C:\Program Files\Java\jdk1.8.0_101\jre\bin\client\jvm.dll
0x70810000 - 0x70817000 	C:\Windows\system32\WSOCK32.dll
0x75440000 - 0x75475000 	C:\Windows\system32\WS2_32.dll
0x75350000 - 0x75356000 	C:\Windows\system32\NSI.dll
0x707c0000 - 0x707f2000 	C:\Windows\system32\WINMM.dll
0x74550000 - 0x74559000 	C:\Windows\system32\VERSION.dll
0x75360000 - 0x75365000 	C:\Windows\system32\PSAPI.DLL
0x720f0000 - 0x720fc000 	C:\Program Files\Java\jdk1.8.0_101\jre\bin\verify.dll
0x72070000 - 0x72091000 	C:\Program Files\Java\jdk1.8.0_101\jre\bin\java.dll
0x720b0000 - 0x720c3000 	C:\Program Files\Java\jdk1.8.0_101\jre\bin\zip.dll
0x75820000 - 0x76469000 	C:\Windows\system32\SHELL32.dll
0x75490000 - 0x755ec000 	C:\Windows\system32\ole32.dll
0x75050000 - 0x7505b000 	C:\Windows\system32\profapi.dll
0x72db0000 - 0x72e9b000 	C:\Windows\system32\dbghelp.dll

VM Arguments:
jvm_args: -Djava.awt.headless=true -Xmx1024M -Dfile.encoding=windows-1252 -Duser.country=US -Duser.language=en -Duser.variant 
java_command: com.android.dx.command.Main --dex --num-threads=4 --multi-dex --main-dex-list E:\SandeepProjectResources\MobipugNew\Mobipug27.10.18\MobipugSource\app\build\intermediates\multi-dex\debug\maindexlist.txt --output E:\SandeepProjectResources\MobipugNew\Mobipug27.10.18\MobipugSource\app\build\intermediates\transforms\dex\debug\folders\1000\1f\main E:\SandeepProjectResources\MobipugNew\Mobipug27.10.18\MobipugSource\app\build\intermediates\transforms\jarMerging\debug\jars\1\1f\combined.jar
java_class_path (initial): C:\Users\android-4\AppData\Local\Android\Sdk\build-tools\26.0.2\lib\dx.jar
Launcher Type: SUN_STANDARD

Environment Variables:
PATH=C:\ProgramData\Oracle\Java\javapath;C:\Windows\system32;C:\Windows;C:\Windows\System32\Wbem;C:\Windows\System32\WindowsPowerShell\v1.0\;C:\Program Files\Intel\OpenCL SDK\2.0\bin\x86;C:\Program Files\Skype\Phone\
USERNAME=android-4
OS=Windows_NT
PROCESSOR_IDENTIFIER=x86 Family 6 Model 42 Stepping 7, GenuineIntel



---------------  S Y S T E M  ---------------

OS: Windows 7 Build 7600 (6.1.7600.16385)

CPU:total 4 (2 cores per cpu, 2 threads per core) family 6 model 42 stepping 7, cmov, cx8, fxsr, mmx, sse, sse2, sse3, ssse3, sse4.1, sse4.2, popcnt, clmul, ht, tsc, tscinvbit

Memory: 4k page, physical 3578328k(958852k free), swap 24056564k(19996804k free)

vm_info: Java HotSpot(TM) Client VM (25.101-b13) for windows-x86 JRE (1.8.0_101-b13), built on Jun 22 2016 00:45:44 by "java_re" with MS VC++ 10.0 (VS2010)

time: Sat Nov 10 16:42:10 2018
elapsed time: 7 seconds (0d 0h 0m 7s)

