#
# A fatal error has been detected by the Java Runtime Environment:
#
#  EXCEPTION_ACCESS_VIOLATION (0xc0000005) at pc=0x0051e088, pid=1436, tid=0x00000550
#
# JRE version: Java(TM) SE Runtime Environment (8.0_101-b13) (build 1.8.0_101-b13)
# Java VM: Java HotSpot(TM) Client VM (25.101-b13 mixed mode windows-x86 )
# Problematic frame:
# C  0x0051e088
#
# Failed to write core dump. Minidumps are not enabled by default on client versions of Windows
#
# If you would like to submit a bug report, please visit:
#   http://bugreport.java.com/bugreport/crash.jsp
#

---------------  T H R E A D  ---------------

Current thread (0x443ea800):  VMThread [stack: 0x44670000,0x446c0000] [id=1360]

siginfo: ExceptionCode=0xc0000005, ExceptionInformation=0x00000008 0x0051e088

Registers:
EAX=0x43feb748, EBX=0x446bf1d4, ECX=0x43fedb08, EDX=0x0051e088
ESP=0x446bf180, EBP=0x446bf1b0, ESI=0x0c38a040, EDI=0x0c38a0d8
EIP=0x0051e088, EFLAGS=0x00010246

Top of Stack: (sp=0x446bf180)
0x446bf180:   527e5a7e 0c38a0d8 00502660 446bf1d4
0x446bf190:   00000001 00502660 14d10000 0c389ac8
0x446bf1a0:   0c38a040 03c00000 00000000 416aeac0
0x446bf1b0:   446bf1c4 527d9ba2 446bf1d4 004ff210
0x446bf1c0:   004ff210 446bf1e0 527d85bd 446bf1d4
0x446bf1d0:   004ff210 00504050 00504170 416aec00
0x446bf1e0:   446bf2cc 527db4be 443d8518 00573230
0x446bf1f0:   00504050 52a1b934 00000100 00573230 

Instructions: (pc=0x0051e088)
0x0051e068:   14 00 ff ff 1d ea bf 4c 6e 6f 6e 53 79 6e 63 43
0x0051e078:   6f 6e 74 65 6e 74 45 71 75 61 6c 73 00 00 00 00
0x0051e088:   04 00 ff ff 48 3d a3 4b 6e 75 6c 6c 00 00 00 00
0x0051e098:   12 00 ff ff c3 68 0c 4a 6f 66 66 73 65 74 42 79 


Register to memory mapping:

EAX=0x43feb748 is pointing into metadata
EBX=0x446bf1d4 is an unknown value
ECX=0x43fedb08 is pointing into metadata
EDX=0x0051e088 is an unknown value
ESP=0x446bf180 is an unknown value
EBP=0x446bf1b0 is an unknown value
ESI=
[error occurred during error reporting (printing register info), id 0xc0000005]

Stack: [0x44670000,0x446c0000],  sp=0x446bf180,  free space=316k
Native frames: (J=compiled Java code, j=interpreted, Vv=VM code, C=native code)
C  0x0051e088
V  [jvm.dll+0x99ba2]
V  [jvm.dll+0x985bd]
V  [jvm.dll+0x9b4be]
V  [jvm.dll+0x9a27f]
V  [jvm.dll+0xa64b2]
V  [jvm.dll+0x98e73]
V  [jvm.dll+0x92e25]
V  [jvm.dll+0x1b81c6]
V  [jvm.dll+0x18292b]
V  [jvm.dll+0x181d31]
V  [jvm.dll+0x182147]
V  [jvm.dll+0x182342]
V  [jvm.dll+0x1c1ed6]
C  [msvcr100.dll+0x5c556]
C  [msvcr100.dll+0x5c600]
C  [kernel32.dll+0x51174]
C  [ntdll.dll+0x5b3f5]
C  [ntdll.dll+0x5b3c8]

VM_Operation (0x0184ee44): GenCollectForAllocation, mode: safepoint, requested by thread 0x0063bc00


---------------  P R O C E S S  ---------------

Java Threads: ( => current thread )
  0x445ce400 JavaThread "pool-2-thread-4" [_thread_blocked, id=2800, stack(0x450b0000,0x45100000)]
  0x445c9c00 JavaThread "pool-2-thread-3" [_thread_blocked, id=4604, stack(0x01850000,0x018a0000)]
  0x445c6000 JavaThread "pool-2-thread-2" [_thread_blocked, id=1396, stack(0x44b60000,0x44bb0000)]
  0x44597c00 JavaThread "pool-3-thread-1" [_thread_blocked, id=5308, stack(0x44910000,0x44960000)]
  0x44595c00 JavaThread "pool-2-thread-1" [_thread_blocked, id=5432, stack(0x44b10000,0x44b60000)]
  0x44455800 JavaThread "Service Thread" daemon [_thread_blocked, id=2260, stack(0x44a70000,0x44ac0000)]
  0x4443a400 JavaThread "C1 CompilerThread0" daemon [_thread_blocked, id=1152, stack(0x448b0000,0x44900000)]
  0x44439000 JavaThread "Attach Listener" daemon [_thread_blocked, id=3564, stack(0x44990000,0x449e0000)]
  0x44436000 JavaThread "Signal Dispatcher" daemon [_thread_blocked, id=3688, stack(0x446d0000,0x44720000)]
  0x44416c00 JavaThread "Finalizer" daemon [_thread_blocked, id=1796, stack(0x01770000,0x017c0000)]
  0x443f0400 JavaThread "Reference Handler" daemon [_thread_blocked, id=2484, stack(0x44770000,0x447c0000)]
  0x0063bc00 JavaThread "main" [_thread_blocked, id=5148, stack(0x01800000,0x01850000)]

Other Threads:
=>0x443ea800 VMThread [stack: 0x44670000,0x446c0000] [id=1360]
  0x4442f000 WatcherThread [stack: 0x445d0000,0x44620000] [id=2300]

VM state:at safepoint (normal execution)

VM Mutex/Monitor currently owned by a thread:  ([mutex/lock_event])
[0x0063a230] Threads_lock - owner thread: 0x443ea800
[0x0063a640] Heap_lock - owner thread: 0x0063bc00

Heap:
 def new generation   total 314560K, used 279616K [0x03c00000, 0x19150000, 0x19150000)
  eden space 279616K, 100% used [0x03c00000, 0x14d10000, 0x14d10000)
  from space 34944K,   0% used [0x14d10000, 0x14d10000, 0x16f30000)
  to   space 34944K,   0% used [0x16f30000, 0x16f30000, 0x19150000)
 tenured generation   total 699072K, used 679077K [0x19150000, 0x43c00000, 0x43c00000)
   the space 699072K,  97% used [0x19150000, 0x428795c8, 0x416aec00, 0x43c00000)
 Metaspace       used 3547K, capacity 3598K, committed 3648K, reserved 4480K

Card table byte_map: [0x43c00000,0x43e10000] byte_map_base: 0x43be2000

Polling page: 0x00190000

CodeCache: size=32768Kb used=3640Kb max_used=3682Kb free=29127Kb
 bounds [0x01c00000, 0x01fa0000, 0x03c00000]
 total_blobs=1898 nmethods=1751 adapters=77
 compilation: enabled

Compilation events (10 events):
Event: 24.434 Thread 0x4443a400 1762 %           java.lang.ref.Reference$ReferenceHandler::run @ 0 (8 bytes)
Event: 24.434 Thread 0x4443a400 nmethod 1762% 0x01f960c8 code [0x01f961d0, 0x01f9627c]
Event: 24.435 Thread 0x4443a400 1763 % !         java.lang.ref.Finalizer$FinalizerThread::run @ 33 (55 bytes)
Event: 24.436 Thread 0x4443a400 nmethod 1763% 0x01f96308 code [0x01f96460, 0x01f96814]
Event: 28.492 Thread 0x4443a400 1764 %           com.android.dx.cf.direct.ClassPathOpener::processArchive @ 73 (221 bytes)
Event: 28.494 Thread 0x4443a400 nmethod 1764% 0x01f96b88 code [0x01f96df0, 0x01f97b80]
Event: 28.527 Thread 0x4443a400 1765 % !         java.util.concurrent.ThreadPoolExecutor::runWorker @ 21 (225 bytes)
Event: 28.528 Thread 0x4443a400 nmethod 1765% 0x01d40d88 code [0x01d40f80, 0x01d416e4]
Event: 28.705 Thread 0x4443a400 1766             java.util.HashMap$TreeNode::split (218 bytes)
Event: 28.706 Thread 0x4443a400 nmethod 1766 0x01da1c88 code [0x01da1e00, 0x01da2300]

GC Heap History (10 events):
Event: 20.984 GC heap after
Heap after GC invocations=103 (full 8):
 def new generation   total 314560K, used 34943K [0x03c00000, 0x19150000, 0x19150000)
  eden space 279616K,   0% used [0x03c00000, 0x03c00000, 0x14d10000)
  from space 34944K,  99% used [0x16f30000, 0x1914fff8, 0x19150000)
  to   space 34944K,   0% used [0x14d10000, 0x14d10000, 0x16f30000)
 tenured generation   total 699072K, used 611250K [0x19150000, 0x43c00000, 0x43c00000)
   the space 699072K,  87% used [0x19150000, 0x3e63cb68, 0x3e63cc00, 0x43c00000)
 Metaspace       used 3547K, capacity 3598K, committed 3648K, reserved 4480K
}
Event: 22.118 GC heap before
{Heap before GC invocations=103 (full 8):
 def new generation   total 314560K, used 314559K [0x03c00000, 0x19150000, 0x19150000)
  eden space 279616K, 100% used [0x03c00000, 0x14d10000, 0x14d10000)
  from space 34944K,  99% used [0x16f30000, 0x1914fff8, 0x19150000)
  to   space 34944K,   0% used [0x14d10000, 0x14d10000, 0x16f30000)
 tenured generation   total 699072K, used 611250K [0x19150000, 0x43c00000, 0x43c00000)
   the space 699072K,  87% used [0x19150000, 0x3e63cb68, 0x3e63cc00, 0x43c00000)
 Metaspace       used 3547K, capacity 3598K, committed 3648K, reserved 4480K
Event: 22.230 GC heap after
Heap after GC invocations=104 (full 8):
 def new generation   total 314560K, used 34944K [0x03c00000, 0x19150000, 0x19150000)
  eden space 279616K,   0% used [0x03c00000, 0x03c00000, 0x14d10000)
  from space 34944K, 100% used [0x14d10000, 0x16f30000, 0x16f30000)
  to   space 34944K,   0% used [0x16f30000, 0x16f30000, 0x19150000)
 tenured generation   total 699072K, used 643954K [0x19150000, 0x43c00000, 0x43c00000)
   the space 699072K,  92% used [0x19150000, 0x4062cbe8, 0x4062cc00, 0x43c00000)
 Metaspace       used 3547K, capacity 3598K, committed 3648K, reserved 4480K
}
Event: 22.814 GC heap before
{Heap before GC invocations=104 (full 8):
 def new generation   total 314560K, used 314560K [0x03c00000, 0x19150000, 0x19150000)
  eden space 279616K, 100% used [0x03c00000, 0x14d10000, 0x14d10000)
  from space 34944K, 100% used [0x14d10000, 0x16f30000, 0x16f30000)
  to   space 34944K,   0% used [0x16f30000, 0x16f30000, 0x19150000)
 tenured generation   total 699072K, used 643954K [0x19150000, 0x43c00000, 0x43c00000)
   the space 699072K,  92% used [0x19150000, 0x4062cbe8, 0x4062cc00, 0x43c00000)
 Metaspace       used 3547K, capacity 3598K, committed 3648K, reserved 4480K
Event: 24.432 GC heap after
Heap after GC invocations=105 (full 9):
 def new generation   total 314560K, used 26251K [0x03c00000, 0x19150000, 0x19150000)
  eden space 279616K,   9% used [0x03c00000, 0x055a2ce0, 0x14d10000)
  from space 34944K,   0% used [0x14d10000, 0x14d10000, 0x16f30000)
  to   space 34944K,   0% used [0x16f30000, 0x16f30000, 0x19150000)
 tenured generation   total 699072K, used 699056K [0x19150000, 0x43c00000, 0x43c00000)
   the space 699072K,  99% used [0x19150000, 0x43bfc280, 0x43bfc400, 0x43c00000)
 Metaspace       used 3547K, capacity 3598K, committed 3648K, reserved 4480K
}
Event: 26.606 GC heap before
{Heap before GC invocations=105 (full 9):
 def new generation   total 314560K, used 314559K [0x03c00000, 0x19150000, 0x19150000)
  eden space 279616K, 100% used [0x03c00000, 0x14d10000, 0x14d10000)
  from space 34944K,  99% used [0x14d10000, 0x16f2fff8, 0x16f30000)
  to   space 34944K,   0% used [0x16f30000, 0x16f30000, 0x19150000)
 tenured generation   total 699072K, used 699071K [0x19150000, 0x43c00000, 0x43c00000)
   the space 699072K,  99% used [0x19150000, 0x43bfffd8, 0x43c00000, 0x43c00000)
 Metaspace       used 3547K, capacity 3598K, committed 3648K, reserved 4480K
Event: 28.115 GC heap after
Heap after GC invocations=106 (full 10):
 def new generation   total 314560K, used 0K [0x03c00000, 0x19150000, 0x19150000)
  eden space 279616K,   0% used [0x03c00000, 0x03c00000, 0x14d10000)
  from space 34944K,   0% used [0x14d10000, 0x14d10000, 0x16f30000)
  to   space 34944K,   0% used [0x16f30000, 0x16f30000, 0x19150000)
 tenured generation   total 699072K, used 681766K [0x19150000, 0x43c00000, 0x43c00000)
   the space 699072K,  97% used [0x19150000, 0x42b19b78, 0x42b19c00, 0x43c00000)
 Metaspace       used 3547K, capacity 3598K, committed 3648K, reserved 4480K
}
Event: 28.729 GC heap before
{Heap before GC invocations=106 (full 10):
 def new generation   total 314560K, used 279616K [0x03c00000, 0x19150000, 0x19150000)
  eden space 279616K, 100% used [0x03c00000, 0x14d10000, 0x14d10000)
  from space 34944K,   0% used [0x14d10000, 0x14d10000, 0x16f30000)
  to   space 34944K,   0% used [0x16f30000, 0x16f30000, 0x19150000)
 tenured generation   total 699072K, used 681766K [0x19150000, 0x43c00000, 0x43c00000)
   the space 699072K,  97% used [0x19150000, 0x42b19b78, 0x42b19c00, 0x43c00000)
 Metaspace       used 3547K, capacity 3598K, committed 3648K, reserved 4480K
Event: 30.224 GC heap after
Heap after GC invocations=107 (full 11):
 def new generation   total 314560K, used 0K [0x03c00000, 0x19150000, 0x19150000)
  eden space 279616K,   0% used [0x03c00000, 0x03c00000, 0x14d10000)
  from space 34944K,   0% used [0x14d10000, 0x14d10000, 0x16f30000)
  to   space 34944K,   0% used [0x16f30000, 0x16f30000, 0x19150000)
 tenured generation   total 699072K, used 679077K [0x19150000, 0x43c00000, 0x43c00000)
   the space 699072K,  97% used [0x19150000, 0x428795c8, 0x42879600, 0x43c00000)
 Metaspace       used 3547K, capacity 3598K, committed 3648K, reserved 4480K
}
Event: 30.837 GC heap before
{Heap before GC invocations=107 (full 11):
 def new generation   total 314560K, used 279616K [0x03c00000, 0x19150000, 0x19150000)
  eden space 279616K, 100% used [0x03c00000, 0x14d10000, 0x14d10000)
  from space 34944K,   0% used [0x14d10000, 0x14d10000, 0x16f30000)
  to   space 34944K,   0% used [0x16f30000, 0x16f30000, 0x19150000)
 tenured generation   total 699072K, used 679077K [0x19150000, 0x43c00000, 0x43c00000)
   the space 699072K,  97% used [0x19150000, 0x428795c8, 0x42879600, 0x43c00000)
 Metaspace       used 3547K, capacity 3598K, committed 3648K, reserved 4480K

Deoptimization events (0 events):
No events

Internal exceptions (5 events):
Event: 0.517 Thread 0x0063bc00 Exception <a 'java/lang/NoSuchMethodError': Method sun.misc.Unsafe.defineClass(Ljava/lang/String;[BII)Ljava/lang/Class; name or signature does not match> (0x03c06ea8) thrown at [C:\re\workspace\8-2-build-windows-i586-cygwin\jdk8u101\7261\hotspot\src\share\ü„&-¸Šà?
Event: 0.517 Thread 0x0063bc00 Exception <a 'java/lang/NoSuchMethodError': Method sun.misc.Unsafe.prefetchRead(Ljava/lang/Object;J)V name or signature does not match> (0x03c07178) thrown at [C:\re\workspace\8-2-build-windows-i586-cygwin\jdk8u101\7261\hotspot\src\share\vm\prims\jni.cpp, .w[£¯@
Event: 3.461 Thread 0x445c6000 Exception <a 'java/lang/ArrayIndexOutOfBoundsException': 18> (0x0414f8d8) thrown at [C:\re\workspace\8-2-build-windows-i586-cygwin\jdk8u101\7261\hotspot\src\share\vm\interpreter\interpreterRuntime.cpp, line 366]
Event: 3.461 Thread 0x445c6000 Exception <a 'java/lang/ArrayIndexOutOfBoundsException': 145> (0x04151178) thrown at [C:\re\workspace\8-2-build-windows-i586-cygwin\jdk8u101\7261\hotspot\src\share\vm\interpreter\interpreterRuntime.cpp, line 366]
Event: 3.461 Thread 0x445c6000 Exception <a 'java/lang/ArrayIndexOutOfBoundsException': 40> (0x04152258) thrown at [C:\re\workspace\8-2-build-windows-i586-cygwin\jdk8u101\7261\hotspot\src\share\vm\interpreter\interpreterRuntime.cpp, line 366]

Events (10 events):
Event: 28.528 Thread 0x4443a400 flushing nmethod 0x01dbd608
Event: 28.528 Thread 0x4443a400 flushing nmethod 0x01de8608
Event: 28.528 Thread 0x4443a400 flushing nmethod 0x01dfca08
Event: 28.528 Thread 0x4443a400 flushing nmethod 0x01e0c3c8
Event: 28.528 Thread 0x4443a400 flushing nmethod 0x01e0dc08
Event: 28.529 Thread 0x4443a400 flushing nmethod 0x01e65108
Event: 28.706 Thread 0x4443a400 flushing nmethod 0x01eeab88
Event: 28.729 Executing VM operation: GenCollectForAllocation
Event: 30.225 Executing VM operation: GenCollectForAllocation done
Event: 30.837 Executing VM operation: GenCollectForAllocation


Dynamic libraries:
0x00820000 - 0x00853000 	C:\Program Files\Java\jdk1.8.0_101\bin\java.exe
0x77610000 - 0x7774c000 	C:\Windows\SYSTEM32\ntdll.dll
0x76310000 - 0x763e4000 	C:\Windows\system32\kernel32.dll
0x75a10000 - 0x75a5a000 	C:\Windows\system32\KERNELBASE.dll
0x75a60000 - 0x75b00000 	C:\Windows\system32\ADVAPI32.dll
0x76730000 - 0x767dc000 	C:\Windows\system32\msvcrt.dll
0x767e0000 - 0x767f9000 	C:\Windows\SYSTEM32\sechost.dll
0x76500000 - 0x765a1000 	C:\Windows\system32\RPCRT4.dll
0x77760000 - 0x77829000 	C:\Windows\system32\USER32.dll
0x762c0000 - 0x7630e000 	C:\Windows\system32\GDI32.dll
0x75dd0000 - 0x75dda000 	C:\Windows\system32\LPK.dll
0x76110000 - 0x761ad000 	C:\Windows\system32\USP10.dll
0x741d0000 - 0x7436e000 	C:\Windows\WinSxS\x86_microsoft.windows.common-controls_6595b64144ccf1df_6.0.7600.16385_none_421189da2b7fabfc\COMCTL32.dll
0x763f0000 - 0x76447000 	C:\Windows\system32\SHLWAPI.dll
0x764e0000 - 0x764ff000 	C:\Windows\system32\IMM32.DLL
0x75b00000 - 0x75bcc000 	C:\Windows\system32\MSCTF.dll
0x52b10000 - 0x52bcf000 	C:\Program Files\Java\jdk1.8.0_101\jre\bin\msvcr100.dll
0x52740000 - 0x52b0c000 	C:\Program Files\Java\jdk1.8.0_101\jre\bin\client\jvm.dll
0x70d00000 - 0x70d07000 	C:\Windows\system32\WSOCK32.dll
0x766f0000 - 0x76725000 	C:\Windows\system32\WS2_32.dll
0x77750000 - 0x77756000 	C:\Windows\system32\NSI.dll
0x70de0000 - 0x70e12000 	C:\Windows\system32\WINMM.dll
0x74c60000 - 0x74c69000 	C:\Windows\system32\VERSION.dll
0x77830000 - 0x77835000 	C:\Windows\system32\PSAPI.DLL
0x60b30000 - 0x60b3c000 	C:\Program Files\Java\jdk1.8.0_101\jre\bin\verify.dll
0x60b00000 - 0x60b21000 	C:\Program Files\Java\jdk1.8.0_101\jre\bin\java.dll
0x60ae0000 - 0x60af3000 	C:\Program Files\Java\jdk1.8.0_101\jre\bin\zip.dll
0x769c0000 - 0x77609000 	C:\Windows\system32\SHELL32.dll
0x76800000 - 0x7695c000 	C:\Windows\system32\ole32.dll
0x75760000 - 0x7576b000 	C:\Windows\system32\profapi.dll
0x73430000 - 0x7351b000 	C:\Windows\system32\dbghelp.dll

VM Arguments:
jvm_args: -Djava.awt.headless=true -Xmx1024M -Dfile.encoding=windows-1252 -Duser.country=US -Duser.language=en -Duser.variant 
java_command: com.android.dx.command.Main --dex --num-threads=4 --multi-dex --main-dex-list E:\SandeepProjectResources\MobipugNew\Mobipug27.10.18\MobipugSource\app\build\intermediates\multi-dex\debug\maindexlist.txt --output E:\SandeepProjectResources\MobipugNew\Mobipug27.10.18\MobipugSource\app\build\intermediates\transforms\dex\debug\folders\1000\1f\main E:\SandeepProjectResources\MobipugNew\Mobipug27.10.18\MobipugSource\app\build\intermediates\transforms\jarMerging\debug\jars\1\1f\combined.jar
java_class_path (initial): C:\Users\android-4\AppData\Local\Android\Sdk\build-tools\26.0.2\lib\dx.jar
Launcher Type: SUN_STANDARD

Environment Variables:
PATH=C:\ProgramData\Oracle\Java\javapath;C:\Windows\system32;C:\Windows;C:\Windows\System32\Wbem;C:\Windows\System32\WindowsPowerShell\v1.0\;C:\Program Files\Intel\OpenCL SDK\2.0\bin\x86;C:\Program Files\Skype\Phone\
USERNAME=android-4
OS=Windows_NT
PROCESSOR_IDENTIFIER=x86 Family 6 Model 42 Stepping 7, GenuineIntel



---------------  S Y S T E M  ---------------

OS: Windows 7 Build 7600 (6.1.7600.16385)

CPU:total 4 (2 cores per cpu, 2 threads per core) family 6 model 42 stepping 7, cmov, cx8, fxsr, mmx, sse, sse2, sse3, ssse3, sse4.1, sse4.2, popcnt, clmul, ht, tsc, tscinvbit

Memory: 4k page, physical 3578328k(157148k free), swap 24056564k(18876860k free)

vm_info: Java HotSpot(TM) Client VM (25.101-b13) for windows-x86 JRE (1.8.0_101-b13), built on Jun 22 2016 00:45:44 by "java_re" with MS VC++ 10.0 (VS2010)

time: Thu Nov 15 16:30:58 2018
elapsed time: 32 seconds (0d 0h 0m 32s)

