#
# A fatal error has been detected by the Java Runtime Environment:
#
#  EXCEPTION_ACCESS_VIOLATION (0xc0000005) at pc=0x504d4da9, pid=4628, tid=0x00001450
#
# JRE version: Java(TM) SE Runtime Environment (8.0_101-b13) (build 1.8.0_101-b13)
# Java VM: Java HotSpot(TM) Client VM (25.101-b13 mixed mode windows-x86 )
# Problematic frame:
# V  [jvm.dll+0x1b4da9]
#
# Failed to write core dump. Minidumps are not enabled by default on client versions of Windows
#
# If you would like to submit a bug report, please visit:
#   http://bugreport.java.com/bugreport/crash.jsp
#

---------------  T H R E A D  ---------------

Current thread (0x4448a800):  VMThread [stack: 0x446c0000,0x44710000] [id=5200]

siginfo: ExceptionCode=0xc0000005, reading address 0x000000a3

Registers:
EAX=0x3ef9f0d8, EBX=0x00000003, ECX=0x442ef140, EDX=0x0000001b
ESP=0x4470f1f4, EBP=0x4470f20c, ESI=0x00000000, EDI=0x193d2ea8
EIP=0x504d4da9, EFLAGS=0x00010216

Top of Stack: (sp=0x4470f1f4)
0x4470f1f4:   3ef9f0d8 4470f2ec ffff0e81 506894cc
0x4470f204:   4470f2ec ffff0e81 4470f218 504d4fac
0x4470f214:   00000003 4470f24c 503966c8 4783f2a0
0x4470f224:   4470f304 4470f2ec 506894cc 011c2ea0
0x4470f234:   00000007 00000002 00000001 0e81f201
0x4470f244:   4470ffff 44c02520 4470f268 50396a1e
0x4470f254:   4470f2ec 4470f304 506894cc 50395f50
0x4470f264:   50672f48 4470f288 5047458f 4470f2ec 

Instructions: (pc=0x504d4da9)
0x504d4d89:   23 f0 29 35 50 94 68 50 a3 4c 94 68 50 8b c7 eb
0x504d4d99:   09 48 a3 4c 94 68 50 8b 04 81 8b 48 04 8b 11 50
0x504d4da9:   8b 82 88 00 00 00 ff d0 8b 0d 58 94 68 50 85 c9
0x504d4db9:   0f 85 51 ff ff ff a1 7c 94 68 50 85 c0 0f 84 b8 


Register to memory mapping:

EAX=
[error occurred during error reporting (printing register info), id 0xc0000005]

Stack: [0x446c0000,0x44710000],  sp=0x4470f1f4,  free space=316k
Native frames: (J=compiled Java code, j=interpreted, Vv=VM code, C=native code)
V  [jvm.dll+0x1b4da9]
V  [jvm.dll+0x1b4fac]
V  [jvm.dll+0x766c8]
V  [jvm.dll+0x76a1e]
V  [jvm.dll+0x15458f]
V  [jvm.dll+0x15588a]
V  [jvm.dll+0x179ff2]
V  [jvm.dll+0x1789ea]
V  [jvm.dll+0x97fb0]
V  [jvm.dll+0x992a1]
V  [jvm.dll+0x9b020]
V  [jvm.dll+0x9b489]
V  [jvm.dll+0x9a27f]
V  [jvm.dll+0xa64b2]
V  [jvm.dll+0x98e73]
V  [jvm.dll+0x92e25]
V  [jvm.dll+0x1b81c6]
V  [jvm.dll+0x18292b]
V  [jvm.dll+0x181d31]
V  [jvm.dll+0x182147]
V  [jvm.dll+0x182342]
V  [jvm.dll+0x1c1ed6]
C  [msvcr100.dll+0x5c556]
C  [msvcr100.dll+0x5c600]
C  [kernel32.dll+0x51174]
C  [ntdll.dll+0x5b3f5]
C  [ntdll.dll+0x5b3c8]

JavaThread 0x44da7000 (nid = 5804) was being processed
Java frames: (J=compiled Java code, j=interpreted, Vv=VM code)
v  ~RuntimeStub::fast_new_instance Runtime1 stub
J 2219 C1 com.android.dx.dex.code.form.Form22c.compatibleRegs(Lcom/android/dx/dex/code/DalvInsn;)Ljava/util/BitSet; (48 bytes) @ 0x021592cb [0x02159160+0x16b]
J 1927 C1 com.android.dx.dex.code.OutputFinisher.calculateReservedCount([Lcom/android/dx/dex/code/Dop;)I (122 bytes) @ 0x020d30e4 [0x020d2ff0+0xf4]
J 1966 C1 com.android.dx.dex.code.OutputFinisher.reserveRegisters([Lcom/android/dx/dex/code/Dop;)Z (119 bytes) @ 0x020e35c4 [0x020e3570+0x54]
J 1985 C1 com.android.dx.dex.code.OutputFinisher.finishProcessingAndGetList()Lcom/android/dx/dex/code/DalvInsnList; (74 bytes) @ 0x020e9774 [0x020e9730+0x44]
J 1973 C1 com.android.dx.dex.code.DalvCode.finishProcessingIfNecessary()V (69 bytes) @ 0x020e56b4 [0x020e5670+0x44]
J 1981 C1 com.android.dx.dex.file.CodeItem.place0(Lcom/android/dx/dex/file/Section;I)V (88 bytes) @ 0x020e87ac [0x020e8680+0x12c]
J 1906 C1 com.android.dx.dex.file.OffsettedItem.place(Lcom/android/dx/dex/file/Section;I)I (78 bytes) @ 0x020cb1b0 [0x020cb140+0x70]
J 2069 C1 com.android.dx.dex.file.MixedItemSection.placeItems()V (185 bytes) @ 0x02106c00 [0x02106b00+0x100]
j  com.android.dx.dex.file.DexFile.toDex0(ZZ)Lcom/android/dx/util/ByteArrayAnnotatedOutput;+263
j  com.android.dx.dex.file.DexFile.toDex(Ljava/io/Writer;Z)[B+13
j  com.android.dx.command.dexer.Main.writeDex(Lcom/android/dx/dex/file/DexFile;)[B+50
j  com.android.dx.command.dexer.Main.access$3000(Lcom/android/dx/command/dexer/Main;Lcom/android/dx/dex/file/DexFile;)[B+2
j  com.android.dx.command.dexer.Main$DexWriter.call()[B+8
j  com.android.dx.command.dexer.Main$DexWriter.call()Ljava/lang/Object;+1
J 1398 C1 java.util.concurrent.FutureTask.run()V (126 bytes) @ 0x0200c020 [0x0200bf90+0x90]
j  java.util.concurrent.ThreadPoolExecutor.runWorker(Ljava/util/concurrent/ThreadPoolExecutor$Worker;)V+95
j  java.util.concurrent.ThreadPoolExecutor$Worker.run()V+5
j  java.lang.Thread.run()V+11
v  ~StubRoutines::call_stub
VM_Operation (0x4783eec4): GenCollectForAllocation, mode: safepoint, requested by thread 0x44da7000


---------------  P R O C E S S  ---------------

Java Threads: ( => current thread )
  0x44da7000 JavaThread "pool-1-thread-1" [_thread_blocked, id=5804, stack(0x477f0000,0x47840000)]
  0x444ecc00 JavaThread "Service Thread" daemon [_thread_blocked, id=4672, stack(0x449b0000,0x44a00000)]
  0x444da400 JavaThread "C1 CompilerThread0" daemon [_thread_blocked, id=4660, stack(0x44910000,0x44960000)]
  0x444d9000 JavaThread "Attach Listener" daemon [_thread_blocked, id=3076, stack(0x44840000,0x44890000)]
  0x444d6000 JavaThread "Signal Dispatcher" daemon [_thread_blocked, id=5100, stack(0x44670000,0x446c0000)]
  0x444b6c00 JavaThread "Finalizer" daemon [_thread_blocked, id=3148, stack(0x03da0000,0x03df0000)]
  0x44490400 JavaThread "Reference Handler" daemon [_thread_blocked, id=2948, stack(0x44740000,0x44790000)]
  0x0187bc00 JavaThread "main" [_thread_blocked, id=5668, stack(0x01720000,0x01770000)]

Other Threads:
=>0x4448a800 VMThread [stack: 0x446c0000,0x44710000] [id=5200]
  0x444d0000 WatcherThread [stack: 0x44790000,0x447e0000] [id=4344]

VM state:at safepoint (normal execution)

VM Mutex/Monitor currently owned by a thread:  ([mutex/lock_event])
[0x0187a230] Threads_lock - owner thread: 0x4448a800
[0x0187a640] Heap_lock - owner thread: 0x44da7000

Heap:
 def new generation   total 314560K, used 314559K [0x03e00000, 0x19350000, 0x19350000)
  eden space 279616K, 100% used [0x03e00000, 0x14f10000, 0x14f10000)
  from space 34944K,  99% used [0x17130000, 0x1934fff0, 0x19350000)
  to   space 34944K,   0% used [0x14f10000, 0x14f10000, 0x17130000)
 tenured generation   total 699072K, used 699071K [0x19350000, 0x43e00000, 0x43e00000)
   the space 699072K,  99% used [0x19350000, 0x43dffff0, 0x43e00000, 0x43e00000)
 Metaspace       used 3825K, capacity 3854K, committed 3904K, reserved 4480K

Card table byte_map: [0x43e00000,0x44010000] byte_map_base: 0x43de1000

Polling page: 0x00360000

CodeCache: size=32768Kb used=4431Kb max_used=4431Kb free=28337Kb
 bounds [0x01d10000, 0x02168000, 0x03d10000]
 total_blobs=2379 nmethods=2231 adapters=78
 compilation: enabled

Compilation events (10 events):
Event: 39.360 Thread 0x444da400 2243             com.android.dx.rop.cst.CstKnownNull::fitsInInt (2 bytes)
Event: 39.360 Thread 0x444da400 nmethod 2243 0x02163588 code [0x02163680, 0x02163700]
Event: 39.360 Thread 0x444da400 2244             com.android.dx.dex.code.form.Form22b::codeSize (2 bytes)
Event: 39.360 Thread 0x444da400 nmethod 2244 0x02163748 code [0x02163840, 0x021638c0]
Event: 39.428 Thread 0x444da400 2245             com.android.dx.dex.code.SimpleInsn::withOpcode (17 bytes)
Event: 39.428 Thread 0x444da400 nmethod 2245 0x02163908 code [0x02163a10, 0x02163afc]
Event: 39.464 Thread 0x444da400 2246             com.android.dx.dex.code.form.Form20t::branchFits (22 bytes)
Event: 39.464 Thread 0x444da400 nmethod 2246 0x02163bc8 code [0x02163ce0, 0x02163ea8]
Event: 39.494 Thread 0x444da400 2247             com.android.dx.dex.code.SwitchData::sparseCodeSize (16 bytes)
Event: 39.494 Thread 0x444da400 nmethod 2247 0x02164048 code [0x02164140, 0x021641d0]

GC Heap History (10 events):
Event: 28.175 GC heap after
Heap after GC invocations=106 (full 12):
 def new generation   total 314560K, used 0K [0x03e00000, 0x19350000, 0x19350000)
  eden space 279616K,   0% used [0x03e00000, 0x03e00000, 0x14f10000)
  from space 34944K,   0% used [0x17130000, 0x17130000, 0x19350000)
  to   space 34944K,   0% used [0x14f10000, 0x14f10000, 0x17130000)
 tenured generation   total 699072K, used 635386K [0x19350000, 0x43e00000, 0x43e00000)
   the space 699072K,  90% used [0x19350000, 0x3ffce980, 0x3ffcea00, 0x43e00000)
 Metaspace       used 3552K, capacity 3598K, committed 3648K, reserved 4480K
}
Event: 28.650 GC heap before
{Heap before GC invocations=106 (full 12):
 def new generation   total 314560K, used 279616K [0x03e00000, 0x19350000, 0x19350000)
  eden space 279616K, 100% used [0x03e00000, 0x14f10000, 0x14f10000)
  from space 34944K,   0% used [0x17130000, 0x17130000, 0x19350000)
  to   space 34944K,   0% used [0x14f10000, 0x14f10000, 0x17130000)
 tenured generation   total 699072K, used 635386K [0x19350000, 0x43e00000, 0x43e00000)
   the space 699072K,  90% used [0x19350000, 0x3ffce980, 0x3ffcea00, 0x43e00000)
 Metaspace       used 3552K, capacity 3598K, committed 3648K, reserved 4480K
Event: 30.236 GC heap after
Heap after GC invocations=107 (full 13):
 def new generation   total 314560K, used 0K [0x03e00000, 0x19350000, 0x19350000)
  eden space 279616K,   0% used [0x03e00000, 0x03e00000, 0x14f10000)
  from space 34944K,   0% used [0x17130000, 0x17130000, 0x19350000)
  to   space 34944K,   0% used [0x14f10000, 0x14f10000, 0x17130000)
 tenured generation   total 699072K, used 678528K [0x19350000, 0x43e00000, 0x43e00000)
   the space 699072K,  97% used [0x19350000, 0x429f00e8, 0x429f0200, 0x43e00000)
 Metaspace       used 3552K, capacity 3598K, committed 3648K, reserved 4480K
}
Event: 30.735 GC heap before
{Heap before GC invocations=107 (full 13):
 def new generation   total 314560K, used 279616K [0x03e00000, 0x19350000, 0x19350000)
  eden space 279616K, 100% used [0x03e00000, 0x14f10000, 0x14f10000)
  from space 34944K,   0% used [0x17130000, 0x17130000, 0x19350000)
  to   space 34944K,   0% used [0x14f10000, 0x14f10000, 0x17130000)
 tenured generation   total 699072K, used 678528K [0x19350000, 0x43e00000, 0x43e00000)
   the space 699072K,  97% used [0x19350000, 0x429f00e8, 0x429f0200, 0x43e00000)
 Metaspace       used 3552K, capacity 3598K, committed 3648K, reserved 4480K
Event: 32.401 GC heap after
Heap after GC invocations=108 (full 14):
 def new generation   total 314560K, used 19743K [0x03e00000, 0x19350000, 0x19350000)
  eden space 279616K,   7% used [0x03e00000, 0x05147fe8, 0x14f10000)
  from space 34944K,   0% used [0x17130000, 0x17130000, 0x19350000)
  to   space 34944K,   0% used [0x14f10000, 0x14f10000, 0x17130000)
 tenured generation   total 699072K, used 699072K [0x19350000, 0x43e00000, 0x43e00000)
   the space 699072K, 100% used [0x19350000, 0x43e00000, 0x43e00000, 0x43e00000)
 Metaspace       used 3552K, capacity 3598K, committed 3648K, reserved 4480K
}
Event: 33.140 GC heap before
{Heap before GC invocations=108 (full 14):
 def new generation   total 314560K, used 314558K [0x03e00000, 0x19350000, 0x19350000)
  eden space 279616K, 100% used [0x03e00000, 0x14f10000, 0x14f10000)
  from space 34944K,  99% used [0x17130000, 0x1934f810, 0x19350000)
  to   space 34944K,   0% used [0x14f10000, 0x14f10000, 0x17130000)
 tenured generation   total 699072K, used 699072K [0x19350000, 0x43e00000, 0x43e00000)
   the space 699072K, 100% used [0x19350000, 0x43e00000, 0x43e00000, 0x43e00000)
 Metaspace       used 3574K, capacity 3598K, committed 3648K, reserved 4480K
Event: 34.935 GC heap after
Heap after GC invocations=109 (full 15):
 def new generation   total 314560K, used 61675K [0x03e00000, 0x19350000, 0x19350000)
  eden space 279616K,  22% used [0x03e00000, 0x07a3ad60, 0x14f10000)
  from space 34944K,   0% used [0x17130000, 0x17130000, 0x19350000)
  to   space 34944K,   0% used [0x14f10000, 0x14f10000, 0x17130000)
 tenured generation   total 699072K, used 699072K [0x19350000, 0x43e00000, 0x43e00000)
   the space 699072K, 100% used [0x19350000, 0x43e00000, 0x43e00000, 0x43e00000)
 Metaspace       used 3574K, capacity 3598K, committed 3648K, reserved 4480K
}
Event: 35.614 GC heap before
{Heap before GC invocations=109 (full 15):
 def new generation   total 314560K, used 314560K [0x03e00000, 0x19350000, 0x19350000)
  eden space 279616K, 100% used [0x03e00000, 0x14f10000, 0x14f10000)
  from space 34944K, 100% used [0x17130000, 0x19350000, 0x19350000)
  to   space 34944K,   0% used [0x14f10000, 0x14f10000, 0x17130000)
 tenured generation   total 699072K, used 699072K [0x19350000, 0x43e00000, 0x43e00000)
   the space 699072K, 100% used [0x19350000, 0x43e00000, 0x43e00000, 0x43e00000)
 Metaspace       used 3580K, capacity 3598K, committed 3648K, reserved 4480K
Event: 37.897 GC heap after
Heap after GC invocations=110 (full 16):
 def new generation   total 314560K, used 82945K [0x03e00000, 0x19350000, 0x19350000)
  eden space 279616K,  29% used [0x03e00000, 0x08f00708, 0x14f10000)
  from space 34944K,   0% used [0x17130000, 0x17130000, 0x19350000)
  to   space 34944K,   0% used [0x14f10000, 0x14f10000, 0x17130000)
 tenured generation   total 699072K, used 699071K [0x19350000, 0x43e00000, 0x43e00000)
   the space 699072K,  99% used [0x19350000, 0x43dffff0, 0x43e00000, 0x43e00000)
 Metaspace       used 3580K, capacity 3598K, committed 3648K, reserved 4480K
}
Event: 39.673 GC heap before
{Heap before GC invocations=110 (full 16):
 def new generation   total 314560K, used 314559K [0x03e00000, 0x19350000, 0x19350000)
  eden space 279616K, 100% used [0x03e00000, 0x14f10000, 0x14f10000)
  from space 34944K,  99% used [0x17130000, 0x1934fff0, 0x19350000)
  to   space 34944K,   0% used [0x14f10000, 0x14f10000, 0x17130000)
 tenured generation   total 699072K, used 699071K [0x19350000, 0x43e00000, 0x43e00000)
   the space 699072K,  99% used [0x19350000, 0x43dffff0, 0x43e00000, 0x43e00000)
 Metaspace       used 3825K, capacity 3854K, committed 3904K, reserved 4480K

Deoptimization events (0 events):
No events

Internal exceptions (5 events):
Event: 0.041 Thread 0x0187bc00 Exception <a 'java/lang/NoSuchMethodError': Method sun.misc.Unsafe.defineClass(Ljava/lang/String;[BII)Ljava/lang/Class; name or signature does not match> (0x03e06ea8) thrown at [C:\re\workspace\8-2-build-windows-i586-cygwin\jdk8u101\7261\hotspot\src\share\¢Óž¥Û¤?
Event: 0.041 Thread 0x0187bc00 Exception <a 'java/lang/NoSuchMethodError': Method sun.misc.Unsafe.prefetchRead(Ljava/lang/Object;J)V name or signature does not match> (0x03e07178) thrown at [C:\re\workspace\8-2-build-windows-i586-cygwin\jdk8u101\7261\hotspot\src\share\vm\prims\jni.cpp, nÎþÆûë?
Event: 0.874 Thread 0x44659c00 Exception <a 'java/lang/ArrayIndexOutOfBoundsException': 18> (0x03e8f3b8) thrown at [C:\re\workspace\8-2-build-windows-i586-cygwin\jdk8u101\7261\hotspot\src\share\vm\interpreter\interpreterRuntime.cpp, line 366]
Event: 0.875 Thread 0x44659c00 Exception <a 'java/lang/ArrayIndexOutOfBoundsException': 145> (0x03ef3d90) thrown at [C:\re\workspace\8-2-build-windows-i586-cygwin\jdk8u101\7261\hotspot\src\share\vm\interpreter\interpreterRuntime.cpp, line 366]
Event: 0.875 Thread 0x44659c00 Exception <a 'java/lang/ArrayIndexOutOfBoundsException': 40> (0x03ef4e70) thrown at [C:\re\workspace\8-2-build-windows-i586-cygwin\jdk8u101\7261\hotspot\src\share\vm\interpreter\interpreterRuntime.cpp, line 366]

Events (10 events):
Event: 39.257 loading class java/security/MessageDigest$Delegate
Event: 39.257 loading class java/security/MessageDigest$Delegate done
Event: 39.257 loading class sun/security/provider/ByteArrayAccess
Event: 39.257 loading class sun/security/provider/ByteArrayAccess done
Event: 39.271 loading class java/util/zip/Adler32
Event: 39.271 loading class java/util/zip/Adler32 done
Event: 39.271 Executing VM operation: RevokeBias
Event: 39.271 Executing VM operation: RevokeBias done
Event: 39.271 Thread 0x4465c800 Thread exited: 0x4465c800
Event: 39.673 Executing VM operation: GenCollectForAllocation


Dynamic libraries:
0x013b0000 - 0x013e3000 	C:\Program Files\Java\jdk1.8.0_101\bin\java.exe
0x77b90000 - 0x77ccc000 	C:\Windows\SYSTEM32\ntdll.dll
0x760c0000 - 0x76194000 	C:\Windows\system32\kernel32.dll
0x75d60000 - 0x75daa000 	C:\Windows\system32\KERNELBASE.dll
0x76440000 - 0x764e0000 	C:\Windows\system32\ADVAPI32.dll
0x76870000 - 0x7691c000 	C:\Windows\system32\msvcrt.dll
0x77940000 - 0x77959000 	C:\Windows\SYSTEM32\sechost.dll
0x76270000 - 0x76311000 	C:\Windows\system32\RPCRT4.dll
0x77960000 - 0x77a29000 	C:\Windows\system32\USER32.dll
0x75fe0000 - 0x7602e000 	C:\Windows\system32\GDI32.dll
0x76920000 - 0x7692a000 	C:\Windows\system32\LPK.dll
0x761d0000 - 0x7626d000 	C:\Windows\system32\USP10.dll
0x749f0000 - 0x74b8e000 	C:\Windows\WinSxS\x86_microsoft.windows.common-controls_6595b64144ccf1df_6.0.7600.16385_none_421189da2b7fabfc\COMCTL32.dll
0x76730000 - 0x76787000 	C:\Windows\system32\SHLWAPI.dll
0x76320000 - 0x7633f000 	C:\Windows\system32\IMM32.DLL
0x76790000 - 0x7685c000 	C:\Windows\system32\MSCTF.dll
0x69820000 - 0x698df000 	C:\Program Files\Java\jdk1.8.0_101\jre\bin\msvcr100.dll
0x50320000 - 0x506ec000 	C:\Program Files\Java\jdk1.8.0_101\jre\bin\client\jvm.dll
0x71290000 - 0x71297000 	C:\Windows\system32\WSOCK32.dll
0x77cd0000 - 0x77d05000 	C:\Windows\system32\WS2_32.dll
0x76860000 - 0x76866000 	C:\Windows\system32\NSI.dll
0x71490000 - 0x714c2000 	C:\Windows\system32\WINMM.dll
0x75020000 - 0x75029000 	C:\Windows\system32\VERSION.dll
0x77da0000 - 0x77da5000 	C:\Windows\system32\PSAPI.DLL
0x62550000 - 0x6255c000 	C:\Program Files\Java\jdk1.8.0_101\jre\bin\verify.dll
0x62520000 - 0x62541000 	C:\Program Files\Java\jdk1.8.0_101\jre\bin\java.dll
0x62500000 - 0x62513000 	C:\Program Files\Java\jdk1.8.0_101\jre\bin\zip.dll
0x76a70000 - 0x776b9000 	C:\Windows\system32\SHELL32.dll
0x77a30000 - 0x77b8c000 	C:\Windows\system32\ole32.dll
0x75ce0000 - 0x75ceb000 	C:\Windows\system32\profapi.dll
0x739f0000 - 0x73adb000 	C:\Windows\system32\dbghelp.dll

VM Arguments:
jvm_args: -Djava.awt.headless=true -Xmx1024M -Dfile.encoding=windows-1252 -Duser.country=US -Duser.language=en -Duser.variant 
java_command: com.android.dx.command.Main --dex --num-threads=4 --multi-dex --main-dex-list E:\SandeepProjectResources\MobipugNew\Mobipug27.10.18\MobipugSource\app\build\intermediates\multi-dex\debug\maindexlist.txt --output E:\SandeepProjectResources\MobipugNew\Mobipug27.10.18\MobipugSource\app\build\intermediates\transforms\dex\debug\folders\1000\1f\main E:\SandeepProjectResources\MobipugNew\Mobipug27.10.18\MobipugSource\app\build\intermediates\transforms\jarMerging\debug\jars\1\1f\combined.jar
java_class_path (initial): C:\Users\android-4\AppData\Local\Android\Sdk\build-tools\26.0.2\lib\dx.jar
Launcher Type: SUN_STANDARD

Environment Variables:
PATH=C:\ProgramData\Oracle\Java\javapath;C:\Windows\system32;C:\Windows;C:\Windows\System32\Wbem;C:\Windows\System32\WindowsPowerShell\v1.0\;C:\Program Files\Intel\OpenCL SDK\2.0\bin\x86;C:\Program Files\Skype\Phone\
USERNAME=android-4
OS=Windows_NT
PROCESSOR_IDENTIFIER=x86 Family 6 Model 42 Stepping 7, GenuineIntel



---------------  S Y S T E M  ---------------

OS: Windows 7 Build 7600 (6.1.7600.16385)

CPU:total 4 (2 cores per cpu, 2 threads per core) family 6 model 42 stepping 7, cmov, cx8, fxsr, mmx, sse, sse2, sse3, ssse3, sse4.1, sse4.2, popcnt, clmul, ht, tsc, tscinvbit

Memory: 4k page, physical 3578328k(268232k free), swap 24056564k(19537580k free)

vm_info: Java HotSpot(TM) Client VM (25.101-b13) for windows-x86 JRE (1.8.0_101-b13), built on Jun 22 2016 00:45:44 by "java_re" with MS VC++ 10.0 (VS2010)

time: Thu Nov 08 12:50:53 2018
elapsed time: 39 seconds (0d 0h 0m 39s)

