#
# A fatal error has been detected by the Java Runtime Environment:
#
#  EXCEPTION_ACCESS_VIOLATION (0xc0000005) at pc=0x527ffa77, pid=1136, tid=0x00000838
#
# JRE version: Java(TM) SE Runtime Environment (8.0_101-b13) (build 1.8.0_101-b13)
# Java VM: Java HotSpot(TM) Client VM (25.101-b13 mixed mode windows-x86 )
# Problematic frame:
# V  [jvm.dll+0xbfa77]
#
# Failed to write core dump. Minidumps are not enabled by default on client versions of Windows
#
# If you would like to submit a bug report, please visit:
#   http://bugreport.java.com/bugreport/crash.jsp
#

---------------  T H R E A D  ---------------

Current thread (0x443ea800):  VMThread [stack: 0x44650000,0x446a0000] [id=2104]

siginfo: ExceptionCode=0xc0000005, reading address 0x006f00d2

Registers:
EAX=0x0064006e, EBX=0x1917c0dc, ECX=0x00000006, EDX=0x006f0072
ESP=0x4469f534, EBP=0x4469f554, ESI=0x1917c0e8, EDI=0x1918d010
EIP=0x527ffa77, EFLAGS=0x00010202

Top of Stack: (sp=0x4469f534)
0x4469f534:   1923d0c0 00000002 000003fe 440dd900
0x4469f544:   1917c0e8 00000003 00000000 440dd8f8
0x4469f554:   4469f574 528f4db1 1917c0c8 445b7400
0x4469f564:   52aa94cc 00000000 4469f634 52aa94cc
0x4469f574:   4469f580 528f4fac 445b7404 4469f768
0x4469f584:   528b9ee3 445b7404 00000002 445b7400
0x4469f594:   00000000 000000cd 00000000 00000000
0x4469f5a4:   4469f7f4 4469f61c 6836003b 4469f7e0 

Instructions: (pc=0x527ffa77)
0x527ffa57:   80 3d b4 84 a9 52 00 75 0a 8b d0 80 e2 07 80 fa
0x527ffa67:   01 eb 1b 8b c8 83 e1 07 83 f9 05 74 24 8b 57 04
0x527ffa77:   8b 52 60 83 e2 07 80 fa 05 74 0c 83 f9 01 75 07
0x527ffa87:   a9 80 ff ff ff 74 0a 50 57 e8 fb 4f 0f 00 83 c4 


Register to memory mapping:

EAX=0x0064006e is an unknown value
EBX=0x1917c0dc is pointing into object: 0x1917c0c8
java.util.TreeMap$Entry 
 - klass: 'java/util/TreeMap$Entry'
ECX=0x00000006 is an unknown value
EDX=0x006f0072 is an unknown value
ESP=0x4469f534 is an unknown value
EBP=0x4469f554 is an unknown value
ESI=0x1917c0e8 is an oop
java.util.TreeMap$Entry 
 - klass: 'java/util/TreeMap$Entry'
EDI=0x1918d010 is pointing into object: 0x1918cfb0
[C 
 - klass: {type array char}
 - length: 82


Stack: [0x44650000,0x446a0000],  sp=0x4469f534,  free space=317k
Native frames: (J=compiled Java code, j=interpreted, Vv=VM code, C=native code)
V  [jvm.dll+0xbfa77]
V  [jvm.dll+0x1b4db1]
V  [jvm.dll+0x1b4fac]
V  [jvm.dll+0x179ee3]
V  [jvm.dll+0x1789ea]
V  [jvm.dll+0x97fb0]
V  [jvm.dll+0x992a1]
V  [jvm.dll+0x9b020]
V  [jvm.dll+0x9b489]
V  [jvm.dll+0x9a27f]
V  [jvm.dll+0xa64b2]
V  [jvm.dll+0x98e73]
V  [jvm.dll+0x92e25]
V  [jvm.dll+0x1b81c6]
V  [jvm.dll+0x18292b]
V  [jvm.dll+0x181d31]
V  [jvm.dll+0x182147]
V  [jvm.dll+0x182342]
V  [jvm.dll+0x1c1ed6]
C  [msvcr100.dll+0x5c556]
C  [msvcr100.dll+0x5c600]
C  [kernel32.dll+0x51174]
C  [ntdll.dll+0x5b3f5]
C  [ntdll.dll+0x5b3c8]

VM_Operation (0x44bced08): GenCollectForAllocation, mode: safepoint, requested by thread 0x445ba800


---------------  P R O C E S S  ---------------

Java Threads: ( => current thread )
  0x445b7400 JavaThread "pool-2-thread-4" [_thread_blocked, id=5784, stack(0x44a50000,0x44aa0000)]
  0x445ba800 JavaThread "pool-2-thread-3" [_thread_blocked, id=4680, stack(0x44b80000,0x44bd0000)]
  0x445b9800 JavaThread "pool-2-thread-2" [_thread_blocked, id=5836, stack(0x44920000,0x44970000)]
  0x445b9000 JavaThread "pool-3-thread-1" [_thread_blocked, id=1328, stack(0x03bb0000,0x03c00000)]
  0x44585800 JavaThread "pool-2-thread-1" [_thread_blocked, id=5884, stack(0x44860000,0x448b0000)]
  0x44455c00 JavaThread "Service Thread" daemon [_thread_blocked, id=2228, stack(0x007d0000,0x00820000)]
  0x4443a000 JavaThread "C1 CompilerThread0" daemon [_thread_blocked, id=6084, stack(0x449a0000,0x449f0000)]
  0x44439000 JavaThread "Attach Listener" daemon [_thread_blocked, id=3800, stack(0x448c0000,0x44910000)]
  0x44436000 JavaThread "Signal Dispatcher" daemon [_thread_blocked, id=3816, stack(0x44600000,0x44650000)]
  0x44416c00 JavaThread "Finalizer" daemon [_thread_blocked, id=1544, stack(0x446d0000,0x44720000)]
  0x443f0400 JavaThread "Reference Handler" daemon [_thread_blocked, id=2120, stack(0x03b50000,0x03ba0000)]
  0x007cbc00 JavaThread "main" [_thread_blocked, id=348, stack(0x00710000,0x00760000)]

Other Threads:
=>0x443ea800 VMThread [stack: 0x44650000,0x446a0000] [id=2104]
  0x4442f400 WatcherThread [stack: 0x447f0000,0x44840000] [id=4216]

VM state:at safepoint (normal execution)

VM Mutex/Monitor currently owned by a thread:  ([mutex/lock_event])
[0x007ca230] Threads_lock - owner thread: 0x443ea800
[0x007ca640] Heap_lock - owner thread: 0x445ba800

Heap:
 def new generation   total 314560K, used 314560K [0x03c00000, 0x19150000, 0x19150000)
  eden space 279616K, 100% used [0x03c00000, 0x14d10000, 0x14d10000)
  from space 34944K, 100% used [0x14d10000, 0x16f30000, 0x16f30000)
  to   space 34944K,  59% used [0x16f30000, 0x18393dc8, 0x19150000)
 tenured generation   total 699072K, used 699072K [0x19150000, 0x43c00000, 0x43c00000)
   the space 699072K, 100% used [0x19150000, 0x43c00000, 0x43c00000, 0x43c00000)
 Metaspace       used 3554K, capacity 3598K, committed 3648K, reserved 4480K

Card table byte_map: [0x43c00000,0x43e10000] byte_map_base: 0x43be2000

Polling page: 0x00380000

CodeCache: size=32768Kb used=3675Kb max_used=3675Kb free=29092Kb
 bounds [0x01b30000, 0x01ec8000, 0x03b30000]
 total_blobs=1912 nmethods=1765 adapters=77
 compilation: enabled

Compilation events (10 events):
Event: 15.531 Thread 0x4443a000 1763             com.android.dx.util.BitIntSet::iterator (9 bytes)
Event: 15.532 Thread 0x4443a000 nmethod 1763 0x01ec3108 code [0x01ec3210, 0x01ec32fc]
Event: 16.780 Thread 0x4443a000 1764             com.android.dx.ssa.back.RegisterAllocator::insertMoveBefore (240 bytes)
Event: 16.782 Thread 0x4443a000 nmethod 1764 0x01ec3388 code [0x01ec3630, 0x01ec417c]
Event: 16.896 Thread 0x4443a000 1765             com.android.dx.util.Bits::bitCount (29 bytes)
Event: 16.896 Thread 0x4443a000 nmethod 1765 0x01ec55c8 code [0x01ec56d0, 0x01ec57ac]
Event: 16.897 Thread 0x4443a000 1766             com.android.dx.ssa.back.FirstFitLocalCombiningAllocator::ssaSetToSpecs (57 bytes)
Event: 16.897 Thread 0x4443a000 nmethod 1766 0x01ec5888 code [0x01ec5a20, 0x01ec5e0c]
Event: 16.907 Thread 0x4443a000 1767             java.util.HashMap$TreeNode::putTreeVal (314 bytes)
Event: 16.908 Thread 0x4443a000 nmethod 1767 0x01ec64c8 code [0x01ec6660, 0x01ec6afc]

GC Heap History (10 events):
Event: 11.029 GC heap after
Heap after GC invocations=98 (full 7):
 def new generation   total 220992K, used 24511K [0x03c00000, 0x12bc0000, 0x19150000)
  eden space 196480K,   0% used [0x03c00000, 0x03c00000, 0x0fbe0000)
  from space 24512K,  99% used [0x113d0000, 0x12bbfff8, 0x12bc0000)
  to   space 24512K,   0% used [0x0fbe0000, 0x0fbe0000, 0x113d0000)
 tenured generation   total 490880K, used 476836K [0x19150000, 0x370b0000, 0x43c00000)
   the space 490880K,  97% used [0x19150000, 0x362f9000, 0x362f9000, 0x370b0000)
 Metaspace       used 3550K, capacity 3598K, committed 3648K, reserved 4480K
}
Event: 11.356 GC heap before
{Heap before GC invocations=98 (full 7):
 def new generation   total 220992K, used 220991K [0x03c00000, 0x12bc0000, 0x19150000)
  eden space 196480K, 100% used [0x03c00000, 0x0fbe0000, 0x0fbe0000)
  from space 24512K,  99% used [0x113d0000, 0x12bbfff8, 0x12bc0000)
  to   space 24512K,   0% used [0x0fbe0000, 0x0fbe0000, 0x113d0000)
 tenured generation   total 490880K, used 476836K [0x19150000, 0x370b0000, 0x43c00000)
   the space 490880K,  97% used [0x19150000, 0x362f9000, 0x362f9000, 0x370b0000)
 Metaspace       used 3550K, capacity 3598K, committed 3648K, reserved 4480K
Event: 12.980 GC heap after
Heap after GC invocations=99 (full 8):
 def new generation   total 314560K, used 4808K [0x03c00000, 0x19150000, 0x19150000)
  eden space 279616K,   1% used [0x03c00000, 0x040b2320, 0x14d10000)
  from space 34944K,   0% used [0x14d10000, 0x14d10000, 0x16f30000)
  to   space 34944K,   0% used [0x16f30000, 0x16f30000, 0x19150000)
 tenured generation   total 699072K, used 505344K [0x19150000, 0x43c00000, 0x43c00000)
   the space 699072K,  72% used [0x19150000, 0x37ed0000, 0x37ed0000, 0x43c00000)
 Metaspace       used 3550K, capacity 3598K, committed 3648K, reserved 4480K
}
Event: 14.710 GC heap before
{Heap before GC invocations=99 (full 8):
 def new generation   total 314560K, used 279616K [0x03c00000, 0x19150000, 0x19150000)
  eden space 279616K, 100% used [0x03c00000, 0x14d10000, 0x14d10000)
  from space 34944K,   0% used [0x14d10000, 0x14d10000, 0x16f30000)
  to   space 34944K,   0% used [0x16f30000, 0x16f30000, 0x19150000)
 tenured generation   total 699072K, used 505344K [0x19150000, 0x43c00000, 0x43c00000)
   the space 699072K,  72% used [0x19150000, 0x37ed0000, 0x37ed0000, 0x43c00000)
 Metaspace       used 3550K, capacity 3598K, committed 3648K, reserved 4480K
Event: 15.115 GC heap after
Heap after GC invocations=100 (full 8):
 def new generation   total 314560K, used 34943K [0x03c00000, 0x19150000, 0x19150000)
  eden space 279616K,   0% used [0x03c00000, 0x03c00000, 0x14d10000)
  from space 34944K,  99% used [0x16f30000, 0x1914fff8, 0x19150000)
  to   space 34944K,   0% used [0x14d10000, 0x14d10000, 0x16f30000)
 tenured generation   total 699072K, used 558044K [0x19150000, 0x43c00000, 0x43c00000)
   the space 699072K,  79% used [0x19150000, 0x3b2470e8, 0x3b247200, 0x43c00000)
 Metaspace       used 3550K, capacity 3598K, committed 3648K, reserved 4480K
}
Event: 15.611 GC heap before
{Heap before GC invocations=100 (full 8):
 def new generation   total 314560K, used 314559K [0x03c00000, 0x19150000, 0x19150000)
  eden space 279616K, 100% used [0x03c00000, 0x14d10000, 0x14d10000)
  from space 34944K,  99% used [0x16f30000, 0x1914fff8, 0x19150000)
  to   space 34944K,   0% used [0x14d10000, 0x14d10000, 0x16f30000)
 tenured generation   total 699072K, used 558044K [0x19150000, 0x43c00000, 0x43c00000)
   the space 699072K,  79% used [0x19150000, 0x3b2470e8, 0x3b247200, 0x43c00000)
 Metaspace       used 3554K, capacity 3598K, committed 3648K, reserved 4480K
Event: 15.789 GC heap after
Heap after GC invocations=101 (full 8):
 def new generation   total 314560K, used 34944K [0x03c00000, 0x19150000, 0x19150000)
  eden space 279616K,   0% used [0x03c00000, 0x03c00000, 0x14d10000)
  from space 34944K, 100% used [0x14d10000, 0x16f30000, 0x16f30000)
  to   space 34944K,   0% used [0x16f30000, 0x16f30000, 0x19150000)
 tenured generation   total 699072K, used 602276K [0x19150000, 0x43c00000, 0x43c00000)
   the space 699072K,  86% used [0x19150000, 0x3dd79100, 0x3dd79200, 0x43c00000)
 Metaspace       used 3554K, capacity 3598K, committed 3648K, reserved 4480K
}
Event: 16.803 GC heap before
{Heap before GC invocations=101 (full 8):
 def new generation   total 314560K, used 314560K [0x03c00000, 0x19150000, 0x19150000)
  eden space 279616K, 100% used [0x03c00000, 0x14d10000, 0x14d10000)
  from space 34944K, 100% used [0x14d10000, 0x16f30000, 0x16f30000)
  to   space 34944K,   0% used [0x16f30000, 0x16f30000, 0x19150000)
 tenured generation   total 699072K, used 602276K [0x19150000, 0x43c00000, 0x43c00000)
   the space 699072K,  86% used [0x19150000, 0x3dd79100, 0x3dd79200, 0x43c00000)
 Metaspace       used 3554K, capacity 3598K, committed 3648K, reserved 4480K
Event: 16.889 GC heap after
Heap after GC invocations=102 (full 8):
 def new generation   total 314560K, used 20879K [0x03c00000, 0x19150000, 0x19150000)
  eden space 279616K,   0% used [0x03c00000, 0x03c00000, 0x14d10000)
  from space 34944K,  59% used [0x16f30000, 0x18393dc8, 0x19150000)
  to   space 34944K,   0% used [0x14d10000, 0x14d10000, 0x16f30000)
 tenured generation   total 699072K, used 634724K [0x19150000, 0x43c00000, 0x43c00000)
   the space 699072K,  90% used [0x19150000, 0x3fd29250, 0x3fd29400, 0x43c00000)
 Metaspace       used 3554K, capacity 3598K, committed 3648K, reserved 4480K
}
Event: 18.422 GC heap before
{Heap before GC invocations=102 (full 8):
 def new generation   total 314560K, used 300495K [0x03c00000, 0x19150000, 0x19150000)
  eden space 279616K, 100% used [0x03c00000, 0x14d10000, 0x14d10000)
  from space 34944K,  59% used [0x16f30000, 0x18393dc8, 0x19150000)
  to   space 34944K,   0% used [0x14d10000, 0x14d10000, 0x16f30000)
 tenured generation   total 699072K, used 634724K [0x19150000, 0x43c00000, 0x43c00000)
   the space 699072K,  90% used [0x19150000, 0x3fd29250, 0x3fd29400, 0x43c00000)
 Metaspace       used 3554K, capacity 3598K, committed 3648K, reserved 4480K

Deoptimization events (0 events):
No events

Internal exceptions (5 events):
Event: 0.028 Thread 0x007cbc00 Exception <a 'java/lang/NoSuchMethodError': Method sun.misc.Unsafe.defineClass(Ljava/lang/String;[BII)Ljava/lang/Class; name or signature does not match> (0x03c06ea8) thrown at [C:\re\workspace\8-2-build-windows-i586-cygwin\jdk8u101\7261\hotspot\src\share\¡;€‡†œ?
Event: 0.028 Thread 0x007cbc00 Exception <a 'java/lang/NoSuchMethodError': Method sun.misc.Unsafe.prefetchRead(Ljava/lang/Object;J)V name or signature does not match> (0x03c07178) thrown at [C:\re\workspace\8-2-build-windows-i586-cygwin\jdk8u101\7261\hotspot\src\share\vm\prims\jni.cpp, ­èWrGì?
Event: 0.884 Thread 0x445ba800 Exception <a 'java/lang/ArrayIndexOutOfBoundsException': 18> (0x03eef078) thrown at [C:\re\workspace\8-2-build-windows-i586-cygwin\jdk8u101\7261\hotspot\src\share\vm\interpreter\interpreterRuntime.cpp, line 366]
Event: 0.884 Thread 0x445ba800 Exception <a 'java/lang/ArrayIndexOutOfBoundsException': 145> (0x03f47248) thrown at [C:\re\workspace\8-2-build-windows-i586-cygwin\jdk8u101\7261\hotspot\src\share\vm\interpreter\interpreterRuntime.cpp, line 366]
Event: 0.885 Thread 0x445ba800 Exception <a 'java/lang/ArrayIndexOutOfBoundsException': 40> (0x03f48328) thrown at [C:\re\workspace\8-2-build-windows-i586-cygwin\jdk8u101\7261\hotspot\src\share\vm\interpreter\interpreterRuntime.cpp, line 366]

Events (10 events):
Event: 15.236 Thread 0x445b9800 DEOPT UNPACKING pc=0x01b6c5db sp=0x4496f448 mode 0
Event: 15.240 loading class com/android/dx/util/ListIntSet$1
Event: 15.240 loading class com/android/dx/util/ListIntSet$1 done
Event: 15.241 Executing VM operation: Deoptimize
Event: 15.241 Executing VM operation: Deoptimize done
Event: 15.611 Executing VM operation: GenCollectForAllocation
Event: 15.789 Executing VM operation: GenCollectForAllocation done
Event: 16.803 Executing VM operation: GenCollectForAllocation
Event: 16.889 Executing VM operation: GenCollectForAllocation done
Event: 18.421 Executing VM operation: GenCollectForAllocation


Dynamic libraries:
0x00820000 - 0x00853000 	C:\Program Files\Java\jdk1.8.0_101\bin\java.exe
0x77610000 - 0x7774c000 	C:\Windows\SYSTEM32\ntdll.dll
0x76310000 - 0x763e4000 	C:\Windows\system32\kernel32.dll
0x75a10000 - 0x75a5a000 	C:\Windows\system32\KERNELBASE.dll
0x75a60000 - 0x75b00000 	C:\Windows\system32\ADVAPI32.dll
0x76730000 - 0x767dc000 	C:\Windows\system32\msvcrt.dll
0x767e0000 - 0x767f9000 	C:\Windows\SYSTEM32\sechost.dll
0x76500000 - 0x765a1000 	C:\Windows\system32\RPCRT4.dll
0x77760000 - 0x77829000 	C:\Windows\system32\USER32.dll
0x762c0000 - 0x7630e000 	C:\Windows\system32\GDI32.dll
0x75dd0000 - 0x75dda000 	C:\Windows\system32\LPK.dll
0x76110000 - 0x761ad000 	C:\Windows\system32\USP10.dll
0x741d0000 - 0x7436e000 	C:\Windows\WinSxS\x86_microsoft.windows.common-controls_6595b64144ccf1df_6.0.7600.16385_none_421189da2b7fabfc\COMCTL32.dll
0x763f0000 - 0x76447000 	C:\Windows\system32\SHLWAPI.dll
0x764e0000 - 0x764ff000 	C:\Windows\system32\IMM32.DLL
0x75b00000 - 0x75bcc000 	C:\Windows\system32\MSCTF.dll
0x52b10000 - 0x52bcf000 	C:\Program Files\Java\jdk1.8.0_101\jre\bin\msvcr100.dll
0x52740000 - 0x52b0c000 	C:\Program Files\Java\jdk1.8.0_101\jre\bin\client\jvm.dll
0x70d00000 - 0x70d07000 	C:\Windows\system32\WSOCK32.dll
0x766f0000 - 0x76725000 	C:\Windows\system32\WS2_32.dll
0x77750000 - 0x77756000 	C:\Windows\system32\NSI.dll
0x70de0000 - 0x70e12000 	C:\Windows\system32\WINMM.dll
0x74c60000 - 0x74c69000 	C:\Windows\system32\VERSION.dll
0x77830000 - 0x77835000 	C:\Windows\system32\PSAPI.DLL
0x60b30000 - 0x60b3c000 	C:\Program Files\Java\jdk1.8.0_101\jre\bin\verify.dll
0x60b00000 - 0x60b21000 	C:\Program Files\Java\jdk1.8.0_101\jre\bin\java.dll
0x60ae0000 - 0x60af3000 	C:\Program Files\Java\jdk1.8.0_101\jre\bin\zip.dll
0x769c0000 - 0x77609000 	C:\Windows\system32\SHELL32.dll
0x76800000 - 0x7695c000 	C:\Windows\system32\ole32.dll
0x75760000 - 0x7576b000 	C:\Windows\system32\profapi.dll
0x73430000 - 0x7351b000 	C:\Windows\system32\dbghelp.dll

VM Arguments:
jvm_args: -Djava.awt.headless=true -Xmx1024M -Dfile.encoding=windows-1252 -Duser.country=US -Duser.language=en -Duser.variant 
java_command: com.android.dx.command.Main --dex --num-threads=4 --multi-dex --main-dex-list E:\SandeepProjectResources\MobipugNew\Mobipug27.10.18\MobipugSource\app\build\intermediates\multi-dex\debug\maindexlist.txt --output E:\SandeepProjectResources\MobipugNew\Mobipug27.10.18\MobipugSource\app\build\intermediates\transforms\dex\debug\folders\1000\1f\main E:\SandeepProjectResources\MobipugNew\Mobipug27.10.18\MobipugSource\app\build\intermediates\transforms\jarMerging\debug\jars\1\1f\combined.jar
java_class_path (initial): C:\Users\android-4\AppData\Local\Android\Sdk\build-tools\26.0.2\lib\dx.jar
Launcher Type: SUN_STANDARD

Environment Variables:
PATH=C:\ProgramData\Oracle\Java\javapath;C:\Windows\system32;C:\Windows;C:\Windows\System32\Wbem;C:\Windows\System32\WindowsPowerShell\v1.0\;C:\Program Files\Intel\OpenCL SDK\2.0\bin\x86;C:\Program Files\Skype\Phone\
USERNAME=android-4
OS=Windows_NT
PROCESSOR_IDENTIFIER=x86 Family 6 Model 42 Stepping 7, GenuineIntel



---------------  S Y S T E M  ---------------

OS: Windows 7 Build 7600 (6.1.7600.16385)

CPU:total 4 (2 cores per cpu, 2 threads per core) family 6 model 42 stepping 7, cmov, cx8, fxsr, mmx, sse, sse2, sse3, ssse3, sse4.1, sse4.2, popcnt, clmul, ht, tsc, tscinvbit

Memory: 4k page, physical 3578328k(217372k free), swap 24056564k(18801380k free)

vm_info: Java HotSpot(TM) Client VM (25.101-b13) for windows-x86 JRE (1.8.0_101-b13), built on Jun 22 2016 00:45:44 by "java_re" with MS VC++ 10.0 (VS2010)

time: Thu Nov 15 18:07:03 2018
elapsed time: 18 seconds (0d 0h 0m 18s)

