#
# A fatal error has been detected by the Java Runtime Environment:
#
#  EXCEPTION_ACCESS_VIOLATION (0xc0000005) at pc=0x50496d24, pid=5384, tid=0x00000bb8
#
# JRE version: Java(TM) SE Runtime Environment (8.0_101-b13) (build 1.8.0_101-b13)
# Java VM: Java HotSpot(TM) Client VM (25.101-b13 mixed mode windows-x86 )
# Problematic frame:
# V  [jvm.dll+0x176d24]
#
# Failed to write core dump. Minidumps are not enabled by default on client versions of Windows
#
# If you would like to submit a bug report, please visit:
#   http://bugreport.java.com/bugreport/crash.jsp
#

---------------  T H R E A D  ---------------

Current thread (0x4458d800):  JavaThread "pool-2-thread-1" [_thread_in_vm, id=3000, stack(0x44990000,0x449e0000)]

siginfo: ExceptionCode=0xc0000005, reading address 0x00000001

Registers:
EAX=0x00000001, EBX=0x4458d800, ECX=0x00000000, EDX=0x00000003
ESP=0x449df1a0, EBP=0x449df1bc, ESI=0x00000001, EDI=0x14ab4f20
EIP=0x50496d24, EFLAGS=0x00010202

Top of Stack: (sp=0x449df1a0)
0x449df1a0:   4458d800 14ab4e48 4458d800 449df1bc
0x449df1b0:   503273c4 4458d800 00000003 449df1d8
0x449df1c0:   5041c382 4458d800 14ab4f20 4458d800
0x449df1d0:   14ab4e48 43f70c88 449df1f8 01cbd2f8
0x449df1e0:   4458d940 449df1e8 14ab4f20 00000004
0x449df1f0:   051c10a0 4458adec 449df79c 01cbcb28
0x449df200:   443ee378 43f707c0 449df79c 01cf0ae0
0x449df210:   051c1380 051c1430 14ab4e98 00000000 

Instructions: (pc=0x50496d24)
0x50496d04:   83 7d f4 00 74 01 f0 0f b1 0a 3b c6 75 43 5f 5e
0x50496d14:   8b c3 5b 8b e5 5d c3 d1 e8 a8 01 74 13 83 f6 02
0x50496d24:   8b 06 c1 e8 07 85 c0 74 2b 5f 5e 5b 8b e5 5d c3
0x50496d34:   8b 13 8b 42 40 56 8b cb ff d0 84 c0 74 16 83 e6 


Register to memory mapping:

EAX=0x00000001 is an unknown value
EBX=0x4458d800 is a thread
ECX=0x00000000 is an unknown value
EDX=0x00000003 is an unknown value
ESP=0x449df1a0 is pointing into the stack for thread: 0x4458d800
EBP=0x449df1bc is pointing into the stack for thread: 0x4458d800
ESI=0x00000001 is an unknown value
EDI=0x14ab4f20 is an unallocated location in the heap


Stack: [0x44990000,0x449e0000],  sp=0x449df1a0,  free space=316k
Native frames: (J=compiled Java code, j=interpreted, Vv=VM code, C=native code)
V  [jvm.dll+0x176d24]
V  [jvm.dll+0xfc382]
J 220  java.lang.Object.hashCode()I (0 bytes) @ 0x01cbd2f8 [0x01cbd250+0xa8]
J 217 C1 java.util.HashMap.get(Ljava/lang/Object;)Ljava/lang/Object; (23 bytes) @ 0x01cbcb28 [0x01cbcae0+0x48]
J 377 C1 com.android.dx.ssa.SsaRenamer$BlockRenamer.process()V (191 bytes) @ 0x01cfaaec [0x01cfaa40+0xac]
J 688 C1 com.android.dx.ssa.SsaRenamer$1.visitBlock(Lcom/android/dx/ssa/SsaBasicBlock;Lcom/android/dx/ssa/SsaBasicBlock;)V (16 bytes) @ 0x01d9fb90 [0x01d9fb10+0x80]
J 473 C1 com.android.dx.ssa.SsaMethod.forEachBlockDepthFirstDom(Lcom/android/dx/ssa/SsaBasicBlock$Visitor;)V (128 bytes) @ 0x01d2b9d4 [0x01d2b320+0x6b4]
J 1130 C1 com.android.dx.ssa.SsaConverter.convertToSsaMethod(Lcom/android/dx/rop/code/RopMethod;IZ)Lcom/android/dx/ssa/SsaMethod; (41 bytes) @ 0x01e5423c [0x01e54090+0x1ac]
J 1199 C1 com.android.dx.ssa.Optimizer.optimize(Lcom/android/dx/rop/code/RopMethod;IZZLcom/android/dx/rop/code/TranslationAdvice;Ljava/util/EnumSet;)Lcom/android/dx/rop/code/RopMethod; (67 bytes) @ 0x01e6b52c [0x01e6b4e0+0x4c]
J 1059 C1 com.android.dx.dex.cf.CfTranslator.processMethods(Lcom/android/dx/command/dexer/DxContext;Lcom/android/dx/cf/direct/DirectClassFile;Lcom/android/dx/dex/cf/CfOptions;Lcom/android/dx/dex/DexOptions;Lcom/android/dx/dex/file/ClassDefItem;Lcom/android/dx/dex/file/DexFile;)V (597 bytes) @ 0x01e2c288 [0x01e2bc40+0x648]
J 238 C1 com.android.dx.dex.cf.CfTranslator.translate0(Lcom/android/dx/command/dexer/DxContext;Lcom/android/dx/cf/direct/DirectClassFile;[BLcom/android/dx/dex/cf/CfOptions;Lcom/android/dx/dex/DexOptions;Lcom/android/dx/dex/file/DexFile;)Lcom/android/dx/dex/file/ClassDefItem; (416 bytes) @ 0x01cc06a8 [0x01cc03f0+0x2b8]
J 1569 C1 com.android.dx.dex.cf.CfTranslator.translate(Lcom/android/dx/command/dexer/DxContext;Lcom/android/dx/cf/direct/DirectClassFile;[BLcom/android/dx/dex/cf/CfOptions;Lcom/android/dx/dex/DexOptions;Lcom/android/dx/dex/file/DexFile;)Lcom/android/dx/dex/file/ClassDefItem; (46 bytes) @ 0x01eec278 [0x01eec240+0x38]
J 1568 C1 com.android.dx.command.dexer.Main.translateClass([BLcom/android/dx/cf/direct/DirectClassFile;)Lcom/android/dx/dex/file/ClassDefItem; (86 bytes) @ 0x01eebb24 [0x01eebad0+0x54]
J 1631 C1 com.android.dx.command.dexer.Main$ClassTranslatorTask.call()Ljava/lang/Object; (5 bytes) @ 0x01f01680 [0x01f01650+0x30]
J 1446 C1 java.util.concurrent.FutureTask.run()V (126 bytes) @ 0x01eb7ee0 [0x01eb7e50+0x90]
j  java.util.concurrent.ThreadPoolExecutor.runWorker(Ljava/util/concurrent/ThreadPoolExecutor$Worker;)V+95
j  java.util.concurrent.ThreadPoolExecutor$Worker.run()V+5
j  java.lang.Thread.run()V+11
v  ~StubRoutines::call_stub
V  [jvm.dll+0x15a2e5]
V  [jvm.dll+0x21ff6e]
V  [jvm.dll+0x15a37e]
V  [jvm.dll+0x15a506]
V  [jvm.dll+0x15a577]
V  [jvm.dll+0xfe92f]
V  [jvm.dll+0x17d7dc]
V  [jvm.dll+0x17d8ca]
V  [jvm.dll+0x1c1ed6]
C  [msvcr100.dll+0x5c556]
C  [msvcr100.dll+0x5c600]
C  [kernel32.dll+0x51174]
C  [ntdll.dll+0x5b3f5]
C  [ntdll.dll+0x5b3c8]
C  0x00000000

Java frames: (J=compiled Java code, j=interpreted, Vv=VM code)
J 220  java.lang.Object.hashCode()I (0 bytes) @ 0x01cbd2b4 [0x01cbd250+0x64]
J 217 C1 java.util.HashMap.get(Ljava/lang/Object;)Ljava/lang/Object; (23 bytes) @ 0x01cbcb28 [0x01cbcae0+0x48]
J 377 C1 com.android.dx.ssa.SsaRenamer$BlockRenamer.process()V (191 bytes) @ 0x01cfaaec [0x01cfaa40+0xac]
J 688 C1 com.android.dx.ssa.SsaRenamer$1.visitBlock(Lcom/android/dx/ssa/SsaBasicBlock;Lcom/android/dx/ssa/SsaBasicBlock;)V (16 bytes) @ 0x01d9fb90 [0x01d9fb10+0x80]
J 473 C1 com.android.dx.ssa.SsaMethod.forEachBlockDepthFirstDom(Lcom/android/dx/ssa/SsaBasicBlock$Visitor;)V (128 bytes) @ 0x01d2b9d4 [0x01d2b320+0x6b4]
J 1130 C1 com.android.dx.ssa.SsaConverter.convertToSsaMethod(Lcom/android/dx/rop/code/RopMethod;IZ)Lcom/android/dx/ssa/SsaMethod; (41 bytes) @ 0x01e5423c [0x01e54090+0x1ac]
J 1199 C1 com.android.dx.ssa.Optimizer.optimize(Lcom/android/dx/rop/code/RopMethod;IZZLcom/android/dx/rop/code/TranslationAdvice;Ljava/util/EnumSet;)Lcom/android/dx/rop/code/RopMethod; (67 bytes) @ 0x01e6b52c [0x01e6b4e0+0x4c]
J 1059 C1 com.android.dx.dex.cf.CfTranslator.processMethods(Lcom/android/dx/command/dexer/DxContext;Lcom/android/dx/cf/direct/DirectClassFile;Lcom/android/dx/dex/cf/CfOptions;Lcom/android/dx/dex/DexOptions;Lcom/android/dx/dex/file/ClassDefItem;Lcom/android/dx/dex/file/DexFile;)V (597 bytes) @ 0x01e2c288 [0x01e2bc40+0x648]
J 238 C1 com.android.dx.dex.cf.CfTranslator.translate0(Lcom/android/dx/command/dexer/DxContext;Lcom/android/dx/cf/direct/DirectClassFile;[BLcom/android/dx/dex/cf/CfOptions;Lcom/android/dx/dex/DexOptions;Lcom/android/dx/dex/file/DexFile;)Lcom/android/dx/dex/file/ClassDefItem; (416 bytes) @ 0x01cc06a8 [0x01cc03f0+0x2b8]
J 1569 C1 com.android.dx.dex.cf.CfTranslator.translate(Lcom/android/dx/command/dexer/DxContext;Lcom/android/dx/cf/direct/DirectClassFile;[BLcom/android/dx/dex/cf/CfOptions;Lcom/android/dx/dex/DexOptions;Lcom/android/dx/dex/file/DexFile;)Lcom/android/dx/dex/file/ClassDefItem; (46 bytes) @ 0x01eec278 [0x01eec240+0x38]
J 1568 C1 com.android.dx.command.dexer.Main.translateClass([BLcom/android/dx/cf/direct/DirectClassFile;)Lcom/android/dx/dex/file/ClassDefItem; (86 bytes) @ 0x01eebb24 [0x01eebad0+0x54]
J 1631 C1 com.android.dx.command.dexer.Main$ClassTranslatorTask.call()Ljava/lang/Object; (5 bytes) @ 0x01f01680 [0x01f01650+0x30]
J 1446 C1 java.util.concurrent.FutureTask.run()V (126 bytes) @ 0x01eb7ee0 [0x01eb7e50+0x90]
j  java.util.concurrent.ThreadPoolExecutor.runWorker(Ljava/util/concurrent/ThreadPoolExecutor$Worker;)V+95
j  java.util.concurrent.ThreadPoolExecutor$Worker.run()V+5
j  java.lang.Thread.run()V+11
v  ~StubRoutines::call_stub

---------------  P R O C E S S  ---------------

Java Threads: ( => current thread )
  0x445b7400 JavaThread "pool-1-thread-1" [_thread_blocked, id=5348, stack(0x44b90000,0x44be0000)]
  0x445b6800 JavaThread "pool-2-thread-4" [_thread_blocked, id=5232, stack(0x44b30000,0x44b80000)]
  0x445b6000 JavaThread "pool-2-thread-3" [_thread_blocked, id=3248, stack(0x44a70000,0x44ac0000)]
  0x445b5c00 JavaThread "pool-2-thread-2" [_thread_blocked, id=4628, stack(0x44bf0000,0x44c40000)]
  0x4458fc00 JavaThread "pool-3-thread-1" [_thread_blocked, id=4228, stack(0x44ad0000,0x44b20000)]
=>0x4458d800 JavaThread "pool-2-thread-1" [_thread_in_vm, id=3000, stack(0x44990000,0x449e0000)]
  0x4444c000 JavaThread "Service Thread" daemon [_thread_blocked, id=5608, stack(0x44910000,0x44960000)]
  0x44439c00 JavaThread "C1 CompilerThread0" daemon [_thread_blocked, id=4048, stack(0x447e0000,0x44830000)]
  0x44438c00 JavaThread "Attach Listener" daemon [_thread_blocked, id=4636, stack(0x017f0000,0x01840000)]
  0x44436000 JavaThread "Signal Dispatcher" daemon [_thread_blocked, id=5868, stack(0x44880000,0x448d0000)]
  0x44416c00 JavaThread "Finalizer" daemon [_thread_blocked, id=3848, stack(0x44670000,0x446c0000)]
  0x443f0400 JavaThread "Reference Handler" daemon [_thread_blocked, id=3392, stack(0x445f0000,0x44640000)]
  0x0010bc00 JavaThread "main" [_thread_in_vm, id=3632, stack(0x01890000,0x018e0000)]

Other Threads:
  0x443ea800 VMThread [stack: 0x01180000,0x011d0000] [id=5988]
  0x4445e000 WatcherThread [stack: 0x01360000,0x013b0000] [id=4520]

VM state:not at safepoint (normal execution)

VM Mutex/Monitor currently owned by a thread: None

Heap:
 def new generation   total 314560K, used 25918K [0x03c00000, 0x19150000, 0x19150000)
  eden space 279616K,   9% used [0x03c00000, 0x0554fa60, 0x14d10000)
  from space 34944K,   0% used [0x14d10000, 0x14d10000, 0x16f30000)
  to   space 34944K,   0% used [0x16f30000, 0x16f30000, 0x19150000)
 tenured generation   total 699072K, used 699071K [0x19150000, 0x43c00000, 0x43c00000)
   the space 699072K,  99% used [0x19150000, 0x43bffff0, 0x43c00000, 0x43c00000)
 Metaspace       used 3569K, capacity 3598K, committed 3648K, reserved 4480K

Card table byte_map: [0x43c00000,0x43e10000] byte_map_base: 0x43be2000

Polling page: 0x001a0000

CodeCache: size=32768Kb used=3706Kb max_used=3706Kb free=29061Kb
 bounds [0x01bb0000, 0x01f50000, 0x03bb0000]
 total_blobs=1946 nmethods=1799 adapters=77
 compilation: enabled

Compilation events (10 events):
Event: 30.906 Thread 0x44439c00 1811             com.android.dx.dex.file.ClassDataItem::addContents (207 bytes)
Event: 30.907 Thread 0x44439c00 nmethod 1811 0x01f495c8 code [0x01f497d0, 0x01f49e68]
Event: 30.910 Thread 0x44439c00 1812             com.android.dx.dex.file.EncodedMethod::compareTo (9 bytes)
Event: 30.910 Thread 0x44439c00 nmethod 1812 0x01f4a848 code [0x01f4a950, 0x01f4aa1c]
Event: 30.910 Thread 0x44439c00 1813             com.android.dx.dex.file.EncodedMethod::compareTo (12 bytes)
Event: 30.910 Thread 0x44439c00 nmethod 1813 0x01f4ab08 code [0x01f4ac40, 0x01f4adec]
Event: 30.931 Thread 0x44439c00 1814             java.util.ComparableTimSort::mergeHi (729 bytes)
Event: 30.933 Thread 0x44439c00 nmethod 1814 0x01f4b0c8 code [0x01f4b300, 0x01f4c6a0]
Event: 30.933 Thread 0x44439c00 1815             java.util.ComparableTimSort::mergeLo (656 bytes)
Event: 30.934 Thread 0x44439c00 nmethod 1815 0x01f4d388 code [0x01f4d5c0, 0x01f4e900]

GC Heap History (10 events):
Event: 21.511 GC heap before
{Heap before GC invocations=102 (full 10):
 def new generation   total 314560K, used 279616K [0x03c00000, 0x19150000, 0x19150000)
  eden space 279616K, 100% used [0x03c00000, 0x14d10000, 0x14d10000)
  from space 34944K,   0% used [0x16f30000, 0x16f30000, 0x19150000)
  to   space 34944K,   0% used [0x14d10000, 0x14d10000, 0x16f30000)
 tenured generation   total 699072K, used 598859K [0x19150000, 0x43c00000, 0x43c00000)
   the space 699072K,  85% used [0x19150000, 0x3da22ce0, 0x3da22e00, 0x43c00000)
 Metaspace       used 3550K, capacity 3598K, committed 3648K, reserved 4480K
Event: 21.647 GC heap after
Heap after GC invocations=103 (full 10):
 def new generation   total 314560K, used 34944K [0x03c00000, 0x19150000, 0x19150000)
  eden space 279616K,   0% used [0x03c00000, 0x03c00000, 0x14d10000)
  from space 34944K, 100% used [0x14d10000, 0x16f30000, 0x16f30000)
  to   space 34944K,   0% used [0x16f30000, 0x16f30000, 0x19150000)
 tenured generation   total 699072K, used 686239K [0x19150000, 0x43c00000, 0x43c00000)
   the space 699072K,  98% used [0x19150000, 0x42f77f60, 0x42f78000, 0x43c00000)
 Metaspace       used 3550K, capacity 3598K, committed 3648K, reserved 4480K
}
Event: 22.853 GC heap before
{Heap before GC invocations=103 (full 10):
 def new generation   total 314560K, used 314560K [0x03c00000, 0x19150000, 0x19150000)
  eden space 279616K, 100% used [0x03c00000, 0x14d10000, 0x14d10000)
  from space 34944K, 100% used [0x14d10000, 0x16f30000, 0x16f30000)
  to   space 34944K,   0% used [0x16f30000, 0x16f30000, 0x19150000)
 tenured generation   total 699072K, used 686239K [0x19150000, 0x43c00000, 0x43c00000)
   the space 699072K,  98% used [0x19150000, 0x42f77f60, 0x42f78000, 0x43c00000)
 Metaspace       used 3550K, capacity 3598K, committed 3648K, reserved 4480K
Event: 24.379 GC heap after
Heap after GC invocations=104 (full 11):
 def new generation   total 314560K, used 16032K [0x03c00000, 0x19150000, 0x19150000)
  eden space 279616K,   5% used [0x03c00000, 0x04ba81f8, 0x14d10000)
  from space 34944K,   0% used [0x14d10000, 0x14d10000, 0x16f30000)
  to   space 34944K,   0% used [0x16f30000, 0x16f30000, 0x19150000)
 tenured generation   total 699072K, used 699071K [0x19150000, 0x43c00000, 0x43c00000)
   the space 699072K,  99% used [0x19150000, 0x43bffff0, 0x43c00000, 0x43c00000)
 Metaspace       used 3550K, capacity 3598K, committed 3648K, reserved 4480K
}
Event: 25.481 GC heap before
{Heap before GC invocations=104 (full 11):
 def new generation   total 314560K, used 314560K [0x03c00000, 0x19150000, 0x19150000)
  eden space 279616K, 100% used [0x03c00000, 0x14d10000, 0x14d10000)
  from space 34944K, 100% used [0x14d10000, 0x16f30000, 0x16f30000)
  to   space 34944K,   0% used [0x16f30000, 0x16f30000, 0x19150000)
 tenured generation   total 699072K, used 699072K [0x19150000, 0x43c00000, 0x43c00000)
   the space 699072K, 100% used [0x19150000, 0x43c00000, 0x43c00000, 0x43c00000)
 Metaspace       used 3550K, capacity 3598K, committed 3648K, reserved 4480K
Event: 27.618 GC heap after
Heap after GC invocations=105 (full 12):
 def new generation   total 314560K, used 0K [0x03c00000, 0x19150000, 0x19150000)
  eden space 279616K,   0% used [0x03c00000, 0x03c00000, 0x14d10000)
  from space 34944K,   0% used [0x14d10000, 0x14d10000, 0x16f30000)
  to   space 34944K,   0% used [0x16f30000, 0x16f30000, 0x19150000)
 tenured generation   total 699072K, used 651860K [0x19150000, 0x43c00000, 0x43c00000)
   the space 699072K,  93% used [0x19150000, 0x40de5310, 0x40de5400, 0x43c00000)
 Metaspace       used 3550K, capacity 3598K, committed 3648K, reserved 4480K
}
Event: 28.673 GC heap before
{Heap before GC invocations=105 (full 12):
 def new generation   total 314560K, used 279616K [0x03c00000, 0x19150000, 0x19150000)
  eden space 279616K, 100% used [0x03c00000, 0x14d10000, 0x14d10000)
  from space 34944K,   0% used [0x14d10000, 0x14d10000, 0x16f30000)
  to   space 34944K,   0% used [0x16f30000, 0x16f30000, 0x19150000)
 tenured generation   total 699072K, used 651860K [0x19150000, 0x43c00000, 0x43c00000)
   the space 699072K,  93% used [0x19150000, 0x40de5310, 0x40de5400, 0x43c00000)
 Metaspace       used 3550K, capacity 3598K, committed 3648K, reserved 4480K
Event: 30.321 GC heap after
Heap after GC invocations=106 (full 13):
 def new generation   total 314560K, used 0K [0x03c00000, 0x19150000, 0x19150000)
  eden space 279616K,   0% used [0x03c00000, 0x03c00000, 0x14d10000)
  from space 34944K,   0% used [0x14d10000, 0x14d10000, 0x16f30000)
  to   space 34944K,   0% used [0x16f30000, 0x16f30000, 0x19150000)
 tenured generation   total 699072K, used 693823K [0x19150000, 0x43c00000, 0x43c00000)
   the space 699072K,  99% used [0x19150000, 0x436dffa8, 0x436e0000, 0x43c00000)
 Metaspace       used 3550K, capacity 3598K, committed 3648K, reserved 4480K
}
Event: 30.963 GC heap before
{Heap before GC invocations=106 (full 13):
 def new generation   total 314560K, used 279616K [0x03c00000, 0x19150000, 0x19150000)
  eden space 279616K, 100% used [0x03c00000, 0x14d10000, 0x14d10000)
  from space 34944K,   0% used [0x14d10000, 0x14d10000, 0x16f30000)
  to   space 34944K,   0% used [0x16f30000, 0x16f30000, 0x19150000)
 tenured generation   total 699072K, used 693823K [0x19150000, 0x43c00000, 0x43c00000)
   the space 699072K,  99% used [0x19150000, 0x436dffa8, 0x436e0000, 0x43c00000)
 Metaspace       used 3568K, capacity 3598K, committed 3648K, reserved 4480K
Event: 32.657 GC heap after
Heap after GC invocations=107 (full 14):
 def new generation   total 314560K, used 22274K [0x03c00000, 0x19150000, 0x19150000)
  eden space 279616K,   7% used [0x03c00000, 0x051c0b70, 0x14d10000)
  from space 34944K,   0% used [0x14d10000, 0x14d10000, 0x16f30000)
  to   space 34944K,   0% used [0x16f30000, 0x16f30000, 0x19150000)
 tenured generation   total 699072K, used 699071K [0x19150000, 0x43c00000, 0x43c00000)
   the space 699072K,  99% used [0x19150000, 0x43bffff0, 0x43c00000, 0x43c00000)
 Metaspace       used 3568K, capacity 3598K, committed 3648K, reserved 4480K
}

Deoptimization events (0 events):
No events

Internal exceptions (5 events):
Event: 0.024 Thread 0x0010bc00 Exception <a 'java/lang/NoSuchMethodError': Method sun.misc.Unsafe.defineClass(Ljava/lang/String;[BII)Ljava/lang/Class; name or signature does not match> (0x03c06ea8) thrown at [C:\re\workspace\8-2-build-windows-i586-cygwin\jdk8u101\7261\hotspot\src\share\”¤|Jï˜?
Event: 0.024 Thread 0x0010bc00 Exception <a 'java/lang/NoSuchMethodError': Method sun.misc.Unsafe.prefetchRead(Ljava/lang/Object;J)V name or signature does not match> (0x03c07178) thrown at [C:\re\workspace\8-2-build-windows-i586-cygwin\jdk8u101\7261\hotspot\src\share\vm\prims\jni.cpp, ;Ã>jAë?
Event: 0.845 Thread 0x445b6000 Exception <a 'java/lang/ArrayIndexOutOfBoundsException': 18> (0x03e2b550) thrown at [C:\re\workspace\8-2-build-windows-i586-cygwin\jdk8u101\7261\hotspot\src\share\vm\interpreter\interpreterRuntime.cpp, line 366]
Event: 0.845 Thread 0x445b6000 Exception <a 'java/lang/ArrayIndexOutOfBoundsException': 145> (0x03e2cdf0) thrown at [C:\re\workspace\8-2-build-windows-i586-cygwin\jdk8u101\7261\hotspot\src\share\vm\interpreter\interpreterRuntime.cpp, line 366]
Event: 0.845 Thread 0x445b6000 Exception <a 'java/lang/ArrayIndexOutOfBoundsException': 40> (0x03e2ded0) thrown at [C:\re\workspace\8-2-build-windows-i586-cygwin\jdk8u101\7261\hotspot\src\share\vm\interpreter\interpreterRuntime.cpp, line 366]

Events (10 events):
Event: 30.771 loading class java/util/NavigableSet done
Event: 30.771 loading class java/util/TreeMap$KeySet done
Event: 30.771 loading class java/util/TreeMap$KeyIterator
Event: 30.771 loading class java/util/TreeMap$KeyIterator done
Event: 30.773 Executing VM operation: RevokeBias
Event: 30.773 Executing VM operation: RevokeBias done
Event: 30.808 loading class com/android/dx/rop/cst/Zeroes
Event: 30.808 loading class com/android/dx/rop/cst/Zeroes done
Event: 30.963 Executing VM operation: GenCollectForAllocation
Event: 32.657 Executing VM operation: GenCollectForAllocation done


Dynamic libraries:
0x013b0000 - 0x013e3000 	C:\Program Files\Java\jdk1.8.0_101\bin\java.exe
0x77b90000 - 0x77ccc000 	C:\Windows\SYSTEM32\ntdll.dll
0x760c0000 - 0x76194000 	C:\Windows\system32\kernel32.dll
0x75d60000 - 0x75daa000 	C:\Windows\system32\KERNELBASE.dll
0x76440000 - 0x764e0000 	C:\Windows\system32\ADVAPI32.dll
0x76870000 - 0x7691c000 	C:\Windows\system32\msvcrt.dll
0x77940000 - 0x77959000 	C:\Windows\SYSTEM32\sechost.dll
0x76270000 - 0x76311000 	C:\Windows\system32\RPCRT4.dll
0x77960000 - 0x77a29000 	C:\Windows\system32\USER32.dll
0x75fe0000 - 0x7602e000 	C:\Windows\system32\GDI32.dll
0x76920000 - 0x7692a000 	C:\Windows\system32\LPK.dll
0x761d0000 - 0x7626d000 	C:\Windows\system32\USP10.dll
0x749f0000 - 0x74b8e000 	C:\Windows\WinSxS\x86_microsoft.windows.common-controls_6595b64144ccf1df_6.0.7600.16385_none_421189da2b7fabfc\COMCTL32.dll
0x76730000 - 0x76787000 	C:\Windows\system32\SHLWAPI.dll
0x76320000 - 0x7633f000 	C:\Windows\system32\IMM32.DLL
0x76790000 - 0x7685c000 	C:\Windows\system32\MSCTF.dll
0x69820000 - 0x698df000 	C:\Program Files\Java\jdk1.8.0_101\jre\bin\msvcr100.dll
0x50320000 - 0x506ec000 	C:\Program Files\Java\jdk1.8.0_101\jre\bin\client\jvm.dll
0x71290000 - 0x71297000 	C:\Windows\system32\WSOCK32.dll
0x77cd0000 - 0x77d05000 	C:\Windows\system32\WS2_32.dll
0x76860000 - 0x76866000 	C:\Windows\system32\NSI.dll
0x71490000 - 0x714c2000 	C:\Windows\system32\WINMM.dll
0x75020000 - 0x75029000 	C:\Windows\system32\VERSION.dll
0x77da0000 - 0x77da5000 	C:\Windows\system32\PSAPI.DLL
0x62550000 - 0x6255c000 	C:\Program Files\Java\jdk1.8.0_101\jre\bin\verify.dll
0x62520000 - 0x62541000 	C:\Program Files\Java\jdk1.8.0_101\jre\bin\java.dll
0x62500000 - 0x62513000 	C:\Program Files\Java\jdk1.8.0_101\jre\bin\zip.dll
0x76a70000 - 0x776b9000 	C:\Windows\system32\SHELL32.dll
0x77a30000 - 0x77b8c000 	C:\Windows\system32\ole32.dll
0x75ce0000 - 0x75ceb000 	C:\Windows\system32\profapi.dll
0x739f0000 - 0x73adb000 	C:\Windows\system32\dbghelp.dll

VM Arguments:
jvm_args: -Djava.awt.headless=true -Xmx1024M -Dfile.encoding=windows-1252 -Duser.country=US -Duser.language=en -Duser.variant 
java_command: com.android.dx.command.Main --dex --num-threads=4 --multi-dex --main-dex-list E:\SandeepProjectResources\MobipugNew\Mobipug27.10.18\MobipugSource\app\build\intermediates\multi-dex\debug\maindexlist.txt --output E:\SandeepProjectResources\MobipugNew\Mobipug27.10.18\MobipugSource\app\build\intermediates\transforms\dex\debug\folders\1000\1f\main E:\SandeepProjectResources\MobipugNew\Mobipug27.10.18\MobipugSource\app\build\intermediates\transforms\jarMerging\debug\jars\1\1f\combined.jar
java_class_path (initial): C:\Users\android-4\AppData\Local\Android\Sdk\build-tools\26.0.2\lib\dx.jar
Launcher Type: SUN_STANDARD

Environment Variables:
PATH=C:\ProgramData\Oracle\Java\javapath;C:\Windows\system32;C:\Windows;C:\Windows\System32\Wbem;C:\Windows\System32\WindowsPowerShell\v1.0\;C:\Program Files\Intel\OpenCL SDK\2.0\bin\x86;C:\Program Files\Skype\Phone\
USERNAME=android-4
OS=Windows_NT
PROCESSOR_IDENTIFIER=x86 Family 6 Model 42 Stepping 7, GenuineIntel



---------------  S Y S T E M  ---------------

OS: Windows 7 Build 7600 (6.1.7600.16385)

CPU:total 4 (2 cores per cpu, 2 threads per core) family 6 model 42 stepping 7, cmov, cx8, fxsr, mmx, sse, sse2, sse3, ssse3, sse4.1, sse4.2, popcnt, clmul, ht, tsc, tscinvbit

Memory: 4k page, physical 3578328k(200172k free), swap 24056564k(18861340k free)

vm_info: Java HotSpot(TM) Client VM (25.101-b13) for windows-x86 JRE (1.8.0_101-b13), built on Jun 22 2016 00:45:44 by "java_re" with MS VC++ 10.0 (VS2010)

time: Thu Nov 08 18:08:21 2018
elapsed time: 32 seconds (0d 0h 0m 32s)

