#
# A fatal error has been detected by the Java Runtime Environment:
#
#  EXCEPTION_ACCESS_VIOLATION (0xc0000005) at pc=0x0173d5f0, pid=5660, tid=0x000017a8
#
# JRE version: Java(TM) SE Runtime Environment (8.0_101-b13) (build 1.8.0_101-b13)
# Java VM: Java HotSpot(TM) Client VM (25.101-b13 mixed mode windows-x86 )
# Problematic frame:
# C  0x0173d5f0
#
# Failed to write core dump. Minidumps are not enabled by default on client versions of Windows
#
# If you would like to submit a bug report, please visit:
#   http://bugreport.java.com/bugreport/crash.jsp
#

---------------  T H R E A D  ---------------

Current thread (0x443ea800):  VMThread [stack: 0x446d0000,0x44720000] [id=6056]

siginfo: ExceptionCode=0xc0000005, ExceptionInformation=0x00000008 0x0173d5f0

Registers:
EAX=0x0173d5f0, EBX=0x4471f050, ECX=0x4401d2d0, EDX=0x43f70918
ESP=0x4471ed40, EBP=0x4471ed60, ESI=0x01721e04, EDI=0x01721c88
EIP=0x0173d5f0, EFLAGS=0x00010246

Top of Stack: (sp=0x4471ed40)
0x4471ed40:   5c8c486a 079820d8 4471f050 079820d8
0x4471ed50:   01721c88 079820d8 01721c88 079820d8
0x4471ed60:   4471ed70 5c8c5570 00000000 10fdc23a
0x4471ed70:   4471ed8c 5c8c562a 079820db 1f7b5a6c
0x4471ed80:   4471efc4 1f7b5a70 01721c88 4471eda0
0x4471ed90:   5c8c5806 079820d8 4401d810 1f7b5a6c
0x4471eda0:   4471edc0 5c8e61e9 1f7b5a6c 4471edfc
0x4471edb0:   1f7b5a58 1f7b5a70 4401d6d0 4401d818 

Instructions: (pc=0x0173d5f0)
0x0173d5d0:   18 00 ff ff 59 91 c9 77 6f 72 61 63 6c 65 2f 6a
0x0173d5e0:   72 6f 63 6b 69 74 2f 6a 66 72 2f 56 4d 4a 46 52
0x0173d5f0:   04 00 ff ff 7f a7 65 52 28 4a 29 56 00 00 00 00
0x0173d600:   01 00 ff ff 1c ad d7 0f 40 00 00 00 00 00 00 00 


Register to memory mapping:

EAX=0x0173d5f0 is an unknown value
EBX=0x4471f050 is an unknown value
ECX=0x4401d2d0 is pointing into metadata
EDX=0x43f70918 is pointing into metadata
ESP=0x4471ed40 is an unknown value
EBP=0x4471ed60 is an unknown value
ESI=0x01721e04 is an unknown value
EDI=0x01721c88 is an unknown value


Stack: [0x446d0000,0x44720000],  sp=0x4471ed40,  free space=315k
Native frames: (J=compiled Java code, j=interpreted, Vv=VM code, C=native code)
C  0x0173d5f0
V  [jvm.dll+0x95570]
V  [jvm.dll+0x9562a]
V  [jvm.dll+0x95806]
V  [jvm.dll+0xb61e9]
V  [jvm.dll+0xa569f]
V  [jvm.dll+0xa54ab]
V  [jvm.dll+0xa49f7]
V  [jvm.dll+0x91975]
V  [jvm.dll+0x90eb0]
V  [jvm.dll+0x91484]
V  [jvm.dll+0x9a40c]
V  [jvm.dll+0x91344]
V  [jvm.dll+0x9933e]
V  [jvm.dll+0x951a9]
V  [jvm.dll+0x98e73]
V  [jvm.dll+0x92e25]
V  [jvm.dll+0x1b81c6]
V  [jvm.dll+0x18292b]
V  [jvm.dll+0x181d31]
V  [jvm.dll+0x182147]
V  [jvm.dll+0x182342]
V  [jvm.dll+0x1c1ed6]
C  [msvcr100.dll+0x5c556]
C  [msvcr100.dll+0x5c600]
C  [kernel32.dll+0x51174]
C  [ntdll.dll+0x5b3f5]
C  [ntdll.dll+0x5b3c8]

VM_Operation (0x44b6ee58): GenCollectForAllocation, mode: safepoint, requested by thread 0x445b0800


---------------  P R O C E S S  ---------------

Java Threads: ( => current thread )
  0x445b1800 JavaThread "pool-2-thread-4" [_thread_blocked, id=5620, stack(0x44a40000,0x44a90000)]
  0x445b0800 JavaThread "pool-2-thread-3" [_thread_blocked, id=4396, stack(0x44b20000,0x44b70000)]
  0x445a8000 JavaThread "pool-2-thread-2" [_thread_blocked, id=4684, stack(0x44b90000,0x44be0000)]
  0x44581400 JavaThread "pool-3-thread-1" [_thread_blocked, id=2056, stack(0x447e0000,0x44830000)]
  0x44580c00 JavaThread "pool-2-thread-1" [_thread_blocked, id=4832, stack(0x44930000,0x44980000)]
  0x44446400 JavaThread "Service Thread" daemon [_thread_blocked, id=5580, stack(0x449d0000,0x44a20000)]
  0x4443a400 JavaThread "C1 CompilerThread0" daemon [_thread_blocked, id=5820, stack(0x448d0000,0x44920000)]
  0x44439000 JavaThread "Attach Listener" daemon [_thread_blocked, id=2584, stack(0x44660000,0x446b0000)]
  0x44436000 JavaThread "Signal Dispatcher" daemon [_thread_blocked, id=4876, stack(0x44790000,0x447e0000)]
  0x44416c00 JavaThread "Finalizer" daemon [_thread_blocked, id=2512, stack(0x44600000,0x44650000)]
  0x443f0400 JavaThread "Reference Handler" daemon [_thread_blocked, id=3208, stack(0x012c0000,0x01310000)]
  0x0039bc00 JavaThread "main" [_thread_blocked, id=4824, stack(0x013a0000,0x013f0000)]

Other Threads:
=>0x443ea800 VMThread [stack: 0x446d0000,0x44720000] [id=6056]
  0x44458800 WatcherThread [stack: 0x44870000,0x448c0000] [id=956]

VM state:at safepoint (normal execution)

VM Mutex/Monitor currently owned by a thread:  ([mutex/lock_event])
[0x0039a230] Threads_lock - owner thread: 0x443ea800
[0x0039a640] Heap_lock - owner thread: 0x445b0800

Heap:
 def new generation   total 127744K, used 121322K [0x03c00000, 0x0c690000, 0x19150000)
  eden space 113600K, 100% used [0x03c00000, 0x0aaf0000, 0x0aaf0000)
  from space 14144K,  54% used [0x0b8c0000, 0x0c04a9a0, 0x0c690000)
  to   space 14144K,   1% used [0x0aaf0000, 0x0ab36770, 0x0b8c0000)
 tenured generation   total 699072K, used 170362K [0x19150000, 0x43c00000, 0x43c00000)
   the space 699072K,  24% used [0x19150000, 0x237ae8d8, 0x237aea00, 0x43c00000)
 Metaspace       used 3524K, capacity 3528K, committed 3648K, reserved 4480K

Card table byte_map: [0x43c00000,0x43e10000] byte_map_base: 0x43be2000

Polling page: 0x00250000

CodeCache: size=32768Kb used=3348Kb max_used=3348Kb free=29419Kb
 bounds [0x01bd0000, 0x01f18000, 0x03bd0000]
 total_blobs=1708 nmethods=1563 adapters=75
 compilation: enabled

Compilation events (10 events):
Event: 15.944 Thread 0x4443a400 1560             java.util.concurrent.ArrayBlockingQueue::checkNotNull (13 bytes)
Event: 15.944 Thread 0x4443a400 nmethod 1560 0x01f146c8 code [0x01f147d0, 0x01f148ac]
Event: 15.977 Thread 0x4443a400 1562             sun.util.calendar.Gregorian::newCalendarDate (6 bytes)
Event: 15.977 Thread 0x4443a400 nmethod 1562 0x01f14948 code [0x01f14a50, 0x01f14b2c]
Event: 15.977 Thread 0x4443a400 1563             sun.util.calendar.Gregorian::newCalendarDate (9 bytes)
Event: 15.977 Thread 0x4443a400 nmethod 1563 0x01f14bc8 code [0x01f14cd0, 0x01f14dac]
Event: 15.977 Thread 0x4443a400 1564             sun.util.calendar.Gregorian::getCalendarDate (7 bytes)
Event: 15.977 Thread 0x4443a400 nmethod 1564 0x01f14e48 code [0x01f14f50, 0x01f1500c]
Event: 15.977 Thread 0x4443a400 1565             sun.util.calendar.Gregorian::getCalendarDate (10 bytes)
Event: 15.977 Thread 0x4443a400 nmethod 1565 0x01f150c8 code [0x01f151d0, 0x01f1528c]

GC Heap History (10 events):
Event: 14.760 GC heap after
Heap after GC invocations=79 (full 5):
 def new generation   total 73344K, used 8127K [0x03c00000, 0x08b90000, 0x19150000)
  eden space 65216K,   0% used [0x03c00000, 0x03c00000, 0x07bb0000)
  from space 8128K,  99% used [0x07bb0000, 0x0839fff8, 0x083a0000)
  to   space 8128K,   0% used [0x083a0000, 0x083a0000, 0x08b90000)
 tenured generation   total 162780K, used 144241K [0x19150000, 0x23047000, 0x43c00000)
   the space 162780K,  88% used [0x19150000, 0x21e2c788, 0x21e2c800, 0x23047000)
 Metaspace       used 3523K, capacity 3528K, committed 3648K, reserved 4480K
}
Event: 14.863 GC heap before
{Heap before GC invocations=79 (full 5):
 def new generation   total 73344K, used 73343K [0x03c00000, 0x08b90000, 0x19150000)
  eden space 65216K, 100% used [0x03c00000, 0x07bb0000, 0x07bb0000)
  from space 8128K,  99% used [0x07bb0000, 0x0839fff8, 0x083a0000)
  to   space 8128K,   0% used [0x083a0000, 0x083a0000, 0x08b90000)
 tenured generation   total 162780K, used 144241K [0x19150000, 0x23047000, 0x43c00000)
   the space 162780K,  88% used [0x19150000, 0x21e2c788, 0x21e2c800, 0x23047000)
 Metaspace       used 3523K, capacity 3528K, committed 3648K, reserved 4480K
Event: 14.898 GC heap after
Heap after GC invocations=80 (full 5):
 def new generation   total 73344K, used 7780K [0x03c00000, 0x08b90000, 0x19150000)
  eden space 65216K,   0% used [0x03c00000, 0x03c00000, 0x07bb0000)
  from space 8128K,  95% used [0x083a0000, 0x08b39258, 0x08b90000)
  to   space 8128K,   0% used [0x07bb0000, 0x07bb0000, 0x083a0000)
 tenured generation   total 162780K, used 151675K [0x19150000, 0x23047000, 0x43c00000)
   the space 162780K,  93% used [0x19150000, 0x2256ee38, 0x2256f000, 0x23047000)
 Metaspace       used 3523K, capacity 3528K, committed 3648K, reserved 4480K
}
Event: 15.014 GC heap before
{Heap before GC invocations=80 (full 5):
 def new generation   total 73344K, used 72996K [0x03c00000, 0x08b90000, 0x19150000)
  eden space 65216K, 100% used [0x03c00000, 0x07bb0000, 0x07bb0000)
  from space 8128K,  95% used [0x083a0000, 0x08b39258, 0x08b90000)
  to   space 8128K,   0% used [0x07bb0000, 0x07bb0000, 0x083a0000)
 tenured generation   total 162780K, used 151675K [0x19150000, 0x23047000, 0x43c00000)
   the space 162780K,  93% used [0x19150000, 0x2256ee38, 0x2256f000, 0x23047000)
 Metaspace       used 3524K, capacity 3528K, committed 3648K, reserved 4480K
Event: 15.057 GC heap after
Heap after GC invocations=81 (full 5):
 def new generation   total 73344K, used 8128K [0x03c00000, 0x08b90000, 0x19150000)
  eden space 65216K,   0% used [0x03c00000, 0x03c00000, 0x07bb0000)
  from space 8128K, 100% used [0x07bb0000, 0x083a0000, 0x083a0000)
  to   space 8128K,   0% used [0x083a0000, 0x083a0000, 0x08b90000)
 tenured generation   total 162780K, used 162153K [0x19150000, 0x23047000, 0x43c00000)
   the space 162780K,  99% used [0x19150000, 0x22faa6e0, 0x22faa800, 0x23047000)
 Metaspace       used 3524K, capacity 3528K, committed 3648K, reserved 4480K
}
Event: 15.094 GC heap before
{Heap before GC invocations=81 (full 5):
 def new generation   total 73344K, used 73344K [0x03c00000, 0x08b90000, 0x19150000)
  eden space 65216K, 100% used [0x03c00000, 0x07bb0000, 0x07bb0000)
  from space 8128K, 100% used [0x07bb0000, 0x083a0000, 0x083a0000)
  to   space 8128K,   0% used [0x083a0000, 0x083a0000, 0x08b90000)
 tenured generation   total 162780K, used 162153K [0x19150000, 0x23047000, 0x43c00000)
   the space 162780K,  99% used [0x19150000, 0x22faa6e0, 0x22faa800, 0x23047000)
 Metaspace       used 3524K, capacity 3528K, committed 3648K, reserved 4480K
Event: 15.464 GC heap after
Heap after GC invocations=82 (full 6):
 def new generation   total 127744K, used 361K [0x03c00000, 0x0c690000, 0x19150000)
  eden space 113600K,   0% used [0x03c00000, 0x03c5a558, 0x0aaf0000)
  from space 14144K,   0% used [0x0aaf0000, 0x0aaf0000, 0x0b8c0000)
  to   space 14144K,   0% used [0x0b8c0000, 0x0b8c0000, 0x0c690000)
 tenured generation   total 283656K, used 170191K [0x19150000, 0x2a652000, 0x43c00000)
   the space 283656K,  59% used [0x19150000, 0x23783e78, 0x23784000, 0x2a652000)
 Metaspace       used 3524K, capacity 3528K, committed 3648K, reserved 4480K
}
Event: 15.654 GC heap before
{Heap before GC invocations=82 (full 6):
 def new generation   total 127744K, used 113600K [0x03c00000, 0x0c690000, 0x19150000)
  eden space 113600K, 100% used [0x03c00000, 0x0aaf0000, 0x0aaf0000)
  from space 14144K,   0% used [0x0aaf0000, 0x0aaf0000, 0x0b8c0000)
  to   space 14144K,   0% used [0x0b8c0000, 0x0b8c0000, 0x0c690000)
 tenured generation   total 283656K, used 170191K [0x19150000, 0x2a652000, 0x43c00000)
   the space 283656K,  59% used [0x19150000, 0x23783e78, 0x23784000, 0x2a652000)
 Metaspace       used 3524K, capacity 3528K, committed 3648K, reserved 4480K
Event: 15.756 GC heap after
Heap after GC invocations=83 (full 6):
 def new generation   total 127744K, used 7722K [0x03c00000, 0x0c690000, 0x19150000)
  eden space 113600K,   0% used [0x03c00000, 0x03c00000, 0x0aaf0000)
  from space 14144K,  54% used [0x0b8c0000, 0x0c04a9a0, 0x0c690000)
  to   space 14144K,   0% used [0x0aaf0000, 0x0aaf0000, 0x0b8c0000)
 tenured generation   total 283656K, used 170191K [0x19150000, 0x2a652000, 0x43c00000)
   the space 283656K,  59% used [0x19150000, 0x23783e78, 0x23784000, 0x2a652000)
 Metaspace       used 3524K, capacity 3528K, committed 3648K, reserved 4480K
}
Event: 15.983 GC heap before
{Heap before GC invocations=83 (full 6):
 def new generation   total 127744K, used 121322K [0x03c00000, 0x0c690000, 0x19150000)
  eden space 113600K, 100% used [0x03c00000, 0x0aaf0000, 0x0aaf0000)
  from space 14144K,  54% used [0x0b8c0000, 0x0c04a9a0, 0x0c690000)
  to   space 14144K,   0% used [0x0aaf0000, 0x0aaf0000, 0x0b8c0000)
 tenured generation   total 283656K, used 170191K [0x19150000, 0x2a652000, 0x43c00000)
   the space 283656K,  59% used [0x19150000, 0x23783e78, 0x23784000, 0x2a652000)
 Metaspace       used 3524K, capacity 3528K, committed 3648K, reserved 4480K

Deoptimization events (0 events):
No events

Internal exceptions (5 events):
Event: 2.586 Thread 0x0039bc00 Exception <a 'java/lang/NoSuchMethodError': Method sun.misc.Unsafe.defineClass(Ljava/lang/String;[BII)Ljava/lang/Class; name or signature does not match> (0x03c06ea8) thrown at [C:\re\workspace\8-2-build-windows-i586-cygwin\jdk8u101\7261\hotspot\src\share\ϋΆ―@
Event: 2.586 Thread 0x0039bc00 Exception <a 'java/lang/NoSuchMethodError': Method sun.misc.Unsafe.prefetchRead(Ljava/lang/Object;J)V name or signature does not match> (0x03c07178) thrown at [C:\re\workspace\8-2-build-windows-i586-cygwin\jdk8u101\7261\hotspot\src\share\vm\prims\jni.cpp,  Δ„λύ%@
Event: 10.996 Thread 0x445b0800 Exception <a 'java/lang/ArrayIndexOutOfBoundsException': 18> (0x03e09818) thrown at [C:\re\workspace\8-2-build-windows-i586-cygwin\jdk8u101\7261\hotspot\src\share\vm\interpreter\interpreterRuntime.cpp, line 366]
Event: 10.996 Thread 0x445b0800 Exception <a 'java/lang/ArrayIndexOutOfBoundsException': 145> (0x03e0b0b8) thrown at [C:\re\workspace\8-2-build-windows-i586-cygwin\jdk8u101\7261\hotspot\src\share\vm\interpreter\interpreterRuntime.cpp, line 366]
Event: 11.060 Thread 0x445b0800 Exception <a 'java/lang/ArrayIndexOutOfBoundsException': 40> (0x03e0c198) thrown at [C:\re\workspace\8-2-build-windows-i586-cygwin\jdk8u101\7261\hotspot\src\share\vm\interpreter\interpreterRuntime.cpp, line 366]

Events (10 events):
Event: 14.898 Executing VM operation: GenCollectForAllocation done
Event: 14.994 loading class com/android/dx/command/dexer/Main$NotFilter
Event: 14.994 loading class com/android/dx/command/dexer/Main$NotFilter done
Event: 15.014 Executing VM operation: GenCollectForAllocation
Event: 15.057 Executing VM operation: GenCollectForAllocation done
Event: 15.094 Executing VM operation: GenCollectForAllocation
Event: 15.464 Executing VM operation: GenCollectForAllocation done
Event: 15.654 Executing VM operation: GenCollectForAllocation
Event: 15.756 Executing VM operation: GenCollectForAllocation done
Event: 15.983 Executing VM operation: GenCollectForAllocation


Dynamic libraries:
0x000c0000 - 0x000f3000 	C:\Program Files\Java\jdk1.8.0_101\bin\java.exe
0x76f80000 - 0x770bc000 	C:\Windows\SYSTEM32\ntdll.dll
0x76d60000 - 0x76e34000 	C:\Windows\system32\kernel32.dll
0x75230000 - 0x7527a000 	C:\Windows\system32\KERNELBASE.dll
0x75580000 - 0x75620000 	C:\Windows\system32\ADVAPI32.dll
0x76e40000 - 0x76eec000 	C:\Windows\system32\msvcrt.dll
0x770d0000 - 0x770e9000 	C:\Windows\SYSTEM32\sechost.dll
0x75cc0000 - 0x75d61000 	C:\Windows\system32\RPCRT4.dll
0x75720000 - 0x757e9000 	C:\Windows\system32\USER32.dll
0x757f0000 - 0x7583e000 	C:\Windows\system32\GDI32.dll
0x770f0000 - 0x770fa000 	C:\Windows\system32\LPK.dll
0x75ba0000 - 0x75c3d000 	C:\Windows\system32\USP10.dll
0x73f40000 - 0x740de000 	C:\Windows\WinSxS\x86_microsoft.windows.common-controls_6595b64144ccf1df_6.0.7600.16385_none_421189da2b7fabfc\COMCTL32.dll
0x753d0000 - 0x75427000 	C:\Windows\system32\SHLWAPI.dll
0x75af0000 - 0x75b0f000 	C:\Windows\system32\IMM32.DLL
0x759a0000 - 0x75a6c000 	C:\Windows\system32\MSCTF.dll
0x5cc00000 - 0x5ccbf000 	C:\Program Files\Java\jdk1.8.0_101\jre\bin\msvcr100.dll
0x5c830000 - 0x5cbfc000 	C:\Program Files\Java\jdk1.8.0_101\jre\bin\client\jvm.dll
0x70670000 - 0x70677000 	C:\Windows\system32\WSOCK32.dll
0x77170000 - 0x771a5000 	C:\Windows\system32\WS2_32.dll
0x770c0000 - 0x770c6000 	C:\Windows\system32\NSI.dll
0x70990000 - 0x709c2000 	C:\Windows\system32\WINMM.dll
0x745d0000 - 0x745d9000 	C:\Windows\system32\VERSION.dll
0x75430000 - 0x75435000 	C:\Windows\system32\PSAPI.DLL
0x5fa20000 - 0x5fa2c000 	C:\Program Files\Java\jdk1.8.0_101\jre\bin\verify.dll
0x5f9f0000 - 0x5fa11000 	C:\Program Files\Java\jdk1.8.0_101\jre\bin\java.dll
0x5f9d0000 - 0x5f9e3000 	C:\Program Files\Java\jdk1.8.0_101\jre\bin\zip.dll
0x75f70000 - 0x76bb9000 	C:\Windows\system32\SHELL32.dll
0x75840000 - 0x7599c000 	C:\Windows\system32\ole32.dll
0x750d0000 - 0x750db000 	C:\Windows\system32\profapi.dll
0x72e40000 - 0x72f2b000 	C:\Windows\system32\dbghelp.dll

VM Arguments:
jvm_args: -Djava.awt.headless=true -Xmx1024M -Dfile.encoding=windows-1252 -Duser.country=US -Duser.language=en -Duser.variant 
java_command: com.android.dx.command.Main --dex --num-threads=4 --multi-dex --main-dex-list E:\SandeepProjectResources\MobipugNew\Mobipug27.10.18\MobipugSource\app\build\intermediates\multi-dex\debug\maindexlist.txt --output E:\SandeepProjectResources\MobipugNew\Mobipug27.10.18\MobipugSource\app\build\intermediates\transforms\dex\debug\folders\1000\1f\main E:\SandeepProjectResources\MobipugNew\Mobipug27.10.18\MobipugSource\app\build\intermediates\transforms\jarMerging\debug\jars\1\1f\combined.jar
java_class_path (initial): C:\Users\android-4\AppData\Local\Android\Sdk\build-tools\26.0.2\lib\dx.jar
Launcher Type: SUN_STANDARD

Environment Variables:
PATH=C:\ProgramData\Oracle\Java\javapath;C:\Windows\system32;C:\Windows;C:\Windows\System32\Wbem;C:\Windows\System32\WindowsPowerShell\v1.0\;C:\Program Files\Intel\OpenCL SDK\2.0\bin\x86;C:\Program Files\Skype\Phone\
USERNAME=android-4
OS=Windows_NT
PROCESSOR_IDENTIFIER=x86 Family 6 Model 42 Stepping 7, GenuineIntel



---------------  S Y S T E M  ---------------

OS: Windows 7 Build 7600 (6.1.7600.16385)

CPU:total 4 (2 cores per cpu, 2 threads per core) family 6 model 42 stepping 7, cmov, cx8, fxsr, mmx, sse, sse2, sse3, ssse3, sse4.1, sse4.2, popcnt, clmul, ht, tsc, tscinvbit

Memory: 4k page, physical 3578328k(770752k free), swap 24056564k(18790936k free)

vm_info: Java HotSpot(TM) Client VM (25.101-b13) for windows-x86 JRE (1.8.0_101-b13), built on Jun 22 2016 00:45:44 by "java_re" with MS VC++ 10.0 (VS2010)

time: Sat Nov 03 21:50:49 2018
elapsed time: 15 seconds (0d 0h 0m 15s)

