#
# A fatal error has been detected by the Java Runtime Environment:
#
#  EXCEPTION_ACCESS_VIOLATION (0xc0000005) at pc=0x64fb4da9, pid=6648, tid=0x00001b98
#
# JRE version: Java(TM) SE Runtime Environment (8.0_101-b13) (build 1.8.0_101-b13)
# Java VM: Java HotSpot(TM) Client VM (25.101-b13 mixed mode windows-x86 )
# Problematic frame:
# V  [jvm.dll+0x1b4da9]
#
# Failed to write core dump. Minidumps are not enabled by default on client versions of Windows
#
# If you would like to submit a bug report, please visit:
#   http://bugreport.java.com/bugreport/crash.jsp
#

---------------  T H R E A D  ---------------

Current thread (0x443da800):  VMThread [stack: 0x00d60000,0x00db0000] [id=7064]

siginfo: ExceptionCode=0xc0000005, reading address 0x0000008b

Registers:
EAX=0x204f01c8, EBX=0x44584050, ECX=0x194cb818, EDX=0x00000003
ESP=0x00daf4c0, EBP=0x00daf4d8, ESI=0x44584048, EDI=0x651694cc
EIP=0x64fb4da9, EFLAGS=0x00010202

Top of Stack: (sp=0x00daf4c0)
0x00daf4c0:   204f01c8 651694cc 44584048 44584050
0x00daf4d0:   651694cc 44584048 00daf4e4 64fb4fac
0x00daf4e0:   00000003 00daf500 64f5883a 44584048
0x00daf4f0:   44587000 651694cc 00000000 44586630
0x00daf500:   00daf6e8 64f79eef 651694cc 00000001
0x00daf510:   44587000 00000000 00000000 00000000
0x00daf520:   00000000 00daf774 00daf59c 00000012
0x00daf530:   00daf760 651694f0 00daf7e4 ffffffff 

Instructions: (pc=0x64fb4da9)
0x64fb4d89:   23 f0 29 35 50 94 16 65 a3 4c 94 16 65 8b c7 eb
0x64fb4d99:   09 48 a3 4c 94 16 65 8b 04 81 8b 48 04 8b 11 50
0x64fb4da9:   8b 82 88 00 00 00 ff d0 8b 0d 58 94 16 65 85 c9
0x64fb4db9:   0f 85 51 ff ff ff a1 7c 94 16 65 85 c0 0f 84 b8 


Register to memory mapping:

EAX=0x204f01c8 is pointing into object: 0x204f01c0
com.android.dx.rop.code.RegisterSpec 
 - klass: 'com/android/dx/rop/code/RegisterSpec'
EBX=0x44584050 is an unknown value
ECX=0x194cb818 is an oop
com.android.dx.rop.type.Type 
 - klass: 'com/android/dx/rop/type/Type'
EDX=0x00000003 is an unknown value
ESP=0x00daf4c0 is an unknown value
EBP=0x00daf4d8 is an unknown value
ESI=0x44584048 is an unknown value
EDI=0x651694cc is an unknown value


Stack: [0x00d60000,0x00db0000],  sp=0x00daf4c0,  free space=317k
Native frames: (J=compiled Java code, j=interpreted, Vv=VM code, C=native code)
V  [jvm.dll+0x1b4da9]
V  [jvm.dll+0x1b4fac]
V  [jvm.dll+0x15883a]
V  [jvm.dll+0x179eef]
V  [jvm.dll+0x1789ea]
V  [jvm.dll+0x97fb0]
V  [jvm.dll+0x992a1]
V  [jvm.dll+0x9b020]
V  [jvm.dll+0x9b489]
V  [jvm.dll+0x9a27f]
V  [jvm.dll+0xa64b2]
V  [jvm.dll+0x98e73]
V  [jvm.dll+0x92e25]
V  [jvm.dll+0x1b81c6]
V  [jvm.dll+0x18292b]
V  [jvm.dll+0x181d31]
V  [jvm.dll+0x182147]
V  [jvm.dll+0x182342]
V  [jvm.dll+0x1c1ed6]
C  [msvcr100.dll+0x5c556]
C  [msvcr100.dll+0x5c600]
C  [kernel32.dll+0x51174]
C  [ntdll.dll+0x5b3f5]
C  [ntdll.dll+0x5b3c8]

VM_Operation (0x00b4ebb4): GenCollectForAllocation, mode: safepoint, requested by thread 0x001cbc00


---------------  P R O C E S S  ---------------

Java Threads: ( => current thread )
  0x44587000 JavaThread "pool-2-thread-4" [_thread_blocked, id=8020, stack(0x44bc0000,0x44c10000)]
  0x44585000 JavaThread "pool-2-thread-3" [_thread_blocked, id=6188, stack(0x448a0000,0x448f0000)]
  0x44589c00 JavaThread "pool-2-thread-2" [_thread_blocked, id=5772, stack(0x44ae0000,0x44b30000)]
  0x4455b000 JavaThread "pool-3-thread-1" [_thread_blocked, id=5984, stack(0x44a10000,0x44a60000)]
  0x44558000 JavaThread "pool-2-thread-1" [_thread_blocked, id=4604, stack(0x44910000,0x44960000)]
  0x4441e400 JavaThread "Service Thread" daemon [_thread_blocked, id=5820, stack(0x44830000,0x44880000)]
  0x4442b000 JavaThread "C1 CompilerThread0" daemon [_thread_blocked, id=6576, stack(0x44660000,0x446b0000)]
  0x4442a000 JavaThread "Attach Listener" daemon [_thread_blocked, id=5520, stack(0x00aa0000,0x00af0000)]
  0x44427000 JavaThread "Signal Dispatcher" daemon [_thread_blocked, id=6416, stack(0x44770000,0x447c0000)]
  0x44406c00 JavaThread "Finalizer" daemon [_thread_blocked, id=5544, stack(0x446f0000,0x44740000)]
  0x443e0400 JavaThread "Reference Handler" daemon [_thread_blocked, id=6700, stack(0x44610000,0x44660000)]
  0x001cbc00 JavaThread "main" [_thread_blocked, id=7260, stack(0x00b00000,0x00b50000)]

Other Threads:
=>0x443da800 VMThread [stack: 0x00d60000,0x00db0000] [id=7064]
  0x44420000 WatcherThread [stack: 0x44970000,0x449c0000] [id=7316]

VM state:at safepoint (normal execution)

VM Mutex/Monitor currently owned by a thread:  ([mutex/lock_event])
[0x001ca1d0] Threads_lock - owner thread: 0x443da800
[0x001ca5e0] Heap_lock - owner thread: 0x001cbc00

Heap:
 def new generation   total 64640K, used 7168K [0x03e00000, 0x08420000, 0x19350000)
  eden space 57472K,   0% used [0x03e00000, 0x03e00000, 0x07620000)
  from space 7168K, 100% used [0x07620000, 0x07d20000, 0x07d20000)
  to   space 7168K,   0% used [0x07d20000, 0x07d20000, 0x08420000)
 tenured generation   total 149748K, used 149718K [0x19350000, 0x2258d000, 0x43e00000)
   the space 149748K,  99% used [0x19350000, 0x22585ab0, 0x22585c00, 0x2258d000)
 Metaspace       used 3558K, capacity 3598K, committed 3648K, reserved 4480K

Card table byte_map: [0x00b50000,0x00d60000] byte_map_base: 0x00b31000

Polling page: 0x001a0000

CodeCache: size=32768Kb used=3358Kb max_used=3358Kb free=29409Kb
 bounds [0x01cf0000, 0x02038000, 0x03cf0000]
 total_blobs=1766 nmethods=1619 adapters=77
 compilation: enabled

Compilation events (10 events):
Event: 3.764 Thread 0x4442b000 1617             com.android.dx.dex.file.MethodAnnotationStruct::<init> (43 bytes)
Event: 3.764 Thread 0x4442b000 nmethod 1617 0x0202ec88 code [0x0202eda0, 0x0202ef28]
Event: 3.778 Thread 0x4442b000 1618   !         java.util.concurrent.ArrayBlockingQueue::take (46 bytes)
Event: 3.779 Thread 0x4442b000 nmethod 1618 0x0202f008 code [0x0202f170, 0x0202f3f0]
Event: 3.792 Thread 0x4442b000 1619             java.util.concurrent.locks.AbstractQueuedSynchronizer::shouldParkAfterFailedAcquire (50 bytes)
Event: 3.792 Thread 0x4442b000 nmethod 1619 0x0202f808 code [0x0202f900, 0x0202fa10]
Event: 3.817 Thread 0x4442b000 1620             com.android.dx.dex.file.AnnotationsDirectoryItem::setClassAnnotations (45 bytes)
Event: 3.817 Thread 0x4442b000 nmethod 1620 0x0202fb08 code [0x0202fc30, 0x0202fe34]
Event: 3.831 Thread 0x4442b000 1621             com.android.dx.cf.direct.AnnotationParser::parseValue (805 bytes)
Event: 3.835 Thread 0x4442b000 nmethod 1621 0x0202ff88 code [0x020307f0, 0x0203374c]

GC Heap History (10 events):
Event: 3.147 GC heap after
Heap after GC invocations=55 (full 5):
 def new generation   total 64640K, used 7168K [0x03e00000, 0x08420000, 0x19350000)
  eden space 57472K,   0% used [0x03e00000, 0x03e00000, 0x07620000)
  from space 7168K, 100% used [0x07d20000, 0x08420000, 0x08420000)
  to   space 7168K,   0% used [0x07620000, 0x07620000, 0x07d20000)
 tenured generation   total 143476K, used 107554K [0x19350000, 0x21f6d000, 0x43e00000)
   the space 143476K,  74% used [0x19350000, 0x1fc58b98, 0x1fc58c00, 0x21f6d000)
 Metaspace       used 3557K, capacity 3598K, committed 3648K, reserved 4480K
}
Event: 3.274 GC heap before
{Heap before GC invocations=55 (full 5):
 def new generation   total 64640K, used 64640K [0x03e00000, 0x08420000, 0x19350000)
  eden space 57472K, 100% used [0x03e00000, 0x07620000, 0x07620000)
  from space 7168K, 100% used [0x07d20000, 0x08420000, 0x08420000)
  to   space 7168K,   0% used [0x07620000, 0x07620000, 0x07d20000)
 tenured generation   total 143476K, used 107554K [0x19350000, 0x21f6d000, 0x43e00000)
   the space 143476K,  74% used [0x19350000, 0x1fc58b98, 0x1fc58c00, 0x21f6d000)
 Metaspace       used 3558K, capacity 3598K, committed 3648K, reserved 4480K
Event: 3.314 GC heap after
Heap after GC invocations=56 (full 5):
 def new generation   total 64640K, used 7167K [0x03e00000, 0x08420000, 0x19350000)
  eden space 57472K,   0% used [0x03e00000, 0x03e00000, 0x07620000)
  from space 7168K,  99% used [0x07620000, 0x07d1fff8, 0x07d20000)
  to   space 7168K,   0% used [0x07d20000, 0x07d20000, 0x08420000)
 tenured generation   total 143476K, used 115683K [0x19350000, 0x21f6d000, 0x43e00000)
   the space 143476K,  80% used [0x19350000, 0x20448eb0, 0x20449000, 0x21f6d000)
 Metaspace       used 3558K, capacity 3598K, committed 3648K, reserved 4480K
}
Event: 3.408 GC heap before
{Heap before GC invocations=56 (full 5):
 def new generation   total 64640K, used 64639K [0x03e00000, 0x08420000, 0x19350000)
  eden space 57472K, 100% used [0x03e00000, 0x07620000, 0x07620000)
  from space 7168K,  99% used [0x07620000, 0x07d1fff8, 0x07d20000)
  to   space 7168K,   0% used [0x07d20000, 0x07d20000, 0x08420000)
 tenured generation   total 143476K, used 115683K [0x19350000, 0x21f6d000, 0x43e00000)
   the space 143476K,  80% used [0x19350000, 0x20448eb0, 0x20449000, 0x21f6d000)
 Metaspace       used 3558K, capacity 3598K, committed 3648K, reserved 4480K
Event: 3.447 GC heap after
Heap after GC invocations=57 (full 5):
 def new generation   total 64640K, used 7168K [0x03e00000, 0x08420000, 0x19350000)
  eden space 57472K,   0% used [0x03e00000, 0x03e00000, 0x07620000)
  from space 7168K, 100% used [0x07d20000, 0x08420000, 0x08420000)
  to   space 7168K,   0% used [0x07620000, 0x07620000, 0x07d20000)
 tenured generation   total 143476K, used 123866K [0x19350000, 0x21f6d000, 0x43e00000)
   the space 143476K,  86% used [0x19350000, 0x20c468e0, 0x20c46a00, 0x21f6d000)
 Metaspace       used 3558K, capacity 3598K, committed 3648K, reserved 4480K
}
Event: 3.540 GC heap before
{Heap before GC invocations=57 (full 5):
 def new generation   total 64640K, used 64640K [0x03e00000, 0x08420000, 0x19350000)
  eden space 57472K, 100% used [0x03e00000, 0x07620000, 0x07620000)
  from space 7168K, 100% used [0x07d20000, 0x08420000, 0x08420000)
  to   space 7168K,   0% used [0x07620000, 0x07620000, 0x07d20000)
 tenured generation   total 143476K, used 123866K [0x19350000, 0x21f6d000, 0x43e00000)
   the space 143476K,  86% used [0x19350000, 0x20c468e0, 0x20c46a00, 0x21f6d000)
 Metaspace       used 3558K, capacity 3598K, committed 3648K, reserved 4480K
Event: 3.581 GC heap after
Heap after GC invocations=58 (full 5):
 def new generation   total 64640K, used 7168K [0x03e00000, 0x08420000, 0x19350000)
  eden space 57472K,   0% used [0x03e00000, 0x03e00000, 0x07620000)
  from space 7168K, 100% used [0x07620000, 0x07d20000, 0x07d20000)
  to   space 7168K,   0% used [0x07d20000, 0x07d20000, 0x08420000)
 tenured generation   total 143476K, used 133416K [0x19350000, 0x21f6d000, 0x43e00000)
   the space 143476K,  92% used [0x19350000, 0x2159a0c8, 0x2159a200, 0x21f6d000)
 Metaspace       used 3558K, capacity 3598K, committed 3648K, reserved 4480K
}
Event: 3.684 GC heap before
{Heap before GC invocations=58 (full 5):
 def new generation   total 64640K, used 64640K [0x03e00000, 0x08420000, 0x19350000)
  eden space 57472K, 100% used [0x03e00000, 0x07620000, 0x07620000)
  from space 7168K, 100% used [0x07620000, 0x07d20000, 0x07d20000)
  to   space 7168K,   0% used [0x07d20000, 0x07d20000, 0x08420000)
 tenured generation   total 143476K, used 133416K [0x19350000, 0x21f6d000, 0x43e00000)
   the space 143476K,  92% used [0x19350000, 0x2159a0c8, 0x2159a200, 0x21f6d000)
 Metaspace       used 3558K, capacity 3598K, committed 3648K, reserved 4480K
Event: 3.720 GC heap after
Heap after GC invocations=59 (full 5):
 def new generation   total 64640K, used 7167K [0x03e00000, 0x08420000, 0x19350000)
  eden space 57472K,   0% used [0x03e00000, 0x03e00000, 0x07620000)
  from space 7168K,  99% used [0x07d20000, 0x0841fff8, 0x08420000)
  to   space 7168K,   0% used [0x07620000, 0x07620000, 0x07d20000)
 tenured generation   total 143476K, used 141326K [0x19350000, 0x21f6d000, 0x43e00000)
   the space 143476K,  98% used [0x19350000, 0x21d53a20, 0x21d53c00, 0x21f6d000)
 Metaspace       used 3558K, capacity 3598K, committed 3648K, reserved 4480K
}
Event: 3.841 GC heap before
{Heap before GC invocations=59 (full 5):
 def new generation   total 64640K, used 64639K [0x03e00000, 0x08420000, 0x19350000)
  eden space 57472K, 100% used [0x03e00000, 0x07620000, 0x07620000)
  from space 7168K,  99% used [0x07d20000, 0x0841fff8, 0x08420000)
  to   space 7168K,   0% used [0x07620000, 0x07620000, 0x07d20000)
 tenured generation   total 143476K, used 141326K [0x19350000, 0x21f6d000, 0x43e00000)
   the space 143476K,  98% used [0x19350000, 0x21d53a20, 0x21d53c00, 0x21f6d000)
 Metaspace       used 3558K, capacity 3598K, committed 3648K, reserved 4480K

Deoptimization events (0 events):
No events

Internal exceptions (5 events):
Event: 0.025 Thread 0x001cbc00 Exception <a 'java/lang/NoSuchMethodError': Method sun.misc.Unsafe.defineClass(Ljava/lang/String;[BII)Ljava/lang/Class; name or signature does not match> (0x03e06ea8) thrown at [C:\re\workspace\8-2-build-windows-i586-cygwin\jdk8u101\7261\hotspot\src\share\A„9k#~™?
Event: 0.025 Thread 0x001cbc00 Exception <a 'java/lang/NoSuchMethodError': Method sun.misc.Unsafe.prefetchRead(Ljava/lang/Object;J)V name or signature does not match> (0x03e07178) thrown at [C:\re\workspace\8-2-build-windows-i586-cygwin\jdk8u101\7261\hotspot\src\share\vm\prims\jni.cpp, !l>¸@Fé?
Event: 0.790 Thread 0x44589c00 Exception <a 'java/lang/ArrayIndexOutOfBoundsException': 18> (0x042273a0) thrown at [C:\re\workspace\8-2-build-windows-i586-cygwin\jdk8u101\7261\hotspot\src\share\vm\interpreter\interpreterRuntime.cpp, line 366]
Event: 0.790 Thread 0x44589c00 Exception <a 'java/lang/ArrayIndexOutOfBoundsException': 145> (0x04228c40) thrown at [C:\re\workspace\8-2-build-windows-i586-cygwin\jdk8u101\7261\hotspot\src\share\vm\interpreter\interpreterRuntime.cpp, line 366]
Event: 0.790 Thread 0x44589c00 Exception <a 'java/lang/ArrayIndexOutOfBoundsException': 40> (0x04229d20) thrown at [C:\re\workspace\8-2-build-windows-i586-cygwin\jdk8u101\7261\hotspot\src\share\vm\interpreter\interpreterRuntime.cpp, line 366]

Events (10 events):
Event: 3.147 Executing VM operation: GenCollectForAllocation done
Event: 3.274 Executing VM operation: GenCollectForAllocation
Event: 3.314 Executing VM operation: GenCollectForAllocation done
Event: 3.408 Executing VM operation: GenCollectForAllocation
Event: 3.447 Executing VM operation: GenCollectForAllocation done
Event: 3.540 Executing VM operation: GenCollectForAllocation
Event: 3.581 Executing VM operation: GenCollectForAllocation done
Event: 3.684 Executing VM operation: GenCollectForAllocation
Event: 3.720 Executing VM operation: GenCollectForAllocation done
Event: 3.841 Executing VM operation: GenCollectForAllocation


Dynamic libraries:
0x00de0000 - 0x00e13000 	C:\Program Files\Java\jdk1.8.0_101\bin\java.exe
0x778f0000 - 0x77a2c000 	C:\Windows\SYSTEM32\ntdll.dll
0x761c0000 - 0x76294000 	C:\Windows\system32\kernel32.dll
0x75be0000 - 0x75c2a000 	C:\Windows\system32\KERNELBASE.dll
0x75e50000 - 0x75ef0000 	C:\Windows\system32\ADVAPI32.dll
0x75da0000 - 0x75e4c000 	C:\Windows\system32\msvcrt.dll
0x77a30000 - 0x77a49000 	C:\Windows\SYSTEM32\sechost.dll
0x76500000 - 0x765a1000 	C:\Windows\system32\RPCRT4.dll
0x76080000 - 0x76149000 	C:\Windows\system32\USER32.dll
0x76af0000 - 0x76b3e000 	C:\Windows\system32\GDI32.dll
0x77a50000 - 0x77a5a000 	C:\Windows\system32\LPK.dll
0x77a80000 - 0x77b1d000 	C:\Windows\system32\USP10.dll
0x747b0000 - 0x7494e000 	C:\Windows\WinSxS\x86_microsoft.windows.common-controls_6595b64144ccf1df_6.0.7600.16385_none_421189da2b7fabfc\COMCTL32.dll
0x76150000 - 0x761a7000 	C:\Windows\system32\SHLWAPI.dll
0x765b0000 - 0x765cf000 	C:\Windows\system32\IMM32.DLL
0x75ef0000 - 0x75fbc000 	C:\Windows\system32\MSCTF.dll
0x651d0000 - 0x6528f000 	C:\Program Files\Java\jdk1.8.0_101\jre\bin\msvcr100.dll
0x64e00000 - 0x651cc000 	C:\Program Files\Java\jdk1.8.0_101\jre\bin\client\jvm.dll
0x70f60000 - 0x70f67000 	C:\Windows\system32\WSOCK32.dll
0x763e0000 - 0x76415000 	C:\Windows\system32\WS2_32.dll
0x761b0000 - 0x761b6000 	C:\Windows\system32\NSI.dll
0x71540000 - 0x71572000 	C:\Windows\system32\WINMM.dll
0x74d80000 - 0x74d89000 	C:\Windows\system32\VERSION.dll
0x77a70000 - 0x77a75000 	C:\Windows\system32\PSAPI.DLL
0x73320000 - 0x7332c000 	C:\Program Files\Java\jdk1.8.0_101\jre\bin\verify.dll
0x65560000 - 0x65581000 	C:\Program Files\Java\jdk1.8.0_101\jre\bin\java.dll
0x65540000 - 0x65553000 	C:\Program Files\Java\jdk1.8.0_101\jre\bin\zip.dll
0x76ca0000 - 0x778e9000 	C:\Windows\system32\SHELL32.dll
0x76b40000 - 0x76c9c000 	C:\Windows\system32\ole32.dll
0x75a40000 - 0x75a4b000 	C:\Windows\system32\profapi.dll
0x73760000 - 0x7384b000 	C:\Windows\system32\dbghelp.dll

VM Arguments:
jvm_args: -Djava.awt.headless=true -Xmx1024M -Dfile.encoding=windows-1252 -Duser.country=US -Duser.language=en -Duser.variant 
java_command: com.android.dx.command.Main --dex --num-threads=4 --multi-dex --main-dex-list E:\SandeepProjectResources\MobipugNew\MobipugSource\app\build\intermediates\multi-dex\debug\maindexlist.txt --output E:\SandeepProjectResources\MobipugNew\MobipugSource\app\build\intermediates\transforms\dex\debug\folders\1000\1f\main E:\SandeepProjectResources\MobipugNew\MobipugSource\app\build\intermediates\transforms\jarMerging\debug\jars\1\1f\combined.jar
java_class_path (initial): C:\Users\android-4\AppData\Local\Android\Sdk\build-tools\26.0.2\lib\dx.jar
Launcher Type: SUN_STANDARD

Environment Variables:
PATH=C:\ProgramData\Oracle\Java\javapath;C:\Windows\system32;C:\Windows;C:\Windows\System32\Wbem;C:\Windows\System32\WindowsPowerShell\v1.0\;C:\Program Files\Intel\OpenCL SDK\2.0\bin\x86;C:\Program Files\Skype\Phone\
USERNAME=android-4
OS=Windows_NT
PROCESSOR_IDENTIFIER=x86 Family 6 Model 42 Stepping 7, GenuineIntel



---------------  S Y S T E M  ---------------

OS: Windows 7 Build 7600 (6.1.7600.16385)

CPU:total 4 (2 cores per cpu, 2 threads per core) family 6 model 42 stepping 7, cmov, cx8, fxsr, mmx, sse, sse2, sse3, ssse3, sse4.1, sse4.2, popcnt, clmul, ht, tsc, tscinvbit

Memory: 4k page, physical 3578328k(402284k free), swap 24056564k(19283956k free)

vm_info: Java HotSpot(TM) Client VM (25.101-b13) for windows-x86 JRE (1.8.0_101-b13), built on Jun 22 2016 00:45:44 by "java_re" with MS VC++ 10.0 (VS2010)

time: Mon Oct 22 17:48:32 2018
elapsed time: 3 seconds (0d 0h 0m 3s)

