#
# A fatal error has been detected by the Java Runtime Environment:
#
#  EXCEPTION_ACCESS_VIOLATION (0xc0000005) at pc=0x0115b8f8, pid=6056, tid=0x00000774
#
# JRE version: Java(TM) SE Runtime Environment (8.0_101-b13) (build 1.8.0_101-b13)
# Java VM: Java HotSpot(TM) Client VM (25.101-b13 mixed mode windows-x86 )
# Problematic frame:
# C  0x0115b8f8
#
# Failed to write core dump. Minidumps are not enabled by default on client versions of Windows
#
# If you would like to submit a bug report, please visit:
#   http://bugreport.java.com/bugreport/crash.jsp
#

---------------  T H R E A D  ---------------

Current thread (0x443ea800):  VMThread [stack: 0x44660000,0x446b0000] [id=1908]

siginfo: ExceptionCode=0xc0000005, ExceptionInformation=0x00000008 0x0115b8f8

Registers:
EAX=0x0115b8f8, EBX=0x44d583ac, ECX=0x43fedb08, EDX=0x43feb748
ESP=0x446af4dc, EBP=0x446af4f8, ESI=0x44d583a8, EDI=0x5daa94cc
EIP=0x0115b8f8, EFLAGS=0x00010202

Top of Stack: (sp=0x446af4dc)
0x446af4dc:   5d8f4db1 3a11c0d8 5daa94cc 44d583a8
0x446af4ec:   44d583ac 5daa94cc 44d583a8 446af504
0x446af4fc:   5d8f4fac 00000003 446af520 5d89883a
0x446af50c:   44d583a8 45bd0400 5daa94cc 00000000
0x446af51c:   44d4df48 446af708 5d8b9eef 5daa94cc
0x446af52c:   00000001 45bd0400 00000000 00000000
0x446af53c:   00000000 00000000 446af794 446af5bc
0x446af54c:   00000012 446af780 5daa94f0 446af804 

Instructions: (pc=0x0115b8f8)
0x0115b8d8:   03 00 ff ff d6 ee f0 6e 28 29 56 00 00 00 00 00
0x0115b8e8:   03 00 ff ff 81 5c d0 0b 28 29 5a 00 00 00 00 00
0x0115b8f8:   03 00 ff ff 36 1f 69 1c 28 29 42 00 00 00 00 00
0x0115b908:   03 00 ff ff cc 20 80 39 28 29 43 00 00 00 00 00 


Register to memory mapping:

EAX=0x0115b8f8 is an unknown value
EBX=0x44d583ac is an unknown value
ECX=0x43fedb08 is pointing into metadata
EDX=0x43feb748 is pointing into metadata
ESP=0x446af4dc is an unknown value
EBP=0x446af4f8 is an unknown value
ESI=0x44d583a8 is an unknown value
EDI=0x5daa94cc is an unknown value


Stack: [0x44660000,0x446b0000],  sp=0x446af4dc,  free space=317k
Native frames: (J=compiled Java code, j=interpreted, Vv=VM code, C=native code)
C  0x0115b8f8
V  [jvm.dll+0x1b4fac]
V  [jvm.dll+0x15883a]
V  [jvm.dll+0x179eef]
V  [jvm.dll+0x1789ea]
V  [jvm.dll+0x97fb0]
V  [jvm.dll+0x992a1]
V  [jvm.dll+0x9b020]
V  [jvm.dll+0x9b489]
V  [jvm.dll+0x9a27f]
V  [jvm.dll+0xa64b2]
V  [jvm.dll+0x98e73]
V  [jvm.dll+0x92e25]
V  [jvm.dll+0x1b81c6]
V  [jvm.dll+0x18292b]
V  [jvm.dll+0x181d31]
V  [jvm.dll+0x182147]
V  [jvm.dll+0x182342]
V  [jvm.dll+0x1c1ed6]
C  [msvcr100.dll+0x5c556]
C  [msvcr100.dll+0x5c600]
C  [kernel32.dll+0x51174]
C  [ntdll.dll+0x5b3f5]
C  [ntdll.dll+0x5b3c8]

VM_Operation (0x0185ebf8): GenCollectForAllocation, mode: safepoint, requested by thread 0x445c1400


---------------  P R O C E S S  ---------------

Java Threads: ( => current thread )
  0x45bd0400 JavaThread "pool-1-thread-1" [_thread_blocked, id=4828, stack(0x467a0000,0x467f0000)]
  0x445c1400 JavaThread "pool-2-thread-4" [_thread_blocked, id=3952, stack(0x01810000,0x01860000)]
  0x445c0800 JavaThread "pool-2-thread-3" [_thread_blocked, id=2212, stack(0x44b00000,0x44b50000)]
  0x445bf800 JavaThread "pool-2-thread-2" [_thread_blocked, id=4304, stack(0x44b80000,0x44bd0000)]
  0x4459c000 JavaThread "pool-3-thread-1" [_thread_blocked, id=3664, stack(0x44ab0000,0x44b00000)]
  0x4459e400 JavaThread "pool-2-thread-1" [_thread_blocked, id=3216, stack(0x445f0000,0x44640000)]
  0x4444c000 JavaThread "Service Thread" daemon [_thread_blocked, id=5116, stack(0x446b0000,0x44700000)]
  0x44439c00 JavaThread "C1 CompilerThread0" daemon [_thread_blocked, id=4584, stack(0x44840000,0x44890000)]
  0x44438c00 JavaThread "Attach Listener" daemon [_thread_blocked, id=5884, stack(0x448c0000,0x44910000)]
  0x44436000 JavaThread "Signal Dispatcher" daemon [_thread_blocked, id=3704, stack(0x03b80000,0x03bd0000)]
  0x44416c00 JavaThread "Finalizer" daemon [_thread_blocked, id=5252, stack(0x44790000,0x447e0000)]
  0x443f0400 JavaThread "Reference Handler" daemon [_thread_blocked, id=4320, stack(0x44700000,0x44750000)]
  0x0111bc00 JavaThread "main" [_thread_blocked, id=5592, stack(0x01860000,0x018b0000)]

Other Threads:
=>0x443ea800 VMThread [stack: 0x44660000,0x446b0000] [id=1908]
  0x44433800 WatcherThread [stack: 0x449e0000,0x44a30000] [id=4876]

VM state:at safepoint (normal execution)

VM Mutex/Monitor currently owned by a thread:  ([mutex/lock_event])
[0x0111a230] Threads_lock - owner thread: 0x443ea800
[0x0111a640] Heap_lock - owner thread: 0x445c1400

Heap:
 def new generation   total 314560K, used 314559K [0x03c00000, 0x19150000, 0x19150000)
  eden space 279616K, 100% used [0x03c00000, 0x14d10000, 0x14d10000)
  from space 34944K,  99% used [0x14d10000, 0x16f2fff0, 0x16f30000)
  to   space 34944K,   0% used [0x16f30000, 0x16f30000, 0x19150000)
 tenured generation   total 699072K, used 699072K [0x19150000, 0x43c00000, 0x43c00000)
   the space 699072K, 100% used [0x19150000, 0x43c00000, 0x43c00000, 0x43c00000)
 Metaspace       used 3584K, capacity 3598K, committed 3648K, reserved 4480K

Card table byte_map: [0x43c00000,0x43e10000] byte_map_base: 0x43be2000

Polling page: 0x010c0000

CodeCache: size=32768Kb used=3819Kb max_used=3819Kb free=28948Kb
 bounds [0x01b80000, 0x01f40000, 0x03b80000]
 total_blobs=2040 nmethods=1893 adapters=77
 compilation: enabled

Compilation events (10 events):
Event: 40.416 Thread 0x44439c00 1905             com.android.dx.dex.file.ProtoIdItem::addContents (61 bytes)
Event: 40.417 Thread 0x44439c00 nmethod 1905 0x01f3a288 code [0x01f3a3c0, 0x01f3a5f0]
Event: 40.472 Thread 0x44439c00 1906             com.android.dx.dex.file.TypeListItem::addContents (47 bytes)
Event: 40.473 Thread 0x44439c00 nmethod 1906 0x01f3a888 code [0x01f3a9b0, 0x01f3aac4]
Event: 40.524 Thread 0x44439c00 1907             com.android.dx.dex.file.TypeIdItem::addContents (16 bytes)
Event: 40.524 Thread 0x44439c00 nmethod 1907 0x01f3ac08 code [0x01f3ad30, 0x01f3af54]
Event: 40.524 Thread 0x44439c00 1908             com.android.dx.dex.file.IdItem::getDefiningClass (5 bytes)
Event: 40.524 Thread 0x44439c00 nmethod 1908 0x01f3b188 code [0x01f3b280, 0x01f3b300]
Event: 40.524 Thread 0x44439c00 1909             com.android.dx.rop.cst.CstType::getDescriptor (30 bytes)
Event: 40.525 Thread 0x44439c00 nmethod 1909 0x01f3b348 code [0x01f3b450, 0x01f3b55c]

GC Heap History (10 events):
Event: 28.797 GC heap after
Heap after GC invocations=106 (full 12):
 def new generation   total 314560K, used 0K [0x03c00000, 0x19150000, 0x19150000)
  eden space 279616K,   0% used [0x03c00000, 0x03c00000, 0x14d10000)
  from space 34944K,   0% used [0x14d10000, 0x14d10000, 0x16f30000)
  to   space 34944K,   0% used [0x16f30000, 0x16f30000, 0x19150000)
 tenured generation   total 699072K, used 666649K [0x19150000, 0x43c00000, 0x43c00000)
   the space 699072K,  95% used [0x19150000, 0x41c56720, 0x41c56800, 0x43c00000)
 Metaspace       used 3551K, capacity 3598K, committed 3648K, reserved 4480K
}
Event: 29.655 GC heap before
{Heap before GC invocations=106 (full 12):
 def new generation   total 314560K, used 279616K [0x03c00000, 0x19150000, 0x19150000)
  eden space 279616K, 100% used [0x03c00000, 0x14d10000, 0x14d10000)
  from space 34944K,   0% used [0x14d10000, 0x14d10000, 0x16f30000)
  to   space 34944K,   0% used [0x16f30000, 0x16f30000, 0x19150000)
 tenured generation   total 699072K, used 666649K [0x19150000, 0x43c00000, 0x43c00000)
   the space 699072K,  95% used [0x19150000, 0x41c56720, 0x41c56800, 0x43c00000)
 Metaspace       used 3551K, capacity 3598K, committed 3648K, reserved 4480K
Event: 31.327 GC heap after
Heap after GC invocations=107 (full 13):
 def new generation   total 314560K, used 8242K [0x03c00000, 0x19150000, 0x19150000)
  eden space 279616K,   2% used [0x03c00000, 0x0440cb28, 0x14d10000)
  from space 34944K,   0% used [0x14d10000, 0x14d10000, 0x16f30000)
  to   space 34944K,   0% used [0x16f30000, 0x16f30000, 0x19150000)
 tenured generation   total 699072K, used 699071K [0x19150000, 0x43c00000, 0x43c00000)
   the space 699072K,  99% used [0x19150000, 0x43bffff0, 0x43c00000, 0x43c00000)
 Metaspace       used 3551K, capacity 3598K, committed 3648K, reserved 4480K
}
Event: 32.425 GC heap before
{Heap before GC invocations=107 (full 13):
 def new generation   total 314560K, used 314560K [0x03c00000, 0x19150000, 0x19150000)
  eden space 279616K, 100% used [0x03c00000, 0x14d10000, 0x14d10000)
  from space 34944K, 100% used [0x14d10000, 0x16f30000, 0x16f30000)
  to   space 34944K,   0% used [0x16f30000, 0x16f30000, 0x19150000)
 tenured generation   total 699072K, used 699071K [0x19150000, 0x43c00000, 0x43c00000)
   the space 699072K,  99% used [0x19150000, 0x43bffff0, 0x43c00000, 0x43c00000)
 Metaspace       used 3580K, capacity 3598K, committed 3648K, reserved 4480K
Event: 34.199 GC heap after
Heap after GC invocations=108 (full 14):
 def new generation   total 314560K, used 50275K [0x03c00000, 0x19150000, 0x19150000)
  eden space 279616K,  17% used [0x03c00000, 0x06d18c80, 0x14d10000)
  from space 34944K,   0% used [0x14d10000, 0x14d10000, 0x16f30000)
  to   space 34944K,   0% used [0x16f30000, 0x16f30000, 0x19150000)
 tenured generation   total 699072K, used 699071K [0x19150000, 0x43c00000, 0x43c00000)
   the space 699072K,  99% used [0x19150000, 0x43bffff0, 0x43c00000, 0x43c00000)
 Metaspace       used 3580K, capacity 3598K, committed 3648K, reserved 4480K
}
Event: 34.984 GC heap before
{Heap before GC invocations=108 (full 14):
 def new generation   total 314560K, used 314559K [0x03c00000, 0x19150000, 0x19150000)
  eden space 279616K, 100% used [0x03c00000, 0x14d10000, 0x14d10000)
  from space 34944K,  99% used [0x14d10000, 0x16f2fff0, 0x16f30000)
  to   space 34944K,   0% used [0x16f30000, 0x16f30000, 0x19150000)
 tenured generation   total 699072K, used 699071K [0x19150000, 0x43c00000, 0x43c00000)
   the space 699072K,  99% used [0x19150000, 0x43bffff0, 0x43c00000, 0x43c00000)
 Metaspace       used 3580K, capacity 3598K, committed 3648K, reserved 4480K
Event: 36.832 GC heap after
Heap after GC invocations=109 (full 15):
 def new generation   total 314560K, used 81483K [0x03c00000, 0x19150000, 0x19150000)
  eden space 279616K,  29% used [0x03c00000, 0x08b92d10, 0x14d10000)
  from space 34944K,   0% used [0x14d10000, 0x14d10000, 0x16f30000)
  to   space 34944K,   0% used [0x16f30000, 0x16f30000, 0x19150000)
 tenured generation   total 699072K, used 699071K [0x19150000, 0x43c00000, 0x43c00000)
   the space 699072K,  99% used [0x19150000, 0x43bffff0, 0x43c00000, 0x43c00000)
 Metaspace       used 3580K, capacity 3598K, committed 3648K, reserved 4480K
}
Event: 37.530 GC heap before
{Heap before GC invocations=109 (full 15):
 def new generation   total 314560K, used 314559K [0x03c00000, 0x19150000, 0x19150000)
  eden space 279616K, 100% used [0x03c00000, 0x14d10000, 0x14d10000)
  from space 34944K,  99% used [0x14d10000, 0x16f2fff0, 0x16f30000)
  to   space 34944K,   0% used [0x16f30000, 0x16f30000, 0x19150000)
 tenured generation   total 699072K, used 699071K [0x19150000, 0x43c00000, 0x43c00000)
   the space 699072K,  99% used [0x19150000, 0x43bffff0, 0x43c00000, 0x43c00000)
 Metaspace       used 3584K, capacity 3598K, committed 3648K, reserved 4480K
Event: 39.896 GC heap after
Heap after GC invocations=110 (full 16):
 def new generation   total 314560K, used 100483K [0x03c00000, 0x19150000, 0x19150000)
  eden space 279616K,  35% used [0x03c00000, 0x09e20dc0, 0x14d10000)
  from space 34944K,   0% used [0x14d10000, 0x14d10000, 0x16f30000)
  to   space 34944K,   0% used [0x16f30000, 0x16f30000, 0x19150000)
 tenured generation   total 699072K, used 699071K [0x19150000, 0x43c00000, 0x43c00000)
   the space 699072K,  99% used [0x19150000, 0x43bfffe8, 0x43c00000, 0x43c00000)
 Metaspace       used 3584K, capacity 3598K, committed 3648K, reserved 4480K
}
Event: 40.561 GC heap before
{Heap before GC invocations=110 (full 16):
 def new generation   total 314560K, used 314559K [0x03c00000, 0x19150000, 0x19150000)
  eden space 279616K, 100% used [0x03c00000, 0x14d10000, 0x14d10000)
  from space 34944K,  99% used [0x14d10000, 0x16f2fff0, 0x16f30000)
  to   space 34944K,   0% used [0x16f30000, 0x16f30000, 0x19150000)
 tenured generation   total 699072K, used 699072K [0x19150000, 0x43c00000, 0x43c00000)
   the space 699072K, 100% used [0x19150000, 0x43c00000, 0x43c00000, 0x43c00000)
 Metaspace       used 3584K, capacity 3598K, committed 3648K, reserved 4480K

Deoptimization events (0 events):
No events

Internal exceptions (5 events):
Event: 0.041 Thread 0x0111bc00 Exception <a 'java/lang/NoSuchMethodError': Method sun.misc.Unsafe.defineClass(Ljava/lang/String;[BII)Ljava/lang/Class; name or signature does not match> (0x03c06ea8) thrown at [C:\re\workspace\8-2-build-windows-i586-cygwin\jdk8u101\7261\hotspot\src\share\√„ﬁT,•?
Event: 0.041 Thread 0x0111bc00 Exception <a 'java/lang/NoSuchMethodError': Method sun.misc.Unsafe.prefetchRead(Ljava/lang/Object;J)V name or signature does not match> (0x03c07178) thrown at [C:\re\workspace\8-2-build-windows-i586-cygwin\jdk8u101\7261\hotspot\src\share\vm\prims\jni.cpp, Äm†r|ŒÏ?
Event: 0.900 Thread 0x4459e400 Exception <a 'java/lang/ArrayIndexOutOfBoundsException': 18> (0x03e356d8) thrown at [C:\re\workspace\8-2-build-windows-i586-cygwin\jdk8u101\7261\hotspot\src\share\vm\interpreter\interpreterRuntime.cpp, line 366]
Event: 0.900 Thread 0x4459e400 Exception <a 'java/lang/ArrayIndexOutOfBoundsException': 145> (0x03e36f78) thrown at [C:\re\workspace\8-2-build-windows-i586-cygwin\jdk8u101\7261\hotspot\src\share\vm\interpreter\interpreterRuntime.cpp, line 366]
Event: 0.901 Thread 0x4459e400 Exception <a 'java/lang/ArrayIndexOutOfBoundsException': 40> (0x03e38058) thrown at [C:\re\workspace\8-2-build-windows-i586-cygwin\jdk8u101\7261\hotspot\src\share\vm\interpreter\interpreterRuntime.cpp, line 366]

Events (10 events):
Event: 34.199 Executing VM operation: GenCollectForAllocation done
Event: 34.403 Thread 0x44439c00 flushing nmethod 0x01cc75c8
Event: 34.604 Thread 0x44439c00 flushing nmethod 0x01effcc8
Event: 34.984 Executing VM operation: GenCollectForAllocation
Event: 36.832 Executing VM operation: GenCollectForAllocation done
Event: 37.432 loading class com/android/dx/dex/file/ProtoIdItem
Event: 37.432 loading class com/android/dx/dex/file/ProtoIdItem done
Event: 37.530 Executing VM operation: GenCollectForAllocation
Event: 39.896 Executing VM operation: GenCollectForAllocation done
Event: 40.561 Executing VM operation: GenCollectForAllocation


Dynamic libraries:
0x01390000 - 0x013c3000 	C:\Program Files\Java\jdk1.8.0_101\bin\java.exe
0x76ec0000 - 0x76ffc000 	C:\Windows\SYSTEM32\ntdll.dll
0x76c40000 - 0x76d14000 	C:\Windows\system32\kernel32.dll
0x752c0000 - 0x7530a000 	C:\Windows\system32\KERNELBASE.dll
0x756d0000 - 0x75770000 	C:\Windows\system32\ADVAPI32.dll
0x76d20000 - 0x76dcc000 	C:\Windows\system32\msvcrt.dll
0x75680000 - 0x75699000 	C:\Windows\SYSTEM32\sechost.dll
0x76b40000 - 0x76be1000 	C:\Windows\system32\RPCRT4.dll
0x75310000 - 0x753d9000 	C:\Windows\system32\USER32.dll
0x75b70000 - 0x75bbe000 	C:\Windows\system32\GDI32.dll
0x76c20000 - 0x76c2a000 	C:\Windows\system32\LPK.dll
0x755e0000 - 0x7567d000 	C:\Windows\system32\USP10.dll
0x73d20000 - 0x73ebe000 	C:\Windows\WinSxS\x86_microsoft.windows.common-controls_6595b64144ccf1df_6.0.7600.16385_none_421189da2b7fabfc\COMCTL32.dll
0x75ad0000 - 0x75b27000 	C:\Windows\system32\SHLWAPI.dll
0x76bf0000 - 0x76c0f000 	C:\Windows\system32\IMM32.DLL
0x76810000 - 0x768dc000 	C:\Windows\system32\MSCTF.dll
0x5db10000 - 0x5dbcf000 	C:\Program Files\Java\jdk1.8.0_101\jre\bin\msvcr100.dll
0x5d740000 - 0x5db0c000 	C:\Program Files\Java\jdk1.8.0_101\jre\bin\client\jvm.dll
0x70cb0000 - 0x70cb7000 	C:\Windows\system32\WSOCK32.dll
0x75b30000 - 0x75b65000 	C:\Windows\system32\WS2_32.dll
0x76c30000 - 0x76c36000 	C:\Windows\system32\NSI.dll
0x70630000 - 0x70662000 	C:\Windows\system32\WINMM.dll
0x74510000 - 0x74519000 	C:\Windows\system32\VERSION.dll
0x76c10000 - 0x76c15000 	C:\Windows\system32\PSAPI.DLL
0x673a0000 - 0x673ac000 	C:\Program Files\Java\jdk1.8.0_101\jre\bin\verify.dll
0x66190000 - 0x661b1000 	C:\Program Files\Java\jdk1.8.0_101\jre\bin\java.dll
0x66170000 - 0x66183000 	C:\Program Files\Java\jdk1.8.0_101\jre\bin\zip.dll
0x75bc0000 - 0x76809000 	C:\Windows\system32\SHELL32.dll
0x769e0000 - 0x76b3c000 	C:\Windows\system32\ole32.dll
0x75010000 - 0x7501b000 	C:\Windows\system32\profapi.dll
0x72d70000 - 0x72e5b000 	C:\Windows\system32\dbghelp.dll

VM Arguments:
jvm_args: -Djava.awt.headless=true -Xmx1024M -Dfile.encoding=windows-1252 -Duser.country=US -Duser.language=en -Duser.variant 
java_command: com.android.dx.command.Main --dex --num-threads=4 --multi-dex --main-dex-list E:\SandeepProjectResources\MobipugNew\Mobipug27.10.18\MobipugSource\app\build\intermediates\multi-dex\debug\maindexlist.txt --output E:\SandeepProjectResources\MobipugNew\Mobipug27.10.18\MobipugSource\app\build\intermediates\transforms\dex\debug\folders\1000\1f\main E:\SandeepProjectResources\MobipugNew\Mobipug27.10.18\MobipugSource\app\build\intermediates\transforms\jarMerging\debug\jars\1\1f\combined.jar
java_class_path (initial): C:\Users\android-4\AppData\Local\Android\Sdk\build-tools\26.0.2\lib\dx.jar
Launcher Type: SUN_STANDARD

Environment Variables:
PATH=C:\ProgramData\Oracle\Java\javapath;C:\Windows\system32;C:\Windows;C:\Windows\System32\Wbem;C:\Windows\System32\WindowsPowerShell\v1.0\;C:\Program Files\Intel\OpenCL SDK\2.0\bin\x86;C:\Program Files\Skype\Phone\
USERNAME=android-4
OS=Windows_NT
PROCESSOR_IDENTIFIER=x86 Family 6 Model 42 Stepping 7, GenuineIntel



---------------  S Y S T E M  ---------------

OS: Windows 7 Build 7600 (6.1.7600.16385)

CPU:total 4 (2 cores per cpu, 2 threads per core) family 6 model 42 stepping 7, cmov, cx8, fxsr, mmx, sse, sse2, sse3, ssse3, sse4.1, sse4.2, popcnt, clmul, ht, tsc, tscinvbit

Memory: 4k page, physical 3578328k(208480k free), swap 24056564k(19270936k free)

vm_info: Java HotSpot(TM) Client VM (25.101-b13) for windows-x86 JRE (1.8.0_101-b13), built on Jun 22 2016 00:45:44 by "java_re" with MS VC++ 10.0 (VS2010)

time: Fri Nov 16 13:26:45 2018
elapsed time: 40 seconds (0d 0h 0m 40s)

