#
# A fatal error has been detected by the Java Runtime Environment:
#
#  EXCEPTION_ACCESS_VIOLATION (0xc0000005) at pc=0x527ffa77, pid=3944, tid=0x00001458
#
# JRE version: Java(TM) SE Runtime Environment (8.0_101-b13) (build 1.8.0_101-b13)
# Java VM: Java HotSpot(TM) Client VM (25.101-b13 mixed mode windows-x86 )
# Problematic frame:
# V  [jvm.dll+0xbfa77]
#
# Failed to write core dump. Minidumps are not enabled by default on client versions of Windows
#
# If you would like to submit a bug report, please visit:
#   http://bugreport.java.com/bugreport/crash.jsp
#

---------------  T H R E A D  ---------------

Current thread (0x4448a800):  VMThread [stack: 0x44710000,0x44760000] [id=5208]

siginfo: ExceptionCode=0xc0000005, reading address 0x00134681

Registers:
EAX=0x1956cb38, EBX=0x3a77f0dc, ECX=0x00000000, EDX=0x00134621
ESP=0x4475ef58, EBP=0x4475ef78, ESI=0x3a77f0e8, EDI=0x19516280
EIP=0x527ffa77, EFLAGS=0x00010293

Top of Stack: (sp=0x4475ef58)
0x4475ef58:   3aca23e8 00000003 00000000 443468c0
0x4475ef68:   3a77f0e8 00000003 193bb040 443468b8
0x4475ef78:   4475ef98 528f4db1 3a77f0d0 52aa94cc
0x4475ef88:   44653d00 44653d04 52aa94cc 00000200
0x4475ef98:   4475efa4 528f4fac 00000003 4475efc0
0x4475efa8:   5289883a 44653d00 44655c00 52aa94cc
0x4475efb8:   00000000 4465b8d0 4475f1a8 528b9eef
0x4475efc8:   52aa94cc 00000002 44655c00 00000000 

Instructions: (pc=0x527ffa77)
0x527ffa57:   80 3d b4 84 a9 52 00 75 0a 8b d0 80 e2 07 80 fa
0x527ffa67:   01 eb 1b 8b c8 83 e1 07 83 f9 05 74 24 8b 57 04
0x527ffa77:   8b 52 60 83 e2 07 80 fa 05 74 0c 83 f9 01 75 07
0x527ffa87:   a9 80 ff ff ff 74 0a 50 57 e8 fb 4f 0f 00 83 c4 


Register to memory mapping:

EAX=0x1956cb38 is an oop
[C 
 - klass: {type array char}
 - length: 4
EBX=0x3a77f0dc is pointing into object: 0x3a77f0d0
com.android.dx.dex.code.CodeAddress 
 - klass: 'com/android/dx/dex/code/CodeAddress'
ECX=0x00000000 is an unknown value
EDX=0x00134621 is an unknown value
ESP=0x4475ef58 is an unknown value
EBP=0x4475ef78 is an unknown value
ESI=0x3a77f0e8 is pointing into object: 0x3a77f0d0
com.android.dx.dex.code.CodeAddress 
 - klass: 'com/android/dx/dex/code/CodeAddress'
EDI=0x19516280 is pointing into object: 0x19516278
java.lang.String 
 - klass: 'java/lang/String'


Stack: [0x44710000,0x44760000],  sp=0x4475ef58,  free space=315k
Native frames: (J=compiled Java code, j=interpreted, Vv=VM code, C=native code)
V  [jvm.dll+0xbfa77]
V  [jvm.dll+0x1b4db1]
V  [jvm.dll+0x1b4fac]
V  [jvm.dll+0x15883a]
V  [jvm.dll+0x179eef]
V  [jvm.dll+0x1789ea]
V  [jvm.dll+0x97fb0]
V  [jvm.dll+0x992a1]
V  [jvm.dll+0x9b020]
V  [jvm.dll+0x9b489]
V  [jvm.dll+0x9a27f]
V  [jvm.dll+0xa64b2]
V  [jvm.dll+0x98e73]
V  [jvm.dll+0x92e25]
V  [jvm.dll+0x1b81c6]
V  [jvm.dll+0x18292b]
V  [jvm.dll+0x181d31]
V  [jvm.dll+0x182147]
V  [jvm.dll+0x182342]
V  [jvm.dll+0x1c1ed6]
C  [msvcr100.dll+0x5c556]
C  [msvcr100.dll+0x5c600]
C  [kernel32.dll+0x51174]
C  [ntdll.dll+0x5b3f5]
C  [ntdll.dll+0x5b3c8]

VM_Operation (0x4489f0e8): GenCollectForAllocation, mode: safepoint, requested by thread 0x44631800


---------------  P R O C E S S  ---------------

Java Threads: ( => current thread )
  0x44655c00 JavaThread "pool-2-thread-4" [_thread_blocked, id=5940, stack(0x44ab0000,0x44b00000)]
  0x44658c00 JavaThread "pool-2-thread-3" [_thread_blocked, id=6136, stack(0x44c00000,0x44c50000)]
  0x44654000 JavaThread "pool-2-thread-2" [_thread_blocked, id=1392, stack(0x44bb0000,0x44c00000)]
  0x4462f400 JavaThread "pool-3-thread-1" [_thread_blocked, id=5636, stack(0x44b20000,0x44b70000)]
  0x44631800 JavaThread "pool-2-thread-1" [_thread_blocked, id=3264, stack(0x44850000,0x448a0000)]
  0x444ecc00 JavaThread "Service Thread" daemon [_thread_blocked, id=5936, stack(0x44920000,0x44970000)]
  0x444da400 JavaThread "C1 CompilerThread0" daemon [_thread_blocked, id=3544, stack(0x007a0000,0x007f0000)]
  0x444d9000 JavaThread "Attach Listener" daemon [_thread_blocked, id=116, stack(0x447e0000,0x44830000)]
  0x444d6000 JavaThread "Signal Dispatcher" daemon [_thread_blocked, id=4428, stack(0x002e0000,0x00330000)]
  0x444b6c00 JavaThread "Finalizer" daemon [_thread_blocked, id=3948, stack(0x446b0000,0x44700000)]
  0x44490400 JavaThread "Reference Handler" daemon [_thread_blocked, id=556, stack(0x03db0000,0x03e00000)]
  0x005ebc00 JavaThread "main" [_thread_blocked, id=4752, stack(0x005f0000,0x00640000)]

Other Threads:
=>0x4448a800 VMThread [stack: 0x44710000,0x44760000] [id=5208]
  0x444d0000 WatcherThread [stack: 0x449a0000,0x449f0000] [id=4476]

VM state:at safepoint (normal execution)

VM Mutex/Monitor currently owned by a thread:  ([mutex/lock_event])
[0x005ea230] Threads_lock - owner thread: 0x4448a800
[0x005ea640] Heap_lock - owner thread: 0x44631800

Heap:
 def new generation   total 314560K, used 314559K [0x03e00000, 0x19350000, 0x19350000)
  eden space 279616K, 100% used [0x03e00000, 0x14f10000, 0x14f10000)
  from space 34944K,  99% used [0x14f10000, 0x1712fff8, 0x17130000)
  to   space 34944K,   0% used [0x17130000, 0x17130000, 0x19350000)
 tenured generation   total 699072K, used 675976K [0x19350000, 0x43e00000, 0x43e00000)
   the space 699072K,  96% used [0x19350000, 0x427720c8, 0x42772200, 0x43e00000)
 Metaspace       used 3551K, capacity 3598K, committed 3648K, reserved 4480K

Card table byte_map: [0x43e00000,0x44010000] byte_map_base: 0x43de1000

Polling page: 0x00190000

CodeCache: size=32768Kb used=3694Kb max_used=3694Kb free=29073Kb
 bounds [0x01c40000, 0x01fe0000, 0x03c40000]
 total_blobs=1915 nmethods=1768 adapters=77
 compilation: enabled

Compilation events (10 events):
Event: 15.465 Thread 0x444da400 1766             com.android.dx.util.BitIntSet$1::<init> (25 bytes)
Event: 15.466 Thread 0x444da400 nmethod 1766 0x01fd7948 code [0x01fd7a50, 0x01fd7b0c]
Event: 15.467 Thread 0x444da400 1767             com.android.dx.util.Bits::bitCount (29 bytes)
Event: 15.467 Thread 0x444da400 nmethod 1767 0x01fd7bc8 code [0x01fd7cd0, 0x01fd7dac]
Event: 17.317 Thread 0x444da400 1768             com.android.dx.ssa.back.RegisterAllocator::insertMoveBefore (240 bytes)
Event: 17.318 Thread 0x444da400 nmethod 1768 0x01fd7e88 code [0x01fd8130, 0x01fd8c7c]
Event: 17.351 Thread 0x444da400 1769             java.util.HashMap$TreeNode::putTreeVal (314 bytes)
Event: 17.352 Thread 0x444da400 nmethod 1769 0x01fda0c8 code [0x01fda260, 0x01fda6fc]
Event: 17.353 Thread 0x444da400 1770             com.android.dx.ssa.back.FirstFitLocalCombiningAllocator::ssaSetToSpecs (57 bytes)
Event: 17.354 Thread 0x444da400 nmethod 1770 0x01fdac88 code [0x01fdae20, 0x01fdb20c]

GC Heap History (10 events):
Event: 11.677 GC heap after
Heap after GC invocations=100 (full 7):
 def new generation   total 240256K, used 26688K [0x03e00000, 0x142b0000, 0x19350000)
  eden space 213568K,   0% used [0x03e00000, 0x03e00000, 0x10e90000)
  from space 26688K, 100% used [0x128a0000, 0x142b0000, 0x142b0000)
  to   space 26688K,   0% used [0x10e90000, 0x10e90000, 0x128a0000)
 tenured generation   total 533800K, used 518018K [0x19350000, 0x39c9a000, 0x43e00000)
   the space 533800K,  97% used [0x19350000, 0x38d30b28, 0x38d30c00, 0x39c9a000)
 Metaspace       used 3547K, capacity 3598K, committed 3648K, reserved 4480K
}
Event: 13.278 GC heap before
{Heap before GC invocations=100 (full 7):
 def new generation   total 240256K, used 240256K [0x03e00000, 0x142b0000, 0x19350000)
  eden space 213568K, 100% used [0x03e00000, 0x10e90000, 0x10e90000)
  from space 26688K, 100% used [0x128a0000, 0x142b0000, 0x142b0000)
  to   space 26688K,   0% used [0x10e90000, 0x10e90000, 0x128a0000)
 tenured generation   total 533800K, used 518018K [0x19350000, 0x39c9a000, 0x43e00000)
   the space 533800K,  97% used [0x19350000, 0x38d30b28, 0x38d30c00, 0x39c9a000)
 Metaspace       used 3547K, capacity 3598K, committed 3648K, reserved 4480K
Event: 15.062 GC heap after
Heap after GC invocations=101 (full 8):
 def new generation   total 314560K, used 7510K [0x03e00000, 0x19350000, 0x19350000)
  eden space 279616K,   2% used [0x03e00000, 0x04555838, 0x14f10000)
  from space 34944K,   0% used [0x14f10000, 0x14f10000, 0x17130000)
  to   space 34944K,   0% used [0x17130000, 0x17130000, 0x19350000)
 tenured generation   total 699072K, used 611239K [0x19350000, 0x43e00000, 0x43e00000)
   the space 699072K,  87% used [0x19350000, 0x3e839e58, 0x3e83a000, 0x43e00000)
 Metaspace       used 3547K, capacity 3598K, committed 3648K, reserved 4480K
}
Event: 15.831 GC heap before
{Heap before GC invocations=101 (full 8):
 def new generation   total 314560K, used 279616K [0x03e00000, 0x19350000, 0x19350000)
  eden space 279616K, 100% used [0x03e00000, 0x14f10000, 0x14f10000)
  from space 34944K,   0% used [0x14f10000, 0x14f10000, 0x17130000)
  to   space 34944K,   0% used [0x17130000, 0x17130000, 0x19350000)
 tenured generation   total 699072K, used 611239K [0x19350000, 0x43e00000, 0x43e00000)
   the space 699072K,  87% used [0x19350000, 0x3e839e58, 0x3e83a000, 0x43e00000)
 Metaspace       used 3551K, capacity 3598K, committed 3648K, reserved 4480K
Event: 16.229 GC heap after
Heap after GC invocations=102 (full 8):
 def new generation   total 314560K, used 34943K [0x03e00000, 0x19350000, 0x19350000)
  eden space 279616K,   0% used [0x03e00000, 0x03e00000, 0x14f10000)
  from space 34944K,  99% used [0x17130000, 0x1934fff8, 0x19350000)
  to   space 34944K,   0% used [0x14f10000, 0x14f10000, 0x17130000)
 tenured generation   total 699072K, used 668995K [0x19350000, 0x43e00000, 0x43e00000)
   the space 699072K,  95% used [0x19350000, 0x420a0f30, 0x420a1000, 0x43e00000)
 Metaspace       used 3551K, capacity 3598K, committed 3648K, reserved 4480K
}
Event: 17.398 GC heap before
{Heap before GC invocations=102 (full 8):
 def new generation   total 314560K, used 314559K [0x03e00000, 0x19350000, 0x19350000)
  eden space 279616K, 100% used [0x03e00000, 0x14f10000, 0x14f10000)
  from space 34944K,  99% used [0x17130000, 0x1934fff8, 0x19350000)
  to   space 34944K,   0% used [0x14f10000, 0x14f10000, 0x17130000)
 tenured generation   total 699072K, used 668995K [0x19350000, 0x43e00000, 0x43e00000)
   the space 699072K,  95% used [0x19350000, 0x420a0f30, 0x420a1000, 0x43e00000)
 Metaspace       used 3551K, capacity 3598K, committed 3648K, reserved 4480K
Event: 18.845 GC heap after
Heap after GC invocations=103 (full 9):
 def new generation   total 314560K, used 0K [0x03e00000, 0x19350000, 0x19350000)
  eden space 279616K,   0% used [0x03e00000, 0x03e00000, 0x14f10000)
  from space 34944K,   0% used [0x17130000, 0x17130000, 0x19350000)
  to   space 34944K,   0% used [0x14f10000, 0x14f10000, 0x17130000)
 tenured generation   total 699072K, used 598837K [0x19350000, 0x43e00000, 0x43e00000)
   the space 699072K,  85% used [0x19350000, 0x3dc1d7c0, 0x3dc1d800, 0x43e00000)
 Metaspace       used 3551K, capacity 3598K, committed 3648K, reserved 4480K
}
Event: 20.361 GC heap before
{Heap before GC invocations=103 (full 9):
 def new generation   total 314560K, used 279616K [0x03e00000, 0x19350000, 0x19350000)
  eden space 279616K, 100% used [0x03e00000, 0x14f10000, 0x14f10000)
  from space 34944K,   0% used [0x17130000, 0x17130000, 0x19350000)
  to   space 34944K,   0% used [0x14f10000, 0x14f10000, 0x17130000)
 tenured generation   total 699072K, used 598837K [0x19350000, 0x43e00000, 0x43e00000)
   the space 699072K,  85% used [0x19350000, 0x3dc1d7c0, 0x3dc1d800, 0x43e00000)
 Metaspace       used 3551K, capacity 3598K, committed 3648K, reserved 4480K
Event: 20.473 GC heap after
Heap after GC invocations=104 (full 9):
 def new generation   total 314560K, used 34943K [0x03e00000, 0x19350000, 0x19350000)
  eden space 279616K,   0% used [0x03e00000, 0x03e00000, 0x14f10000)
  from space 34944K,  99% used [0x14f10000, 0x1712fff8, 0x17130000)
  to   space 34944K,   0% used [0x17130000, 0x17130000, 0x19350000)
 tenured generation   total 699072K, used 675976K [0x19350000, 0x43e00000, 0x43e00000)
   the space 699072K,  96% used [0x19350000, 0x427720c8, 0x42772200, 0x43e00000)
 Metaspace       used 3551K, capacity 3598K, committed 3648K, reserved 4480K
}
Event: 21.612 GC heap before
{Heap before GC invocations=104 (full 9):
 def new generation   total 314560K, used 314559K [0x03e00000, 0x19350000, 0x19350000)
  eden space 279616K, 100% used [0x03e00000, 0x14f10000, 0x14f10000)
  from space 34944K,  99% used [0x14f10000, 0x1712fff8, 0x17130000)
  to   space 34944K,   0% used [0x17130000, 0x17130000, 0x19350000)
 tenured generation   total 699072K, used 675976K [0x19350000, 0x43e00000, 0x43e00000)
   the space 699072K,  96% used [0x19350000, 0x427720c8, 0x42772200, 0x43e00000)
 Metaspace       used 3551K, capacity 3598K, committed 3648K, reserved 4480K

Deoptimization events (0 events):
No events

Internal exceptions (5 events):
Event: 0.037 Thread 0x005ebc00 Exception <a 'java/lang/NoSuchMethodError': Method sun.misc.Unsafe.defineClass(Ljava/lang/String;[BII)Ljava/lang/Class; name or signature does not match> (0x03e06ea8) thrown at [C:\re\workspace\8-2-build-windows-i586-cygwin\jdk8u101\7261\hotspot\src\share\f|tÅc£?
Event: 0.037 Thread 0x005ebc00 Exception <a 'java/lang/NoSuchMethodError': Method sun.misc.Unsafe.prefetchRead(Ljava/lang/Object;J)V name or signature does not match> (0x03e07178) thrown at [C:\re\workspace\8-2-build-windows-i586-cygwin\jdk8u101\7261\hotspot\src\share\vm\prims\jni.cpp, = fÏ?
Event: 0.876 Thread 0x44658c00 Exception <a 'java/lang/ArrayIndexOutOfBoundsException': 18> (0x043156c8) thrown at [C:\re\workspace\8-2-build-windows-i586-cygwin\jdk8u101\7261\hotspot\src\share\vm\interpreter\interpreterRuntime.cpp, line 366]
Event: 0.877 Thread 0x44658c00 Exception <a 'java/lang/ArrayIndexOutOfBoundsException': 145> (0x04316f68) thrown at [C:\re\workspace\8-2-build-windows-i586-cygwin\jdk8u101\7261\hotspot\src\share\vm\interpreter\interpreterRuntime.cpp, line 366]
Event: 0.877 Thread 0x44658c00 Exception <a 'java/lang/ArrayIndexOutOfBoundsException': 40> (0x0438aca0) thrown at [C:\re\workspace\8-2-build-windows-i586-cygwin\jdk8u101\7261\hotspot\src\share\vm\interpreter\interpreterRuntime.cpp, line 366]

Events (10 events):
Event: 15.206 loading class com/android/dx/util/ListIntSet$1 done
Event: 15.207 Executing VM operation: Deoptimize
Event: 15.207 Executing VM operation: Deoptimize done
Event: 15.831 Executing VM operation: GenCollectForAllocation
Event: 16.229 Executing VM operation: GenCollectForAllocation done
Event: 17.398 Executing VM operation: GenCollectForAllocation
Event: 18.846 Executing VM operation: GenCollectForAllocation done
Event: 20.361 Executing VM operation: GenCollectForAllocation
Event: 20.473 Executing VM operation: GenCollectForAllocation done
Event: 21.612 Executing VM operation: GenCollectForAllocation


Dynamic libraries:
0x00820000 - 0x00853000 	C:\Program Files\Java\jdk1.8.0_101\bin\java.exe
0x77610000 - 0x7774c000 	C:\Windows\SYSTEM32\ntdll.dll
0x76310000 - 0x763e4000 	C:\Windows\system32\kernel32.dll
0x75a10000 - 0x75a5a000 	C:\Windows\system32\KERNELBASE.dll
0x75a60000 - 0x75b00000 	C:\Windows\system32\ADVAPI32.dll
0x76730000 - 0x767dc000 	C:\Windows\system32\msvcrt.dll
0x767e0000 - 0x767f9000 	C:\Windows\SYSTEM32\sechost.dll
0x76500000 - 0x765a1000 	C:\Windows\system32\RPCRT4.dll
0x77760000 - 0x77829000 	C:\Windows\system32\USER32.dll
0x762c0000 - 0x7630e000 	C:\Windows\system32\GDI32.dll
0x75dd0000 - 0x75dda000 	C:\Windows\system32\LPK.dll
0x76110000 - 0x761ad000 	C:\Windows\system32\USP10.dll
0x741d0000 - 0x7436e000 	C:\Windows\WinSxS\x86_microsoft.windows.common-controls_6595b64144ccf1df_6.0.7600.16385_none_421189da2b7fabfc\COMCTL32.dll
0x763f0000 - 0x76447000 	C:\Windows\system32\SHLWAPI.dll
0x764e0000 - 0x764ff000 	C:\Windows\system32\IMM32.DLL
0x75b00000 - 0x75bcc000 	C:\Windows\system32\MSCTF.dll
0x52b10000 - 0x52bcf000 	C:\Program Files\Java\jdk1.8.0_101\jre\bin\msvcr100.dll
0x52740000 - 0x52b0c000 	C:\Program Files\Java\jdk1.8.0_101\jre\bin\client\jvm.dll
0x70d00000 - 0x70d07000 	C:\Windows\system32\WSOCK32.dll
0x766f0000 - 0x76725000 	C:\Windows\system32\WS2_32.dll
0x77750000 - 0x77756000 	C:\Windows\system32\NSI.dll
0x70de0000 - 0x70e12000 	C:\Windows\system32\WINMM.dll
0x74c60000 - 0x74c69000 	C:\Windows\system32\VERSION.dll
0x77830000 - 0x77835000 	C:\Windows\system32\PSAPI.DLL
0x60b30000 - 0x60b3c000 	C:\Program Files\Java\jdk1.8.0_101\jre\bin\verify.dll
0x60b00000 - 0x60b21000 	C:\Program Files\Java\jdk1.8.0_101\jre\bin\java.dll
0x60ae0000 - 0x60af3000 	C:\Program Files\Java\jdk1.8.0_101\jre\bin\zip.dll
0x769c0000 - 0x77609000 	C:\Windows\system32\SHELL32.dll
0x76800000 - 0x7695c000 	C:\Windows\system32\ole32.dll
0x75760000 - 0x7576b000 	C:\Windows\system32\profapi.dll
0x73430000 - 0x7351b000 	C:\Windows\system32\dbghelp.dll

VM Arguments:
jvm_args: -Djava.awt.headless=true -Xmx1024M -Dfile.encoding=windows-1252 -Duser.country=US -Duser.language=en -Duser.variant 
java_command: com.android.dx.command.Main --dex --num-threads=4 --multi-dex --main-dex-list E:\SandeepProjectResources\MobipugNew\Mobipug27.10.18\MobipugSource\app\build\intermediates\multi-dex\debug\maindexlist.txt --output E:\SandeepProjectResources\MobipugNew\Mobipug27.10.18\MobipugSource\app\build\intermediates\transforms\dex\debug\folders\1000\1f\main E:\SandeepProjectResources\MobipugNew\Mobipug27.10.18\MobipugSource\app\build\intermediates\transforms\jarMerging\debug\jars\1\1f\combined.jar
java_class_path (initial): C:\Users\android-4\AppData\Local\Android\Sdk\build-tools\26.0.2\lib\dx.jar
Launcher Type: SUN_STANDARD

Environment Variables:
PATH=C:\ProgramData\Oracle\Java\javapath;C:\Windows\system32;C:\Windows;C:\Windows\System32\Wbem;C:\Windows\System32\WindowsPowerShell\v1.0\;C:\Program Files\Intel\OpenCL SDK\2.0\bin\x86;C:\Program Files\Skype\Phone\
USERNAME=android-4
OS=Windows_NT
PROCESSOR_IDENTIFIER=x86 Family 6 Model 42 Stepping 7, GenuineIntel



---------------  S Y S T E M  ---------------

OS: Windows 7 Build 7600 (6.1.7600.16385)

CPU:total 4 (2 cores per cpu, 2 threads per core) family 6 model 42 stepping 7, cmov, cx8, fxsr, mmx, sse, sse2, sse3, ssse3, sse4.1, sse4.2, popcnt, clmul, ht, tsc, tscinvbit

Memory: 4k page, physical 3578328k(259796k free), swap 24056564k(18878532k free)

vm_info: Java HotSpot(TM) Client VM (25.101-b13) for windows-x86 JRE (1.8.0_101-b13), built on Jun 22 2016 00:45:44 by "java_re" with MS VC++ 10.0 (VS2010)

time: Thu Nov 15 16:35:15 2018
elapsed time: 22 seconds (0d 0h 0m 22s)

