#
# A fatal error has been detected by the Java Runtime Environment:
#
#  EXCEPTION_ACCESS_VIOLATION (0xc0000005) at pc=0x518055cf, pid=4836, tid=0x0000057c
#
# JRE version: Java(TM) SE Runtime Environment (8.0_101-b13) (build 1.8.0_101-b13)
# Java VM: Java HotSpot(TM) Client VM (25.101-b13 mixed mode windows-x86 )
# Problematic frame:
# V  [jvm.dll+0x955cf]
#
# Failed to write core dump. Minidumps are not enabled by default on client versions of Windows
#
# If you would like to submit a bug report, please visit:
#   http://bugreport.java.com/bugreport/crash.jsp
#

---------------  T H R E A D  ---------------

Current thread (0x4448a800):  VMThread [stack: 0x00ff0000,0x01040000] [id=1404]

siginfo: ExceptionCode=0xc0000005, reading address 0x85ffff74

Registers:
EAX=0x85ffff00, EBX=0x44278ef0, ECX=0x0069006f, EDX=0x0ad0c130
ESP=0x0103f304, EBP=0x0103f314, ESI=0x008b1c88, EDI=0x08308068
EIP=0x518055cf, EFLAGS=0x00010246

Top of Stack: (sp=0x0103f304)
0x0103f304:   0103f4c0 0ad0c12c 44278ef0 008b1c88
0x0103f314:   0103f334 5182afcc 08308068 0ad213d0
0x0103f324:   0ad0c118 0103f4c0 44278d80 44278ef8
0x0103f334:   0103f354 5181518f 0ad0c118 0ad0c130
0x0103f344:   008b1c88 0103f4c0 008af210 008b2ab0
0x0103f354:   0103f368 51803dad 0103f4c0 008af210
0x0103f364:   00000000 0103f37c 518081ec 0103f4c0
0x0103f374:   0103f474 00000000 0103f598 518041d7 

Instructions: (pc=0x518055cf)
0x518055af:   83 e1 3f d3 e3 4a c1 f8 10 25 ff 00 00 00 03 da
0x518055bf:   03 d8 f7 d2 c1 eb 02 c1 ea 02 23 da eb 0a 8b 01
0x518055cf:   8b 50 74 57 ff d2 8b d8 8b 07 f6 d0 a8 01 8b 07
0x518055df:   74 05 83 e0 fd 8b 00 c1 e8 03 83 e0 0f 3b 86 8c 


Register to memory mapping:

EAX=0x85ffff00 is an unknown value
EBX=0x44278ef0 is pointing into metadata
ECX=0x0069006f is an unknown value
EDX=0x0ad0c130 is an oop
com.android.dx.dex.file.MethodIdItem 
 - klass: 'com/android/dx/dex/file/MethodIdItem'
ESP=0x0103f304 is an unknown value
EBP=0x0103f314 is an unknown value
ESI=0x008b1c88 is an unknown value
EDI=0x08308068 is pointing into object: 0x08307fd0
[C 
 - klass: {type array char}
 - length: 136


Stack: [0x00ff0000,0x01040000],  sp=0x0103f304,  free space=316k
Native frames: (J=compiled Java code, j=interpreted, Vv=VM code, C=native code)
V  [jvm.dll+0x955cf]
V  [jvm.dll+0xbafcc]
V  [jvm.dll+0xa518f]
V  [jvm.dll+0x93dad]
V  [jvm.dll+0x981ec]
V  [jvm.dll+0x941d7]
V  [jvm.dll+0x98e73]
V  [jvm.dll+0x92e25]
V  [jvm.dll+0x1b81c6]
V  [jvm.dll+0x18292b]
V  [jvm.dll+0x181d31]
V  [jvm.dll+0x182147]
V  [jvm.dll+0x182342]
V  [jvm.dll+0x1c1ed6]
C  [msvcr100.dll+0x5c556]
C  [msvcr100.dll+0x5c600]
C  [kernel32.dll+0x51174]
C  [ntdll.dll+0x5b3f5]
C  [ntdll.dll+0x5b3c8]

VM_Operation (0x449cec68): GenCollectForAllocation, mode: safepoint, requested by thread 0x44652c00


---------------  P R O C E S S  ---------------

Java Threads: ( => current thread )
  0x44655000 JavaThread "pool-2-thread-4" [_thread_blocked, id=308, stack(0x44b90000,0x44be0000)]
  0x44654000 JavaThread "pool-2-thread-3" [_thread_blocked, id=4364, stack(0x03d70000,0x03dc0000)]
  0x44652c00 JavaThread "pool-2-thread-2" [_thread_blocked, id=5640, stack(0x44980000,0x449d0000)]
  0x44624000 JavaThread "pool-3-thread-1" [_thread_blocked, id=4440, stack(0x448a0000,0x448f0000)]
  0x4461e000 JavaThread "pool-2-thread-1" [_thread_blocked, id=4720, stack(0x44710000,0x44760000)]
  0x444ec000 JavaThread "Service Thread" daemon [_thread_blocked, id=5336, stack(0x03cd0000,0x03d20000)]
  0x444da400 JavaThread "C1 CompilerThread0" daemon [_thread_blocked, id=4124, stack(0x447e0000,0x44830000)]
  0x444d9000 JavaThread "Attach Listener" daemon [_thread_blocked, id=4796, stack(0x44830000,0x44880000)]
  0x444d6000 JavaThread "Signal Dispatcher" daemon [_thread_blocked, id=5228, stack(0x44770000,0x447c0000)]
  0x444b6c00 JavaThread "Finalizer" daemon [_thread_blocked, id=1156, stack(0x44680000,0x446d0000)]
  0x44490400 JavaThread "Reference Handler" daemon [_thread_blocked, id=5776, stack(0x03d20000,0x03d70000)]
  0x0057bc00 JavaThread "main" [_thread_blocked, id=5108, stack(0x00bf0000,0x00c40000)]

Other Threads:
=>0x4448a800 VMThread [stack: 0x00ff0000,0x01040000] [id=1404]
  0x444d0800 WatcherThread [stack: 0x44910000,0x44960000] [id=5008]

VM state:at safepoint (normal execution)

VM Mutex/Monitor currently owned by a thread:  ([mutex/lock_event])
[0x0057a230] Threads_lock - owner thread: 0x4448a800
[0x0057a640] Heap_lock - owner thread: 0x44652c00

Heap:
 def new generation   total 113024K, used 113024K [0x03e00000, 0x0b8a0000, 0x19350000)
  eden space 100480K, 100% used [0x03e00000, 0x0a020000, 0x0a020000)
  from space 12544K, 100% used [0x0a020000, 0x0ac60000, 0x0ac60000)
  to   space 12544K,   9% used [0x0ac60000, 0x0ad80420, 0x0b8a0000)
 tenured generation   total 251016K, used 210595K [0x19350000, 0x28872000, 0x43e00000)
   the space 251016K,  83% used [0x19350000, 0x260f8c10, 0x260f8e00, 0x28872000)
 Metaspace       used 3551K, capacity 3598K, committed 3648K, reserved 4480K

Card table byte_map: [0x43e00000,0x44010000] byte_map_base: 0x43de1000

Polling page: 0x00290000

CodeCache: size=32768Kb used=3462Kb max_used=3462Kb free=29305Kb
 bounds [0x01cb0000, 0x02018000, 0x03cb0000]
 total_blobs=1807 nmethods=1660 adapters=77
 compilation: enabled

Compilation events (10 events):
Event: 5.601 Thread 0x444da400 1658   !         java.util.concurrent.locks.AbstractQueuedSynchronizer::acquireQueued (93 bytes)
Event: 5.602 Thread 0x444da400 nmethod 1658 0x0200eac8 code [0x0200ec20, 0x0200ef38]
Event: 5.666 Thread 0x444da400 1659             com.android.dx.cf.direct.StdAttributeFactory::sourceFile (94 bytes)
Event: 5.668 Thread 0x444da400 nmethod 1659 0x0200f308 code [0x0200f580, 0x020100d4]
Event: 5.668 Thread 0x444da400 1660             com.android.dx.cf.attrib.AttSourceFile::<init> (26 bytes)
Event: 5.668 Thread 0x444da400 nmethod 1660 0x02011348 code [0x02011450, 0x0201155c]
Event: 5.668 Thread 0x444da400 1661             com.android.dx.cf.attrib.AttSourceFile::byteLength (3 bytes)
Event: 5.668 Thread 0x444da400 nmethod 1661 0x02011608 code [0x02011700, 0x02011780]
Event: 5.674 Thread 0x444da400 1662             java.util.concurrent.locks.AbstractQueuedSynchronizer::shouldParkAfterFailedAcquire (50 bytes)
Event: 5.674 Thread 0x444da400 nmethod 1662 0x020117c8 code [0x020118c0, 0x020119d0]

GC Heap History (10 events):
Event: 4.666 GC heap after
Heap after GC invocations=81 (full 6):
 def new generation   total 113024K, used 8093K [0x03e00000, 0x0b8a0000, 0x19350000)
  eden space 100480K,   0% used [0x03e00000, 0x03e00000, 0x0a020000)
  from space 12544K,  64% used [0x0a020000, 0x0a8074a0, 0x0ac60000)
  to   space 12544K,   0% used [0x0ac60000, 0x0ac60000, 0x0b8a0000)
 tenured generation   total 251016K, used 167170K [0x19350000, 0x28872000, 0x43e00000)
   the space 251016K,  66% used [0x19350000, 0x23690990, 0x23690a00, 0x28872000)
 Metaspace       used 3551K, capacity 3598K, committed 3648K, reserved 4480K
}
Event: 4.766 GC heap before
{Heap before GC invocations=81 (full 6):
 def new generation   total 113024K, used 108573K [0x03e00000, 0x0b8a0000, 0x19350000)
  eden space 100480K, 100% used [0x03e00000, 0x0a020000, 0x0a020000)
  from space 12544K,  64% used [0x0a020000, 0x0a8074a0, 0x0ac60000)
  to   space 12544K,   0% used [0x0ac60000, 0x0ac60000, 0x0b8a0000)
 tenured generation   total 251016K, used 167170K [0x19350000, 0x28872000, 0x43e00000)
   the space 251016K,  66% used [0x19350000, 0x23690990, 0x23690a00, 0x28872000)
 Metaspace       used 3551K, capacity 3598K, committed 3648K, reserved 4480K
Event: 4.792 GC heap after
Heap after GC invocations=82 (full 6):
 def new generation   total 113024K, used 4226K [0x03e00000, 0x0b8a0000, 0x19350000)
  eden space 100480K,   0% used [0x03e00000, 0x03e00000, 0x0a020000)
  from space 12544K,  33% used [0x0ac60000, 0x0b080b30, 0x0b8a0000)
  to   space 12544K,   0% used [0x0a020000, 0x0a020000, 0x0ac60000)
 tenured generation   total 251016K, used 175023K [0x19350000, 0x28872000, 0x43e00000)
   the space 251016K,  69% used [0x19350000, 0x23e3bc50, 0x23e3be00, 0x28872000)
 Metaspace       used 3551K, capacity 3598K, committed 3648K, reserved 4480K
}
Event: 4.974 GC heap before
{Heap before GC invocations=82 (full 6):
 def new generation   total 113024K, used 104706K [0x03e00000, 0x0b8a0000, 0x19350000)
  eden space 100480K, 100% used [0x03e00000, 0x0a020000, 0x0a020000)
  from space 12544K,  33% used [0x0ac60000, 0x0b080b30, 0x0b8a0000)
  to   space 12544K,   0% used [0x0a020000, 0x0a020000, 0x0ac60000)
 tenured generation   total 251016K, used 175023K [0x19350000, 0x28872000, 0x43e00000)
   the space 251016K,  69% used [0x19350000, 0x23e3bc50, 0x23e3be00, 0x28872000)
 Metaspace       used 3551K, capacity 3598K, committed 3648K, reserved 4480K
Event: 5.026 GC heap after
Heap after GC invocations=83 (full 6):
 def new generation   total 113024K, used 12544K [0x03e00000, 0x0b8a0000, 0x19350000)
  eden space 100480K,   0% used [0x03e00000, 0x03e00000, 0x0a020000)
  from space 12544K, 100% used [0x0a020000, 0x0ac60000, 0x0ac60000)
  to   space 12544K,   0% used [0x0ac60000, 0x0ac60000, 0x0b8a0000)
 tenured generation   total 251016K, used 181224K [0x19350000, 0x28872000, 0x43e00000)
   the space 251016K,  72% used [0x19350000, 0x2444a040, 0x2444a200, 0x28872000)
 Metaspace       used 3551K, capacity 3598K, committed 3648K, reserved 4480K
}
Event: 5.192 GC heap before
{Heap before GC invocations=83 (full 6):
 def new generation   total 113024K, used 113024K [0x03e00000, 0x0b8a0000, 0x19350000)
  eden space 100480K, 100% used [0x03e00000, 0x0a020000, 0x0a020000)
  from space 12544K, 100% used [0x0a020000, 0x0ac60000, 0x0ac60000)
  to   space 12544K,   0% used [0x0ac60000, 0x0ac60000, 0x0b8a0000)
 tenured generation   total 251016K, used 181224K [0x19350000, 0x28872000, 0x43e00000)
   the space 251016K,  72% used [0x19350000, 0x2444a040, 0x2444a200, 0x28872000)
 Metaspace       used 3551K, capacity 3598K, committed 3648K, reserved 4480K
Event: 5.258 GC heap after
Heap after GC invocations=84 (full 6):
 def new generation   total 113024K, used 12543K [0x03e00000, 0x0b8a0000, 0x19350000)
  eden space 100480K,   0% used [0x03e00000, 0x03e00000, 0x0a020000)
  from space 12544K,  99% used [0x0ac60000, 0x0b89fff8, 0x0b8a0000)
  to   space 12544K,   0% used [0x0a020000, 0x0a020000, 0x0ac60000)
 tenured generation   total 251016K, used 194917K [0x19350000, 0x28872000, 0x43e00000)
   the space 251016K,  77% used [0x19350000, 0x251a9620, 0x251a9800, 0x28872000)
 Metaspace       used 3551K, capacity 3598K, committed 3648K, reserved 4480K
}
Event: 5.426 GC heap before
{Heap before GC invocations=84 (full 6):
 def new generation   total 113024K, used 113023K [0x03e00000, 0x0b8a0000, 0x19350000)
  eden space 100480K, 100% used [0x03e00000, 0x0a020000, 0x0a020000)
  from space 12544K,  99% used [0x0ac60000, 0x0b89fff8, 0x0b8a0000)
  to   space 12544K,   0% used [0x0a020000, 0x0a020000, 0x0ac60000)
 tenured generation   total 251016K, used 194917K [0x19350000, 0x28872000, 0x43e00000)
   the space 251016K,  77% used [0x19350000, 0x251a9620, 0x251a9800, 0x28872000)
 Metaspace       used 3551K, capacity 3598K, committed 3648K, reserved 4480K
Event: 5.495 GC heap after
Heap after GC invocations=85 (full 6):
 def new generation   total 113024K, used 12544K [0x03e00000, 0x0b8a0000, 0x19350000)
  eden space 100480K,   0% used [0x03e00000, 0x03e00000, 0x0a020000)
  from space 12544K, 100% used [0x0a020000, 0x0ac60000, 0x0ac60000)
  to   space 12544K,   0% used [0x0ac60000, 0x0ac60000, 0x0b8a0000)
 tenured generation   total 251016K, used 209819K [0x19350000, 0x28872000, 0x43e00000)
   the space 251016K,  83% used [0x19350000, 0x26036cc8, 0x26036e00, 0x28872000)
 Metaspace       used 3551K, capacity 3598K, committed 3648K, reserved 4480K
}
Event: 5.679 GC heap before
{Heap before GC invocations=85 (full 6):
 def new generation   total 113024K, used 113024K [0x03e00000, 0x0b8a0000, 0x19350000)
  eden space 100480K, 100% used [0x03e00000, 0x0a020000, 0x0a020000)
  from space 12544K, 100% used [0x0a020000, 0x0ac60000, 0x0ac60000)
  to   space 12544K,   0% used [0x0ac60000, 0x0ac60000, 0x0b8a0000)
 tenured generation   total 251016K, used 209819K [0x19350000, 0x28872000, 0x43e00000)
   the space 251016K,  83% used [0x19350000, 0x26036cc8, 0x26036e00, 0x28872000)
 Metaspace       used 3551K, capacity 3598K, committed 3648K, reserved 4480K

Deoptimization events (0 events):
No events

Internal exceptions (5 events):
Event: 0.036 Thread 0x0057bc00 Exception <a 'java/lang/NoSuchMethodError': Method sun.misc.Unsafe.defineClass(Ljava/lang/String;[BII)Ljava/lang/Class; name or signature does not match> (0x03e06ea8) thrown at [C:\re\workspace\8-2-build-windows-i586-cygwin\jdk8u101\7261\hotspot\src\share\´S0ÈÑå¢?
Event: 0.036 Thread 0x0057bc00 Exception <a 'java/lang/NoSuchMethodError': Method sun.misc.Unsafe.prefetchRead(Ljava/lang/Object;J)V name or signature does not match> (0x03e07178) thrown at [C:\re\workspace\8-2-build-windows-i586-cygwin\jdk8u101\7261\hotspot\src\share\vm\prims\jni.cpp, ˘eè~Ì?
Event: 0.922 Thread 0x44655000 Exception <a 'java/lang/ArrayIndexOutOfBoundsException': 18> (0x043ba508) thrown at [C:\re\workspace\8-2-build-windows-i586-cygwin\jdk8u101\7261\hotspot\src\share\vm\interpreter\interpreterRuntime.cpp, line 366]
Event: 0.922 Thread 0x44655000 Exception <a 'java/lang/ArrayIndexOutOfBoundsException': 145> (0x043bbda8) thrown at [C:\re\workspace\8-2-build-windows-i586-cygwin\jdk8u101\7261\hotspot\src\share\vm\interpreter\interpreterRuntime.cpp, line 366]
Event: 0.922 Thread 0x44655000 Exception <a 'java/lang/ArrayIndexOutOfBoundsException': 40> (0x043bce88) thrown at [C:\re\workspace\8-2-build-windows-i586-cygwin\jdk8u101\7261\hotspot\src\share\vm\interpreter\interpreterRuntime.cpp, line 366]

Events (10 events):
Event: 4.666 Executing VM operation: GenCollectForAllocation done
Event: 4.766 Executing VM operation: GenCollectForAllocation
Event: 4.792 Executing VM operation: GenCollectForAllocation done
Event: 4.974 Executing VM operation: GenCollectForAllocation
Event: 5.026 Executing VM operation: GenCollectForAllocation done
Event: 5.192 Executing VM operation: GenCollectForAllocation
Event: 5.259 Executing VM operation: GenCollectForAllocation done
Event: 5.426 Executing VM operation: GenCollectForAllocation
Event: 5.495 Executing VM operation: GenCollectForAllocation done
Event: 5.679 Executing VM operation: GenCollectForAllocation


Dynamic libraries:
0x01070000 - 0x010a3000 	C:\Program Files\Java\jdk1.8.0_101\bin\java.exe
0x76f00000 - 0x7703c000 	C:\Windows\SYSTEM32\ntdll.dll
0x755f0000 - 0x756c4000 	C:\Windows\system32\kernel32.dll
0x751f0000 - 0x7523a000 	C:\Windows\system32\KERNELBASE.dll
0x753a0000 - 0x75440000 	C:\Windows\system32\ADVAPI32.dll
0x76520000 - 0x765cc000 	C:\Windows\system32\msvcrt.dll
0x75370000 - 0x75389000 	C:\Windows\SYSTEM32\sechost.dll
0x76470000 - 0x76511000 	C:\Windows\system32\RPCRT4.dll
0x756d0000 - 0x75799000 	C:\Windows\system32\USER32.dll
0x770e0000 - 0x7712e000 	C:\Windows\system32\GDI32.dll
0x75390000 - 0x7539a000 	C:\Windows\system32\LPK.dll
0x76b50000 - 0x76bed000 	C:\Windows\system32\USP10.dll
0x73dc0000 - 0x73f5e000 	C:\Windows\WinSxS\x86_microsoft.windows.common-controls_6595b64144ccf1df_6.0.7600.16385_none_421189da2b7fabfc\COMCTL32.dll
0x76af0000 - 0x76b47000 	C:\Windows\system32\SHLWAPI.dll
0x77040000 - 0x7705f000 	C:\Windows\system32\IMM32.DLL
0x76d30000 - 0x76dfc000 	C:\Windows\system32\MSCTF.dll
0x64db0000 - 0x64e6f000 	C:\Program Files\Java\jdk1.8.0_101\jre\bin\msvcr100.dll
0x51770000 - 0x51b3c000 	C:\Program Files\Java\jdk1.8.0_101\jre\bin\client\jvm.dll
0x70810000 - 0x70817000 	C:\Windows\system32\WSOCK32.dll
0x75440000 - 0x75475000 	C:\Windows\system32\WS2_32.dll
0x75350000 - 0x75356000 	C:\Windows\system32\NSI.dll
0x707c0000 - 0x707f2000 	C:\Windows\system32\WINMM.dll
0x74550000 - 0x74559000 	C:\Windows\system32\VERSION.dll
0x75360000 - 0x75365000 	C:\Windows\system32\PSAPI.DLL
0x720f0000 - 0x720fc000 	C:\Program Files\Java\jdk1.8.0_101\jre\bin\verify.dll
0x72070000 - 0x72091000 	C:\Program Files\Java\jdk1.8.0_101\jre\bin\java.dll
0x720b0000 - 0x720c3000 	C:\Program Files\Java\jdk1.8.0_101\jre\bin\zip.dll
0x75820000 - 0x76469000 	C:\Windows\system32\SHELL32.dll
0x75490000 - 0x755ec000 	C:\Windows\system32\ole32.dll
0x75050000 - 0x7505b000 	C:\Windows\system32\profapi.dll
0x72db0000 - 0x72e9b000 	C:\Windows\system32\dbghelp.dll

VM Arguments:
jvm_args: -Djava.awt.headless=true -Xmx1024M -Dfile.encoding=windows-1252 -Duser.country=US -Duser.language=en -Duser.variant 
java_command: com.android.dx.command.Main --dex --num-threads=4 --multi-dex --main-dex-list E:\SandeepProjectResources\MobipugNew\Mobipug27.10.18\MobipugSource\app\build\intermediates\multi-dex\debug\maindexlist.txt --output E:\SandeepProjectResources\MobipugNew\Mobipug27.10.18\MobipugSource\app\build\intermediates\transforms\dex\debug\folders\1000\1f\main E:\SandeepProjectResources\MobipugNew\Mobipug27.10.18\MobipugSource\app\build\intermediates\transforms\jarMerging\debug\jars\1\1f\combined.jar
java_class_path (initial): C:\Users\android-4\AppData\Local\Android\Sdk\build-tools\26.0.2\lib\dx.jar
Launcher Type: SUN_STANDARD

Environment Variables:
PATH=C:\ProgramData\Oracle\Java\javapath;C:\Windows\system32;C:\Windows;C:\Windows\System32\Wbem;C:\Windows\System32\WindowsPowerShell\v1.0\;C:\Program Files\Intel\OpenCL SDK\2.0\bin\x86;C:\Program Files\Skype\Phone\
USERNAME=android-4
OS=Windows_NT
PROCESSOR_IDENTIFIER=x86 Family 6 Model 42 Stepping 7, GenuineIntel



---------------  S Y S T E M  ---------------

OS: Windows 7 Build 7600 (6.1.7600.16385)

CPU:total 4 (2 cores per cpu, 2 threads per core) family 6 model 42 stepping 7, cmov, cx8, fxsr, mmx, sse, sse2, sse3, ssse3, sse4.1, sse4.2, popcnt, clmul, ht, tsc, tscinvbit

Memory: 4k page, physical 3578328k(1166800k free), swap 24056564k(20305448k free)

vm_info: Java HotSpot(TM) Client VM (25.101-b13) for windows-x86 JRE (1.8.0_101-b13), built on Jun 22 2016 00:45:44 by "java_re" with MS VC++ 10.0 (VS2010)

time: Sat Nov 10 15:53:16 2018
elapsed time: 5 seconds (0d 0h 0m 5s)

