#
# A fatal error has been detected by the Java Runtime Environment:
#
#  EXCEPTION_ACCESS_VIOLATION (0xc0000005) at pc=0x50f84da9, pid=5304, tid=0x000013a8
#
# JRE version: Java(TM) SE Runtime Environment (8.0_101-b13) (build 1.8.0_101-b13)
# Java VM: Java HotSpot(TM) Client VM (25.101-b13 mixed mode windows-x86 )
# Problematic frame:
# V  [jvm.dll+0x1b4da9]
#
# Failed to write core dump. Minidumps are not enabled by default on client versions of Windows
#
# If you would like to submit a bug report, please visit:
#   http://bugreport.java.com/bugreport/crash.jsp
#

---------------  T H R E A D  ---------------

Current thread (0x443ea800):  VMThread [stack: 0x446d0000,0x44720000] [id=5032]

siginfo: ExceptionCode=0xc0000005, reading address 0x00000088

Registers:
EAX=0x2f64e0d8, EBX=0x445afc4c, ECX=0x442a61a0, EDX=0x00000000
ESP=0x4471efa0, EBP=0x4471efb8, ESI=0x445afc48, EDI=0x511394cc
EIP=0x50f84da9, EFLAGS=0x00010206

Top of Stack: (sp=0x4471efa0)
0x4471efa0:   2f64e0d8 511394cc 445afc48 445afc4c
0x4471efb0:   511394cc 445afc48 4471efc4 50f84fac
0x4471efc0:   00000003 4471efe0 50f2883a 445afc48
0x4471efd0:   445af000 511394cc 00000000 445b40f0
0x4471efe0:   4471f1c8 50f49eef 511394cc 00000001
0x4471eff0:   445af000 00000000 00000000 00000000
0x4471f000:   00000000 4471f254 4471f07c 00000012
0x4471f010:   4471f240 511394f0 4471f2c4 ffffffff 

Instructions: (pc=0x50f84da9)
0x50f84d89:   23 f0 29 35 50 94 13 51 a3 4c 94 13 51 8b c7 eb
0x50f84d99:   09 48 a3 4c 94 13 51 8b 04 81 8b 48 04 8b 11 50
0x50f84da9:   8b 82 88 00 00 00 ff d0 8b 0d 58 94 13 51 85 c9
0x50f84db9:   0f 85 51 ff ff ff a1 7c 94 13 51 85 c0 0f 84 b8 


Register to memory mapping:

EAX=
[error occurred during error reporting (printing register info), id 0xc0000005]

Stack: [0x446d0000,0x44720000],  sp=0x4471efa0,  free space=315k
Native frames: (J=compiled Java code, j=interpreted, Vv=VM code, C=native code)
V  [jvm.dll+0x1b4da9]
V  [jvm.dll+0x1b4fac]
V  [jvm.dll+0x15883a]
V  [jvm.dll+0x179eef]
V  [jvm.dll+0x1789ea]
V  [jvm.dll+0x97fb0]
V  [jvm.dll+0x992a1]
V  [jvm.dll+0x9b020]
V  [jvm.dll+0x9b489]
V  [jvm.dll+0x9a27f]
V  [jvm.dll+0xa64b2]
V  [jvm.dll+0x98e73]
V  [jvm.dll+0x92e25]
V  [jvm.dll+0x1b81c6]
V  [jvm.dll+0x18292b]
V  [jvm.dll+0x181d31]
V  [jvm.dll+0x182147]
V  [jvm.dll+0x182342]
V  [jvm.dll+0x1c1ed6]
C  [msvcr100.dll+0x5c556]
C  [msvcr100.dll+0x5c600]
C  [kernel32.dll+0x51174]
C  [ntdll.dll+0x5b3f5]
C  [ntdll.dll+0x5b3c8]

VM_Operation (0x44a1f224): GenCollectForAllocation, mode: safepoint, requested by thread 0x445b1800


---------------  P R O C E S S  ---------------

Java Threads: ( => current thread )
  0x445af000 JavaThread "pool-2-thread-4" [_thread_blocked, id=1888, stack(0x44b60000,0x44bb0000)]
  0x445b1800 JavaThread "pool-2-thread-3" [_thread_blocked, id=6032, stack(0x449d0000,0x44a20000)]
  0x4458d400 JavaThread "pool-2-thread-2" [_thread_blocked, id=5448, stack(0x44ad0000,0x44b20000)]
  0x4458d000 JavaThread "pool-3-thread-1" [_thread_blocked, id=5508, stack(0x44670000,0x446c0000)]
  0x44588800 JavaThread "pool-2-thread-1" [_thread_blocked, id=2980, stack(0x44790000,0x447e0000)]
  0x44454000 JavaThread "Service Thread" daemon [_thread_blocked, id=6068, stack(0x44970000,0x449c0000)]
  0x4443a000 JavaThread "C1 CompilerThread0" daemon [_thread_blocked, id=5816, stack(0x44800000,0x44850000)]
  0x44439000 JavaThread "Attach Listener" daemon [_thread_blocked, id=4728, stack(0x448d0000,0x44920000)]
  0x44436000 JavaThread "Signal Dispatcher" daemon [_thread_blocked, id=6092, stack(0x44880000,0x448d0000)]
  0x44416c00 JavaThread "Finalizer" daemon [_thread_blocked, id=4180, stack(0x445f0000,0x44640000)]
  0x443f0400 JavaThread "Reference Handler" daemon [_thread_blocked, id=5020, stack(0x44720000,0x44770000)]
  0x0020bc00 JavaThread "main" [_thread_blocked, id=5988, stack(0x00590000,0x005e0000)]

Other Threads:
=>0x443ea800 VMThread [stack: 0x446d0000,0x44720000] [id=5032]
  0x44433c00 WatcherThread [stack: 0x44a30000,0x44a80000] [id=5256]

VM state:at safepoint (normal execution)

VM Mutex/Monitor currently owned by a thread:  ([mutex/lock_event])
[0x0020a230] Threads_lock - owner thread: 0x443ea800
[0x0020a640] Heap_lock - owner thread: 0x445b1800

Heap:
 def new generation   total 314560K, used 279616K [0x03c00000, 0x19150000, 0x19150000)
  eden space 279616K, 100% used [0x03c00000, 0x14d10000, 0x14d10000)
  from space 34944K,   0% used [0x16f30000, 0x16f30000, 0x19150000)
  to   space 34944K,   0% used [0x14d10000, 0x14d10000, 0x16f30000)
 tenured generation   total 699072K, used 670929K [0x19150000, 0x43c00000, 0x43c00000)
   the space 699072K,  95% used [0x19150000, 0x420846f0, 0x42084800, 0x43c00000)
 Metaspace       used 3550K, capacity 3598K, committed 3648K, reserved 4480K

Card table byte_map: [0x43c00000,0x43e10000] byte_map_base: 0x43be2000

Polling page: 0x00150000

CodeCache: size=32768Kb used=3646Kb max_used=3683Kb free=29121Kb
 bounds [0x01bf0000, 0x01f90000, 0x03bf0000]
 total_blobs=1904 nmethods=1757 adapters=77
 compilation: enabled

Compilation events (10 events):
Event: 25.786 Thread 0x4443a000 1768 % !         java.util.concurrent.ThreadPoolExecutor::runWorker @ 21 (225 bytes)
Event: 25.787 Thread 0x4443a000 nmethod 1768% 0x01d22fc8 code [0x01d231c0, 0x01d23924]
Event: 25.924 Thread 0x4443a000 1769   !         java.util.concurrent.ThreadPoolExecutor::addWorker (292 bytes)
Event: 25.926 Thread 0x4443a000 nmethod 1769 0x01e58b48 code [0x01e58d10, 0x01e592e4]
Event: 25.931 Thread 0x4443a000 1770             java.util.concurrent.ThreadPoolExecutor::isShutdown (19 bytes)
Event: 25.931 Thread 0x4443a000 nmethod 1770 0x01d4e848 code [0x01d4e940, 0x01d4e9f0]
Event: 25.995 Thread 0x4443a000 1771             com.android.dx.dex.file.AnnotationUtils::makeInnerClass (65 bytes)
Event: 25.995 Thread 0x4443a000 nmethod 1771 0x01dc9e88 code [0x01dca000, 0x01dca340]
Event: 28.625 Thread 0x4443a000 1772             java.util.HashMap$TreeNode::rotateLeft (91 bytes)
Event: 28.625 Thread 0x4443a000 nmethod 1772 0x01d4e508 code [0x01d4e600, 0x01d4e730]

GC Heap History (10 events):
Event: 18.600 GC heap after
Heap after GC invocations=102 (full 9):
 def new generation   total 314560K, used 0K [0x03c00000, 0x19150000, 0x19150000)
  eden space 279616K,   0% used [0x03c00000, 0x03c00000, 0x14d10000)
  from space 34944K,   0% used [0x14d10000, 0x14d10000, 0x16f30000)
  to   space 34944K,   0% used [0x16f30000, 0x16f30000, 0x19150000)
 tenured generation   total 699072K, used 598631K [0x19150000, 0x43c00000, 0x43c00000)
   the space 699072K,  85% used [0x19150000, 0x3d9e9cb0, 0x3d9e9e00, 0x43c00000)
 Metaspace       used 3550K, capacity 3598K, committed 3648K, reserved 4480K
}
Event: 20.055 GC heap before
{Heap before GC invocations=102 (full 9):
 def new generation   total 314560K, used 279616K [0x03c00000, 0x19150000, 0x19150000)
  eden space 279616K, 100% used [0x03c00000, 0x14d10000, 0x14d10000)
  from space 34944K,   0% used [0x14d10000, 0x14d10000, 0x16f30000)
  to   space 34944K,   0% used [0x16f30000, 0x16f30000, 0x19150000)
 tenured generation   total 699072K, used 598631K [0x19150000, 0x43c00000, 0x43c00000)
   the space 699072K,  85% used [0x19150000, 0x3d9e9cb0, 0x3d9e9e00, 0x43c00000)
 Metaspace       used 3550K, capacity 3598K, committed 3648K, reserved 4480K
Event: 20.169 GC heap after
Heap after GC invocations=103 (full 9):
 def new generation   total 314560K, used 34943K [0x03c00000, 0x19150000, 0x19150000)
  eden space 279616K,   0% used [0x03c00000, 0x03c00000, 0x14d10000)
  from space 34944K,  99% used [0x16f30000, 0x1914fff8, 0x19150000)
  to   space 34944K,   0% used [0x14d10000, 0x14d10000, 0x16f30000)
 tenured generation   total 699072K, used 682098K [0x19150000, 0x43c00000, 0x43c00000)
   the space 699072K,  97% used [0x19150000, 0x42b6cb60, 0x42b6cc00, 0x43c00000)
 Metaspace       used 3550K, capacity 3598K, committed 3648K, reserved 4480K
}
Event: 21.181 GC heap before
{Heap before GC invocations=103 (full 9):
 def new generation   total 314560K, used 314559K [0x03c00000, 0x19150000, 0x19150000)
  eden space 279616K, 100% used [0x03c00000, 0x14d10000, 0x14d10000)
  from space 34944K,  99% used [0x16f30000, 0x1914fff8, 0x19150000)
  to   space 34944K,   0% used [0x14d10000, 0x14d10000, 0x16f30000)
 tenured generation   total 699072K, used 682098K [0x19150000, 0x43c00000, 0x43c00000)
   the space 699072K,  97% used [0x19150000, 0x42b6cb60, 0x42b6cc00, 0x43c00000)
 Metaspace       used 3550K, capacity 3598K, committed 3648K, reserved 4480K
Event: 22.626 GC heap after
Heap after GC invocations=104 (full 10):
 def new generation   total 314560K, used 0K [0x03c00000, 0x19150000, 0x19150000)
  eden space 279616K,   0% used [0x03c00000, 0x03c00000, 0x14d10000)
  from space 34944K,   0% used [0x16f30000, 0x16f30000, 0x19150000)
  to   space 34944K,   0% used [0x14d10000, 0x14d10000, 0x16f30000)
 tenured generation   total 699072K, used 638862K [0x19150000, 0x43c00000, 0x43c00000)
   the space 699072K,  91% used [0x19150000, 0x401338e0, 0x40133a00, 0x43c00000)
 Metaspace       used 3550K, capacity 3598K, committed 3648K, reserved 4480K
}
Event: 24.037 GC heap before
{Heap before GC invocations=104 (full 10):
 def new generation   total 314560K, used 279616K [0x03c00000, 0x19150000, 0x19150000)
  eden space 279616K, 100% used [0x03c00000, 0x14d10000, 0x14d10000)
  from space 34944K,   0% used [0x16f30000, 0x16f30000, 0x19150000)
  to   space 34944K,   0% used [0x14d10000, 0x14d10000, 0x16f30000)
 tenured generation   total 699072K, used 638862K [0x19150000, 0x43c00000, 0x43c00000)
   the space 699072K,  91% used [0x19150000, 0x401338e0, 0x40133a00, 0x43c00000)
 Metaspace       used 3550K, capacity 3598K, committed 3648K, reserved 4480K
Event: 25.520 GC heap after
Heap after GC invocations=105 (full 11):
 def new generation   total 314560K, used 0K [0x03c00000, 0x19150000, 0x19150000)
  eden space 279616K,   0% used [0x03c00000, 0x03c00000, 0x14d10000)
  from space 34944K,   0% used [0x16f30000, 0x16f30000, 0x19150000)
  to   space 34944K,   0% used [0x14d10000, 0x14d10000, 0x16f30000)
 tenured generation   total 699072K, used 660019K [0x19150000, 0x43c00000, 0x43c00000)
   the space 699072K,  94% used [0x19150000, 0x415dcf80, 0x415dd000, 0x43c00000)
 Metaspace       used 3550K, capacity 3598K, committed 3648K, reserved 4480K
}
Event: 26.005 GC heap before
{Heap before GC invocations=105 (full 11):
 def new generation   total 314560K, used 279616K [0x03c00000, 0x19150000, 0x19150000)
  eden space 279616K, 100% used [0x03c00000, 0x14d10000, 0x14d10000)
  from space 34944K,   0% used [0x16f30000, 0x16f30000, 0x19150000)
  to   space 34944K,   0% used [0x14d10000, 0x14d10000, 0x16f30000)
 tenured generation   total 699072K, used 660019K [0x19150000, 0x43c00000, 0x43c00000)
   the space 699072K,  94% used [0x19150000, 0x415dcf80, 0x415dd000, 0x43c00000)
 Metaspace       used 3550K, capacity 3598K, committed 3648K, reserved 4480K
Event: 28.077 GC heap after
Heap after GC invocations=106 (full 12):
 def new generation   total 314560K, used 0K [0x03c00000, 0x19150000, 0x19150000)
  eden space 279616K,   0% used [0x03c00000, 0x03c00000, 0x14d10000)
  from space 34944K,   0% used [0x16f30000, 0x16f30000, 0x19150000)
  to   space 34944K,   0% used [0x14d10000, 0x14d10000, 0x16f30000)
 tenured generation   total 699072K, used 670929K [0x19150000, 0x43c00000, 0x43c00000)
   the space 699072K,  95% used [0x19150000, 0x420846f0, 0x42084800, 0x43c00000)
 Metaspace       used 3550K, capacity 3598K, committed 3648K, reserved 4480K
}
Event: 28.679 GC heap before
{Heap before GC invocations=106 (full 12):
 def new generation   total 314560K, used 279616K [0x03c00000, 0x19150000, 0x19150000)
  eden space 279616K, 100% used [0x03c00000, 0x14d10000, 0x14d10000)
  from space 34944K,   0% used [0x16f30000, 0x16f30000, 0x19150000)
  to   space 34944K,   0% used [0x14d10000, 0x14d10000, 0x16f30000)
 tenured generation   total 699072K, used 670929K [0x19150000, 0x43c00000, 0x43c00000)
   the space 699072K,  95% used [0x19150000, 0x420846f0, 0x42084800, 0x43c00000)
 Metaspace       used 3550K, capacity 3598K, committed 3648K, reserved 4480K

Deoptimization events (0 events):
No events

Internal exceptions (5 events):
Event: 0.040 Thread 0x0020bc00 Exception <a 'java/lang/NoSuchMethodError': Method sun.misc.Unsafe.defineClass(Ljava/lang/String;[BII)Ljava/lang/Class; name or signature does not match> (0x03c06ea8) thrown at [C:\re\workspace\8-2-build-windows-i586-cygwin\jdk8u101\7261\hotspot\src\share\YŠœÈ~¤?
Event: 0.040 Thread 0x0020bc00 Exception <a 'java/lang/NoSuchMethodError': Method sun.misc.Unsafe.prefetchRead(Ljava/lang/Object;J)V name or signature does not match> (0x03c07178) thrown at [C:\re\workspace\8-2-build-windows-i586-cygwin\jdk8u101\7261\hotspot\src\share\vm\prims\jni.cpp,  nû¼>;î?
Event: 0.945 Thread 0x445b1800 Exception <a 'java/lang/ArrayIndexOutOfBoundsException': 18> (0x041b8c10) thrown at [C:\re\workspace\8-2-build-windows-i586-cygwin\jdk8u101\7261\hotspot\src\share\vm\interpreter\interpreterRuntime.cpp, line 366]
Event: 0.945 Thread 0x445b1800 Exception <a 'java/lang/ArrayIndexOutOfBoundsException': 145> (0x041ba4b0) thrown at [C:\re\workspace\8-2-build-windows-i586-cygwin\jdk8u101\7261\hotspot\src\share\vm\interpreter\interpreterRuntime.cpp, line 366]
Event: 0.946 Thread 0x445b1800 Exception <a 'java/lang/ArrayIndexOutOfBoundsException': 40> (0x041bb590) thrown at [C:\re\workspace\8-2-build-windows-i586-cygwin\jdk8u101\7261\hotspot\src\share\vm\interpreter\interpreterRuntime.cpp, line 366]

Events (10 events):
Event: 25.787 Thread 0x4443a000 flushing nmethod 0x01daa108
Event: 25.787 Thread 0x4443a000 flushing nmethod 0x01dc9dc8
Event: 25.787 Thread 0x4443a000 flushing nmethod 0x01dda7c8
Event: 25.788 Thread 0x4443a000 flushing nmethod 0x01df8048
Event: 25.788 Thread 0x4443a000 flushing nmethod 0x01df93c8
Event: 25.788 Thread 0x4443a000 flushing nmethod 0x01e57ac8
Event: 25.926 Thread 0x4443a000 flushing nmethod 0x01edc248
Event: 26.005 Executing VM operation: GenCollectForAllocation
Event: 28.077 Executing VM operation: GenCollectForAllocation done
Event: 28.679 Executing VM operation: GenCollectForAllocation


Dynamic libraries:
0x00ce0000 - 0x00d13000 	C:\Program Files\Java\jdk1.8.0_101\bin\java.exe
0x771a0000 - 0x772dc000 	C:\Windows\SYSTEM32\ntdll.dll
0x76f50000 - 0x77024000 	C:\Windows\system32\kernel32.dll
0x755a0000 - 0x755ea000 	C:\Windows\system32\KERNELBASE.dll
0x756d0000 - 0x75770000 	C:\Windows\system32\ADVAPI32.dll
0x75770000 - 0x7581c000 	C:\Windows\system32\msvcrt.dll
0x769a0000 - 0x769b9000 	C:\Windows\SYSTEM32\sechost.dll
0x75620000 - 0x756c1000 	C:\Windows\system32\RPCRT4.dll
0x75a70000 - 0x75b39000 	C:\Windows\system32\USER32.dll
0x772f0000 - 0x7733e000 	C:\Windows\system32\GDI32.dll
0x75a50000 - 0x75a5a000 	C:\Windows\system32\LPK.dll
0x77030000 - 0x770cd000 	C:\Windows\system32\USP10.dll
0x74060000 - 0x741fe000 	C:\Windows\WinSxS\x86_microsoft.windows.common-controls_6595b64144ccf1df_6.0.7600.16385_none_421189da2b7fabfc\COMCTL32.dll
0x76ef0000 - 0x76f47000 	C:\Windows\system32\SHLWAPI.dll
0x755f0000 - 0x7560f000 	C:\Windows\system32\IMM32.DLL
0x770d0000 - 0x7719c000 	C:\Windows\system32\MSCTF.dll
0x54260000 - 0x5431f000 	C:\Program Files\Java\jdk1.8.0_101\jre\bin\msvcr100.dll
0x50dd0000 - 0x5119c000 	C:\Program Files\Java\jdk1.8.0_101\jre\bin\client\jvm.dll
0x70940000 - 0x70947000 	C:\Windows\system32\WSOCK32.dll
0x76a20000 - 0x76a55000 	C:\Windows\system32\WS2_32.dll
0x772e0000 - 0x772e6000 	C:\Windows\system32\NSI.dll
0x709e0000 - 0x70a12000 	C:\Windows\system32\WINMM.dll
0x747f0000 - 0x747f9000 	C:\Windows\system32\VERSION.dll
0x75a60000 - 0x75a65000 	C:\Windows\system32\PSAPI.DLL
0x6c2e0000 - 0x6c2ec000 	C:\Program Files\Java\jdk1.8.0_101\jre\bin\verify.dll
0x6c2b0000 - 0x6c2d1000 	C:\Program Files\Java\jdk1.8.0_101\jre\bin\java.dll
0x6c290000 - 0x6c2a3000 	C:\Program Files\Java\jdk1.8.0_101\jre\bin\zip.dll
0x75cd0000 - 0x76919000 	C:\Windows\system32\SHELL32.dll
0x76a60000 - 0x76bbc000 	C:\Windows\system32\ole32.dll
0x752f0000 - 0x752fb000 	C:\Windows\system32\profapi.dll
0x73050000 - 0x7313b000 	C:\Windows\system32\dbghelp.dll

VM Arguments:
jvm_args: -Djava.awt.headless=true -Xmx1024M -Dfile.encoding=windows-1252 -Duser.country=US -Duser.language=en -Duser.variant 
java_command: com.android.dx.command.Main --dex --num-threads=4 --multi-dex --main-dex-list E:\SandeepProjectResources\MobipugNew\Mobipug27.10.18\MobipugSource\app\build\intermediates\multi-dex\debug\maindexlist.txt --output E:\SandeepProjectResources\MobipugNew\Mobipug27.10.18\MobipugSource\app\build\intermediates\transforms\dex\debug\folders\1000\1f\main E:\SandeepProjectResources\MobipugNew\Mobipug27.10.18\MobipugSource\app\build\intermediates\transforms\jarMerging\debug\jars\1\1f\combined.jar
java_class_path (initial): C:\Users\android-4\AppData\Local\Android\Sdk\build-tools\26.0.2\lib\dx.jar
Launcher Type: SUN_STANDARD

Environment Variables:
PATH=C:\ProgramData\Oracle\Java\javapath;C:\Windows\system32;C:\Windows;C:\Windows\System32\Wbem;C:\Windows\System32\WindowsPowerShell\v1.0\;C:\Program Files\Intel\OpenCL SDK\2.0\bin\x86;C:\Program Files\Skype\Phone\
USERNAME=android-4
OS=Windows_NT
PROCESSOR_IDENTIFIER=x86 Family 6 Model 42 Stepping 7, GenuineIntel



---------------  S Y S T E M  ---------------

OS: Windows 7 Build 7600 (6.1.7600.16385)

CPU:total 4 (2 cores per cpu, 2 threads per core) family 6 model 42 stepping 7, cmov, cx8, fxsr, mmx, sse, sse2, sse3, ssse3, sse4.1, sse4.2, popcnt, clmul, ht, tsc, tscinvbit

Memory: 4k page, physical 3578328k(148488k free), swap 24056564k(19141644k free)

vm_info: Java HotSpot(TM) Client VM (25.101-b13) for windows-x86 JRE (1.8.0_101-b13), built on Jun 22 2016 00:45:44 by "java_re" with MS VC++ 10.0 (VS2010)

time: Wed Nov 14 16:51:56 2018
elapsed time: 29 seconds (0d 0h 0m 29s)

