#
# A fatal error has been detected by the Java Runtime Environment:
#
#  EXCEPTION_ACCESS_VIOLATION (0xc0000005) at pc=0x011eb8f8, pid=3052, tid=0x000002f4
#
# JRE version: Java(TM) SE Runtime Environment (8.0_101-b13) (build 1.8.0_101-b13)
# Java VM: Java HotSpot(TM) Client VM (25.101-b13 mixed mode windows-x86 )
# Problematic frame:
# C  0x011eb8f8
#
# Failed to write core dump. Minidumps are not enabled by default on client versions of Windows
#
# If you would like to submit a bug report, please visit:
#   http://bugreport.java.com/bugreport/crash.jsp
#

---------------  T H R E A D  ---------------

Current thread (0x443ea800):  VMThread [stack: 0x017f0000,0x01840000] [id=756]

siginfo: ExceptionCode=0xc0000005, ExceptionInformation=0x00000008 0x011eb8f8

Registers:
EAX=0x011eb8f8, EBX=0x00000002, ECX=0x43fedb08, EDX=0x43feb748
ESP=0x0183f3bc, EBP=0x0183f3d8, ESI=0x00000000, EDI=0x33c5fe28
EIP=0x011eb8f8, EFLAGS=0x00010206

Top of Stack: (sp=0x0183f3bc)
0x0183f3bc:   504d4db1 33d420d8 506894cc 4458bb60
0x0183f3cc:   4458bb64 506894cc 00000200 0183f3e4
0x0183f3dc:   504d4fac 00000003 0183f400 5047883a
0x0183f3ec:   4458bb60 445b7000 506894cc 00000000
0x0183f3fc:   4458e830 0183f5e8 50499eef 506894cc
0x0183f40c:   00000001 445b7000 00000000 00000000
0x0183f41c:   00000000 00000000 0183f674 0183f49c
0x0183f42c:   00000012 0183f660 506894f0 0183f6e4 

Instructions: (pc=0x011eb8f8)
0x011eb8d8:   03 00 ff ff d6 ee f0 6e 28 29 56 00 00 00 00 00
0x011eb8e8:   03 00 ff ff 81 5c d0 0b 28 29 5a 00 00 00 00 00
0x011eb8f8:   03 00 ff ff 36 1f 69 1c 28 29 42 00 00 00 00 00
0x011eb908:   03 00 ff ff cc 20 80 39 28 29 43 00 00 00 00 00 


Register to memory mapping:

EAX=0x011eb8f8 is an unknown value
EBX=0x00000002 is an unknown value
ECX=0x43fedb08 is pointing into metadata
EDX=0x43feb748 is pointing into metadata
ESP=0x0183f3bc is an unknown value
EBP=0x0183f3d8 is an unknown value
ESI=0x00000000 is an unknown value
EDI=0x33c5fe28 is an oop
com.android.dx.dex.code.CodeAddress 
 - klass: 'com/android/dx/dex/code/CodeAddress'


Stack: [0x017f0000,0x01840000],  sp=0x0183f3bc,  free space=316k
Native frames: (J=compiled Java code, j=interpreted, Vv=VM code, C=native code)
C  0x011eb8f8
V  [jvm.dll+0x1b4fac]
V  [jvm.dll+0x15883a]
V  [jvm.dll+0x179eef]
V  [jvm.dll+0x1789ea]
V  [jvm.dll+0x97fb0]
V  [jvm.dll+0x992a1]
V  [jvm.dll+0x9b020]
V  [jvm.dll+0x9b489]
V  [jvm.dll+0x9a27f]
V  [jvm.dll+0xa64b2]
V  [jvm.dll+0x98e73]
V  [jvm.dll+0x92e25]
V  [jvm.dll+0x1b81c6]
V  [jvm.dll+0x18292b]
V  [jvm.dll+0x181d31]
V  [jvm.dll+0x182147]
V  [jvm.dll+0x182342]
V  [jvm.dll+0x1c1ed6]
C  [msvcr100.dll+0x5c556]
C  [msvcr100.dll+0x5c600]
C  [kernel32.dll+0x51174]
C  [ntdll.dll+0x5b3f5]
C  [ntdll.dll+0x5b3c8]

VM_Operation (0x44d1edc8): GenCollectForAllocation, mode: safepoint, requested by thread 0x445b7000


---------------  P R O C E S S  ---------------

Java Threads: ( => current thread )
  0x445b7000 JavaThread "pool-2-thread-4" [_thread_blocked, id=2176, stack(0x44cd0000,0x44d20000)]
  0x445b6800 JavaThread "pool-2-thread-3" [_thread_blocked, id=5992, stack(0x44b40000,0x44b90000)]
  0x445b6000 JavaThread "pool-2-thread-2" [_thread_blocked, id=3108, stack(0x44c30000,0x44c80000)]
  0x445b5800 JavaThread "pool-3-thread-1" [_thread_blocked, id=5268, stack(0x448f0000,0x44940000)]
  0x4458e000 JavaThread "pool-2-thread-1" [_thread_blocked, id=4496, stack(0x44ac0000,0x44b10000)]
  0x4444cc00 JavaThread "Service Thread" daemon [_thread_blocked, id=5772, stack(0x449e0000,0x44a30000)]
  0x4443a400 JavaThread "C1 CompilerThread0" daemon [_thread_blocked, id=928, stack(0x44830000,0x44880000)]
  0x44439000 JavaThread "Attach Listener" daemon [_thread_blocked, id=4788, stack(0x01880000,0x018d0000)]
  0x44436000 JavaThread "Signal Dispatcher" daemon [_thread_blocked, id=4904, stack(0x447a0000,0x447f0000)]
  0x44416c00 JavaThread "Finalizer" daemon [_thread_blocked, id=5436, stack(0x445f0000,0x44640000)]
  0x443f0400 JavaThread "Reference Handler" daemon [_thread_blocked, id=616, stack(0x44720000,0x44770000)]
  0x0115bc00 JavaThread "main" [_thread_blocked, id=4140, stack(0x018d0000,0x01920000)]

Other Threads:
=>0x443ea800 VMThread [stack: 0x017f0000,0x01840000] [id=756]
  0x44430400 WatcherThread [stack: 0x44a60000,0x44ab0000] [id=5860]

VM state:at safepoint (normal execution)

VM Mutex/Monitor currently owned by a thread:  ([mutex/lock_event])
[0x0115a230] Threads_lock - owner thread: 0x443ea800
[0x0115a640] Heap_lock - owner thread: 0x445b7000

Heap:
 def new generation   total 191552K, used 21247K [0x03c00000, 0x10bd0000, 0x19150000)
  eden space 170304K,   0% used [0x03c00000, 0x03c00000, 0x0e250000)
  from space 21248K,  99% used [0x0e250000, 0x0f70fff8, 0x0f710000)
  to   space 21248K,   0% used [0x0f710000, 0x0f710000, 0x10bd0000)
 tenured generation   total 441472K, used 441402K [0x19150000, 0x34070000, 0x43c00000)
   the space 441472K,  99% used [0x19150000, 0x3405ea28, 0x3405ec00, 0x34070000)
 Metaspace       used 3546K, capacity 3598K, committed 3648K, reserved 4480K

Card table byte_map: [0x43c00000,0x43e10000] byte_map_base: 0x43be2000

Polling page: 0x01080000

CodeCache: size=32768Kb used=3563Kb max_used=3563Kb free=29205Kb
 bounds [0x01bf0000, 0x01f70000, 0x03bf0000]
 total_blobs=1876 nmethods=1729 adapters=77
 compilation: enabled

Compilation events (10 events):
Event: 9.111 Thread 0x4443a400 1727             java.util.HashMap::treeifyBin (110 bytes)
Event: 9.112 Thread 0x4443a400 nmethod 1727 0x01f69748 code [0x01f69880, 0x01f69aa4]
Event: 9.282 Thread 0x4443a400 1728             com.android.dx.dex.code.TargetInsn::<init> (29 bytes)
Event: 9.282 Thread 0x4443a400 nmethod 1728 0x01f69d48 code [0x01f69e60, 0x01f69f88]
Event: 9.408 Thread 0x4443a400 1729             com.android.dx.rop.code.Rops::opAget (97 bytes)
Event: 9.409 Thread 0x4443a400 nmethod 1729 0x01f6a048 code [0x01f6a1c0, 0x01f6a538]
Event: 9.412 Thread 0x4443a400 1730             java.util.HashMap::compareComparables (27 bytes)
Event: 9.412 Thread 0x4443a400 nmethod 1730 0x01f6a7c8 code [0x01f6a8d0, 0x01f6a9cc]
Event: 9.467 Thread 0x4443a400 1731             com.android.dx.rop.code.SwitchInsn::getCatches (4 bytes)
Event: 9.467 Thread 0x4443a400 nmethod 1731 0x01f6aa88 code [0x01f6ab80, 0x01f6ac00]

GC Heap History (10 events):
Event: 8.073 GC heap after
Heap after GC invocations=91 (full 7):
 def new generation   total 191552K, used 21248K [0x03c00000, 0x10bd0000, 0x19150000)
  eden space 170304K,   0% used [0x03c00000, 0x03c00000, 0x0e250000)
  from space 21248K, 100% used [0x0f710000, 0x10bd0000, 0x10bd0000)
  to   space 21248K,   0% used [0x0e250000, 0x0e250000, 0x0f710000)
 tenured generation   total 425472K, used 320013K [0x19150000, 0x330d0000, 0x43c00000)
   the space 425472K,  75% used [0x19150000, 0x2c9d3788, 0x2c9d3800, 0x330d0000)
 Metaspace       used 3546K, capacity 3598K, committed 3648K, reserved 4480K
}
Event: 8.348 GC heap before
{Heap before GC invocations=91 (full 7):
 def new generation   total 191552K, used 191552K [0x03c00000, 0x10bd0000, 0x19150000)
  eden space 170304K, 100% used [0x03c00000, 0x0e250000, 0x0e250000)
  from space 21248K, 100% used [0x0f710000, 0x10bd0000, 0x10bd0000)
  to   space 21248K,   0% used [0x0e250000, 0x0e250000, 0x0f710000)
 tenured generation   total 425472K, used 320013K [0x19150000, 0x330d0000, 0x43c00000)
   the space 425472K,  75% used [0x19150000, 0x2c9d3788, 0x2c9d3800, 0x330d0000)
 Metaspace       used 3546K, capacity 3598K, committed 3648K, reserved 4480K
Event: 8.457 GC heap after
Heap after GC invocations=92 (full 7):
 def new generation   total 191552K, used 21248K [0x03c00000, 0x10bd0000, 0x19150000)
  eden space 170304K,   0% used [0x03c00000, 0x03c00000, 0x0e250000)
  from space 21248K, 100% used [0x0e250000, 0x0f710000, 0x0f710000)
  to   space 21248K,   0% used [0x0f710000, 0x0f710000, 0x10bd0000)
 tenured generation   total 425472K, used 343470K [0x19150000, 0x330d0000, 0x43c00000)
   the space 425472K,  80% used [0x19150000, 0x2e0bbb48, 0x2e0bbc00, 0x330d0000)
 Metaspace       used 3546K, capacity 3598K, committed 3648K, reserved 4480K
}
Event: 8.726 GC heap before
{Heap before GC invocations=92 (full 7):
 def new generation   total 191552K, used 191552K [0x03c00000, 0x10bd0000, 0x19150000)
  eden space 170304K, 100% used [0x03c00000, 0x0e250000, 0x0e250000)
  from space 21248K, 100% used [0x0e250000, 0x0f710000, 0x0f710000)
  to   space 21248K,   0% used [0x0f710000, 0x0f710000, 0x10bd0000)
 tenured generation   total 425472K, used 343470K [0x19150000, 0x330d0000, 0x43c00000)
   the space 425472K,  80% used [0x19150000, 0x2e0bbb48, 0x2e0bbc00, 0x330d0000)
 Metaspace       used 3546K, capacity 3598K, committed 3648K, reserved 4480K
Event: 8.839 GC heap after
Heap after GC invocations=93 (full 7):
 def new generation   total 191552K, used 21247K [0x03c00000, 0x10bd0000, 0x19150000)
  eden space 170304K,   0% used [0x03c00000, 0x03c00000, 0x0e250000)
  from space 21248K,  99% used [0x0f710000, 0x10bcfff8, 0x10bd0000)
  to   space 21248K,   0% used [0x0e250000, 0x0e250000, 0x0f710000)
 tenured generation   total 425472K, used 368801K [0x19150000, 0x330d0000, 0x43c00000)
   the space 425472K,  86% used [0x19150000, 0x2f9787b8, 0x2f978800, 0x330d0000)
 Metaspace       used 3546K, capacity 3598K, committed 3648K, reserved 4480K
}
Event: 9.133 GC heap before
{Heap before GC invocations=93 (full 7):
 def new generation   total 191552K, used 191551K [0x03c00000, 0x10bd0000, 0x19150000)
  eden space 170304K, 100% used [0x03c00000, 0x0e250000, 0x0e250000)
  from space 21248K,  99% used [0x0f710000, 0x10bcfff8, 0x10bd0000)
  to   space 21248K,   0% used [0x0e250000, 0x0e250000, 0x0f710000)
 tenured generation   total 425472K, used 368801K [0x19150000, 0x330d0000, 0x43c00000)
   the space 425472K,  86% used [0x19150000, 0x2f9787b8, 0x2f978800, 0x330d0000)
 Metaspace       used 3546K, capacity 3598K, committed 3648K, reserved 4480K
Event: 9.250 GC heap after
Heap after GC invocations=94 (full 7):
 def new generation   total 191552K, used 21248K [0x03c00000, 0x10bd0000, 0x19150000)
  eden space 170304K,   0% used [0x03c00000, 0x03c00000, 0x0e250000)
  from space 21248K, 100% used [0x0e250000, 0x0f710000, 0x0f710000)
  to   space 21248K,   0% used [0x0f710000, 0x0f710000, 0x10bd0000)
 tenured generation   total 425472K, used 393481K [0x19150000, 0x330d0000, 0x43c00000)
   the space 425472K,  92% used [0x19150000, 0x311924d0, 0x31192600, 0x330d0000)
 Metaspace       used 3546K, capacity 3598K, committed 3648K, reserved 4480K
}
Event: 9.528 GC heap before
{Heap before GC invocations=94 (full 7):
 def new generation   total 191552K, used 191552K [0x03c00000, 0x10bd0000, 0x19150000)
  eden space 170304K, 100% used [0x03c00000, 0x0e250000, 0x0e250000)
  from space 21248K, 100% used [0x0e250000, 0x0f710000, 0x0f710000)
  to   space 21248K,   0% used [0x0f710000, 0x0f710000, 0x10bd0000)
 tenured generation   total 425472K, used 393481K [0x19150000, 0x330d0000, 0x43c00000)
   the space 425472K,  92% used [0x19150000, 0x311924d0, 0x31192600, 0x330d0000)
 Metaspace       used 3546K, capacity 3598K, committed 3648K, reserved 4480K
Event: 9.635 GC heap after
Heap after GC invocations=95 (full 7):
 def new generation   total 191552K, used 21248K [0x03c00000, 0x10bd0000, 0x19150000)
  eden space 170304K,   0% used [0x03c00000, 0x03c00000, 0x0e250000)
  from space 21248K, 100% used [0x0f710000, 0x10bd0000, 0x10bd0000)
  to   space 21248K,   0% used [0x0e250000, 0x0e250000, 0x0f710000)
 tenured generation   total 425472K, used 417369K [0x19150000, 0x330d0000, 0x43c00000)
   the space 425472K,  98% used [0x19150000, 0x328e6660, 0x328e6800, 0x330d0000)
 Metaspace       used 3546K, capacity 3598K, committed 3648K, reserved 4480K
}
Event: 9.903 GC heap before
{Heap before GC invocations=95 (full 7):
 def new generation   total 191552K, used 191552K [0x03c00000, 0x10bd0000, 0x19150000)
  eden space 170304K, 100% used [0x03c00000, 0x0e250000, 0x0e250000)
  from space 21248K, 100% used [0x0f710000, 0x10bd0000, 0x10bd0000)
  to   space 21248K,   0% used [0x0e250000, 0x0e250000, 0x0f710000)
 tenured generation   total 425472K, used 417369K [0x19150000, 0x330d0000, 0x43c00000)
   the space 425472K,  98% used [0x19150000, 0x328e6660, 0x328e6800, 0x330d0000)
 Metaspace       used 3546K, capacity 3598K, committed 3648K, reserved 4480K

Deoptimization events (0 events):
No events

Internal exceptions (5 events):
Event: 0.026 Thread 0x0115bc00 Exception <a 'java/lang/NoSuchMethodError': Method sun.misc.Unsafe.defineClass(Ljava/lang/String;[BII)Ljava/lang/Class; name or signature does not match> (0x03c06ea8) thrown at [C:\re\workspace\8-2-build-windows-i586-cygwin\jdk8u101\7261\hotspot\src\share\ŠuT*H›?
Event: 0.026 Thread 0x0115bc00 Exception <a 'java/lang/NoSuchMethodError': Method sun.misc.Unsafe.prefetchRead(Ljava/lang/Object;J)V name or signature does not match> (0x03c07178) thrown at [C:\re\workspace\8-2-build-windows-i586-cygwin\jdk8u101\7261\hotspot\src\share\vm\prims\jni.cpp, ­C¶Óµê?
Event: 0.835 Thread 0x4458e000 Exception <a 'java/lang/ArrayIndexOutOfBoundsException': 18> (0x03d8a368) thrown at [C:\re\workspace\8-2-build-windows-i586-cygwin\jdk8u101\7261\hotspot\src\share\vm\interpreter\interpreterRuntime.cpp, line 366]
Event: 0.835 Thread 0x4458e000 Exception <a 'java/lang/ArrayIndexOutOfBoundsException': 145> (0x03dd7320) thrown at [C:\re\workspace\8-2-build-windows-i586-cygwin\jdk8u101\7261\hotspot\src\share\vm\interpreter\interpreterRuntime.cpp, line 366]
Event: 0.835 Thread 0x4458e000 Exception <a 'java/lang/ArrayIndexOutOfBoundsException': 40> (0x03dd8400) thrown at [C:\re\workspace\8-2-build-windows-i586-cygwin\jdk8u101\7261\hotspot\src\share\vm\interpreter\interpreterRuntime.cpp, line 366]

Events (10 events):
Event: 8.073 Executing VM operation: GenCollectForAllocation done
Event: 8.348 Executing VM operation: GenCollectForAllocation
Event: 8.457 Executing VM operation: GenCollectForAllocation done
Event: 8.726 Executing VM operation: GenCollectForAllocation
Event: 8.839 Executing VM operation: GenCollectForAllocation done
Event: 9.133 Executing VM operation: GenCollectForAllocation
Event: 9.250 Executing VM operation: GenCollectForAllocation done
Event: 9.528 Executing VM operation: GenCollectForAllocation
Event: 9.635 Executing VM operation: GenCollectForAllocation done
Event: 9.903 Executing VM operation: GenCollectForAllocation


Dynamic libraries:
0x013b0000 - 0x013e3000 	C:\Program Files\Java\jdk1.8.0_101\bin\java.exe
0x77b90000 - 0x77ccc000 	C:\Windows\SYSTEM32\ntdll.dll
0x760c0000 - 0x76194000 	C:\Windows\system32\kernel32.dll
0x75d60000 - 0x75daa000 	C:\Windows\system32\KERNELBASE.dll
0x76440000 - 0x764e0000 	C:\Windows\system32\ADVAPI32.dll
0x76870000 - 0x7691c000 	C:\Windows\system32\msvcrt.dll
0x77940000 - 0x77959000 	C:\Windows\SYSTEM32\sechost.dll
0x76270000 - 0x76311000 	C:\Windows\system32\RPCRT4.dll
0x77960000 - 0x77a29000 	C:\Windows\system32\USER32.dll
0x75fe0000 - 0x7602e000 	C:\Windows\system32\GDI32.dll
0x76920000 - 0x7692a000 	C:\Windows\system32\LPK.dll
0x761d0000 - 0x7626d000 	C:\Windows\system32\USP10.dll
0x749f0000 - 0x74b8e000 	C:\Windows\WinSxS\x86_microsoft.windows.common-controls_6595b64144ccf1df_6.0.7600.16385_none_421189da2b7fabfc\COMCTL32.dll
0x76730000 - 0x76787000 	C:\Windows\system32\SHLWAPI.dll
0x76320000 - 0x7633f000 	C:\Windows\system32\IMM32.DLL
0x76790000 - 0x7685c000 	C:\Windows\system32\MSCTF.dll
0x69820000 - 0x698df000 	C:\Program Files\Java\jdk1.8.0_101\jre\bin\msvcr100.dll
0x50320000 - 0x506ec000 	C:\Program Files\Java\jdk1.8.0_101\jre\bin\client\jvm.dll
0x71290000 - 0x71297000 	C:\Windows\system32\WSOCK32.dll
0x77cd0000 - 0x77d05000 	C:\Windows\system32\WS2_32.dll
0x76860000 - 0x76866000 	C:\Windows\system32\NSI.dll
0x71490000 - 0x714c2000 	C:\Windows\system32\WINMM.dll
0x75020000 - 0x75029000 	C:\Windows\system32\VERSION.dll
0x77da0000 - 0x77da5000 	C:\Windows\system32\PSAPI.DLL
0x62550000 - 0x6255c000 	C:\Program Files\Java\jdk1.8.0_101\jre\bin\verify.dll
0x62520000 - 0x62541000 	C:\Program Files\Java\jdk1.8.0_101\jre\bin\java.dll
0x62500000 - 0x62513000 	C:\Program Files\Java\jdk1.8.0_101\jre\bin\zip.dll
0x76a70000 - 0x776b9000 	C:\Windows\system32\SHELL32.dll
0x77a30000 - 0x77b8c000 	C:\Windows\system32\ole32.dll
0x75ce0000 - 0x75ceb000 	C:\Windows\system32\profapi.dll
0x739f0000 - 0x73adb000 	C:\Windows\system32\dbghelp.dll

VM Arguments:
jvm_args: -Djava.awt.headless=true -Xmx1024M -Dfile.encoding=windows-1252 -Duser.country=US -Duser.language=en -Duser.variant 
java_command: com.android.dx.command.Main --dex --num-threads=4 --multi-dex --main-dex-list E:\SandeepProjectResources\MobipugNew\Mobipug27.10.18\MobipugSource\app\build\intermediates\multi-dex\debug\maindexlist.txt --output E:\SandeepProjectResources\MobipugNew\Mobipug27.10.18\MobipugSource\app\build\intermediates\transforms\dex\debug\folders\1000\1f\main E:\SandeepProjectResources\MobipugNew\Mobipug27.10.18\MobipugSource\app\build\intermediates\transforms\jarMerging\debug\jars\1\1f\combined.jar
java_class_path (initial): C:\Users\android-4\AppData\Local\Android\Sdk\build-tools\26.0.2\lib\dx.jar
Launcher Type: SUN_STANDARD

Environment Variables:
PATH=C:\ProgramData\Oracle\Java\javapath;C:\Windows\system32;C:\Windows;C:\Windows\System32\Wbem;C:\Windows\System32\WindowsPowerShell\v1.0\;C:\Program Files\Intel\OpenCL SDK\2.0\bin\x86;C:\Program Files\Skype\Phone\
USERNAME=android-4
OS=Windows_NT
PROCESSOR_IDENTIFIER=x86 Family 6 Model 42 Stepping 7, GenuineIntel



---------------  S Y S T E M  ---------------

OS: Windows 7 Build 7600 (6.1.7600.16385)

CPU:total 4 (2 cores per cpu, 2 threads per core) family 6 model 42 stepping 7, cmov, cx8, fxsr, mmx, sse, sse2, sse3, ssse3, sse4.1, sse4.2, popcnt, clmul, ht, tsc, tscinvbit

Memory: 4k page, physical 3578328k(495228k free), swap 24056564k(19251952k free)

vm_info: Java HotSpot(TM) Client VM (25.101-b13) for windows-x86 JRE (1.8.0_101-b13), built on Jun 22 2016 00:45:44 by "java_re" with MS VC++ 10.0 (VS2010)

time: Thu Nov 08 18:17:35 2018
elapsed time: 10 seconds (0d 0h 0m 10s)

