#
# A fatal error has been detected by the Java Runtime Environment:
#
#  EXCEPTION_ACCESS_VIOLATION (0xc0000005) at pc=0x0204ea6f, pid=4936, tid=0x00001534
#
# JRE version: Java(TM) SE Runtime Environment (8.0_101-b13) (build 1.8.0_101-b13)
# Java VM: Java HotSpot(TM) Client VM (25.101-b13 mixed mode windows-x86 )
# Problematic frame:
# J 1922 C1 com.android.dx.dex.code.OutputFinisher.align64bits([Lcom/android/dx/dex/code/Dop;)V (247 bytes) @ 0x0204ea6f [0x0204e960+0x10f]
#
# Failed to write core dump. Minidumps are not enabled by default on client versions of Windows
#
# If you would like to submit a bug report, please visit:
#   http://bugreport.java.com/bugreport/crash.jsp
#

---------------  T H R E A D  ---------------

Current thread (0x44ec7400):  JavaThread "pool-1-thread-1" [_thread_in_Java, id=5428, stack(0x44ae0000,0x44b30000)]

siginfo: ExceptionCode=0xc0000005, reading address 0x96825720

Registers:
EAX=0x2d681e80, EBX=0x00000000, ECX=0x00000000, EDX=0x2d681e80
ESP=0x44b2f0d0, EBP=0x44b2f324, ESI=0x1948da70, EDI=0x96825718
EIP=0x0204ea6f, EFLAGS=0x00010246

Top of Stack: (sp=0x44b2f0d0)
0x44b2f0d0:   2ce47280 0000009c 00000097 00000000
0x44b2f0e0:   052c3448 2d6815e8 052c3428 02050328
0x44b2f0f0:   00000000 44ec7400 44b2f324 0205ecac
0x44b2f100:   00000024 052c3748 00000000 2ce472c0
0x44b2f110:   00000004 2ce472c0 052c3828 052c3a40
0x44b2f120:   00000000 00000000 00000000 00000000
0x44b2f130:   00000000 1948da70 1e309a30 0000009b
0x44b2f140:   2d9508e8 2d681648 44b2f324 0206ab58 

Instructions: (pc=0x0204ea6f)
0x0204ea4f:   68 76 34 44 0f 85 9b 02 00 00 e9 00 00 00 00 8b
0x0204ea5f:   d0 8b 72 14 89 74 24 64 b9 00 00 00 00 8b 7e 0c
0x0204ea6f:   8b 7f 08 3b cf 0f 8d 33 01 00 00 8b d1 89 4c 24
0x0204ea7f:   60 8b ce 90 e8 f8 00 d3 ff 83 f8 00 0f 84 12 00 


Register to memory mapping:

EAX=0x2d681e80 is an oop
com.android.dx.dex.code.CodeAddress 
 - klass: 'com/android/dx/dex/code/CodeAddress'
EBX=0x00000000 is an unknown value
ECX=0x00000000 is an unknown value
EDX=0x2d681e80 is an oop
com.android.dx.dex.code.CodeAddress 
 - klass: 'com/android/dx/dex/code/CodeAddress'
ESP=0x44b2f0d0 is pointing into the stack for thread: 0x44ec7400
EBP=0x44b2f324 is pointing into the stack for thread: 0x44ec7400
ESI=0x1948da70 is an oop
java.lang.String 
 - klass: 'java/lang/String'
EDI=0x96825718 is an unknown value


Stack: [0x44ae0000,0x44b30000],  sp=0x44b2f0d0,  free space=316k
Native frames: (J=compiled Java code, j=interpreted, Vv=VM code, C=native code)
J 1922 C1 com.android.dx.dex.code.OutputFinisher.align64bits([Lcom/android/dx/dex/code/Dop;)V (247 bytes) @ 0x0204ea6f [0x0204e960+0x10f]
J 1994 C1 com.android.dx.dex.code.OutputFinisher.finishProcessingAndGetList()Lcom/android/dx/dex/code/DalvInsnList; (74 bytes) @ 0x0206ab58 [0x0206aaf0+0x68]
J 1982 C1 com.android.dx.dex.code.DalvCode.finishProcessingIfNecessary()V (69 bytes) @ 0x02066a74 [0x02066a30+0x44]
J 1990 C1 com.android.dx.dex.file.CodeItem.place0(Lcom/android/dx/dex/file/Section;I)V (88 bytes) @ 0x02069b6c [0x02069a40+0x12c]
J 1915 C1 com.android.dx.dex.file.OffsettedItem.place(Lcom/android/dx/dex/file/Section;I)I (78 bytes) @ 0x0204c570 [0x0204c500+0x70]
J 2078 C1 com.android.dx.dex.file.MixedItemSection.placeItems()V (185 bytes) @ 0x02087fc0 [0x02087ec0+0x100]
j  com.android.dx.dex.file.DexFile.toDex0(ZZ)Lcom/android/dx/util/ByteArrayAnnotatedOutput;+263
j  com.android.dx.dex.file.DexFile.toDex(Ljava/io/Writer;Z)[B+13
j  com.android.dx.command.dexer.Main.writeDex(Lcom/android/dx/dex/file/DexFile;)[B+50
j  com.android.dx.command.dexer.Main.access$3000(Lcom/android/dx/command/dexer/Main;Lcom/android/dx/dex/file/DexFile;)[B+2
j  com.android.dx.command.dexer.Main$DexWriter.call()[B+8
j  com.android.dx.command.dexer.Main$DexWriter.call()Ljava/lang/Object;+1
J 1413 C1 java.util.concurrent.FutureTask.run()V (126 bytes) @ 0x01f8ea20 [0x01f8e990+0x90]
j  java.util.concurrent.ThreadPoolExecutor.runWorker(Ljava/util/concurrent/ThreadPoolExecutor$Worker;)V+95
j  java.util.concurrent.ThreadPoolExecutor$Worker.run()V+5
j  java.lang.Thread.run()V+11
v  ~StubRoutines::call_stub
V  [jvm.dll+0x15a2e5]
V  [jvm.dll+0x21ff6e]
V  [jvm.dll+0x15a37e]
V  [jvm.dll+0x15a506]
V  [jvm.dll+0x15a577]
V  [jvm.dll+0xfe92f]
V  [jvm.dll+0x17d7dc]
V  [jvm.dll+0x17d8ca]
V  [jvm.dll+0x1c1ed6]
C  [msvcr100.dll+0x5c556]
C  [msvcr100.dll+0x5c600]
C  [kernel32.dll+0x51174]
C  [ntdll.dll+0x5b3f5]
C  [ntdll.dll+0x5b3c8]
C  0x00000000


---------------  P R O C E S S  ---------------

Java Threads: ( => current thread )
=>0x44ec7400 JavaThread "pool-1-thread-1" [_thread_in_Java, id=5428, stack(0x44ae0000,0x44b30000)]
  0x444ecc00 JavaThread "Service Thread" daemon [_thread_blocked, id=6100, stack(0x44a60000,0x44ab0000)]
  0x444da400 JavaThread "C1 CompilerThread0" daemon [_thread_blocked, id=6068, stack(0x44970000,0x449c0000)]
  0x444d9000 JavaThread "Attach Listener" daemon [_thread_blocked, id=2916, stack(0x44730000,0x44780000)]
  0x444d6000 JavaThread "Signal Dispatcher" daemon [_thread_blocked, id=1144, stack(0x44840000,0x44890000)]
  0x444b6c00 JavaThread "Finalizer" daemon [_thread_blocked, id=1348, stack(0x447d0000,0x44820000)]
  0x44490400 JavaThread "Reference Handler" daemon [_thread_blocked, id=4440, stack(0x01840000,0x01890000)]
  0x018bbc00 JavaThread "main" [_thread_blocked, id=1548, stack(0x01220000,0x01270000)]

Other Threads:
  0x4448a800 VMThread [stack: 0x01310000,0x01360000] [id=4188]
  0x444d0400 WatcherThread [stack: 0x001d0000,0x00220000] [id=4764]

VM state:not at safepoint (normal execution)

VM Mutex/Monitor currently owned by a thread: None

Heap:
 def new generation   total 314560K, used 21945K [0x03e00000, 0x19350000, 0x19350000)
  eden space 279616K,   7% used [0x03e00000, 0x0536e7a8, 0x14f10000)
  from space 34944K,   0% used [0x14f10000, 0x14f10000, 0x17130000)
  to   space 34944K,   0% used [0x17130000, 0x17130000, 0x19350000)
 tenured generation   total 699072K, used 671853K [0x19350000, 0x43e00000, 0x43e00000)
   the space 699072K,  96% used [0x19350000, 0x4236b700, 0x4236b800, 0x43e00000)
 Metaspace       used 3832K, capacity 3854K, committed 3904K, reserved 4480K

Card table byte_map: [0x43e00000,0x44010000] byte_map_base: 0x43de1000

Polling page: 0x00140000

CodeCache: size=32768Kb used=4444Kb max_used=4444Kb free=28323Kb
 bounds [0x01c90000, 0x020e8000, 0x03c90000]
 total_blobs=2398 nmethods=2250 adapters=78
 compilation: enabled

Compilation events (10 events):
Event: 38.988 Thread 0x444da400 2262             com.android.dx.dex.code.form.Form20t::isCompatible (41 bytes)
Event: 38.988 Thread 0x444da400 nmethod 2262 0x020e6288 code [0x020e63b0, 0x020e6668]
Event: 38.988 Thread 0x444da400 2263             com.android.dx.dex.code.TargetInsn::withOpcode (21 bytes)
Event: 38.988 Thread 0x444da400 nmethod 2263 0x020e6908 code [0x020e6a20, 0x020e6ba8]
Event: 39.003 Thread 0x444da400 2264             com.android.dx.dex.code.form.Form22x::isCompatible (54 bytes)
Event: 39.004 Thread 0x444da400 nmethod 2264 0x020e6cc8 code [0x020e6de0, 0x020e6fa8]
Event: 39.080 Thread 0x444da400 2265             com.android.dx.dex.code.SwitchData::codeSize (27 bytes)
Event: 39.080 Thread 0x444da400 nmethod 2265 0x020e7188 code [0x020e7290, 0x020e736c]
Event: 39.100 Thread 0x444da400 2266             com.android.dx.rop.cst.CstLiteral64::fitsInInt (20 bytes)
Event: 39.101 Thread 0x444da400 nmethod 2266 0x020e7408 code [0x020e7500, 0x020e75b0]

GC Heap History (10 events):
Event: 24.675 GC heap before
{Heap before GC invocations=103 (full 10):
 def new generation   total 314560K, used 279616K [0x03e00000, 0x19350000, 0x19350000)
  eden space 279616K, 100% used [0x03e00000, 0x14f10000, 0x14f10000)
  from space 34944K,   0% used [0x14f10000, 0x14f10000, 0x17130000)
  to   space 34944K,   0% used [0x17130000, 0x17130000, 0x19350000)
 tenured generation   total 699072K, used 667242K [0x19350000, 0x43e00000, 0x43e00000)
   the space 699072K,  95% used [0x19350000, 0x41eea9c8, 0x41eeaa00, 0x43e00000)
 Metaspace       used 3556K, capacity 3598K, committed 3648K, reserved 4480K
Event: 26.328 GC heap after
Heap after GC invocations=104 (full 11):
 def new generation   total 314560K, used 1834K [0x03e00000, 0x19350000, 0x19350000)
  eden space 279616K,   0% used [0x03e00000, 0x03fcaab8, 0x14f10000)
  from space 34944K,   0% used [0x14f10000, 0x14f10000, 0x17130000)
  to   space 34944K,   0% used [0x17130000, 0x17130000, 0x19350000)
 tenured generation   total 699072K, used 699071K [0x19350000, 0x43e00000, 0x43e00000)
   the space 699072K,  99% used [0x19350000, 0x43dfffb0, 0x43e00000, 0x43e00000)
 Metaspace       used 3556K, capacity 3598K, committed 3648K, reserved 4480K
}
Event: 27.215 GC heap before
{Heap before GC invocations=104 (full 11):
 def new generation   total 314560K, used 314560K [0x03e00000, 0x19350000, 0x19350000)
  eden space 279616K, 100% used [0x03e00000, 0x14f10000, 0x14f10000)
  from space 34944K, 100% used [0x14f10000, 0x17130000, 0x17130000)
  to   space 34944K,   0% used [0x17130000, 0x17130000, 0x19350000)
 tenured generation   total 699072K, used 699071K [0x19350000, 0x43e00000, 0x43e00000)
   the space 699072K,  99% used [0x19350000, 0x43dffff0, 0x43e00000, 0x43e00000)
 Metaspace       used 3556K, capacity 3598K, committed 3648K, reserved 4480K
Event: 29.412 GC heap after
Heap after GC invocations=105 (full 12):
 def new generation   total 314560K, used 17977K [0x03e00000, 0x19350000, 0x19350000)
  eden space 279616K,   6% used [0x03e00000, 0x04f8e6f0, 0x14f10000)
  from space 34944K,   0% used [0x14f10000, 0x14f10000, 0x17130000)
  to   space 34944K,   0% used [0x17130000, 0x17130000, 0x19350000)
 tenured generation   total 699072K, used 699071K [0x19350000, 0x43e00000, 0x43e00000)
   the space 699072K,  99% used [0x19350000, 0x43dfffd0, 0x43e00000, 0x43e00000)
 Metaspace       used 3556K, capacity 3598K, committed 3648K, reserved 4480K
}
Event: 30.271 GC heap before
{Heap before GC invocations=105 (full 12):
 def new generation   total 314560K, used 314559K [0x03e00000, 0x19350000, 0x19350000)
  eden space 279616K, 100% used [0x03e00000, 0x14f10000, 0x14f10000)
  from space 34944K,  99% used [0x14f10000, 0x1712fff8, 0x17130000)
  to   space 34944K,   0% used [0x17130000, 0x17130000, 0x19350000)
 tenured generation   total 699072K, used 699071K [0x19350000, 0x43e00000, 0x43e00000)
   the space 699072K,  99% used [0x19350000, 0x43dffff8, 0x43e00000, 0x43e00000)
 Metaspace       used 3574K, capacity 3598K, committed 3648K, reserved 4480K
Event: 32.200 GC heap after
Heap after GC invocations=106 (full 13):
 def new generation   total 314560K, used 59776K [0x03e00000, 0x19350000, 0x19350000)
  eden space 279616K,  21% used [0x03e00000, 0x07860150, 0x14f10000)
  from space 34944K,   0% used [0x14f10000, 0x14f10000, 0x17130000)
  to   space 34944K,   0% used [0x17130000, 0x17130000, 0x19350000)
 tenured generation   total 699072K, used 699071K [0x19350000, 0x43e00000, 0x43e00000)
   the space 699072K,  99% used [0x19350000, 0x43dffff8, 0x43e00000, 0x43e00000)
 Metaspace       used 3574K, capacity 3598K, committed 3648K, reserved 4480K
}
Event: 32.905 GC heap before
{Heap before GC invocations=106 (full 13):
 def new generation   total 314560K, used 314560K [0x03e00000, 0x19350000, 0x19350000)
  eden space 279616K, 100% used [0x03e00000, 0x14f10000, 0x14f10000)
  from space 34944K, 100% used [0x14f10000, 0x17130000, 0x17130000)
  to   space 34944K,   0% used [0x17130000, 0x17130000, 0x19350000)
 tenured generation   total 699072K, used 699071K [0x19350000, 0x43e00000, 0x43e00000)
   the space 699072K,  99% used [0x19350000, 0x43dffff8, 0x43e00000, 0x43e00000)
 Metaspace       used 3584K, capacity 3598K, committed 3648K, reserved 4480K
Event: 34.801 GC heap after
Heap after GC invocations=107 (full 14):
 def new generation   total 314560K, used 96452K [0x03e00000, 0x19350000, 0x19350000)
  eden space 279616K,  34% used [0x03e00000, 0x09c31360, 0x14f10000)
  from space 34944K,   0% used [0x14f10000, 0x14f10000, 0x17130000)
  to   space 34944K,   0% used [0x17130000, 0x17130000, 0x19350000)
 tenured generation   total 699072K, used 699071K [0x19350000, 0x43e00000, 0x43e00000)
   the space 699072K,  99% used [0x19350000, 0x43dffff8, 0x43e00000, 0x43e00000)
 Metaspace       used 3584K, capacity 3598K, committed 3648K, reserved 4480K
}
Event: 36.893 GC heap before
{Heap before GC invocations=107 (full 14):
 def new generation   total 314560K, used 314559K [0x03e00000, 0x19350000, 0x19350000)
  eden space 279616K, 100% used [0x03e00000, 0x14f10000, 0x14f10000)
  from space 34944K,  99% used [0x14f10000, 0x1712fff8, 0x17130000)
  to   space 34944K,   0% used [0x17130000, 0x17130000, 0x19350000)
 tenured generation   total 699072K, used 699071K [0x19350000, 0x43e00000, 0x43e00000)
   the space 699072K,  99% used [0x19350000, 0x43dffff8, 0x43e00000, 0x43e00000)
 Metaspace       used 3832K, capacity 3854K, committed 3904K, reserved 4480K
Event: 38.818 GC heap after
Heap after GC invocations=108 (full 15):
 def new generation   total 314560K, used 0K [0x03e00000, 0x19350000, 0x19350000)
  eden space 279616K,   0% used [0x03e00000, 0x03e00000, 0x14f10000)
  from space 34944K,   0% used [0x14f10000, 0x14f10000, 0x17130000)
  to   space 34944K,   0% used [0x17130000, 0x17130000, 0x19350000)
 tenured generation   total 699072K, used 671853K [0x19350000, 0x43e00000, 0x43e00000)
   the space 699072K,  96% used [0x19350000, 0x4236b700, 0x4236b800, 0x43e00000)
 Metaspace       used 3832K, capacity 3854K, committed 3904K, reserved 4480K
}

Deoptimization events (0 events):
No events

Internal exceptions (5 events):
Event: 0.026 Thread 0x018bbc00 Exception <a 'java/lang/NoSuchMethodError': Method sun.misc.Unsafe.defineClass(Ljava/lang/String;[BII)Ljava/lang/Class; name or signature does not match> (0x03e06ea8) thrown at [C:\re\workspace\8-2-build-windows-i586-cygwin\jdk8u101\7261\hotspot\src\share\]“À)Erš?
Event: 0.026 Thread 0x018bbc00 Exception <a 'java/lang/NoSuchMethodError': Method sun.misc.Unsafe.prefetchRead(Ljava/lang/Object;J)V name or signature does not match> (0x03e07178) thrown at [C:\re\workspace\8-2-build-windows-i586-cygwin\jdk8u101\7261\hotspot\src\share\vm\prims\jni.cpp, Fçpèoë?
Event: 0.857 Thread 0x4465c800 Exception <a 'java/lang/ArrayIndexOutOfBoundsException': 18> (0x04176d78) thrown at [C:\re\workspace\8-2-build-windows-i586-cygwin\jdk8u101\7261\hotspot\src\share\vm\interpreter\interpreterRuntime.cpp, line 366]
Event: 0.858 Thread 0x4465c800 Exception <a 'java/lang/ArrayIndexOutOfBoundsException': 145> (0x04178618) thrown at [C:\re\workspace\8-2-build-windows-i586-cygwin\jdk8u101\7261\hotspot\src\share\vm\interpreter\interpreterRuntime.cpp, line 366]
Event: 0.858 Thread 0x4465c800 Exception <a 'java/lang/ArrayIndexOutOfBoundsException': 40> (0x041796f8) thrown at [C:\re\workspace\8-2-build-windows-i586-cygwin\jdk8u101\7261\hotspot\src\share\vm\interpreter\interpreterRuntime.cpp, line 366]

Events (10 events):
Event: 36.181 loading class java/security/MessageDigest$Delegate done
Event: 36.181 loading class sun/security/provider/ByteArrayAccess
Event: 36.181 loading class sun/security/provider/ByteArrayAccess done
Event: 36.200 loading class java/util/zip/Adler32
Event: 36.200 loading class java/util/zip/Adler32 done
Event: 36.200 Executing VM operation: RevokeBias
Event: 36.200 Executing VM operation: RevokeBias done
Event: 36.200 Thread 0x4462a400 Thread exited: 0x4462a400
Event: 36.893 Executing VM operation: GenCollectForAllocation
Event: 38.818 Executing VM operation: GenCollectForAllocation done


Dynamic libraries:
0x013b0000 - 0x013e3000 	C:\Program Files\Java\jdk1.8.0_101\bin\java.exe
0x77b90000 - 0x77ccc000 	C:\Windows\SYSTEM32\ntdll.dll
0x760c0000 - 0x76194000 	C:\Windows\system32\kernel32.dll
0x75d60000 - 0x75daa000 	C:\Windows\system32\KERNELBASE.dll
0x76440000 - 0x764e0000 	C:\Windows\system32\ADVAPI32.dll
0x76870000 - 0x7691c000 	C:\Windows\system32\msvcrt.dll
0x77940000 - 0x77959000 	C:\Windows\SYSTEM32\sechost.dll
0x76270000 - 0x76311000 	C:\Windows\system32\RPCRT4.dll
0x77960000 - 0x77a29000 	C:\Windows\system32\USER32.dll
0x75fe0000 - 0x7602e000 	C:\Windows\system32\GDI32.dll
0x76920000 - 0x7692a000 	C:\Windows\system32\LPK.dll
0x761d0000 - 0x7626d000 	C:\Windows\system32\USP10.dll
0x749f0000 - 0x74b8e000 	C:\Windows\WinSxS\x86_microsoft.windows.common-controls_6595b64144ccf1df_6.0.7600.16385_none_421189da2b7fabfc\COMCTL32.dll
0x76730000 - 0x76787000 	C:\Windows\system32\SHLWAPI.dll
0x76320000 - 0x7633f000 	C:\Windows\system32\IMM32.DLL
0x76790000 - 0x7685c000 	C:\Windows\system32\MSCTF.dll
0x69820000 - 0x698df000 	C:\Program Files\Java\jdk1.8.0_101\jre\bin\msvcr100.dll
0x50320000 - 0x506ec000 	C:\Program Files\Java\jdk1.8.0_101\jre\bin\client\jvm.dll
0x71290000 - 0x71297000 	C:\Windows\system32\WSOCK32.dll
0x77cd0000 - 0x77d05000 	C:\Windows\system32\WS2_32.dll
0x76860000 - 0x76866000 	C:\Windows\system32\NSI.dll
0x71490000 - 0x714c2000 	C:\Windows\system32\WINMM.dll
0x75020000 - 0x75029000 	C:\Windows\system32\VERSION.dll
0x77da0000 - 0x77da5000 	C:\Windows\system32\PSAPI.DLL
0x62550000 - 0x6255c000 	C:\Program Files\Java\jdk1.8.0_101\jre\bin\verify.dll
0x62520000 - 0x62541000 	C:\Program Files\Java\jdk1.8.0_101\jre\bin\java.dll
0x62500000 - 0x62513000 	C:\Program Files\Java\jdk1.8.0_101\jre\bin\zip.dll
0x76a70000 - 0x776b9000 	C:\Windows\system32\SHELL32.dll
0x77a30000 - 0x77b8c000 	C:\Windows\system32\ole32.dll
0x75ce0000 - 0x75ceb000 	C:\Windows\system32\profapi.dll
0x739f0000 - 0x73adb000 	C:\Windows\system32\dbghelp.dll

VM Arguments:
jvm_args: -Djava.awt.headless=true -Xmx1024M -Dfile.encoding=windows-1252 -Duser.country=US -Duser.language=en -Duser.variant 
java_command: com.android.dx.command.Main --dex --num-threads=4 --multi-dex --main-dex-list E:\SandeepProjectResources\MobipugNew\Mobipug27.10.18\MobipugSource\app\build\intermediates\multi-dex\debug\maindexlist.txt --output E:\SandeepProjectResources\MobipugNew\Mobipug27.10.18\MobipugSource\app\build\intermediates\transforms\dex\debug\folders\1000\1f\main E:\SandeepProjectResources\MobipugNew\Mobipug27.10.18\MobipugSource\app\build\intermediates\transforms\jarMerging\debug\jars\1\1f\combined.jar
java_class_path (initial): C:\Users\android-4\AppData\Local\Android\Sdk\build-tools\26.0.2\lib\dx.jar
Launcher Type: SUN_STANDARD

Environment Variables:
PATH=C:\ProgramData\Oracle\Java\javapath;C:\Windows\system32;C:\Windows;C:\Windows\System32\Wbem;C:\Windows\System32\WindowsPowerShell\v1.0\;C:\Program Files\Intel\OpenCL SDK\2.0\bin\x86;C:\Program Files\Skype\Phone\
USERNAME=android-4
OS=Windows_NT
PROCESSOR_IDENTIFIER=x86 Family 6 Model 42 Stepping 7, GenuineIntel



---------------  S Y S T E M  ---------------

OS: Windows 7 Build 7600 (6.1.7600.16385)

CPU:total 4 (2 cores per cpu, 2 threads per core) family 6 model 42 stepping 7, cmov, cx8, fxsr, mmx, sse, sse2, sse3, ssse3, sse4.1, sse4.2, popcnt, clmul, ht, tsc, tscinvbit

Memory: 4k page, physical 3578328k(309712k free), swap 24056564k(18865768k free)

vm_info: Java HotSpot(TM) Client VM (25.101-b13) for windows-x86 JRE (1.8.0_101-b13), built on Jun 22 2016 00:45:44 by "java_re" with MS VC++ 10.0 (VS2010)

time: Thu Nov 08 18:18:23 2018
elapsed time: 39 seconds (0d 0h 0m 39s)

