#
# A fatal error has been detected by the Java Runtime Environment:
#
#  EXCEPTION_ACCESS_VIOLATION (0xc0000005) at pc=0x0206cfaf, pid=1644, tid=0x00001414
#
# JRE version: Java(TM) SE Runtime Environment (8.0_101-b13) (build 1.8.0_101-b13)
# Java VM: Java HotSpot(TM) Client VM (25.101-b13 mixed mode windows-x86 )
# Problematic frame:
# J 1909 C1 com.android.dx.dex.code.OutputFinisher.align64bits([Lcom/android/dx/dex/code/Dop;)V (247 bytes) @ 0x0206cfaf [0x0206cea0+0x10f]
#
# Failed to write core dump. Minidumps are not enabled by default on client versions of Windows
#
# If you would like to submit a bug report, please visit:
#   http://bugreport.java.com/bugreport/crash.jsp
#

---------------  T H R E A D  ---------------

Current thread (0x44eae000):  JavaThread "pool-1-thread-1" [_thread_in_Java, id=5140, stack(0x44bb0000,0x44c00000)]

siginfo: ExceptionCode=0xc0000005, reading address 0x6c588988

Registers:
EAX=0x2eb6ec60, EBX=0x00000000, ECX=0x00000000, EDX=0x2eb6ec60
ESP=0x44bff2e0, EBP=0x44bff534, ESI=0x1947a310, EDI=0x6c588980
EIP=0x0206cfaf, EFLAGS=0x00010246

Top of Stack: (sp=0x44bff2e0)
0x44bff2e0:   2edd00f8 0000000f 00000010 00000000
0x44bff2f0:   050a7d98 2e01a8b0 050a7d78 0206e868
0x44bff300:   00000000 14f10000 44bff534 0207ccac
0x44bff310:   00000004 050a7e40 00000000 2ebc1480
0x44bff320:   00000003 2ebc1480 050a7ea0 050d5188
0x44bff330:   00000000 00000000 00000000 00000000
0x44bff340:   00000001 1947a310 2bba7fd8 0000000e
0x44bff350:   2edcfad8 2edd03d8 44bff534 02088b58 

Instructions: (pc=0x0206cfaf)
0x0206cf8f:   88 6c 4a 44 0f 85 9b 02 00 00 e9 00 00 00 00 8b
0x0206cf9f:   d0 8b 72 14 89 74 24 64 b9 00 00 00 00 8b 7e 0c
0x0206cfaf:   8b 7f 08 3b cf 0f 8d 33 01 00 00 8b d1 89 4c 24
0x0206cfbf:   60 8b ce 90 e8 38 19 d3 ff 83 f8 00 0f 84 12 00 


Register to memory mapping:

EAX=0x2eb6ec60 is an oop
com.android.dx.dex.code.CodeAddress 
 - klass: 'com/android/dx/dex/code/CodeAddress'
EBX=0x00000000 is an unknown value
ECX=0x00000000 is an unknown value
EDX=0x2eb6ec60 is an oop
com.android.dx.dex.code.CodeAddress 
 - klass: 'com/android/dx/dex/code/CodeAddress'
ESP=0x44bff2e0 is pointing into the stack for thread: 0x44eae000
EBP=0x44bff534 is pointing into the stack for thread: 0x44eae000
ESI=0x1947a310 is an oop
java.lang.String 
 - klass: 'java/lang/String'
EDI=0x6c588980 is an unknown value


Stack: [0x44bb0000,0x44c00000],  sp=0x44bff2e0,  free space=316k
Native frames: (J=compiled Java code, j=interpreted, Vv=VM code, C=native code)
J 1909 C1 com.android.dx.dex.code.OutputFinisher.align64bits([Lcom/android/dx/dex/code/Dop;)V (247 bytes) @ 0x0206cfaf [0x0206cea0+0x10f]
J 1979 C1 com.android.dx.dex.code.OutputFinisher.finishProcessingAndGetList()Lcom/android/dx/dex/code/DalvInsnList; (74 bytes) @ 0x02088b58 [0x02088af0+0x68]
J 1967 C1 com.android.dx.dex.code.DalvCode.finishProcessingIfNecessary()V (69 bytes) @ 0x02084a74 [0x02084a30+0x44]
J 1975 C1 com.android.dx.dex.file.CodeItem.place0(Lcom/android/dx/dex/file/Section;I)V (88 bytes) @ 0x02087b6c [0x02087a40+0x12c]
J 1903 C1 com.android.dx.dex.file.OffsettedItem.place(Lcom/android/dx/dex/file/Section;I)I (78 bytes) @ 0x0206ad70 [0x0206ad00+0x70]
J 2064 C1 com.android.dx.dex.file.MixedItemSection.placeItems()V (185 bytes) @ 0x020a6280 [0x020a6180+0x100]
j  com.android.dx.dex.file.DexFile.toDex0(ZZ)Lcom/android/dx/util/ByteArrayAnnotatedOutput;+263
j  com.android.dx.dex.file.DexFile.toDex(Ljava/io/Writer;Z)[B+13
j  com.android.dx.command.dexer.Main.writeDex(Lcom/android/dx/dex/file/DexFile;)[B+50
j  com.android.dx.command.dexer.Main.access$3000(Lcom/android/dx/command/dexer/Main;Lcom/android/dx/dex/file/DexFile;)[B+2
j  com.android.dx.command.dexer.Main$DexWriter.call()[B+8
j  com.android.dx.command.dexer.Main$DexWriter.call()Ljava/lang/Object;+1
J 1448 C1 java.util.concurrent.FutureTask.run()V (126 bytes) @ 0x01fb86a0 [0x01fb8610+0x90]
j  java.util.concurrent.ThreadPoolExecutor.runWorker(Ljava/util/concurrent/ThreadPoolExecutor$Worker;)V+95
j  java.util.concurrent.ThreadPoolExecutor$Worker.run()V+5
j  java.lang.Thread.run()V+11
v  ~StubRoutines::call_stub
V  [jvm.dll+0x15a2e5]
V  [jvm.dll+0x21ff6e]
V  [jvm.dll+0x15a37e]
V  [jvm.dll+0x15a506]
V  [jvm.dll+0x15a577]
V  [jvm.dll+0xfe92f]
V  [jvm.dll+0x17d7dc]
V  [jvm.dll+0x17d8ca]
V  [jvm.dll+0x1c1ed6]
C  [msvcr100.dll+0x5c556]
C  [msvcr100.dll+0x5c600]
C  [kernel32.dll+0x51174]
C  [ntdll.dll+0x5b3f5]
C  [ntdll.dll+0x5b3c8]
C  0x00000000


---------------  P R O C E S S  ---------------

Java Threads: ( => current thread )
=>0x44eae000 JavaThread "pool-1-thread-1" [_thread_in_Java, id=5140, stack(0x44bb0000,0x44c00000)]
  0x4464cc00 JavaThread "Service Thread" daemon [_thread_blocked, id=5360, stack(0x00fc0000,0x01010000)]
  0x4463a400 JavaThread "C1 CompilerThread0" daemon [_thread_blocked, id=3960, stack(0x448d0000,0x44920000)]
  0x44639000 JavaThread "Attach Listener" daemon [_thread_blocked, id=5056, stack(0x03d90000,0x03de0000)]
  0x44636000 JavaThread "Signal Dispatcher" daemon [_thread_blocked, id=4232, stack(0x447e0000,0x44830000)]
  0x44616c00 JavaThread "Finalizer" daemon [_thread_blocked, id=2340, stack(0x00f30000,0x00f80000)]
  0x445f0400 JavaThread "Reference Handler" daemon [_thread_blocked, id=5616, stack(0x00b90000,0x00be0000)]
  0x0099bc00 JavaThread "main" [_thread_blocked, id=3488, stack(0x00c00000,0x00c50000)]

Other Threads:
  0x445ea800 VMThread [stack: 0x01010000,0x01060000] [id=5020]
  0x44630400 WatcherThread [stack: 0x449e0000,0x44a30000] [id=4828]

VM state:not at safepoint (normal execution)

VM Mutex/Monitor currently owned by a thread: None

Heap:
 def new generation   total 314560K, used 19503K [0x03e00000, 0x19350000, 0x19350000)
  eden space 279616K,   6% used [0x03e00000, 0x0510bd48, 0x14f10000)
  from space 34944K,   0% used [0x14f10000, 0x14f10000, 0x17130000)
  to   space 34944K,   0% used [0x17130000, 0x17130000, 0x19350000)
 tenured generation   total 699072K, used 553727K [0x19350000, 0x43e00000, 0x43e00000)
   the space 699072K,  79% used [0x19350000, 0x3b00ff88, 0x3b010000, 0x43e00000)
 Metaspace       used 3829K, capacity 3854K, committed 3904K, reserved 4480K

Card table byte_map: [0x43e00000,0x44010000] byte_map_base: 0x43de1000

Polling page: 0x00140000

CodeCache: size=32768Kb used=4438Kb max_used=4438Kb free=28329Kb
 bounds [0x01cb0000, 0x02108000, 0x03cb0000]
 total_blobs=2385 nmethods=2237 adapters=78
 compilation: enabled

Compilation events (10 events):
Event: 37.901 Thread 0x4463a400 2249             com.android.dx.dex.code.SwitchData::codeSize (27 bytes)
Event: 37.902 Thread 0x4463a400 nmethod 2249 0x02105048 code [0x02105150, 0x0210522c]
Event: 37.905 Thread 0x4463a400 2250             com.android.dx.rop.cst.CstLiteral64::fitsInInt (20 bytes)
Event: 37.905 Thread 0x4463a400 nmethod 2250 0x021052c8 code [0x021053c0, 0x02105470]
Event: 38.027 Thread 0x4463a400 2251             com.android.dx.dex.code.SwitchData::<init> (117 bytes)
Event: 38.027 Thread 0x4463a400 nmethod 2251 0x021054c8 code [0x02105630, 0x02105994]
Event: 38.027 Thread 0x4463a400 2252             com.android.dx.dex.code.SwitchData::shouldPack (50 bytes)
Event: 38.027 Thread 0x4463a400 nmethod 2252 0x02105c08 code [0x02105d10, 0x02105e6c]
Event: 39.870 Thread 0x4463a400 2253             com.android.dx.rop.cst.CstLiteral64::getIntBits (6 bytes)
Event: 39.871 Thread 0x4463a400 nmethod 2253 0x02105f48 code [0x02106040, 0x021060c0]

GC Heap History (10 events):
Event: 26.432 GC heap before
{Heap before GC invocations=106 (full 11):
 def new generation   total 314560K, used 279616K [0x03e00000, 0x19350000, 0x19350000)
  eden space 279616K, 100% used [0x03e00000, 0x14f10000, 0x14f10000)
  from space 34944K,   0% used [0x14f10000, 0x14f10000, 0x17130000)
  to   space 34944K,   0% used [0x17130000, 0x17130000, 0x19350000)
 tenured generation   total 699072K, used 686775K [0x19350000, 0x43e00000, 0x43e00000)
   the space 699072K,  98% used [0x19350000, 0x431fdc88, 0x431fde00, 0x43e00000)
 Metaspace       used 3555K, capacity 3598K, committed 3648K, reserved 4480K
Event: 28.464 GC heap after
Heap after GC invocations=107 (full 12):
 def new generation   total 314560K, used 0K [0x03e00000, 0x19350000, 0x19350000)
  eden space 279616K,   0% used [0x03e00000, 0x03e00000, 0x14f10000)
  from space 34944K,   0% used [0x14f10000, 0x14f10000, 0x17130000)
  to   space 34944K,   0% used [0x17130000, 0x17130000, 0x19350000)
 tenured generation   total 699072K, used 692341K [0x19350000, 0x43e00000, 0x43e00000)
   the space 699072K,  99% used [0x19350000, 0x4376d6f0, 0x4376d800, 0x43e00000)
 Metaspace       used 3555K, capacity 3598K, committed 3648K, reserved 4480K
}
Event: 28.991 GC heap before
{Heap before GC invocations=107 (full 12):
 def new generation   total 314560K, used 279616K [0x03e00000, 0x19350000, 0x19350000)
  eden space 279616K, 100% used [0x03e00000, 0x14f10000, 0x14f10000)
  from space 34944K,   0% used [0x14f10000, 0x14f10000, 0x17130000)
  to   space 34944K,   0% used [0x17130000, 0x17130000, 0x19350000)
 tenured generation   total 699072K, used 692341K [0x19350000, 0x43e00000, 0x43e00000)
   the space 699072K,  99% used [0x19350000, 0x4376d6f0, 0x4376d800, 0x43e00000)
 Metaspace       used 3573K, capacity 3598K, committed 3648K, reserved 4480K
Event: 30.748 GC heap after
Heap after GC invocations=108 (full 13):
 def new generation   total 314560K, used 34467K [0x03e00000, 0x19350000, 0x19350000)
  eden space 279616K,  12% used [0x03e00000, 0x05fa8d88, 0x14f10000)
  from space 34944K,   0% used [0x14f10000, 0x14f10000, 0x17130000)
  to   space 34944K,   0% used [0x17130000, 0x17130000, 0x19350000)
 tenured generation   total 699072K, used 699072K [0x19350000, 0x43e00000, 0x43e00000)
   the space 699072K, 100% used [0x19350000, 0x43e00000, 0x43e00000, 0x43e00000)
 Metaspace       used 3573K, capacity 3598K, committed 3648K, reserved 4480K
}
Event: 31.498 GC heap before
{Heap before GC invocations=108 (full 13):
 def new generation   total 314560K, used 314559K [0x03e00000, 0x19350000, 0x19350000)
  eden space 279616K, 100% used [0x03e00000, 0x14f10000, 0x14f10000)
  from space 34944K,  99% used [0x14f10000, 0x1712fff8, 0x17130000)
  to   space 34944K,   0% used [0x17130000, 0x17130000, 0x19350000)
 tenured generation   total 699072K, used 699072K [0x19350000, 0x43e00000, 0x43e00000)
   the space 699072K, 100% used [0x19350000, 0x43e00000, 0x43e00000, 0x43e00000)
 Metaspace       used 3584K, capacity 3598K, committed 3648K, reserved 4480K
Event: 33.346 GC heap after
Heap after GC invocations=109 (full 14):
 def new generation   total 314560K, used 72767K [0x03e00000, 0x19350000, 0x19350000)
  eden space 279616K,  26% used [0x03e00000, 0x0850fc50, 0x14f10000)
  from space 34944K,   0% used [0x14f10000, 0x14f10000, 0x17130000)
  to   space 34944K,   0% used [0x17130000, 0x17130000, 0x19350000)
 tenured generation   total 699072K, used 699072K [0x19350000, 0x43e00000, 0x43e00000)
   the space 699072K, 100% used [0x19350000, 0x43e00000, 0x43e00000, 0x43e00000)
 Metaspace       used 3584K, capacity 3598K, committed 3648K, reserved 4480K
}
Event: 34.040 GC heap before
{Heap before GC invocations=109 (full 14):
 def new generation   total 314560K, used 314559K [0x03e00000, 0x19350000, 0x19350000)
  eden space 279616K, 100% used [0x03e00000, 0x14f10000, 0x14f10000)
  from space 34944K,  99% used [0x14f10000, 0x1712fff8, 0x17130000)
  to   space 34944K,   0% used [0x17130000, 0x17130000, 0x19350000)
 tenured generation   total 699072K, used 699072K [0x19350000, 0x43e00000, 0x43e00000)
   the space 699072K, 100% used [0x19350000, 0x43e00000, 0x43e00000, 0x43e00000)
 Metaspace       used 3584K, capacity 3598K, committed 3648K, reserved 4480K
Event: 35.963 GC heap after
Heap after GC invocations=110 (full 15):
 def new generation   total 314560K, used 104291K [0x03e00000, 0x19350000, 0x19350000)
  eden space 279616K,  37% used [0x03e00000, 0x0a3d8da0, 0x14f10000)
  from space 34944K,   0% used [0x14f10000, 0x14f10000, 0x17130000)
  to   space 34944K,   0% used [0x17130000, 0x17130000, 0x19350000)
 tenured generation   total 699072K, used 699072K [0x19350000, 0x43e00000, 0x43e00000)
   the space 699072K, 100% used [0x19350000, 0x43e00000, 0x43e00000, 0x43e00000)
 Metaspace       used 3584K, capacity 3598K, committed 3648K, reserved 4480K
}
Event: 38.073 GC heap before
{Heap before GC invocations=110 (full 15):
 def new generation   total 314560K, used 314559K [0x03e00000, 0x19350000, 0x19350000)
  eden space 279616K, 100% used [0x03e00000, 0x14f10000, 0x14f10000)
  from space 34944K,  99% used [0x14f10000, 0x1712ffe8, 0x17130000)
  to   space 34944K,   0% used [0x17130000, 0x17130000, 0x19350000)
 tenured generation   total 699072K, used 699072K [0x19350000, 0x43e00000, 0x43e00000)
   the space 699072K, 100% used [0x19350000, 0x43e00000, 0x43e00000, 0x43e00000)
 Metaspace       used 3829K, capacity 3854K, committed 3904K, reserved 4480K
Event: 39.825 GC heap after
Heap after GC invocations=111 (full 16):
 def new generation   total 314560K, used 0K [0x03e00000, 0x19350000, 0x19350000)
  eden space 279616K,   0% used [0x03e00000, 0x03e00000, 0x14f10000)
  from space 34944K,   0% used [0x14f10000, 0x14f10000, 0x17130000)
  to   space 34944K,   0% used [0x17130000, 0x17130000, 0x19350000)
 tenured generation   total 699072K, used 553727K [0x19350000, 0x43e00000, 0x43e00000)
   the space 699072K,  79% used [0x19350000, 0x3b00ff88, 0x3b010000, 0x43e00000)
 Metaspace       used 3829K, capacity 3854K, committed 3904K, reserved 4480K
}

Deoptimization events (0 events):
No events

Internal exceptions (5 events):
Event: 0.024 Thread 0x0099bc00 Exception <a 'java/lang/NoSuchMethodError': Method sun.misc.Unsafe.defineClass(Ljava/lang/String;[BII)Ljava/lang/Class; name or signature does not match> (0x03e06ea8) thrown at [C:\re\workspace\8-2-build-windows-i586-cygwin\jdk8u101\7261\hotspot\src\share\∆û¯±Ûò?
Event: 0.024 Thread 0x0099bc00 Exception <a 'java/lang/NoSuchMethodError': Method sun.misc.Unsafe.prefetchRead(Ljava/lang/Object;J)V name or signature does not match> (0x03e07178) thrown at [C:\re\workspace\8-2-build-windows-i586-cygwin\jdk8u101\7261\hotspot\src\share\vm\prims\jni.cpp, ≤"‚ÅÊJÏ?
Event: 0.884 Thread 0x447be400 Exception <a 'java/lang/ArrayIndexOutOfBoundsException': 18> (0x043dfc10) thrown at [C:\re\workspace\8-2-build-windows-i586-cygwin\jdk8u101\7261\hotspot\src\share\vm\interpreter\interpreterRuntime.cpp, line 366]
Event: 0.884 Thread 0x447be400 Exception <a 'java/lang/ArrayIndexOutOfBoundsException': 145> (0x043e14b0) thrown at [C:\re\workspace\8-2-build-windows-i586-cygwin\jdk8u101\7261\hotspot\src\share\vm\interpreter\interpreterRuntime.cpp, line 366]
Event: 0.885 Thread 0x447be400 Exception <a 'java/lang/ArrayIndexOutOfBoundsException': 40> (0x043e2590) thrown at [C:\re\workspace\8-2-build-windows-i586-cygwin\jdk8u101\7261\hotspot\src\share\vm\interpreter\interpreterRuntime.cpp, line 366]

Events (10 events):
Event: 37.040 loading class java/security/MessageDigest$Delegate done
Event: 37.040 loading class sun/security/provider/ByteArrayAccess
Event: 37.040 loading class sun/security/provider/ByteArrayAccess done
Event: 37.055 loading class java/util/zip/Adler32
Event: 37.055 loading class java/util/zip/Adler32 done
Event: 37.056 Executing VM operation: RevokeBias
Event: 37.056 Executing VM operation: RevokeBias done
Event: 37.056 Thread 0x447b8400 Thread exited: 0x447b8400
Event: 38.073 Executing VM operation: GenCollectForAllocation
Event: 39.825 Executing VM operation: GenCollectForAllocation done


Dynamic libraries:
0x01070000 - 0x010a3000 	C:\Program Files\Java\jdk1.8.0_101\bin\java.exe
0x76f00000 - 0x7703c000 	C:\Windows\SYSTEM32\ntdll.dll
0x755f0000 - 0x756c4000 	C:\Windows\system32\kernel32.dll
0x751f0000 - 0x7523a000 	C:\Windows\system32\KERNELBASE.dll
0x753a0000 - 0x75440000 	C:\Windows\system32\ADVAPI32.dll
0x76520000 - 0x765cc000 	C:\Windows\system32\msvcrt.dll
0x75370000 - 0x75389000 	C:\Windows\SYSTEM32\sechost.dll
0x76470000 - 0x76511000 	C:\Windows\system32\RPCRT4.dll
0x756d0000 - 0x75799000 	C:\Windows\system32\USER32.dll
0x770e0000 - 0x7712e000 	C:\Windows\system32\GDI32.dll
0x75390000 - 0x7539a000 	C:\Windows\system32\LPK.dll
0x76b50000 - 0x76bed000 	C:\Windows\system32\USP10.dll
0x73dc0000 - 0x73f5e000 	C:\Windows\WinSxS\x86_microsoft.windows.common-controls_6595b64144ccf1df_6.0.7600.16385_none_421189da2b7fabfc\COMCTL32.dll
0x76af0000 - 0x76b47000 	C:\Windows\system32\SHLWAPI.dll
0x77040000 - 0x7705f000 	C:\Windows\system32\IMM32.DLL
0x76d30000 - 0x76dfc000 	C:\Windows\system32\MSCTF.dll
0x64db0000 - 0x64e6f000 	C:\Program Files\Java\jdk1.8.0_101\jre\bin\msvcr100.dll
0x51770000 - 0x51b3c000 	C:\Program Files\Java\jdk1.8.0_101\jre\bin\client\jvm.dll
0x70810000 - 0x70817000 	C:\Windows\system32\WSOCK32.dll
0x75440000 - 0x75475000 	C:\Windows\system32\WS2_32.dll
0x75350000 - 0x75356000 	C:\Windows\system32\NSI.dll
0x707c0000 - 0x707f2000 	C:\Windows\system32\WINMM.dll
0x74550000 - 0x74559000 	C:\Windows\system32\VERSION.dll
0x75360000 - 0x75365000 	C:\Windows\system32\PSAPI.DLL
0x720f0000 - 0x720fc000 	C:\Program Files\Java\jdk1.8.0_101\jre\bin\verify.dll
0x72070000 - 0x72091000 	C:\Program Files\Java\jdk1.8.0_101\jre\bin\java.dll
0x720b0000 - 0x720c3000 	C:\Program Files\Java\jdk1.8.0_101\jre\bin\zip.dll
0x75820000 - 0x76469000 	C:\Windows\system32\SHELL32.dll
0x75490000 - 0x755ec000 	C:\Windows\system32\ole32.dll
0x75050000 - 0x7505b000 	C:\Windows\system32\profapi.dll
0x72db0000 - 0x72e9b000 	C:\Windows\system32\dbghelp.dll

VM Arguments:
jvm_args: -Djava.awt.headless=true -Xmx1024M -Dfile.encoding=windows-1252 -Duser.country=US -Duser.language=en -Duser.variant 
java_command: com.android.dx.command.Main --dex --num-threads=4 --multi-dex --main-dex-list E:\SandeepProjectResources\MobipugNew\Mobipug27.10.18\MobipugSource\app\build\intermediates\multi-dex\debug\maindexlist.txt --output E:\SandeepProjectResources\MobipugNew\Mobipug27.10.18\MobipugSource\app\build\intermediates\transforms\dex\debug\folders\1000\1f\main E:\SandeepProjectResources\MobipugNew\Mobipug27.10.18\MobipugSource\app\build\intermediates\transforms\jarMerging\debug\jars\1\1f\combined.jar
java_class_path (initial): C:\Users\android-4\AppData\Local\Android\Sdk\build-tools\26.0.2\lib\dx.jar
Launcher Type: SUN_STANDARD

Environment Variables:
PATH=C:\ProgramData\Oracle\Java\javapath;C:\Windows\system32;C:\Windows;C:\Windows\System32\Wbem;C:\Windows\System32\WindowsPowerShell\v1.0\;C:\Program Files\Intel\OpenCL SDK\2.0\bin\x86;C:\Program Files\Skype\Phone\
USERNAME=android-4
OS=Windows_NT
PROCESSOR_IDENTIFIER=x86 Family 6 Model 42 Stepping 7, GenuineIntel



---------------  S Y S T E M  ---------------

OS: Windows 7 Build 7600 (6.1.7600.16385)

CPU:total 4 (2 cores per cpu, 2 threads per core) family 6 model 42 stepping 7, cmov, cx8, fxsr, mmx, sse, sse2, sse3, ssse3, sse4.1, sse4.2, popcnt, clmul, ht, tsc, tscinvbit

Memory: 4k page, physical 3578328k(354096k free), swap 24056564k(19703116k free)

vm_info: Java HotSpot(TM) Client VM (25.101-b13) for windows-x86 JRE (1.8.0_101-b13), built on Jun 22 2016 00:45:44 by "java_re" with MS VC++ 10.0 (VS2010)

time: Sat Nov 10 16:37:20 2018
elapsed time: 40 seconds (0d 0h 0m 40s)

