#
# A fatal error has been detected by the Java Runtime Environment:
#
#  EXCEPTION_ACCESS_VIOLATION (0xc0000005) at pc=0x64435a78, pid=2656, tid=0x00001354
#
# JRE version: Java(TM) SE Runtime Environment (8.0_101-b13) (build 1.8.0_101-b13)
# Java VM: Java HotSpot(TM) Client VM (25.101-b13 mixed mode windows-x86 )
# Problematic frame:
# V  [jvm.dll+0xa5a78]
#
# Failed to write core dump. Minidumps are not enabled by default on client versions of Windows
#
# If you would like to submit a bug report, please visit:
#   http://bugreport.java.com/bugreport/crash.jsp
#

---------------  T H R E A D  ---------------

Current thread (0x445ea800):  VMThread [stack: 0x011a0000,0x011f0000] [id=4948]

siginfo: ExceptionCode=0xc0000005, reading address 0x00000075

Registers:
EAX=0x00000001, EBX=0x011ef354, ECX=0x441703c0, EDX=0x3ffffffe
ESP=0x011ef308, EBP=0x011ef330, ESI=0x17fd7068, EDI=0x17fd70d8
EIP=0x64435a78, EFLAGS=0x00010246

Top of Stack: (sp=0x011ef308)
0x011ef308:   01812ab0 011ef354 00000001 01812ab0
0x011ef318:   1934fff8 17fd7028 17fd7068 17130000
0x011ef328:   00000000 4227bcb8 011ef344 64429ba2
0x011ef338:   011ef354 0180f210 0180f210 011ef360
0x011ef348:   644285bd 011ef354 0180f210 01814050
0x011ef358:   01814170 4227be00 011ef44c 6442b4be
0x011ef368:   445d8518 01883230 01814050 6466b934
0x011ef378:   00000100 01883230 00000000 047c1ec8 

Instructions: (pc=0x64435a78)
0x64435a58:   d3 e3 4a c1 f8 10 25 ff 00 00 00 03 da 03 c3 8b
0x64435a68:   5d 08 f7 d2 c1 e8 02 c1 ea 02 23 c2 eb 08 8b 01
0x64435a78:   8b 50 74 57 ff d2 8d 3c 87 3b 7d e8 73 09 8b 07
0x64435a88:   83 e0 03 3c 03 75 a6 83 7d f8 00 76 5f 3b 75 fc 


Register to memory mapping:

EAX=0x00000001 is an unknown value
EBX=0x011ef354 is an unknown value
ECX=0x441703c0 is pointing into metadata
EDX=0x3ffffffe is pointing into object: 0x3ffffed0
[I 
 - klass: {type array int}
 - length: 74
ESP=0x011ef308 is an unknown value
EBP=0x011ef330 is an unknown value
ESI=
[error occurred during error reporting (printing register info), id 0xc0000005]

Stack: [0x011a0000,0x011f0000],  sp=0x011ef308,  free space=316k
Native frames: (J=compiled Java code, j=interpreted, Vv=VM code, C=native code)
V  [jvm.dll+0xa5a78]
V  [jvm.dll+0x99ba2]
V  [jvm.dll+0x985bd]
V  [jvm.dll+0x9b4be]
V  [jvm.dll+0x9a27f]
V  [jvm.dll+0xa64b2]
V  [jvm.dll+0x98e73]
V  [jvm.dll+0x92e25]
V  [jvm.dll+0x1b81c6]
V  [jvm.dll+0x18292b]
V  [jvm.dll+0x181d31]
V  [jvm.dll+0x182147]
V  [jvm.dll+0x182342]
V  [jvm.dll+0x1c1ed6]
C  [msvcr100.dll+0x5c556]
C  [msvcr100.dll+0x5c600]
C  [kernel32.dll+0x51174]
C  [ntdll.dll+0x5b3f5]
C  [ntdll.dll+0x5b3c8]

VM_Operation (0x03dcf114): GenCollectForAllocation, mode: safepoint, requested by thread 0x4478e400


---------------  P R O C E S S  ---------------

Java Threads: ( => current thread )
  0x447ba800 JavaThread "pool-2-thread-4" [_thread_blocked, id=4244, stack(0x44bd0000,0x44c20000)]
  0x447b7000 JavaThread "pool-2-thread-3" [_thread_blocked, id=6020, stack(0x44ac0000,0x44b10000)]
  0x4478e400 JavaThread "pool-2-thread-2" [_thread_blocked, id=4808, stack(0x03d80000,0x03dd0000)]
  0x4478e000 JavaThread "pool-3-thread-1" [_thread_blocked, id=740, stack(0x44850000,0x448a0000)]
  0x4478d800 JavaThread "pool-2-thread-1" [_thread_blocked, id=2680, stack(0x44a30000,0x44a80000)]
  0x4462d800 JavaThread "Service Thread" daemon [_thread_blocked, id=3456, stack(0x448e0000,0x44930000)]
  0x4463a000 JavaThread "C1 CompilerThread0" daemon [_thread_blocked, id=4428, stack(0x01740000,0x01790000)]
  0x44639000 JavaThread "Attach Listener" daemon [_thread_blocked, id=6028, stack(0x016e0000,0x01730000)]
  0x44636000 JavaThread "Signal Dispatcher" daemon [_thread_blocked, id=4564, stack(0x003b0000,0x00400000)]
  0x44616c00 JavaThread "Finalizer" daemon [_thread_blocked, id=5996, stack(0x447d0000,0x44820000)]
  0x445f0400 JavaThread "Reference Handler" daemon [_thread_blocked, id=1428, stack(0x03d20000,0x03d70000)]
  0x0121bc00 JavaThread "main" [_thread_blocked, id=4076, stack(0x01240000,0x01290000)]

Other Threads:
=>0x445ea800 VMThread [stack: 0x011a0000,0x011f0000] [id=4948]
  0x4462f400 WatcherThread [stack: 0x44970000,0x449c0000] [id=5796]

VM state:at safepoint (normal execution)

VM Mutex/Monitor currently owned by a thread:  ([mutex/lock_event])
[0x0121a230] Threads_lock - owner thread: 0x445ea800
[0x0121a640] Heap_lock - owner thread: 0x4478e400

Heap:
 def new generation   total 314560K, used 314559K [0x03e00000, 0x19350000, 0x19350000)
  eden space 279616K, 100% used [0x03e00000, 0x14f10000, 0x14f10000)
  from space 34944K,  99% used [0x17130000, 0x1934fff8, 0x19350000)
  to   space 34944K,   0% used [0x14f10000, 0x14f10000, 0x17130000)
 tenured generation   total 699072K, used 699071K [0x19350000, 0x43e00000, 0x43e00000)
   the space 699072K,  99% used [0x19350000, 0x43dffff0, 0x4227be00, 0x43e00000)
 Metaspace       used 3550K, capacity 3598K, committed 3648K, reserved 4480K

Card table byte_map: [0x43e00000,0x44010000] byte_map_base: 0x43de1000

Polling page: 0x00360000

CodeCache: size=32768Kb used=3655Kb max_used=3690Kb free=29112Kb
 bounds [0x01cc0000, 0x02060000, 0x03cc0000]
 total_blobs=1903 nmethods=1756 adapters=77
 compilation: enabled

Compilation events (10 events):
Event: 18.673 Thread 0x4463a000 1767 %           java.lang.ref.Reference$ReferenceHandler::run @ 0 (8 bytes)
Event: 18.673 Thread 0x4463a000 nmethod 1767% 0x0205a708 code [0x0205a810, 0x0205a8bc]
Event: 18.674 Thread 0x4463a000 1768 % !         java.lang.ref.Finalizer$FinalizerThread::run @ 33 (55 bytes)
Event: 18.674 Thread 0x4463a000 nmethod 1768% 0x01e62ec8 code [0x01e63020, 0x01e633d4]
Event: 23.575 Thread 0x4463a000 1769 %           com.android.dx.cf.direct.ClassPathOpener::processArchive @ 141 (221 bytes)
Event: 23.577 Thread 0x4463a000 nmethod 1769% 0x01f29a48 code [0x01f29cc0, 0x01f2abf0]
Event: 24.012 Thread 0x4463a000 1770   !         java.util.concurrent.ThreadPoolExecutor::addWorker (292 bytes)
Event: 24.014 Thread 0x4463a000 nmethod 1770 0x01df4188 code [0x01df4350, 0x01df4924]
Event: 24.056 Thread 0x4463a000 1771             java.util.concurrent.ThreadPoolExecutor::isShutdown (19 bytes)
Event: 24.056 Thread 0x4463a000 nmethod 1771 0x01e62c88 code [0x01e62d80, 0x01e62e30]

GC Heap History (10 events):
Event: 15.054 GC heap after
Heap after GC invocations=100 (full 8):
 def new generation   total 314560K, used 34943K [0x03e00000, 0x19350000, 0x19350000)
  eden space 279616K,   0% used [0x03e00000, 0x03e00000, 0x14f10000)
  from space 34944K,  99% used [0x17130000, 0x1934fff8, 0x19350000)
  to   space 34944K,   0% used [0x14f10000, 0x14f10000, 0x17130000)
 tenured generation   total 699072K, used 608108K [0x19350000, 0x43e00000, 0x43e00000)
   the space 699072K,  86% used [0x19350000, 0x3e52b180, 0x3e52b200, 0x43e00000)
 Metaspace       used 3550K, capacity 3598K, committed 3648K, reserved 4480K
}
Event: 16.220 GC heap before
{Heap before GC invocations=100 (full 8):
 def new generation   total 314560K, used 314559K [0x03e00000, 0x19350000, 0x19350000)
  eden space 279616K, 100% used [0x03e00000, 0x14f10000, 0x14f10000)
  from space 34944K,  99% used [0x17130000, 0x1934fff8, 0x19350000)
  to   space 34944K,   0% used [0x14f10000, 0x14f10000, 0x17130000)
 tenured generation   total 699072K, used 608108K [0x19350000, 0x43e00000, 0x43e00000)
   the space 699072K,  86% used [0x19350000, 0x3e52b180, 0x3e52b200, 0x43e00000)
 Metaspace       used 3550K, capacity 3598K, committed 3648K, reserved 4480K
Event: 16.394 GC heap after
Heap after GC invocations=101 (full 8):
 def new generation   total 314560K, used 34944K [0x03e00000, 0x19350000, 0x19350000)
  eden space 279616K,   0% used [0x03e00000, 0x03e00000, 0x14f10000)
  from space 34944K, 100% used [0x14f10000, 0x17130000, 0x17130000)
  to   space 34944K,   0% used [0x17130000, 0x17130000, 0x19350000)
 tenured generation   total 699072K, used 683084K [0x19350000, 0x43e00000, 0x43e00000)
   the space 699072K,  97% used [0x19350000, 0x42e63308, 0x42e63400, 0x43e00000)
 Metaspace       used 3550K, capacity 3598K, committed 3648K, reserved 4480K
}
Event: 17.196 GC heap before
{Heap before GC invocations=101 (full 8):
 def new generation   total 314560K, used 314560K [0x03e00000, 0x19350000, 0x19350000)
  eden space 279616K, 100% used [0x03e00000, 0x14f10000, 0x14f10000)
  from space 34944K, 100% used [0x14f10000, 0x17130000, 0x17130000)
  to   space 34944K,   0% used [0x17130000, 0x17130000, 0x19350000)
 tenured generation   total 699072K, used 683084K [0x19350000, 0x43e00000, 0x43e00000)
   the space 699072K,  97% used [0x19350000, 0x42e63308, 0x42e63400, 0x43e00000)
 Metaspace       used 3550K, capacity 3598K, committed 3648K, reserved 4480K
Event: 18.671 GC heap after
Heap after GC invocations=102 (full 9):
 def new generation   total 314560K, used 0K [0x03e00000, 0x19350000, 0x19350000)
  eden space 279616K,   0% used [0x03e00000, 0x03e00000, 0x14f10000)
  from space 34944K,   0% used [0x14f10000, 0x14f10000, 0x17130000)
  to   space 34944K,   0% used [0x17130000, 0x17130000, 0x19350000)
 tenured generation   total 699072K, used 603701K [0x19350000, 0x43e00000, 0x43e00000)
   the space 699072K,  86% used [0x19350000, 0x3e0dd428, 0x3e0dd600, 0x43e00000)
 Metaspace       used 3550K, capacity 3598K, committed 3648K, reserved 4480K
}
Event: 20.190 GC heap before
{Heap before GC invocations=102 (full 9):
 def new generation   total 314560K, used 279616K [0x03e00000, 0x19350000, 0x19350000)
  eden space 279616K, 100% used [0x03e00000, 0x14f10000, 0x14f10000)
  from space 34944K,   0% used [0x14f10000, 0x14f10000, 0x17130000)
  to   space 34944K,   0% used [0x17130000, 0x17130000, 0x19350000)
 tenured generation   total 699072K, used 603701K [0x19350000, 0x43e00000, 0x43e00000)
   the space 699072K,  86% used [0x19350000, 0x3e0dd428, 0x3e0dd600, 0x43e00000)
 Metaspace       used 3550K, capacity 3598K, committed 3648K, reserved 4480K
Event: 20.276 GC heap after
Heap after GC invocations=103 (full 9):
 def new generation   total 314560K, used 34944K [0x03e00000, 0x19350000, 0x19350000)
  eden space 279616K,   0% used [0x03e00000, 0x03e00000, 0x14f10000)
  from space 34944K, 100% used [0x17130000, 0x19350000, 0x19350000)
  to   space 34944K,   0% used [0x14f10000, 0x14f10000, 0x17130000)
 tenured generation   total 699072K, used 651403K [0x19350000, 0x43e00000, 0x43e00000)
   the space 699072K,  93% used [0x19350000, 0x40f72d18, 0x40f72e00, 0x43e00000)
 Metaspace       used 3550K, capacity 3598K, committed 3648K, reserved 4480K
}
Event: 21.715 GC heap before
{Heap before GC invocations=103 (full 9):
 def new generation   total 314560K, used 314560K [0x03e00000, 0x19350000, 0x19350000)
  eden space 279616K, 100% used [0x03e00000, 0x14f10000, 0x14f10000)
  from space 34944K, 100% used [0x17130000, 0x19350000, 0x19350000)
  to   space 34944K,   0% used [0x14f10000, 0x14f10000, 0x17130000)
 tenured generation   total 699072K, used 651403K [0x19350000, 0x43e00000, 0x43e00000)
   the space 699072K,  93% used [0x19350000, 0x40f72d18, 0x40f72e00, 0x43e00000)
 Metaspace       used 3550K, capacity 3598K, committed 3648K, reserved 4480K
Event: 23.231 GC heap after
Heap after GC invocations=104 (full 10):
 def new generation   total 314560K, used 15370K [0x03e00000, 0x19350000, 0x19350000)
  eden space 279616K,   5% used [0x03e00000, 0x04d02aa8, 0x14f10000)
  from space 34944K,   0% used [0x17130000, 0x17130000, 0x19350000)
  to   space 34944K,   0% used [0x14f10000, 0x14f10000, 0x17130000)
 tenured generation   total 699072K, used 699071K [0x19350000, 0x43e00000, 0x43e00000)
   the space 699072K,  99% used [0x19350000, 0x43dffeb8, 0x43e00000, 0x43e00000)
 Metaspace       used 3550K, capacity 3598K, committed 3648K, reserved 4480K
}
Event: 24.113 GC heap before
{Heap before GC invocations=104 (full 10):
 def new generation   total 314560K, used 314559K [0x03e00000, 0x19350000, 0x19350000)
  eden space 279616K, 100% used [0x03e00000, 0x14f10000, 0x14f10000)
  from space 34944K,  99% used [0x17130000, 0x1934fff8, 0x19350000)
  to   space 34944K,   0% used [0x14f10000, 0x14f10000, 0x17130000)
 tenured generation   total 699072K, used 699071K [0x19350000, 0x43e00000, 0x43e00000)
   the space 699072K,  99% used [0x19350000, 0x43dffff0, 0x43e00000, 0x43e00000)
 Metaspace       used 3550K, capacity 3598K, committed 3648K, reserved 4480K

Deoptimization events (0 events):
No events

Internal exceptions (5 events):
Event: 0.039 Thread 0x0121bc00 Exception <a 'java/lang/NoSuchMethodError': Method sun.misc.Unsafe.defineClass(Ljava/lang/String;[BII)Ljava/lang/Class; name or signature does not match> (0x03e06ea8) thrown at [C:\re\workspace\8-2-build-windows-i586-cygwin\jdk8u101\7261\hotspot\src\share\4÷YÕ­Æ£?
Event: 0.039 Thread 0x0121bc00 Exception <a 'java/lang/NoSuchMethodError': Method sun.misc.Unsafe.prefetchRead(Ljava/lang/Object;J)V name or signature does not match> (0x03e07178) thrown at [C:\re\workspace\8-2-build-windows-i586-cygwin\jdk8u101\7261\hotspot\src\share\vm\prims\jni.cpp, ší.ìŠgë?
Event: 0.856 Thread 0x4478d800 Exception <a 'java/lang/ArrayIndexOutOfBoundsException': 18> (0x03f17388) thrown at [C:\re\workspace\8-2-build-windows-i586-cygwin\jdk8u101\7261\hotspot\src\share\vm\interpreter\interpreterRuntime.cpp, line 366]
Event: 0.857 Thread 0x4478d800 Exception <a 'java/lang/ArrayIndexOutOfBoundsException': 145> (0x03f61b10) thrown at [C:\re\workspace\8-2-build-windows-i586-cygwin\jdk8u101\7261\hotspot\src\share\vm\interpreter\interpreterRuntime.cpp, line 366]
Event: 0.857 Thread 0x4478d800 Exception <a 'java/lang/ArrayIndexOutOfBoundsException': 40> (0x03f62bf0) thrown at [C:\re\workspace\8-2-build-windows-i586-cygwin\jdk8u101\7261\hotspot\src\share\vm\interpreter\interpreterRuntime.cpp, line 366]

Events (10 events):
Event: 18.674 Thread 0x4463a000 flushing nmethod 0x01eb2748
Event: 18.674 Thread 0x4463a000 flushing nmethod 0x01ec8988
Event: 18.674 Thread 0x4463a000 flushing nmethod 0x01ec9a48
Event: 18.675 Thread 0x4463a000 flushing nmethod 0x01f29a48
Event: 20.190 Executing VM operation: GenCollectForAllocation
Event: 20.277 Executing VM operation: GenCollectForAllocation done
Event: 21.714 Executing VM operation: GenCollectForAllocation
Event: 23.231 Executing VM operation: GenCollectForAllocation done
Event: 23.577 Thread 0x4463a000 flushing nmethod 0x01fab8c8
Event: 24.113 Executing VM operation: GenCollectForAllocation


Dynamic libraries:
0x01390000 - 0x013c3000 	C:\Program Files\Java\jdk1.8.0_101\bin\java.exe
0x76ec0000 - 0x76ffc000 	C:\Windows\SYSTEM32\ntdll.dll
0x76c40000 - 0x76d14000 	C:\Windows\system32\kernel32.dll
0x752c0000 - 0x7530a000 	C:\Windows\system32\KERNELBASE.dll
0x756d0000 - 0x75770000 	C:\Windows\system32\ADVAPI32.dll
0x76d20000 - 0x76dcc000 	C:\Windows\system32\msvcrt.dll
0x75680000 - 0x75699000 	C:\Windows\SYSTEM32\sechost.dll
0x76b40000 - 0x76be1000 	C:\Windows\system32\RPCRT4.dll
0x75310000 - 0x753d9000 	C:\Windows\system32\USER32.dll
0x75b70000 - 0x75bbe000 	C:\Windows\system32\GDI32.dll
0x76c20000 - 0x76c2a000 	C:\Windows\system32\LPK.dll
0x755e0000 - 0x7567d000 	C:\Windows\system32\USP10.dll
0x73d20000 - 0x73ebe000 	C:\Windows\WinSxS\x86_microsoft.windows.common-controls_6595b64144ccf1df_6.0.7600.16385_none_421189da2b7fabfc\COMCTL32.dll
0x75ad0000 - 0x75b27000 	C:\Windows\system32\SHLWAPI.dll
0x76bf0000 - 0x76c0f000 	C:\Windows\system32\IMM32.DLL
0x76810000 - 0x768dc000 	C:\Windows\system32\MSCTF.dll
0x65510000 - 0x655cf000 	C:\Program Files\Java\jdk1.8.0_101\jre\bin\msvcr100.dll
0x64390000 - 0x6475c000 	C:\Program Files\Java\jdk1.8.0_101\jre\bin\client\jvm.dll
0x70cb0000 - 0x70cb7000 	C:\Windows\system32\WSOCK32.dll
0x75b30000 - 0x75b65000 	C:\Windows\system32\WS2_32.dll
0x76c30000 - 0x76c36000 	C:\Windows\system32\NSI.dll
0x70630000 - 0x70662000 	C:\Windows\system32\WINMM.dll
0x74510000 - 0x74519000 	C:\Windows\system32\VERSION.dll
0x76c10000 - 0x76c15000 	C:\Windows\system32\PSAPI.DLL
0x673a0000 - 0x673ac000 	C:\Program Files\Java\jdk1.8.0_101\jre\bin\verify.dll
0x66190000 - 0x661b1000 	C:\Program Files\Java\jdk1.8.0_101\jre\bin\java.dll
0x66170000 - 0x66183000 	C:\Program Files\Java\jdk1.8.0_101\jre\bin\zip.dll
0x75bc0000 - 0x76809000 	C:\Windows\system32\SHELL32.dll
0x769e0000 - 0x76b3c000 	C:\Windows\system32\ole32.dll
0x75010000 - 0x7501b000 	C:\Windows\system32\profapi.dll
0x72d70000 - 0x72e5b000 	C:\Windows\system32\dbghelp.dll

VM Arguments:
jvm_args: -Djava.awt.headless=true -Xmx1024M -Dfile.encoding=windows-1252 -Duser.country=US -Duser.language=en -Duser.variant 
java_command: com.android.dx.command.Main --dex --num-threads=4 --multi-dex --main-dex-list E:\SandeepProjectResources\MobipugNew\Mobipug27.10.18\MobipugSource\app\build\intermediates\multi-dex\debug\maindexlist.txt --output E:\SandeepProjectResources\MobipugNew\Mobipug27.10.18\MobipugSource\app\build\intermediates\transforms\dex\debug\folders\1000\1f\main E:\SandeepProjectResources\MobipugNew\Mobipug27.10.18\MobipugSource\app\build\intermediates\transforms\jarMerging\debug\jars\1\1f\combined.jar
java_class_path (initial): C:\Users\android-4\AppData\Local\Android\Sdk\build-tools\26.0.2\lib\dx.jar
Launcher Type: SUN_STANDARD

Environment Variables:
PATH=C:\ProgramData\Oracle\Java\javapath;C:\Windows\system32;C:\Windows;C:\Windows\System32\Wbem;C:\Windows\System32\WindowsPowerShell\v1.0\;C:\Program Files\Intel\OpenCL SDK\2.0\bin\x86;C:\Program Files\Skype\Phone\
USERNAME=android-4
OS=Windows_NT
PROCESSOR_IDENTIFIER=x86 Family 6 Model 42 Stepping 7, GenuineIntel



---------------  S Y S T E M  ---------------

OS: Windows 7 Build 7600 (6.1.7600.16385)

CPU:total 4 (2 cores per cpu, 2 threads per core) family 6 model 42 stepping 7, cmov, cx8, fxsr, mmx, sse, sse2, sse3, ssse3, sse4.1, sse4.2, popcnt, clmul, ht, tsc, tscinvbit

Memory: 4k page, physical 3578328k(278420k free), swap 24056564k(18642956k free)

vm_info: Java HotSpot(TM) Client VM (25.101-b13) for windows-x86 JRE (1.8.0_101-b13), built on Jun 22 2016 00:45:44 by "java_re" with MS VC++ 10.0 (VS2010)

time: Fri Nov 16 19:00:50 2018
elapsed time: 25 seconds (0d 0h 0m 25s)

