#
# A fatal error has been detected by the Java Runtime Environment:
#
#  EXCEPTION_ACCESS_VIOLATION (0xc0000005) at pc=0x5cce4da9, pid=5752, tid=0x000016a0
#
# JRE version: Java(TM) SE Runtime Environment (8.0_101-b13) (build 1.8.0_101-b13)
# Java VM: Java HotSpot(TM) Client VM (25.101-b13 mixed mode windows-x86 )
# Problematic frame:
# V  [jvm.dll+0x1b4da9]
#
# Failed to write core dump. Minidumps are not enabled by default on client versions of Windows
#
# If you would like to submit a bug report, please visit:
#   http://bugreport.java.com/bugreport/crash.jsp
#

---------------  T H R E A D  ---------------

Current thread (0x443ea800):  VMThread [stack: 0x445d0000,0x44620000] [id=5792]

siginfo: ExceptionCode=0xc0000005, reading address 0x00000089

Registers:
EAX=0x34ab6a98, EBX=0x445b6bd0, ECX=0x34cc56b8, EDX=0x00000001
ESP=0x4461f030, EBP=0x4461f048, ESI=0x445b6bc8, EDI=0x5ce994cc
EIP=0x5cce4da9, EFLAGS=0x00010206

Top of Stack: (sp=0x4461f030)
0x4461f030:   34ab6a98 5ce994cc 445b6bc8 445b6bd0
0x4461f040:   5ce994cc 445b6bc8 4461f054 5cce4fac
0x4461f050:   00000003 4461f070 5cc8883a 445b6bc8
0x4461f060:   445b2c00 5ce994cc 00000000 445b2090
0x4461f070:   4461f258 5cca9eef 5ce994cc 00000001
0x4461f080:   445b2c00 00000000 00000000 00000000
0x4461f090:   00000000 4461f2e4 4461f10c 00000012
0x4461f0a0:   4461f2d0 5ce994f0 4461f354 ffffffff 

Instructions: (pc=0x5cce4da9)
0x5cce4d89:   23 f0 29 35 50 94 e9 5c a3 4c 94 e9 5c 8b c7 eb
0x5cce4d99:   09 48 a3 4c 94 e9 5c 8b 04 81 8b 48 04 8b 11 50
0x5cce4da9:   8b 82 88 00 00 00 ff d0 8b 0d 58 94 e9 5c 85 c9
0x5cce4db9:   0f 85 51 ff ff ff a1 7c 94 e9 5c 85 c0 0f 84 b8 


Register to memory mapping:

EAX=0x34ab6a98 is pointing into object: 0x34ab6a90
com.android.dx.rop.code.RegisterSpecList 
 - klass: 'com/android/dx/rop/code/RegisterSpecList'
EBX=0x445b6bd0 is an unknown value
ECX=0x34cc56b8 is an oop
[Ljava.lang.Object; 
 - klass: 'java/lang/Object'[]
 - length: 1
EDX=0x00000001 is an unknown value
ESP=0x4461f030 is an unknown value
EBP=0x4461f048 is an unknown value
ESI=0x445b6bc8 is an unknown value
EDI=0x5ce994cc is an unknown value


Stack: [0x445d0000,0x44620000],  sp=0x4461f030,  free space=316k
Native frames: (J=compiled Java code, j=interpreted, Vv=VM code, C=native code)
V  [jvm.dll+0x1b4da9]
V  [jvm.dll+0x1b4fac]
V  [jvm.dll+0x15883a]
V  [jvm.dll+0x179eef]
V  [jvm.dll+0x1789ea]
V  [jvm.dll+0x97fb0]
V  [jvm.dll+0x992a1]
V  [jvm.dll+0x9b020]
V  [jvm.dll+0x9b489]
V  [jvm.dll+0x9a27f]
V  [jvm.dll+0xa64b2]
V  [jvm.dll+0x98e73]
V  [jvm.dll+0x92e25]
V  [jvm.dll+0x1b81c6]
V  [jvm.dll+0x18292b]
V  [jvm.dll+0x181d31]
V  [jvm.dll+0x182147]
V  [jvm.dll+0x182342]
V  [jvm.dll+0x1c1ed6]
C  [msvcr100.dll+0x5c556]
C  [msvcr100.dll+0x5c600]
C  [kernel32.dll+0x51174]
C  [ntdll.dll+0x5b3f5]
C  [ntdll.dll+0x5b3c8]

VM_Operation (0x44a4ec68): GenCollectForAllocation, mode: safepoint, requested by thread 0x445b2c00


---------------  P R O C E S S  ---------------

Java Threads: ( => current thread )
  0x445b2c00 JavaThread "pool-2-thread-4" [_thread_blocked, id=5840, stack(0x44a00000,0x44a50000)]
  0x445b4000 JavaThread "pool-2-thread-3" [_thread_blocked, id=5836, stack(0x44a70000,0x44ac0000)]
  0x445af000 JavaThread "pool-2-thread-2" [_thread_blocked, id=5832, stack(0x44b20000,0x44b70000)]
  0x44588c00 JavaThread "pool-3-thread-1" [_thread_blocked, id=5860, stack(0x01170000,0x011c0000)]
  0x44588400 JavaThread "pool-2-thread-1" [_thread_blocked, id=5852, stack(0x44860000,0x448b0000)]
  0x44454800 JavaThread "Service Thread" daemon [_thread_blocked, id=5784, stack(0x448e0000,0x44930000)]
  0x4443a400 JavaThread "C1 CompilerThread0" daemon [_thread_blocked, id=5788, stack(0x44700000,0x44750000)]
  0x44439000 JavaThread "Attach Listener" daemon [_thread_blocked, id=5808, stack(0x01870000,0x018c0000)]
  0x44436000 JavaThread "Signal Dispatcher" daemon [_thread_blocked, id=5804, stack(0x447e0000,0x44830000)]
  0x44416c00 JavaThread "Finalizer" daemon [_thread_blocked, id=5800, stack(0x44780000,0x447d0000)]
  0x443f0400 JavaThread "Reference Handler" daemon [_thread_blocked, id=5796, stack(0x01200000,0x01250000)]
  0x0126bc00 JavaThread "main" [_thread_blocked, id=5820, stack(0x018c0000,0x01910000)]

Other Threads:
=>0x443ea800 VMThread [stack: 0x445d0000,0x44620000] [id=5792]
  0x4443f000 WatcherThread [stack: 0x44950000,0x449a0000] [id=5856]

VM state:at safepoint (normal execution)

VM Mutex/Monitor currently owned by a thread:  ([mutex/lock_event])
[0x0126a230] Threads_lock - owner thread: 0x443ea800
[0x0126a640] Heap_lock - owner thread: 0x445b2c00

Heap:
 def new generation   total 314560K, used 314560K [0x03c00000, 0x19150000, 0x19150000)
  eden space 279616K, 100% used [0x03c00000, 0x14d10000, 0x14d10000)
  from space 34944K, 100% used [0x16f30000, 0x19150000, 0x19150000)
  to   space 34944K,   0% used [0x14d10000, 0x14d10000, 0x16f30000)
 tenured generation   total 699072K, used 650154K [0x19150000, 0x43c00000, 0x43c00000)
   the space 699072K,  93% used [0x19150000, 0x40c3a8c8, 0x40c3aa00, 0x43c00000)
 Metaspace       used 3550K, capacity 3598K, committed 3648K, reserved 4480K

Card table byte_map: [0x43c00000,0x43e10000] byte_map_base: 0x43be2000

Polling page: 0x00360000

CodeCache: size=32768Kb used=3682Kb max_used=3682Kb free=29085Kb
 bounds [0x01be0000, 0x01f80000, 0x03be0000]
 total_blobs=1901 nmethods=1754 adapters=77
 compilation: enabled

Compilation events (10 events):
Event: 15.271 Thread 0x4443a400 1752             com.android.dx.util.BitIntSet::iterator (9 bytes)
Event: 15.271 Thread 0x4443a400 nmethod 1752 0x01f74b48 code [0x01f74c50, 0x01f74d3c]
Event: 15.316 Thread 0x4443a400 1753             com.android.dx.util.Bits::bitCount (29 bytes)
Event: 15.316 Thread 0x4443a400 nmethod 1753 0x01f74dc8 code [0x01f74ed0, 0x01f74fac]
Event: 15.604 Thread 0x4443a400 1754             com.android.dx.ssa.back.RegisterAllocator::insertMoveBefore (240 bytes)
Event: 15.606 Thread 0x4443a400 nmethod 1754 0x01f75088 code [0x01f75330, 0x01f75e7c]
Event: 15.650 Thread 0x4443a400 1755             java.util.HashMap$TreeNode::putTreeVal (314 bytes)
Event: 15.651 Thread 0x4443a400 nmethod 1755 0x01f772c8 code [0x01f77460, 0x01f778fc]
Event: 15.940 Thread 0x4443a400 1756             com.android.dx.ssa.back.FirstFitLocalCombiningAllocator::ssaSetToSpecs (57 bytes)
Event: 15.941 Thread 0x4443a400 nmethod 1756 0x01f77e88 code [0x01f78020, 0x01f7840c]

GC Heap History (10 events):
Event: 10.775 GC heap after
Heap after GC invocations=98 (full 7):
 def new generation   total 220864K, used 24512K [0x03c00000, 0x12ba0000, 0x19150000)
  eden space 196352K,   0% used [0x03c00000, 0x03c00000, 0x0fbc0000)
  from space 24512K, 100% used [0x113b0000, 0x12ba0000, 0x12ba0000)
  to   space 24512K,   0% used [0x0fbc0000, 0x0fbc0000, 0x113b0000)
 tenured generation   total 490628K, used 475971K [0x19150000, 0x37071000, 0x43c00000)
   the space 490628K,  97% used [0x19150000, 0x36220fa0, 0x36221000, 0x37071000)
 Metaspace       used 3546K, capacity 3598K, committed 3648K, reserved 4480K
}
Event: 11.116 GC heap before
{Heap before GC invocations=98 (full 7):
 def new generation   total 220864K, used 220864K [0x03c00000, 0x12ba0000, 0x19150000)
  eden space 196352K, 100% used [0x03c00000, 0x0fbc0000, 0x0fbc0000)
  from space 24512K, 100% used [0x113b0000, 0x12ba0000, 0x12ba0000)
  to   space 24512K,   0% used [0x0fbc0000, 0x0fbc0000, 0x113b0000)
 tenured generation   total 490628K, used 475971K [0x19150000, 0x37071000, 0x43c00000)
   the space 490628K,  97% used [0x19150000, 0x36220fa0, 0x36221000, 0x37071000)
 Metaspace       used 3546K, capacity 3598K, committed 3648K, reserved 4480K
Event: 12.729 GC heap after
Heap after GC invocations=99 (full 8):
 def new generation   total 314560K, used 6419K [0x03c00000, 0x19150000, 0x19150000)
  eden space 279616K,   2% used [0x03c00000, 0x04244c70, 0x14d10000)
  from space 34944K,   0% used [0x14d10000, 0x14d10000, 0x16f30000)
  to   space 34944K,   0% used [0x16f30000, 0x16f30000, 0x19150000)
 tenured generation   total 699072K, used 505219K [0x19150000, 0x43c00000, 0x43c00000)
   the space 699072K,  72% used [0x19150000, 0x37eb0ff0, 0x37eb1000, 0x43c00000)
 Metaspace       used 3546K, capacity 3598K, committed 3648K, reserved 4480K
}
Event: 14.426 GC heap before
{Heap before GC invocations=99 (full 8):
 def new generation   total 314560K, used 279616K [0x03c00000, 0x19150000, 0x19150000)
  eden space 279616K, 100% used [0x03c00000, 0x14d10000, 0x14d10000)
  from space 34944K,   0% used [0x14d10000, 0x14d10000, 0x16f30000)
  to   space 34944K,   0% used [0x16f30000, 0x16f30000, 0x19150000)
 tenured generation   total 699072K, used 505219K [0x19150000, 0x43c00000, 0x43c00000)
   the space 699072K,  72% used [0x19150000, 0x37eb0ff0, 0x37eb1000, 0x43c00000)
 Metaspace       used 3546K, capacity 3598K, committed 3648K, reserved 4480K
Event: 14.823 GC heap after
Heap after GC invocations=100 (full 8):
 def new generation   total 314560K, used 34943K [0x03c00000, 0x19150000, 0x19150000)
  eden space 279616K,   0% used [0x03c00000, 0x03c00000, 0x14d10000)
  from space 34944K,  99% used [0x16f30000, 0x1914fff8, 0x19150000)
  to   space 34944K,   0% used [0x14d10000, 0x14d10000, 0x16f30000)
 tenured generation   total 699072K, used 557243K [0x19150000, 0x43c00000, 0x43c00000)
   the space 699072K,  79% used [0x19150000, 0x3b17ee50, 0x3b17f000, 0x43c00000)
 Metaspace       used 3546K, capacity 3598K, committed 3648K, reserved 4480K
}
Event: 15.342 GC heap before
{Heap before GC invocations=100 (full 8):
 def new generation   total 314560K, used 314559K [0x03c00000, 0x19150000, 0x19150000)
  eden space 279616K, 100% used [0x03c00000, 0x14d10000, 0x14d10000)
  from space 34944K,  99% used [0x16f30000, 0x1914fff8, 0x19150000)
  to   space 34944K,   0% used [0x14d10000, 0x14d10000, 0x16f30000)
 tenured generation   total 699072K, used 557243K [0x19150000, 0x43c00000, 0x43c00000)
   the space 699072K,  79% used [0x19150000, 0x3b17ee50, 0x3b17f000, 0x43c00000)
 Metaspace       used 3550K, capacity 3598K, committed 3648K, reserved 4480K
Event: 15.491 GC heap after
Heap after GC invocations=101 (full 8):
 def new generation   total 314560K, used 34944K [0x03c00000, 0x19150000, 0x19150000)
  eden space 279616K,   0% used [0x03c00000, 0x03c00000, 0x14d10000)
  from space 34944K, 100% used [0x14d10000, 0x16f30000, 0x16f30000)
  to   space 34944K,   0% used [0x16f30000, 0x16f30000, 0x19150000)
 tenured generation   total 699072K, used 600946K [0x19150000, 0x43c00000, 0x43c00000)
   the space 699072K,  85% used [0x19150000, 0x3dc2c880, 0x3dc2ca00, 0x43c00000)
 Metaspace       used 3550K, capacity 3598K, committed 3648K, reserved 4480K
}
Event: 16.383 GC heap before
{Heap before GC invocations=101 (full 8):
 def new generation   total 314560K, used 314560K [0x03c00000, 0x19150000, 0x19150000)
  eden space 279616K, 100% used [0x03c00000, 0x14d10000, 0x14d10000)
  from space 34944K, 100% used [0x14d10000, 0x16f30000, 0x16f30000)
  to   space 34944K,   0% used [0x16f30000, 0x16f30000, 0x19150000)
 tenured generation   total 699072K, used 600946K [0x19150000, 0x43c00000, 0x43c00000)
   the space 699072K,  85% used [0x19150000, 0x3dc2c880, 0x3dc2ca00, 0x43c00000)
 Metaspace       used 3550K, capacity 3598K, committed 3648K, reserved 4480K
Event: 16.498 GC heap after
Heap after GC invocations=102 (full 8):
 def new generation   total 314560K, used 34944K [0x03c00000, 0x19150000, 0x19150000)
  eden space 279616K,   0% used [0x03c00000, 0x03c00000, 0x14d10000)
  from space 34944K, 100% used [0x16f30000, 0x19150000, 0x19150000)
  to   space 34944K,   0% used [0x14d10000, 0x14d10000, 0x16f30000)
 tenured generation   total 699072K, used 650154K [0x19150000, 0x43c00000, 0x43c00000)
   the space 699072K,  93% used [0x19150000, 0x40c3a8c8, 0x40c3aa00, 0x43c00000)
 Metaspace       used 3550K, capacity 3598K, committed 3648K, reserved 4480K
}
Event: 18.094 GC heap before
{Heap before GC invocations=102 (full 8):
 def new generation   total 314560K, used 314560K [0x03c00000, 0x19150000, 0x19150000)
  eden space 279616K, 100% used [0x03c00000, 0x14d10000, 0x14d10000)
  from space 34944K, 100% used [0x16f30000, 0x19150000, 0x19150000)
  to   space 34944K,   0% used [0x14d10000, 0x14d10000, 0x16f30000)
 tenured generation   total 699072K, used 650154K [0x19150000, 0x43c00000, 0x43c00000)
   the space 699072K,  93% used [0x19150000, 0x40c3a8c8, 0x40c3aa00, 0x43c00000)
 Metaspace       used 3550K, capacity 3598K, committed 3648K, reserved 4480K

Deoptimization events (0 events):
No events

Internal exceptions (5 events):
Event: 0.024 Thread 0x0126bc00 Exception <a 'java/lang/NoSuchMethodError': Method sun.misc.Unsafe.defineClass(Ljava/lang/String;[BII)Ljava/lang/Class; name or signature does not match> (0x03c06ea8) thrown at [C:\re\workspace\8-2-build-windows-i586-cygwin\jdk8u101\7261\hotspot\src\share\Çß±tYI˜?
Event: 0.024 Thread 0x0126bc00 Exception <a 'java/lang/NoSuchMethodError': Method sun.misc.Unsafe.prefetchRead(Ljava/lang/Object;J)V name or signature does not match> (0x03c07178) thrown at [C:\re\workspace\8-2-build-windows-i586-cygwin\jdk8u101\7261\hotspot\src\share\vm\prims\jni.cpp, '%X:• ë?
Event: 0.848 Thread 0x44588400 Exception <a 'java/lang/ArrayIndexOutOfBoundsException': 18> (0x03df4ad0) thrown at [C:\re\workspace\8-2-build-windows-i586-cygwin\jdk8u101\7261\hotspot\src\share\vm\interpreter\interpreterRuntime.cpp, line 366]
Event: 0.848 Thread 0x44588400 Exception <a 'java/lang/ArrayIndexOutOfBoundsException': 145> (0x03df6370) thrown at [C:\re\workspace\8-2-build-windows-i586-cygwin\jdk8u101\7261\hotspot\src\share\vm\interpreter\interpreterRuntime.cpp, line 366]
Event: 0.849 Thread 0x44588400 Exception <a 'java/lang/ArrayIndexOutOfBoundsException': 40> (0x03e44198) thrown at [C:\re\workspace\8-2-build-windows-i586-cygwin\jdk8u101\7261\hotspot\src\share\vm\interpreter\interpreterRuntime.cpp, line 366]

Events (10 events):
Event: 14.915 loading class com/android/dx/util/ListIntSet$1 done
Event: 14.915 Executing VM operation: Deoptimize
Event: 14.915 Executing VM operation: Deoptimize done
Event: 14.915 Thread 0x445af000 DEOPT PACKING pc=0x01f5d1b8 sp=0x44b6f2f0
Event: 14.915 Thread 0x445af000 DEOPT UNPACKING pc=0x01c1c5db sp=0x44b6f258 mode 0
Event: 15.342 Executing VM operation: GenCollectForAllocation
Event: 15.491 Executing VM operation: GenCollectForAllocation done
Event: 16.383 Executing VM operation: GenCollectForAllocation
Event: 16.499 Executing VM operation: GenCollectForAllocation done
Event: 18.094 Executing VM operation: GenCollectForAllocation


Dynamic libraries:
0x012a0000 - 0x012d3000 	C:\Program Files\Java\jdk1.8.0_101\bin\java.exe
0x77320000 - 0x7745c000 	C:\Windows\SYSTEM32\ntdll.dll
0x76880000 - 0x76954000 	C:\Windows\system32\kernel32.dll
0x75700000 - 0x7574a000 	C:\Windows\system32\KERNELBASE.dll
0x76dc0000 - 0x76e60000 	C:\Windows\system32\ADVAPI32.dll
0x76fa0000 - 0x7704c000 	C:\Windows\system32\msvcrt.dll
0x77480000 - 0x77499000 	C:\Windows\SYSTEM32\sechost.dll
0x76960000 - 0x76a01000 	C:\Windows\system32\RPCRT4.dll
0x76ec0000 - 0x76f89000 	C:\Windows\system32\USER32.dll
0x76620000 - 0x7666e000 	C:\Windows\system32\GDI32.dll
0x77460000 - 0x7746a000 	C:\Windows\system32\LPK.dll
0x76a10000 - 0x76aad000 	C:\Windows\system32\USP10.dll
0x74280000 - 0x7441e000 	C:\Windows\WinSxS\x86_microsoft.windows.common-controls_6595b64144ccf1df_6.0.7600.16385_none_421189da2b7fabfc\COMCTL32.dll
0x77050000 - 0x770a7000 	C:\Windows\system32\SHLWAPI.dll
0x76700000 - 0x7671f000 	C:\Windows\system32\IMM32.DLL
0x77250000 - 0x7731c000 	C:\Windows\system32\MSCTF.dll
0x5cf00000 - 0x5cfbf000 	C:\Program Files\Java\jdk1.8.0_101\jre\bin\msvcr100.dll
0x5cb30000 - 0x5cefc000 	C:\Program Files\Java\jdk1.8.0_101\jre\bin\client\jvm.dll
0x70a20000 - 0x70a27000 	C:\Windows\system32\WSOCK32.dll
0x76bb0000 - 0x76be5000 	C:\Windows\system32\WS2_32.dll
0x76f90000 - 0x76f96000 	C:\Windows\system32\NSI.dll
0x70d40000 - 0x70d72000 	C:\Windows\system32\WINMM.dll
0x74970000 - 0x74979000 	C:\Windows\system32\VERSION.dll
0x77470000 - 0x77475000 	C:\Windows\system32\PSAPI.DLL
0x661e0000 - 0x661ec000 	C:\Program Files\Java\jdk1.8.0_101\jre\bin\verify.dll
0x65f80000 - 0x65fa1000 	C:\Program Files\Java\jdk1.8.0_101\jre\bin\java.dll
0x65f60000 - 0x65f73000 	C:\Program Files\Java\jdk1.8.0_101\jre\bin\zip.dll
0x759d0000 - 0x76619000 	C:\Windows\system32\SHELL32.dll
0x76720000 - 0x7687c000 	C:\Windows\system32\ole32.dll
0x75470000 - 0x7547b000 	C:\Windows\system32\profapi.dll
0x731d0000 - 0x732bb000 	C:\Windows\system32\dbghelp.dll

VM Arguments:
jvm_args: -Djava.awt.headless=true -Xmx1024M -Dfile.encoding=windows-1252 -Duser.country=US -Duser.language=en -Duser.variant 
java_command: com.android.dx.command.Main --dex --num-threads=4 --multi-dex --main-dex-list E:\SandeepProjectResources\MobipugNew\Mobipug27.10.18\MobipugSource\app\build\intermediates\multi-dex\debug\maindexlist.txt --output E:\SandeepProjectResources\MobipugNew\Mobipug27.10.18\MobipugSource\app\build\intermediates\transforms\dex\debug\folders\1000\1f\main E:\SandeepProjectResources\MobipugNew\Mobipug27.10.18\MobipugSource\app\build\intermediates\transforms\jarMerging\debug\jars\1\1f\combined.jar
java_class_path (initial): C:\Users\android-4\AppData\Local\Android\Sdk\build-tools\26.0.2\lib\dx.jar
Launcher Type: SUN_STANDARD

Environment Variables:
PATH=C:\ProgramData\Oracle\Java\javapath;C:\Windows\system32;C:\Windows;C:\Windows\System32\Wbem;C:\Windows\System32\WindowsPowerShell\v1.0\;C:\Program Files\Intel\OpenCL SDK\2.0\bin\x86;C:\Program Files\Skype\Phone\
USERNAME=android-4
OS=Windows_NT
PROCESSOR_IDENTIFIER=x86 Family 6 Model 42 Stepping 7, GenuineIntel



---------------  S Y S T E M  ---------------

OS: Windows 7 Build 7600 (6.1.7600.16385)

CPU:total 4 (2 cores per cpu, 2 threads per core) family 6 model 42 stepping 7, cmov, cx8, fxsr, mmx, sse, sse2, sse3, ssse3, sse4.1, sse4.2, popcnt, clmul, ht, tsc, tscinvbit

Memory: 4k page, physical 3578328k(372492k free), swap 24056564k(19989604k free)

vm_info: Java HotSpot(TM) Client VM (25.101-b13) for windows-x86 JRE (1.8.0_101-b13), built on Jun 22 2016 00:45:44 by "java_re" with MS VC++ 10.0 (VS2010)

time: Tue Nov 06 10:35:46 2018
elapsed time: 18 seconds (0d 0h 0m 18s)

