#
# A fatal error has been detected by the Java Runtime Environment:
#
#  EXCEPTION_ACCESS_VIOLATION (0xc0000005) at pc=0x504d4da9, pid=4516, tid=0x000005a0
#
# JRE version: Java(TM) SE Runtime Environment (8.0_101-b13) (build 1.8.0_101-b13)
# Java VM: Java HotSpot(TM) Client VM (25.101-b13 mixed mode windows-x86 )
# Problematic frame:
# V  [jvm.dll+0x1b4da9]
#
# Failed to write core dump. Minidumps are not enabled by default on client versions of Windows
#
# If you would like to submit a bug report, please visit:
#   http://bugreport.java.com/bugreport/crash.jsp
#

---------------  T H R E A D  ---------------

Current thread (0x443ea800):  VMThread [stack: 0x44680000,0x446d0000] [id=1440]

siginfo: ExceptionCode=0xc0000005, reading address 0x00000089

Registers:
EAX=0x2ed2c218, EBX=0x445bf928, ECX=0x2ef4dd10, EDX=0x00000001
ESP=0x446cf3d0, EBP=0x446cf3e8, ESI=0x445bf920, EDI=0x506894cc
EIP=0x504d4da9, EFLAGS=0x00010202

Top of Stack: (sp=0x446cf3d0)
0x446cf3d0:   2ed2c218 506894cc 445bf920 445bf928
0x446cf3e0:   506894cc 445bf920 446cf3f4 504d4fac
0x446cf3f0:   00000003 446cf410 5047883a 445bf920
0x446cf400:   445bc400 506894cc 00000000 445bf248
0x446cf410:   446cf5f8 50499eef 506894cc 00000001
0x446cf420:   445bc400 00000000 00000000 00000000
0x446cf430:   00000000 446cf684 446cf4ac 00000012
0x446cf440:   446cf670 506894f0 446cf6f4 ffffffff 

Instructions: (pc=0x504d4da9)
0x504d4d89:   23 f0 29 35 50 94 68 50 a3 4c 94 68 50 8b c7 eb
0x504d4d99:   09 48 a3 4c 94 68 50 8b 04 81 8b 48 04 8b 11 50
0x504d4da9:   8b 82 88 00 00 00 ff d0 8b 0d 58 94 68 50 85 c9
0x504d4db9:   0f 85 51 ff ff ff a1 7c 94 68 50 85 c0 0f 84 b8 


Register to memory mapping:

EAX=0x2ed2c218 is pointing into object: 0x2ed2c208
com.android.dx.util.IntList 
 - klass: 'com/android/dx/util/IntList'
EBX=0x445bf928 is an unknown value
ECX=0x2ef4dd10 is an oop
[I 
 - klass: {type array int}
 - length: 1
EDX=0x00000001 is an unknown value
ESP=0x446cf3d0 is an unknown value
EBP=0x446cf3e8 is an unknown value
ESI=0x445bf920 is an unknown value
EDI=0x506894cc is an unknown value


Stack: [0x44680000,0x446d0000],  sp=0x446cf3d0,  free space=316k
Native frames: (J=compiled Java code, j=interpreted, Vv=VM code, C=native code)
V  [jvm.dll+0x1b4da9]
V  [jvm.dll+0x1b4fac]
V  [jvm.dll+0x15883a]
V  [jvm.dll+0x179eef]
V  [jvm.dll+0x1789ea]
V  [jvm.dll+0x97fb0]
V  [jvm.dll+0x992a1]
V  [jvm.dll+0x9b020]
V  [jvm.dll+0x9b489]
V  [jvm.dll+0x9a27f]
V  [jvm.dll+0xa64b2]
V  [jvm.dll+0x98e73]
V  [jvm.dll+0x92e25]
V  [jvm.dll+0x1b81c6]
V  [jvm.dll+0x18292b]
V  [jvm.dll+0x181d31]
V  [jvm.dll+0x182147]
V  [jvm.dll+0x182342]
V  [jvm.dll+0x1c1ed6]
C  [msvcr100.dll+0x5c556]
C  [msvcr100.dll+0x5c600]
C  [kernel32.dll+0x51174]
C  [ntdll.dll+0x5b3f5]
C  [ntdll.dll+0x5b3c8]

VM_Operation (0x44bfed14): GenCollectForAllocation, mode: safepoint, requested by thread 0x4459b400


---------------  P R O C E S S  ---------------

Java Threads: ( => current thread )
  0x445bc400 JavaThread "pool-2-thread-4" [_thread_blocked, id=3152, stack(0x44890000,0x448e0000)]
  0x445bc000 JavaThread "pool-2-thread-3" [_thread_blocked, id=4340, stack(0x449d0000,0x44a20000)]
  0x4459b400 JavaThread "pool-2-thread-2" [_thread_blocked, id=2916, stack(0x44bb0000,0x44c00000)]
  0x4459ac00 JavaThread "pool-3-thread-1" [_thread_blocked, id=5804, stack(0x011d0000,0x01220000)]
  0x44598800 JavaThread "pool-2-thread-1" [_thread_blocked, id=4512, stack(0x01820000,0x01870000)]
  0x44432400 JavaThread "Service Thread" daemon [_thread_blocked, id=3776, stack(0x44a30000,0x44a80000)]
  0x4443a000 JavaThread "C1 CompilerThread0" daemon [_thread_blocked, id=3224, stack(0x44950000,0x449a0000)]
  0x44439000 JavaThread "Attach Listener" daemon [_thread_blocked, id=2948, stack(0x44600000,0x44650000)]
  0x44436000 JavaThread "Signal Dispatcher" daemon [_thread_blocked, id=2740, stack(0x447f0000,0x44840000)]
  0x44416c00 JavaThread "Finalizer" daemon [_thread_blocked, id=5536, stack(0x03b90000,0x03be0000)]
  0x443f0400 JavaThread "Reference Handler" daemon [_thread_blocked, id=5100, stack(0x00220000,0x00270000)]
  0x0122bc00 JavaThread "main" [_thread_blocked, id=4180, stack(0x01330000,0x01380000)]

Other Threads:
=>0x443ea800 VMThread [stack: 0x44680000,0x446d0000] [id=1440]
  0x44434000 WatcherThread [stack: 0x44ac0000,0x44b10000] [id=3200]

VM state:at safepoint (normal execution)

VM Mutex/Monitor currently owned by a thread:  ([mutex/lock_event])
[0x0122a230] Threads_lock - owner thread: 0x443ea800
[0x0122a640] Heap_lock - owner thread: 0x4459b400

Heap:
 def new generation   total 314560K, used 303159K [0x03c00000, 0x19150000, 0x19150000)
  eden space 279616K, 100% used [0x03c00000, 0x14d10000, 0x14d10000)
  from space 34944K,  67% used [0x16f30000, 0x1862dc30, 0x19150000)
  to   space 34944K,   0% used [0x14d10000, 0x14d10000, 0x16f30000)
 tenured generation   total 699072K, used 639001K [0x19150000, 0x43c00000, 0x43c00000)
   the space 699072K,  91% used [0x19150000, 0x401566e8, 0x40156800, 0x43c00000)
 Metaspace       used 3551K, capacity 3598K, committed 3648K, reserved 4480K

Card table byte_map: [0x43c00000,0x43e10000] byte_map_base: 0x43be2000

Polling page: 0x00190000

CodeCache: size=32768Kb used=3688Kb max_used=3688Kb free=29079Kb
 bounds [0x01b80000, 0x01f20000, 0x03b80000]
 total_blobs=1925 nmethods=1778 adapters=77
 compilation: enabled

Compilation events (10 events):
Event: 15.053 Thread 0x4443a000 1776             com.android.dx.ssa.SsaConverter::placePhiFunctions (394 bytes)
Event: 15.056 Thread 0x4443a000 nmethod 1776 0x01f12fc8 code [0x01f13300, 0x01f142c8]
Event: 15.187 Thread 0x4443a000 1777             com.android.dx.util.Bits::bitCount (29 bytes)
Event: 15.187 Thread 0x4443a000 nmethod 1777 0x01f16508 code [0x01f16610, 0x01f166ec]
Event: 16.039 Thread 0x4443a000 1778             com.android.dx.ssa.back.RegisterAllocator::insertMoveBefore (240 bytes)
Event: 16.041 Thread 0x4443a000 nmethod 1778 0x01f167c8 code [0x01f16a70, 0x01f175bc]
Event: 16.089 Thread 0x4443a000 1779             com.android.dx.ssa.back.FirstFitLocalCombiningAllocator::ssaSetToSpecs (57 bytes)
Event: 16.089 Thread 0x4443a000 nmethod 1779 0x01f18a08 code [0x01f18ba0, 0x01f18f8c]
Event: 16.120 Thread 0x4443a000 1780             java.util.HashMap$TreeNode::putTreeVal (314 bytes)
Event: 16.122 Thread 0x4443a000 nmethod 1780 0x01f19648 code [0x01f197e0, 0x01f19c7c]

GC Heap History (10 events):
Event: 11.840 GC heap after
Heap after GC invocations=96 (full 8):
 def new generation   total 314560K, used 34944K [0x03c00000, 0x19150000, 0x19150000)
  eden space 279616K,   0% used [0x03c00000, 0x03c00000, 0x14d10000)
  from space 34944K, 100% used [0x16f30000, 0x19150000, 0x19150000)
  to   space 34944K,   0% used [0x14d10000, 0x14d10000, 0x16f30000)
 tenured generation   total 699072K, used 438605K [0x19150000, 0x43c00000, 0x43c00000)
   the space 699072K,  62% used [0x19150000, 0x33da3408, 0x33da3600, 0x43c00000)
 Metaspace       used 3547K, capacity 3598K, committed 3648K, reserved 4480K
}
Event: 12.342 GC heap before
{Heap before GC invocations=96 (full 8):
 def new generation   total 314560K, used 314560K [0x03c00000, 0x19150000, 0x19150000)
  eden space 279616K, 100% used [0x03c00000, 0x14d10000, 0x14d10000)
  from space 34944K, 100% used [0x16f30000, 0x19150000, 0x19150000)
  to   space 34944K,   0% used [0x14d10000, 0x14d10000, 0x16f30000)
 tenured generation   total 699072K, used 438605K [0x19150000, 0x43c00000, 0x43c00000)
   the space 699072K,  62% used [0x19150000, 0x33da3408, 0x33da3600, 0x43c00000)
 Metaspace       used 3547K, capacity 3598K, committed 3648K, reserved 4480K
Event: 12.536 GC heap after
Heap after GC invocations=97 (full 8):
 def new generation   total 314560K, used 34944K [0x03c00000, 0x19150000, 0x19150000)
  eden space 279616K,   0% used [0x03c00000, 0x03c00000, 0x14d10000)
  from space 34944K, 100% used [0x14d10000, 0x16f30000, 0x16f30000)
  to   space 34944K,   0% used [0x16f30000, 0x16f30000, 0x19150000)
 tenured generation   total 699072K, used 480407K [0x19150000, 0x43c00000, 0x43c00000)
   the space 699072K,  68% used [0x19150000, 0x36675f80, 0x36676000, 0x43c00000)
 Metaspace       used 3547K, capacity 3598K, committed 3648K, reserved 4480K
}
Event: 14.368 GC heap before
{Heap before GC invocations=97 (full 8):
 def new generation   total 314560K, used 314560K [0x03c00000, 0x19150000, 0x19150000)
  eden space 279616K, 100% used [0x03c00000, 0x14d10000, 0x14d10000)
  from space 34944K, 100% used [0x14d10000, 0x16f30000, 0x16f30000)
  to   space 34944K,   0% used [0x16f30000, 0x16f30000, 0x19150000)
 tenured generation   total 699072K, used 480407K [0x19150000, 0x43c00000, 0x43c00000)
   the space 699072K,  68% used [0x19150000, 0x36675f80, 0x36676000, 0x43c00000)
 Metaspace       used 3547K, capacity 3598K, committed 3648K, reserved 4480K
Event: 14.589 GC heap after
Heap after GC invocations=98 (full 8):
 def new generation   total 314560K, used 34944K [0x03c00000, 0x19150000, 0x19150000)
  eden space 279616K,   0% used [0x03c00000, 0x03c00000, 0x14d10000)
  from space 34944K, 100% used [0x16f30000, 0x19150000, 0x19150000)
  to   space 34944K,   0% used [0x14d10000, 0x14d10000, 0x16f30000)
 tenured generation   total 699072K, used 575568K [0x19150000, 0x43c00000, 0x43c00000)
   the space 699072K,  82% used [0x19150000, 0x3c3640d8, 0x3c364200, 0x43c00000)
 Metaspace       used 3547K, capacity 3598K, committed 3648K, reserved 4480K
}
Event: 15.383 GC heap before
{Heap before GC invocations=98 (full 8):
 def new generation   total 314560K, used 314560K [0x03c00000, 0x19150000, 0x19150000)
  eden space 279616K, 100% used [0x03c00000, 0x14d10000, 0x14d10000)
  from space 34944K, 100% used [0x16f30000, 0x19150000, 0x19150000)
  to   space 34944K,   0% used [0x14d10000, 0x14d10000, 0x16f30000)
 tenured generation   total 699072K, used 575568K [0x19150000, 0x43c00000, 0x43c00000)
   the space 699072K,  82% used [0x19150000, 0x3c3640d8, 0x3c364200, 0x43c00000)
 Metaspace       used 3551K, capacity 3598K, committed 3648K, reserved 4480K
Event: 15.500 GC heap after
Heap after GC invocations=99 (full 8):
 def new generation   total 314560K, used 34944K [0x03c00000, 0x19150000, 0x19150000)
  eden space 279616K,   0% used [0x03c00000, 0x03c00000, 0x14d10000)
  from space 34944K, 100% used [0x14d10000, 0x16f30000, 0x16f30000)
  to   space 34944K,   0% used [0x16f30000, 0x16f30000, 0x19150000)
 tenured generation   total 699072K, used 609449K [0x19150000, 0x43c00000, 0x43c00000)
   the space 699072K,  87% used [0x19150000, 0x3e47a658, 0x3e47a800, 0x43c00000)
 Metaspace       used 3551K, capacity 3598K, committed 3648K, reserved 4480K
}
Event: 16.146 GC heap before
{Heap before GC invocations=99 (full 8):
 def new generation   total 314560K, used 314560K [0x03c00000, 0x19150000, 0x19150000)
  eden space 279616K, 100% used [0x03c00000, 0x14d10000, 0x14d10000)
  from space 34944K, 100% used [0x14d10000, 0x16f30000, 0x16f30000)
  to   space 34944K,   0% used [0x16f30000, 0x16f30000, 0x19150000)
 tenured generation   total 699072K, used 609449K [0x19150000, 0x43c00000, 0x43c00000)
   the space 699072K,  87% used [0x19150000, 0x3e47a658, 0x3e47a800, 0x43c00000)
 Metaspace       used 3551K, capacity 3598K, committed 3648K, reserved 4480K
Event: 16.276 GC heap after
Heap after GC invocations=100 (full 8):
 def new generation   total 314560K, used 23543K [0x03c00000, 0x19150000, 0x19150000)
  eden space 279616K,   0% used [0x03c00000, 0x03c00000, 0x14d10000)
  from space 34944K,  67% used [0x16f30000, 0x1862dc30, 0x19150000)
  to   space 34944K,   0% used [0x14d10000, 0x14d10000, 0x16f30000)
 tenured generation   total 699072K, used 639001K [0x19150000, 0x43c00000, 0x43c00000)
   the space 699072K,  91% used [0x19150000, 0x401566e8, 0x40156800, 0x43c00000)
 Metaspace       used 3551K, capacity 3598K, committed 3648K, reserved 4480K
}
Event: 17.478 GC heap before
{Heap before GC invocations=100 (full 8):
 def new generation   total 314560K, used 303159K [0x03c00000, 0x19150000, 0x19150000)
  eden space 279616K, 100% used [0x03c00000, 0x14d10000, 0x14d10000)
  from space 34944K,  67% used [0x16f30000, 0x1862dc30, 0x19150000)
  to   space 34944K,   0% used [0x14d10000, 0x14d10000, 0x16f30000)
 tenured generation   total 699072K, used 639001K [0x19150000, 0x43c00000, 0x43c00000)
   the space 699072K,  91% used [0x19150000, 0x401566e8, 0x40156800, 0x43c00000)
 Metaspace       used 3551K, capacity 3598K, committed 3648K, reserved 4480K

Deoptimization events (0 events):
No events

Internal exceptions (5 events):
Event: 0.024 Thread 0x0122bc00 Exception <a 'java/lang/NoSuchMethodError': Method sun.misc.Unsafe.defineClass(Ljava/lang/String;[BII)Ljava/lang/Class; name or signature does not match> (0x03c06ea8) thrown at [C:\re\workspace\8-2-build-windows-i586-cygwin\jdk8u101\7261\hotspot\src\share\Ín1µ6Ô˜?
Event: 0.024 Thread 0x0122bc00 Exception <a 'java/lang/NoSuchMethodError': Method sun.misc.Unsafe.prefetchRead(Ljava/lang/Object;J)V name or signature does not match> (0x03c07178) thrown at [C:\re\workspace\8-2-build-windows-i586-cygwin\jdk8u101\7261\hotspot\src\share\vm\prims\jni.cpp, àKï›fê?
Event: 0.825 Thread 0x44598800 Exception <a 'java/lang/ArrayIndexOutOfBoundsException': 18> (0x04012a10) thrown at [C:\re\workspace\8-2-build-windows-i586-cygwin\jdk8u101\7261\hotspot\src\share\vm\interpreter\interpreterRuntime.cpp, line 366]
Event: 0.825 Thread 0x44598800 Exception <a 'java/lang/ArrayIndexOutOfBoundsException': 145> (0x04071080) thrown at [C:\re\workspace\8-2-build-windows-i586-cygwin\jdk8u101\7261\hotspot\src\share\vm\interpreter\interpreterRuntime.cpp, line 366]
Event: 0.826 Thread 0x44598800 Exception <a 'java/lang/ArrayIndexOutOfBoundsException': 40> (0x04072160) thrown at [C:\re\workspace\8-2-build-windows-i586-cygwin\jdk8u101\7261\hotspot\src\share\vm\interpreter\interpreterRuntime.cpp, line 366]

Events (10 events):
Event: 14.769 Thread 0x44598800 DEOPT UNPACKING pc=0x01bbc5db sp=0x0186f028 mode 0
Event: 14.769 loading class com/android/dx/util/ListIntSet$1
Event: 14.769 loading class com/android/dx/util/ListIntSet$1 done
Event: 14.770 Executing VM operation: Deoptimize
Event: 14.770 Executing VM operation: Deoptimize done
Event: 15.383 Executing VM operation: GenCollectForAllocation
Event: 15.500 Executing VM operation: GenCollectForAllocation done
Event: 16.146 Executing VM operation: GenCollectForAllocation
Event: 16.276 Executing VM operation: GenCollectForAllocation done
Event: 17.478 Executing VM operation: GenCollectForAllocation


Dynamic libraries:
0x013b0000 - 0x013e3000 	C:\Program Files\Java\jdk1.8.0_101\bin\java.exe
0x77b90000 - 0x77ccc000 	C:\Windows\SYSTEM32\ntdll.dll
0x760c0000 - 0x76194000 	C:\Windows\system32\kernel32.dll
0x75d60000 - 0x75daa000 	C:\Windows\system32\KERNELBASE.dll
0x76440000 - 0x764e0000 	C:\Windows\system32\ADVAPI32.dll
0x76870000 - 0x7691c000 	C:\Windows\system32\msvcrt.dll
0x77940000 - 0x77959000 	C:\Windows\SYSTEM32\sechost.dll
0x76270000 - 0x76311000 	C:\Windows\system32\RPCRT4.dll
0x77960000 - 0x77a29000 	C:\Windows\system32\USER32.dll
0x75fe0000 - 0x7602e000 	C:\Windows\system32\GDI32.dll
0x76920000 - 0x7692a000 	C:\Windows\system32\LPK.dll
0x761d0000 - 0x7626d000 	C:\Windows\system32\USP10.dll
0x749f0000 - 0x74b8e000 	C:\Windows\WinSxS\x86_microsoft.windows.common-controls_6595b64144ccf1df_6.0.7600.16385_none_421189da2b7fabfc\COMCTL32.dll
0x76730000 - 0x76787000 	C:\Windows\system32\SHLWAPI.dll
0x76320000 - 0x7633f000 	C:\Windows\system32\IMM32.DLL
0x76790000 - 0x7685c000 	C:\Windows\system32\MSCTF.dll
0x69820000 - 0x698df000 	C:\Program Files\Java\jdk1.8.0_101\jre\bin\msvcr100.dll
0x50320000 - 0x506ec000 	C:\Program Files\Java\jdk1.8.0_101\jre\bin\client\jvm.dll
0x71290000 - 0x71297000 	C:\Windows\system32\WSOCK32.dll
0x77cd0000 - 0x77d05000 	C:\Windows\system32\WS2_32.dll
0x76860000 - 0x76866000 	C:\Windows\system32\NSI.dll
0x71490000 - 0x714c2000 	C:\Windows\system32\WINMM.dll
0x75020000 - 0x75029000 	C:\Windows\system32\VERSION.dll
0x77da0000 - 0x77da5000 	C:\Windows\system32\PSAPI.DLL
0x62550000 - 0x6255c000 	C:\Program Files\Java\jdk1.8.0_101\jre\bin\verify.dll
0x62520000 - 0x62541000 	C:\Program Files\Java\jdk1.8.0_101\jre\bin\java.dll
0x62500000 - 0x62513000 	C:\Program Files\Java\jdk1.8.0_101\jre\bin\zip.dll
0x76a70000 - 0x776b9000 	C:\Windows\system32\SHELL32.dll
0x77a30000 - 0x77b8c000 	C:\Windows\system32\ole32.dll
0x75ce0000 - 0x75ceb000 	C:\Windows\system32\profapi.dll
0x739f0000 - 0x73adb000 	C:\Windows\system32\dbghelp.dll

VM Arguments:
jvm_args: -Djava.awt.headless=true -Xmx1024M -Dfile.encoding=windows-1252 -Duser.country=US -Duser.language=en -Duser.variant 
java_command: com.android.dx.command.Main --dex --num-threads=4 --multi-dex --main-dex-list E:\SandeepProjectResources\MobipugNew\Mobipug27.10.18\MobipugSource\app\build\intermediates\multi-dex\debug\maindexlist.txt --output E:\SandeepProjectResources\MobipugNew\Mobipug27.10.18\MobipugSource\app\build\intermediates\transforms\dex\debug\folders\1000\1f\main E:\SandeepProjectResources\MobipugNew\Mobipug27.10.18\MobipugSource\app\build\intermediates\transforms\jarMerging\debug\jars\1\1f\combined.jar
java_class_path (initial): C:\Users\android-4\AppData\Local\Android\Sdk\build-tools\26.0.2\lib\dx.jar
Launcher Type: SUN_STANDARD

Environment Variables:
PATH=C:\ProgramData\Oracle\Java\javapath;C:\Windows\system32;C:\Windows;C:\Windows\System32\Wbem;C:\Windows\System32\WindowsPowerShell\v1.0\;C:\Program Files\Intel\OpenCL SDK\2.0\bin\x86;C:\Program Files\Skype\Phone\
USERNAME=android-4
OS=Windows_NT
PROCESSOR_IDENTIFIER=x86 Family 6 Model 42 Stepping 7, GenuineIntel



---------------  S Y S T E M  ---------------

OS: Windows 7 Build 7600 (6.1.7600.16385)

CPU:total 4 (2 cores per cpu, 2 threads per core) family 6 model 42 stepping 7, cmov, cx8, fxsr, mmx, sse, sse2, sse3, ssse3, sse4.1, sse4.2, popcnt, clmul, ht, tsc, tscinvbit

Memory: 4k page, physical 3578328k(208044k free), swap 24056564k(19606492k free)

vm_info: Java HotSpot(TM) Client VM (25.101-b13) for windows-x86 JRE (1.8.0_101-b13), built on Jun 22 2016 00:45:44 by "java_re" with MS VC++ 10.0 (VS2010)

time: Thu Nov 08 11:48:20 2018
elapsed time: 17 seconds (0d 0h 0m 17s)

