#
# A fatal error has been detected by the Java Runtime Environment:
#
#  EXCEPTION_ACCESS_VIOLATION (0xc0000005) at pc=0x5c8efa77, pid=1444, tid=0x0000120c
#
# JRE version: Java(TM) SE Runtime Environment (8.0_101-b13) (build 1.8.0_101-b13)
# Java VM: Java HotSpot(TM) Client VM (25.101-b13 mixed mode windows-x86 )
# Problematic frame:
# V  [jvm.dll+0xbfa77]
#
# Failed to write core dump. Minidumps are not enabled by default on client versions of Windows
#
# If you would like to submit a bug report, please visit:
#   http://bugreport.java.com/bugreport/crash.jsp
#

---------------  T H R E A D  ---------------

Current thread (0x443ea800):  VMThread [stack: 0x017c0000,0x01810000] [id=4620]

siginfo: ExceptionCode=0xc0000005, reading address 0x8a595a9f

Registers:
EAX=0x193e1e48, EBX=0x2682a0dc, ECX=0x00000000, EDX=0x8a595a3f
ESP=0x0180f3a8, EBP=0x0180f3c8, ESI=0x2682a0e8, EDI=0x193732c8
EIP=0x5c8efa77, EFLAGS=0x00010293

Top of Stack: (sp=0x0180f3a8)
0x0180f3a8:   5cb994cc 4458af1c 4458af18 442ab350
0x0180f3b8:   2682a0e8 00000003 191baba0 442ab348
0x0180f3c8:   0180f3e8 5c9e4db1 2682a0d0 5cb994cc
0x0180f3d8:   4458af18 4458af1c 5cb994cc 4458af18
0x0180f3e8:   0180f3f4 5c9e4fac 00000003 0180f410
0x0180f3f8:   5c98883a 4458af18 445b2c00 5cb994cc
0x0180f408:   00000000 4458e758 0180f5f8 5c9a9eef
0x0180f418:   5cb994cc 00000002 445b2c00 00000000 

Instructions: (pc=0x5c8efa77)
0x5c8efa57:   80 3d b4 84 b8 5c 00 75 0a 8b d0 80 e2 07 80 fa
0x5c8efa67:   01 eb 1b 8b c8 83 e1 07 83 f9 05 74 24 8b 57 04
0x5c8efa77:   8b 52 60 83 e2 07 80 fa 05 74 0c 83 f9 01 75 07
0x5c8efa87:   a9 80 ff ff ff 74 0a 50 57 e8 fb 4f 0f 00 83 c4 


Register to memory mapping:

EAX=0x193e1e48 is an oop
[C 
 - klass: {type array char}
 - length: 40
EBX=0x2682a0dc is pointing into object: 0x2682a0d0
com.android.dx.dex.code.SimpleInsn 
 - klass: 'com/android/dx/dex/code/SimpleInsn'
ECX=0x00000000 is an unknown value
EDX=0x8a595a3f is an unknown value
ESP=0x0180f3a8 is an unknown value
EBP=0x0180f3c8 is an unknown value
ESI=0x2682a0e8 is an oop
com.android.dx.dex.code.CodeAddress 
 - klass: 'com/android/dx/dex/code/CodeAddress'
EDI=0x193732c8 is pointing into object: 0x193732c0
java.lang.String 
 - klass: 'java/lang/String'


Stack: [0x017c0000,0x01810000],  sp=0x0180f3a8,  free space=316k
Native frames: (J=compiled Java code, j=interpreted, Vv=VM code, C=native code)
V  [jvm.dll+0xbfa77]
V  [jvm.dll+0x1b4db1]
V  [jvm.dll+0x1b4fac]
V  [jvm.dll+0x15883a]
V  [jvm.dll+0x179eef]
V  [jvm.dll+0x1789ea]
V  [jvm.dll+0x97fb0]
V  [jvm.dll+0x992a1]
V  [jvm.dll+0x9b020]
V  [jvm.dll+0x9b489]
V  [jvm.dll+0x9a27f]
V  [jvm.dll+0xa64b2]
V  [jvm.dll+0x98e73]
V  [jvm.dll+0x92e25]
V  [jvm.dll+0x1b81c6]
V  [jvm.dll+0x18292b]
V  [jvm.dll+0x181d31]
V  [jvm.dll+0x182147]
V  [jvm.dll+0x182342]
V  [jvm.dll+0x1c1ed6]
C  [msvcr100.dll+0x5c556]
C  [msvcr100.dll+0x5c600]
C  [kernel32.dll+0x51174]
C  [ntdll.dll+0x5b3f5]
C  [ntdll.dll+0x5b3c8]

VM_Operation (0x44c4eaf4): GenCollectForAllocation, mode: safepoint, requested by thread 0x445b1c00


---------------  P R O C E S S  ---------------

Java Threads: ( => current thread )
  0x445b2c00 JavaThread "pool-2-thread-4" [_thread_blocked, id=4408, stack(0x44cd0000,0x44d20000)]
  0x445b1c00 JavaThread "pool-2-thread-3" [_thread_blocked, id=1740, stack(0x44c00000,0x44c50000)]
  0x445b5800 JavaThread "pool-2-thread-2" [_thread_blocked, id=5336, stack(0x44b30000,0x44b80000)]
  0x44589800 JavaThread "pool-3-thread-1" [_thread_blocked, id=696, stack(0x44600000,0x44650000)]
  0x44585400 JavaThread "pool-2-thread-1" [_thread_blocked, id=5128, stack(0x44a30000,0x44a80000)]
  0x4444c000 JavaThread "Service Thread" daemon [_thread_blocked, id=352, stack(0x44850000,0x448a0000)]
  0x4443a000 JavaThread "C1 CompilerThread0" daemon [_thread_blocked, id=3792, stack(0x44940000,0x44990000)]
  0x44439000 JavaThread "Attach Listener" daemon [_thread_blocked, id=2460, stack(0x447b0000,0x44800000)]
  0x44436000 JavaThread "Signal Dispatcher" daemon [_thread_blocked, id=2392, stack(0x01830000,0x01880000)]
  0x44416c00 JavaThread "Finalizer" daemon [_thread_blocked, id=2452, stack(0x03b70000,0x03bc0000)]
  0x443f0400 JavaThread "Reference Handler" daemon [_thread_blocked, id=5900, stack(0x44670000,0x446c0000)]
  0x0188bc00 JavaThread "main" [_thread_blocked, id=1840, stack(0x01330000,0x01380000)]

Other Threads:
=>0x443ea800 VMThread [stack: 0x017c0000,0x01810000] [id=4620]
  0x44430400 WatcherThread [stack: 0x44990000,0x449e0000] [id=4384]

VM state:at safepoint (normal execution)

VM Mutex/Monitor currently owned by a thread:  ([mutex/lock_event])
[0x0188a230] Threads_lock - owner thread: 0x443ea800
[0x0188a640] Heap_lock - owner thread: 0x445b1c00

Heap:
 def new generation   total 314560K, used 314560K [0x03c00000, 0x19150000, 0x19150000)
  eden space 279616K, 100% used [0x03c00000, 0x14d10000, 0x14d10000)
  from space 34944K, 100% used [0x16f30000, 0x19150000, 0x19150000)
  to   space 34944K,   0% used [0x14d10000, 0x14d10000, 0x16f30000)
 tenured generation   total 699072K, used 687475K [0x19150000, 0x43c00000, 0x43c00000)
   the space 699072K,  98% used [0x19150000, 0x430acda8, 0x430ace00, 0x43c00000)
 Metaspace       used 3553K, capacity 3598K, committed 3648K, reserved 4480K

Card table byte_map: [0x43c00000,0x43e10000] byte_map_base: 0x43be2000

Polling page: 0x002a0000

CodeCache: size=32768Kb used=3703Kb max_used=3703Kb free=29064Kb
 bounds [0x01b60000, 0x01f00000, 0x03b60000]
 total_blobs=1927 nmethods=1780 adapters=77
 compilation: enabled

Compilation events (10 events):
Event: 15.950 Thread 0x4443a000 1778 % !         java.lang.ref.Finalizer$FinalizerThread::run @ 33 (55 bytes)
Event: 15.950 Thread 0x4443a000 nmethod 1778% 0x01ef9848 code [0x01ef99a0, 0x01ef9d54]
Event: 16.031 Thread 0x4443a000 1779             com.android.dx.util.Bits::bitCount (29 bytes)
Event: 16.031 Thread 0x4443a000 nmethod 1779 0x01efa0c8 code [0x01efa1d0, 0x01efa2ac]
Event: 16.092 Thread 0x4443a000 1780             com.android.dx.ssa.back.RegisterAllocator::insertMoveBefore (240 bytes)
Event: 16.094 Thread 0x4443a000 nmethod 1780 0x01efa388 code [0x01efa630, 0x01efb17c]
Event: 16.156 Thread 0x4443a000 1781             java.util.HashMap$TreeNode::putTreeVal (314 bytes)
Event: 16.158 Thread 0x4443a000 nmethod 1781 0x01efc5c8 code [0x01efc760, 0x01efcbfc]
Event: 16.523 Thread 0x4443a000 1782             com.android.dx.ssa.back.FirstFitLocalCombiningAllocator::ssaSetToSpecs (57 bytes)
Event: 16.524 Thread 0x4443a000 nmethod 1782 0x01efd188 code [0x01efd320, 0x01efd70c]

GC Heap History (10 events):
Event: 11.191 GC heap after
Heap after GC invocations=97 (full 7):
 def new generation   total 219200K, used 24320K [0x03c00000, 0x129d0000, 0x19150000)
  eden space 194880K,   0% used [0x03c00000, 0x03c00000, 0x0fa50000)
  from space 24320K, 100% used [0x11210000, 0x129d0000, 0x129d0000)
  to   space 24320K,   0% used [0x0fa50000, 0x0fa50000, 0x11210000)
 tenured generation   total 486988K, used 472756K [0x19150000, 0x36ce3000, 0x43c00000)
   the space 486988K,  97% used [0x19150000, 0x35efd1b8, 0x35efd200, 0x36ce3000)
 Metaspace       used 3548K, capacity 3598K, committed 3648K, reserved 4480K
}
Event: 11.517 GC heap before
{Heap before GC invocations=97 (full 7):
 def new generation   total 219200K, used 219200K [0x03c00000, 0x129d0000, 0x19150000)
  eden space 194880K, 100% used [0x03c00000, 0x0fa50000, 0x0fa50000)
  from space 24320K, 100% used [0x11210000, 0x129d0000, 0x129d0000)
  to   space 24320K,   0% used [0x0fa50000, 0x0fa50000, 0x11210000)
 tenured generation   total 486988K, used 472756K [0x19150000, 0x36ce3000, 0x43c00000)
   the space 486988K,  97% used [0x19150000, 0x35efd1b8, 0x35efd200, 0x36ce3000)
 Metaspace       used 3548K, capacity 3598K, committed 3648K, reserved 4480K
Event: 13.124 GC heap after
Heap after GC invocations=98 (full 8):
 def new generation   total 314560K, used 5479K [0x03c00000, 0x19150000, 0x19150000)
  eden space 279616K,   1% used [0x03c00000, 0x04159f58, 0x14d10000)
  from space 34944K,   0% used [0x14d10000, 0x14d10000, 0x16f30000)
  to   space 34944K,   0% used [0x16f30000, 0x16f30000, 0x19150000)
 tenured generation   total 699072K, used 500555K [0x19150000, 0x43c00000, 0x43c00000)
   the space 699072K,  71% used [0x19150000, 0x37a22ff8, 0x37a23000, 0x43c00000)
 Metaspace       used 3548K, capacity 3598K, committed 3648K, reserved 4480K
}
Event: 14.929 GC heap before
{Heap before GC invocations=98 (full 8):
 def new generation   total 314560K, used 279616K [0x03c00000, 0x19150000, 0x19150000)
  eden space 279616K, 100% used [0x03c00000, 0x14d10000, 0x14d10000)
  from space 34944K,   0% used [0x14d10000, 0x14d10000, 0x16f30000)
  to   space 34944K,   0% used [0x16f30000, 0x16f30000, 0x19150000)
 tenured generation   total 699072K, used 500555K [0x19150000, 0x43c00000, 0x43c00000)
   the space 699072K,  71% used [0x19150000, 0x37a22ff8, 0x37a23000, 0x43c00000)
 Metaspace       used 3548K, capacity 3598K, committed 3648K, reserved 4480K
Event: 15.337 GC heap after
Heap after GC invocations=99 (full 8):
 def new generation   total 314560K, used 34943K [0x03c00000, 0x19150000, 0x19150000)
  eden space 279616K,   0% used [0x03c00000, 0x03c00000, 0x14d10000)
  from space 34944K,  99% used [0x16f30000, 0x1914fff8, 0x19150000)
  to   space 34944K,   0% used [0x14d10000, 0x14d10000, 0x16f30000)
 tenured generation   total 699072K, used 546404K [0x19150000, 0x43c00000, 0x43c00000)
   the space 699072K,  78% used [0x19150000, 0x3a6e9060, 0x3a6e9200, 0x43c00000)
 Metaspace       used 3548K, capacity 3598K, committed 3648K, reserved 4480K
}
Event: 15.803 GC heap before
{Heap before GC invocations=99 (full 8):
 def new generation   total 314560K, used 314559K [0x03c00000, 0x19150000, 0x19150000)
  eden space 279616K, 100% used [0x03c00000, 0x14d10000, 0x14d10000)
  from space 34944K,  99% used [0x16f30000, 0x1914fff8, 0x19150000)
  to   space 34944K,   0% used [0x14d10000, 0x14d10000, 0x16f30000)
 tenured generation   total 699072K, used 546404K [0x19150000, 0x43c00000, 0x43c00000)
   the space 699072K,  78% used [0x19150000, 0x3a6e9060, 0x3a6e9200, 0x43c00000)
 Metaspace       used 3553K, capacity 3598K, committed 3648K, reserved 4480K
Event: 15.950 GC heap after
Heap after GC invocations=100 (full 8):
 def new generation   total 314560K, used 34943K [0x03c00000, 0x19150000, 0x19150000)
  eden space 279616K,   0% used [0x03c00000, 0x03c00000, 0x14d10000)
  from space 34944K,  99% used [0x14d10000, 0x16f2fff8, 0x16f30000)
  to   space 34944K,   0% used [0x16f30000, 0x16f30000, 0x19150000)
 tenured generation   total 699072K, used 597977K [0x19150000, 0x43c00000, 0x43c00000)
   the space 699072K,  85% used [0x19150000, 0x3d946540, 0x3d946600, 0x43c00000)
 Metaspace       used 3553K, capacity 3598K, committed 3648K, reserved 4480K
}
Event: 16.915 GC heap before
{Heap before GC invocations=100 (full 8):
 def new generation   total 314560K, used 314559K [0x03c00000, 0x19150000, 0x19150000)
  eden space 279616K, 100% used [0x03c00000, 0x14d10000, 0x14d10000)
  from space 34944K,  99% used [0x14d10000, 0x16f2fff8, 0x16f30000)
  to   space 34944K,   0% used [0x16f30000, 0x16f30000, 0x19150000)
 tenured generation   total 699072K, used 597977K [0x19150000, 0x43c00000, 0x43c00000)
   the space 699072K,  85% used [0x19150000, 0x3d946540, 0x3d946600, 0x43c00000)
 Metaspace       used 3553K, capacity 3598K, committed 3648K, reserved 4480K
Event: 17.091 GC heap after
Heap after GC invocations=101 (full 8):
 def new generation   total 314560K, used 34944K [0x03c00000, 0x19150000, 0x19150000)
  eden space 279616K,   0% used [0x03c00000, 0x03c00000, 0x14d10000)
  from space 34944K, 100% used [0x16f30000, 0x19150000, 0x19150000)
  to   space 34944K,   0% used [0x14d10000, 0x14d10000, 0x16f30000)
 tenured generation   total 699072K, used 687475K [0x19150000, 0x43c00000, 0x43c00000)
   the space 699072K,  98% used [0x19150000, 0x430acda8, 0x430ace00, 0x43c00000)
 Metaspace       used 3553K, capacity 3598K, committed 3648K, reserved 4480K
}
Event: 18.728 GC heap before
{Heap before GC invocations=101 (full 8):
 def new generation   total 314560K, used 314560K [0x03c00000, 0x19150000, 0x19150000)
  eden space 279616K, 100% used [0x03c00000, 0x14d10000, 0x14d10000)
  from space 34944K, 100% used [0x16f30000, 0x19150000, 0x19150000)
  to   space 34944K,   0% used [0x14d10000, 0x14d10000, 0x16f30000)
 tenured generation   total 699072K, used 687475K [0x19150000, 0x43c00000, 0x43c00000)
   the space 699072K,  98% used [0x19150000, 0x430acda8, 0x430ace00, 0x43c00000)
 Metaspace       used 3553K, capacity 3598K, committed 3648K, reserved 4480K

Deoptimization events (0 events):
No events

Internal exceptions (5 events):
Event: 0.034 Thread 0x0188bc00 Exception <a 'java/lang/NoSuchMethodError': Method sun.misc.Unsafe.defineClass(Ljava/lang/String;[BII)Ljava/lang/Class; name or signature does not match> (0x03c06ea8) thrown at [C:\re\workspace\8-2-build-windows-i586-cygwin\jdk8u101\7261\hotspot\src\share\ÔÅ∞Â“c°?
Event: 0.034 Thread 0x0188bc00 Exception <a 'java/lang/NoSuchMethodError': Method sun.misc.Unsafe.prefetchRead(Ljava/lang/Object;J)V name or signature does not match> (0x03c07178) thrown at [C:\re\workspace\8-2-build-windows-i586-cygwin\jdk8u101\7261\hotspot\src\share\vm\prims\jni.cpp, ıxå“kΩÌ?
Event: 0.929 Thread 0x44585400 Exception <a 'java/lang/ArrayIndexOutOfBoundsException': 18> (0x03cf4000) thrown at [C:\re\workspace\8-2-build-windows-i586-cygwin\jdk8u101\7261\hotspot\src\share\vm\interpreter\interpreterRuntime.cpp, line 366]
Event: 0.930 Thread 0x44585400 Exception <a 'java/lang/ArrayIndexOutOfBoundsException': 145> (0x03cf58a0) thrown at [C:\re\workspace\8-2-build-windows-i586-cygwin\jdk8u101\7261\hotspot\src\share\vm\interpreter\interpreterRuntime.cpp, line 366]
Event: 0.930 Thread 0x44585400 Exception <a 'java/lang/ArrayIndexOutOfBoundsException': 40> (0x03cf6980) thrown at [C:\re\workspace\8-2-build-windows-i586-cygwin\jdk8u101\7261\hotspot\src\share\vm\interpreter\interpreterRuntime.cpp, line 366]

Events (10 events):
Event: 15.511 loading class com/android/dx/util/ListIntSet$1 done
Event: 15.511 Executing VM operation: Deoptimize
Event: 15.512 Executing VM operation: Deoptimize done
Event: 15.512 Thread 0x445b5800 DEOPT PACKING pc=0x01ee3378 sp=0x44b7f290
Event: 15.512 Thread 0x445b5800 DEOPT UNPACKING pc=0x01b9c5db sp=0x44b7f1f8 mode 0
Event: 15.803 Executing VM operation: GenCollectForAllocation
Event: 15.950 Executing VM operation: GenCollectForAllocation done
Event: 16.915 Executing VM operation: GenCollectForAllocation
Event: 17.091 Executing VM operation: GenCollectForAllocation done
Event: 18.728 Executing VM operation: GenCollectForAllocation


Dynamic libraries:
0x000c0000 - 0x000f3000 	C:\Program Files\Java\jdk1.8.0_101\bin\java.exe
0x76f80000 - 0x770bc000 	C:\Windows\SYSTEM32\ntdll.dll
0x76d60000 - 0x76e34000 	C:\Windows\system32\kernel32.dll
0x75230000 - 0x7527a000 	C:\Windows\system32\KERNELBASE.dll
0x75580000 - 0x75620000 	C:\Windows\system32\ADVAPI32.dll
0x76e40000 - 0x76eec000 	C:\Windows\system32\msvcrt.dll
0x770d0000 - 0x770e9000 	C:\Windows\SYSTEM32\sechost.dll
0x75cc0000 - 0x75d61000 	C:\Windows\system32\RPCRT4.dll
0x75720000 - 0x757e9000 	C:\Windows\system32\USER32.dll
0x757f0000 - 0x7583e000 	C:\Windows\system32\GDI32.dll
0x770f0000 - 0x770fa000 	C:\Windows\system32\LPK.dll
0x75ba0000 - 0x75c3d000 	C:\Windows\system32\USP10.dll
0x73f40000 - 0x740de000 	C:\Windows\WinSxS\x86_microsoft.windows.common-controls_6595b64144ccf1df_6.0.7600.16385_none_421189da2b7fabfc\COMCTL32.dll
0x753d0000 - 0x75427000 	C:\Windows\system32\SHLWAPI.dll
0x75af0000 - 0x75b0f000 	C:\Windows\system32\IMM32.DLL
0x759a0000 - 0x75a6c000 	C:\Windows\system32\MSCTF.dll
0x5cc00000 - 0x5ccbf000 	C:\Program Files\Java\jdk1.8.0_101\jre\bin\msvcr100.dll
0x5c830000 - 0x5cbfc000 	C:\Program Files\Java\jdk1.8.0_101\jre\bin\client\jvm.dll
0x70670000 - 0x70677000 	C:\Windows\system32\WSOCK32.dll
0x77170000 - 0x771a5000 	C:\Windows\system32\WS2_32.dll
0x770c0000 - 0x770c6000 	C:\Windows\system32\NSI.dll
0x70990000 - 0x709c2000 	C:\Windows\system32\WINMM.dll
0x745d0000 - 0x745d9000 	C:\Windows\system32\VERSION.dll
0x75430000 - 0x75435000 	C:\Windows\system32\PSAPI.DLL
0x5fa20000 - 0x5fa2c000 	C:\Program Files\Java\jdk1.8.0_101\jre\bin\verify.dll
0x5f9f0000 - 0x5fa11000 	C:\Program Files\Java\jdk1.8.0_101\jre\bin\java.dll
0x5f9d0000 - 0x5f9e3000 	C:\Program Files\Java\jdk1.8.0_101\jre\bin\zip.dll
0x75f70000 - 0x76bb9000 	C:\Windows\system32\SHELL32.dll
0x75840000 - 0x7599c000 	C:\Windows\system32\ole32.dll
0x750d0000 - 0x750db000 	C:\Windows\system32\profapi.dll
0x72e40000 - 0x72f2b000 	C:\Windows\system32\dbghelp.dll

VM Arguments:
jvm_args: -Djava.awt.headless=true -Xmx1024M -Dfile.encoding=windows-1252 -Duser.country=US -Duser.language=en -Duser.variant 
java_command: com.android.dx.command.Main --dex --num-threads=4 --multi-dex --main-dex-list E:\SandeepProjectResources\MobipugNew\Mobipug27.10.18\MobipugSource\app\build\intermediates\multi-dex\debug\maindexlist.txt --output E:\SandeepProjectResources\MobipugNew\Mobipug27.10.18\MobipugSource\app\build\intermediates\transforms\dex\debug\folders\1000\1f\main E:\SandeepProjectResources\MobipugNew\Mobipug27.10.18\MobipugSource\app\build\intermediates\transforms\jarMerging\debug\jars\1\1f\combined.jar
java_class_path (initial): C:\Users\android-4\AppData\Local\Android\Sdk\build-tools\26.0.2\lib\dx.jar
Launcher Type: SUN_STANDARD

Environment Variables:
PATH=C:\ProgramData\Oracle\Java\javapath;C:\Windows\system32;C:\Windows;C:\Windows\System32\Wbem;C:\Windows\System32\WindowsPowerShell\v1.0\;C:\Program Files\Intel\OpenCL SDK\2.0\bin\x86;C:\Program Files\Skype\Phone\
USERNAME=android-4
OS=Windows_NT
PROCESSOR_IDENTIFIER=x86 Family 6 Model 42 Stepping 7, GenuineIntel



---------------  S Y S T E M  ---------------

OS: Windows 7 Build 7600 (6.1.7600.16385)

CPU:total 4 (2 cores per cpu, 2 threads per core) family 6 model 42 stepping 7, cmov, cx8, fxsr, mmx, sse, sse2, sse3, ssse3, sse4.1, sse4.2, popcnt, clmul, ht, tsc, tscinvbit

Memory: 4k page, physical 3578328k(170376k free), swap 24056564k(19533088k free)

vm_info: Java HotSpot(TM) Client VM (25.101-b13) for windows-x86 JRE (1.8.0_101-b13), built on Jun 22 2016 00:45:44 by "java_re" with MS VC++ 10.0 (VS2010)

time: Sat Nov 03 22:05:55 2018
elapsed time: 19 seconds (0d 0h 0m 19s)

