#
# A fatal error has been detected by the Java Runtime Environment:
#
#  EXCEPTION_ACCESS_VIOLATION (0xc0000005) at pc=0x52d155e4, pid=4356, tid=0x00001730
#
# JRE version: Java(TM) SE Runtime Environment (8.0_101-b13) (build 1.8.0_101-b13)
# Java VM: Java HotSpot(TM) Client VM (25.101-b13 mixed mode windows-x86 )
# Problematic frame:
# V  [jvm.dll+0x955e4]
#
# Failed to write core dump. Minidumps are not enabled by default on client versions of Windows
#
# If you would like to submit a bug report, please visit:
#   http://bugreport.java.com/bugreport/crash.jsp
#

---------------  T H R E A D  ---------------

Current thread (0x4448a800):  VMThread [stack: 0x44670000,0x446c0000] [id=5936]

siginfo: ExceptionCode=0xc0000005, reading address 0x00000000

Registers:
EAX=0x00000000, EBX=0x110041aa, ECX=0x09d9a4e8, EDX=0x0a67eab8
ESP=0x446bf284, EBP=0x446bf294, ESI=0x01281c88, EDI=0x09d9a4e0
EIP=0x52d155e4, EFLAGS=0x00010246

Top of Stack: (sp=0x446bf284)
0x446bf284:   446bf440 0a67eab4 442d4ce0 01281c88
0x446bf294:   446bf2b4 52d3afcc 09d9a4e0 0a768850
0x446bf2a4:   0a67eaa0 446bf440 442d4bc0 442d4ce8
0x446bf2b4:   446bf2d4 52d2518f 0a67eaa0 0a67eab8
0x446bf2c4:   01281c88 446bf440 0127f210 01282ab0
0x446bf2d4:   446bf2e8 52d13dad 446bf440 0127f210
0x446bf2e4:   00000000 446bf2fc 52d181ec 446bf440
0x446bf2f4:   446bf3f4 00000000 446bf518 52d141d7 

Instructions: (pc=0x52d155e4)
0x52d155c4:   eb 02 c1 ea 02 23 da eb 0a 8b 01 8b 50 74 57 ff
0x52d155d4:   d2 8b d8 8b 07 f6 d0 a8 01 8b 07 74 05 83 e0 fd
0x52d155e4:   8b 00 c1 e8 03 83 e0 0f 3b 86 8c 00 00 00 73 15
0x52d155f4:   8b 8e c8 01 00 00 53 e8 70 fc 00 00 8b f0 85 f6 


Register to memory mapping:

EAX=0x00000000 is an unknown value
EBX=0x110041aa is an unallocated location in the heap
ECX=0x09d9a4e8 is an oop
[I 
 - klass: {type array int}
 - length: 2
EDX=0x0a67eab8 is an oop
com.android.dx.rop.code.InsnList 
 - klass: 'com/android/dx/rop/code/InsnList'
ESP=0x446bf284 is an unknown value
EBP=0x446bf294 is an unknown value
ESI=0x01281c88 is an unknown value
EDI=0x09d9a4e0 is pointing into object: 0x09d9a4d0
com.android.dx.util.IntList 
 - klass: 'com/android/dx/util/IntList'


Stack: [0x44670000,0x446c0000],  sp=0x446bf284,  free space=316k
Native frames: (J=compiled Java code, j=interpreted, Vv=VM code, C=native code)
V  [jvm.dll+0x955e4]
V  [jvm.dll+0xbafcc]
V  [jvm.dll+0xa518f]
V  [jvm.dll+0x93dad]
V  [jvm.dll+0x981ec]
V  [jvm.dll+0x941d7]
V  [jvm.dll+0x98e73]
V  [jvm.dll+0x92e25]
V  [jvm.dll+0x1b81c6]
V  [jvm.dll+0x18292b]
V  [jvm.dll+0x181d31]
V  [jvm.dll+0x182147]
V  [jvm.dll+0x182342]
V  [jvm.dll+0x1c1ed6]
C  [msvcr100.dll+0x5c556]
C  [msvcr100.dll+0x5c600]
C  [kernel32.dll+0x51174]
C  [ntdll.dll+0x5b3f5]
C  [ntdll.dll+0x5b3c8]

VM_Operation (0x44adeeb8): GenCollectForAllocation, mode: safepoint, requested by thread 0x44630000


---------------  P R O C E S S  ---------------

Java Threads: ( => current thread )
  0x44631400 JavaThread "pool-2-thread-4" [_thread_blocked, id=4088, stack(0x44ba0000,0x44bf0000)]
  0x4462f000 JavaThread "pool-2-thread-3" [_thread_blocked, id=5760, stack(0x44910000,0x44960000)]
  0x44630000 JavaThread "pool-2-thread-2" [_thread_blocked, id=3372, stack(0x44a90000,0x44ae0000)]
  0x4460a800 JavaThread "pool-3-thread-1" [_thread_blocked, id=5176, stack(0x449c0000,0x44a10000)]
  0x44609800 JavaThread "pool-2-thread-1" [_thread_blocked, id=1236, stack(0x44970000,0x449c0000)]
  0x444ecc00 JavaThread "Service Thread" daemon [_thread_blocked, id=4548, stack(0x011d0000,0x01220000)]
  0x444da000 JavaThread "C1 CompilerThread0" daemon [_thread_blocked, id=4872, stack(0x03db0000,0x03e00000)]
  0x444d9000 JavaThread "Attach Listener" daemon [_thread_blocked, id=2804, stack(0x44780000,0x447d0000)]
  0x444d6000 JavaThread "Signal Dispatcher" daemon [_thread_blocked, id=1212, stack(0x44880000,0x448d0000)]
  0x444b6c00 JavaThread "Finalizer" daemon [_thread_blocked, id=1420, stack(0x44700000,0x44750000)]
  0x44490400 JavaThread "Reference Handler" daemon [_thread_blocked, id=2396, stack(0x01360000,0x013b0000)]
  0x0038bc00 JavaThread "main" [_thread_blocked, id=2140, stack(0x01920000,0x01970000)]

Other Threads:
=>0x4448a800 VMThread [stack: 0x44670000,0x446c0000] [id=5936]
  0x444cfc00 WatcherThread [stack: 0x447f0000,0x44840000] [id=5500]

VM state:at safepoint (normal execution)

VM Mutex/Monitor currently owned by a thread:  ([mutex/lock_event])
[0x0038a230] Threads_lock - owner thread: 0x4448a800
[0x0038a640] Heap_lock - owner thread: 0x44630000

Heap:
 def new generation   total 115648K, used 115648K [0x03e00000, 0x0bb70000, 0x19350000)
  eden space 102848K, 100% used [0x03e00000, 0x0a270000, 0x0a270000)
  from space 12800K, 100% used [0x0aef0000, 0x0bb70000, 0x0bb70000)
  to   space 12800K,  39% used [0x0a270000, 0x0a76f438, 0x0aef0000)
 tenured generation   total 256728K, used 162814K [0x19350000, 0x28e06000, 0x43e00000)
   the space 256728K,  63% used [0x19350000, 0x2324f880, 0x2324fa00, 0x28e06000)
 Metaspace       used 3547K, capacity 3598K, committed 3648K, reserved 4480K

Card table byte_map: [0x43e00000,0x44010000] byte_map_base: 0x43de1000

Polling page: 0x00360000

CodeCache: size=32768Kb used=3403Kb max_used=3403Kb free=29364Kb
 bounds [0x01c40000, 0x01f98000, 0x03c40000]
 total_blobs=1778 nmethods=1631 adapters=77
 compilation: enabled

Compilation events (10 events):
Event: 4.696 Thread 0x444da000 1628             java.util.concurrent.ThreadLocalRandom::getProbe (13 bytes)
Event: 4.696 Thread 0x444da000 nmethod 1628 0x01f91388 code [0x01f91480, 0x01f91500]
Event: 4.698 Thread 0x444da000 1630             com.android.dx.cf.code.Simulator::requiredArrayTypeFor (74 bytes)
Event: 4.698 Thread 0x444da000 nmethod 1630 0x01f91548 code [0x01f91690, 0x01f918c0]
Event: 4.714 Thread 0x444da000 1631   !         java.util.concurrent.locks.AbstractQueuedSynchronizer::acquireQueued (93 bytes)
Event: 4.715 Thread 0x444da000 nmethod 1631 0x01f91b48 code [0x01f91ca0, 0x01f91fb8]
Event: 4.716 Thread 0x444da000 1632             com.android.dx.dex.code.OutputCollector::addSuffix (10 bytes)
Event: 4.716 Thread 0x444da000 nmethod 1632 0x01f92388 code [0x01f924a0, 0x01f9260c]
Event: 4.724 Thread 0x444da000 1633             com.android.dx.rop.code.FillArrayDataInsn::<init> (59 bytes)
Event: 4.724 Thread 0x444da000 nmethod 1633 0x01f92808 code [0x01f92950, 0x01f92c2c]

GC Heap History (10 events):
Event: 3.464 GC heap after
Heap after GC invocations=57 (full 5):
 def new generation   total 67136K, used 7423K [0x03e00000, 0x086d0000, 0x19350000)
  eden space 59712K,   0% used [0x03e00000, 0x03e00000, 0x07850000)
  from space 7424K,  99% used [0x07f90000, 0x086cfff8, 0x086d0000)
  to   space 7424K,   0% used [0x07850000, 0x07850000, 0x07f90000)
 tenured generation   total 149044K, used 128278K [0x19350000, 0x224dd000, 0x43e00000)
   the space 149044K,  86% used [0x19350000, 0x21095828, 0x21095a00, 0x224dd000)
 Metaspace       used 3547K, capacity 3598K, committed 3648K, reserved 4480K
}
Event: 3.585 GC heap before
{Heap before GC invocations=57 (full 5):
 def new generation   total 67136K, used 67135K [0x03e00000, 0x086d0000, 0x19350000)
  eden space 59712K, 100% used [0x03e00000, 0x07850000, 0x07850000)
  from space 7424K,  99% used [0x07f90000, 0x086cfff8, 0x086d0000)
  to   space 7424K,   0% used [0x07850000, 0x07850000, 0x07f90000)
 tenured generation   total 149044K, used 128278K [0x19350000, 0x224dd000, 0x43e00000)
   the space 149044K,  86% used [0x19350000, 0x21095828, 0x21095a00, 0x224dd000)
 Metaspace       used 3547K, capacity 3598K, committed 3648K, reserved 4480K
Event: 3.628 GC heap after
Heap after GC invocations=58 (full 5):
 def new generation   total 67136K, used 7424K [0x03e00000, 0x086d0000, 0x19350000)
  eden space 59712K,   0% used [0x03e00000, 0x03e00000, 0x07850000)
  from space 7424K, 100% used [0x07850000, 0x07f90000, 0x07f90000)
  to   space 7424K,   0% used [0x07f90000, 0x07f90000, 0x086d0000)
 tenured generation   total 149044K, used 137311K [0x19350000, 0x224dd000, 0x43e00000)
   the space 149044K,  92% used [0x19350000, 0x21967d68, 0x21967e00, 0x224dd000)
 Metaspace       used 3547K, capacity 3598K, committed 3648K, reserved 4480K
}
Event: 3.723 GC heap before
{Heap before GC invocations=58 (full 5):
 def new generation   total 67136K, used 67136K [0x03e00000, 0x086d0000, 0x19350000)
  eden space 59712K, 100% used [0x03e00000, 0x07850000, 0x07850000)
  from space 7424K, 100% used [0x07850000, 0x07f90000, 0x07f90000)
  to   space 7424K,   0% used [0x07f90000, 0x07f90000, 0x086d0000)
 tenured generation   total 149044K, used 137311K [0x19350000, 0x224dd000, 0x43e00000)
   the space 149044K,  92% used [0x19350000, 0x21967d68, 0x21967e00, 0x224dd000)
 Metaspace       used 3547K, capacity 3598K, committed 3648K, reserved 4480K
Event: 3.762 GC heap after
Heap after GC invocations=59 (full 5):
 def new generation   total 67136K, used 7424K [0x03e00000, 0x086d0000, 0x19350000)
  eden space 59712K,   0% used [0x03e00000, 0x03e00000, 0x07850000)
  from space 7424K, 100% used [0x07f90000, 0x086d0000, 0x086d0000)
  to   space 7424K,   0% used [0x07850000, 0x07850000, 0x07f90000)
 tenured generation   total 149044K, used 146165K [0x19350000, 0x224dd000, 0x43e00000)
   the space 149044K,  98% used [0x19350000, 0x2220d4d0, 0x2220d600, 0x224dd000)
 Metaspace       used 3547K, capacity 3598K, committed 3648K, reserved 4480K
}
Event: 3.858 GC heap before
{Heap before GC invocations=59 (full 5):
 def new generation   total 67136K, used 67136K [0x03e00000, 0x086d0000, 0x19350000)
  eden space 59712K, 100% used [0x03e00000, 0x07850000, 0x07850000)
  from space 7424K, 100% used [0x07f90000, 0x086d0000, 0x086d0000)
  to   space 7424K,   0% used [0x07850000, 0x07850000, 0x07f90000)
 tenured generation   total 149044K, used 146165K [0x19350000, 0x224dd000, 0x43e00000)
   the space 149044K,  98% used [0x19350000, 0x2220d4d0, 0x2220d600, 0x224dd000)
 Metaspace       used 3547K, capacity 3598K, committed 3648K, reserved 4480K
Event: 4.251 GC heap after
Heap after GC invocations=60 (full 6):
 def new generation   total 115648K, used 7344K [0x03e00000, 0x0bb70000, 0x19350000)
  eden space 102848K,   7% used [0x03e00000, 0x0452c348, 0x0a270000)
  from space 12800K,   0% used [0x0a270000, 0x0a270000, 0x0aef0000)
  to   space 12800K,   0% used [0x0aef0000, 0x0aef0000, 0x0bb70000)
 tenured generation   total 256728K, used 154035K [0x19350000, 0x28e06000, 0x43e00000)
   the space 256728K,  59% used [0x19350000, 0x229bcff8, 0x229bd000, 0x28e06000)
 Metaspace       used 3547K, capacity 3598K, committed 3648K, reserved 4480K
}
Event: 4.428 GC heap before
{Heap before GC invocations=60 (full 6):
 def new generation   total 115648K, used 102848K [0x03e00000, 0x0bb70000, 0x19350000)
  eden space 102848K, 100% used [0x03e00000, 0x0a270000, 0x0a270000)
  from space 12800K,   0% used [0x0a270000, 0x0a270000, 0x0aef0000)
  to   space 12800K,   0% used [0x0aef0000, 0x0aef0000, 0x0bb70000)
 tenured generation   total 256728K, used 154035K [0x19350000, 0x28e06000, 0x43e00000)
   the space 256728K,  59% used [0x19350000, 0x229bcff8, 0x229bd000, 0x28e06000)
 Metaspace       used 3547K, capacity 3598K, committed 3648K, reserved 4480K
Event: 4.554 GC heap after
Heap after GC invocations=61 (full 6):
 def new generation   total 115648K, used 12800K [0x03e00000, 0x0bb70000, 0x19350000)
  eden space 102848K,   0% used [0x03e00000, 0x03e00000, 0x0a270000)
  from space 12800K, 100% used [0x0aef0000, 0x0bb70000, 0x0bb70000)
  to   space 12800K,   0% used [0x0a270000, 0x0a270000, 0x0aef0000)
 tenured generation   total 256728K, used 161599K [0x19350000, 0x28e06000, 0x43e00000)
   the space 256728K,  62% used [0x19350000, 0x2311fd70, 0x2311fe00, 0x28e06000)
 Metaspace       used 3547K, capacity 3598K, committed 3648K, reserved 4480K
}
Event: 4.733 GC heap before
{Heap before GC invocations=61 (full 6):
 def new generation   total 115648K, used 115648K [0x03e00000, 0x0bb70000, 0x19350000)
  eden space 102848K, 100% used [0x03e00000, 0x0a270000, 0x0a270000)
  from space 12800K, 100% used [0x0aef0000, 0x0bb70000, 0x0bb70000)
  to   space 12800K,   0% used [0x0a270000, 0x0a270000, 0x0aef0000)
 tenured generation   total 256728K, used 161599K [0x19350000, 0x28e06000, 0x43e00000)
   the space 256728K,  62% used [0x19350000, 0x2311fd70, 0x2311fe00, 0x28e06000)
 Metaspace       used 3547K, capacity 3598K, committed 3648K, reserved 4480K

Deoptimization events (0 events):
No events

Internal exceptions (5 events):
Event: 0.025 Thread 0x0038bc00 Exception <a 'java/lang/NoSuchMethodError': Method sun.misc.Unsafe.defineClass(Ljava/lang/String;[BII)Ljava/lang/Class; name or signature does not match> (0x03e06ea8) thrown at [C:\re\workspace\8-2-build-windows-i586-cygwin\jdk8u101\7261\hotspot\src\share\ÃÇE¸Ä™?
Event: 0.025 Thread 0x0038bc00 Exception <a 'java/lang/NoSuchMethodError': Method sun.misc.Unsafe.prefetchRead(Ljava/lang/Object;J)V name or signature does not match> (0x03e07178) thrown at [C:\re\workspace\8-2-build-windows-i586-cygwin\jdk8u101\7261\hotspot\src\share\vm\prims\jni.cpp, 0³&x±é?
Event: 0.785 Thread 0x44630000 Exception <a 'java/lang/ArrayIndexOutOfBoundsException': 18> (0x03e02b78) thrown at [C:\re\workspace\8-2-build-windows-i586-cygwin\jdk8u101\7261\hotspot\src\share\vm\interpreter\interpreterRuntime.cpp, line 366]
Event: 0.785 Thread 0x44630000 Exception <a 'java/lang/ArrayIndexOutOfBoundsException': 145> (0x03e04418) thrown at [C:\re\workspace\8-2-build-windows-i586-cygwin\jdk8u101\7261\hotspot\src\share\vm\interpreter\interpreterRuntime.cpp, line 366]
Event: 0.785 Thread 0x44630000 Exception <a 'java/lang/ArrayIndexOutOfBoundsException': 40> (0x03e054f8) thrown at [C:\re\workspace\8-2-build-windows-i586-cygwin\jdk8u101\7261\hotspot\src\share\vm\interpreter\interpreterRuntime.cpp, line 366]

Events (10 events):
Event: 4.573 Executing VM operation: RevokeBias done
Event: 4.573 Executing VM operation: RevokeBias
Event: 4.573 Executing VM operation: RevokeBias done
Event: 4.577 Executing VM operation: RevokeBias
Event: 4.577 Executing VM operation: RevokeBias done
Event: 4.578 Executing VM operation: RevokeBias
Event: 4.578 Executing VM operation: RevokeBias done
Event: 4.581 Executing VM operation: BulkRevokeBias
Event: 4.581 Executing VM operation: BulkRevokeBias done
Event: 4.733 Executing VM operation: GenCollectForAllocation


Dynamic libraries:
0x013d0000 - 0x01403000 	C:\Program Files\Java\jdk1.8.0_101\bin\java.exe
0x77310000 - 0x7744c000 	C:\Windows\SYSTEM32\ntdll.dll
0x75830000 - 0x75904000 	C:\Windows\system32\kernel32.dll
0x755f0000 - 0x7563a000 	C:\Windows\system32\KERNELBASE.dll
0x75cb0000 - 0x75d50000 	C:\Windows\system32\ADVAPI32.dll
0x77260000 - 0x7730c000 	C:\Windows\system32\msvcrt.dll
0x75a50000 - 0x75a69000 	C:\Windows\SYSTEM32\sechost.dll
0x76dc0000 - 0x76e61000 	C:\Windows\system32\RPCRT4.dll
0x75760000 - 0x75829000 	C:\Windows\system32\USER32.dll
0x75e80000 - 0x75ece000 	C:\Windows\system32\GDI32.dll
0x77450000 - 0x7745a000 	C:\Windows\system32\LPK.dll
0x75a70000 - 0x75b0d000 	C:\Windows\system32\USP10.dll
0x741d0000 - 0x7436e000 	C:\Windows\WinSxS\x86_microsoft.windows.common-controls_6595b64144ccf1df_6.0.7600.16385_none_421189da2b7fabfc\COMCTL32.dll
0x774e0000 - 0x77537000 	C:\Windows\system32\SHLWAPI.dll
0x77470000 - 0x7748f000 	C:\Windows\system32\IMM32.DLL
0x76f00000 - 0x76fcc000 	C:\Windows\system32\MSCTF.dll
0x6bf90000 - 0x6c04f000 	C:\Program Files\Java\jdk1.8.0_101\jre\bin\msvcr100.dll
0x52c80000 - 0x5304c000 	C:\Program Files\Java\jdk1.8.0_101\jre\bin\client\jvm.dll
0x70a40000 - 0x70a47000 	C:\Windows\system32\WSOCK32.dll
0x75a10000 - 0x75a45000 	C:\Windows\system32\WS2_32.dll
0x774d0000 - 0x774d6000 	C:\Windows\system32\NSI.dll
0x708e0000 - 0x70912000 	C:\Windows\system32\WINMM.dll
0x74960000 - 0x74969000 	C:\Windows\system32\VERSION.dll
0x774c0000 - 0x774c5000 	C:\Windows\system32\PSAPI.DLL
0x65230000 - 0x6523c000 	C:\Program Files\Java\jdk1.8.0_101\jre\bin\verify.dll
0x65200000 - 0x65221000 	C:\Program Files\Java\jdk1.8.0_101\jre\bin\java.dll
0x651e0000 - 0x651f3000 	C:\Program Files\Java\jdk1.8.0_101\jre\bin\zip.dll
0x76170000 - 0x76db9000 	C:\Windows\system32\SHELL32.dll
0x76010000 - 0x7616c000 	C:\Windows\system32\ole32.dll
0x75460000 - 0x7546b000 	C:\Windows\system32\profapi.dll
0x73280000 - 0x7336b000 	C:\Windows\system32\dbghelp.dll

VM Arguments:
jvm_args: -Djava.awt.headless=true -Xmx1024M -Dfile.encoding=windows-1252 -Duser.country=US -Duser.language=en -Duser.variant 
java_command: com.android.dx.command.Main --dex --num-threads=4 --multi-dex --main-dex-list E:\SandeepProjectResources\MobipugNew\Mobipug27.10.18\MobipugSource\app\build\intermediates\multi-dex\debug\maindexlist.txt --output E:\SandeepProjectResources\MobipugNew\Mobipug27.10.18\MobipugSource\app\build\intermediates\transforms\dex\debug\folders\1000\1f\main E:\SandeepProjectResources\MobipugNew\Mobipug27.10.18\MobipugSource\app\build\intermediates\transforms\jarMerging\debug\jars\1\1f\combined.jar
java_class_path (initial): C:\Users\android-4\AppData\Local\Android\Sdk\build-tools\26.0.2\lib\dx.jar
Launcher Type: SUN_STANDARD

Environment Variables:
PATH=C:\ProgramData\Oracle\Java\javapath;C:\Windows\system32;C:\Windows;C:\Windows\System32\Wbem;C:\Windows\System32\WindowsPowerShell\v1.0\;C:\Program Files\Intel\OpenCL SDK\2.0\bin\x86;C:\Program Files\Skype\Phone\
USERNAME=android-4
OS=Windows_NT
PROCESSOR_IDENTIFIER=x86 Family 6 Model 42 Stepping 7, GenuineIntel



---------------  S Y S T E M  ---------------

OS: Windows 7 Build 7600 (6.1.7600.16385)

CPU:total 4 (2 cores per cpu, 2 threads per core) family 6 model 42 stepping 7, cmov, cx8, fxsr, mmx, sse, sse2, sse3, ssse3, sse4.1, sse4.2, popcnt, clmul, ht, tsc, tscinvbit

Memory: 4k page, physical 3578328k(491492k free), swap 24056564k(19594024k free)

vm_info: Java HotSpot(TM) Client VM (25.101-b13) for windows-x86 JRE (1.8.0_101-b13), built on Jun 22 2016 00:45:44 by "java_re" with MS VC++ 10.0 (VS2010)

time: Sun Oct 28 13:44:56 2018
elapsed time: 4 seconds (0d 0h 0m 4s)

