#
# A fatal error has been detected by the Java Runtime Environment:
#
#  EXCEPTION_ACCESS_VIOLATION (0xc0000005) at pc=0x5cbc55cf, pid=5496, tid=0x000015a0
#
# JRE version: Java(TM) SE Runtime Environment (8.0_101-b13) (build 1.8.0_101-b13)
# Java VM: Java HotSpot(TM) Client VM (25.101-b13 mixed mode windows-x86 )
# Problematic frame:
# V  [jvm.dll+0x955cf]
#
# Failed to write core dump. Minidumps are not enabled by default on client versions of Windows
#
# If you would like to submit a bug report, please visit:
#   http://bugreport.java.com/bugreport/crash.jsp
#

---------------  T H R E A D  ---------------

Current thread (0x443ea800):  VMThread [stack: 0x44670000,0x446c0000] [id=5536]

siginfo: ExceptionCode=0xc0000005, reading address 0x00000074

Registers:
EAX=0x00000000, EBX=0x00000ba8, ECX=0x442a6180, EDX=0x33897484
ESP=0x446bf6c8, EBP=0x446bf6d8, ESI=0x01601c88, EDI=0x1052b0d8
EIP=0x5cbc55cf, EFLAGS=0x00010246

Top of Stack: (sp=0x446bf6c8)
0x446bf6c8:   446bf7f4 33894b28 00000ba8 01601c88
0x446bf6d8:   446bf6f0 5cc0132d 1052b0d8 33a5a0d8
0x446bf6e8:   338945e8 446bf7f4 446bf710 5cbd518f
0x446bf6f8:   33897484 446bf7f4 01604050 446bf7f4
0x446bf708:   015ff210 01604170 446bf724 5cbca531
0x446bf718:   446bf7f4 015ff264 00000001 446bf73c
0x446bf728:   5cbc8207 446bf7f4 015ff210 446bf834
0x446bf738:   00000000 446bf958 5cbc41d7 00000000 

Instructions: (pc=0x5cbc55cf)
0x5cbc55af:   83 e1 3f d3 e3 4a c1 f8 10 25 ff 00 00 00 03 da
0x5cbc55bf:   03 d8 f7 d2 c1 eb 02 c1 ea 02 23 da eb 0a 8b 01
0x5cbc55cf:   8b 50 74 57 ff d2 8b d8 8b 07 f6 d0 a8 01 8b 07
0x5cbc55df:   74 05 83 e0 fd 8b 00 c1 e8 03 83 e0 0f 3b 86 8c 


Register to memory mapping:

EAX=0x00000000 is an unknown value
EBX=0x00000ba8 is an unknown value
ECX=0x442a6180 is pointing into metadata
EDX=0x33897484 is pointing into object: 0x338945e8
[Ljava.lang.Object; 
 - klass: 'java/lang/Object'[]
 - length: 2980
ESP=0x446bf6c8 is an unknown value
EBP=0x446bf6d8 is an unknown value
ESI=0x01601c88 is an unknown value
EDI=
[error occurred during error reporting (printing register info), id 0xc0000005]

Stack: [0x44670000,0x446c0000],  sp=0x446bf6c8,  free space=317k
Native frames: (J=compiled Java code, j=interpreted, Vv=VM code, C=native code)
V  [jvm.dll+0x955cf]
V  [jvm.dll+0xd132d]
V  [jvm.dll+0xa518f]
V  [jvm.dll+0x9a531]
V  [jvm.dll+0x98207]
V  [jvm.dll+0x941d7]
V  [jvm.dll+0x98e73]
V  [jvm.dll+0x92e25]
V  [jvm.dll+0x1b81c6]
V  [jvm.dll+0x18292b]
V  [jvm.dll+0x181d31]
V  [jvm.dll+0x182147]
V  [jvm.dll+0x182342]
V  [jvm.dll+0x1c1ed6]
C  [msvcr100.dll+0x5c556]
C  [msvcr100.dll+0x5c600]
C  [kernel32.dll+0x51174]
C  [ntdll.dll+0x5b3f5]
C  [ntdll.dll+0x5b3c8]

VM_Operation (0x44beec58): GenCollectForAllocation, mode: safepoint, requested by thread 0x445bd000


---------------  P R O C E S S  ---------------

Java Threads: ( => current thread )
  0x445bdc00 JavaThread "pool-2-thread-4" [_thread_blocked, id=5648, stack(0x44a00000,0x44a50000)]
  0x445bd000 JavaThread "pool-2-thread-3" [_thread_blocked, id=5644, stack(0x44ba0000,0x44bf0000)]
  0x445c1c00 JavaThread "pool-2-thread-2" [_thread_blocked, id=5576, stack(0x44b20000,0x44b70000)]
  0x445c1800 JavaThread "pool-3-thread-1" [_thread_blocked, id=5580, stack(0x44a60000,0x44ab0000)]
  0x4458e800 JavaThread "pool-2-thread-1" [_thread_blocked, id=5600, stack(0x011b0000,0x01200000)]
  0x44431c00 JavaThread "Service Thread" daemon [_thread_blocked, id=5592, stack(0x44830000,0x44880000)]
  0x44439c00 JavaThread "C1 CompilerThread0" daemon [_thread_blocked, id=5588, stack(0x447d0000,0x44820000)]
  0x44438c00 JavaThread "Attach Listener" daemon [_thread_blocked, id=5584, stack(0x01700000,0x01750000)]
  0x44436000 JavaThread "Signal Dispatcher" daemon [_thread_blocked, id=5612, stack(0x44760000,0x447b0000)]
  0x44416c00 JavaThread "Finalizer" daemon [_thread_blocked, id=5604, stack(0x44600000,0x44650000)]
  0x443f0400 JavaThread "Reference Handler" daemon [_thread_blocked, id=5608, stack(0x446f0000,0x44740000)]
  0x0176bc00 JavaThread "main" [_thread_blocked, id=5540, stack(0x010e0000,0x01130000)]

Other Threads:
=>0x443ea800 VMThread [stack: 0x44670000,0x446c0000] [id=5536]
  0x44433800 WatcherThread [stack: 0x44970000,0x449c0000] [id=5596]

VM state:at safepoint (normal execution)

VM Mutex/Monitor currently owned by a thread:  ([mutex/lock_event])
[0x0176a230] Threads_lock - owner thread: 0x443ea800
[0x0176a640] Heap_lock - owner thread: 0x445bd000

Heap:
 def new generation   total 193984K, used 193984K [0x03c00000, 0x10e70000, 0x19150000)
  eden space 172480K, 100% used [0x03c00000, 0x0e470000, 0x0e470000)
  from space 21504K, 100% used [0x0f970000, 0x10e70000, 0x10e70000)
  to   space 21504K,  99% used [0x0e470000, 0x0f96fff8, 0x0f970000)
 tenured generation   total 436248K, used 436170K [0x19150000, 0x33b56000, 0x43c00000)
   the space 436248K,  99% used [0x19150000, 0x33b42a00, 0x33b42a00, 0x33b56000)
 Metaspace       used 3547K, capacity 3598K, committed 3648K, reserved 4480K

Card table byte_map: [0x43c00000,0x43e10000] byte_map_base: 0x43be2000

Polling page: 0x00190000

CodeCache: size=32768Kb used=3555Kb max_used=3555Kb free=29212Kb
 bounds [0x01b40000, 0x01ec0000, 0x03b40000]
 total_blobs=1867 nmethods=1720 adapters=77
 compilation: enabled

Compilation events (10 events):
Event: 10.311 Thread 0x44439c00 1718             com.android.dx.dex.code.TargetInsn::<init> (29 bytes)
Event: 10.311 Thread 0x44439c00 nmethod 1718 0x01eb7f48 code [0x01eb8060, 0x01eb8188]
Event: 10.582 Thread 0x44439c00 1719             com.android.dx.rop.code.Rops::opAget (97 bytes)
Event: 10.582 Thread 0x44439c00 nmethod 1719 0x01eb8248 code [0x01eb83c0, 0x01eb8738]
Event: 10.584 Thread 0x44439c00 1720             java.util.HashMap::compareComparables (27 bytes)
Event: 10.584 Thread 0x44439c00 nmethod 1720 0x01eb89c8 code [0x01eb8ad0, 0x01eb8bcc]
Event: 10.650 Thread 0x44439c00 1721             com.android.dx.rop.code.SwitchInsn::getCatches (4 bytes)
Event: 10.650 Thread 0x44439c00 nmethod 1721 0x01eb8c88 code [0x01eb8d80, 0x01eb8e00]
Event: 10.670 Thread 0x44439c00 1722             com.android.dx.rop.code.BasicBlockList$RegCountVisitor::visitSwitchInsn (6 bytes)
Event: 10.670 Thread 0x44439c00 nmethod 1722 0x01eb8e48 code [0x01eb8f40, 0x01eb8fcc]

GC Heap History (10 events):
Event: 9.275 GC heap after
Heap after GC invocations=90 (full 7):
 def new generation   total 193984K, used 21503K [0x03c00000, 0x10e70000, 0x19150000)
  eden space 172480K,   0% used [0x03c00000, 0x03c00000, 0x0e470000)
  from space 21504K,  99% used [0x0f970000, 0x10e6fff8, 0x10e70000)
  to   space 21504K,   0% used [0x0e470000, 0x0e470000, 0x0f970000)
 tenured generation   total 430872K, used 321718K [0x19150000, 0x33616000, 0x43c00000)
   the space 430872K,  74% used [0x19150000, 0x2cb7da38, 0x2cb7dc00, 0x33616000)
 Metaspace       used 3547K, capacity 3598K, committed 3648K, reserved 4480K
}
Event: 9.550 GC heap before
{Heap before GC invocations=90 (full 7):
 def new generation   total 193984K, used 193983K [0x03c00000, 0x10e70000, 0x19150000)
  eden space 172480K, 100% used [0x03c00000, 0x0e470000, 0x0e470000)
  from space 21504K,  99% used [0x0f970000, 0x10e6fff8, 0x10e70000)
  to   space 21504K,   0% used [0x0e470000, 0x0e470000, 0x0f970000)
 tenured generation   total 430872K, used 321718K [0x19150000, 0x33616000, 0x43c00000)
   the space 430872K,  74% used [0x19150000, 0x2cb7da38, 0x2cb7dc00, 0x33616000)
 Metaspace       used 3547K, capacity 3598K, committed 3648K, reserved 4480K
Event: 9.663 GC heap after
Heap after GC invocations=91 (full 7):
 def new generation   total 193984K, used 21504K [0x03c00000, 0x10e70000, 0x19150000)
  eden space 172480K,   0% used [0x03c00000, 0x03c00000, 0x0e470000)
  from space 21504K, 100% used [0x0e470000, 0x0f970000, 0x0f970000)
  to   space 21504K,   0% used [0x0f970000, 0x0f970000, 0x10e70000)
 tenured generation   total 430872K, used 345860K [0x19150000, 0x33616000, 0x43c00000)
   the space 430872K,  80% used [0x19150000, 0x2e311040, 0x2e311200, 0x33616000)
 Metaspace       used 3547K, capacity 3598K, committed 3648K, reserved 4480K
}
Event: 9.937 GC heap before
{Heap before GC invocations=91 (full 7):
 def new generation   total 193984K, used 193984K [0x03c00000, 0x10e70000, 0x19150000)
  eden space 172480K, 100% used [0x03c00000, 0x0e470000, 0x0e470000)
  from space 21504K, 100% used [0x0e470000, 0x0f970000, 0x0f970000)
  to   space 21504K,   0% used [0x0f970000, 0x0f970000, 0x10e70000)
 tenured generation   total 430872K, used 345860K [0x19150000, 0x33616000, 0x43c00000)
   the space 430872K,  80% used [0x19150000, 0x2e311040, 0x2e311200, 0x33616000)
 Metaspace       used 3547K, capacity 3598K, committed 3648K, reserved 4480K
Event: 10.059 GC heap after
Heap after GC invocations=92 (full 7):
 def new generation   total 193984K, used 21504K [0x03c00000, 0x10e70000, 0x19150000)
  eden space 172480K,   0% used [0x03c00000, 0x03c00000, 0x0e470000)
  from space 21504K, 100% used [0x0f970000, 0x10e70000, 0x10e70000)
  to   space 21504K,   0% used [0x0e470000, 0x0e470000, 0x0f970000)
 tenured generation   total 430872K, used 371638K [0x19150000, 0x33616000, 0x43c00000)
   the space 430872K,  86% used [0x19150000, 0x2fc3d868, 0x2fc3da00, 0x33616000)
 Metaspace       used 3547K, capacity 3598K, committed 3648K, reserved 4480K
}
Event: 10.357 GC heap before
{Heap before GC invocations=92 (full 7):
 def new generation   total 193984K, used 193984K [0x03c00000, 0x10e70000, 0x19150000)
  eden space 172480K, 100% used [0x03c00000, 0x0e470000, 0x0e470000)
  from space 21504K, 100% used [0x0f970000, 0x10e70000, 0x10e70000)
  to   space 21504K,   0% used [0x0e470000, 0x0e470000, 0x0f970000)
 tenured generation   total 430872K, used 371638K [0x19150000, 0x33616000, 0x43c00000)
   the space 430872K,  86% used [0x19150000, 0x2fc3d868, 0x2fc3da00, 0x33616000)
 Metaspace       used 3547K, capacity 3598K, committed 3648K, reserved 4480K
Event: 10.471 GC heap after
Heap after GC invocations=93 (full 7):
 def new generation   total 193984K, used 21504K [0x03c00000, 0x10e70000, 0x19150000)
  eden space 172480K,   0% used [0x03c00000, 0x03c00000, 0x0e470000)
  from space 21504K, 100% used [0x0e470000, 0x0f970000, 0x0f970000)
  to   space 21504K,   0% used [0x0f970000, 0x0f970000, 0x10e70000)
 tenured generation   total 430872K, used 396393K [0x19150000, 0x33616000, 0x43c00000)
   the space 430872K,  91% used [0x19150000, 0x3146a768, 0x3146a800, 0x33616000)
 Metaspace       used 3547K, capacity 3598K, committed 3648K, reserved 4480K
}
Event: 10.739 GC heap before
{Heap before GC invocations=93 (full 7):
 def new generation   total 193984K, used 193984K [0x03c00000, 0x10e70000, 0x19150000)
  eden space 172480K, 100% used [0x03c00000, 0x0e470000, 0x0e470000)
  from space 21504K, 100% used [0x0e470000, 0x0f970000, 0x0f970000)
  to   space 21504K,   0% used [0x0f970000, 0x0f970000, 0x10e70000)
 tenured generation   total 430872K, used 396393K [0x19150000, 0x33616000, 0x43c00000)
   the space 430872K,  91% used [0x19150000, 0x3146a768, 0x3146a800, 0x33616000)
 Metaspace       used 3547K, capacity 3598K, committed 3648K, reserved 4480K
Event: 10.849 GC heap after
Heap after GC invocations=94 (full 7):
 def new generation   total 193984K, used 21504K [0x03c00000, 0x10e70000, 0x19150000)
  eden space 172480K,   0% used [0x03c00000, 0x03c00000, 0x0e470000)
  from space 21504K, 100% used [0x0f970000, 0x10e70000, 0x10e70000)
  to   space 21504K,   0% used [0x0e470000, 0x0e470000, 0x0f970000)
 tenured generation   total 430872K, used 421025K [0x19150000, 0x33616000, 0x43c00000)
   the space 430872K,  97% used [0x19150000, 0x32c78760, 0x32c78800, 0x33616000)
 Metaspace       used 3547K, capacity 3598K, committed 3648K, reserved 4480K
}
Event: 11.134 GC heap before
{Heap before GC invocations=94 (full 7):
 def new generation   total 193984K, used 193984K [0x03c00000, 0x10e70000, 0x19150000)
  eden space 172480K, 100% used [0x03c00000, 0x0e470000, 0x0e470000)
  from space 21504K, 100% used [0x0f970000, 0x10e70000, 0x10e70000)
  to   space 21504K,   0% used [0x0e470000, 0x0e470000, 0x0f970000)
 tenured generation   total 430872K, used 421025K [0x19150000, 0x33616000, 0x43c00000)
   the space 430872K,  97% used [0x19150000, 0x32c78760, 0x32c78800, 0x33616000)
 Metaspace       used 3547K, capacity 3598K, committed 3648K, reserved 4480K

Deoptimization events (0 events):
No events

Internal exceptions (5 events):
Event: 0.306 Thread 0x0176bc00 Exception <a 'java/lang/NoSuchMethodError': Method sun.misc.Unsafe.defineClass(Ljava/lang/String;[BII)Ljava/lang/Class; name or signature does not match> (0x03c06ea8) thrown at [C:\re\workspace\8-2-build-windows-i586-cygwin\jdk8u101\7261\hotspot\src\share\X~·ê”?
Event: 0.306 Thread 0x0176bc00 Exception <a 'java/lang/NoSuchMethodError': Method sun.misc.Unsafe.prefetchRead(Ljava/lang/Object;J)V name or signature does not match> (0x03c07178) thrown at [C:\re\workspace\8-2-build-windows-i586-cygwin\jdk8u101\7261\hotspot\src\share\vm\prims\jni.cpp, ;ˆ—∫
Event: 2.009 Thread 0x445bd000 Exception <a 'java/lang/ArrayIndexOutOfBoundsException': 18> (0x03f1deb0) thrown at [C:\re\workspace\8-2-build-windows-i586-cygwin\jdk8u101\7261\hotspot\src\share\vm\interpreter\interpreterRuntime.cpp, line 366]
Event: 2.009 Thread 0x445bd000 Exception <a 'java/lang/ArrayIndexOutOfBoundsException': 145> (0x03f1f750) thrown at [C:\re\workspace\8-2-build-windows-i586-cygwin\jdk8u101\7261\hotspot\src\share\vm\interpreter\interpreterRuntime.cpp, line 366]
Event: 2.010 Thread 0x445bd000 Exception <a 'java/lang/ArrayIndexOutOfBoundsException': 40> (0x03f20830) thrown at [C:\re\workspace\8-2-build-windows-i586-cygwin\jdk8u101\7261\hotspot\src\share\vm\interpreter\interpreterRuntime.cpp, line 366]

Events (10 events):
Event: 9.275 Executing VM operation: GenCollectFull done
Event: 9.550 Executing VM operation: GenCollectForAllocation
Event: 9.663 Executing VM operation: GenCollectForAllocation done
Event: 9.937 Executing VM operation: GenCollectForAllocation
Event: 10.059 Executing VM operation: GenCollectForAllocation done
Event: 10.357 Executing VM operation: GenCollectForAllocation
Event: 10.471 Executing VM operation: GenCollectForAllocation done
Event: 10.739 Executing VM operation: GenCollectForAllocation
Event: 10.849 Executing VM operation: GenCollectForAllocation done
Event: 11.134 Executing VM operation: GenCollectForAllocation


Dynamic libraries:
0x012a0000 - 0x012d3000 	C:\Program Files\Java\jdk1.8.0_101\bin\java.exe
0x77320000 - 0x7745c000 	C:\Windows\SYSTEM32\ntdll.dll
0x76880000 - 0x76954000 	C:\Windows\system32\kernel32.dll
0x75700000 - 0x7574a000 	C:\Windows\system32\KERNELBASE.dll
0x76dc0000 - 0x76e60000 	C:\Windows\system32\ADVAPI32.dll
0x76fa0000 - 0x7704c000 	C:\Windows\system32\msvcrt.dll
0x77480000 - 0x77499000 	C:\Windows\SYSTEM32\sechost.dll
0x76960000 - 0x76a01000 	C:\Windows\system32\RPCRT4.dll
0x76ec0000 - 0x76f89000 	C:\Windows\system32\USER32.dll
0x76620000 - 0x7666e000 	C:\Windows\system32\GDI32.dll
0x77460000 - 0x7746a000 	C:\Windows\system32\LPK.dll
0x76a10000 - 0x76aad000 	C:\Windows\system32\USP10.dll
0x74280000 - 0x7441e000 	C:\Windows\WinSxS\x86_microsoft.windows.common-controls_6595b64144ccf1df_6.0.7600.16385_none_421189da2b7fabfc\COMCTL32.dll
0x77050000 - 0x770a7000 	C:\Windows\system32\SHLWAPI.dll
0x76700000 - 0x7671f000 	C:\Windows\system32\IMM32.DLL
0x77250000 - 0x7731c000 	C:\Windows\system32\MSCTF.dll
0x5cf00000 - 0x5cfbf000 	C:\Program Files\Java\jdk1.8.0_101\jre\bin\msvcr100.dll
0x5cb30000 - 0x5cefc000 	C:\Program Files\Java\jdk1.8.0_101\jre\bin\client\jvm.dll
0x70a20000 - 0x70a27000 	C:\Windows\system32\WSOCK32.dll
0x76bb0000 - 0x76be5000 	C:\Windows\system32\WS2_32.dll
0x76f90000 - 0x76f96000 	C:\Windows\system32\NSI.dll
0x70d40000 - 0x70d72000 	C:\Windows\system32\WINMM.dll
0x74970000 - 0x74979000 	C:\Windows\system32\VERSION.dll
0x77470000 - 0x77475000 	C:\Windows\system32\PSAPI.DLL
0x661e0000 - 0x661ec000 	C:\Program Files\Java\jdk1.8.0_101\jre\bin\verify.dll
0x65f80000 - 0x65fa1000 	C:\Program Files\Java\jdk1.8.0_101\jre\bin\java.dll
0x65f60000 - 0x65f73000 	C:\Program Files\Java\jdk1.8.0_101\jre\bin\zip.dll
0x759d0000 - 0x76619000 	C:\Windows\system32\SHELL32.dll
0x76720000 - 0x7687c000 	C:\Windows\system32\ole32.dll
0x75470000 - 0x7547b000 	C:\Windows\system32\profapi.dll
0x731d0000 - 0x732bb000 	C:\Windows\system32\dbghelp.dll

VM Arguments:
jvm_args: -Djava.awt.headless=true -Xmx1024M -Dfile.encoding=windows-1252 -Duser.country=US -Duser.language=en -Duser.variant 
java_command: com.android.dx.command.Main --dex --num-threads=4 --multi-dex --main-dex-list E:\SandeepProjectResources\MobipugNew\Mobipug27.10.18\MobipugSource\app\build\intermediates\multi-dex\debug\maindexlist.txt --output E:\SandeepProjectResources\MobipugNew\Mobipug27.10.18\MobipugSource\app\build\intermediates\transforms\dex\debug\folders\1000\1f\main E:\SandeepProjectResources\MobipugNew\Mobipug27.10.18\MobipugSource\app\build\intermediates\transforms\jarMerging\debug\jars\1\1f\combined.jar
java_class_path (initial): C:\Users\android-4\AppData\Local\Android\Sdk\build-tools\26.0.2\lib\dx.jar
Launcher Type: SUN_STANDARD

Environment Variables:
PATH=C:\ProgramData\Oracle\Java\javapath;C:\Windows\system32;C:\Windows;C:\Windows\System32\Wbem;C:\Windows\System32\WindowsPowerShell\v1.0\;C:\Program Files\Intel\OpenCL SDK\2.0\bin\x86;C:\Program Files\Skype\Phone\
USERNAME=android-4
OS=Windows_NT
PROCESSOR_IDENTIFIER=x86 Family 6 Model 42 Stepping 7, GenuineIntel



---------------  S Y S T E M  ---------------

OS: Windows 7 Build 7600 (6.1.7600.16385)

CPU:total 4 (2 cores per cpu, 2 threads per core) family 6 model 42 stepping 7, cmov, cx8, fxsr, mmx, sse, sse2, sse3, ssse3, sse4.1, sse4.2, popcnt, clmul, ht, tsc, tscinvbit

Memory: 4k page, physical 3578328k(729060k free), swap 24056564k(20382752k free)

vm_info: Java HotSpot(TM) Client VM (25.101-b13) for windows-x86 JRE (1.8.0_101-b13), built on Jun 22 2016 00:45:44 by "java_re" with MS VC++ 10.0 (VS2010)

time: Tue Nov 06 10:35:19 2018
elapsed time: 11 seconds (0d 0h 0m 11s)

