#
# A fatal error has been detected by the Java Runtime Environment:
#
#  EXCEPTION_ACCESS_VIOLATION (0xc0000005) at pc=0x5182fa77, pid=4248, tid=0x00000510
#
# JRE version: Java(TM) SE Runtime Environment (8.0_101-b13) (build 1.8.0_101-b13)
# Java VM: Java HotSpot(TM) Client VM (25.101-b13 mixed mode windows-x86 )
# Problematic frame:
# V  [jvm.dll+0xbfa77]
#
# Failed to write core dump. Minidumps are not enabled by default on client versions of Windows
#
# If you would like to submit a bug report, please visit:
#   http://bugreport.java.com/bugreport/crash.jsp
#

---------------  T H R E A D  ---------------

Current thread (0x445ea800):  VMThread [stack: 0x03d10000,0x03d60000] [id=1296]

siginfo: ExceptionCode=0xc0000005, reading address 0x00000060

Registers:
EAX=0x194cbd50, EBX=0x305ba0dc, ECX=0x00000000, EDX=0x00000000
ESP=0x03d5efd8, EBP=0x03d5eff8, ESI=0x305ba0e4, EDI=0x1948c088
EIP=0x5182fa77, EFLAGS=0x00010293

Top of Stack: (sp=0x03d5efd8)
0x03d5efd8:   51ad94cc 447b8164 447b8160 444a7d50
0x03d5efe8:   305ba0e4 00000003 193babb0 444a7d48
0x03d5eff8:   03d5f018 51924db1 305ba0c8 51ad94cc
0x03d5f008:   447b8160 447b8164 51ad94cc 447b8160
0x03d5f018:   03d5f024 51924fac 00000003 03d5f040
0x03d5f028:   518c883a 447b8160 447b7c00 51ad94cc
0x03d5f038:   00000000 447b5df0 03d5f228 518e9eef
0x03d5f048:   51ad94cc 00000001 447b7c00 00000000 

Instructions: (pc=0x5182fa77)
0x5182fa57:   80 3d b4 84 ac 51 00 75 0a 8b d0 80 e2 07 80 fa
0x5182fa67:   01 eb 1b 8b c8 83 e1 07 83 f9 05 74 24 8b 57 04
0x5182fa77:   8b 52 60 83 e2 07 80 fa 05 74 0c 83 f9 01 75 07
0x5182fa87:   a9 80 ff ff ff 74 0a 50 57 e8 fb 4f 0f 00 83 c4 


Register to memory mapping:

EAX=0x194cbd50 is an oop
[C 
 - klass: {type array char}
 - length: 21
EBX=0x305ba0dc is pointing into object: 0x305ba0c8
com.android.dx.dex.code.TargetInsn 
 - klass: 'com/android/dx/dex/code/TargetInsn'
ECX=0x00000000 is an unknown value
EDX=0x00000000 is an unknown value
ESP=0x03d5efd8 is an unknown value
EBP=0x03d5eff8 is an unknown value
ESI=0x305ba0e4 is pointing into object: 0x305ba0c8
com.android.dx.dex.code.TargetInsn 
 - klass: 'com/android/dx/dex/code/TargetInsn'
EDI=0x1948c088 is pointing into object: 0x1948c080
java.lang.String 
 - klass: 'java/lang/String'


Stack: [0x03d10000,0x03d60000],  sp=0x03d5efd8,  free space=315k
Native frames: (J=compiled Java code, j=interpreted, Vv=VM code, C=native code)
V  [jvm.dll+0xbfa77]
V  [jvm.dll+0x1b4db1]
V  [jvm.dll+0x1b4fac]
V  [jvm.dll+0x15883a]
V  [jvm.dll+0x179eef]
V  [jvm.dll+0x1789ea]
V  [jvm.dll+0x97fb0]
V  [jvm.dll+0x992a1]
V  [jvm.dll+0x9b020]
V  [jvm.dll+0x9b489]
V  [jvm.dll+0x9a27f]
V  [jvm.dll+0xa64b2]
V  [jvm.dll+0x98e73]
V  [jvm.dll+0x92e25]
V  [jvm.dll+0x1b81c6]
V  [jvm.dll+0x18292b]
V  [jvm.dll+0x181d31]
V  [jvm.dll+0x182147]
V  [jvm.dll+0x182342]
V  [jvm.dll+0x1c1ed6]
C  [msvcr100.dll+0x5c556]
C  [msvcr100.dll+0x5c600]
C  [kernel32.dll+0x51174]
C  [ntdll.dll+0x5b3f5]
C  [ntdll.dll+0x5b3c8]

VM_Operation (0x44bff238): GenCollectForAllocation, mode: safepoint, requested by thread 0x447b7000


---------------  P R O C E S S  ---------------

Java Threads: ( => current thread )
  0x447b7c00 JavaThread "pool-2-thread-4" [_thread_blocked, id=4460, stack(0x44c60000,0x44cb0000)]
  0x447b7000 JavaThread "pool-2-thread-3" [_thread_blocked, id=5104, stack(0x44bb0000,0x44c00000)]
  0x447b2800 JavaThread "pool-2-thread-2" [_thread_blocked, id=676, stack(0x44b60000,0x44bb0000)]
  0x44783c00 JavaThread "pool-3-thread-1" [_thread_blocked, id=1748, stack(0x44a70000,0x44ac0000)]
  0x44782c00 JavaThread "pool-2-thread-1" [_thread_blocked, id=5780, stack(0x00fa0000,0x00ff0000)]
  0x44646400 JavaThread "Service Thread" daemon [_thread_blocked, id=3772, stack(0x00bc0000,0x00c10000)]
  0x4463a000 JavaThread "C1 CompilerThread0" daemon [_thread_blocked, id=3024, stack(0x449c0000,0x44a10000)]
  0x44639000 JavaThread "Attach Listener" daemon [_thread_blocked, id=5016, stack(0x03d70000,0x03dc0000)]
  0x44636000 JavaThread "Signal Dispatcher" daemon [_thread_blocked, id=5828, stack(0x44940000,0x44990000)]
  0x44616c00 JavaThread "Finalizer" daemon [_thread_blocked, id=2496, stack(0x01000000,0x01050000)]
  0x445f0400 JavaThread "Reference Handler" daemon [_thread_blocked, id=5752, stack(0x03cb0000,0x03d00000)]
  0x00b9bc00 JavaThread "main" [_thread_blocked, id=2388, stack(0x00c40000,0x00c90000)]

Other Threads:
=>0x445ea800 VMThread [stack: 0x03d10000,0x03d60000] [id=1296]
  0x44658800 WatcherThread [stack: 0x44b10000,0x44b60000] [id=4156]

VM state:at safepoint (normal execution)

VM Mutex/Monitor currently owned by a thread:  ([mutex/lock_event])
[0x00b9a230] Threads_lock - owner thread: 0x445ea800
[0x00b9a640] Heap_lock - owner thread: 0x447b7000

Heap:
 def new generation   total 314560K, used 314559K [0x03e00000, 0x19350000, 0x19350000)
  eden space 279616K, 100% used [0x03e00000, 0x14f10000, 0x14f10000)
  from space 34944K,  99% used [0x14f10000, 0x1712fff8, 0x17130000)
  to   space 34944K,   0% used [0x17130000, 0x17130000, 0x19350000)
 tenured generation   total 699072K, used 641078K [0x19350000, 0x43e00000, 0x43e00000)
   the space 699072K,  91% used [0x19350000, 0x4055daf0, 0x4055dc00, 0x43e00000)
 Metaspace       used 3551K, capacity 3598K, committed 3648K, reserved 4480K

Card table byte_map: [0x43e00000,0x44010000] byte_map_base: 0x43de1000

Polling page: 0x00140000

CodeCache: size=32768Kb used=3682Kb max_used=3682Kb free=29085Kb
 bounds [0x01cb0000, 0x02050000, 0x03cb0000]
 total_blobs=1917 nmethods=1770 adapters=77
 compilation: enabled

Compilation events (10 events):
Event: 15.302 Thread 0x4463a000 1768             com.android.dx.ssa.back.InterferenceGraph::mergeInterferenceSet (29 bytes)
Event: 15.303 Thread 0x4463a000 nmethod 1768 0x02044888 code [0x020449b0, 0x02044b64]
Event: 15.521 Thread 0x4463a000 1769             com.android.dx.ssa.back.RegisterAllocator::insertMoveBefore (240 bytes)
Event: 15.522 Thread 0x4463a000 nmethod 1769 0x02044d88 code [0x02045030, 0x02045b7c]
Event: 15.529 Thread 0x4463a000 1770             com.android.dx.util.Bits::bitCount (29 bytes)
Event: 15.529 Thread 0x4463a000 nmethod 1770 0x02046fc8 code [0x020470d0, 0x020471ac]
Event: 15.825 Thread 0x4463a000 1771             java.util.HashMap$TreeNode::putTreeVal (314 bytes)
Event: 15.826 Thread 0x4463a000 nmethod 1771 0x02047288 code [0x02047420, 0x020478bc]
Event: 16.138 Thread 0x4463a000 1772             com.android.dx.ssa.back.FirstFitLocalCombiningAllocator::ssaSetToSpecs (57 bytes)
Event: 16.139 Thread 0x4463a000 nmethod 1772 0x02047e48 code [0x02047fe0, 0x020483cc]

GC Heap History (10 events):
Event: 10.448 GC heap after
Heap after GC invocations=96 (full 7):
 def new generation   total 221888K, used 24640K [0x03e00000, 0x12ec0000, 0x19350000)
  eden space 197248K,   0% used [0x03e00000, 0x03e00000, 0x0fea0000)
  from space 24640K, 100% used [0x0fea0000, 0x116b0000, 0x116b0000)
  to   space 24640K,   0% used [0x116b0000, 0x116b0000, 0x12ec0000)
 tenured generation   total 492988K, used 450098K [0x19350000, 0x374bf000, 0x43e00000)
   the space 492988K,  91% used [0x19350000, 0x34adc9c0, 0x34adca00, 0x374bf000)
 Metaspace       used 3547K, capacity 3598K, committed 3648K, reserved 4480K
}
Event: 10.784 GC heap before
{Heap before GC invocations=96 (full 7):
 def new generation   total 221888K, used 221888K [0x03e00000, 0x12ec0000, 0x19350000)
  eden space 197248K, 100% used [0x03e00000, 0x0fea0000, 0x0fea0000)
  from space 24640K, 100% used [0x0fea0000, 0x116b0000, 0x116b0000)
  to   space 24640K,   0% used [0x116b0000, 0x116b0000, 0x12ec0000)
 tenured generation   total 492988K, used 450098K [0x19350000, 0x374bf000, 0x43e00000)
   the space 492988K,  91% used [0x19350000, 0x34adc9c0, 0x34adca00, 0x374bf000)
 Metaspace       used 3547K, capacity 3598K, committed 3648K, reserved 4480K
Event: 10.916 GC heap after
Heap after GC invocations=97 (full 7):
 def new generation   total 221888K, used 24640K [0x03e00000, 0x12ec0000, 0x19350000)
  eden space 197248K,   0% used [0x03e00000, 0x03e00000, 0x0fea0000)
  from space 24640K, 100% used [0x116b0000, 0x12ec0000, 0x12ec0000)
  to   space 24640K,   0% used [0x0fea0000, 0x0fea0000, 0x116b0000)
 tenured generation   total 492988K, used 478000K [0x19350000, 0x374bf000, 0x43e00000)
   the space 492988K,  96% used [0x19350000, 0x3661c2b8, 0x3661c400, 0x374bf000)
 Metaspace       used 3547K, capacity 3598K, committed 3648K, reserved 4480K
}
Event: 11.257 GC heap before
{Heap before GC invocations=97 (full 7):
 def new generation   total 221888K, used 221888K [0x03e00000, 0x12ec0000, 0x19350000)
  eden space 197248K, 100% used [0x03e00000, 0x0fea0000, 0x0fea0000)
  from space 24640K, 100% used [0x116b0000, 0x12ec0000, 0x12ec0000)
  to   space 24640K,   0% used [0x0fea0000, 0x0fea0000, 0x116b0000)
 tenured generation   total 492988K, used 478000K [0x19350000, 0x374bf000, 0x43e00000)
   the space 492988K,  96% used [0x19350000, 0x3661c2b8, 0x3661c400, 0x374bf000)
 Metaspace       used 3547K, capacity 3598K, committed 3648K, reserved 4480K
Event: 12.884 GC heap after
Heap after GC invocations=98 (full 8):
 def new generation   total 314560K, used 6378K [0x03e00000, 0x19350000, 0x19350000)
  eden space 279616K,   2% used [0x03e00000, 0x0443a858, 0x14f10000)
  from space 34944K,   0% used [0x14f10000, 0x14f10000, 0x17130000)
  to   space 34944K,   0% used [0x17130000, 0x17130000, 0x19350000)
 tenured generation   total 699072K, used 507579K [0x19350000, 0x43e00000, 0x43e00000)
   the space 699072K,  72% used [0x19350000, 0x382fee48, 0x382ff000, 0x43e00000)
 Metaspace       used 3547K, capacity 3598K, committed 3648K, reserved 4480K
}
Event: 14.591 GC heap before
{Heap before GC invocations=98 (full 8):
 def new generation   total 314560K, used 279616K [0x03e00000, 0x19350000, 0x19350000)
  eden space 279616K, 100% used [0x03e00000, 0x14f10000, 0x14f10000)
  from space 34944K,   0% used [0x14f10000, 0x14f10000, 0x17130000)
  to   space 34944K,   0% used [0x17130000, 0x17130000, 0x19350000)
 tenured generation   total 699072K, used 507579K [0x19350000, 0x43e00000, 0x43e00000)
   the space 699072K,  72% used [0x19350000, 0x382fee48, 0x382ff000, 0x43e00000)
 Metaspace       used 3547K, capacity 3598K, committed 3648K, reserved 4480K
Event: 15.013 GC heap after
Heap after GC invocations=99 (full 8):
 def new generation   total 314560K, used 34944K [0x03e00000, 0x19350000, 0x19350000)
  eden space 279616K,   0% used [0x03e00000, 0x03e00000, 0x14f10000)
  from space 34944K, 100% used [0x17130000, 0x19350000, 0x19350000)
  to   space 34944K,   0% used [0x14f10000, 0x14f10000, 0x17130000)
 tenured generation   total 699072K, used 578474K [0x19350000, 0x43e00000, 0x43e00000)
   the space 699072K,  82% used [0x19350000, 0x3c83abd8, 0x3c83ac00, 0x43e00000)
 Metaspace       used 3547K, capacity 3598K, committed 3648K, reserved 4480K
}
Event: 15.574 GC heap before
{Heap before GC invocations=99 (full 8):
 def new generation   total 314560K, used 314560K [0x03e00000, 0x19350000, 0x19350000)
  eden space 279616K, 100% used [0x03e00000, 0x14f10000, 0x14f10000)
  from space 34944K, 100% used [0x17130000, 0x19350000, 0x19350000)
  to   space 34944K,   0% used [0x14f10000, 0x14f10000, 0x17130000)
 tenured generation   total 699072K, used 578474K [0x19350000, 0x43e00000, 0x43e00000)
   the space 699072K,  82% used [0x19350000, 0x3c83abd8, 0x3c83ac00, 0x43e00000)
 Metaspace       used 3551K, capacity 3598K, committed 3648K, reserved 4480K
Event: 15.750 GC heap after
Heap after GC invocations=100 (full 8):
 def new generation   total 314560K, used 34943K [0x03e00000, 0x19350000, 0x19350000)
  eden space 279616K,   0% used [0x03e00000, 0x03e00000, 0x14f10000)
  from space 34944K,  99% used [0x14f10000, 0x1712fff8, 0x17130000)
  to   space 34944K,   0% used [0x17130000, 0x17130000, 0x19350000)
 tenured generation   total 699072K, used 641078K [0x19350000, 0x43e00000, 0x43e00000)
   the space 699072K,  91% used [0x19350000, 0x4055daf0, 0x4055dc00, 0x43e00000)
 Metaspace       used 3551K, capacity 3598K, committed 3648K, reserved 4480K
}
Event: 16.636 GC heap before
{Heap before GC invocations=100 (full 8):
 def new generation   total 314560K, used 314559K [0x03e00000, 0x19350000, 0x19350000)
  eden space 279616K, 100% used [0x03e00000, 0x14f10000, 0x14f10000)
  from space 34944K,  99% used [0x14f10000, 0x1712fff8, 0x17130000)
  to   space 34944K,   0% used [0x17130000, 0x17130000, 0x19350000)
 tenured generation   total 699072K, used 641078K [0x19350000, 0x43e00000, 0x43e00000)
   the space 699072K,  91% used [0x19350000, 0x4055daf0, 0x4055dc00, 0x43e00000)
 Metaspace       used 3551K, capacity 3598K, committed 3648K, reserved 4480K

Deoptimization events (0 events):
No events

Internal exceptions (5 events):
Event: 0.023 Thread 0x00b9bc00 Exception <a 'java/lang/NoSuchMethodError': Method sun.misc.Unsafe.defineClass(Ljava/lang/String;[BII)Ljava/lang/Class; name or signature does not match> (0x03e06ea8) thrown at [C:\re\workspace\8-2-build-windows-i586-cygwin\jdk8u101\7261\hotspot\src\share\²i[¾î—?
Event: 0.023 Thread 0x00b9bc00 Exception <a 'java/lang/NoSuchMethodError': Method sun.misc.Unsafe.prefetchRead(Ljava/lang/Object;J)V name or signature does not match> (0x03e07178) thrown at [C:\re\workspace\8-2-build-windows-i586-cygwin\jdk8u101\7261\hotspot\src\share\vm\prims\jni.cpp, _ ´mš^ë?
Event: 0.855 Thread 0x447b7000 Exception <a 'java/lang/ArrayIndexOutOfBoundsException': 18> (0x044e8148) thrown at [C:\re\workspace\8-2-build-windows-i586-cygwin\jdk8u101\7261\hotspot\src\share\vm\interpreter\interpreterRuntime.cpp, line 366]
Event: 0.856 Thread 0x447b7000 Exception <a 'java/lang/ArrayIndexOutOfBoundsException': 145> (0x044e99e8) thrown at [C:\re\workspace\8-2-build-windows-i586-cygwin\jdk8u101\7261\hotspot\src\share\vm\interpreter\interpreterRuntime.cpp, line 366]
Event: 0.856 Thread 0x447b7000 Exception <a 'java/lang/ArrayIndexOutOfBoundsException': 40> (0x044eaac8) thrown at [C:\re\workspace\8-2-build-windows-i586-cygwin\jdk8u101\7261\hotspot\src\share\vm\interpreter\interpreterRuntime.cpp, line 366]

Events (10 events):
Event: 15.135 Thread 0x447b7000 DEOPT UNPACKING pc=0x01cec5db sp=0x44bff308 mode 0
Event: 15.141 loading class com/android/dx/util/ListIntSet$1
Event: 15.141 loading class com/android/dx/util/ListIntSet$1 done
Event: 15.142 Executing VM operation: Deoptimize
Event: 15.142 Executing VM operation: Deoptimize done
Event: 15.160 Thread 0x44782c00 DEOPT PACKING pc=0x01e04814 sp=0x00fef2a0
Event: 15.160 Thread 0x44782c00 DEOPT UNPACKING pc=0x01cec5db sp=0x00fef1c8 mode 0
Event: 15.574 Executing VM operation: GenCollectForAllocation
Event: 15.750 Executing VM operation: GenCollectForAllocation done
Event: 16.636 Executing VM operation: GenCollectForAllocation


Dynamic libraries:
0x01070000 - 0x010a3000 	C:\Program Files\Java\jdk1.8.0_101\bin\java.exe
0x76f00000 - 0x7703c000 	C:\Windows\SYSTEM32\ntdll.dll
0x755f0000 - 0x756c4000 	C:\Windows\system32\kernel32.dll
0x751f0000 - 0x7523a000 	C:\Windows\system32\KERNELBASE.dll
0x753a0000 - 0x75440000 	C:\Windows\system32\ADVAPI32.dll
0x76520000 - 0x765cc000 	C:\Windows\system32\msvcrt.dll
0x75370000 - 0x75389000 	C:\Windows\SYSTEM32\sechost.dll
0x76470000 - 0x76511000 	C:\Windows\system32\RPCRT4.dll
0x756d0000 - 0x75799000 	C:\Windows\system32\USER32.dll
0x770e0000 - 0x7712e000 	C:\Windows\system32\GDI32.dll
0x75390000 - 0x7539a000 	C:\Windows\system32\LPK.dll
0x76b50000 - 0x76bed000 	C:\Windows\system32\USP10.dll
0x73dc0000 - 0x73f5e000 	C:\Windows\WinSxS\x86_microsoft.windows.common-controls_6595b64144ccf1df_6.0.7600.16385_none_421189da2b7fabfc\COMCTL32.dll
0x76af0000 - 0x76b47000 	C:\Windows\system32\SHLWAPI.dll
0x77040000 - 0x7705f000 	C:\Windows\system32\IMM32.DLL
0x76d30000 - 0x76dfc000 	C:\Windows\system32\MSCTF.dll
0x64db0000 - 0x64e6f000 	C:\Program Files\Java\jdk1.8.0_101\jre\bin\msvcr100.dll
0x51770000 - 0x51b3c000 	C:\Program Files\Java\jdk1.8.0_101\jre\bin\client\jvm.dll
0x70810000 - 0x70817000 	C:\Windows\system32\WSOCK32.dll
0x75440000 - 0x75475000 	C:\Windows\system32\WS2_32.dll
0x75350000 - 0x75356000 	C:\Windows\system32\NSI.dll
0x707c0000 - 0x707f2000 	C:\Windows\system32\WINMM.dll
0x74550000 - 0x74559000 	C:\Windows\system32\VERSION.dll
0x75360000 - 0x75365000 	C:\Windows\system32\PSAPI.DLL
0x720f0000 - 0x720fc000 	C:\Program Files\Java\jdk1.8.0_101\jre\bin\verify.dll
0x72070000 - 0x72091000 	C:\Program Files\Java\jdk1.8.0_101\jre\bin\java.dll
0x720b0000 - 0x720c3000 	C:\Program Files\Java\jdk1.8.0_101\jre\bin\zip.dll
0x75820000 - 0x76469000 	C:\Windows\system32\SHELL32.dll
0x75490000 - 0x755ec000 	C:\Windows\system32\ole32.dll
0x75050000 - 0x7505b000 	C:\Windows\system32\profapi.dll
0x72db0000 - 0x72e9b000 	C:\Windows\system32\dbghelp.dll

VM Arguments:
jvm_args: -Djava.awt.headless=true -Xmx1024M -Dfile.encoding=windows-1252 -Duser.country=US -Duser.language=en -Duser.variant 
java_command: com.android.dx.command.Main --dex --num-threads=4 --multi-dex --main-dex-list E:\SandeepProjectResources\MobipugNew\Mobipug27.10.18\MobipugSource\app\build\intermediates\multi-dex\debug\maindexlist.txt --output E:\SandeepProjectResources\MobipugNew\Mobipug27.10.18\MobipugSource\app\build\intermediates\transforms\dex\debug\folders\1000\1f\main E:\SandeepProjectResources\MobipugNew\Mobipug27.10.18\MobipugSource\app\build\intermediates\transforms\jarMerging\debug\jars\1\1f\combined.jar
java_class_path (initial): C:\Users\android-4\AppData\Local\Android\Sdk\build-tools\26.0.2\lib\dx.jar
Launcher Type: SUN_STANDARD

Environment Variables:
PATH=C:\ProgramData\Oracle\Java\javapath;C:\Windows\system32;C:\Windows;C:\Windows\System32\Wbem;C:\Windows\System32\WindowsPowerShell\v1.0\;C:\Program Files\Intel\OpenCL SDK\2.0\bin\x86;C:\Program Files\Skype\Phone\
USERNAME=android-4
OS=Windows_NT
PROCESSOR_IDENTIFIER=x86 Family 6 Model 42 Stepping 7, GenuineIntel



---------------  S Y S T E M  ---------------

OS: Windows 7 Build 7600 (6.1.7600.16385)

CPU:total 4 (2 cores per cpu, 2 threads per core) family 6 model 42 stepping 7, cmov, cx8, fxsr, mmx, sse, sse2, sse3, ssse3, sse4.1, sse4.2, popcnt, clmul, ht, tsc, tscinvbit

Memory: 4k page, physical 3578328k(516204k free), swap 24056564k(19618000k free)

vm_info: Java HotSpot(TM) Client VM (25.101-b13) for windows-x86 JRE (1.8.0_101-b13), built on Jun 22 2016 00:45:44 by "java_re" with MS VC++ 10.0 (VS2010)

time: Sat Nov 10 15:59:24 2018
elapsed time: 16 seconds (0d 0h 0m 16s)

