#
# A fatal error has been detected by the Java Runtime Environment:
#
#  EXCEPTION_ACCESS_VIOLATION (0xc0000005) at pc=0x5182fa77, pid=5668, tid=0x00001320
#
# JRE version: Java(TM) SE Runtime Environment (8.0_101-b13) (build 1.8.0_101-b13)
# Java VM: Java HotSpot(TM) Client VM (25.101-b13 mixed mode windows-x86 )
# Problematic frame:
# V  [jvm.dll+0xbfa77]
#
# Failed to write core dump. Minidumps are not enabled by default on client versions of Windows
#
# If you would like to submit a bug report, please visit:
#   http://bugreport.java.com/bugreport/crash.jsp
#

---------------  T H R E A D  ---------------

Current thread (0x4448a800):  VMThread [stack: 0x03d00000,0x03d50000] [id=4896]

siginfo: ExceptionCode=0xc0000005, reading address 0xffb64e99

Registers:
EAX=0x1958c770, EBX=0x138ec0dc, ECX=0x00000000, EDX=0xffb64e39
ESP=0x03d4f378, EBP=0x03d4f398, ESI=0x138ec0e8, EDI=0x195373b8
EIP=0x5182fa77, EFLAGS=0x00010293

Top of Stack: (sp=0x03d4f378)
0x03d4f378:   138e7af0 00000003 00000000 443478f8
0x03d4f388:   138ec0e8 00000003 193babc0 443478f0
0x03d4f398:   03d4f3b8 51924db1 138ec0d0 51ad94cc
0x03d4f3a8:   44e0b290 44e0b298 51ad94cc 00000200
0x03d4f3b8:   03d4f3c4 51924fac 00000003 03d4f3e0
0x03d4f3c8:   518c883a 44e0b290 45fc0c00 51ad94cc
0x03d4f3d8:   00000000 44cfdb28 03d4f5c8 518e9eef
0x03d4f3e8:   51ad94cc 00000002 45fc0c00 00000000 

Instructions: (pc=0x5182fa77)
0x5182fa57:   80 3d b4 84 ac 51 00 75 0a 8b d0 80 e2 07 80 fa
0x5182fa67:   01 eb 1b 8b c8 83 e1 07 83 f9 05 74 24 8b 57 04
0x5182fa77:   8b 52 60 83 e2 07 80 fa 05 74 0c 83 f9 01 75 07
0x5182fa87:   a9 80 ff ff ff 74 0a 50 57 e8 fb 4f 0f 00 83 c4 


Register to memory mapping:

EAX=0x1958c770 is an oop
[C 
 - klass: {type array char}
 - length: 58
EBX=0x138ec0dc is pointing into object: 0x138ec0d0
com.android.dx.dex.code.CodeAddress 
 - klass: 'com/android/dx/dex/code/CodeAddress'
ECX=0x00000000 is an unknown value
EDX=0xffb64e39 is an unknown value
ESP=0x03d4f378 is an unknown value
EBP=0x03d4f398 is an unknown value
ESI=0x138ec0e8 is pointing into object: 0x138ec0d0
com.android.dx.dex.code.CodeAddress 
 - klass: 'com/android/dx/dex/code/CodeAddress'
EDI=0x195373b8 is pointing into object: 0x195373b0
java.lang.String 
 - klass: 'java/lang/String'


Stack: [0x03d00000,0x03d50000],  sp=0x03d4f378,  free space=316k
Native frames: (J=compiled Java code, j=interpreted, Vv=VM code, C=native code)
V  [jvm.dll+0xbfa77]
V  [jvm.dll+0x1b4db1]
V  [jvm.dll+0x1b4fac]
V  [jvm.dll+0x15883a]
V  [jvm.dll+0x179eef]
V  [jvm.dll+0x1789ea]
V  [jvm.dll+0x97fb0]
V  [jvm.dll+0x992a1]
V  [jvm.dll+0x9b020]
V  [jvm.dll+0x9b489]
V  [jvm.dll+0x9a27f]
V  [jvm.dll+0xa64b2]
V  [jvm.dll+0x98e73]
V  [jvm.dll+0x92e25]
V  [jvm.dll+0x1b81c6]
V  [jvm.dll+0x18292b]
V  [jvm.dll+0x181d31]
V  [jvm.dll+0x182147]
V  [jvm.dll+0x182342]
V  [jvm.dll+0x1c1ed6]
C  [msvcr100.dll+0x5c556]
C  [msvcr100.dll+0x5c600]
C  [kernel32.dll+0x51174]
C  [ntdll.dll+0x5b3f5]
C  [ntdll.dll+0x5b3c8]

VM_Operation (0x44c7edf4): GenCollectForAllocation, mode: safepoint, requested by thread 0x44660c00


---------------  P R O C E S S  ---------------

Java Threads: ( => current thread )
  0x45fc0c00 JavaThread "pool-1-thread-1" [_thread_blocked, id=5156, stack(0x46850000,0x468a0000)]
  0x44660c00 JavaThread "pool-2-thread-3" [_thread_blocked, id=2660, stack(0x44c30000,0x44c80000)]
  0x44630000 JavaThread "pool-3-thread-1" [_thread_blocked, id=4148, stack(0x44ae0000,0x44b30000)]
  0x444d4000 JavaThread "Service Thread" daemon [_thread_blocked, id=5872, stack(0x03d70000,0x03dc0000)]
  0x444da400 JavaThread "C1 CompilerThread0" daemon [_thread_blocked, id=4592, stack(0x449c0000,0x44a10000)]
  0x444d9400 JavaThread "Attach Listener" daemon [_thread_blocked, id=3928, stack(0x44930000,0x44980000)]
  0x444d6000 JavaThread "Signal Dispatcher" daemon [_thread_blocked, id=4204, stack(0x44860000,0x448b0000)]
  0x444b6c00 JavaThread "Finalizer" daemon [_thread_blocked, id=4852, stack(0x01020000,0x01070000)]
  0x44490400 JavaThread "Reference Handler" daemon [_thread_blocked, id=5176, stack(0x44730000,0x44780000)]
  0x006dbc00 JavaThread "main" [_thread_blocked, id=616, stack(0x00ba0000,0x00bf0000)]

Other Threads:
=>0x4448a800 VMThread [stack: 0x03d00000,0x03d50000] [id=4896]
  0x444cc800 WatcherThread [stack: 0x448d0000,0x44920000] [id=3368]

VM state:at safepoint (normal execution)

VM Mutex/Monitor currently owned by a thread:  ([mutex/lock_event])
[0x006da230] Threads_lock - owner thread: 0x4448a800
[0x006da640] Heap_lock - owner thread: 0x44660c00

Heap:
 def new generation   total 314560K, used 314559K [0x03e00000, 0x19350000, 0x19350000)
  eden space 279616K, 100% used [0x03e00000, 0x14f10000, 0x14f10000)
  from space 34944K,  99% used [0x14f10000, 0x1712fff8, 0x17130000)
  to   space 34944K,   0% used [0x17130000, 0x17130000, 0x19350000)
 tenured generation   total 699072K, used 699071K [0x19350000, 0x43e00000, 0x43e00000)
   the space 699072K,  99% used [0x19350000, 0x43dffff8, 0x43e00000, 0x43e00000)
 Metaspace       used 3586K, capacity 3598K, committed 3648K, reserved 4480K

Card table byte_map: [0x43e00000,0x44010000] byte_map_base: 0x43de1000

Polling page: 0x003a0000

CodeCache: size=32768Kb used=3801Kb max_used=3801Kb free=28966Kb
 bounds [0x01cb0000, 0x02068000, 0x03cb0000]
 total_blobs=2018 nmethods=1871 adapters=77
 compilation: enabled

Compilation events (10 events):
Event: 36.234 Thread 0x444da400 1884             com.android.dx.dex.file.DexFile::getProtoIds (5 bytes)
Event: 36.234 Thread 0x444da400 nmethod 1884 0x02065948 code [0x02065a40, 0x02065ac0]
Event: 36.234 Thread 0x444da400 1885             com.android.dx.dex.file.MethodIdItem::getMethodRef (8 bytes)
Event: 36.234 Thread 0x444da400 nmethod 1885 0x02065b08 code [0x02065c00, 0x02065ca0]
Event: 36.234 Thread 0x444da400 1886  s          com.android.dx.dex.file.ProtoIdsSection::intern (55 bytes)
Event: 36.235 Thread 0x444da400 nmethod 1886 0x02065d08 code [0x02065e60, 0x0206620c]
Event: 36.247 Thread 0x444da400 1887             com.android.dx.dex.file.TypeListItem::<init> (21 bytes)
Event: 36.247 Thread 0x444da400 nmethod 1887 0x020664c8 code [0x020665d0, 0x020666a8]
Event: 36.258 Thread 0x444da400 1888             com.android.dx.dex.file.ProtoIdItem::<init> (60 bytes)
Event: 36.258 Thread 0x444da400 nmethod 1888 0x02066748 code [0x02066870, 0x02066a74]

GC Heap History (10 events):
Event: 25.534 GC heap after
Heap after GC invocations=106 (full 11):
 def new generation   total 314560K, used 0K [0x03e00000, 0x19350000, 0x19350000)
  eden space 279616K,   0% used [0x03e00000, 0x03e00000, 0x14f10000)
  from space 34944K,   0% used [0x14f10000, 0x14f10000, 0x17130000)
  to   space 34944K,   0% used [0x17130000, 0x17130000, 0x19350000)
 tenured generation   total 699072K, used 692277K [0x19350000, 0x43e00000, 0x43e00000)
   the space 699072K,  99% used [0x19350000, 0x4375d618, 0x4375d800, 0x43e00000)
 Metaspace       used 3553K, capacity 3598K, committed 3648K, reserved 4480K
}
Event: 26.083 GC heap before
{Heap before GC invocations=106 (full 11):
 def new generation   total 314560K, used 279717K [0x03e00000, 0x19350000, 0x19350000)
  eden space 279616K, 100% used [0x03e00000, 0x14f10000, 0x14f10000)
  from space 34944K,   0% used [0x14f10000, 0x14f29440, 0x17130000)
  to   space 34944K,   0% used [0x17130000, 0x17130000, 0x19350000)
 tenured generation   total 699072K, used 692277K [0x19350000, 0x43e00000, 0x43e00000)
   the space 699072K,  99% used [0x19350000, 0x4375d618, 0x4375d800, 0x43e00000)
 Metaspace       used 3553K, capacity 3598K, committed 3648K, reserved 4480K
Event: 28.038 GC heap after
Heap after GC invocations=107 (full 12):
 def new generation   total 314560K, used 0K [0x03e00000, 0x19350000, 0x19350000)
  eden space 279616K,   0% used [0x03e00000, 0x03e00000, 0x14f10000)
  from space 34944K,   0% used [0x14f10000, 0x14f10000, 0x17130000)
  to   space 34944K,   0% used [0x17130000, 0x17130000, 0x19350000)
 tenured generation   total 699072K, used 659808K [0x19350000, 0x43e00000, 0x43e00000)
   the space 699072K,  94% used [0x19350000, 0x417a8290, 0x417a8400, 0x43e00000)
 Metaspace       used 3553K, capacity 3598K, committed 3648K, reserved 4480K
}
Event: 28.520 GC heap before
{Heap before GC invocations=107 (full 12):
 def new generation   total 314560K, used 279616K [0x03e00000, 0x19350000, 0x19350000)
  eden space 279616K, 100% used [0x03e00000, 0x14f10000, 0x14f10000)
  from space 34944K,   0% used [0x14f10000, 0x14f10000, 0x17130000)
  to   space 34944K,   0% used [0x17130000, 0x17130000, 0x19350000)
 tenured generation   total 699072K, used 659808K [0x19350000, 0x43e00000, 0x43e00000)
   the space 699072K,  94% used [0x19350000, 0x417a8290, 0x417a8400, 0x43e00000)
 Metaspace       used 3553K, capacity 3598K, committed 3648K, reserved 4480K
Event: 30.181 GC heap after
Heap after GC invocations=108 (full 13):
 def new generation   total 314560K, used 1939K [0x03e00000, 0x19350000, 0x19350000)
  eden space 279616K,   0% used [0x03e00000, 0x03fe4e18, 0x14f10000)
  from space 34944K,   0% used [0x14f10000, 0x14f10000, 0x17130000)
  to   space 34944K,   0% used [0x17130000, 0x17130000, 0x19350000)
 tenured generation   total 699072K, used 699071K [0x19350000, 0x43e00000, 0x43e00000)
   the space 699072K,  99% used [0x19350000, 0x43dfffa8, 0x43e00000, 0x43e00000)
 Metaspace       used 3553K, capacity 3598K, committed 3648K, reserved 4480K
}
Event: 30.985 GC heap before
{Heap before GC invocations=108 (full 13):
 def new generation   total 314560K, used 314559K [0x03e00000, 0x19350000, 0x19350000)
  eden space 279616K, 100% used [0x03e00000, 0x14f10000, 0x14f10000)
  from space 34944K,  99% used [0x14f10000, 0x1712fff8, 0x17130000)
  to   space 34944K,   0% used [0x17130000, 0x17130000, 0x19350000)
 tenured generation   total 699072K, used 699071K [0x19350000, 0x43e00000, 0x43e00000)
   the space 699072K,  99% used [0x19350000, 0x43dffff8, 0x43e00000, 0x43e00000)
 Metaspace       used 3571K, capacity 3598K, committed 3648K, reserved 4480K
Event: 32.767 GC heap after
Heap after GC invocations=109 (full 14):
 def new generation   total 314560K, used 47090K [0x03e00000, 0x19350000, 0x19350000)
  eden space 279616K,  16% used [0x03e00000, 0x06bfcb28, 0x14f10000)
  from space 34944K,   0% used [0x14f10000, 0x14f10000, 0x17130000)
  to   space 34944K,   0% used [0x17130000, 0x17130000, 0x19350000)
 tenured generation   total 699072K, used 699071K [0x19350000, 0x43e00000, 0x43e00000)
   the space 699072K,  99% used [0x19350000, 0x43dffff8, 0x43e00000, 0x43e00000)
 Metaspace       used 3571K, capacity 3598K, committed 3648K, reserved 4480K
}
Event: 33.568 GC heap before
{Heap before GC invocations=109 (full 14):
 def new generation   total 314560K, used 314560K [0x03e00000, 0x19350000, 0x19350000)
  eden space 279616K, 100% used [0x03e00000, 0x14f10000, 0x14f10000)
  from space 34944K, 100% used [0x14f10000, 0x17130000, 0x17130000)
  to   space 34944K,   0% used [0x17130000, 0x17130000, 0x19350000)
 tenured generation   total 699072K, used 699071K [0x19350000, 0x43e00000, 0x43e00000)
   the space 699072K,  99% used [0x19350000, 0x43dffff8, 0x43e00000, 0x43e00000)
 Metaspace       used 3581K, capacity 3598K, committed 3648K, reserved 4480K
Event: 35.431 GC heap after
Heap after GC invocations=110 (full 15):
 def new generation   total 314560K, used 83982K [0x03e00000, 0x19350000, 0x19350000)
  eden space 279616K,  30% used [0x03e00000, 0x09003b00, 0x14f10000)
  from space 34944K,   0% used [0x14f10000, 0x14f10000, 0x17130000)
  to   space 34944K,   0% used [0x17130000, 0x17130000, 0x19350000)
 tenured generation   total 699072K, used 699071K [0x19350000, 0x43e00000, 0x43e00000)
   the space 699072K,  99% used [0x19350000, 0x43dffff8, 0x43e00000, 0x43e00000)
 Metaspace       used 3581K, capacity 3598K, committed 3648K, reserved 4480K
}
Event: 36.271 GC heap before
{Heap before GC invocations=110 (full 15):
 def new generation   total 314560K, used 314559K [0x03e00000, 0x19350000, 0x19350000)
  eden space 279616K, 100% used [0x03e00000, 0x14f10000, 0x14f10000)
  from space 34944K,  99% used [0x14f10000, 0x1712fff8, 0x17130000)
  to   space 34944K,   0% used [0x17130000, 0x17130000, 0x19350000)
 tenured generation   total 699072K, used 699071K [0x19350000, 0x43e00000, 0x43e00000)
   the space 699072K,  99% used [0x19350000, 0x43dffff8, 0x43e00000, 0x43e00000)
 Metaspace       used 3586K, capacity 3598K, committed 3648K, reserved 4480K

Deoptimization events (0 events):
No events

Internal exceptions (5 events):
Event: 0.024 Thread 0x006dbc00 Exception <a 'java/lang/NoSuchMethodError': Method sun.misc.Unsafe.defineClass(Ljava/lang/String;[BII)Ljava/lang/Class; name or signature does not match> (0x03e06ea8) thrown at [C:\re\workspace\8-2-build-windows-i586-cygwin\jdk8u101\7261\hotspot\src\share\t›hž%±˜?
Event: 0.024 Thread 0x006dbc00 Exception <a 'java/lang/NoSuchMethodError': Method sun.misc.Unsafe.prefetchRead(Ljava/lang/Object;J)V name or signature does not match> (0x03e07178) thrown at [C:\re\workspace\8-2-build-windows-i586-cygwin\jdk8u101\7261\hotspot\src\share\vm\prims\jni.cpp, [z sì?
Event: 0.876 Thread 0x4462f000 Exception <a 'java/lang/ArrayIndexOutOfBoundsException': 18> (0x03fd1c00) thrown at [C:\re\workspace\8-2-build-windows-i586-cygwin\jdk8u101\7261\hotspot\src\share\vm\interpreter\interpreterRuntime.cpp, line 366]
Event: 0.876 Thread 0x4462f000 Exception <a 'java/lang/ArrayIndexOutOfBoundsException': 145> (0x03fd34a0) thrown at [C:\re\workspace\8-2-build-windows-i586-cygwin\jdk8u101\7261\hotspot\src\share\vm\interpreter\interpreterRuntime.cpp, line 366]
Event: 0.877 Thread 0x4462f000 Exception <a 'java/lang/ArrayIndexOutOfBoundsException': 40> (0x03fd4580) thrown at [C:\re\workspace\8-2-build-windows-i586-cygwin\jdk8u101\7261\hotspot\src\share\vm\interpreter\interpreterRuntime.cpp, line 366]

Events (10 events):
Event: 32.812 loading class com/android/dx/dex/file/CatchStructs
Event: 32.812 loading class com/android/dx/dex/file/CatchStructs done
Event: 33.568 Executing VM operation: GenCollectForAllocation
Event: 35.431 Executing VM operation: GenCollectForAllocation done
Event: 36.060 Thread 0x4462f000 Thread exited: 0x4462f000
Event: 36.061 Thread 0x44661c00 Thread exited: 0x44661c00
Event: 36.127 Thread 0x4465fc00 Thread exited: 0x4465fc00
Event: 36.218 loading class com/android/dx/dex/file/ProtoIdItem
Event: 36.218 loading class com/android/dx/dex/file/ProtoIdItem done
Event: 36.271 Executing VM operation: GenCollectForAllocation


Dynamic libraries:
0x01070000 - 0x010a3000 	C:\Program Files\Java\jdk1.8.0_101\bin\java.exe
0x76f00000 - 0x7703c000 	C:\Windows\SYSTEM32\ntdll.dll
0x755f0000 - 0x756c4000 	C:\Windows\system32\kernel32.dll
0x751f0000 - 0x7523a000 	C:\Windows\system32\KERNELBASE.dll
0x753a0000 - 0x75440000 	C:\Windows\system32\ADVAPI32.dll
0x76520000 - 0x765cc000 	C:\Windows\system32\msvcrt.dll
0x75370000 - 0x75389000 	C:\Windows\SYSTEM32\sechost.dll
0x76470000 - 0x76511000 	C:\Windows\system32\RPCRT4.dll
0x756d0000 - 0x75799000 	C:\Windows\system32\USER32.dll
0x770e0000 - 0x7712e000 	C:\Windows\system32\GDI32.dll
0x75390000 - 0x7539a000 	C:\Windows\system32\LPK.dll
0x76b50000 - 0x76bed000 	C:\Windows\system32\USP10.dll
0x73dc0000 - 0x73f5e000 	C:\Windows\WinSxS\x86_microsoft.windows.common-controls_6595b64144ccf1df_6.0.7600.16385_none_421189da2b7fabfc\COMCTL32.dll
0x76af0000 - 0x76b47000 	C:\Windows\system32\SHLWAPI.dll
0x77040000 - 0x7705f000 	C:\Windows\system32\IMM32.DLL
0x76d30000 - 0x76dfc000 	C:\Windows\system32\MSCTF.dll
0x64db0000 - 0x64e6f000 	C:\Program Files\Java\jdk1.8.0_101\jre\bin\msvcr100.dll
0x51770000 - 0x51b3c000 	C:\Program Files\Java\jdk1.8.0_101\jre\bin\client\jvm.dll
0x70810000 - 0x70817000 	C:\Windows\system32\WSOCK32.dll
0x75440000 - 0x75475000 	C:\Windows\system32\WS2_32.dll
0x75350000 - 0x75356000 	C:\Windows\system32\NSI.dll
0x707c0000 - 0x707f2000 	C:\Windows\system32\WINMM.dll
0x74550000 - 0x74559000 	C:\Windows\system32\VERSION.dll
0x75360000 - 0x75365000 	C:\Windows\system32\PSAPI.DLL
0x720f0000 - 0x720fc000 	C:\Program Files\Java\jdk1.8.0_101\jre\bin\verify.dll
0x72070000 - 0x72091000 	C:\Program Files\Java\jdk1.8.0_101\jre\bin\java.dll
0x720b0000 - 0x720c3000 	C:\Program Files\Java\jdk1.8.0_101\jre\bin\zip.dll
0x75820000 - 0x76469000 	C:\Windows\system32\SHELL32.dll
0x75490000 - 0x755ec000 	C:\Windows\system32\ole32.dll
0x75050000 - 0x7505b000 	C:\Windows\system32\profapi.dll
0x72db0000 - 0x72e9b000 	C:\Windows\system32\dbghelp.dll

VM Arguments:
jvm_args: -Djava.awt.headless=true -Xmx1024M -Dfile.encoding=windows-1252 -Duser.country=US -Duser.language=en -Duser.variant 
java_command: com.android.dx.command.Main --dex --num-threads=4 --multi-dex --main-dex-list E:\SandeepProjectResources\MobipugNew\Mobipug27.10.18\MobipugSource\app\build\intermediates\multi-dex\debug\maindexlist.txt --output E:\SandeepProjectResources\MobipugNew\Mobipug27.10.18\MobipugSource\app\build\intermediates\transforms\dex\debug\folders\1000\1f\main E:\SandeepProjectResources\MobipugNew\Mobipug27.10.18\MobipugSource\app\build\intermediates\transforms\jarMerging\debug\jars\1\1f\combined.jar
java_class_path (initial): C:\Users\android-4\AppData\Local\Android\Sdk\build-tools\26.0.2\lib\dx.jar
Launcher Type: SUN_STANDARD

Environment Variables:
PATH=C:\ProgramData\Oracle\Java\javapath;C:\Windows\system32;C:\Windows;C:\Windows\System32\Wbem;C:\Windows\System32\WindowsPowerShell\v1.0\;C:\Program Files\Intel\OpenCL SDK\2.0\bin\x86;C:\Program Files\Skype\Phone\
USERNAME=android-4
OS=Windows_NT
PROCESSOR_IDENTIFIER=x86 Family 6 Model 42 Stepping 7, GenuineIntel



---------------  S Y S T E M  ---------------

OS: Windows 7 Build 7600 (6.1.7600.16385)

CPU:total 4 (2 cores per cpu, 2 threads per core) family 6 model 42 stepping 7, cmov, cx8, fxsr, mmx, sse, sse2, sse3, ssse3, sse4.1, sse4.2, popcnt, clmul, ht, tsc, tscinvbit

Memory: 4k page, physical 3578328k(329920k free), swap 24056564k(19702640k free)

vm_info: Java HotSpot(TM) Client VM (25.101-b13) for windows-x86 JRE (1.8.0_101-b13), built on Jun 22 2016 00:45:44 by "java_re" with MS VC++ 10.0 (VS2010)

time: Sat Nov 10 16:38:32 2018
elapsed time: 37 seconds (0d 0h 0m 37s)

