#
# A fatal error has been detected by the Java Runtime Environment:
#
#  EXCEPTION_ACCESS_VIOLATION (0xc0000005) at pc=0x52e14da9, pid=3636, tid=0x000015ac
#
# JRE version: Java(TM) SE Runtime Environment (8.0_101-b13) (build 1.8.0_101-b13)
# Java VM: Java HotSpot(TM) Client VM (25.101-b13 mixed mode windows-x86 )
# Problematic frame:
# V  [jvm.dll+0x1b4da9]
#
# Failed to write core dump. Minidumps are not enabled by default on client versions of Windows
#
# If you would like to submit a bug report, please visit:
#   http://bugreport.java.com/bugreport/crash.jsp
#

---------------  T H R E A D  ---------------

Current thread (0x443ea800):  VMThread [stack: 0x03b70000,0x03bc0000] [id=5548]

siginfo: ExceptionCode=0xc0000005, reading address 0x00004488

Registers:
EAX=0x19278360, EBX=0x44c2ddcc, ECX=0x1000008e, EDX=0x00004400
ESP=0x03bbf0c0, EBP=0x03bbf0d8, ESI=0x44c2ddc8, EDI=0x52fc94cc
EIP=0x52e14da9, EFLAGS=0x00010206

Top of Stack: (sp=0x03bbf0c0)
0x03bbf0c0:   19278360 52fc94cc 44c2ddc8 44c2ddcc
0x03bbf0d0:   52fc94cc 44c2ddc8 03bbf0e4 52e14fac
0x03bbf0e0:   00000003 03bbf100 52db883a 44c2ddc8
0x03bbf0f0:   44ca8400 52fc94cc 00000000 44b23400
0x03bbf100:   03bbf2e8 52dd9eef 52fc94cc 00000002
0x03bbf110:   44ca8400 00000000 0000028a 00000000
0x03bbf120:   00000000 03bbf374 03bbf19c 68360012
0x03bbf130:   03bbf360 52fc94f0 03bbf3e4 ffffffff 

Instructions: (pc=0x52e14da9)
0x52e14d89:   23 f0 29 35 50 94 fc 52 a3 4c 94 fc 52 8b c7 eb
0x52e14d99:   09 48 a3 4c 94 fc 52 8b 04 81 8b 48 04 8b 11 50
0x52e14da9:   8b 82 88 00 00 00 ff d0 8b 0d 58 94 fc 52 85 c9
0x52e14db9:   0f 85 51 ff ff ff a1 7c 94 fc 52 85 c0 0f 84 b8 


Register to memory mapping:

EAX=0x19278360 is pointing into object: 0x19275040
[B 
 - klass: {type array byte}
 - length: 14050
EBX=0x44c2ddcc is an unknown value
ECX=0x1000008e is pointing into object: 0x10000088
java.util.ArrayList 
 - klass: 'java/util/ArrayList'
EDX=0x00004400 is an unknown value
ESP=0x03bbf0c0 is an unknown value
EBP=0x03bbf0d8 is an unknown value
ESI=0x44c2ddc8 is an unknown value
EDI=0x52fc94cc is an unknown value


Stack: [0x03b70000,0x03bc0000],  sp=0x03bbf0c0,  free space=316k
Native frames: (J=compiled Java code, j=interpreted, Vv=VM code, C=native code)
V  [jvm.dll+0x1b4da9]
V  [jvm.dll+0x1b4fac]
V  [jvm.dll+0x15883a]
V  [jvm.dll+0x179eef]
V  [jvm.dll+0x1789ea]
V  [jvm.dll+0x97fb0]
V  [jvm.dll+0x992a1]
V  [jvm.dll+0x9b020]
V  [jvm.dll+0x9b489]
V  [jvm.dll+0x9a27f]
V  [jvm.dll+0xa64b2]
V  [jvm.dll+0x98e73]
V  [jvm.dll+0x92e25]
V  [jvm.dll+0x1b81c6]
V  [jvm.dll+0x18292b]
V  [jvm.dll+0x181d31]
V  [jvm.dll+0x182147]
V  [jvm.dll+0x182342]
V  [jvm.dll+0x1c1ed6]
C  [msvcr100.dll+0x5c556]
C  [msvcr100.dll+0x5c600]
C  [kernel32.dll+0x51174]
C  [ntdll.dll+0x5b3f5]
C  [ntdll.dll+0x5b3c8]

VM_Operation (0x486bf298): GenCollectForAllocation, mode: safepoint, requested by thread 0x44ca8400


---------------  P R O C E S S  ---------------

Java Threads: ( => current thread )
  0x44ca8400 JavaThread "pool-1-thread-1" [_thread_blocked, id=4432, stack(0x48670000,0x486c0000)]
  0x445b7400 JavaThread "pool-2-thread-4" [_thread_blocked, id=4400, stack(0x014f0000,0x01540000)]
  0x445b6400 JavaThread "pool-2-thread-3" [_thread_blocked, id=332, stack(0x449b0000,0x44a00000)]
  0x445b5800 JavaThread "pool-2-thread-2" [_thread_blocked, id=2776, stack(0x44600000,0x44650000)]
  0x44594c00 JavaThread "pool-3-thread-1" [_thread_blocked, id=2148, stack(0x015a0000,0x015f0000)]
  0x44584400 JavaThread "pool-2-thread-1" [_thread_blocked, id=2596, stack(0x44a00000,0x44a50000)]
  0x44431c00 JavaThread "Service Thread" daemon [_thread_blocked, id=4724, stack(0x44930000,0x44980000)]
  0x44439c00 JavaThread "C1 CompilerThread0" daemon [_thread_blocked, id=5784, stack(0x44810000,0x44860000)]
  0x44439000 JavaThread "Attach Listener" daemon [_thread_blocked, id=1488, stack(0x44890000,0x448e0000)]
  0x44436000 JavaThread "Signal Dispatcher" daemon [_thread_blocked, id=4116, stack(0x447c0000,0x44810000)]
  0x44416c00 JavaThread "Finalizer" daemon [_thread_blocked, id=3668, stack(0x44680000,0x446d0000)]
  0x443f0400 JavaThread "Reference Handler" daemon [_thread_blocked, id=4368, stack(0x014a0000,0x014f0000)]
  0x0164bc00 JavaThread "main" [_thread_blocked, id=2844, stack(0x015f0000,0x01640000)]

Other Threads:
=>0x443ea800 VMThread [stack: 0x03b70000,0x03bc0000] [id=5548]
  0x44433800 WatcherThread [stack: 0x44a50000,0x44aa0000] [id=2280]

VM state:at safepoint (normal execution)

VM Mutex/Monitor currently owned by a thread:  ([mutex/lock_event])
[0x0164a230] Threads_lock - owner thread: 0x443ea800
[0x0164a640] Heap_lock - owner thread: 0x44ca8400

Heap:
 def new generation   total 314560K, used 314493K [0x03c00000, 0x19150000, 0x19150000)
  eden space 279616K, 100% used [0x03c00000, 0x14d10000, 0x14d10000)
  from space 34944K,  99% used [0x16f30000, 0x1913f5a8, 0x19150000)
  to   space 34944K,   0% used [0x14d10000, 0x14d10000, 0x16f30000)
 tenured generation   total 699072K, used 699071K [0x19150000, 0x43c00000, 0x43c00000)
   the space 699072K,  99% used [0x19150000, 0x43bfffe8, 0x43c00000, 0x43c00000)
 Metaspace       used 3585K, capacity 3598K, committed 3648K, reserved 4480K

Card table byte_map: [0x43c00000,0x43e10000] byte_map_base: 0x43be2000

Polling page: 0x001a0000

CodeCache: size=32768Kb used=3822Kb max_used=3822Kb free=28945Kb
 bounds [0x01b20000, 0x01ee0000, 0x03b20000]
 total_blobs=2049 nmethods=1902 adapters=77
 compilation: enabled

Compilation events (10 events):
Event: 43.459 Thread 0x44439c00 1915             com.android.dx.dex.file.DexFile::getStringData (5 bytes)
Event: 43.459 Thread 0x44439c00 nmethod 1915 0x01edb608 code [0x01edb700, 0x01edb780]
Event: 43.459 Thread 0x44439c00 1916             com.android.dx.dex.file.StringDataItem::<init> (15 bytes)
Event: 43.459 Thread 0x44439c00 nmethod 1916 0x01edb7c8 code [0x01edb8d0, 0x01edb9cc]
Event: 43.459 Thread 0x44439c00 1917             com.android.dx.dex.file.StringDataItem::writeSize (17 bytes)
Event: 43.459 Thread 0x44439c00 nmethod 1917 0x01edbb88 code [0x01edbc80, 0x01edbd30]
Event: 43.459 Thread 0x44439c00 1918             com.android.dx.rop.cst.CstString::getUtf16Size (8 bytes)
Event: 43.460 Thread 0x44439c00 nmethod 1918 0x01edbe88 code [0x01edbf80, 0x01edc010]
Event: 43.460 Thread 0x44439c00 1919             com.android.dx.rop.cst.CstString::getUtf8Size (8 bytes)
Event: 43.460 Thread 0x44439c00 nmethod 1919 0x01edc0c8 code [0x01edc1c0, 0x01edc250]

GC Heap History (10 events):
Event: 27.932 GC heap after
Heap after GC invocations=104 (full 12):
 def new generation   total 314560K, used 0K [0x03c00000, 0x19150000, 0x19150000)
  eden space 279616K,   0% used [0x03c00000, 0x03c00000, 0x14d10000)
  from space 34944K,   0% used [0x16f30000, 0x16f30000, 0x19150000)
  to   space 34944K,   0% used [0x14d10000, 0x14d10000, 0x16f30000)
 tenured generation   total 699072K, used 681488K [0x19150000, 0x43c00000, 0x43c00000)
   the space 699072K,  97% used [0x19150000, 0x42ad4180, 0x42ad4200, 0x43c00000)
 Metaspace       used 3550K, capacity 3598K, committed 3648K, reserved 4480K
}
Event: 29.375 GC heap before
{Heap before GC invocations=104 (full 12):
 def new generation   total 314560K, used 279616K [0x03c00000, 0x19150000, 0x19150000)
  eden space 279616K, 100% used [0x03c00000, 0x14d10000, 0x14d10000)
  from space 34944K,   0% used [0x16f30000, 0x16f30000, 0x19150000)
  to   space 34944K,   0% used [0x14d10000, 0x14d10000, 0x16f30000)
 tenured generation   total 699072K, used 681488K [0x19150000, 0x43c00000, 0x43c00000)
   the space 699072K,  97% used [0x19150000, 0x42ad4180, 0x42ad4200, 0x43c00000)
 Metaspace       used 3550K, capacity 3598K, committed 3648K, reserved 4480K
Event: 30.950 GC heap after
Heap after GC invocations=105 (full 13):
 def new generation   total 314560K, used 0K [0x03c00000, 0x19150000, 0x19150000)
  eden space 279616K,   0% used [0x03c00000, 0x03c00000, 0x14d10000)
  from space 34944K,   0% used [0x16f30000, 0x16f30000, 0x19150000)
  to   space 34944K,   0% used [0x14d10000, 0x14d10000, 0x16f30000)
 tenured generation   total 699072K, used 655667K [0x19150000, 0x43c00000, 0x43c00000)
   the space 699072K,  93% used [0x19150000, 0x4119cf28, 0x4119d000, 0x43c00000)
 Metaspace       used 3550K, capacity 3598K, committed 3648K, reserved 4480K
}
Event: 31.895 GC heap before
{Heap before GC invocations=105 (full 13):
 def new generation   total 314560K, used 279616K [0x03c00000, 0x19150000, 0x19150000)
  eden space 279616K, 100% used [0x03c00000, 0x14d10000, 0x14d10000)
  from space 34944K,   0% used [0x16f30000, 0x16f30000, 0x19150000)
  to   space 34944K,   0% used [0x14d10000, 0x14d10000, 0x16f30000)
 tenured generation   total 699072K, used 655667K [0x19150000, 0x43c00000, 0x43c00000)
   the space 699072K,  93% used [0x19150000, 0x4119cf28, 0x4119d000, 0x43c00000)
 Metaspace       used 3550K, capacity 3598K, committed 3648K, reserved 4480K
Event: 33.573 GC heap after
Heap after GC invocations=106 (full 14):
 def new generation   total 314560K, used 0K [0x03c00000, 0x19150000, 0x19150000)
  eden space 279616K,   0% used [0x03c00000, 0x03c00000, 0x14d10000)
  from space 34944K,   0% used [0x16f30000, 0x16f30000, 0x19150000)
  to   space 34944K,   0% used [0x14d10000, 0x14d10000, 0x16f30000)
 tenured generation   total 699072K, used 697715K [0x19150000, 0x43c00000, 0x43c00000)
   the space 699072K,  99% used [0x19150000, 0x43aaccf0, 0x43aace00, 0x43c00000)
 Metaspace       used 3550K, capacity 3598K, committed 3648K, reserved 4480K
}
Event: 37.302 GC heap before
{Heap before GC invocations=106 (full 14):
 def new generation   total 314560K, used 279616K [0x03c00000, 0x19150000, 0x19150000)
  eden space 279616K, 100% used [0x03c00000, 0x14d10000, 0x14d10000)
  from space 34944K,   0% used [0x16f30000, 0x16f30000, 0x19150000)
  to   space 34944K,   0% used [0x14d10000, 0x14d10000, 0x16f30000)
 tenured generation   total 699072K, used 697715K [0x19150000, 0x43c00000, 0x43c00000)
   the space 699072K,  99% used [0x19150000, 0x43aaccf0, 0x43aace00, 0x43c00000)
 Metaspace       used 3568K, capacity 3598K, committed 3648K, reserved 4480K
Event: 39.076 GC heap after
Heap after GC invocations=107 (full 15):
 def new generation   total 314560K, used 39658K [0x03c00000, 0x19150000, 0x19150000)
  eden space 279616K,  14% used [0x03c00000, 0x062baad0, 0x14d10000)
  from space 34944K,   0% used [0x16f30000, 0x16f30000, 0x19150000)
  to   space 34944K,   0% used [0x14d10000, 0x14d10000, 0x16f30000)
 tenured generation   total 699072K, used 699071K [0x19150000, 0x43c00000, 0x43c00000)
   the space 699072K,  99% used [0x19150000, 0x43bffff0, 0x43c00000, 0x43c00000)
 Metaspace       used 3568K, capacity 3598K, committed 3648K, reserved 4480K
}
Event: 40.454 GC heap before
{Heap before GC invocations=107 (full 15):
 def new generation   total 314560K, used 314560K [0x03c00000, 0x19150000, 0x19150000)
  eden space 279616K, 100% used [0x03c00000, 0x14d10000, 0x14d10000)
  from space 34944K, 100% used [0x16f30000, 0x19150000, 0x19150000)
  to   space 34944K,   0% used [0x14d10000, 0x14d10000, 0x16f30000)
 tenured generation   total 699072K, used 699072K [0x19150000, 0x43c00000, 0x43c00000)
   the space 699072K, 100% used [0x19150000, 0x43c00000, 0x43c00000, 0x43c00000)
 Metaspace       used 3583K, capacity 3598K, committed 3648K, reserved 4480K
Event: 42.739 GC heap after
Heap after GC invocations=108 (full 16):
 def new generation   total 314560K, used 54735K [0x03c00000, 0x19150000, 0x19150000)
  eden space 279616K,  19% used [0x03c00000, 0x07173d00, 0x14d10000)
  from space 34944K,   0% used [0x16f30000, 0x16f30000, 0x19150000)
  to   space 34944K,   0% used [0x14d10000, 0x14d10000, 0x16f30000)
 tenured generation   total 699072K, used 699071K [0x19150000, 0x43c00000, 0x43c00000)
   the space 699072K,  99% used [0x19150000, 0x43bfffe8, 0x43c00000, 0x43c00000)
 Metaspace       used 3583K, capacity 3598K, committed 3648K, reserved 4480K
}
Event: 43.505 GC heap before
{Heap before GC invocations=108 (full 16):
 def new generation   total 314560K, used 314493K [0x03c00000, 0x19150000, 0x19150000)
  eden space 279616K, 100% used [0x03c00000, 0x14d10000, 0x14d10000)
  from space 34944K,  99% used [0x16f30000, 0x1913f5a8, 0x19150000)
  to   space 34944K,   0% used [0x14d10000, 0x14d10000, 0x16f30000)
 tenured generation   total 699072K, used 699071K [0x19150000, 0x43c00000, 0x43c00000)
   the space 699072K,  99% used [0x19150000, 0x43bfffe8, 0x43c00000, 0x43c00000)
 Metaspace       used 3585K, capacity 3598K, committed 3648K, reserved 4480K

Deoptimization events (0 events):
No events

Internal exceptions (5 events):
Event: 0.100 Thread 0x0164bc00 Exception <a 'java/lang/NoSuchMethodError': Method sun.misc.Unsafe.defineClass(Ljava/lang/String;[BII)Ljava/lang/Class; name or signature does not match> (0x03c06ea8) thrown at [C:\re\workspace\8-2-build-windows-i586-cygwin\jdk8u101\7261\hotspot\src\share\_×°Ú~¹?
Event: 0.100 Thread 0x0164bc00 Exception <a 'java/lang/NoSuchMethodError': Method sun.misc.Unsafe.prefetchRead(Ljava/lang/Object;J)V name or signature does not match> (0x03c07178) thrown at [C:\re\workspace\8-2-build-windows-i586-cygwin\jdk8u101\7261\hotspot\src\share\vm\prims\jni.cpp, ‡‰ÚØï?
Event: 0.995 Thread 0x445b5800 Exception <a 'java/lang/ArrayIndexOutOfBoundsException': 18> (0x03ea15e8) thrown at [C:\re\workspace\8-2-build-windows-i586-cygwin\jdk8u101\7261\hotspot\src\share\vm\interpreter\interpreterRuntime.cpp, line 366]
Event: 0.995 Thread 0x445b5800 Exception <a 'java/lang/ArrayIndexOutOfBoundsException': 145> (0x03ea2e88) thrown at [C:\re\workspace\8-2-build-windows-i586-cygwin\jdk8u101\7261\hotspot\src\share\vm\interpreter\interpreterRuntime.cpp, line 366]
Event: 0.996 Thread 0x445b5800 Exception <a 'java/lang/ArrayIndexOutOfBoundsException': 40> (0x03ea3f68) thrown at [C:\re\workspace\8-2-build-windows-i586-cygwin\jdk8u101\7261\hotspot\src\share\vm\interpreter\interpreterRuntime.cpp, line 366]

Events (10 events):
Event: 39.122 loading class java/util/HashMap$KeyIterator done
Event: 39.140 loading class com/android/dx/dex/file/CatchStructs
Event: 39.140 loading class com/android/dx/dex/file/CatchStructs done
Event: 40.363 loading class com/android/dx/dex/file/ProtoIdItem
Event: 40.363 loading class com/android/dx/dex/file/ProtoIdItem done
Event: 40.454 Executing VM operation: GenCollectForAllocation
Event: 42.739 Executing VM operation: GenCollectForAllocation done
Event: 43.438 loading class com/android/dex/Leb128
Event: 43.438 loading class com/android/dex/Leb128 done
Event: 43.505 Executing VM operation: GenCollectForAllocation


Dynamic libraries:
0x001d0000 - 0x00203000 	C:\Program Files\Java\jdk1.8.0_101\bin\java.exe
0x772a0000 - 0x773dc000 	C:\Windows\SYSTEM32\ntdll.dll
0x75b10000 - 0x75be4000 	C:\Windows\system32\kernel32.dll
0x75650000 - 0x7569a000 	C:\Windows\system32\KERNELBASE.dll
0x77410000 - 0x774b0000 	C:\Windows\system32\ADVAPI32.dll
0x771a0000 - 0x7724c000 	C:\Windows\system32\msvcrt.dll
0x774b0000 - 0x774c9000 	C:\Windows\SYSTEM32\sechost.dll
0x77010000 - 0x770b1000 	C:\Windows\system32\RPCRT4.dll
0x76ee0000 - 0x76fa9000 	C:\Windows\system32\USER32.dll
0x75e30000 - 0x75e7e000 	C:\Windows\system32\GDI32.dll
0x75a30000 - 0x75a3a000 	C:\Windows\system32\LPK.dll
0x77100000 - 0x7719d000 	C:\Windows\system32\USP10.dll
0x74160000 - 0x742fe000 	C:\Windows\WinSxS\x86_microsoft.windows.common-controls_6595b64144ccf1df_6.0.7600.16385_none_421189da2b7fabfc\COMCTL32.dll
0x759d0000 - 0x75a27000 	C:\Windows\system32\SHLWAPI.dll
0x773e0000 - 0x773ff000 	C:\Windows\system32\IMM32.DLL
0x75a40000 - 0x75b0c000 	C:\Windows\system32\MSCTF.dll
0x53030000 - 0x530ef000 	C:\Program Files\Java\jdk1.8.0_101\jre\bin\msvcr100.dll
0x52c60000 - 0x5302c000 	C:\Program Files\Java\jdk1.8.0_101\jre\bin\client\jvm.dll
0x70bb0000 - 0x70bb7000 	C:\Windows\system32\WSOCK32.dll
0x770c0000 - 0x770f5000 	C:\Windows\system32\WS2_32.dll
0x77400000 - 0x77406000 	C:\Windows\system32\NSI.dll
0x70b60000 - 0x70b92000 	C:\Windows\system32\WINMM.dll
0x748f0000 - 0x748f9000 	C:\Windows\system32\VERSION.dll
0x75c00000 - 0x75c05000 	C:\Windows\system32\PSAPI.DLL
0x65c60000 - 0x65c6c000 	C:\Program Files\Java\jdk1.8.0_101\jre\bin\verify.dll
0x65c30000 - 0x65c51000 	C:\Program Files\Java\jdk1.8.0_101\jre\bin\java.dll
0x65c10000 - 0x65c23000 	C:\Program Files\Java\jdk1.8.0_101\jre\bin\zip.dll
0x75f90000 - 0x76bd9000 	C:\Windows\system32\SHELL32.dll
0x75c10000 - 0x75d6c000 	C:\Windows\system32\ole32.dll
0x753f0000 - 0x753fb000 	C:\Windows\system32\profapi.dll
0x73150000 - 0x7323b000 	C:\Windows\system32\dbghelp.dll

VM Arguments:
jvm_args: -Djava.awt.headless=true -Xmx1024M -Dfile.encoding=windows-1252 -Duser.country=US -Duser.language=en -Duser.variant 
java_command: com.android.dx.command.Main --dex --num-threads=4 --multi-dex --main-dex-list E:\SandeepProjectResources\MobipugNew\Mobipug27.10.18\MobipugSource\app\build\intermediates\multi-dex\debug\maindexlist.txt --output E:\SandeepProjectResources\MobipugNew\Mobipug27.10.18\MobipugSource\app\build\intermediates\transforms\dex\debug\folders\1000\1f\main E:\SandeepProjectResources\MobipugNew\Mobipug27.10.18\MobipugSource\app\build\intermediates\transforms\jarMerging\debug\jars\1\1f\combined.jar
java_class_path (initial): C:\Users\android-4\AppData\Local\Android\Sdk\build-tools\26.0.2\lib\dx.jar
Launcher Type: SUN_STANDARD

Environment Variables:
PATH=C:\ProgramData\Oracle\Java\javapath;C:\Windows\system32;C:\Windows;C:\Windows\System32\Wbem;C:\Windows\System32\WindowsPowerShell\v1.0\;C:\Program Files\Intel\OpenCL SDK\2.0\bin\x86;C:\Program Files\Skype\Phone\
USERNAME=android-4
OS=Windows_NT
PROCESSOR_IDENTIFIER=x86 Family 6 Model 42 Stepping 7, GenuineIntel



---------------  S Y S T E M  ---------------

OS: Windows 7 Build 7600 (6.1.7600.16385)

CPU:total 4 (2 cores per cpu, 2 threads per core) family 6 model 42 stepping 7, cmov, cx8, fxsr, mmx, sse, sse2, sse3, ssse3, sse4.1, sse4.2, popcnt, clmul, ht, tsc, tscinvbit

Memory: 4k page, physical 3578328k(355560k free), swap 24056564k(18359556k free)

vm_info: Java HotSpot(TM) Client VM (25.101-b13) for windows-x86 JRE (1.8.0_101-b13), built on Jun 22 2016 00:45:44 by "java_re" with MS VC++ 10.0 (VS2010)

time: Tue Nov 13 17:36:41 2018
elapsed time: 43 seconds (0d 0h 0m 43s)

