#
# A fatal error has been detected by the Java Runtime Environment:
#
#  EXCEPTION_ACCESS_VIOLATION (0xc0000005) at pc=0x6444fa77, pid=4644, tid=0x000009cc
#
# JRE version: Java(TM) SE Runtime Environment (8.0_101-b13) (build 1.8.0_101-b13)
# Java VM: Java HotSpot(TM) Client VM (25.101-b13 mixed mode windows-x86 )
# Problematic frame:
# V  [jvm.dll+0xbfa77]
#
# Failed to write core dump. Minidumps are not enabled by default on client versions of Windows
#
# If you would like to submit a bug report, please visit:
#   http://bugreport.java.com/bugreport/crash.jsp
#

---------------  T H R E A D  ---------------

Current thread (0x4448a800):  VMThread [stack: 0x44670000,0x446c0000] [id=2508]

siginfo: ExceptionCode=0xc0000005, reading address 0x00000060

Registers:
EAX=0x1955d270, EBX=0x1f7620dc, ECX=0x00000000, EDX=0x00000000
ESP=0x446bec58, EBP=0x446bec78, ESI=0x1f7620e0, EDI=0x195048f8
EIP=0x6444fa77, EFLAGS=0x00010293

Top of Stack: (sp=0x446bec58)
0x446bec58:   646f94cc 4465bf8c 4465bf88 443465f0
0x446bec68:   1f7620e0 00000003 193bb020 443465e8
0x446bec78:   446bec98 64544db1 1f7620c8 646f94cc
0x446bec88:   4465bf88 4465bf8c 646f94cc 4465bf88
0x446bec98:   446beca4 64544fac 00000003 446becc0
0x446beca8:   644e883a 4465bf88 44658400 646f94cc
0x446becb8:   00000000 446579b8 446beea8 64509eef
0x446becc8:   646f94cc 00000002 44658400 00000000 

Instructions: (pc=0x6444fa77)
0x6444fa57:   80 3d b4 84 6e 64 00 75 0a 8b d0 80 e2 07 80 fa
0x6444fa67:   01 eb 1b 8b c8 83 e1 07 83 f9 05 74 24 8b 57 04
0x6444fa77:   8b 52 60 83 e2 07 80 fa 05 74 0c 83 f9 01 75 07
0x6444fa87:   a9 80 ff ff ff 74 0a 50 57 e8 fb 4f 0f 00 83 c4 


Register to memory mapping:

EAX=0x1955d270 is an oop
[C 
 - klass: {type array char}
 - length: 27
EBX=0x1f7620dc is pointing into object: 0x1f7620c8
com.android.dx.dex.code.CodeAddress 
 - klass: 'com/android/dx/dex/code/CodeAddress'
ECX=0x00000000 is an unknown value
EDX=0x00000000 is an unknown value
ESP=0x446bec58 is an unknown value
EBP=0x446bec78 is an unknown value
ESI=0x1f7620e0 is pointing into object: 0x1f7620c8
com.android.dx.dex.code.CodeAddress 
 - klass: 'com/android/dx/dex/code/CodeAddress'
EDI=0x195048f8 is pointing into object: 0x195048f0
java.lang.String 
 - klass: 'java/lang/String'


Stack: [0x44670000,0x446c0000],  sp=0x446bec58,  free space=315k
Native frames: (J=compiled Java code, j=interpreted, Vv=VM code, C=native code)
V  [jvm.dll+0xbfa77]
V  [jvm.dll+0x1b4db1]
V  [jvm.dll+0x1b4fac]
V  [jvm.dll+0x15883a]
V  [jvm.dll+0x179eef]
V  [jvm.dll+0x1789ea]
V  [jvm.dll+0x97fb0]
V  [jvm.dll+0x992a1]
V  [jvm.dll+0x9b020]
V  [jvm.dll+0x9b489]
V  [jvm.dll+0x9a27f]
V  [jvm.dll+0xa64b2]
V  [jvm.dll+0x98e73]
V  [jvm.dll+0x92e25]
V  [jvm.dll+0x1b81c6]
V  [jvm.dll+0x18292b]
V  [jvm.dll+0x181d31]
V  [jvm.dll+0x182147]
V  [jvm.dll+0x182342]
V  [jvm.dll+0x1c1ed6]
C  [msvcr100.dll+0x5c556]
C  [msvcr100.dll+0x5c600]
C  [kernel32.dll+0x51174]
C  [ntdll.dll+0x5b3f5]
C  [ntdll.dll+0x5b3c8]

VM_Operation (0x44b4ee34): GenCollectForAllocation, mode: safepoint, requested by thread 0x44633800


---------------  P R O C E S S  ---------------

Java Threads: ( => current thread )
  0x44658400 JavaThread "pool-2-thread-4" [_thread_blocked, id=5808, stack(0x03da0000,0x03df0000)]
  0x44655c00 JavaThread "pool-2-thread-3" [_thread_blocked, id=4212, stack(0x449b0000,0x44a00000)]
  0x44659800 JavaThread "pool-2-thread-2" [_thread_blocked, id=2448, stack(0x44b90000,0x44be0000)]
  0x44633800 JavaThread "pool-3-thread-1" [_thread_blocked, id=4780, stack(0x44b00000,0x44b50000)]
  0x44630000 JavaThread "pool-2-thread-1" [_thread_blocked, id=5456, stack(0x01110000,0x01160000)]
  0x444ec800 JavaThread "Service Thread" daemon [_thread_blocked, id=5720, stack(0x44920000,0x44970000)]
  0x444da400 JavaThread "C1 CompilerThread0" daemon [_thread_blocked, id=5544, stack(0x448b0000,0x44900000)]
  0x444d9000 JavaThread "Attach Listener" daemon [_thread_blocked, id=4844, stack(0x44860000,0x448b0000)]
  0x444d6000 JavaThread "Signal Dispatcher" daemon [_thread_blocked, id=3908, stack(0x447c0000,0x44810000)]
  0x444b6c00 JavaThread "Finalizer" daemon [_thread_blocked, id=4936, stack(0x01800000,0x01850000)]
  0x44490400 JavaThread "Reference Handler" daemon [_thread_blocked, id=4836, stack(0x01890000,0x018e0000)]
  0x0049bc00 JavaThread "main" [_thread_blocked, id=5084, stack(0x01900000,0x01950000)]

Other Threads:
=>0x4448a800 VMThread [stack: 0x44670000,0x446c0000] [id=2508]
  0x444d0000 WatcherThread [stack: 0x44a00000,0x44a50000] [id=5316]

VM state:at safepoint (normal execution)

VM Mutex/Monitor currently owned by a thread:  ([mutex/lock_event])
[0x0049a230] Threads_lock - owner thread: 0x4448a800
[0x0049a640] Heap_lock - owner thread: 0x44633800

Heap:
 def new generation   total 314560K, used 279616K [0x03e00000, 0x19350000, 0x19350000)
  eden space 279616K, 100% used [0x03e00000, 0x14f10000, 0x14f10000)
  from space 34944K,   0% used [0x17130000, 0x17130000, 0x19350000)
  to   space 34944K,   0% used [0x14f10000, 0x14f10000, 0x17130000)
 tenured generation   total 699072K, used 618445K [0x19350000, 0x43e00000, 0x43e00000)
   the space 699072K,  88% used [0x19350000, 0x3ef43528, 0x3ef43600, 0x43e00000)
 Metaspace       used 3550K, capacity 3598K, committed 3648K, reserved 4480K

Card table byte_map: [0x43e00000,0x44010000] byte_map_base: 0x43de1000

Polling page: 0x00260000

CodeCache: size=32768Kb used=3684Kb max_used=3713Kb free=29083Kb
 bounds [0x01c20000, 0x01fc8000, 0x03c20000]
 total_blobs=1920 nmethods=1773 adapters=77
 compilation: enabled

Compilation events (10 events):
Event: 17.522 Thread 0x444da400 1782 % !         java.lang.ref.Finalizer$FinalizerThread::run @ 33 (55 bytes)
Event: 17.522 Thread 0x444da400 nmethod 1782% 0x01fbc548 code [0x01fbc6a0, 0x01fbca54]
Event: 17.813 Thread 0x444da400 1783             java.util.HashMap$TreeNode::putTreeVal (314 bytes)
Event: 17.815 Thread 0x444da400 nmethod 1783 0x01fbcdc8 code [0x01fbcf60, 0x01fbd3fc]
Event: 17.839 Thread 0x444da400 1784             com.android.dx.ssa.back.FirstFitLocalCombiningAllocator::ssaSetToSpecs (57 bytes)
Event: 17.840 Thread 0x444da400 nmethod 1784 0x01fbd988 code [0x01fbdb20, 0x01fbdf0c]
Event: 26.171 Thread 0x444da400 1785 %           com.android.dx.cf.direct.ClassPathOpener::processArchive @ 141 (221 bytes)
Event: 26.173 Thread 0x444da400 nmethod 1785% 0x01fbe5c8 code [0x01fbe840, 0x01fbf770]
Event: 26.969 Thread 0x444da400 1786             java.util.HashMap$TreeNode::split (218 bytes)
Event: 26.969 Thread 0x444da400 nmethod 1786 0x01db3248 code [0x01db33c0, 0x01db38c0]

GC Heap History (10 events):
Event: 14.550 GC heap after
Heap after GC invocations=102 (full 8):
 def new generation   total 314560K, used 34943K [0x03e00000, 0x19350000, 0x19350000)
  eden space 279616K,   0% used [0x03e00000, 0x03e00000, 0x14f10000)
  from space 34944K,  99% used [0x14f10000, 0x1712fff8, 0x17130000)
  to   space 34944K,   0% used [0x17130000, 0x17130000, 0x19350000)
 tenured generation   total 699072K, used 617101K [0x19350000, 0x43e00000, 0x43e00000)
   the space 699072K,  88% used [0x19350000, 0x3edf3688, 0x3edf3800, 0x43e00000)
 Metaspace       used 3550K, capacity 3598K, committed 3648K, reserved 4480K
}
Event: 15.808 GC heap before
{Heap before GC invocations=102 (full 8):
 def new generation   total 314560K, used 314559K [0x03e00000, 0x19350000, 0x19350000)
  eden space 279616K, 100% used [0x03e00000, 0x14f10000, 0x14f10000)
  from space 34944K,  99% used [0x14f10000, 0x1712fff8, 0x17130000)
  to   space 34944K,   0% used [0x17130000, 0x17130000, 0x19350000)
 tenured generation   total 699072K, used 617101K [0x19350000, 0x43e00000, 0x43e00000)
   the space 699072K,  88% used [0x19350000, 0x3edf3688, 0x3edf3800, 0x43e00000)
 Metaspace       used 3550K, capacity 3598K, committed 3648K, reserved 4480K
Event: 17.520 GC heap after
Heap after GC invocations=103 (full 9):
 def new generation   total 314560K, used 0K [0x03e00000, 0x19350000, 0x19350000)
  eden space 279616K,   0% used [0x03e00000, 0x03e00000, 0x14f10000)
  from space 34944K,   0% used [0x17130000, 0x17130000, 0x19350000)
  to   space 34944K,   0% used [0x14f10000, 0x14f10000, 0x17130000)
 tenured generation   total 699072K, used 645748K [0x19350000, 0x43e00000, 0x43e00000)
   the space 699072K,  92% used [0x19350000, 0x409ed220, 0x409ed400, 0x43e00000)
 Metaspace       used 3550K, capacity 3598K, committed 3648K, reserved 4480K
}
Event: 18.412 GC heap before
{Heap before GC invocations=103 (full 9):
 def new generation   total 314560K, used 279616K [0x03e00000, 0x19350000, 0x19350000)
  eden space 279616K, 100% used [0x03e00000, 0x14f10000, 0x14f10000)
  from space 34944K,   0% used [0x17130000, 0x17130000, 0x19350000)
  to   space 34944K,   0% used [0x14f10000, 0x14f10000, 0x17130000)
 tenured generation   total 699072K, used 645748K [0x19350000, 0x43e00000, 0x43e00000)
   the space 699072K,  92% used [0x19350000, 0x409ed220, 0x409ed400, 0x43e00000)
 Metaspace       used 3550K, capacity 3598K, committed 3648K, reserved 4480K
Event: 19.858 GC heap after
Heap after GC invocations=104 (full 10):
 def new generation   total 314560K, used 0K [0x03e00000, 0x19350000, 0x19350000)
  eden space 279616K,   0% used [0x03e00000, 0x03e00000, 0x14f10000)
  from space 34944K,   0% used [0x17130000, 0x17130000, 0x19350000)
  to   space 34944K,   0% used [0x14f10000, 0x14f10000, 0x17130000)
 tenured generation   total 699072K, used 638189K [0x19350000, 0x43e00000, 0x43e00000)
   the space 699072K,  91% used [0x19350000, 0x4028b628, 0x4028b800, 0x43e00000)
 Metaspace       used 3550K, capacity 3598K, committed 3648K, reserved 4480K
}
Event: 21.521 GC heap before
{Heap before GC invocations=104 (full 10):
 def new generation   total 314560K, used 279616K [0x03e00000, 0x19350000, 0x19350000)
  eden space 279616K, 100% used [0x03e00000, 0x14f10000, 0x14f10000)
  from space 34944K,   0% used [0x17130000, 0x17130000, 0x19350000)
  to   space 34944K,   0% used [0x14f10000, 0x14f10000, 0x17130000)
 tenured generation   total 699072K, used 638189K [0x19350000, 0x43e00000, 0x43e00000)
   the space 699072K,  91% used [0x19350000, 0x4028b628, 0x4028b800, 0x43e00000)
 Metaspace       used 3550K, capacity 3598K, committed 3648K, reserved 4480K
Event: 23.013 GC heap after
Heap after GC invocations=105 (full 11):
 def new generation   total 314560K, used 15747K [0x03e00000, 0x19350000, 0x19350000)
  eden space 279616K,   5% used [0x03e00000, 0x04d60fe8, 0x14f10000)
  from space 34944K,   0% used [0x17130000, 0x17130000, 0x19350000)
  to   space 34944K,   0% used [0x14f10000, 0x14f10000, 0x17130000)
 tenured generation   total 699072K, used 699070K [0x19350000, 0x43e00000, 0x43e00000)
   the space 699072K,  99% used [0x19350000, 0x43dffbf8, 0x43dffc00, 0x43e00000)
 Metaspace       used 3550K, capacity 3598K, committed 3648K, reserved 4480K
}
Event: 24.264 GC heap before
{Heap before GC invocations=105 (full 11):
 def new generation   total 314560K, used 314560K [0x03e00000, 0x19350000, 0x19350000)
  eden space 279616K, 100% used [0x03e00000, 0x14f10000, 0x14f10000)
  from space 34944K, 100% used [0x17130000, 0x19350000, 0x19350000)
  to   space 34944K,   0% used [0x14f10000, 0x14f10000, 0x17130000)
 tenured generation   total 699072K, used 699072K [0x19350000, 0x43e00000, 0x43e00000)
   the space 699072K, 100% used [0x19350000, 0x43e00000, 0x43e00000, 0x43e00000)
 Metaspace       used 3550K, capacity 3598K, committed 3648K, reserved 4480K
Event: 26.104 GC heap after
Heap after GC invocations=106 (full 12):
 def new generation   total 314560K, used 0K [0x03e00000, 0x19350000, 0x19350000)
  eden space 279616K,   0% used [0x03e00000, 0x03e00000, 0x14f10000)
  from space 34944K,   0% used [0x17130000, 0x17130000, 0x19350000)
  to   space 34944K,   0% used [0x14f10000, 0x14f10000, 0x17130000)
 tenured generation   total 699072K, used 618445K [0x19350000, 0x43e00000, 0x43e00000)
   the space 699072K,  88% used [0x19350000, 0x3ef43528, 0x3ef43600, 0x43e00000)
 Metaspace       used 3550K, capacity 3598K, committed 3648K, reserved 4480K
}
Event: 27.052 GC heap before
{Heap before GC invocations=106 (full 12):
 def new generation   total 314560K, used 279616K [0x03e00000, 0x19350000, 0x19350000)
  eden space 279616K, 100% used [0x03e00000, 0x14f10000, 0x14f10000)
  from space 34944K,   0% used [0x17130000, 0x17130000, 0x19350000)
  to   space 34944K,   0% used [0x14f10000, 0x14f10000, 0x17130000)
 tenured generation   total 699072K, used 618445K [0x19350000, 0x43e00000, 0x43e00000)
   the space 699072K,  88% used [0x19350000, 0x3ef43528, 0x3ef43600, 0x43e00000)
 Metaspace       used 3550K, capacity 3598K, committed 3648K, reserved 4480K

Deoptimization events (0 events):
No events

Internal exceptions (5 events):
Event: 0.027 Thread 0x0049bc00 Exception <a 'java/lang/NoSuchMethodError': Method sun.misc.Unsafe.defineClass(Ljava/lang/String;[BII)Ljava/lang/Class; name or signature does not match> (0x03e06ea8) thrown at [C:\re\workspace\8-2-build-windows-i586-cygwin\jdk8u101\7261\hotspot\src\share\1NJ6ο›?
Event: 0.027 Thread 0x0049bc00 Exception <a 'java/lang/NoSuchMethodError': Method sun.misc.Unsafe.prefetchRead(Ljava/lang/Object;J)V name or signature does not match> (0x03e07178) thrown at [C:\re\workspace\8-2-build-windows-i586-cygwin\jdk8u101\7261\hotspot\src\share\vm\prims\jni.cpp, p+_¥ηκ?
Event: 0.841 Thread 0x44655c00 Exception <a 'java/lang/ArrayIndexOutOfBoundsException': 18> (0x03e175e0) thrown at [C:\re\workspace\8-2-build-windows-i586-cygwin\jdk8u101\7261\hotspot\src\share\vm\interpreter\interpreterRuntime.cpp, line 366]
Event: 0.841 Thread 0x44655c00 Exception <a 'java/lang/ArrayIndexOutOfBoundsException': 145> (0x03e18e80) thrown at [C:\re\workspace\8-2-build-windows-i586-cygwin\jdk8u101\7261\hotspot\src\share\vm\interpreter\interpreterRuntime.cpp, line 366]
Event: 0.841 Thread 0x44655c00 Exception <a 'java/lang/ArrayIndexOutOfBoundsException': 40> (0x03e19f60) thrown at [C:\re\workspace\8-2-build-windows-i586-cygwin\jdk8u101\7261\hotspot\src\share\vm\interpreter\interpreterRuntime.cpp, line 366]

Events (10 events):
Event: 26.174 Thread 0x444da400 flushing nmethod 0x01d96488
Event: 26.174 Thread 0x444da400 flushing nmethod 0x01d9c7c8
Event: 26.174 Thread 0x444da400 flushing nmethod 0x01db31c8
Event: 26.970 Thread 0x444da400 flushing nmethod 0x01de0488
Event: 26.970 Thread 0x444da400 flushing nmethod 0x01dfc288
Event: 26.970 Thread 0x444da400 flushing nmethod 0x01e14d08
Event: 26.970 Thread 0x444da400 flushing nmethod 0x01e2a188
Event: 26.970 Thread 0x444da400 flushing nmethod 0x01e2a788
Event: 26.970 Thread 0x444da400 flushing nmethod 0x01e87b08
Event: 27.052 Executing VM operation: GenCollectForAllocation


Dynamic libraries:
0x01390000 - 0x013c3000 	C:\Program Files\Java\jdk1.8.0_101\bin\java.exe
0x76ec0000 - 0x76ffc000 	C:\Windows\SYSTEM32\ntdll.dll
0x76c40000 - 0x76d14000 	C:\Windows\system32\kernel32.dll
0x752c0000 - 0x7530a000 	C:\Windows\system32\KERNELBASE.dll
0x756d0000 - 0x75770000 	C:\Windows\system32\ADVAPI32.dll
0x76d20000 - 0x76dcc000 	C:\Windows\system32\msvcrt.dll
0x75680000 - 0x75699000 	C:\Windows\SYSTEM32\sechost.dll
0x76b40000 - 0x76be1000 	C:\Windows\system32\RPCRT4.dll
0x75310000 - 0x753d9000 	C:\Windows\system32\USER32.dll
0x75b70000 - 0x75bbe000 	C:\Windows\system32\GDI32.dll
0x76c20000 - 0x76c2a000 	C:\Windows\system32\LPK.dll
0x755e0000 - 0x7567d000 	C:\Windows\system32\USP10.dll
0x73d20000 - 0x73ebe000 	C:\Windows\WinSxS\x86_microsoft.windows.common-controls_6595b64144ccf1df_6.0.7600.16385_none_421189da2b7fabfc\COMCTL32.dll
0x75ad0000 - 0x75b27000 	C:\Windows\system32\SHLWAPI.dll
0x76bf0000 - 0x76c0f000 	C:\Windows\system32\IMM32.DLL
0x76810000 - 0x768dc000 	C:\Windows\system32\MSCTF.dll
0x65510000 - 0x655cf000 	C:\Program Files\Java\jdk1.8.0_101\jre\bin\msvcr100.dll
0x64390000 - 0x6475c000 	C:\Program Files\Java\jdk1.8.0_101\jre\bin\client\jvm.dll
0x70cb0000 - 0x70cb7000 	C:\Windows\system32\WSOCK32.dll
0x75b30000 - 0x75b65000 	C:\Windows\system32\WS2_32.dll
0x76c30000 - 0x76c36000 	C:\Windows\system32\NSI.dll
0x70630000 - 0x70662000 	C:\Windows\system32\WINMM.dll
0x74510000 - 0x74519000 	C:\Windows\system32\VERSION.dll
0x76c10000 - 0x76c15000 	C:\Windows\system32\PSAPI.DLL
0x673a0000 - 0x673ac000 	C:\Program Files\Java\jdk1.8.0_101\jre\bin\verify.dll
0x66190000 - 0x661b1000 	C:\Program Files\Java\jdk1.8.0_101\jre\bin\java.dll
0x66170000 - 0x66183000 	C:\Program Files\Java\jdk1.8.0_101\jre\bin\zip.dll
0x75bc0000 - 0x76809000 	C:\Windows\system32\SHELL32.dll
0x769e0000 - 0x76b3c000 	C:\Windows\system32\ole32.dll
0x75010000 - 0x7501b000 	C:\Windows\system32\profapi.dll
0x72d70000 - 0x72e5b000 	C:\Windows\system32\dbghelp.dll

VM Arguments:
jvm_args: -Djava.awt.headless=true -Xmx1024M -Dfile.encoding=windows-1252 -Duser.country=US -Duser.language=en -Duser.variant 
java_command: com.android.dx.command.Main --dex --num-threads=4 --multi-dex --main-dex-list E:\SandeepProjectResources\MobipugNew\Mobipug27.10.18\MobipugSource\app\build\intermediates\multi-dex\debug\maindexlist.txt --output E:\SandeepProjectResources\MobipugNew\Mobipug27.10.18\MobipugSource\app\build\intermediates\transforms\dex\debug\folders\1000\1f\main E:\SandeepProjectResources\MobipugNew\Mobipug27.10.18\MobipugSource\app\build\intermediates\transforms\jarMerging\debug\jars\1\1f\combined.jar
java_class_path (initial): C:\Users\android-4\AppData\Local\Android\Sdk\build-tools\26.0.2\lib\dx.jar
Launcher Type: SUN_STANDARD

Environment Variables:
PATH=C:\ProgramData\Oracle\Java\javapath;C:\Windows\system32;C:\Windows;C:\Windows\System32\Wbem;C:\Windows\System32\WindowsPowerShell\v1.0\;C:\Program Files\Intel\OpenCL SDK\2.0\bin\x86;C:\Program Files\Skype\Phone\
USERNAME=android-4
OS=Windows_NT
PROCESSOR_IDENTIFIER=x86 Family 6 Model 42 Stepping 7, GenuineIntel



---------------  S Y S T E M  ---------------

OS: Windows 7 Build 7600 (6.1.7600.16385)

CPU:total 4 (2 cores per cpu, 2 threads per core) family 6 model 42 stepping 7, cmov, cx8, fxsr, mmx, sse, sse2, sse3, ssse3, sse4.1, sse4.2, popcnt, clmul, ht, tsc, tscinvbit

Memory: 4k page, physical 3578328k(233008k free), swap 24056564k(18979288k free)

vm_info: Java HotSpot(TM) Client VM (25.101-b13) for windows-x86 JRE (1.8.0_101-b13), built on Jun 22 2016 00:45:44 by "java_re" with MS VC++ 10.0 (VS2010)

time: Fri Nov 16 16:16:45 2018
elapsed time: 27 seconds (0d 0h 0m 27s)

