#
# A fatal error has been detected by the Java Runtime Environment:
#
#  EXCEPTION_ACCESS_VIOLATION (0xc0000005) at pc=0x528ab81d, pid=948, tid=0x0000121c
#
# JRE version: Java(TM) SE Runtime Environment (8.0_101-b13) (build 1.8.0_101-b13)
# Java VM: Java HotSpot(TM) Client VM (25.101-b13 mixed mode windows-x86 )
# Problematic frame:
# V  [jvm.dll+0x16b81d]
#
# Failed to write core dump. Minidumps are not enabled by default on client versions of Windows
#
# If you would like to submit a bug report, please visit:
#   http://bugreport.java.com/bugreport/crash.jsp
#

---------------  T H R E A D  ---------------

Current thread (0x4448a800):  VMThread [stack: 0x44680000,0x446d0000] [id=4636]

siginfo: ExceptionCode=0xc0000005, reading address 0x00000000

Registers:
EAX=0x00000000, EBX=0x44dd26f8, ECX=0x007b1408, EDX=0x007b1408
ESP=0x446cede8, EBP=0x446cee48, ESI=0x193bb040, EDI=0x00000000
EIP=0x528ab81d, EFLAGS=0x00010246

Top of Stack: (sp=0x446cede8)
0x446cede8:   528f4db1 52aa94cc 44dd26f0 44dd26f8
0x446cedf8:   528a1f51 453c91b0 00000ffc 00000005
0x446cee08:   52ac7a98 00000000 00000ffc 52aa9460
0x446cee18:   00000200 446cee4c 527d440d 00000ffc
0x446cee28:   00000005 52ac7a98 369582a4 52aa9460
0x446cee38:   446cee48 446cee54 527fd75b 193bb040
0x446cee48:   446ceea8 01c730ba 44dd26f8 528f4db1
0x446cee58:   00000000 00000000 00000000 00000000 

Instructions: (pc=0x528ab81d)
0x528ab7fd:   cc cc cc 55 8b ec 83 ec 50 8b 45 0c 53 8b 5d 08
0x528ab80d:   56 8b 73 24 57 50 89 75 fc e8 55 30 ef ff 8b f8
0x528ab81d:   8b 17 8b 42 04 83 c4 04 8b cf ff d0 84 c0 0f 84
0x528ab82d:   c9 00 00 00 8b cb e8 f8 fc f5 ff 3b f0 0f 84 ba 


Register to memory mapping:

EAX=0x00000000 is an unknown value
EBX=0x44dd26f8 is an unknown value
ECX=0x007b1408 is an unknown value
EDX=0x007b1408 is an unknown value
ESP=0x446cede8 is an unknown value
EBP=0x446cee48 is an unknown value
ESI=0x193bb040 is pointing into object: 0x193bb010
java.lang.Class 
 - klass: 'java/lang/Class'
EDI=0x00000000 is an unknown value


Stack: [0x44680000,0x446d0000],  sp=0x446cede8,  free space=315k
Native frames: (J=compiled Java code, j=interpreted, Vv=VM code, C=native code)
V  [jvm.dll+0x16b81d]
v  ~BufferBlob::I2C/C2I adapters
V  [jvm.dll+0x1b4fac]
V  [jvm.dll+0x15883a]
V  [jvm.dll+0x179eef]
V  [jvm.dll+0x1789ea]
V  [jvm.dll+0x97fb0]
V  [jvm.dll+0x992a1]
V  [jvm.dll+0x9b020]
V  [jvm.dll+0x9b489]
V  [jvm.dll+0x9a27f]
V  [jvm.dll+0xa64b2]
V  [jvm.dll+0x98e73]
V  [jvm.dll+0x92e25]
V  [jvm.dll+0x1b81c6]
V  [jvm.dll+0x18292b]
V  [jvm.dll+0x181d31]
V  [jvm.dll+0x182147]
V  [jvm.dll+0x182342]
V  [jvm.dll+0x1c1ed6]
C  [msvcr100.dll+0x5c556]
C  [msvcr100.dll+0x5c600]
C  [kernel32.dll+0x51174]
C  [ntdll.dll+0x5b3f5]
C  [ntdll.dll+0x5b3c8]

VM_Operation (0x0053ee58): GenCollectForAllocation, mode: safepoint, requested by thread 0x007bbc00


---------------  P R O C E S S  ---------------

Java Threads: ( => current thread )
  0x44e43c00 JavaThread "pool-1-thread-1" [_thread_blocked, id=1328, stack(0x46880000,0x468d0000)]
  0x4465c400 JavaThread "pool-2-thread-4" [_thread_blocked, id=5028, stack(0x44c00000,0x44c50000)]
  0x44655800 JavaThread "pool-2-thread-3" [_thread_blocked, id=5312, stack(0x44b80000,0x44bd0000)]
  0x44654800 JavaThread "pool-2-thread-2" [_thread_blocked, id=6016, stack(0x006d0000,0x00720000)]
  0x44632000 JavaThread "pool-3-thread-1" [_thread_blocked, id=3012, stack(0x44b30000,0x44b80000)]
  0x4462d800 JavaThread "pool-2-thread-1" [_thread_blocked, id=5596, stack(0x44a10000,0x44a60000)]
  0x444ecc00 JavaThread "Service Thread" daemon [_thread_blocked, id=3196, stack(0x449c0000,0x44a10000)]
  0x444da000 JavaThread "C1 CompilerThread0" daemon [_thread_blocked, id=4080, stack(0x44930000,0x44980000)]
  0x444d9000 JavaThread "Attach Listener" daemon [_thread_blocked, id=4112, stack(0x447f0000,0x44840000)]
  0x444d6000 JavaThread "Signal Dispatcher" daemon [_thread_blocked, id=2260, stack(0x448a0000,0x448f0000)]
  0x444b6c00 JavaThread "Finalizer" daemon [_thread_blocked, id=2876, stack(0x44780000,0x447d0000)]
  0x44490400 JavaThread "Reference Handler" daemon [_thread_blocked, id=3852, stack(0x00740000,0x00790000)]
  0x007bbc00 JavaThread "main" [_thread_blocked, id=5172, stack(0x004f0000,0x00540000)]

Other Threads:
=>0x4448a800 VMThread [stack: 0x44680000,0x446d0000] [id=4636]
  0x444cf800 WatcherThread [stack: 0x007c0000,0x00810000] [id=5900]

VM state:at safepoint (normal execution)

VM Mutex/Monitor currently owned by a thread:  ([mutex/lock_event])
[0x007ba230] Threads_lock - owner thread: 0x4448a800
[0x007ba640] Heap_lock - owner thread: 0x007bbc00

Heap:
 def new generation   total 314560K, used 314559K [0x03e00000, 0x19350000, 0x19350000)
  eden space 279616K, 100% used [0x03e00000, 0x14f10000, 0x14f10000)
  from space 34944K,  99% used [0x17130000, 0x1934fff8, 0x19350000)
  to   space 34944K,   0% used [0x14f10000, 0x14f10000, 0x17130000)
 tenured generation   total 699072K, used 699071K [0x19350000, 0x43e00000, 0x43e00000)
   the space 699072K,  99% used [0x19350000, 0x43dffff8, 0x43e00000, 0x43e00000)
 Metaspace       used 3584K, capacity 3598K, committed 3648K, reserved 4480K

Card table byte_map: [0x43e00000,0x44010000] byte_map_base: 0x43de1000

Polling page: 0x00260000

CodeCache: size=32768Kb used=3800Kb max_used=3800Kb free=28967Kb
 bounds [0x01c30000, 0x01fe8000, 0x03c30000]
 total_blobs=2029 nmethods=1882 adapters=77
 compilation: enabled

Compilation events (10 events):
Event: 39.800 Thread 0x444da000 1894             com.android.dx.dex.file.TypeListItem::addContents (47 bytes)
Event: 39.800 Thread 0x444da000 nmethod 1894 0x01fe5c88 code [0x01fe5db0, 0x01fe5ec4]
Event: 39.847 Thread 0x444da000 1895             com.android.dx.dex.file.TypeIdItem::addContents (16 bytes)
Event: 39.848 Thread 0x444da000 nmethod 1895 0x01fe6008 code [0x01fe6130, 0x01fe6354]
Event: 39.848 Thread 0x444da000 1896             com.android.dx.dex.file.IdItem::getDefiningClass (5 bytes)
Event: 39.848 Thread 0x444da000 nmethod 1896 0x01fe6588 code [0x01fe6680, 0x01fe6700]
Event: 39.848 Thread 0x444da000 1897             com.android.dx.rop.cst.CstType::getDescriptor (30 bytes)
Event: 39.849 Thread 0x444da000 nmethod 1897 0x01fe6748 code [0x01fe6850, 0x01fe695c]
Event: 39.915 Thread 0x444da000 1898             com.android.dx.dex.code.OddSpacer::<init> (9 bytes)
Event: 39.916 Thread 0x444da000 nmethod 1898 0x01fe6a08 code [0x01fe6b10, 0x01fe6bac]

GC Heap History (10 events):
Event: 28.404 GC heap after
Heap after GC invocations=106 (full 12):
 def new generation   total 314560K, used 0K [0x03e00000, 0x19350000, 0x19350000)
  eden space 279616K,   0% used [0x03e00000, 0x03e00000, 0x14f10000)
  from space 34944K,   0% used [0x17130000, 0x17130000, 0x19350000)
  to   space 34944K,   0% used [0x14f10000, 0x14f10000, 0x17130000)
 tenured generation   total 699072K, used 673878K [0x19350000, 0x43e00000, 0x43e00000)
   the space 699072K,  96% used [0x19350000, 0x42565948, 0x42565a00, 0x43e00000)
 Metaspace       used 3551K, capacity 3598K, committed 3648K, reserved 4480K
}
Event: 29.025 GC heap before
{Heap before GC invocations=106 (full 12):
 def new generation   total 314560K, used 279616K [0x03e00000, 0x19350000, 0x19350000)
  eden space 279616K, 100% used [0x03e00000, 0x14f10000, 0x14f10000)
  from space 34944K,   0% used [0x17130000, 0x17130000, 0x19350000)
  to   space 34944K,   0% used [0x14f10000, 0x14f10000, 0x17130000)
 tenured generation   total 699072K, used 673878K [0x19350000, 0x43e00000, 0x43e00000)
   the space 699072K,  96% used [0x19350000, 0x42565948, 0x42565a00, 0x43e00000)
 Metaspace       used 3551K, capacity 3598K, committed 3648K, reserved 4480K
Event: 30.746 GC heap after
Heap after GC invocations=107 (full 13):
 def new generation   total 314560K, used 14605K [0x03e00000, 0x19350000, 0x19350000)
  eden space 279616K,   5% used [0x03e00000, 0x04c436a0, 0x14f10000)
  from space 34944K,   0% used [0x17130000, 0x17130000, 0x19350000)
  to   space 34944K,   0% used [0x14f10000, 0x14f10000, 0x17130000)
 tenured generation   total 699072K, used 699072K [0x19350000, 0x43e00000, 0x43e00000)
   the space 699072K, 100% used [0x19350000, 0x43e00000, 0x43e00000, 0x43e00000)
 Metaspace       used 3551K, capacity 3598K, committed 3648K, reserved 4480K
}
Event: 31.714 GC heap before
{Heap before GC invocations=107 (full 13):
 def new generation   total 314560K, used 314560K [0x03e00000, 0x19350000, 0x19350000)
  eden space 279616K, 100% used [0x03e00000, 0x14f10000, 0x14f10000)
  from space 34944K, 100% used [0x17130000, 0x19350000, 0x19350000)
  to   space 34944K,   0% used [0x14f10000, 0x14f10000, 0x17130000)
 tenured generation   total 699072K, used 699072K [0x19350000, 0x43e00000, 0x43e00000)
   the space 699072K, 100% used [0x19350000, 0x43e00000, 0x43e00000, 0x43e00000)
 Metaspace       used 3580K, capacity 3598K, committed 3648K, reserved 4480K
Event: 33.528 GC heap after
Heap after GC invocations=108 (full 14):
 def new generation   total 314560K, used 55668K [0x03e00000, 0x19350000, 0x19350000)
  eden space 279616K,  19% used [0x03e00000, 0x0745d170, 0x14f10000)
  from space 34944K,   0% used [0x17130000, 0x17130000, 0x19350000)
  to   space 34944K,   0% used [0x14f10000, 0x14f10000, 0x17130000)
 tenured generation   total 699072K, used 699072K [0x19350000, 0x43e00000, 0x43e00000)
   the space 699072K, 100% used [0x19350000, 0x43e00000, 0x43e00000, 0x43e00000)
 Metaspace       used 3580K, capacity 3598K, committed 3648K, reserved 4480K
}
Event: 34.332 GC heap before
{Heap before GC invocations=108 (full 14):
 def new generation   total 314560K, used 314560K [0x03e00000, 0x19350000, 0x19350000)
  eden space 279616K, 100% used [0x03e00000, 0x14f10000, 0x14f10000)
  from space 34944K, 100% used [0x17130000, 0x19350000, 0x19350000)
  to   space 34944K,   0% used [0x14f10000, 0x14f10000, 0x17130000)
 tenured generation   total 699072K, used 699072K [0x19350000, 0x43e00000, 0x43e00000)
   the space 699072K, 100% used [0x19350000, 0x43e00000, 0x43e00000, 0x43e00000)
 Metaspace       used 3580K, capacity 3598K, committed 3648K, reserved 4480K
Event: 36.226 GC heap after
Heap after GC invocations=109 (full 15):
 def new generation   total 314560K, used 88842K [0x03e00000, 0x19350000, 0x19350000)
  eden space 279616K,  31% used [0x03e00000, 0x094c2898, 0x14f10000)
  from space 34944K,   0% used [0x17130000, 0x17130000, 0x19350000)
  to   space 34944K,   0% used [0x14f10000, 0x14f10000, 0x17130000)
 tenured generation   total 699072K, used 699072K [0x19350000, 0x43e00000, 0x43e00000)
   the space 699072K, 100% used [0x19350000, 0x43e00000, 0x43e00000, 0x43e00000)
 Metaspace       used 3580K, capacity 3598K, committed 3648K, reserved 4480K
}
Event: 36.937 GC heap before
{Heap before GC invocations=109 (full 15):
 def new generation   total 314560K, used 314560K [0x03e00000, 0x19350000, 0x19350000)
  eden space 279616K, 100% used [0x03e00000, 0x14f10000, 0x14f10000)
  from space 34944K, 100% used [0x17130000, 0x19350000, 0x19350000)
  to   space 34944K,   0% used [0x14f10000, 0x14f10000, 0x17130000)
 tenured generation   total 699072K, used 699072K [0x19350000, 0x43e00000, 0x43e00000)
   the space 699072K, 100% used [0x19350000, 0x43e00000, 0x43e00000, 0x43e00000)
 Metaspace       used 3584K, capacity 3598K, committed 3648K, reserved 4480K
Event: 39.339 GC heap after
Heap after GC invocations=110 (full 16):
 def new generation   total 314560K, used 104958K [0x03e00000, 0x19350000, 0x19350000)
  eden space 279616K,  37% used [0x03e00000, 0x0a47f888, 0x14f10000)
  from space 34944K,   0% used [0x17130000, 0x17130000, 0x19350000)
  to   space 34944K,   0% used [0x14f10000, 0x14f10000, 0x17130000)
 tenured generation   total 699072K, used 699071K [0x19350000, 0x43e00000, 0x43e00000)
   the space 699072K,  99% used [0x19350000, 0x43dffe68, 0x43e00000, 0x43e00000)
 Metaspace       used 3584K, capacity 3598K, committed 3648K, reserved 4480K
}
Event: 39.972 GC heap before
{Heap before GC invocations=110 (full 16):
 def new generation   total 314560K, used 314559K [0x03e00000, 0x19350000, 0x19350000)
  eden space 279616K, 100% used [0x03e00000, 0x14f10000, 0x14f10000)
  from space 34944K,  99% used [0x17130000, 0x1934fff8, 0x19350000)
  to   space 34944K,   0% used [0x14f10000, 0x14f10000, 0x17130000)
 tenured generation   total 699072K, used 699071K [0x19350000, 0x43e00000, 0x43e00000)
   the space 699072K,  99% used [0x19350000, 0x43dffff8, 0x43e00000, 0x43e00000)
 Metaspace       used 3584K, capacity 3598K, committed 3648K, reserved 4480K

Deoptimization events (0 events):
No events

Internal exceptions (5 events):
Event: 0.026 Thread 0x007bbc00 Exception <a 'java/lang/NoSuchMethodError': Method sun.misc.Unsafe.defineClass(Ljava/lang/String;[BII)Ljava/lang/Class; name or signature does not match> (0x03e06ea8) thrown at [C:\re\workspace\8-2-build-windows-i586-cygwin\jdk8u101\7261\hotspot\src\share\bÞËÅüÕš?
Event: 0.026 Thread 0x007bbc00 Exception <a 'java/lang/NoSuchMethodError': Method sun.misc.Unsafe.prefetchRead(Ljava/lang/Object;J)V name or signature does not match> (0x03e07178) thrown at [C:\re\workspace\8-2-build-windows-i586-cygwin\jdk8u101\7261\hotspot\src\share\vm\prims\jni.cpp, Í}ÇƒÂ†ë?
Event: 0.860 Thread 0x4462d800 Exception <a 'java/lang/ArrayIndexOutOfBoundsException': 18> (0x04347db8) thrown at [C:\re\workspace\8-2-build-windows-i586-cygwin\jdk8u101\7261\hotspot\src\share\vm\interpreter\interpreterRuntime.cpp, line 366]
Event: 0.860 Thread 0x4462d800 Exception <a 'java/lang/ArrayIndexOutOfBoundsException': 145> (0x04349658) thrown at [C:\re\workspace\8-2-build-windows-i586-cygwin\jdk8u101\7261\hotspot\src\share\vm\interpreter\interpreterRuntime.cpp, line 366]
Event: 0.861 Thread 0x4462d800 Exception <a 'java/lang/ArrayIndexOutOfBoundsException': 40> (0x04379bc0) thrown at [C:\re\workspace\8-2-build-windows-i586-cygwin\jdk8u101\7261\hotspot\src\share\vm\interpreter\interpreterRuntime.cpp, line 366]

Events (10 events):
Event: 31.386 loading class com/android/dx/dex/file/CatchStructs done
Event: 31.714 Executing VM operation: GenCollectForAllocation
Event: 33.528 Executing VM operation: GenCollectForAllocation done
Event: 34.332 Executing VM operation: GenCollectForAllocation
Event: 36.226 Executing VM operation: GenCollectForAllocation done
Event: 36.682 loading class com/android/dx/dex/file/ProtoIdItem
Event: 36.682 loading class com/android/dx/dex/file/ProtoIdItem done
Event: 36.937 Executing VM operation: GenCollectForAllocation
Event: 39.339 Executing VM operation: GenCollectForAllocation done
Event: 39.971 Executing VM operation: GenCollectForAllocation


Dynamic libraries:
0x00820000 - 0x00853000 	C:\Program Files\Java\jdk1.8.0_101\bin\java.exe
0x77610000 - 0x7774c000 	C:\Windows\SYSTEM32\ntdll.dll
0x76310000 - 0x763e4000 	C:\Windows\system32\kernel32.dll
0x75a10000 - 0x75a5a000 	C:\Windows\system32\KERNELBASE.dll
0x75a60000 - 0x75b00000 	C:\Windows\system32\ADVAPI32.dll
0x76730000 - 0x767dc000 	C:\Windows\system32\msvcrt.dll
0x767e0000 - 0x767f9000 	C:\Windows\SYSTEM32\sechost.dll
0x76500000 - 0x765a1000 	C:\Windows\system32\RPCRT4.dll
0x77760000 - 0x77829000 	C:\Windows\system32\USER32.dll
0x762c0000 - 0x7630e000 	C:\Windows\system32\GDI32.dll
0x75dd0000 - 0x75dda000 	C:\Windows\system32\LPK.dll
0x76110000 - 0x761ad000 	C:\Windows\system32\USP10.dll
0x741d0000 - 0x7436e000 	C:\Windows\WinSxS\x86_microsoft.windows.common-controls_6595b64144ccf1df_6.0.7600.16385_none_421189da2b7fabfc\COMCTL32.dll
0x763f0000 - 0x76447000 	C:\Windows\system32\SHLWAPI.dll
0x764e0000 - 0x764ff000 	C:\Windows\system32\IMM32.DLL
0x75b00000 - 0x75bcc000 	C:\Windows\system32\MSCTF.dll
0x52b10000 - 0x52bcf000 	C:\Program Files\Java\jdk1.8.0_101\jre\bin\msvcr100.dll
0x52740000 - 0x52b0c000 	C:\Program Files\Java\jdk1.8.0_101\jre\bin\client\jvm.dll
0x70d00000 - 0x70d07000 	C:\Windows\system32\WSOCK32.dll
0x766f0000 - 0x76725000 	C:\Windows\system32\WS2_32.dll
0x77750000 - 0x77756000 	C:\Windows\system32\NSI.dll
0x70de0000 - 0x70e12000 	C:\Windows\system32\WINMM.dll
0x74c60000 - 0x74c69000 	C:\Windows\system32\VERSION.dll
0x77830000 - 0x77835000 	C:\Windows\system32\PSAPI.DLL
0x60b30000 - 0x60b3c000 	C:\Program Files\Java\jdk1.8.0_101\jre\bin\verify.dll
0x60b00000 - 0x60b21000 	C:\Program Files\Java\jdk1.8.0_101\jre\bin\java.dll
0x60ae0000 - 0x60af3000 	C:\Program Files\Java\jdk1.8.0_101\jre\bin\zip.dll
0x769c0000 - 0x77609000 	C:\Windows\system32\SHELL32.dll
0x76800000 - 0x7695c000 	C:\Windows\system32\ole32.dll
0x75760000 - 0x7576b000 	C:\Windows\system32\profapi.dll
0x73430000 - 0x7351b000 	C:\Windows\system32\dbghelp.dll

VM Arguments:
jvm_args: -Djava.awt.headless=true -Xmx1024M -Dfile.encoding=windows-1252 -Duser.country=US -Duser.language=en -Duser.variant 
java_command: com.android.dx.command.Main --dex --num-threads=4 --multi-dex --main-dex-list E:\SandeepProjectResources\MobipugNew\Mobipug27.10.18\MobipugSource\app\build\intermediates\multi-dex\debug\maindexlist.txt --output E:\SandeepProjectResources\MobipugNew\Mobipug27.10.18\MobipugSource\app\build\intermediates\transforms\dex\debug\folders\1000\1f\main E:\SandeepProjectResources\MobipugNew\Mobipug27.10.18\MobipugSource\app\build\intermediates\transforms\jarMerging\debug\jars\1\1f\combined.jar
java_class_path (initial): C:\Users\android-4\AppData\Local\Android\Sdk\build-tools\26.0.2\lib\dx.jar
Launcher Type: SUN_STANDARD

Environment Variables:
PATH=C:\ProgramData\Oracle\Java\javapath;C:\Windows\system32;C:\Windows;C:\Windows\System32\Wbem;C:\Windows\System32\WindowsPowerShell\v1.0\;C:\Program Files\Intel\OpenCL SDK\2.0\bin\x86;C:\Program Files\Skype\Phone\
USERNAME=android-4
OS=Windows_NT
PROCESSOR_IDENTIFIER=x86 Family 6 Model 42 Stepping 7, GenuineIntel



---------------  S Y S T E M  ---------------

OS: Windows 7 Build 7600 (6.1.7600.16385)

CPU:total 4 (2 cores per cpu, 2 threads per core) family 6 model 42 stepping 7, cmov, cx8, fxsr, mmx, sse, sse2, sse3, ssse3, sse4.1, sse4.2, popcnt, clmul, ht, tsc, tscinvbit

Memory: 4k page, physical 3578328k(267764k free), swap 24056564k(18756356k free)

vm_info: Java HotSpot(TM) Client VM (25.101-b13) for windows-x86 JRE (1.8.0_101-b13), built on Jun 22 2016 00:45:44 by "java_re" with MS VC++ 10.0 (VS2010)

time: Thu Nov 15 18:36:35 2018
elapsed time: 40 seconds (0d 0h 0m 40s)

