#
# A fatal error has been detected by the Java Runtime Environment:
#
#  EXCEPTION_ACCESS_VIOLATION (0xc0000005) at pc=0x77cb1ed7, pid=4140, tid=0x00000fa0
#
# JRE version: Java(TM) SE Runtime Environment (8.0_101-b13) (build 1.8.0_101-b13)
# Java VM: Java HotSpot(TM) Client VM (25.101-b13 mixed mode windows-x86 )
# Problematic frame:
# C  [msvcr100.dll+0x1ed7]
#
# Failed to write core dump. Minidumps are not enabled by default on client versions of Windows
#
# If you would like to submit a bug report, please visit:
#   http://bugreport.java.com/bugreport/crash.jsp
#

---------------  T H R E A D  ---------------

Current thread (0x445ea800):  VMThread [stack: 0x01930000,0x01980000] [id=4000]

siginfo: ExceptionCode=0xc0000005, reading address 0x08d80000

Registers:
EAX=0x0a1fde28, EBX=0x00736b54, ECX=0x0051f78a, EDX=0x00000000
ESP=0x0197f110, EBP=0x0197f118, ESI=0x08d80000, EDI=0x20efd748
EIP=0x77cb1ed7, EFLAGS=0x00010212

Top of Stack: (sp=0x0197f110)
0x0197f110:   00904050 206a0820 0197f138 6c8da86d
0x0197f120:   206a0820 085230d8 01cdad50 085230d8
0x0197f130:   00901c88 00736b54 0197f158 6c8d561b
0x0197f140:   085230d8 00736b54 0197f274 20611f8c
0x0197f150:   0000009e 00901c88 0197f170 6c91132d
0x0197f160:   085230d8 206459d0 20611f10 0197f274
0x0197f170:   0197f190 6c8e518f 20612184 0197f274
0x0197f180:   00904050 0197f274 008ff210 00904170 

Instructions: (pc=0x77cb1ed7)
0x77cb1eb7:   e6 0f 3b fe 5e 5f 75 05 e9 35 eb 00 00 f7 c7 03
0x77cb1ec7:   00 00 00 75 14 c1 e9 02 83 e2 03 83 f9 08 72 29
0x77cb1ed7:   f3 a5 ff 24 95 f0 1f cb 77 8b c7 ba 03 00 00 00
0x77cb1ee7:   83 e9 04 72 0c 83 e0 03 03 c8 ff 24 85 04 1f cb 


Register to memory mapping:

EAX=0x0a1fde28 is an unallocated location in the heap
EBX=0x00736b54 is an unknown value
ECX=0x0051f78a is an unknown value
EDX=0x00000000 is an unknown value
ESP=0x0197f110 is an unknown value
EBP=0x0197f118 is an unknown value
ESI=0x08d80000 is an unallocated location in the heap
EDI=0x20efd748 is pointing into object: 0x206a0820

[error occurred during error reporting (printing register info), id 0xc0000005]

Stack: [0x01930000,0x01980000],  sp=0x0197f110,  free space=316k
Native frames: (J=compiled Java code, j=interpreted, Vv=VM code, C=native code)
C  [msvcr100.dll+0x1ed7]
V  [jvm.dll+0x9a86d]
V  [jvm.dll+0x9561b]
V  [jvm.dll+0xd132d]
V  [jvm.dll+0xa518f]
V  [jvm.dll+0x9a531]
V  [jvm.dll+0x98207]
V  [jvm.dll+0x941d7]
V  [jvm.dll+0x98e73]
V  [jvm.dll+0x92e25]
V  [jvm.dll+0x1b81c6]
V  [jvm.dll+0x18292b]
V  [jvm.dll+0x181d31]
V  [jvm.dll+0x182147]
V  [jvm.dll+0x182342]
V  [jvm.dll+0x1c1ed6]
C  [msvcr100.dll+0x5c556]
C  [msvcr100.dll+0x5c600]
C  [kernel32.dll+0x51174]
C  [ntdll.dll+0x5b3f5]
C  [ntdll.dll+0x5b3c8]

VM_Operation (0x0022ead8): GenCollectForAllocation, mode: safepoint, requested by thread 0x447a1400


---------------  P R O C E S S  ---------------

Java Threads: ( => current thread )
  0x447ce800 JavaThread "pool-2-thread-4" [_thread_blocked, id=3388, stack(0x44fc0000,0x45010000)]
  0x447ca800 JavaThread "pool-2-thread-3" [_thread_blocked, id=1020, stack(0x44920000,0x44970000)]
  0x447a1400 JavaThread "pool-2-thread-2" [_thread_blocked, id=944, stack(0x001e0000,0x00230000)]
  0x447a1000 JavaThread "pool-3-thread-1" [_thread_blocked, id=3820, stack(0x44b70000,0x44bc0000)]
  0x4479cc00 JavaThread "pool-2-thread-1" [_thread_blocked, id=5976, stack(0x449e0000,0x44a30000)]
  0x4464c000 JavaThread "Service Thread" daemon [_thread_blocked, id=4676, stack(0x44a40000,0x44a90000)]
  0x44639c00 JavaThread "C1 CompilerThread0" daemon [_thread_blocked, id=4540, stack(0x01730000,0x01780000)]
  0x44638c00 JavaThread "Attach Listener" daemon [_thread_blocked, id=1996, stack(0x44990000,0x449e0000)]
  0x44636000 JavaThread "Signal Dispatcher" daemon [_thread_blocked, id=4780, stack(0x018d0000,0x01920000)]
  0x44616c00 JavaThread "Finalizer" daemon [_thread_blocked, id=5580, stack(0x447f0000,0x44840000)]
  0x445f0400 JavaThread "Reference Handler" daemon [_thread_blocked, id=3344, stack(0x03d70000,0x03dc0000)]
  0x017dbc00 JavaThread "main" [_thread_blocked, id=2452, stack(0x01840000,0x01890000)]

Other Threads:
=>0x445ea800 VMThread [stack: 0x01930000,0x01980000] [id=4000]
  0x44633800 WatcherThread [stack: 0x03ce0000,0x03d30000] [id=1876]

VM state:at safepoint (normal execution)

VM Mutex/Monitor currently owned by a thread:  ([mutex/lock_event])
[0x017da230] Threads_lock - owner thread: 0x445ea800
[0x017da640] Heap_lock - owner thread: 0x447a1400

Heap:
 def new generation   total 73280K, used 73280K [0x03e00000, 0x08d80000, 0x19350000)
  eden space 65152K, 100% used [0x03e00000, 0x07da0000, 0x07da0000)
  from space 8128K, 100% used [0x07da0000, 0x08590000, 0x08590000)
  to   space 8128K,  58% used [0x08590000, 0x08a2ba98, 0x08d80000)
 tenured generation   total 162736K, used 147629K [0x19350000, 0x2323c000, 0x43e00000)
   the space 162736K,  90% used [0x19350000, 0x2237b570, 0x2237b600, 0x2323c000)
 Metaspace       used 3544K, capacity 3566K, committed 3648K, reserved 4480K

Card table byte_map: [0x43e00000,0x44010000] byte_map_base: 0x43de1000

Polling page: 0x00150000

CodeCache: size=32768Kb used=3104Kb max_used=3104Kb free=29663Kb
 bounds [0x01cd0000, 0x01fe0000, 0x03cd0000]
 total_blobs=1594 nmethods=1447 adapters=77
 compilation: enabled

Compilation events (10 events):
Event: 3.330 Thread 0x44639c00 1445             java.util.concurrent.ThreadPoolExecutor$Worker::unlock (7 bytes)
Event: 3.330 Thread 0x44639c00 nmethod 1445 0x01fd7348 code [0x01fd7450, 0x01fd751c]
Event: 3.330 Thread 0x44639c00 1446             java.util.concurrent.ThreadPoolExecutor$Worker::tryRelease (12 bytes)
Event: 3.330 Thread 0x44639c00 nmethod 1446 0x01fd75c8 code [0x01fd76c0, 0x01fd7760]
Event: 3.330 Thread 0x44639c00 1447             java.util.concurrent.ThreadPoolExecutor$Worker::lock (6 bytes)
Event: 3.331 Thread 0x44639c00 nmethod 1447 0x01fd77c8 code [0x01fd78e0, 0x01fd7a34]
Event: 3.331 Thread 0x44639c00 1448             java.util.concurrent.ThreadPoolExecutor$Worker::tryAcquire (20 bytes)
Event: 3.331 Thread 0x44639c00 nmethod 1448 0x01fd7b48 code [0x01fd7c40, 0x01fd7d20]
Event: 3.360 Thread 0x44639c00 1449             java.util.concurrent.locks.AbstractQueuedSynchronizer::acquireInterruptibly (28 bytes)
Event: 3.361 Thread 0x44639c00 nmethod 1449 0x01fd7d88 code [0x01fd7eb0, 0x01fd8020]

GC Heap History (10 events):
Event: 2.502 GC heap after
Heap after GC invocations=72 (full 4):
 def new generation   total 41728K, used 4607K [0x03e00000, 0x06b40000, 0x19350000)
  eden space 37120K,   0% used [0x03e00000, 0x03e00000, 0x06240000)
  from space 4608K,  99% used [0x066c0000, 0x06b3fff8, 0x06b40000)
  to   space 4608K,   0% used [0x06240000, 0x06240000, 0x066c0000)
 tenured generation   total 92524K, used 87212K [0x19350000, 0x1edab000, 0x43e00000)
   the space 92524K,  94% used [0x19350000, 0x1e87b340, 0x1e87b400, 0x1edab000)
 Metaspace       used 3544K, capacity 3566K, committed 3648K, reserved 4480K
}
Event: 2.564 GC heap before
{Heap before GC invocations=72 (full 4):
 def new generation   total 41728K, used 41727K [0x03e00000, 0x06b40000, 0x19350000)
  eden space 37120K, 100% used [0x03e00000, 0x06240000, 0x06240000)
  from space 4608K,  99% used [0x066c0000, 0x06b3fff8, 0x06b40000)
  to   space 4608K,   0% used [0x06240000, 0x06240000, 0x066c0000)
 tenured generation   total 92524K, used 87212K [0x19350000, 0x1edab000, 0x43e00000)
   the space 92524K,  94% used [0x19350000, 0x1e87b340, 0x1e87b400, 0x1edab000)
 Metaspace       used 3544K, capacity 3566K, committed 3648K, reserved 4480K
Event: 2.591 GC heap after
Heap after GC invocations=73 (full 4):
 def new generation   total 41728K, used 4607K [0x03e00000, 0x06b40000, 0x19350000)
  eden space 37120K,   0% used [0x03e00000, 0x03e00000, 0x06240000)
  from space 4608K,  99% used [0x06240000, 0x066bfff8, 0x066c0000)
  to   space 4608K,   0% used [0x066c0000, 0x066c0000, 0x06b40000)
 tenured generation   total 92524K, used 92248K [0x19350000, 0x1edab000, 0x43e00000)
   the space 92524K,  99% used [0x19350000, 0x1ed661c8, 0x1ed66200, 0x1edab000)
 Metaspace       used 3544K, capacity 3566K, committed 3648K, reserved 4480K
}
Event: 2.647 GC heap before
{Heap before GC invocations=73 (full 4):
 def new generation   total 41728K, used 41727K [0x03e00000, 0x06b40000, 0x19350000)
  eden space 37120K, 100% used [0x03e00000, 0x06240000, 0x06240000)
  from space 4608K,  99% used [0x06240000, 0x066bfff8, 0x066c0000)
  to   space 4608K,   0% used [0x066c0000, 0x066c0000, 0x06b40000)
 tenured generation   total 92524K, used 92248K [0x19350000, 0x1edab000, 0x43e00000)
   the space 92524K,  99% used [0x19350000, 0x1ed661c8, 0x1ed66200, 0x1edab000)
 Metaspace       used 3544K, capacity 3566K, committed 3648K, reserved 4480K
Event: 2.895 GC heap after
Heap after GC invocations=74 (full 5):
 def new generation   total 73280K, used 4592K [0x03e00000, 0x08d80000, 0x19350000)
  eden space 65152K,   7% used [0x03e00000, 0x0427c1c8, 0x07da0000)
  from space 8128K,   0% used [0x07da0000, 0x07da0000, 0x08590000)
  to   space 8128K,   0% used [0x08590000, 0x08590000, 0x08d80000)
 tenured generation   total 162736K, used 97639K [0x19350000, 0x2323c000, 0x43e00000)
   the space 162736K,  59% used [0x19350000, 0x1f2a9eb0, 0x1f2aa000, 0x2323c000)
 Metaspace       used 3544K, capacity 3566K, committed 3648K, reserved 4480K
}
Event: 3.013 GC heap before
{Heap before GC invocations=74 (full 5):
 def new generation   total 73280K, used 65152K [0x03e00000, 0x08d80000, 0x19350000)
  eden space 65152K, 100% used [0x03e00000, 0x07da0000, 0x07da0000)
  from space 8128K,   0% used [0x07da0000, 0x07da0000, 0x08590000)
  to   space 8128K,   0% used [0x08590000, 0x08590000, 0x08d80000)
 tenured generation   total 162736K, used 97639K [0x19350000, 0x2323c000, 0x43e00000)
   the space 162736K,  59% used [0x19350000, 0x1f2a9eb0, 0x1f2aa000, 0x2323c000)
 Metaspace       used 3544K, capacity 3566K, committed 3648K, reserved 4480K
Event: 3.096 GC heap after
Heap after GC invocations=75 (full 5):
 def new generation   total 73280K, used 8127K [0x03e00000, 0x08d80000, 0x19350000)
  eden space 65152K,   0% used [0x03e00000, 0x03e00000, 0x07da0000)
  from space 8128K,  99% used [0x08590000, 0x08d7fff8, 0x08d80000)
  to   space 8128K,   0% used [0x07da0000, 0x07da0000, 0x08590000)
 tenured generation   total 162736K, used 103487K [0x19350000, 0x2323c000, 0x43e00000)
   the space 162736K,  63% used [0x19350000, 0x1f85ffe0, 0x1f860000, 0x2323c000)
 Metaspace       used 3544K, capacity 3566K, committed 3648K, reserved 4480K
}
Event: 3.199 GC heap before
{Heap before GC invocations=75 (full 5):
 def new generation   total 73280K, used 73279K [0x03e00000, 0x08d80000, 0x19350000)
  eden space 65152K, 100% used [0x03e00000, 0x07da0000, 0x07da0000)
  from space 8128K,  99% used [0x08590000, 0x08d7fff8, 0x08d80000)
  to   space 8128K,   0% used [0x07da0000, 0x07da0000, 0x08590000)
 tenured generation   total 162736K, used 103487K [0x19350000, 0x2323c000, 0x43e00000)
   the space 162736K,  63% used [0x19350000, 0x1f85ffe0, 0x1f860000, 0x2323c000)
 Metaspace       used 3544K, capacity 3566K, committed 3648K, reserved 4480K
Event: 3.251 GC heap after
Heap after GC invocations=76 (full 5):
 def new generation   total 73280K, used 8128K [0x03e00000, 0x08d80000, 0x19350000)
  eden space 65152K,   0% used [0x03e00000, 0x03e00000, 0x07da0000)
  from space 8128K, 100% used [0x07da0000, 0x08590000, 0x08590000)
  to   space 8128K,   0% used [0x08590000, 0x08590000, 0x08d80000)
 tenured generation   total 162736K, used 115112K [0x19350000, 0x2323c000, 0x43e00000)
   the space 162736K,  70% used [0x19350000, 0x203ba240, 0x203ba400, 0x2323c000)
 Metaspace       used 3544K, capacity 3566K, committed 3648K, reserved 4480K
}
Event: 3.365 GC heap before
{Heap before GC invocations=76 (full 5):
 def new generation   total 73280K, used 73280K [0x03e00000, 0x08d80000, 0x19350000)
  eden space 65152K, 100% used [0x03e00000, 0x07da0000, 0x07da0000)
  from space 8128K, 100% used [0x07da0000, 0x08590000, 0x08590000)
  to   space 8128K,   0% used [0x08590000, 0x08590000, 0x08d80000)
 tenured generation   total 162736K, used 115112K [0x19350000, 0x2323c000, 0x43e00000)
   the space 162736K,  70% used [0x19350000, 0x203ba240, 0x203ba400, 0x2323c000)
 Metaspace       used 3544K, capacity 3566K, committed 3648K, reserved 4480K

Deoptimization events (0 events):
No events

Internal exceptions (5 events):
Event: 0.025 Thread 0x017dbc00 Exception <a 'java/lang/NoSuchMethodError': Method sun.misc.Unsafe.defineClass(Ljava/lang/String;[BII)Ljava/lang/Class; name or signature does not match> (0x03e06ea8) thrown at [C:\re\workspace\8-2-build-windows-i586-cygwin\jdk8u101\7261\hotspot\src\share\˚_
∂ëô?
Event: 0.025 Thread 0x017dbc00 Exception <a 'java/lang/NoSuchMethodError': Method sun.misc.Unsafe.prefetchRead(Ljava/lang/Object;J)V name or signature does not match> (0x03e07178) thrown at [C:\re\workspace\8-2-build-windows-i586-cygwin\jdk8u101\7261\hotspot\src\share\vm\prims\jni.cpp, ˝êæº}Î?
Event: 0.859 Thread 0x4479cc00 Exception <a 'java/lang/ArrayIndexOutOfBoundsException': 18> (0x044dc508) thrown at [C:\re\workspace\8-2-build-windows-i586-cygwin\jdk8u101\7261\hotspot\src\share\vm\interpreter\interpreterRuntime.cpp, line 366]
Event: 0.859 Thread 0x4479cc00 Exception <a 'java/lang/ArrayIndexOutOfBoundsException': 145> (0x044ddda8) thrown at [C:\re\workspace\8-2-build-windows-i586-cygwin\jdk8u101\7261\hotspot\src\share\vm\interpreter\interpreterRuntime.cpp, line 366]
Event: 0.860 Thread 0x4479cc00 Exception <a 'java/lang/ArrayIndexOutOfBoundsException': 40> (0x044dee88) thrown at [C:\re\workspace\8-2-build-windows-i586-cygwin\jdk8u101\7261\hotspot\src\share\vm\interpreter\interpreterRuntime.cpp, line 366]

Events (10 events):
Event: 2.502 Executing VM operation: GenCollectForAllocation done
Event: 2.563 Executing VM operation: GenCollectForAllocation
Event: 2.591 Executing VM operation: GenCollectForAllocation done
Event: 2.647 Executing VM operation: GenCollectForAllocation
Event: 2.895 Executing VM operation: GenCollectForAllocation done
Event: 3.012 Executing VM operation: GenCollectForAllocation
Event: 3.096 Executing VM operation: GenCollectForAllocation done
Event: 3.199 Executing VM operation: GenCollectForAllocation
Event: 3.251 Executing VM operation: GenCollectForAllocation done
Event: 3.365 Executing VM operation: GenCollectForAllocation


Dynamic libraries:
0x009f0000 - 0x00a23000 	C:\Program Files\Java\jdk1.8.0_101\bin\java.exe
0x778a0000 - 0x779dc000 	C:\Windows\SYSTEM32\ntdll.dll
0x77410000 - 0x774e4000 	C:\Windows\system32\kernel32.dll
0x75ca0000 - 0x75cea000 	C:\Windows\system32\KERNELBASE.dll
0x76f00000 - 0x76fa0000 	C:\Windows\system32\ADVAPI32.dll
0x777f0000 - 0x7789c000 	C:\Windows\system32\msvcrt.dll
0x75d50000 - 0x75d69000 	C:\Windows\SYSTEM32\sechost.dll
0x770f0000 - 0x77191000 	C:\Windows\system32\RPCRT4.dll
0x76e30000 - 0x76ef9000 	C:\Windows\system32\USER32.dll
0x773c0000 - 0x7740e000 	C:\Windows\system32\GDI32.dll
0x77a40000 - 0x77a4a000 	C:\Windows\system32\LPK.dll
0x77750000 - 0x777ed000 	C:\Windows\system32\USP10.dll
0x74760000 - 0x748fe000 	C:\Windows\WinSxS\x86_microsoft.windows.common-controls_6595b64144ccf1df_6.0.7600.16385_none_421189da2b7fabfc\COMCTL32.dll
0x771a0000 - 0x771f7000 	C:\Windows\system32\SHLWAPI.dll
0x77a20000 - 0x77a3f000 	C:\Windows\system32\IMM32.DLL
0x769c0000 - 0x76a8c000 	C:\Windows\system32\MSCTF.dll
0x77cb0000 - 0x77d6f000 	C:\Program Files\Java\jdk1.8.0_101\jre\bin\msvcr100.dll
0x6c840000 - 0x6cc0c000 	C:\Program Files\Java\jdk1.8.0_101\jre\bin\client\jvm.dll
0x70f10000 - 0x70f17000 	C:\Windows\system32\WSOCK32.dll
0x75cf0000 - 0x75d25000 	C:\Windows\system32\WS2_32.dll
0x75d30000 - 0x75d36000 	C:\Windows\system32\NSI.dll
0x710d0000 - 0x71102000 	C:\Windows\system32\WINMM.dll
0x74ef0000 - 0x74ef9000 	C:\Windows\system32\VERSION.dll
0x75d40000 - 0x75d45000 	C:\Windows\system32\PSAPI.DLL
0x67480000 - 0x6748c000 	C:\Program Files\Java\jdk1.8.0_101\jre\bin\verify.dll
0x65930000 - 0x65951000 	C:\Program Files\Java\jdk1.8.0_101\jre\bin\java.dll
0x65910000 - 0x65923000 	C:\Program Files\Java\jdk1.8.0_101\jre\bin\zip.dll
0x75d70000 - 0x769b9000 	C:\Windows\system32\SHELL32.dll
0x77260000 - 0x773bc000 	C:\Windows\system32\ole32.dll
0x759f0000 - 0x759fb000 	C:\Windows\system32\profapi.dll
0x73750000 - 0x7383b000 	C:\Windows\system32\dbghelp.dll

VM Arguments:
jvm_args: -Djava.awt.headless=true -Xmx1024M -Dfile.encoding=windows-1252 -Duser.country=US -Duser.language=en -Duser.variant 
java_command: com.android.dx.command.Main --dex --num-threads=4 --multi-dex --main-dex-list E:\SandeepProjectResources\MobipugNew\Mobipug27.10.18\MobipugSource\app\build\intermediates\multi-dex\debug\maindexlist.txt --output E:\SandeepProjectResources\MobipugNew\Mobipug27.10.18\MobipugSource\app\build\intermediates\transforms\dex\debug\folders\1000\1f\main E:\SandeepProjectResources\MobipugNew\Mobipug27.10.18\MobipugSource\app\build\intermediates\transforms\jarMerging\debug\jars\1\1f\combined.jar
java_class_path (initial): C:\Users\android-4\AppData\Local\Android\Sdk\build-tools\26.0.2\lib\dx.jar
Launcher Type: SUN_STANDARD

Environment Variables:
PATH=C:\ProgramData\Oracle\Java\javapath;C:\Windows\system32;C:\Windows;C:\Windows\System32\Wbem;C:\Windows\System32\WindowsPowerShell\v1.0\;C:\Program Files\Intel\OpenCL SDK\2.0\bin\x86;C:\Program Files\Skype\Phone\
USERNAME=android-4
OS=Windows_NT
PROCESSOR_IDENTIFIER=x86 Family 6 Model 42 Stepping 7, GenuineIntel



---------------  S Y S T E M  ---------------

OS: Windows 7 Build 7600 (6.1.7600.16385)

CPU:total 4 (2 cores per cpu, 2 threads per core) family 6 model 42 stepping 7, cmov, cx8, fxsr, mmx, sse, sse2, sse3, ssse3, sse4.1, sse4.2, popcnt, clmul, ht, tsc, tscinvbit

Memory: 4k page, physical 3578328k(998076k free), swap 24056564k(20602508k free)

vm_info: Java HotSpot(TM) Client VM (25.101-b13) for windows-x86 JRE (1.8.0_101-b13), built on Jun 22 2016 00:45:44 by "java_re" with MS VC++ 10.0 (VS2010)

time: Sat Nov 17 10:56:32 2018
elapsed time: 3 seconds (0d 0h 0m 3s)

