#
# A fatal error has been detected by the Java Runtime Environment:
#
#  EXCEPTION_ACCESS_VIOLATION (0xc0000005) at pc=0x6444fa77, pid=5616, tid=0x00001138
#
# JRE version: Java(TM) SE Runtime Environment (8.0_101-b13) (build 1.8.0_101-b13)
# Java VM: Java HotSpot(TM) Client VM (25.101-b13 mixed mode windows-x86 )
# Problematic frame:
# V  [jvm.dll+0xbfa77]
#
# Failed to write core dump. Minidumps are not enabled by default on client versions of Windows
#
# If you would like to submit a bug report, please visit:
#   http://bugreport.java.com/bugreport/crash.jsp
#

---------------  T H R E A D  ---------------

Current thread (0x4428a800):  VMThread [stack: 0x44510000,0x44560000] [id=4408]

siginfo: ExceptionCode=0xc0000005, reading address 0x00000060

Registers:
EAX=0x00000000, EBX=0x272c20dc, ECX=0x00000000, EDX=0x00000000
ESP=0x4455f128, EBP=0x4455f148, ESI=0x272c20e0, EDI=0x272ed840
EIP=0x6444fa77, EFLAGS=0x00010293

Top of Stack: (sp=0x4455f128)
0x4455f128:   646f94cc 444641ec 444641e8 44073f00
0x4455f138:   272c20e0 00000003 191bb020 44073ef8
0x4455f148:   4455f168 64544db1 272c20d0 646f94cc
0x4455f158:   444641e8 444641ec 646f94cc 444641e8
0x4455f168:   4455f174 64544fac 00000003 4455f190
0x4455f178:   644e883a 444641e8 44463c00 646f94cc
0x4455f188:   00000000 444654c8 4455f378 64509eef
0x4455f198:   646f94cc 00000002 44463c00 00000000 

Instructions: (pc=0x6444fa77)
0x6444fa57:   80 3d b4 84 6e 64 00 75 0a 8b d0 80 e2 07 80 fa
0x6444fa67:   01 eb 1b 8b c8 83 e1 07 83 f9 05 74 24 8b 57 04
0x6444fa77:   8b 52 60 83 e2 07 80 fa 05 74 0c 83 f9 01 75 07
0x6444fa87:   a9 80 ff ff ff 74 0a 50 57 e8 fb 4f 0f 00 83 c4 


Register to memory mapping:

EAX=0x00000000 is an unknown value
EBX=0x272c20dc is pointing into object: 0x272c20d0
com.android.dx.rop.cst.CstString 
 - klass: 'com/android/dx/rop/cst/CstString'
ECX=0x00000000 is an unknown value
EDX=0x00000000 is an unknown value
ESP=0x4455f128 is an unknown value
EBP=0x4455f148 is an unknown value
ESI=0x272c20e0 is an oop
com.android.dx.rop.cst.CstString 
 - klass: 'com/android/dx/rop/cst/CstString'
EDI=0x272ed840 is pointing into object: 0x272ed820
com.android.dx.dex.code.DalvCode 
 - klass: 'com/android/dx/dex/code/DalvCode'


Stack: [0x44510000,0x44560000],  sp=0x4455f128,  free space=316k
Native frames: (J=compiled Java code, j=interpreted, Vv=VM code, C=native code)
V  [jvm.dll+0xbfa77]
V  [jvm.dll+0x1b4db1]
V  [jvm.dll+0x1b4fac]
V  [jvm.dll+0x15883a]
V  [jvm.dll+0x179eef]
V  [jvm.dll+0x1789ea]
V  [jvm.dll+0x97fb0]
V  [jvm.dll+0x992a1]
V  [jvm.dll+0x9b020]
V  [jvm.dll+0x9b489]
V  [jvm.dll+0x9a27f]
V  [jvm.dll+0xa64b2]
V  [jvm.dll+0x98e73]
V  [jvm.dll+0x92e25]
V  [jvm.dll+0x1b81c6]
V  [jvm.dll+0x18292b]
V  [jvm.dll+0x181d31]
V  [jvm.dll+0x182147]
V  [jvm.dll+0x182342]
V  [jvm.dll+0x1c1ed6]
C  [msvcr100.dll+0x5c556]
C  [msvcr100.dll+0x5c600]
C  [kernel32.dll+0x51174]
C  [ntdll.dll+0x5b3f5]
C  [ntdll.dll+0x5b3c8]

VM_Operation (0x44bdf088): GenCollectForAllocation, mode: safepoint, requested by thread 0x44463800


---------------  P R O C E S S  ---------------

Java Threads: ( => current thread )
  0x44463c00 JavaThread "pool-2-thread-4" [_thread_blocked, id=1588, stack(0x44bf0000,0x44c40000)]
  0x44463800 JavaThread "pool-2-thread-3" [_thread_blocked, id=320, stack(0x44b90000,0x44be0000)]
  0x44465000 JavaThread "pool-2-thread-2" [_thread_blocked, id=2908, stack(0x44ac0000,0x44b10000)]
  0x44464c00 JavaThread "pool-3-thread-1" [_thread_blocked, id=2148, stack(0x449c0000,0x44a10000)]
  0x44435400 JavaThread "pool-2-thread-1" [_thread_blocked, id=4552, stack(0x44960000,0x449b0000)]
  0x442d2000 JavaThread "Service Thread" daemon [_thread_blocked, id=2788, stack(0x447a0000,0x447f0000)]
  0x442da000 JavaThread "C1 CompilerThread0" daemon [_thread_blocked, id=4040, stack(0x44620000,0x44670000)]
  0x442d9000 JavaThread "Attach Listener" daemon [_thread_blocked, id=4892, stack(0x44850000,0x448a0000)]
  0x442d6000 JavaThread "Signal Dispatcher" daemon [_thread_blocked, id=5684, stack(0x44470000,0x444c0000)]
  0x442b6c00 JavaThread "Finalizer" daemon [_thread_blocked, id=4468, stack(0x44750000,0x447a0000)]
  0x44290400 JavaThread "Reference Handler" daemon [_thread_blocked, id=3896, stack(0x446c0000,0x44710000)]
  0x0114bc00 JavaThread "main" [_thread_blocked, id=4732, stack(0x01270000,0x012c0000)]

Other Threads:
=>0x4428a800 VMThread [stack: 0x44510000,0x44560000] [id=4408]
  0x44304c00 WatcherThread [stack: 0x448c0000,0x44910000] [id=4188]

VM state:at safepoint (normal execution)

VM Mutex/Monitor currently owned by a thread:  ([mutex/lock_event])
[0x0114a230] Threads_lock - owner thread: 0x4428a800
[0x0114a640] Heap_lock - owner thread: 0x44463800

Heap:
 def new generation   total 314560K, used 314560K [0x03c00000, 0x19150000, 0x19150000)
  eden space 279616K, 100% used [0x03c00000, 0x14d10000, 0x14d10000)
  from space 34944K, 100% used [0x14d10000, 0x16f30000, 0x16f30000)
  to   space 34944K,   0% used [0x16f30000, 0x16f30000, 0x19150000)
 tenured generation   total 699072K, used 631535K [0x19150000, 0x43c00000, 0x43c00000)
   the space 699072K,  90% used [0x19150000, 0x3fa0bcb8, 0x3fa0be00, 0x43c00000)
 Metaspace       used 3550K, capacity 3598K, committed 3648K, reserved 4480K

Card table byte_map: [0x43c00000,0x43e10000] byte_map_base: 0x43be2000

Polling page: 0x00150000

CodeCache: size=32768Kb used=3690Kb max_used=3690Kb free=29077Kb
 bounds [0x01aa0000, 0x01e40000, 0x03aa0000]
 total_blobs=1918 nmethods=1771 adapters=77
 compilation: enabled

Compilation events (10 events):
Event: 19.217 Thread 0x442da000 1769             com.android.dx.util.Bits::bitCount (29 bytes)
Event: 19.217 Thread 0x442da000 nmethod 1769 0x01e36ac8 code [0x01e36bd0, 0x01e36cac]
Event: 19.221 Thread 0x442da000 1770             com.android.dx.util.BitIntSet::iterator (9 bytes)
Event: 19.221 Thread 0x442da000 nmethod 1770 0x01e36d88 code [0x01e36e90, 0x01e36f7c]
Event: 19.315 Thread 0x442da000 1771             com.android.dx.ssa.back.RegisterAllocator::insertMoveBefore (240 bytes)
Event: 19.317 Thread 0x442da000 nmethod 1771 0x01e37008 code [0x01e372b0, 0x01e37dfc]
Event: 19.408 Thread 0x442da000 1772             com.android.dx.ssa.back.FirstFitLocalCombiningAllocator::ssaSetToSpecs (57 bytes)
Event: 19.409 Thread 0x442da000 nmethod 1772 0x01e39248 code [0x01e393e0, 0x01e397cc]
Event: 19.410 Thread 0x442da000 1773             java.util.HashMap$TreeNode::putTreeVal (314 bytes)
Event: 19.412 Thread 0x442da000 nmethod 1773 0x01e39e88 code [0x01e3a020, 0x01e3a4bc]

GC Heap History (10 events):
Event: 13.494 GC heap after
Heap after GC invocations=97 (full 7):
 def new generation   total 218624K, used 24256K [0x03c00000, 0x12930000, 0x19150000)
  eden space 194368K,   0% used [0x03c00000, 0x03c00000, 0x0f9d0000)
  from space 24256K, 100% used [0x0f9d0000, 0x11180000, 0x11180000)
  to   space 24256K,   0% used [0x11180000, 0x11180000, 0x12930000)
 tenured generation   total 485628K, used 447671K [0x19150000, 0x36b8f000, 0x43c00000)
   the space 485628K,  92% used [0x19150000, 0x3467de20, 0x3467e000, 0x36b8f000)
 Metaspace       used 3546K, capacity 3598K, committed 3648K, reserved 4480K
}
Event: 13.832 GC heap before
{Heap before GC invocations=97 (full 7):
 def new generation   total 218624K, used 218624K [0x03c00000, 0x12930000, 0x19150000)
  eden space 194368K, 100% used [0x03c00000, 0x0f9d0000, 0x0f9d0000)
  from space 24256K, 100% used [0x0f9d0000, 0x11180000, 0x11180000)
  to   space 24256K,   0% used [0x11180000, 0x11180000, 0x12930000)
 tenured generation   total 485628K, used 447671K [0x19150000, 0x36b8f000, 0x43c00000)
   the space 485628K,  92% used [0x19150000, 0x3467de20, 0x3467e000, 0x36b8f000)
 Metaspace       used 3546K, capacity 3598K, committed 3648K, reserved 4480K
Event: 13.954 GC heap after
Heap after GC invocations=98 (full 7):
 def new generation   total 218624K, used 24255K [0x03c00000, 0x12930000, 0x19150000)
  eden space 194368K,   0% used [0x03c00000, 0x03c00000, 0x0f9d0000)
  from space 24256K,  99% used [0x11180000, 0x1292fff8, 0x12930000)
  to   space 24256K,   0% used [0x0f9d0000, 0x0f9d0000, 0x11180000)
 tenured generation   total 485628K, used 471926K [0x19150000, 0x36b8f000, 0x43c00000)
   the space 485628K,  97% used [0x19150000, 0x35e2d968, 0x35e2da00, 0x36b8f000)
 Metaspace       used 3546K, capacity 3598K, committed 3648K, reserved 4480K
}
Event: 14.268 GC heap before
{Heap before GC invocations=98 (full 7):
 def new generation   total 218624K, used 218623K [0x03c00000, 0x12930000, 0x19150000)
  eden space 194368K, 100% used [0x03c00000, 0x0f9d0000, 0x0f9d0000)
  from space 24256K,  99% used [0x11180000, 0x1292fff8, 0x12930000)
  to   space 24256K,   0% used [0x0f9d0000, 0x0f9d0000, 0x11180000)
 tenured generation   total 485628K, used 471926K [0x19150000, 0x36b8f000, 0x43c00000)
   the space 485628K,  97% used [0x19150000, 0x35e2d968, 0x35e2da00, 0x36b8f000)
 Metaspace       used 3546K, capacity 3598K, committed 3648K, reserved 4480K
Event: 15.926 GC heap after
Heap after GC invocations=99 (full 8):
 def new generation   total 314560K, used 5043K [0x03c00000, 0x19150000, 0x19150000)
  eden space 279616K,   1% used [0x03c00000, 0x040ecc38, 0x14d10000)
  from space 34944K,   0% used [0x14d10000, 0x14d10000, 0x16f30000)
  to   space 34944K,   0% used [0x16f30000, 0x16f30000, 0x19150000)
 tenured generation   total 699072K, used 502780K [0x19150000, 0x43c00000, 0x43c00000)
   the space 699072K,  71% used [0x19150000, 0x37c4f000, 0x37c4f000, 0x43c00000)
 Metaspace       used 3546K, capacity 3598K, committed 3648K, reserved 4480K
}
Event: 18.108 GC heap before
{Heap before GC invocations=99 (full 8):
 def new generation   total 314560K, used 279616K [0x03c00000, 0x19150000, 0x19150000)
  eden space 279616K, 100% used [0x03c00000, 0x14d10000, 0x14d10000)
  from space 34944K,   0% used [0x14d10000, 0x14d10000, 0x16f30000)
  to   space 34944K,   0% used [0x16f30000, 0x16f30000, 0x19150000)
 tenured generation   total 699072K, used 502780K [0x19150000, 0x43c00000, 0x43c00000)
   the space 699072K,  71% used [0x19150000, 0x37c4f000, 0x37c4f000, 0x43c00000)
 Metaspace       used 3546K, capacity 3598K, committed 3648K, reserved 4480K
Event: 18.530 GC heap after
Heap after GC invocations=100 (full 8):
 def new generation   total 314560K, used 34943K [0x03c00000, 0x19150000, 0x19150000)
  eden space 279616K,   0% used [0x03c00000, 0x03c00000, 0x14d10000)
  from space 34944K,  99% used [0x16f30000, 0x1914fff8, 0x19150000)
  to   space 34944K,   0% used [0x14d10000, 0x14d10000, 0x16f30000)
 tenured generation   total 699072K, used 540697K [0x19150000, 0x43c00000, 0x43c00000)
   the space 699072K,  77% used [0x19150000, 0x3a1567e8, 0x3a156800, 0x43c00000)
 Metaspace       used 3546K, capacity 3598K, committed 3648K, reserved 4480K
}
Event: 18.956 GC heap before
{Heap before GC invocations=100 (full 8):
 def new generation   total 314560K, used 314559K [0x03c00000, 0x19150000, 0x19150000)
  eden space 279616K, 100% used [0x03c00000, 0x14d10000, 0x14d10000)
  from space 34944K,  99% used [0x16f30000, 0x1914fff8, 0x19150000)
  to   space 34944K,   0% used [0x14d10000, 0x14d10000, 0x16f30000)
 tenured generation   total 699072K, used 540697K [0x19150000, 0x43c00000, 0x43c00000)
   the space 699072K,  77% used [0x19150000, 0x3a1567e8, 0x3a156800, 0x43c00000)
 Metaspace       used 3550K, capacity 3598K, committed 3648K, reserved 4480K
Event: 19.142 GC heap after
Heap after GC invocations=101 (full 8):
 def new generation   total 314560K, used 34944K [0x03c00000, 0x19150000, 0x19150000)
  eden space 279616K,   0% used [0x03c00000, 0x03c00000, 0x14d10000)
  from space 34944K, 100% used [0x14d10000, 0x16f30000, 0x16f30000)
  to   space 34944K,   0% used [0x16f30000, 0x16f30000, 0x19150000)
 tenured generation   total 699072K, used 631535K [0x19150000, 0x43c00000, 0x43c00000)
   the space 699072K,  90% used [0x19150000, 0x3fa0bcb8, 0x3fa0be00, 0x43c00000)
 Metaspace       used 3550K, capacity 3598K, committed 3648K, reserved 4480K
}
Event: 20.341 GC heap before
{Heap before GC invocations=101 (full 8):
 def new generation   total 314560K, used 314560K [0x03c00000, 0x19150000, 0x19150000)
  eden space 279616K, 100% used [0x03c00000, 0x14d10000, 0x14d10000)
  from space 34944K, 100% used [0x14d10000, 0x16f30000, 0x16f30000)
  to   space 34944K,   0% used [0x16f30000, 0x16f30000, 0x19150000)
 tenured generation   total 699072K, used 631535K [0x19150000, 0x43c00000, 0x43c00000)
   the space 699072K,  90% used [0x19150000, 0x3fa0bcb8, 0x3fa0be00, 0x43c00000)
 Metaspace       used 3550K, capacity 3598K, committed 3648K, reserved 4480K

Deoptimization events (0 events):
No events

Internal exceptions (5 events):
Event: 1.510 Thread 0x0114bc00 Exception <a 'java/lang/NoSuchMethodError': Method sun.misc.Unsafe.defineClass(Ljava/lang/String;[BII)Ljava/lang/Class; name or signature does not match> (0x03c06ea8) thrown at [C:\re\workspace\8-2-build-windows-i586-cygwin\jdk8u101\7261\hotspot\src\share\ñ=½
U+ø?
Event: 1.511 Thread 0x0114bc00 Exception <a 'java/lang/NoSuchMethodError': Method sun.misc.Unsafe.prefetchRead(Ljava/lang/Object;J)V name or signature does not match> (0x03c07178) thrown at [C:\re\workspace\8-2-build-windows-i586-cygwin\jdk8u101\7261\hotspot\src\share\vm\prims\jni.cpp, ô	\_C@
Event: 3.880 Thread 0x44435400 Exception <a 'java/lang/ArrayIndexOutOfBoundsException': 18> (0x03d884d8) thrown at [C:\re\workspace\8-2-build-windows-i586-cygwin\jdk8u101\7261\hotspot\src\share\vm\interpreter\interpreterRuntime.cpp, line 366]
Event: 3.881 Thread 0x44435400 Exception <a 'java/lang/ArrayIndexOutOfBoundsException': 145> (0x03dbf4d8) thrown at [C:\re\workspace\8-2-build-windows-i586-cygwin\jdk8u101\7261\hotspot\src\share\vm\interpreter\interpreterRuntime.cpp, line 366]
Event: 3.881 Thread 0x44435400 Exception <a 'java/lang/ArrayIndexOutOfBoundsException': 40> (0x03dc05b8) thrown at [C:\re\workspace\8-2-build-windows-i586-cygwin\jdk8u101\7261\hotspot\src\share\vm\interpreter\interpreterRuntime.cpp, line 366]

Events (10 events):
Event: 18.630 Executing VM operation: Deoptimize done
Event: 18.654 Thread 0x44463800 DEOPT PACKING pc=0x01bd1654 sp=0x44bdf1a0
Event: 18.654 Thread 0x44463800 DEOPT UNPACKING pc=0x01adc5db sp=0x44bdf0c8 mode 0
Event: 18.660 loading class com/android/dx/util/ListIntSet$1
Event: 18.660 loading class com/android/dx/util/ListIntSet$1 done
Event: 18.660 Executing VM operation: Deoptimize
Event: 18.661 Executing VM operation: Deoptimize done
Event: 18.956 Executing VM operation: GenCollectForAllocation
Event: 19.142 Executing VM operation: GenCollectForAllocation done
Event: 20.341 Executing VM operation: GenCollectForAllocation


Dynamic libraries:
0x01390000 - 0x013c3000 	C:\Program Files\Java\jdk1.8.0_101\bin\java.exe
0x76ec0000 - 0x76ffc000 	C:\Windows\SYSTEM32\ntdll.dll
0x76c40000 - 0x76d14000 	C:\Windows\system32\kernel32.dll
0x752c0000 - 0x7530a000 	C:\Windows\system32\KERNELBASE.dll
0x756d0000 - 0x75770000 	C:\Windows\system32\ADVAPI32.dll
0x76d20000 - 0x76dcc000 	C:\Windows\system32\msvcrt.dll
0x75680000 - 0x75699000 	C:\Windows\SYSTEM32\sechost.dll
0x76b40000 - 0x76be1000 	C:\Windows\system32\RPCRT4.dll
0x75310000 - 0x753d9000 	C:\Windows\system32\USER32.dll
0x75b70000 - 0x75bbe000 	C:\Windows\system32\GDI32.dll
0x76c20000 - 0x76c2a000 	C:\Windows\system32\LPK.dll
0x755e0000 - 0x7567d000 	C:\Windows\system32\USP10.dll
0x73d20000 - 0x73ebe000 	C:\Windows\WinSxS\x86_microsoft.windows.common-controls_6595b64144ccf1df_6.0.7600.16385_none_421189da2b7fabfc\COMCTL32.dll
0x75ad0000 - 0x75b27000 	C:\Windows\system32\SHLWAPI.dll
0x76bf0000 - 0x76c0f000 	C:\Windows\system32\IMM32.DLL
0x76810000 - 0x768dc000 	C:\Windows\system32\MSCTF.dll
0x65510000 - 0x655cf000 	C:\Program Files\Java\jdk1.8.0_101\jre\bin\msvcr100.dll
0x64390000 - 0x6475c000 	C:\Program Files\Java\jdk1.8.0_101\jre\bin\client\jvm.dll
0x70cb0000 - 0x70cb7000 	C:\Windows\system32\WSOCK32.dll
0x75b30000 - 0x75b65000 	C:\Windows\system32\WS2_32.dll
0x76c30000 - 0x76c36000 	C:\Windows\system32\NSI.dll
0x70630000 - 0x70662000 	C:\Windows\system32\WINMM.dll
0x74510000 - 0x74519000 	C:\Windows\system32\VERSION.dll
0x76c10000 - 0x76c15000 	C:\Windows\system32\PSAPI.DLL
0x673a0000 - 0x673ac000 	C:\Program Files\Java\jdk1.8.0_101\jre\bin\verify.dll
0x66190000 - 0x661b1000 	C:\Program Files\Java\jdk1.8.0_101\jre\bin\java.dll
0x66170000 - 0x66183000 	C:\Program Files\Java\jdk1.8.0_101\jre\bin\zip.dll
0x75bc0000 - 0x76809000 	C:\Windows\system32\SHELL32.dll
0x769e0000 - 0x76b3c000 	C:\Windows\system32\ole32.dll
0x75010000 - 0x7501b000 	C:\Windows\system32\profapi.dll
0x72d70000 - 0x72e5b000 	C:\Windows\system32\dbghelp.dll

VM Arguments:
jvm_args: -Djava.awt.headless=true -Xmx1024M -Dfile.encoding=windows-1252 -Duser.country=US -Duser.language=en -Duser.variant 
java_command: com.android.dx.command.Main --dex --num-threads=4 --multi-dex --main-dex-list E:\SandeepProjectResources\MobipugNew\Mobipug27.10.18\MobipugSource\app\build\intermediates\multi-dex\debug\maindexlist.txt --output E:\SandeepProjectResources\MobipugNew\Mobipug27.10.18\MobipugSource\app\build\intermediates\transforms\dex\debug\folders\1000\1f\main E:\SandeepProjectResources\MobipugNew\Mobipug27.10.18\MobipugSource\app\build\intermediates\transforms\jarMerging\debug\jars\1\1f\combined.jar
java_class_path (initial): C:\Users\android-4\AppData\Local\Android\Sdk\build-tools\26.0.2\lib\dx.jar
Launcher Type: SUN_STANDARD

Environment Variables:
PATH=C:\ProgramData\Oracle\Java\javapath;C:\Windows\system32;C:\Windows;C:\Windows\System32\Wbem;C:\Windows\System32\WindowsPowerShell\v1.0\;C:\Program Files\Intel\OpenCL SDK\2.0\bin\x86;C:\Program Files\Skype\Phone\
USERNAME=android-4
OS=Windows_NT
PROCESSOR_IDENTIFIER=x86 Family 6 Model 42 Stepping 7, GenuineIntel



---------------  S Y S T E M  ---------------

OS: Windows 7 Build 7600 (6.1.7600.16385)

CPU:total 4 (2 cores per cpu, 2 threads per core) family 6 model 42 stepping 7, cmov, cx8, fxsr, mmx, sse, sse2, sse3, ssse3, sse4.1, sse4.2, popcnt, clmul, ht, tsc, tscinvbit

Memory: 4k page, physical 3578328k(309528k free), swap 24056564k(18973744k free)

vm_info: Java HotSpot(TM) Client VM (25.101-b13) for windows-x86 JRE (1.8.0_101-b13), built on Jun 22 2016 00:45:44 by "java_re" with MS VC++ 10.0 (VS2010)

time: Fri Nov 16 16:15:35 2018
elapsed time: 22 seconds (0d 0h 0m 22s)

