#
# A fatal error has been detected by the Java Runtime Environment:
#
#  EXCEPTION_ACCESS_VIOLATION (0xc0000005) at pc=0x5cc10a40, pid=5028, tid=0x000012bc
#
# JRE version: Java(TM) SE Runtime Environment (8.0_101-b13) (build 1.8.0_101-b13)
# Java VM: Java HotSpot(TM) Client VM (25.101-b13 mixed mode windows-x86 )
# Problematic frame:
# C  [msvcr100.dll+0x10a40]
#
# Failed to write core dump. Minidumps are not enabled by default on client versions of Windows
#
# If you would like to submit a bug report, please visit:
#   http://bugreport.java.com/bugreport/crash.jsp
#

---------------  T H R E A D  ---------------

Current thread (0x443ea800):  VMThread [stack: 0x00320000,0x00370000] [id=4796]

siginfo: ExceptionCode=0xc0000005, reading address 0x04a70000

Registers:
EAX=0x00000000, EBX=0x01113440, ECX=0x00000078, EDX=0x0007c543
ESP=0x0036f3b4, EBP=0x0036f3c0, ESI=0x04a6ffe0, EDI=0x1aec9cb0
EIP=0x5cc10a40, EFLAGS=0x00010203

Top of Stack: (sp=0x0036f3b4)
0x0036f3b4:   1a8a6da8 1a8a6da8 01113440 0036f3dc
0x0036f3c4:   5c8c9487 1a8a6da8 0444d0d8 0444d100
0x0036f3d4:   00000000 01614050 0036f3fc 5c8ca88b
0x0036f3e4:   01614050 0444d0d8 01113440 0444d0d8
0x0036f3f4:   01611c88 01113440 0036f41c 5c8c561b
0x0036f404:   0444d0d8 01113440 0036f5c0 04930dd8
0x0036f414:   0000000e 01611c88 0036f434 5c90132d
0x0036f424:   0444d0d8 04948a90 04930dc8 0036f5c0 

Instructions: (pc=0x5cc10a40)
0x5cc10a20:   16 89 17 8d 76 04 8d 7f 04 48 75 f3 59 8b d1 83
0x5cc10a30:   e1 7f c1 ea 07 74 5d 66 0f 6f 06 66 0f 6f 4e 10
0x5cc10a40:   66 0f 6f 56 20 66 0f 6f 5e 30 66 0f 7f 07 66 0f
0x5cc10a50:   7f 4f 10 66 0f 7f 57 20 66 0f 7f 5f 30 66 0f 6f 


Register to memory mapping:

EAX=0x00000000 is an unknown value
EBX=0x01113440 is an unknown value
ECX=0x00000078 is an unknown value
EDX=0x0007c543 is an unknown value
ESP=0x0036f3b4 is an unknown value
EBP=0x0036f3c0 is an unknown value
ESI=0x04a6ffe0 is an unallocated location in the heap
EDI=0x1aec9cb0 is pointing into object: 0x1a8a6da8

[error occurred during error reporting (printing register info), id 0xc0000005]

Stack: [0x00320000,0x00370000],  sp=0x0036f3b4,  free space=316k
Native frames: (J=compiled Java code, j=interpreted, Vv=VM code, C=native code)
C  [msvcr100.dll+0x10a40]
V  [jvm.dll+0x99487]
V  [jvm.dll+0x9a88b]
V  [jvm.dll+0x9561b]
V  [jvm.dll+0xd132d]
V  [jvm.dll+0xa518f]
V  [jvm.dll+0x93dad]
V  [jvm.dll+0x981ec]
V  [jvm.dll+0x941d7]
V  [jvm.dll+0x98e73]
V  [jvm.dll+0x92e25]
V  [jvm.dll+0x1b81c6]
V  [jvm.dll+0x18292b]
V  [jvm.dll+0x181d31]
V  [jvm.dll+0x182147]
V  [jvm.dll+0x182342]
V  [jvm.dll+0x1c1ed6]
C  [msvcr100.dll+0x5c556]
C  [msvcr100.dll+0x5c600]
C  [kernel32.dll+0x51174]
C  [ntdll.dll+0x5b3f5]
C  [ntdll.dll+0x5b3c8]

VM_Operation (0x44c5ea98): GenCollectForAllocation, mode: safepoint, requested by thread 0x445b8800


---------------  P R O C E S S  ---------------

Java Threads: ( => current thread )
  0x445b8800 JavaThread "pool-2-thread-4" [_thread_blocked, id=3804, stack(0x44c10000,0x44c60000)]
  0x445b7c00 JavaThread "pool-2-thread-3" [_thread_blocked, id=2156, stack(0x44970000,0x449c0000)]
  0x445b6c00 JavaThread "pool-2-thread-2" [_thread_blocked, id=4636, stack(0x44b10000,0x44b60000)]
  0x445b6400 JavaThread "pool-3-thread-1" [_thread_blocked, id=4680, stack(0x44750000,0x447a0000)]
  0x4457d800 JavaThread "pool-2-thread-1" [_thread_blocked, id=6048, stack(0x44a80000,0x44ad0000)]
  0x4442e400 JavaThread "Service Thread" daemon [_thread_blocked, id=2484, stack(0x44840000,0x44890000)]
  0x4443b000 JavaThread "C1 CompilerThread0" daemon [_thread_blocked, id=988, stack(0x448c0000,0x44910000)]
  0x4443a000 JavaThread "Attach Listener" daemon [_thread_blocked, id=3788, stack(0x447c0000,0x44810000)]
  0x44436c00 JavaThread "Signal Dispatcher" daemon [_thread_blocked, id=4588, stack(0x446b0000,0x44700000)]
  0x44417c00 JavaThread "Finalizer" daemon [_thread_blocked, id=3044, stack(0x01190000,0x011e0000)]
  0x443f0400 JavaThread "Reference Handler" daemon [_thread_blocked, id=5160, stack(0x44640000,0x44690000)]
  0x017dbc00 JavaThread "main" [_thread_blocked, id=868, stack(0x018e0000,0x01930000)]

Other Threads:
=>0x443ea800 VMThread [stack: 0x00320000,0x00370000] [id=4796]
  0x44430000 WatcherThread [stack: 0x449f0000,0x44a40000] [id=4504]

VM state:at safepoint (normal execution)

VM Mutex/Monitor currently owned by a thread:  ([mutex/lock_event])
[0x017da230] Threads_lock - owner thread: 0x443ea800
[0x017da640] Heap_lock - owner thread: 0x445b8800

Heap:
 def new generation   total 13312K, used 13312K [0x03c00000, 0x04a70000, 0x19150000)
  eden space 11840K, 100% used [0x03c00000, 0x04790000, 0x04790000)
  from space 1472K, 100% used [0x04790000, 0x04900000, 0x04900000)
  to   space 1472K,  21% used [0x04900000, 0x0494fb50, 0x04a70000)
 tenured generation   total 99424K, used 93839K [0x19150000, 0x1f268000, 0x43c00000)
   the space 99424K,  94% used [0x19150000, 0x1ecf3ea8, 0x1ecf4000, 0x1f268000)
 Metaspace       used 3521K, capacity 3526K, committed 3648K, reserved 4480K

Card table byte_map: [0x43c00000,0x43e10000] byte_map_base: 0x43be2000

Polling page: 0x001d0000

CodeCache: size=32768Kb used=2799Kb max_used=2799Kb free=29968Kb
 bounds [0x01c00000, 0x01ec0000, 0x03c00000]
 total_blobs=1358 nmethods=1213 adapters=75
 compilation: enabled

Compilation events (10 events):
Event: 1.121 Thread 0x4443b000 nmethod 1211 0x01eba9c8 code [0x01ebaae0, 0x01ebac08]
Event: 1.121 Thread 0x4443b000 1212             com.android.dx.cf.direct.StdAttributeFactory::localVariableTable (98 bytes)
Event: 1.122 Thread 0x4443b000 nmethod 1212 0x01ebacc8 code [0x01ebae80, 0x01ebb3b0]
Event: 1.122 Thread 0x4443b000 1213             com.android.dx.cf.attrib.AttLocalVariableTable::<init> (8 bytes)
Event: 1.122 Thread 0x4443b000 nmethod 1213 0x01ebba88 code [0x01ebbb90, 0x01ebbc2c]
Event: 1.122 Thread 0x4443b000 1214             com.android.dx.cf.code.RopperMachine::getReturnPosition (5 bytes)
Event: 1.122 Thread 0x4443b000 nmethod 1214 0x01ebbc88 code [0x01ebbd80, 0x01ebbe00]
Event: 1.122 Thread 0x4443b000 1215             com.android.dx.rop.code.Rop::getSources (5 bytes)
Event: 1.122 Thread 0x4443b000 nmethod 1215 0x01ebbe48 code [0x01ebbf40, 0x01ebbfc0]
Event: 1.122 Thread 0x4443b000 1216             com.android.dx.cf.code.Ropper::addSynchExceptionHandlerBlock (206 bytes)

GC Heap History (10 events):
Event: 0.943 GC heap after
Heap after GC invocations=46 (full 2):
 def new generation   total 13312K, used 0K [0x03c00000, 0x04a70000, 0x19150000)
  eden space 11840K,   0% used [0x03c00000, 0x03c00000, 0x04790000)
  from space 1472K,   0% used [0x04790000, 0x04790000, 0x04900000)
  to   space 1472K,   0% used [0x04900000, 0x04900000, 0x04a70000)
 tenured generation   total 29480K, used 17685K [0x19150000, 0x1ae1a000, 0x43c00000)
   the space 29480K,  59% used [0x19150000, 0x1a2957e0, 0x1a295800, 0x1ae1a000)
 Metaspace       used 3521K, capacity 3526K, committed 3648K, reserved 4480K
}
Event: 0.975 GC heap before
{Heap before GC invocations=46 (full 2):
 def new generation   total 13312K, used 11840K [0x03c00000, 0x04a70000, 0x19150000)
  eden space 11840K, 100% used [0x03c00000, 0x04790000, 0x04790000)
  from space 1472K,   0% used [0x04790000, 0x04790000, 0x04900000)
  to   space 1472K,   0% used [0x04900000, 0x04900000, 0x04a70000)
 tenured generation   total 29480K, used 17685K [0x19150000, 0x1ae1a000, 0x43c00000)
   the space 29480K,  59% used [0x19150000, 0x1a2957e0, 0x1a295800, 0x1ae1a000)
 Metaspace       used 3521K, capacity 3526K, committed 3648K, reserved 4480K
Event: 0.980 GC heap after
Heap after GC invocations=47 (full 2):
 def new generation   total 13312K, used 1471K [0x03c00000, 0x04a70000, 0x19150000)
  eden space 11840K,   0% used [0x03c00000, 0x03c00000, 0x04790000)
  from space 1472K,  99% used [0x04900000, 0x04a6fff8, 0x04a70000)
  to   space 1472K,   0% used [0x04790000, 0x04790000, 0x04900000)
 tenured generation   total 29480K, used 18261K [0x19150000, 0x1ae1a000, 0x43c00000)
   the space 29480K,  61% used [0x19150000, 0x1a325550, 0x1a325600, 0x1ae1a000)
 Metaspace       used 3521K, capacity 3526K, committed 3648K, reserved 4480K
}
Event: 1.011 GC heap before
{Heap before GC invocations=47 (full 2):
 def new generation   total 13312K, used 13311K [0x03c00000, 0x04a70000, 0x19150000)
  eden space 11840K, 100% used [0x03c00000, 0x04790000, 0x04790000)
  from space 1472K,  99% used [0x04900000, 0x04a6fff8, 0x04a70000)
  to   space 1472K,   0% used [0x04790000, 0x04790000, 0x04900000)
 tenured generation   total 29480K, used 18261K [0x19150000, 0x1ae1a000, 0x43c00000)
   the space 29480K,  61% used [0x19150000, 0x1a325550, 0x1a325600, 0x1ae1a000)
 Metaspace       used 3521K, capacity 3526K, committed 3648K, reserved 4480K
Event: 1.019 GC heap after
Heap after GC invocations=48 (full 2):
 def new generation   total 13312K, used 1471K [0x03c00000, 0x04a70000, 0x19150000)
  eden space 11840K,   0% used [0x03c00000, 0x03c00000, 0x04790000)
  from space 1472K,  99% used [0x04790000, 0x048ffff8, 0x04900000)
  to   space 1472K,   0% used [0x04900000, 0x04900000, 0x04a70000)
 tenured generation   total 29480K, used 20136K [0x19150000, 0x1ae1a000, 0x43c00000)
   the space 29480K,  68% used [0x19150000, 0x1a4fa300, 0x1a4fa400, 0x1ae1a000)
 Metaspace       used 3521K, capacity 3526K, committed 3648K, reserved 4480K
}
Event: 1.048 GC heap before
{Heap before GC invocations=48 (full 2):
 def new generation   total 13312K, used 13311K [0x03c00000, 0x04a70000, 0x19150000)
  eden space 11840K, 100% used [0x03c00000, 0x04790000, 0x04790000)
  from space 1472K,  99% used [0x04790000, 0x048ffff8, 0x04900000)
  to   space 1472K,   0% used [0x04900000, 0x04900000, 0x04a70000)
 tenured generation   total 29480K, used 20136K [0x19150000, 0x1ae1a000, 0x43c00000)
   the space 29480K,  68% used [0x19150000, 0x1a4fa300, 0x1a4fa400, 0x1ae1a000)
 Metaspace       used 3521K, capacity 3526K, committed 3648K, reserved 4480K
Event: 1.056 GC heap after
Heap after GC invocations=49 (full 2):
 def new generation   total 13312K, used 1472K [0x03c00000, 0x04a70000, 0x19150000)
  eden space 11840K,   0% used [0x03c00000, 0x03c00000, 0x04790000)
  from space 1472K, 100% used [0x04900000, 0x04a70000, 0x04a70000)
  to   space 1472K,   0% used [0x04790000, 0x04790000, 0x04900000)
 tenured generation   total 29480K, used 22299K [0x19150000, 0x1ae1a000, 0x43c00000)
   the space 29480K,  75% used [0x19150000, 0x1a716d20, 0x1a716e00, 0x1ae1a000)
 Metaspace       used 3521K, capacity 3526K, committed 3648K, reserved 4480K
}
Event: 1.084 GC heap before
{Heap before GC invocations=49 (full 2):
 def new generation   total 13312K, used 13312K [0x03c00000, 0x04a70000, 0x19150000)
  eden space 11840K, 100% used [0x03c00000, 0x04790000, 0x04790000)
  from space 1472K, 100% used [0x04900000, 0x04a70000, 0x04a70000)
  to   space 1472K,   0% used [0x04790000, 0x04790000, 0x04900000)
 tenured generation   total 29480K, used 22299K [0x19150000, 0x1ae1a000, 0x43c00000)
   the space 29480K,  75% used [0x19150000, 0x1a716d20, 0x1a716e00, 0x1ae1a000)
 Metaspace       used 3521K, capacity 3526K, committed 3648K, reserved 4480K
Event: 1.091 GC heap after
Heap after GC invocations=50 (full 2):
 def new generation   total 13312K, used 1472K [0x03c00000, 0x04a70000, 0x19150000)
  eden space 11840K,   0% used [0x03c00000, 0x03c00000, 0x04790000)
  from space 1472K, 100% used [0x04790000, 0x04900000, 0x04900000)
  to   space 1472K,   0% used [0x04900000, 0x04900000, 0x04a70000)
 tenured generation   total 29480K, used 23839K [0x19150000, 0x1ae1a000, 0x43c00000)
   the space 29480K,  80% used [0x19150000, 0x1a897ca8, 0x1a897e00, 0x1ae1a000)
 Metaspace       used 3521K, capacity 3526K, committed 3648K, reserved 4480K
}
Event: 1.123 GC heap before
{Heap before GC invocations=50 (full 2):
 def new generation   total 13312K, used 13312K [0x03c00000, 0x04a70000, 0x19150000)
  eden space 11840K, 100% used [0x03c00000, 0x04790000, 0x04790000)
  from space 1472K, 100% used [0x04790000, 0x04900000, 0x04900000)
  to   space 1472K,   0% used [0x04900000, 0x04900000, 0x04a70000)
 tenured generation   total 29480K, used 23839K [0x19150000, 0x1ae1a000, 0x43c00000)
   the space 29480K,  80% used [0x19150000, 0x1a897ca8, 0x1a897e00, 0x1ae1a000)
 Metaspace       used 3521K, capacity 3526K, committed 3648K, reserved 4480K

Deoptimization events (0 events):
No events

Internal exceptions (5 events):
Event: 0.026 Thread 0x017dbc00 Exception <a 'java/lang/NoSuchMethodError': Method sun.misc.Unsafe.defineClass(Ljava/lang/String;[BII)Ljava/lang/Class; name or signature does not match> (0x03c06ea8) thrown at [C:\re\workspace\8-2-build-windows-i586-cygwin\jdk8u101\7261\hotspot\src\share\‡fÃR‘š?
Event: 0.026 Thread 0x017dbc00 Exception <a 'java/lang/NoSuchMethodError': Method sun.misc.Unsafe.prefetchRead(Ljava/lang/Object;J)V name or signature does not match> (0x03c07178) thrown at [C:\re\workspace\8-2-build-windows-i586-cygwin\jdk8u101\7261\hotspot\src\share\vm\prims\jni.cpp, £+ïÕæhì?
Event: 0.888 Thread 0x445b8800 Exception <a 'java/lang/ArrayIndexOutOfBoundsException': 18> (0x040f41a8) thrown at [C:\re\workspace\8-2-build-windows-i586-cygwin\jdk8u101\7261\hotspot\src\share\vm\interpreter\interpreterRuntime.cpp, line 366]
Event: 0.888 Thread 0x445b8800 Exception <a 'java/lang/ArrayIndexOutOfBoundsException': 145> (0x040f5a48) thrown at [C:\re\workspace\8-2-build-windows-i586-cygwin\jdk8u101\7261\hotspot\src\share\vm\interpreter\interpreterRuntime.cpp, line 366]
Event: 0.888 Thread 0x445b8800 Exception <a 'java/lang/ArrayIndexOutOfBoundsException': 40> (0x040f6b28) thrown at [C:\re\workspace\8-2-build-windows-i586-cygwin\jdk8u101\7261\hotspot\src\share\vm\interpreter\interpreterRuntime.cpp, line 366]

Events (10 events):
Event: 0.943 Executing VM operation: GenCollectForAllocation done
Event: 0.975 Executing VM operation: GenCollectForAllocation
Event: 0.980 Executing VM operation: GenCollectForAllocation done
Event: 1.011 Executing VM operation: GenCollectForAllocation
Event: 1.019 Executing VM operation: GenCollectForAllocation done
Event: 1.047 Executing VM operation: GenCollectForAllocation
Event: 1.056 Executing VM operation: GenCollectForAllocation done
Event: 1.084 Executing VM operation: GenCollectForAllocation
Event: 1.091 Executing VM operation: GenCollectForAllocation done
Event: 1.123 Executing VM operation: GenCollectForAllocation


Dynamic libraries:
0x000c0000 - 0x000f3000 	C:\Program Files\Java\jdk1.8.0_101\bin\java.exe
0x76f80000 - 0x770bc000 	C:\Windows\SYSTEM32\ntdll.dll
0x76d60000 - 0x76e34000 	C:\Windows\system32\kernel32.dll
0x75230000 - 0x7527a000 	C:\Windows\system32\KERNELBASE.dll
0x75580000 - 0x75620000 	C:\Windows\system32\ADVAPI32.dll
0x76e40000 - 0x76eec000 	C:\Windows\system32\msvcrt.dll
0x770d0000 - 0x770e9000 	C:\Windows\SYSTEM32\sechost.dll
0x75cc0000 - 0x75d61000 	C:\Windows\system32\RPCRT4.dll
0x75720000 - 0x757e9000 	C:\Windows\system32\USER32.dll
0x757f0000 - 0x7583e000 	C:\Windows\system32\GDI32.dll
0x770f0000 - 0x770fa000 	C:\Windows\system32\LPK.dll
0x75ba0000 - 0x75c3d000 	C:\Windows\system32\USP10.dll
0x73f40000 - 0x740de000 	C:\Windows\WinSxS\x86_microsoft.windows.common-controls_6595b64144ccf1df_6.0.7600.16385_none_421189da2b7fabfc\COMCTL32.dll
0x753d0000 - 0x75427000 	C:\Windows\system32\SHLWAPI.dll
0x75af0000 - 0x75b0f000 	C:\Windows\system32\IMM32.DLL
0x759a0000 - 0x75a6c000 	C:\Windows\system32\MSCTF.dll
0x5cc00000 - 0x5ccbf000 	C:\Program Files\Java\jdk1.8.0_101\jre\bin\msvcr100.dll
0x5c830000 - 0x5cbfc000 	C:\Program Files\Java\jdk1.8.0_101\jre\bin\client\jvm.dll
0x70670000 - 0x70677000 	C:\Windows\system32\WSOCK32.dll
0x77170000 - 0x771a5000 	C:\Windows\system32\WS2_32.dll
0x770c0000 - 0x770c6000 	C:\Windows\system32\NSI.dll
0x70990000 - 0x709c2000 	C:\Windows\system32\WINMM.dll
0x745d0000 - 0x745d9000 	C:\Windows\system32\VERSION.dll
0x75430000 - 0x75435000 	C:\Windows\system32\PSAPI.DLL
0x5fa20000 - 0x5fa2c000 	C:\Program Files\Java\jdk1.8.0_101\jre\bin\verify.dll
0x5f9f0000 - 0x5fa11000 	C:\Program Files\Java\jdk1.8.0_101\jre\bin\java.dll
0x5f9d0000 - 0x5f9e3000 	C:\Program Files\Java\jdk1.8.0_101\jre\bin\zip.dll
0x75f70000 - 0x76bb9000 	C:\Windows\system32\SHELL32.dll
0x75840000 - 0x7599c000 	C:\Windows\system32\ole32.dll
0x750d0000 - 0x750db000 	C:\Windows\system32\profapi.dll
0x72e40000 - 0x72f2b000 	C:\Windows\system32\dbghelp.dll

VM Arguments:
jvm_args: -Djava.awt.headless=true -Xmx1024M -Dfile.encoding=windows-1252 -Duser.country=US -Duser.language=en -Duser.variant 
java_command: com.android.dx.command.Main --dex --num-threads=4 --multi-dex --main-dex-list E:\SandeepProjectResources\MobipugNew\Mobipug27.10.18\MobipugSource\app\build\intermediates\multi-dex\debug\maindexlist.txt --output E:\SandeepProjectResources\MobipugNew\Mobipug27.10.18\MobipugSource\app\build\intermediates\transforms\dex\debug\folders\1000\1f\main E:\SandeepProjectResources\MobipugNew\Mobipug27.10.18\MobipugSource\app\build\intermediates\transforms\jarMerging\debug\jars\1\1f\combined.jar
java_class_path (initial): C:\Users\android-4\AppData\Local\Android\Sdk\build-tools\26.0.2\lib\dx.jar
Launcher Type: SUN_STANDARD

Environment Variables:
PATH=C:\ProgramData\Oracle\Java\javapath;C:\Windows\system32;C:\Windows;C:\Windows\System32\Wbem;C:\Windows\System32\WindowsPowerShell\v1.0\;C:\Program Files\Intel\OpenCL SDK\2.0\bin\x86;C:\Program Files\Skype\Phone\
USERNAME=android-4
OS=Windows_NT
PROCESSOR_IDENTIFIER=x86 Family 6 Model 42 Stepping 7, GenuineIntel



---------------  S Y S T E M  ---------------

OS: Windows 7 Build 7600 (6.1.7600.16385)

CPU:total 4 (2 cores per cpu, 2 threads per core) family 6 model 42 stepping 7, cmov, cx8, fxsr, mmx, sse, sse2, sse3, ssse3, sse4.1, sse4.2, popcnt, clmul, ht, tsc, tscinvbit

Memory: 4k page, physical 3578328k(859052k free), swap 24056564k(20134948k free)

vm_info: Java HotSpot(TM) Client VM (25.101-b13) for windows-x86 JRE (1.8.0_101-b13), built on Jun 22 2016 00:45:44 by "java_re" with MS VC++ 10.0 (VS2010)

time: Sat Nov 03 22:05:11 2018
elapsed time: 1 seconds (0d 0h 0m 1s)

