#
# A fatal error has been detected by the Java Runtime Environment:
#
#  EXCEPTION_ACCESS_VIOLATION (0xc0000005) at pc=0x00000000, pid=5116, tid=0x000014f8
#
# JRE version: Java(TM) SE Runtime Environment (8.0_101-b13) (build 1.8.0_101-b13)
# Java VM: Java HotSpot(TM) Client VM (25.101-b13 mixed mode windows-x86 )
# Problematic frame:
# C  0x00000000
#
# Failed to write core dump. Minidumps are not enabled by default on client versions of Windows
#
# If you would like to submit a bug report, please visit:
#   http://bugreport.java.com/bugreport/crash.jsp
#

---------------  T H R E A D  ---------------

Current thread (0x4448a800):  VMThread [stack: 0x01250000,0x012a0000] [id=5368]

siginfo: ExceptionCode=0xc0000005, ExceptionInformation=0x00000008 0x00000000

Registers:
EAX=0x00000000, EBX=0x444cec5c, ECX=0x44347730, EDX=0x44347ba0
ESP=0x0129edbc, EBP=0x0129edd8, ESI=0x444cec58, EDI=0x52fe94cc
EIP=0x00000000, EFLAGS=0x00010206

Top of Stack: (sp=0x0129edbc)
0x0129edbc:   52e34db1 21dbe0d8 52fe94cc 444cec58
0x0129edcc:   444cec5c 52fe94cc 444cec58 0129ede4
0x0129eddc:   52e34fac 00000003 0129ee00 52dd883a
0x0129edec:   444cec58 44649800 52fe94cc 00000000
0x0129edfc:   44648f58 0129efe8 52df9eef 52fe94cc
0x0129ee0c:   00000001 44649800 00000000 00000000
0x0129ee1c:   00000000 00000000 0129f074 0129ee9c
0x0129ee2c:   00000012 0129f060 52fe94f0 0129f0e4 

Instructions: (pc=0x00000000)
0xffffffe0:   


Register to memory mapping:

EAX=0x00000000 is an unknown value
EBX=0x444cec5c is an unknown value
ECX=0x44347730 is pointing into metadata
EDX={method} {0x44347ba4} 'withMapper' '(Lcom/android/dx/ssa/RegisterMapper;)Lcom/android/dx/dex/code/DalvInsn;' in 'com/android/dx/dex/code/LocalSnapshot'
ESP=0x0129edbc is an unknown value
EBP=0x0129edd8 is an unknown value
ESI=0x444cec58 is an unknown value
EDI=0x52fe94cc is an unknown value


Stack: [0x01250000,0x012a0000],  sp=0x0129edbc,  free space=315k
VM_Operation (0x44d0eed4): GenCollectForAllocation, mode: safepoint, requested by thread 0x44649800


---------------  P R O C E S S  ---------------

Java Threads: ( => current thread )
  0x44649800 JavaThread "pool-2-thread-4" [_thread_blocked, id=6036, stack(0x44cc0000,0x44d10000)]
  0x44641c00 JavaThread "pool-2-thread-3" [_thread_blocked, id=4564, stack(0x44840000,0x44890000)]
  0x44646c00 JavaThread "pool-2-thread-2" [_thread_blocked, id=4420, stack(0x44c10000,0x44c60000)]
  0x44641000 JavaThread "pool-3-thread-1" [_thread_blocked, id=2432, stack(0x44b80000,0x44bd0000)]
  0x44612c00 JavaThread "pool-2-thread-1" [_thread_blocked, id=4276, stack(0x44af0000,0x44b40000)]
  0x444ecc00 JavaThread "Service Thread" daemon [_thread_blocked, id=4856, stack(0x448a0000,0x448f0000)]
  0x444da400 JavaThread "C1 CompilerThread0" daemon [_thread_blocked, id=2116, stack(0x44940000,0x44990000)]
  0x444d9000 JavaThread "Attach Listener" daemon [_thread_blocked, id=4020, stack(0x011d0000,0x01220000)]
  0x444d6000 JavaThread "Signal Dispatcher" daemon [_thread_blocked, id=2464, stack(0x44670000,0x446c0000)]
  0x444b6c00 JavaThread "Finalizer" daemon [_thread_blocked, id=740, stack(0x01850000,0x018a0000)]
  0x44490400 JavaThread "Reference Handler" daemon [_thread_blocked, id=2096, stack(0x446e0000,0x44730000)]
  0x012bbc00 JavaThread "main" [_thread_blocked, id=396, stack(0x01940000,0x01990000)]

Other Threads:
=>0x4448a800 VMThread [stack: 0x01250000,0x012a0000] [id=5368]
  0x444d4400 WatcherThread [stack: 0x447f0000,0x44840000] [id=5880]

VM state:at safepoint (normal execution)

VM Mutex/Monitor currently owned by a thread:  ([mutex/lock_event])
[0x012ba230] Threads_lock - owner thread: 0x4448a800
[0x012ba640] Heap_lock - owner thread: 0x44649800

Heap:
 def new generation   total 67904K, used 7488K [0x03e00000, 0x087a0000, 0x19350000)
  eden space 60416K,   0% used [0x03e00000, 0x03e00000, 0x07900000)
  from space 7488K, 100% used [0x07900000, 0x08050000, 0x08050000)
  to   space 7488K,   0% used [0x08050000, 0x08050000, 0x087a0000)
 tenured generation   total 156016K, used 155971K [0x19350000, 0x22bac000, 0x43e00000)
   the space 156016K,  99% used [0x19350000, 0x22ba0c20, 0x22ba0e00, 0x22bac000)
 Metaspace       used 3547K, capacity 3598K, committed 3648K, reserved 4480K

Card table byte_map: [0x43e00000,0x44010000] byte_map_base: 0x43de1000

Polling page: 0x00190000

CodeCache: size=32768Kb used=3405Kb max_used=3405Kb free=29362Kb
 bounds [0x01c60000, 0x01fb8000, 0x03c60000]
 total_blobs=1779 nmethods=1632 adapters=77
 compilation: enabled

Compilation events (10 events):
Event: 3.822 Thread 0x444da400 1630             com.android.dx.cf.direct.DirectClassFile::getMajorVersion0 (10 bytes)
Event: 3.822 Thread 0x444da400 nmethod 1630 0x01fb2488 code [0x01fb2590, 0x01fb269c]
Event: 3.822 Thread 0x444da400 1631             com.android.dx.cf.direct.DirectClassFile::isGoodVersion (32 bytes)
Event: 3.823 Thread 0x444da400 nmethod 1631 0x01fb2808 code [0x01fb2900, 0x01fb29e0]
Event: 3.854 Thread 0x444da400 1632   !         com.android.dx.cf.attrib.AttInnerClasses::<init> (43 bytes)
Event: 3.854 Thread 0x444da400 nmethod 1632 0x01fb2a48 code [0x01fb2b60, 0x01fb2d28]
Event: 3.854 Thread 0x444da400 1633             com.android.dx.cf.attrib.AttInnerClasses::byteLength (14 bytes)
Event: 3.854 Thread 0x444da400 nmethod 1633 0x01fb2e88 code [0x01fb2f80, 0x01fb3010]
Event: 3.861 Thread 0x444da400 1634   !         java.util.concurrent.ArrayBlockingQueue::take (46 bytes)
Event: 3.861 Thread 0x444da400 nmethod 1634 0x01fb30c8 code [0x01fb3230, 0x01fb34b0]

GC Heap History (10 events):
Event: 3.165 GC heap after
Heap after GC invocations=55 (full 5):
 def new generation   total 67904K, used 7487K [0x03e00000, 0x087a0000, 0x19350000)
  eden space 60416K,   0% used [0x03e00000, 0x03e00000, 0x07900000)
  from space 7488K,  99% used [0x08050000, 0x0879fff8, 0x087a0000)
  to   space 7488K,   0% used [0x07900000, 0x07900000, 0x08050000)
 tenured generation   total 150640K, used 112307K [0x19350000, 0x2266c000, 0x43e00000)
   the space 150640K,  74% used [0x19350000, 0x200fcfc8, 0x200fd000, 0x2266c000)
 Metaspace       used 3546K, capacity 3598K, committed 3648K, reserved 4480K
}
Event: 3.275 GC heap before
{Heap before GC invocations=55 (full 5):
 def new generation   total 67904K, used 67903K [0x03e00000, 0x087a0000, 0x19350000)
  eden space 60416K, 100% used [0x03e00000, 0x07900000, 0x07900000)
  from space 7488K,  99% used [0x08050000, 0x0879fff8, 0x087a0000)
  to   space 7488K,   0% used [0x07900000, 0x07900000, 0x08050000)
 tenured generation   total 150640K, used 112307K [0x19350000, 0x2266c000, 0x43e00000)
   the space 150640K,  74% used [0x19350000, 0x200fcfc8, 0x200fd000, 0x2266c000)
 Metaspace       used 3547K, capacity 3598K, committed 3648K, reserved 4480K
Event: 3.315 GC heap after
Heap after GC invocations=56 (full 5):
 def new generation   total 67904K, used 7487K [0x03e00000, 0x087a0000, 0x19350000)
  eden space 60416K,   0% used [0x03e00000, 0x03e00000, 0x07900000)
  from space 7488K,  99% used [0x07900000, 0x0804fff8, 0x08050000)
  to   space 7488K,   0% used [0x08050000, 0x08050000, 0x087a0000)
 tenured generation   total 150640K, used 121163K [0x19350000, 0x2266c000, 0x43e00000)
   the space 150640K,  80% used [0x19350000, 0x209a2d50, 0x209a2e00, 0x2266c000)
 Metaspace       used 3547K, capacity 3598K, committed 3648K, reserved 4480K
}
Event: 3.436 GC heap before
{Heap before GC invocations=56 (full 5):
 def new generation   total 67904K, used 67903K [0x03e00000, 0x087a0000, 0x19350000)
  eden space 60416K, 100% used [0x03e00000, 0x07900000, 0x07900000)
  from space 7488K,  99% used [0x07900000, 0x0804fff8, 0x08050000)
  to   space 7488K,   0% used [0x08050000, 0x08050000, 0x087a0000)
 tenured generation   total 150640K, used 121163K [0x19350000, 0x2266c000, 0x43e00000)
   the space 150640K,  80% used [0x19350000, 0x209a2d50, 0x209a2e00, 0x2266c000)
 Metaspace       used 3547K, capacity 3598K, committed 3648K, reserved 4480K
Event: 3.479 GC heap after
Heap after GC invocations=57 (full 5):
 def new generation   total 67904K, used 7487K [0x03e00000, 0x087a0000, 0x19350000)
  eden space 60416K,   0% used [0x03e00000, 0x03e00000, 0x07900000)
  from space 7488K,  99% used [0x08050000, 0x0879fff8, 0x087a0000)
  to   space 7488K,   0% used [0x07900000, 0x07900000, 0x08050000)
 tenured generation   total 150640K, used 130887K [0x19350000, 0x2266c000, 0x43e00000)
   the space 150640K,  86% used [0x19350000, 0x21321e50, 0x21322000, 0x2266c000)
 Metaspace       used 3547K, capacity 3598K, committed 3648K, reserved 4480K
}
Event: 3.586 GC heap before
{Heap before GC invocations=57 (full 5):
 def new generation   total 67904K, used 67903K [0x03e00000, 0x087a0000, 0x19350000)
  eden space 60416K, 100% used [0x03e00000, 0x07900000, 0x07900000)
  from space 7488K,  99% used [0x08050000, 0x0879fff8, 0x087a0000)
  to   space 7488K,   0% used [0x07900000, 0x07900000, 0x08050000)
 tenured generation   total 150640K, used 130887K [0x19350000, 0x2266c000, 0x43e00000)
   the space 150640K,  86% used [0x19350000, 0x21321e50, 0x21322000, 0x2266c000)
 Metaspace       used 3547K, capacity 3598K, committed 3648K, reserved 4480K
Event: 3.624 GC heap after
Heap after GC invocations=58 (full 5):
 def new generation   total 67904K, used 7488K [0x03e00000, 0x087a0000, 0x19350000)
  eden space 60416K,   0% used [0x03e00000, 0x03e00000, 0x07900000)
  from space 7488K, 100% used [0x07900000, 0x08050000, 0x08050000)
  to   space 7488K,   0% used [0x08050000, 0x08050000, 0x087a0000)
 tenured generation   total 150640K, used 139401K [0x19350000, 0x2266c000, 0x43e00000)
   the space 150640K,  92% used [0x19350000, 0x21b726d0, 0x21b72800, 0x2266c000)
 Metaspace       used 3547K, capacity 3598K, committed 3648K, reserved 4480K
}
Event: 3.729 GC heap before
{Heap before GC invocations=58 (full 5):
 def new generation   total 67904K, used 67904K [0x03e00000, 0x087a0000, 0x19350000)
  eden space 60416K, 100% used [0x03e00000, 0x07900000, 0x07900000)
  from space 7488K, 100% used [0x07900000, 0x08050000, 0x08050000)
  to   space 7488K,   0% used [0x08050000, 0x08050000, 0x087a0000)
 tenured generation   total 150640K, used 139401K [0x19350000, 0x2266c000, 0x43e00000)
   the space 150640K,  92% used [0x19350000, 0x21b726d0, 0x21b72800, 0x2266c000)
 Metaspace       used 3547K, capacity 3598K, committed 3648K, reserved 4480K
Event: 3.770 GC heap after
Heap after GC invocations=59 (full 5):
 def new generation   total 67904K, used 7487K [0x03e00000, 0x087a0000, 0x19350000)
  eden space 60416K,   0% used [0x03e00000, 0x03e00000, 0x07900000)
  from space 7488K,  99% used [0x08050000, 0x0879fff8, 0x087a0000)
  to   space 7488K,   0% used [0x07900000, 0x07900000, 0x08050000)
 tenured generation   total 150640K, used 148351K [0x19350000, 0x2266c000, 0x43e00000)
   the space 150640K,  98% used [0x19350000, 0x2242fd78, 0x2242fe00, 0x2266c000)
 Metaspace       used 3547K, capacity 3598K, committed 3648K, reserved 4480K
}
Event: 3.870 GC heap before
{Heap before GC invocations=59 (full 5):
 def new generation   total 67904K, used 67903K [0x03e00000, 0x087a0000, 0x19350000)
  eden space 60416K, 100% used [0x03e00000, 0x07900000, 0x07900000)
  from space 7488K,  99% used [0x08050000, 0x0879fff8, 0x087a0000)
  to   space 7488K,   0% used [0x07900000, 0x07900000, 0x08050000)
 tenured generation   total 150640K, used 148351K [0x19350000, 0x2266c000, 0x43e00000)
   the space 150640K,  98% used [0x19350000, 0x2242fd78, 0x2242fe00, 0x2266c000)
 Metaspace       used 3547K, capacity 3598K, committed 3648K, reserved 4480K

Deoptimization events (0 events):
No events

Internal exceptions (5 events):
Event: 0.023 Thread 0x012bbc00 Exception <a 'java/lang/NoSuchMethodError': Method sun.misc.Unsafe.defineClass(Ljava/lang/String;[BII)Ljava/lang/Class; name or signature does not match> (0x03e06ea8) thrown at [C:\re\workspace\8-2-build-windows-i586-cygwin\jdk8u101\7261\hotspot\src\share\u¹¦Ô—?
Event: 0.023 Thread 0x012bbc00 Exception <a 'java/lang/NoSuchMethodError': Method sun.misc.Unsafe.prefetchRead(Ljava/lang/Object;J)V name or signature does not match> (0x03e07178) thrown at [C:\re\workspace\8-2-build-windows-i586-cygwin\jdk8u101\7261\hotspot\src\share\vm\prims\jni.cpp, €‡q¿á½è?
Event: 0.773 Thread 0x44649800 Exception <a 'java/lang/ArrayIndexOutOfBoundsException': 18> (0x042a3d30) thrown at [C:\re\workspace\8-2-build-windows-i586-cygwin\jdk8u101\7261\hotspot\src\share\vm\interpreter\interpreterRuntime.cpp, line 366]
Event: 0.773 Thread 0x44649800 Exception <a 'java/lang/ArrayIndexOutOfBoundsException': 145> (0x042a55d0) thrown at [C:\re\workspace\8-2-build-windows-i586-cygwin\jdk8u101\7261\hotspot\src\share\vm\interpreter\interpreterRuntime.cpp, line 366]
Event: 0.774 Thread 0x44649800 Exception <a 'java/lang/ArrayIndexOutOfBoundsException': 40> (0x042a66b0) thrown at [C:\re\workspace\8-2-build-windows-i586-cygwin\jdk8u101\7261\hotspot\src\share\vm\interpreter\interpreterRuntime.cpp, line 366]

Events (10 events):
Event: 3.165 Executing VM operation: GenCollectForAllocation done
Event: 3.275 Executing VM operation: GenCollectForAllocation
Event: 3.316 Executing VM operation: GenCollectForAllocation done
Event: 3.436 Executing VM operation: GenCollectForAllocation
Event: 3.479 Executing VM operation: GenCollectForAllocation done
Event: 3.586 Executing VM operation: GenCollectForAllocation
Event: 3.624 Executing VM operation: GenCollectForAllocation done
Event: 3.729 Executing VM operation: GenCollectForAllocation
Event: 3.770 Executing VM operation: GenCollectForAllocation done
Event: 3.870 Executing VM operation: GenCollectForAllocation


Dynamic libraries:
0x013d0000 - 0x01403000 	C:\Program Files\Java\jdk1.8.0_101\bin\java.exe
0x77310000 - 0x7744c000 	C:\Windows\SYSTEM32\ntdll.dll
0x75830000 - 0x75904000 	C:\Windows\system32\kernel32.dll
0x755f0000 - 0x7563a000 	C:\Windows\system32\KERNELBASE.dll
0x75cb0000 - 0x75d50000 	C:\Windows\system32\ADVAPI32.dll
0x77260000 - 0x7730c000 	C:\Windows\system32\msvcrt.dll
0x75a50000 - 0x75a69000 	C:\Windows\SYSTEM32\sechost.dll
0x76dc0000 - 0x76e61000 	C:\Windows\system32\RPCRT4.dll
0x75760000 - 0x75829000 	C:\Windows\system32\USER32.dll
0x75e80000 - 0x75ece000 	C:\Windows\system32\GDI32.dll
0x77450000 - 0x7745a000 	C:\Windows\system32\LPK.dll
0x75a70000 - 0x75b0d000 	C:\Windows\system32\USP10.dll
0x741d0000 - 0x7436e000 	C:\Windows\WinSxS\x86_microsoft.windows.common-controls_6595b64144ccf1df_6.0.7600.16385_none_421189da2b7fabfc\COMCTL32.dll
0x774e0000 - 0x77537000 	C:\Windows\system32\SHLWAPI.dll
0x77470000 - 0x7748f000 	C:\Windows\system32\IMM32.DLL
0x76f00000 - 0x76fcc000 	C:\Windows\system32\MSCTF.dll
0x6bf90000 - 0x6c04f000 	C:\Program Files\Java\jdk1.8.0_101\jre\bin\msvcr100.dll
0x52c80000 - 0x5304c000 	C:\Program Files\Java\jdk1.8.0_101\jre\bin\client\jvm.dll
0x70a40000 - 0x70a47000 	C:\Windows\system32\WSOCK32.dll
0x75a10000 - 0x75a45000 	C:\Windows\system32\WS2_32.dll
0x774d0000 - 0x774d6000 	C:\Windows\system32\NSI.dll
0x708e0000 - 0x70912000 	C:\Windows\system32\WINMM.dll
0x74960000 - 0x74969000 	C:\Windows\system32\VERSION.dll
0x774c0000 - 0x774c5000 	C:\Windows\system32\PSAPI.DLL
0x65230000 - 0x6523c000 	C:\Program Files\Java\jdk1.8.0_101\jre\bin\verify.dll
0x65200000 - 0x65221000 	C:\Program Files\Java\jdk1.8.0_101\jre\bin\java.dll
0x651e0000 - 0x651f3000 	C:\Program Files\Java\jdk1.8.0_101\jre\bin\zip.dll
0x76170000 - 0x76db9000 	C:\Windows\system32\SHELL32.dll
0x76010000 - 0x7616c000 	C:\Windows\system32\ole32.dll
0x75460000 - 0x7546b000 	C:\Windows\system32\profapi.dll
0x73280000 - 0x7336b000 	C:\Windows\system32\dbghelp.dll

VM Arguments:
jvm_args: -Djava.awt.headless=true -Xmx1024M -Dfile.encoding=windows-1252 -Duser.country=US -Duser.language=en -Duser.variant 
java_command: com.android.dx.command.Main --dex --num-threads=4 --multi-dex --main-dex-list E:\SandeepProjectResources\MobipugNew\Mobipug27.10.18\MobipugSource\app\build\intermediates\multi-dex\debug\maindexlist.txt --output E:\SandeepProjectResources\MobipugNew\Mobipug27.10.18\MobipugSource\app\build\intermediates\transforms\dex\debug\folders\1000\1f\main E:\SandeepProjectResources\MobipugNew\Mobipug27.10.18\MobipugSource\app\build\intermediates\transforms\jarMerging\debug\jars\1\1f\combined.jar
java_class_path (initial): C:\Users\android-4\AppData\Local\Android\Sdk\build-tools\26.0.2\lib\dx.jar
Launcher Type: SUN_STANDARD

Environment Variables:
PATH=C:\ProgramData\Oracle\Java\javapath;C:\Windows\system32;C:\Windows;C:\Windows\System32\Wbem;C:\Windows\System32\WindowsPowerShell\v1.0\;C:\Program Files\Intel\OpenCL SDK\2.0\bin\x86;C:\Program Files\Skype\Phone\
USERNAME=android-4
OS=Windows_NT
PROCESSOR_IDENTIFIER=x86 Family 6 Model 42 Stepping 7, GenuineIntel



---------------  S Y S T E M  ---------------

OS: Windows 7 Build 7600 (6.1.7600.16385)

CPU:total 4 (2 cores per cpu, 2 threads per core) family 6 model 42 stepping 7, cmov, cx8, fxsr, mmx, sse, sse2, sse3, ssse3, sse4.1, sse4.2, popcnt, clmul, ht, tsc, tscinvbit

Memory: 4k page, physical 3578328k(519352k free), swap 24056564k(19746608k free)

vm_info: Java HotSpot(TM) Client VM (25.101-b13) for windows-x86 JRE (1.8.0_101-b13), built on Jun 22 2016 00:45:44 by "java_re" with MS VC++ 10.0 (VS2010)

time: Sun Oct 28 13:46:53 2018
elapsed time: 3 seconds (0d 0h 0m 3s)

