#
# A fatal error has been detected by the Java Runtime Environment:
#
#  EXCEPTION_ACCESS_VIOLATION (0xc0000005) at pc=0x0131e088, pid=2440, tid=0x00000be0
#
# JRE version: Java(TM) SE Runtime Environment (8.0_101-b13) (build 1.8.0_101-b13)
# Java VM: Java HotSpot(TM) Client VM (25.101-b13 mixed mode windows-x86 )
# Problematic frame:
# C  0x0131e088
#
# Failed to write core dump. Minidumps are not enabled by default on client versions of Windows
#
# If you would like to submit a bug report, please visit:
#   http://bugreport.java.com/bugreport/crash.jsp
#

---------------  T H R E A D  ---------------

Current thread (0x443ea800):  VMThread [stack: 0x446e0000,0x44730000] [id=3040]

siginfo: ExceptionCode=0xc0000005, ExceptionInformation=0x00000008 0x0131e088

Registers:
EAX=0x43feb748, EBX=0x4472f2e4, ECX=0x43fedb08, EDX=0x0131e088
ESP=0x4472f290, EBP=0x4472f2c0, ESI=0x0d923918, EDI=0x0d9240d8
EIP=0x0131e088, EFLAGS=0x00010246

Top of Stack: (sp=0x4472f290)
0x4472f290:   5cbd5a7e 0d9240d8 01302660 4472f2e4
0x4472f2a0:   00000001 01302660 14d10000 0d920618
0x4472f2b0:   0d923918 03c00410 00000000 053aea50
0x4472f2c0:   4472f2d4 5cbc9ba2 4472f2e4 012ff210
0x4472f2d0:   012ff210 4472f2f0 5cbc85bd 4472f2e4
0x4472f2e0:   012ff210 01301c88 01302660 14d10000
0x4472f2f0:   4472f3dc 5cbcb4be 443d8518 01373230
0x4472f300:   01304050 5ce0b934 00000100 01373230 

Instructions: (pc=0x0131e088)
0x0131e068:   14 00 ff ff 1d ea bf 4c 6e 6f 6e 53 79 6e 63 43
0x0131e078:   6f 6e 74 65 6e 74 45 71 75 61 6c 73 00 00 00 00
0x0131e088:   04 00 ff ff 48 3d a3 4b 6e 75 6c 6c 00 00 00 00
0x0131e098:   12 00 ff ff c3 68 0c 4a 6f 66 66 73 65 74 42 79 


Register to memory mapping:

EAX=0x43feb748 is pointing into metadata
EBX=0x4472f2e4 is an unknown value
ECX=0x43fedb08 is pointing into metadata
EDX=0x0131e088 is an unknown value
ESP=0x4472f290 is an unknown value
EBP=0x4472f2c0 is an unknown value
ESI=
[error occurred during error reporting (printing register info), id 0xc0000005]

Stack: [0x446e0000,0x44730000],  sp=0x4472f290,  free space=316k
Native frames: (J=compiled Java code, j=interpreted, Vv=VM code, C=native code)
C  0x0131e088
V  [jvm.dll+0x99ba2]
V  [jvm.dll+0x985bd]
V  [jvm.dll+0x9b4be]
V  [jvm.dll+0x9a27f]
V  [jvm.dll+0xa64b2]
V  [jvm.dll+0x98e73]
V  [jvm.dll+0x92e25]
V  [jvm.dll+0x1b81c6]
V  [jvm.dll+0x18292b]
V  [jvm.dll+0x181d31]
V  [jvm.dll+0x182147]
V  [jvm.dll+0x182342]
V  [jvm.dll+0x1c1ed6]
C  [msvcr100.dll+0x5c556]
C  [msvcr100.dll+0x5c600]
C  [kernel32.dll+0x51174]
C  [ntdll.dll+0x5b3f5]
C  [ntdll.dll+0x5b3c8]

VM_Operation (0x03baf224): GenCollectForAllocation, mode: safepoint, requested by thread 0x4458a400


---------------  P R O C E S S  ---------------

Java Threads: ( => current thread )
  0x44f59000 JavaThread "pool-1-thread-1" [_thread_blocked, id=2628, stack(0x44b30000,0x44b80000)]
  0x445b3c00 JavaThread "pool-2-thread-4" [_thread_blocked, id=3872, stack(0x44d10000,0x44d60000)]
  0x4458a400 JavaThread "pool-2-thread-3" [_thread_blocked, id=2948, stack(0x03b60000,0x03bb0000)]
  0x44589400 JavaThread "pool-2-thread-2" [_thread_blocked, id=4060, stack(0x44c10000,0x44c60000)]
  0x445b4c00 JavaThread "pool-3-thread-1" [_thread_blocked, id=3736, stack(0x44bc0000,0x44c10000)]
  0x4458d000 JavaThread "pool-2-thread-1" [_thread_blocked, id=3940, stack(0x44650000,0x446a0000)]
  0x44432400 JavaThread "Service Thread" daemon [_thread_blocked, id=1484, stack(0x44a50000,0x44aa0000)]
  0x4443a000 JavaThread "C1 CompilerThread0" daemon [_thread_blocked, id=824, stack(0x44750000,0x447a0000)]
  0x44439000 JavaThread "Attach Listener" daemon [_thread_blocked, id=1680, stack(0x449f0000,0x44a40000)]
  0x44436000 JavaThread "Signal Dispatcher" daemon [_thread_blocked, id=340, stack(0x44960000,0x449b0000)]
  0x44416c00 JavaThread "Finalizer" daemon [_thread_blocked, id=3512, stack(0x447b0000,0x44800000)]
  0x443f0400 JavaThread "Reference Handler" daemon [_thread_blocked, id=3692, stack(0x44600000,0x44650000)]
  0x0123bc00 JavaThread "main" [_thread_blocked, id=2156, stack(0x013f0000,0x01440000)]

Other Threads:
=>0x443ea800 VMThread [stack: 0x446e0000,0x44730000] [id=3040]
  0x4445e800 WatcherThread [stack: 0x44ad0000,0x44b20000] [id=3208]

VM state:at safepoint (normal execution)

VM Mutex/Monitor currently owned by a thread:  ([mutex/lock_event])
[0x0123a230] Threads_lock - owner thread: 0x443ea800
[0x0123a640] Heap_lock - owner thread: 0x4458a400

Heap:
 def new generation   total 314560K, used 314560K [0x03c00000, 0x19150000, 0x19150000)
  eden space 279616K, 100% used [0x03c00000, 0x14d10000, 0x14d10000)
  from space 34944K, 100% used [0x16f30000, 0x19150000, 0x19150000)
  to   space 34944K,   0% used [0x14d10000, 0x14d10000, 0x16f30000)
 tenured generation   total 699072K, used 699071K [0x19150000, 0x43c00000, 0x43c00000)
   the space 699072K,  99% used [0x19150000, 0x43bffff8, 0x43c00000, 0x43c00000)
 Metaspace       used 3578K, capacity 3598K, committed 3648K, reserved 4480K

Card table byte_map: [0x43c00000,0x43e10000] byte_map_base: 0x43be2000

Polling page: 0x00360000

CodeCache: size=32768Kb used=3753Kb max_used=3753Kb free=29014Kb
 bounds [0x01b60000, 0x01f10000, 0x03b60000]
 total_blobs=1981 nmethods=1834 adapters=77
 compilation: enabled

Compilation events (10 events):
Event: 27.112 Thread 0x4443a000 1847             com.android.dx.dex.code.OutputCollector::addSuffix (10 bytes)
Event: 27.112 Thread 0x4443a000 nmethod 1847 0x01f09288 code [0x01f093a0, 0x01f0950c]
Event: 27.116 Thread 0x4443a000 1848             com.android.dx.util.BitIntSet::elements (8 bytes)
Event: 27.116 Thread 0x4443a000 nmethod 1848 0x01f09708 code [0x01f09810, 0x01f098ec]
Event: 27.197 Thread 0x4443a000 1849             com.android.dx.rop.code.FillArrayDataInsn::<init> (59 bytes)
Event: 27.197 Thread 0x4443a000 nmethod 1849 0x01f099c8 code [0x01f09b10, 0x01f09dec]
Event: 27.324 Thread 0x4443a000 1850 %           com.android.dx.dex.file.MixedItemSection::prepare0 @ 23 (57 bytes)
Event: 27.324 Thread 0x4443a000 nmethod 1850% 0x01f0a048 code [0x01f0a180, 0x01f0a3d4]
Event: 27.355 Thread 0x4443a000 1851             com.android.dx.rop.code.FillArrayDataInsn::accept (8 bytes)
Event: 27.355 Thread 0x4443a000 nmethod 1851 0x01f0a708 code [0x01f0a810, 0x01f0a8ac]

GC Heap History (10 events):
Event: 17.865 GC heap after
Heap after GC invocations=101 (full 8):
 def new generation   total 314560K, used 26308K [0x03c00000, 0x19150000, 0x19150000)
  eden space 279616K,   0% used [0x03c00000, 0x03c00000, 0x14d10000)
  from space 34944K,  75% used [0x14d10000, 0x166c1370, 0x16f30000)
  to   space 34944K,   0% used [0x16f30000, 0x16f30000, 0x19150000)
 tenured generation   total 699072K, used 622447K [0x19150000, 0x43c00000, 0x43c00000)
   the space 699072K,  89% used [0x19150000, 0x3f12bd70, 0x3f12be00, 0x43c00000)
 Metaspace       used 3550K, capacity 3598K, committed 3648K, reserved 4480K
}
Event: 19.739 GC heap before
{Heap before GC invocations=101 (full 8):
 def new generation   total 314560K, used 305924K [0x03c00000, 0x19150000, 0x19150000)
  eden space 279616K, 100% used [0x03c00000, 0x14d10000, 0x14d10000)
  from space 34944K,  75% used [0x14d10000, 0x166c1370, 0x16f30000)
  to   space 34944K,   0% used [0x16f30000, 0x16f30000, 0x19150000)
 tenured generation   total 699072K, used 622447K [0x19150000, 0x43c00000, 0x43c00000)
   the space 699072K,  89% used [0x19150000, 0x3f12bd70, 0x3f12be00, 0x43c00000)
 Metaspace       used 3550K, capacity 3598K, committed 3648K, reserved 4480K
Event: 19.894 GC heap after
Heap after GC invocations=102 (full 8):
 def new generation   total 314560K, used 34943K [0x03c00000, 0x19150000, 0x19150000)
  eden space 279616K,   0% used [0x03c00000, 0x03c00000, 0x14d10000)
  from space 34944K,  99% used [0x16f30000, 0x1914fff8, 0x19150000)
  to   space 34944K,   0% used [0x14d10000, 0x14d10000, 0x16f30000)
 tenured generation   total 699072K, used 692054K [0x19150000, 0x43c00000, 0x43c00000)
   the space 699072K,  98% used [0x19150000, 0x43525a28, 0x43525c00, 0x43c00000)
 Metaspace       used 3550K, capacity 3598K, committed 3648K, reserved 4480K
}
Event: 20.479 GC heap before
{Heap before GC invocations=102 (full 8):
 def new generation   total 314560K, used 314559K [0x03c00000, 0x19150000, 0x19150000)
  eden space 279616K, 100% used [0x03c00000, 0x14d10000, 0x14d10000)
  from space 34944K,  99% used [0x16f30000, 0x1914fff8, 0x19150000)
  to   space 34944K,   0% used [0x14d10000, 0x14d10000, 0x16f30000)
 tenured generation   total 699072K, used 692054K [0x19150000, 0x43c00000, 0x43c00000)
   the space 699072K,  98% used [0x19150000, 0x43525a28, 0x43525c00, 0x43c00000)
 Metaspace       used 3550K, capacity 3598K, committed 3648K, reserved 4480K
Event: 22.013 GC heap after
Heap after GC invocations=103 (full 9):
 def new generation   total 314560K, used 0K [0x03c00000, 0x19150000, 0x19150000)
  eden space 279616K,   0% used [0x03c00000, 0x03c00000, 0x14d10000)
  from space 34944K,   0% used [0x16f30000, 0x16f30000, 0x19150000)
  to   space 34944K,   0% used [0x14d10000, 0x14d10000, 0x16f30000)
 tenured generation   total 699072K, used 666842K [0x19150000, 0x43c00000, 0x43c00000)
   the space 699072K,  95% used [0x19150000, 0x41c868a8, 0x41c86a00, 0x43c00000)
 Metaspace       used 3550K, capacity 3598K, committed 3648K, reserved 4480K
}
Event: 22.493 GC heap before
{Heap before GC invocations=103 (full 9):
 def new generation   total 314560K, used 279616K [0x03c00000, 0x19150000, 0x19150000)
  eden space 279616K, 100% used [0x03c00000, 0x14d10000, 0x14d10000)
  from space 34944K,   0% used [0x16f30000, 0x16f30000, 0x19150000)
  to   space 34944K,   0% used [0x14d10000, 0x14d10000, 0x16f30000)
 tenured generation   total 699072K, used 666842K [0x19150000, 0x43c00000, 0x43c00000)
   the space 699072K,  95% used [0x19150000, 0x41c868a8, 0x41c86a00, 0x43c00000)
 Metaspace       used 3550K, capacity 3598K, committed 3648K, reserved 4480K
Event: 24.108 GC heap after
Heap after GC invocations=104 (full 10):
 def new generation   total 314560K, used 10936K [0x03c00000, 0x19150000, 0x19150000)
  eden space 279616K,   3% used [0x03c00000, 0x046ae078, 0x14d10000)
  from space 34944K,   0% used [0x16f30000, 0x16f30000, 0x19150000)
  to   space 34944K,   0% used [0x14d10000, 0x14d10000, 0x16f30000)
 tenured generation   total 699072K, used 699072K [0x19150000, 0x43c00000, 0x43c00000)
   the space 699072K, 100% used [0x19150000, 0x43c00000, 0x43c00000, 0x43c00000)
 Metaspace       used 3550K, capacity 3598K, committed 3648K, reserved 4480K
}
Event: 24.872 GC heap before
{Heap before GC invocations=104 (full 10):
 def new generation   total 314560K, used 314559K [0x03c00000, 0x19150000, 0x19150000)
  eden space 279616K, 100% used [0x03c00000, 0x14d10000, 0x14d10000)
  from space 34944K,  99% used [0x16f30000, 0x1914ffd8, 0x19150000)
  to   space 34944K,   0% used [0x14d10000, 0x14d10000, 0x16f30000)
 tenured generation   total 699072K, used 699072K [0x19150000, 0x43c00000, 0x43c00000)
   the space 699072K, 100% used [0x19150000, 0x43c00000, 0x43c00000, 0x43c00000)
 Metaspace       used 3565K, capacity 3598K, committed 3648K, reserved 4480K
Event: 26.642 GC heap after
Heap after GC invocations=105 (full 11):
 def new generation   total 314560K, used 53984K [0x03c00000, 0x19150000, 0x19150000)
  eden space 279616K,  19% used [0x03c00000, 0x070b81b0, 0x14d10000)
  from space 34944K,   0% used [0x16f30000, 0x16f30000, 0x19150000)
  to   space 34944K,   0% used [0x14d10000, 0x14d10000, 0x16f30000)
 tenured generation   total 699072K, used 699071K [0x19150000, 0x43c00000, 0x43c00000)
   the space 699072K,  99% used [0x19150000, 0x43bffff8, 0x43c00000, 0x43c00000)
 Metaspace       used 3565K, capacity 3598K, committed 3648K, reserved 4480K
}
Event: 27.399 GC heap before
{Heap before GC invocations=105 (full 11):
 def new generation   total 314560K, used 314560K [0x03c00000, 0x19150000, 0x19150000)
  eden space 279616K, 100% used [0x03c00000, 0x14d10000, 0x14d10000)
  from space 34944K, 100% used [0x16f30000, 0x19150000, 0x19150000)
  to   space 34944K,   0% used [0x14d10000, 0x14d10000, 0x16f30000)
 tenured generation   total 699072K, used 699071K [0x19150000, 0x43c00000, 0x43c00000)
   the space 699072K,  99% used [0x19150000, 0x43bffff8, 0x43c00000, 0x43c00000)
 Metaspace       used 3578K, capacity 3598K, committed 3648K, reserved 4480K

Deoptimization events (0 events):
No events

Internal exceptions (5 events):
Event: 0.024 Thread 0x0123bc00 Exception <a 'java/lang/NoSuchMethodError': Method sun.misc.Unsafe.defineClass(Ljava/lang/String;[BII)Ljava/lang/Class; name or signature does not match> (0x03c06ea8) thrown at [C:\re\workspace\8-2-build-windows-i586-cygwin\jdk8u101\7261\hotspot\src\share\gc2Î˜?
Event: 0.024 Thread 0x0123bc00 Exception <a 'java/lang/NoSuchMethodError': Method sun.misc.Unsafe.prefetchRead(Ljava/lang/Object;J)V name or signature does not match> (0x03c07178) thrown at [C:\re\workspace\8-2-build-windows-i586-cygwin\jdk8u101\7261\hotspot\src\share\vm\prims\jni.cpp, a’É|}ê?
Event: 0.816 Thread 0x4458a400 Exception <a 'java/lang/ArrayIndexOutOfBoundsException': 18> (0x04058828) thrown at [C:\re\workspace\8-2-build-windows-i586-cygwin\jdk8u101\7261\hotspot\src\share\vm\interpreter\interpreterRuntime.cpp, line 366]
Event: 0.816 Thread 0x4458a400 Exception <a 'java/lang/ArrayIndexOutOfBoundsException': 145> (0x0405a0c8) thrown at [C:\re\workspace\8-2-build-windows-i586-cygwin\jdk8u101\7261\hotspot\src\share\vm\interpreter\interpreterRuntime.cpp, line 366]
Event: 0.816 Thread 0x4458a400 Exception <a 'java/lang/ArrayIndexOutOfBoundsException': 40> (0x0405b1a8) thrown at [C:\re\workspace\8-2-build-windows-i586-cygwin\jdk8u101\7261\hotspot\src\share\vm\interpreter\interpreterRuntime.cpp, line 366]

Events (10 events):
Event: 26.654 loading class com/android/dx/rop/cst/Zeroes done
Event: 26.673 Executing VM operation: RevokeBias
Event: 26.673 Executing VM operation: RevokeBias done
Event: 27.015 loading class java/util/HashMap$KeySet
Event: 27.015 loading class java/util/HashMap$KeySet done
Event: 27.015 loading class java/util/HashMap$KeyIterator
Event: 27.015 loading class java/util/HashMap$KeyIterator done
Event: 27.043 loading class com/android/dx/dex/file/CatchStructs
Event: 27.043 loading class com/android/dx/dex/file/CatchStructs done
Event: 27.399 Executing VM operation: GenCollectForAllocation


Dynamic libraries:
0x012a0000 - 0x012d3000 	C:\Program Files\Java\jdk1.8.0_101\bin\java.exe
0x77320000 - 0x7745c000 	C:\Windows\SYSTEM32\ntdll.dll
0x76880000 - 0x76954000 	C:\Windows\system32\kernel32.dll
0x75700000 - 0x7574a000 	C:\Windows\system32\KERNELBASE.dll
0x76dc0000 - 0x76e60000 	C:\Windows\system32\ADVAPI32.dll
0x76fa0000 - 0x7704c000 	C:\Windows\system32\msvcrt.dll
0x77480000 - 0x77499000 	C:\Windows\SYSTEM32\sechost.dll
0x76960000 - 0x76a01000 	C:\Windows\system32\RPCRT4.dll
0x76ec0000 - 0x76f89000 	C:\Windows\system32\USER32.dll
0x76620000 - 0x7666e000 	C:\Windows\system32\GDI32.dll
0x77460000 - 0x7746a000 	C:\Windows\system32\LPK.dll
0x76a10000 - 0x76aad000 	C:\Windows\system32\USP10.dll
0x74280000 - 0x7441e000 	C:\Windows\WinSxS\x86_microsoft.windows.common-controls_6595b64144ccf1df_6.0.7600.16385_none_421189da2b7fabfc\COMCTL32.dll
0x77050000 - 0x770a7000 	C:\Windows\system32\SHLWAPI.dll
0x76700000 - 0x7671f000 	C:\Windows\system32\IMM32.DLL
0x77250000 - 0x7731c000 	C:\Windows\system32\MSCTF.dll
0x5cf00000 - 0x5cfbf000 	C:\Program Files\Java\jdk1.8.0_101\jre\bin\msvcr100.dll
0x5cb30000 - 0x5cefc000 	C:\Program Files\Java\jdk1.8.0_101\jre\bin\client\jvm.dll
0x70a20000 - 0x70a27000 	C:\Windows\system32\WSOCK32.dll
0x76bb0000 - 0x76be5000 	C:\Windows\system32\WS2_32.dll
0x76f90000 - 0x76f96000 	C:\Windows\system32\NSI.dll
0x70d40000 - 0x70d72000 	C:\Windows\system32\WINMM.dll
0x74970000 - 0x74979000 	C:\Windows\system32\VERSION.dll
0x77470000 - 0x77475000 	C:\Windows\system32\PSAPI.DLL
0x661e0000 - 0x661ec000 	C:\Program Files\Java\jdk1.8.0_101\jre\bin\verify.dll
0x65f80000 - 0x65fa1000 	C:\Program Files\Java\jdk1.8.0_101\jre\bin\java.dll
0x65f60000 - 0x65f73000 	C:\Program Files\Java\jdk1.8.0_101\jre\bin\zip.dll
0x759d0000 - 0x76619000 	C:\Windows\system32\SHELL32.dll
0x76720000 - 0x7687c000 	C:\Windows\system32\ole32.dll
0x75470000 - 0x7547b000 	C:\Windows\system32\profapi.dll
0x731d0000 - 0x732bb000 	C:\Windows\system32\dbghelp.dll

VM Arguments:
jvm_args: -Djava.awt.headless=true -Xmx1024M -Dfile.encoding=windows-1252 -Duser.country=US -Duser.language=en -Duser.variant 
java_command: com.android.dx.command.Main --dex --num-threads=4 --multi-dex --main-dex-list E:\SandeepProjectResources\MobipugNew\Mobipug27.10.18\MobipugSource\app\build\intermediates\multi-dex\debug\maindexlist.txt --output E:\SandeepProjectResources\MobipugNew\Mobipug27.10.18\MobipugSource\app\build\intermediates\transforms\dex\debug\folders\1000\1f\main E:\SandeepProjectResources\MobipugNew\Mobipug27.10.18\MobipugSource\app\build\intermediates\transforms\jarMerging\debug\jars\1\1f\combined.jar
java_class_path (initial): C:\Users\android-4\AppData\Local\Android\Sdk\build-tools\26.0.2\lib\dx.jar
Launcher Type: SUN_STANDARD

Environment Variables:
PATH=C:\ProgramData\Oracle\Java\javapath;C:\Windows\system32;C:\Windows;C:\Windows\System32\Wbem;C:\Windows\System32\WindowsPowerShell\v1.0\;C:\Program Files\Intel\OpenCL SDK\2.0\bin\x86;C:\Program Files\Skype\Phone\
USERNAME=android-4
OS=Windows_NT
PROCESSOR_IDENTIFIER=x86 Family 6 Model 42 Stepping 7, GenuineIntel



---------------  S Y S T E M  ---------------

OS: Windows 7 Build 7600 (6.1.7600.16385)

CPU:total 4 (2 cores per cpu, 2 threads per core) family 6 model 42 stepping 7, cmov, cx8, fxsr, mmx, sse, sse2, sse3, ssse3, sse4.1, sse4.2, popcnt, clmul, ht, tsc, tscinvbit

Memory: 4k page, physical 3578328k(325528k free), swap 24056564k(20340260k free)

vm_info: Java HotSpot(TM) Client VM (25.101-b13) for windows-x86 JRE (1.8.0_101-b13), built on Jun 22 2016 00:45:44 by "java_re" with MS VC++ 10.0 (VS2010)

time: Tue Nov 06 10:12:40 2018
elapsed time: 28 seconds (0d 0h 0m 28s)

