#
# A fatal error has been detected by the Java Runtime Environment:
#
#  EXCEPTION_ACCESS_VIOLATION (0xc0000005) at pc=0x61dc5185, pid=4396, tid=0x000010ac
#
# JRE version: Java(TM) SE Runtime Environment (8.0_101-b13) (build 1.8.0_101-b13)
# Java VM: Java HotSpot(TM) Client VM (25.101-b13 mixed mode windows-x86 )
# Problematic frame:
# V  [jvm.dll+0xa5185]
#
# Failed to write core dump. Minidumps are not enabled by default on client versions of Windows
#
# If you would like to submit a bug report, please visit:
#   http://bugreport.java.com/bugreport/crash.jsp
#

---------------  T H R E A D  ---------------

Current thread (0x4448a800):  VMThread [stack: 0x013f0000,0x01440000] [id=4268]

siginfo: ExceptionCode=0xc0000005, reading address 0x00000120

Registers:
EAX=0x00000000, EBX=0x0143f4a4, ECX=0x44348818, EDX=0x34ded0d4
ESP=0x0143f3b0, EBP=0x0143f3c0, ESI=0x34ded0d8, EDI=0x34f73088
EIP=0x61dc5185, EFLAGS=0x00010287

Top of Stack: (sp=0x0143f3b0)
0x0143f3b0:   01774050 0143f4a4 0176f210 01774170
0x0143f3c0:   0143f3d4 61dba531 0143f4a4 0176f264
0x0143f3d0:   00000001 0143f3ec 61db8207 0143f4a4
0x0143f3e0:   0176f210 0143f4e4 00000000 0143f608
0x0143f3f0:   61db41d7 00000000 0143f530 0143f4a4
0x0143f400:   01771c88 61db51b4 0184ffa0 0176f210
0x0143f410:   0176f260 61ff9c54 00000000 00000067
0x0143f420:   00000004 0000000e 00000000 0204a5c3 

Instructions: (pc=0x61dc5185)
0x61dc5165:   08 8b f0 eb 08 8d 9b 00 00 00 00 8b f8 8b 7f 34
0x61dc5175:   3b f7 73 1d 8d a4 24 00 00 00 00 8b 4e 04 8b 01
0x61dc5185:   8b 90 20 01 00 00 53 56 ff d2 8d 34 86 3b f7 72
0x61dc5195:   ea 8b 45 fc 3b 78 34 72 d2 8b c8 5f 89 71 0c 5e 


Register to memory mapping:

EAX=0x00000000 is an unknown value
EBX=0x0143f4a4 is an unknown value
ECX=0x44348818 is pointing into metadata
EDX=0x34ded0d4 is pointing into object: 0x34ded0b8
com.android.dx.dex.code.LocalSnapshot 
 - klass: 'com/android/dx/dex/code/LocalSnapshot'
ESP=0x0143f3b0 is an unknown value
EBP=0x0143f3c0 is an unknown value
ESI=
[error occurred during error reporting (printing register info), id 0xc0000005]

Stack: [0x013f0000,0x01440000],  sp=0x0143f3b0,  free space=316k
Native frames: (J=compiled Java code, j=interpreted, Vv=VM code, C=native code)
V  [jvm.dll+0xa5185]
V  [jvm.dll+0x9a531]
V  [jvm.dll+0x98207]
V  [jvm.dll+0x941d7]
V  [jvm.dll+0x98e73]
V  [jvm.dll+0x92e25]
V  [jvm.dll+0x1b81c6]
V  [jvm.dll+0x18292b]
V  [jvm.dll+0x181d31]
V  [jvm.dll+0x182147]
V  [jvm.dll+0x182342]
V  [jvm.dll+0x1c1ed6]
C  [msvcr100.dll+0x5c556]
C  [msvcr100.dll+0x5c600]
C  [kernel32.dll+0x51174]
C  [ntdll.dll+0x5b3f5]
C  [ntdll.dll+0x5b3c8]

VM_Operation (0x4486f414): GenCollectForAllocation, mode: safepoint, requested by thread 0x44656800


---------------  P R O C E S S  ---------------

Java Threads: ( => current thread )
  0x44659400 JavaThread "pool-2-thread-4" [_thread_blocked, id=2044, stack(0x44a30000,0x44a80000)]
  0x44654800 JavaThread "pool-2-thread-3" [_thread_blocked, id=3436, stack(0x44bd0000,0x44c20000)]
  0x44631000 JavaThread "pool-2-thread-2" [_thread_blocked, id=3468, stack(0x44af0000,0x44b40000)]
  0x44656800 JavaThread "pool-3-thread-1" [_thread_blocked, id=5380, stack(0x44820000,0x44870000)]
  0x44626000 JavaThread "pool-2-thread-1" [_thread_blocked, id=4176, stack(0x44b40000,0x44b90000)]
  0x444ecc00 JavaThread "Service Thread" daemon [_thread_blocked, id=984, stack(0x44730000,0x44780000)]
  0x444da000 JavaThread "C1 CompilerThread0" daemon [_thread_blocked, id=3880, stack(0x449c0000,0x44a10000)]
  0x444d9000 JavaThread "Attach Listener" daemon [_thread_blocked, id=1340, stack(0x44930000,0x44980000)]
  0x444d6000 JavaThread "Signal Dispatcher" daemon [_thread_blocked, id=5520, stack(0x447a0000,0x447f0000)]
  0x444b6c00 JavaThread "Finalizer" daemon [_thread_blocked, id=3688, stack(0x005a0000,0x005f0000)]
  0x44490400 JavaThread "Reference Handler" daemon [_thread_blocked, id=6004, stack(0x01360000,0x013b0000)]
  0x0189bc00 JavaThread "main" [_thread_blocked, id=5228, stack(0x005f0000,0x00640000)]

Other Threads:
=>0x4448a800 VMThread [stack: 0x013f0000,0x01440000] [id=4268]
  0x444d0400 WatcherThread [stack: 0x44890000,0x448e0000] [id=4480]

VM state:at safepoint (normal execution)

VM Mutex/Monitor currently owned by a thread:  ([mutex/lock_event])
[0x0189a230] Threads_lock - owner thread: 0x4448a800
[0x0189a640] Heap_lock - owner thread: 0x44656800

Heap:
 def new generation   total 204032K, used 204032K [0x03e00000, 0x11b60000, 0x19350000)
  eden space 181376K, 100% used [0x03e00000, 0x0ef20000, 0x0ef20000)
  from space 22656K, 100% used [0x10540000, 0x11b60000, 0x11b60000)
  to   space 22656K,  88% used [0x0ef20000, 0x102c5378, 0x10540000)
 tenured generation   total 456624K, used 456606K [0x19350000, 0x3513c000, 0x43e00000)
   the space 456624K,  99% used [0x19350000, 0x35137ae0, 0x35137c00, 0x3513c000)
 Metaspace       used 3560K, capacity 3598K, committed 3648K, reserved 4480K

Card table byte_map: [0x43e00000,0x44010000] byte_map_base: 0x43de1000

Polling page: 0x00140000

CodeCache: size=32768Kb used=3560Kb max_used=3560Kb free=29208Kb
 bounds [0x01c70000, 0x01ff0000, 0x03c70000]
 total_blobs=1870 nmethods=1723 adapters=77
 compilation: enabled

Compilation events (10 events):
Event: 10.291 Thread 0x444da000 1721             com.android.dx.rop.code.SwitchInsn::getCatches (4 bytes)
Event: 10.291 Thread 0x444da000 nmethod 1721 0x01fe81c8 code [0x01fe82c0, 0x01fe8340]
Event: 10.314 Thread 0x444da000 1722             com.android.dx.rop.code.BasicBlockList$RegCountVisitor::visitSwitchInsn (6 bytes)
Event: 10.314 Thread 0x444da000 nmethod 1722 0x01fe8388 code [0x01fe8480, 0x01fe850c]
Event: 10.684 Thread 0x444da000 1723             com.android.dx.rop.code.Rop::<init> (15 bytes)
Event: 10.684 Thread 0x444da000 nmethod 1723 0x01fe8588 code [0x01fe8680, 0x01fe873c]
Event: 10.721 Thread 0x444da000 1724             com.android.dx.rop.code.Rops::opNewArray (124 bytes)
Event: 10.722 Thread 0x444da000 nmethod 1724 0x01fe87c8 code [0x01fe8950, 0x01fe8d64]
Event: 11.071 Thread 0x444da000 1725             com.android.dx.rop.type.StdTypeList::withAddedType (55 bytes)
Event: 11.072 Thread 0x444da000 nmethod 1725 0x01fe9088 code [0x01fe9220, 0x01fe97b0]

GC Heap History (10 events):
Event: 9.291 GC heap after
Heap after GC invocations=92 (full 7):
 def new generation   total 204032K, used 22655K [0x03e00000, 0x11b60000, 0x19350000)
  eden space 181376K,   0% used [0x03e00000, 0x03e00000, 0x0ef20000)
  from space 22656K,  99% used [0x10540000, 0x11b5fff8, 0x11b60000)
  to   space 22656K,   0% used [0x0ef20000, 0x0ef20000, 0x10540000)
 tenured generation   total 453296K, used 339191K [0x19350000, 0x34dfc000, 0x43e00000)
   the space 453296K,  74% used [0x19350000, 0x2de8df90, 0x2de8e000, 0x34dfc000)
 Metaspace       used 3560K, capacity 3598K, committed 3648K, reserved 4480K
}
Event: 9.585 GC heap before
{Heap before GC invocations=92 (full 7):
 def new generation   total 204032K, used 204031K [0x03e00000, 0x11b60000, 0x19350000)
  eden space 181376K, 100% used [0x03e00000, 0x0ef20000, 0x0ef20000)
  from space 22656K,  99% used [0x10540000, 0x11b5fff8, 0x11b60000)
  to   space 22656K,   0% used [0x0ef20000, 0x0ef20000, 0x10540000)
 tenured generation   total 453296K, used 339191K [0x19350000, 0x34dfc000, 0x43e00000)
   the space 453296K,  74% used [0x19350000, 0x2de8df90, 0x2de8e000, 0x34dfc000)
 Metaspace       used 3560K, capacity 3598K, committed 3648K, reserved 4480K
Event: 9.706 GC heap after
Heap after GC invocations=93 (full 7):
 def new generation   total 204032K, used 22656K [0x03e00000, 0x11b60000, 0x19350000)
  eden space 181376K,   0% used [0x03e00000, 0x03e00000, 0x0ef20000)
  from space 22656K, 100% used [0x0ef20000, 0x10540000, 0x10540000)
  to   space 22656K,   0% used [0x10540000, 0x10540000, 0x11b60000)
 tenured generation   total 453296K, used 366379K [0x19350000, 0x34dfc000, 0x43e00000)
   the space 453296K,  80% used [0x19350000, 0x2f91af90, 0x2f91b000, 0x34dfc000)
 Metaspace       used 3560K, capacity 3598K, committed 3648K, reserved 4480K
}
Event: 9.994 GC heap before
{Heap before GC invocations=93 (full 7):
 def new generation   total 204032K, used 204032K [0x03e00000, 0x11b60000, 0x19350000)
  eden space 181376K, 100% used [0x03e00000, 0x0ef20000, 0x0ef20000)
  from space 22656K, 100% used [0x0ef20000, 0x10540000, 0x10540000)
  to   space 22656K,   0% used [0x10540000, 0x10540000, 0x11b60000)
 tenured generation   total 453296K, used 366379K [0x19350000, 0x34dfc000, 0x43e00000)
   the space 453296K,  80% used [0x19350000, 0x2f91af90, 0x2f91b000, 0x34dfc000)
 Metaspace       used 3560K, capacity 3598K, committed 3648K, reserved 4480K
Event: 10.111 GC heap after
Heap after GC invocations=94 (full 7):
 def new generation   total 204032K, used 22656K [0x03e00000, 0x11b60000, 0x19350000)
  eden space 181376K,   0% used [0x03e00000, 0x03e00000, 0x0ef20000)
  from space 22656K, 100% used [0x10540000, 0x11b60000, 0x11b60000)
  to   space 22656K,   0% used [0x0ef20000, 0x0ef20000, 0x10540000)
 tenured generation   total 453296K, used 392261K [0x19350000, 0x34dfc000, 0x43e00000)
   the space 453296K,  86% used [0x19350000, 0x31261758, 0x31261800, 0x34dfc000)
 Metaspace       used 3560K, capacity 3598K, committed 3648K, reserved 4480K
}
Event: 10.400 GC heap before
{Heap before GC invocations=94 (full 7):
 def new generation   total 204032K, used 204032K [0x03e00000, 0x11b60000, 0x19350000)
  eden space 181376K, 100% used [0x03e00000, 0x0ef20000, 0x0ef20000)
  from space 22656K, 100% used [0x10540000, 0x11b60000, 0x11b60000)
  to   space 22656K,   0% used [0x0ef20000, 0x0ef20000, 0x10540000)
 tenured generation   total 453296K, used 392261K [0x19350000, 0x34dfc000, 0x43e00000)
   the space 453296K,  86% used [0x19350000, 0x31261758, 0x31261800, 0x34dfc000)
 Metaspace       used 3560K, capacity 3598K, committed 3648K, reserved 4480K
Event: 10.513 GC heap after
Heap after GC invocations=95 (full 7):
 def new generation   total 204032K, used 22656K [0x03e00000, 0x11b60000, 0x19350000)
  eden space 181376K,   0% used [0x03e00000, 0x03e00000, 0x0ef20000)
  from space 22656K, 100% used [0x0ef20000, 0x10540000, 0x10540000)
  to   space 22656K,   0% used [0x10540000, 0x10540000, 0x11b60000)
 tenured generation   total 453296K, used 418076K [0x19350000, 0x34dfc000, 0x43e00000)
   the space 453296K,  92% used [0x19350000, 0x32b971f0, 0x32b97200, 0x34dfc000)
 Metaspace       used 3560K, capacity 3598K, committed 3648K, reserved 4480K
}
Event: 10.800 GC heap before
{Heap before GC invocations=95 (full 7):
 def new generation   total 204032K, used 204032K [0x03e00000, 0x11b60000, 0x19350000)
  eden space 181376K, 100% used [0x03e00000, 0x0ef20000, 0x0ef20000)
  from space 22656K, 100% used [0x0ef20000, 0x10540000, 0x10540000)
  to   space 22656K,   0% used [0x10540000, 0x10540000, 0x11b60000)
 tenured generation   total 453296K, used 418076K [0x19350000, 0x34dfc000, 0x43e00000)
   the space 453296K,  92% used [0x19350000, 0x32b971f0, 0x32b97200, 0x34dfc000)
 Metaspace       used 3560K, capacity 3598K, committed 3648K, reserved 4480K
Event: 10.914 GC heap after
Heap after GC invocations=96 (full 7):
 def new generation   total 204032K, used 22656K [0x03e00000, 0x11b60000, 0x19350000)
  eden space 181376K,   0% used [0x03e00000, 0x03e00000, 0x0ef20000)
  from space 22656K, 100% used [0x10540000, 0x11b60000, 0x11b60000)
  to   space 22656K,   0% used [0x0ef20000, 0x0ef20000, 0x10540000)
 tenured generation   total 453296K, used 442941K [0x19350000, 0x34dfc000, 0x43e00000)
   the space 453296K,  97% used [0x19350000, 0x343df540, 0x343df600, 0x34dfc000)
 Metaspace       used 3560K, capacity 3598K, committed 3648K, reserved 4480K
}
Event: 11.210 GC heap before
{Heap before GC invocations=96 (full 7):
 def new generation   total 204032K, used 204032K [0x03e00000, 0x11b60000, 0x19350000)
  eden space 181376K, 100% used [0x03e00000, 0x0ef20000, 0x0ef20000)
  from space 22656K, 100% used [0x10540000, 0x11b60000, 0x11b60000)
  to   space 22656K,   0% used [0x0ef20000, 0x0ef20000, 0x10540000)
 tenured generation   total 453296K, used 442941K [0x19350000, 0x34dfc000, 0x43e00000)
   the space 453296K,  97% used [0x19350000, 0x343df540, 0x343df600, 0x34dfc000)
 Metaspace       used 3560K, capacity 3598K, committed 3648K, reserved 4480K

Deoptimization events (0 events):
No events

Internal exceptions (5 events):
Event: 0.024 Thread 0x0189bc00 Exception <a 'java/lang/NoSuchMethodError': Method sun.misc.Unsafe.defineClass(Ljava/lang/String;[BII)Ljava/lang/Class; name or signature does not match> (0x03e06ea8) thrown at [C:\re\workspace\8-2-build-windows-i586-cygwin\jdk8u101\7261\hotspot\src\share\nRlD˜?
Event: 0.024 Thread 0x0189bc00 Exception <a 'java/lang/NoSuchMethodError': Method sun.misc.Unsafe.prefetchRead(Ljava/lang/Object;J)V name or signature does not match> (0x03e07178) thrown at [C:\re\workspace\8-2-build-windows-i586-cygwin\jdk8u101\7261\hotspot\src\share\vm\prims\jni.cpp, D™´8í?
Event: 0.907 Thread 0x44626000 Exception <a 'java/lang/ArrayIndexOutOfBoundsException': 18> (0x0400cc38) thrown at [C:\re\workspace\8-2-build-windows-i586-cygwin\jdk8u101\7261\hotspot\src\share\vm\interpreter\interpreterRuntime.cpp, line 366]
Event: 0.908 Thread 0x44626000 Exception <a 'java/lang/ArrayIndexOutOfBoundsException': 145> (0x0400e4d8) thrown at [C:\re\workspace\8-2-build-windows-i586-cygwin\jdk8u101\7261\hotspot\src\share\vm\interpreter\interpreterRuntime.cpp, line 366]
Event: 0.908 Thread 0x44626000 Exception <a 'java/lang/ArrayIndexOutOfBoundsException': 40> (0x0400f5b8) thrown at [C:\re\workspace\8-2-build-windows-i586-cygwin\jdk8u101\7261\hotspot\src\share\vm\interpreter\interpreterRuntime.cpp, line 366]

Events (10 events):
Event: 9.291 Executing VM operation: GenCollectForAllocation done
Event: 9.585 Executing VM operation: GenCollectForAllocation
Event: 9.706 Executing VM operation: GenCollectForAllocation done
Event: 9.994 Executing VM operation: GenCollectForAllocation
Event: 10.111 Executing VM operation: GenCollectForAllocation done
Event: 10.400 Executing VM operation: GenCollectForAllocation
Event: 10.513 Executing VM operation: GenCollectForAllocation done
Event: 10.800 Executing VM operation: GenCollectForAllocation
Event: 10.914 Executing VM operation: GenCollectForAllocation done
Event: 11.210 Executing VM operation: GenCollectForAllocation


Dynamic libraries:
0x012c0000 - 0x012f3000 	C:\Program Files\Java\jdk1.8.0_101\bin\java.exe
0x77380000 - 0x774bc000 	C:\Windows\SYSTEM32\ntdll.dll
0x772a0000 - 0x77374000 	C:\Windows\system32\kernel32.dll
0x75690000 - 0x756da000 	C:\Windows\system32\KERNELBASE.dll
0x766b0000 - 0x76750000 	C:\Windows\system32\ADVAPI32.dll
0x77190000 - 0x7723c000 	C:\Windows\system32\msvcrt.dll
0x77510000 - 0x77529000 	C:\Windows\SYSTEM32\sechost.dll
0x76ca0000 - 0x76d41000 	C:\Windows\system32\RPCRT4.dll
0x76970000 - 0x76a39000 	C:\Windows\system32\USER32.dll
0x757d0000 - 0x7581e000 	C:\Windows\system32\GDI32.dll
0x774d0000 - 0x774da000 	C:\Windows\system32\LPK.dll
0x759a0000 - 0x75a3d000 	C:\Windows\system32\USP10.dll
0x74340000 - 0x744de000 	C:\Windows\WinSxS\x86_microsoft.windows.common-controls_6595b64144ccf1df_6.0.7600.16385_none_421189da2b7fabfc\COMCTL32.dll
0x77240000 - 0x77297000 	C:\Windows\system32\SHLWAPI.dll
0x76690000 - 0x766af000 	C:\Windows\system32\IMM32.DLL
0x758d0000 - 0x7599c000 	C:\Windows\system32\MSCTF.dll
0x64bd0000 - 0x64c8f000 	C:\Program Files\Java\jdk1.8.0_101\jre\bin\msvcr100.dll
0x61d20000 - 0x620ec000 	C:\Program Files\Java\jdk1.8.0_101\jre\bin\client\jvm.dll
0x70a70000 - 0x70a77000 	C:\Windows\system32\WSOCK32.dll
0x767e0000 - 0x76815000 	C:\Windows\system32\WS2_32.dll
0x76960000 - 0x76966000 	C:\Windows\system32\NSI.dll
0x70d90000 - 0x70dc2000 	C:\Windows\system32\WINMM.dll
0x749d0000 - 0x749d9000 	C:\Windows\system32\VERSION.dll
0x76de0000 - 0x76de5000 	C:\Windows\system32\PSAPI.DLL
0x739b0000 - 0x739bc000 	C:\Program Files\Java\jdk1.8.0_101\jre\bin\verify.dll
0x6b6f0000 - 0x6b711000 	C:\Program Files\Java\jdk1.8.0_101\jre\bin\java.dll
0x72a40000 - 0x72a53000 	C:\Program Files\Java\jdk1.8.0_101\jre\bin\zip.dll
0x75a40000 - 0x76689000 	C:\Windows\system32\SHELL32.dll
0x76a40000 - 0x76b9c000 	C:\Windows\system32\ole32.dll
0x754d0000 - 0x754db000 	C:\Windows\system32\profapi.dll
0x73240000 - 0x7332b000 	C:\Windows\system32\dbghelp.dll

VM Arguments:
jvm_args: -Djava.awt.headless=true -Xmx1024M -Dfile.encoding=windows-1252 -Duser.country=US -Duser.language=en -Duser.variant 
java_command: com.android.dx.command.Main --dex --num-threads=4 --multi-dex --main-dex-list E:\SandeepProjectResources\MobipugNew\Mobipug27.10.18\MobipugSource\app\build\intermediates\multi-dex\debug\maindexlist.txt --output E:\SandeepProjectResources\MobipugNew\Mobipug27.10.18\MobipugSource\app\build\intermediates\transforms\dex\debug\folders\1000\1f\main E:\SandeepProjectResources\MobipugNew\Mobipug27.10.18\MobipugSource\app\build\intermediates\transforms\jarMerging\debug\jars\1\1f\combined.jar
java_class_path (initial): C:\Users\android-4\AppData\Local\Android\Sdk\build-tools\26.0.2\lib\dx.jar
Launcher Type: SUN_STANDARD

Environment Variables:
PATH=C:\ProgramData\Oracle\Java\javapath;C:\Windows\system32;C:\Windows;C:\Windows\System32\Wbem;C:\Windows\System32\WindowsPowerShell\v1.0\;C:\Program Files\Intel\OpenCL SDK\2.0\bin\x86;C:\Program Files\Skype\Phone\
USERNAME=android-4
OS=Windows_NT
PROCESSOR_IDENTIFIER=x86 Family 6 Model 42 Stepping 7, GenuineIntel



---------------  S Y S T E M  ---------------

OS: Windows 7 Build 7600 (6.1.7600.16385)

CPU:total 4 (2 cores per cpu, 2 threads per core) family 6 model 42 stepping 7, cmov, cx8, fxsr, mmx, sse, sse2, sse3, ssse3, sse4.1, sse4.2, popcnt, clmul, ht, tsc, tscinvbit

Memory: 4k page, physical 3578328k(493736k free), swap 24056564k(19816684k free)

vm_info: Java HotSpot(TM) Client VM (25.101-b13) for windows-x86 JRE (1.8.0_101-b13), built on Jun 22 2016 00:45:44 by "java_re" with MS VC++ 10.0 (VS2010)

time: Sat Nov 03 17:33:49 2018
elapsed time: 11 seconds (0d 0h 0m 11s)

