#
# A fatal error has been detected by the Java Runtime Environment:
#
#  EXCEPTION_ACCESS_VIOLATION (0xc0000005) at pc=0x52cc55cf, pid=5432, tid=0x00001264
#
# JRE version: Java(TM) SE Runtime Environment (8.0_101-b13) (build 1.8.0_101-b13)
# Java VM: Java HotSpot(TM) Client VM (25.101-b13 mixed mode windows-x86 )
# Problematic frame:
# V  [jvm.dll+0x955cf]
#
# Failed to write core dump. Minidumps are not enabled by default on client versions of Windows
#
# If you would like to submit a bug report, please visit:
#   http://bugreport.java.com/bugreport/crash.jsp
#

---------------  T H R E A D  ---------------

Current thread (0x443ea800):  VMThread [stack: 0x03ad0000,0x03b20000] [id=4708]

siginfo: ExceptionCode=0xc0000005, reading address 0x00000074

Registers:
EAX=0x00000000, EBX=0x0000001a, ECX=0x442a60f0, EDX=0x2056fa0c
ESP=0x03b1f0f8, EBP=0x03b1f108, ESI=0x01131c48, EDI=0x077440d8
EIP=0x52cc55cf, EFLAGS=0x00010246

Top of Stack: (sp=0x03b1f0f8)
0x03b1f0f8:   03b1f224 2056f9bc 0000001a 01131c48
0x03b1f108:   03b1f120 52d0132d 077440d8 2060ca60
0x03b1f118:   2056f9a8 03b1f224 03b1f140 52cd518f
0x03b1f128:   2056fa0c 03b1f224 01134010 03b1f224
0x03b1f138:   0112f1d0 01134130 03b1f154 52cca531
0x03b1f148:   03b1f224 0112f224 00000001 03b1f16c
0x03b1f158:   52cc8207 03b1f224 0112f1d0 03b1f264
0x03b1f168:   00000000 03b1f388 52cc41d7 00000000 

Instructions: (pc=0x52cc55cf)
0x52cc55af:   83 e1 3f d3 e3 4a c1 f8 10 25 ff 00 00 00 03 da
0x52cc55bf:   03 d8 f7 d2 c1 eb 02 c1 ea 02 23 da eb 0a 8b 01
0x52cc55cf:   8b 50 74 57 ff d2 8b d8 8b 07 f6 d0 a8 01 8b 07
0x52cc55df:   74 05 83 e0 fd 8b 00 c1 e8 03 83 e0 0f 3b 86 8c 


Register to memory mapping:

EAX=0x00000000 is an unknown value
EBX=0x0000001a is an unknown value
ECX=0x442a60f0 is pointing into metadata
EDX=0x2056fa0c is pointing into object: 0x2056f9a8
[Ljava.lang.Object; 
 - klass: 'java/lang/Object'[]
 - length: 22
ESP=0x03b1f0f8 is an unknown value
EBP=0x03b1f108 is an unknown value
ESI=0x01131c48 is an unknown value
EDI=
[error occurred during error reporting (printing register info), id 0xc0000005]

Stack: [0x03ad0000,0x03b20000],  sp=0x03b1f0f8,  free space=316k
Native frames: (J=compiled Java code, j=interpreted, Vv=VM code, C=native code)
V  [jvm.dll+0x955cf]
V  [jvm.dll+0xd132d]
V  [jvm.dll+0xa518f]
V  [jvm.dll+0x9a531]
V  [jvm.dll+0x98207]
V  [jvm.dll+0x941d7]
V  [jvm.dll+0x98e73]
V  [jvm.dll+0x9939e]
V  [jvm.dll+0x1b829c]
V  [jvm.dll+0x18292b]
V  [jvm.dll+0x181d31]
V  [jvm.dll+0x182147]
V  [jvm.dll+0x182342]
V  [jvm.dll+0x1c1ed6]
C  [msvcr100.dll+0x5c556]
C  [msvcr100.dll+0x5c600]
C  [kernel32.dll+0x51174]
C  [ntdll.dll+0x5b3f5]
C  [ntdll.dll+0x5b3c8]

VM_Operation (0x017ff824): GenCollectFull, mode: safepoint, requested by thread 0x012cbc00


---------------  P R O C E S S  ---------------

Java Threads: ( => current thread )
  0x4459ac00 JavaThread "pool-2-thread-4" [_thread_blocked, id=3136, stack(0x44ae0000,0x44b30000)]
  0x4459b800 JavaThread "pool-2-thread-3" [_thread_blocked, id=3024, stack(0x01760000,0x017b0000)]
  0x44595c00 JavaThread "pool-2-thread-2" [_thread_blocked, id=5884, stack(0x44a30000,0x44a80000)]
  0x44565c00 JavaThread "pool-3-thread-1" [_thread_blocked, id=2444, stack(0x44920000,0x44970000)]
  0x44565000 JavaThread "pool-2-thread-1" [_thread_blocked, id=4812, stack(0x44870000,0x448c0000)]
  0x4444d800 JavaThread "Service Thread" daemon [_thread_blocked, id=5832, stack(0x01690000,0x016e0000)]
  0x4443a400 JavaThread "C1 CompilerThread0" daemon [_thread_blocked, id=3616, stack(0x44760000,0x447b0000)]
  0x44439000 JavaThread "Attach Listener" daemon [_thread_blocked, id=848, stack(0x44690000,0x446e0000)]
  0x44436000 JavaThread "Signal Dispatcher" daemon [_thread_blocked, id=3076, stack(0x446f0000,0x44740000)]
  0x44416c00 JavaThread "Finalizer" daemon [_thread_blocked, id=4496, stack(0x016e0000,0x01730000)]
  0x443f0400 JavaThread "Reference Handler" daemon [_thread_blocked, id=3772, stack(0x03b90000,0x03be0000)]
  0x012cbc00 JavaThread "main" [_thread_blocked, id=3620, stack(0x017b0000,0x01800000)]

Other Threads:
=>0x443ea800 VMThread [stack: 0x03ad0000,0x03b20000] [id=4708]
  0x4442ec00 WatcherThread [stack: 0x03b30000,0x03b80000] [id=3756]

VM state:at safepoint (normal execution)

VM Mutex/Monitor currently owned by a thread:  ([mutex/lock_event])
[0x012ca1d0] Threads_lock - owner thread: 0x443ea800
[0x012ca5e0] Heap_lock - owner thread: 0x012cbc00

Heap:
 def new generation   total 65216K, used 65216K [0x03c00000, 0x082c0000, 0x19150000)
  eden space 57984K, 100% used [0x03c00000, 0x074a0000, 0x074a0000)
  from space 7232K, 100% used [0x074a0000, 0x07bb0000, 0x07bb0000)
  to   space 7232K,  99% used [0x07bb0000, 0x082bfff8, 0x082c0000)
 tenured generation   total 144808K, used 119880K [0x19150000, 0x21eba000, 0x43c00000)
   the space 144808K,  82% used [0x19150000, 0x20662080, 0x20662200, 0x21eba000)
 Metaspace       used 3545K, capacity 3598K, committed 3648K, reserved 4480K

Card table byte_map: [0x43c00000,0x43e10000] byte_map_base: 0x43be2000

Polling page: 0x00470000

CodeCache: size=32768Kb used=3158Kb max_used=3158Kb free=29610Kb
 bounds [0x01ad0000, 0x01de8000, 0x03ad0000]
 total_blobs=1628 nmethods=1481 adapters=77
 compilation: enabled

Compilation events (10 events):
Event: 3.345 Thread 0x4443a400 1478   !         com.android.dx.cf.direct.DirectClassFile$DcfTypeList::<init> (137 bytes)
Event: 3.347 Thread 0x4443a400 nmethod 1478 0x01de2e88 code [0x01de30d0, 0x01de3af0]
Event: 3.349 Thread 0x4443a400 1479             com.android.dx.cf.direct.DirectClassFile::makeTypeList (47 bytes)
Event: 3.350 Thread 0x4443a400 nmethod 1479 0x01de4d08 code [0x01de4e20, 0x01de4fc8]
Event: 3.383 Thread 0x4443a400 1480             com.android.dx.cf.direct.DirectClassFile::getMethods (9 bytes)
Event: 3.383 Thread 0x4443a400 nmethod 1480 0x01de50c8 code [0x01de51c0, 0x01de526c]
Event: 3.385 Thread 0x4443a400 1481             java.util.concurrent.locks.AbstractQueuedSynchronizer::compareAndSetWaitStatus (13 bytes)
Event: 3.385 Thread 0x4443a400 nmethod 1481 0x01de5308 code [0x01de5400, 0x01de5490]
Event: 3.397 Thread 0x4443a400 1483             java.util.concurrent.locks.LockSupport::setBlocker (12 bytes)
Event: 3.397 Thread 0x4443a400 nmethod 1483 0x01de5788 code [0x01de5880, 0x01de5900]

GC Heap History (10 events):
Event: 2.737 GC heap after
Heap after GC invocations=51 (full 5):
 def new generation   total 65216K, used 4172K [0x03c00000, 0x082c0000, 0x19150000)
  eden space 57984K,   7% used [0x03c00000, 0x04013010, 0x074a0000)
  from space 7232K,   0% used [0x074a0000, 0x074a0000, 0x07bb0000)
  to   space 7232K,   0% used [0x07bb0000, 0x07bb0000, 0x082c0000)
 tenured generation   total 144808K, used 86883K [0x19150000, 0x21eba000, 0x43c00000)
   the space 144808K,  59% used [0x19150000, 0x1e628ff8, 0x1e629000, 0x21eba000)
 Metaspace       used 3544K, capacity 3598K, committed 3648K, reserved 4480K
}
Event: 2.830 GC heap before
{Heap before GC invocations=51 (full 5):
 def new generation   total 65216K, used 57984K [0x03c00000, 0x082c0000, 0x19150000)
  eden space 57984K, 100% used [0x03c00000, 0x074a0000, 0x074a0000)
  from space 7232K,   0% used [0x074a0000, 0x074a0000, 0x07bb0000)
  to   space 7232K,   0% used [0x07bb0000, 0x07bb0000, 0x082c0000)
 tenured generation   total 144808K, used 86883K [0x19150000, 0x21eba000, 0x43c00000)
   the space 144808K,  59% used [0x19150000, 0x1e628ff8, 0x1e629000, 0x21eba000)
 Metaspace       used 3544K, capacity 3598K, committed 3648K, reserved 4480K
Event: 2.904 GC heap after
Heap after GC invocations=52 (full 5):
 def new generation   total 65216K, used 7231K [0x03c00000, 0x082c0000, 0x19150000)
  eden space 57984K,   0% used [0x03c00000, 0x03c00000, 0x074a0000)
  from space 7232K,  99% used [0x07bb0000, 0x082bfff8, 0x082c0000)
  to   space 7232K,   0% used [0x074a0000, 0x074a0000, 0x07bb0000)
 tenured generation   total 144808K, used 91202K [0x19150000, 0x21eba000, 0x43c00000)
   the space 144808K,  62% used [0x19150000, 0x1ea609f0, 0x1ea60a00, 0x21eba000)
 Metaspace       used 3544K, capacity 3598K, committed 3648K, reserved 4480K
}
Event: 3.001 GC heap before
{Heap before GC invocations=52 (full 5):
 def new generation   total 65216K, used 65215K [0x03c00000, 0x082c0000, 0x19150000)
  eden space 57984K, 100% used [0x03c00000, 0x074a0000, 0x074a0000)
  from space 7232K,  99% used [0x07bb0000, 0x082bfff8, 0x082c0000)
  to   space 7232K,   0% used [0x074a0000, 0x074a0000, 0x07bb0000)
 tenured generation   total 144808K, used 91202K [0x19150000, 0x21eba000, 0x43c00000)
   the space 144808K,  62% used [0x19150000, 0x1ea609f0, 0x1ea60a00, 0x21eba000)
 Metaspace       used 3544K, capacity 3598K, committed 3648K, reserved 4480K
Event: 3.040 GC heap after
Heap after GC invocations=53 (full 5):
 def new generation   total 65216K, used 7232K [0x03c00000, 0x082c0000, 0x19150000)
  eden space 57984K,   0% used [0x03c00000, 0x03c00000, 0x074a0000)
  from space 7232K, 100% used [0x074a0000, 0x07bb0000, 0x07bb0000)
  to   space 7232K,   0% used [0x07bb0000, 0x07bb0000, 0x082c0000)
 tenured generation   total 144808K, used 99057K [0x19150000, 0x21eba000, 0x43c00000)
   the space 144808K,  68% used [0x19150000, 0x1f20c730, 0x1f20c800, 0x21eba000)
 Metaspace       used 3544K, capacity 3598K, committed 3648K, reserved 4480K
}
Event: 3.135 GC heap before
{Heap before GC invocations=53 (full 5):
 def new generation   total 65216K, used 65216K [0x03c00000, 0x082c0000, 0x19150000)
  eden space 57984K, 100% used [0x03c00000, 0x074a0000, 0x074a0000)
  from space 7232K, 100% used [0x074a0000, 0x07bb0000, 0x07bb0000)
  to   space 7232K,   0% used [0x07bb0000, 0x07bb0000, 0x082c0000)
 tenured generation   total 144808K, used 99069K [0x19150000, 0x21eba000, 0x43c00000)
   the space 144808K,  68% used [0x19150000, 0x1f20f530, 0x1f20f600, 0x21eba000)
 Metaspace       used 3544K, capacity 3598K, committed 3648K, reserved 4480K
Event: 3.174 GC heap after
Heap after GC invocations=54 (full 5):
 def new generation   total 65216K, used 7232K [0x03c00000, 0x082c0000, 0x19150000)
  eden space 57984K,   0% used [0x03c00000, 0x03c00000, 0x074a0000)
  from space 7232K, 100% used [0x07bb0000, 0x082c0000, 0x082c0000)
  to   space 7232K,   0% used [0x074a0000, 0x074a0000, 0x07bb0000)
 tenured generation   total 144808K, used 107891K [0x19150000, 0x21eba000, 0x43c00000)
   the space 144808K,  74% used [0x19150000, 0x1faace58, 0x1faad000, 0x21eba000)
 Metaspace       used 3544K, capacity 3598K, committed 3648K, reserved 4480K
}
Event: 3.292 GC heap before
{Heap before GC invocations=54 (full 5):
 def new generation   total 65216K, used 65216K [0x03c00000, 0x082c0000, 0x19150000)
  eden space 57984K, 100% used [0x03c00000, 0x074a0000, 0x074a0000)
  from space 7232K, 100% used [0x07bb0000, 0x082c0000, 0x082c0000)
  to   space 7232K,   0% used [0x074a0000, 0x074a0000, 0x07bb0000)
 tenured generation   total 144808K, used 107891K [0x19150000, 0x21eba000, 0x43c00000)
   the space 144808K,  74% used [0x19150000, 0x1faace58, 0x1faad000, 0x21eba000)
 Metaspace       used 3545K, capacity 3598K, committed 3648K, reserved 4480K
Event: 3.332 GC heap after
Heap after GC invocations=55 (full 5):
 def new generation   total 65216K, used 7232K [0x03c00000, 0x082c0000, 0x19150000)
  eden space 57984K,   0% used [0x03c00000, 0x03c00000, 0x074a0000)
  from space 7232K, 100% used [0x074a0000, 0x07bb0000, 0x07bb0000)
  to   space 7232K,   0% used [0x07bb0000, 0x07bb0000, 0x082c0000)
 tenured generation   total 144808K, used 116522K [0x19150000, 0x21eba000, 0x43c00000)
   the space 144808K,  80% used [0x19150000, 0x2031a8c0, 0x2031aa00, 0x21eba000)
 Metaspace       used 3545K, capacity 3598K, committed 3648K, reserved 4480K
}
Event: 3.426 GC heap before
{Heap before GC invocations=55 (full 5):
 def new generation   total 65216K, used 65216K [0x03c00000, 0x082c0000, 0x19150000)
  eden space 57984K, 100% used [0x03c00000, 0x074a0000, 0x074a0000)
  from space 7232K, 100% used [0x074a0000, 0x07bb0000, 0x07bb0000)
  to   space 7232K,   0% used [0x07bb0000, 0x07bb0000, 0x082c0000)
 tenured generation   total 144808K, used 116522K [0x19150000, 0x21eba000, 0x43c00000)
   the space 144808K,  80% used [0x19150000, 0x2031a8d8, 0x2031aa00, 0x21eba000)
 Metaspace       used 3545K, capacity 3598K, committed 3648K, reserved 4480K

Deoptimization events (0 events):
No events

Internal exceptions (5 events):
Event: 0.023 Thread 0x012cbc00 Exception <a 'java/lang/NoSuchMethodError': Method sun.misc.Unsafe.defineClass(Ljava/lang/String;[BII)Ljava/lang/Class; name or signature does not match> (0x03c06ea8) thrown at [C:\re\workspace\8-2-build-windows-i586-cygwin\jdk8u101\7261\hotspot\src\share\NGA|—?
Event: 0.023 Thread 0x012cbc00 Exception <a 'java/lang/NoSuchMethodError': Method sun.misc.Unsafe.prefetchRead(Ljava/lang/Object;J)V name or signature does not match> (0x03c07178) thrown at [C:\re\workspace\8-2-build-windows-i586-cygwin\jdk8u101\7261\hotspot\src\share\vm\prims\jni.cpp, 1×ä{¸*ê?
Event: 0.818 Thread 0x44565000 Exception <a 'java/lang/ArrayIndexOutOfBoundsException': 18> (0x040308e8) thrown at [C:\re\workspace\8-2-build-windows-i586-cygwin\jdk8u101\7261\hotspot\src\share\vm\interpreter\interpreterRuntime.cpp, line 366]
Event: 0.818 Thread 0x44565000 Exception <a 'java/lang/ArrayIndexOutOfBoundsException': 145> (0x04032188) thrown at [C:\re\workspace\8-2-build-windows-i586-cygwin\jdk8u101\7261\hotspot\src\share\vm\interpreter\interpreterRuntime.cpp, line 366]
Event: 0.818 Thread 0x44565000 Exception <a 'java/lang/ArrayIndexOutOfBoundsException': 40> (0x0403b3e8) thrown at [C:\re\workspace\8-2-build-windows-i586-cygwin\jdk8u101\7261\hotspot\src\share\vm\interpreter\interpreterRuntime.cpp, line 366]

Events (10 events):
Event: 3.040 Executing VM operation: GenCollectForAllocation done
Event: 3.135 Executing VM operation: GenCollectForAllocation
Event: 3.135 Executing VM operation: GenCollectForAllocation done
Event: 3.135 Executing VM operation: GenCollectFull
Event: 3.174 Executing VM operation: GenCollectFull done
Event: 3.292 Executing VM operation: GenCollectForAllocation
Event: 3.332 Executing VM operation: GenCollectForAllocation done
Event: 3.426 Executing VM operation: GenCollectForAllocation
Event: 3.426 Executing VM operation: GenCollectForAllocation done
Event: 3.426 Executing VM operation: GenCollectFull


Dynamic libraries:
0x01320000 - 0x01353000 	C:\Program Files\Java\jdk1.8.0_101\bin\java.exe
0x77570000 - 0x776ac000 	C:\Windows\SYSTEM32\ntdll.dll
0x77330000 - 0x77404000 	C:\Windows\system32\kernel32.dll
0x75940000 - 0x7598a000 	C:\Windows\system32\KERNELBASE.dll
0x75bd0000 - 0x75c70000 	C:\Windows\system32\ADVAPI32.dll
0x776f0000 - 0x7779c000 	C:\Windows\system32\msvcrt.dll
0x76d60000 - 0x76d79000 	C:\Windows\SYSTEM32\sechost.dll
0x77280000 - 0x77321000 	C:\Windows\system32\RPCRT4.dll
0x771b0000 - 0x77279000 	C:\Windows\system32\USER32.dll
0x76bf0000 - 0x76c3e000 	C:\Windows\system32\GDI32.dll
0x75a20000 - 0x75a2a000 	C:\Windows\system32\LPK.dll
0x77110000 - 0x771ad000 	C:\Windows\system32\USP10.dll
0x74530000 - 0x746ce000 	C:\Windows\WinSxS\x86_microsoft.windows.common-controls_6595b64144ccf1df_6.0.7600.16385_none_421189da2b7fabfc\COMCTL32.dll
0x759c0000 - 0x75a17000 	C:\Windows\system32\SHLWAPI.dll
0x776d0000 - 0x776ef000 	C:\Windows\system32\IMM32.DLL
0x77010000 - 0x770dc000 	C:\Windows\system32\MSCTF.dll
0x67e60000 - 0x67f1f000 	C:\Program Files\Java\jdk1.8.0_101\jre\bin\msvcr100.dll
0x52c30000 - 0x52ffc000 	C:\Program Files\Java\jdk1.8.0_101\jre\bin\client\jvm.dll
0x71280000 - 0x71287000 	C:\Windows\system32\WSOCK32.dll
0x76fd0000 - 0x77005000 	C:\Windows\system32\WS2_32.dll
0x76be0000 - 0x76be6000 	C:\Windows\system32\NSI.dll
0x70e50000 - 0x70e82000 	C:\Windows\system32\WINMM.dll
0x74bc0000 - 0x74bc9000 	C:\Windows\system32\VERSION.dll
0x776c0000 - 0x776c5000 	C:\Windows\system32\PSAPI.DLL
0x68770000 - 0x6877c000 	C:\Program Files\Java\jdk1.8.0_101\jre\bin\verify.dll
0x68740000 - 0x68761000 	C:\Program Files\Java\jdk1.8.0_101\jre\bin\java.dll
0x68720000 - 0x68733000 	C:\Program Files\Java\jdk1.8.0_101\jre\bin\zip.dll
0x75c70000 - 0x768b9000 	C:\Windows\system32\SHELL32.dll
0x77410000 - 0x7756c000 	C:\Windows\system32\ole32.dll
0x756c0000 - 0x756cb000 	C:\Windows\system32\profapi.dll
0x72060000 - 0x7214b000 	C:\Windows\system32\dbghelp.dll

VM Arguments:
jvm_args: -Djava.awt.headless=true -Xmx1024M -Dfile.encoding=windows-1252 -Duser.country=US -Duser.language=en -Duser.variant 
java_command: com.android.dx.command.Main --dex --num-threads=4 --multi-dex --main-dex-list E:\SandeepProjectResources\MobipugNew\MobipugSource\app\build\intermediates\multi-dex\debug\maindexlist.txt --output E:\SandeepProjectResources\MobipugNew\MobipugSource\app\build\intermediates\transforms\dex\debug\folders\1000\1f\main E:\SandeepProjectResources\MobipugNew\MobipugSource\app\build\intermediates\transforms\jarMerging\debug\jars\1\1f\combined.jar
java_class_path (initial): C:\Users\android-4\AppData\Local\Android\Sdk\build-tools\26.0.2\lib\dx.jar
Launcher Type: SUN_STANDARD

Environment Variables:
PATH=C:\ProgramData\Oracle\Java\javapath;C:\Windows\system32;C:\Windows;C:\Windows\System32\Wbem;C:\Windows\System32\WindowsPowerShell\v1.0\;C:\Program Files\Intel\OpenCL SDK\2.0\bin\x86;C:\Program Files\Skype\Phone\
USERNAME=android-4
OS=Windows_NT
PROCESSOR_IDENTIFIER=x86 Family 6 Model 42 Stepping 7, GenuineIntel



---------------  S Y S T E M  ---------------

OS: Windows 7 Build 7600 (6.1.7600.16385)

CPU:total 4 (2 cores per cpu, 2 threads per core) family 6 model 42 stepping 7, cmov, cx8, fxsr, mmx, sse, sse2, sse3, ssse3, sse4.1, sse4.2, popcnt, clmul, ht, tsc, tscinvbit

Memory: 4k page, physical 3578328k(342832k free), swap 24056564k(19250548k free)

vm_info: Java HotSpot(TM) Client VM (25.101-b13) for windows-x86 JRE (1.8.0_101-b13), built on Jun 22 2016 00:45:44 by "java_re" with MS VC++ 10.0 (VS2010)

time: Tue Oct 16 16:42:35 2018
elapsed time: 3 seconds (0d 0h 0m 3s)

