#
# A fatal error has been detected by the Java Runtime Environment:
#
#  EXCEPTION_ACCESS_VIOLATION (0xc0000005) at pc=0x64e9558f, pid=5128, tid=0x000001b8
#
# JRE version: Java(TM) SE Runtime Environment (8.0_101-b13) (build 1.8.0_101-b13)
# Java VM: Java HotSpot(TM) Client VM (25.101-b13 mixed mode windows-x86 )
# Problematic frame:
# V  [jvm.dll+0x9558f]
#
# Failed to write core dump. Minidumps are not enabled by default on client versions of Windows
#
# If you would like to submit a bug report, please visit:
#   http://bugreport.java.com/bugreport/crash.jsp
#

---------------  T H R E A D  ---------------

Current thread (0x443da800):  VMThread [stack: 0x00a30000,0x00a80000] [id=440]

siginfo: ExceptionCode=0xc0000005, reading address 0x00000004

Registers:
EAX=0x068e0148, EBX=0x000000b4, ECX=0x00000000, EDX=0x079be6a0
ESP=0x00a7f52c, EBP=0x00a7f53c, ESI=0x00901c48, EDI=0x068e0148
EIP=0x64e9558f, EFLAGS=0x00010293

Top of Stack: (sp=0x00a7f52c)
0x00a7f52c:   00a7f6e0 079be3f4 000000b4 00901c48
0x00a7f53c:   00a7f554 64ed132d 068e0148 07a1e000
0x00a7f54c:   079be3d0 00a7f6e0 00a7f574 64ea518f
0x00a7f55c:   079be6a0 00a7f6e0 00901c48 00a7f6e0
0x00a7f56c:   008ff1d0 00902ab8 00a7f588 64e93dad
0x00a7f57c:   00a7f6e0 008ff1d0 00000000 00a7f59c
0x00a7f58c:   64e981ec 00a7f6e0 00a7f694 00000000
0x00a7f59c:   00a7f7b8 64e941d7 00000000 00a7f6e0 

Instructions: (pc=0x64e9558f)
0x64e9556f:   ff c6 83 a0 01 00 00 00 5e 5b 5d c2 04 00 cc cc
0x64e9557f:   cc 55 8b ec 51 53 56 57 8b 7d 08 8b f1 8b 4f 04
0x64e9558f:   8b 41 04 89 75 fc 85 c0 7e 09 a8 01 75 30 c1 f8
0x64e9559f:   02 eb 33 79 29 8b 5f 08 8b 15 2c 8c 16 65 8b c8 


Register to memory mapping:

EAX=0x068e0148 is pointing into object: 0x068e00b8
[Lcom.android.dx.dex.code.CodeAddress; 
 - klass: 'com/android/dx/dex/code/CodeAddress'[]
 - length: 177
EBX=0x000000b4 is an unknown value
ECX=0x00000000 is an unknown value
EDX=0x079be6a0 is an oop
[Ljava.lang.Object; 
 - klass: 'java/lang/Object'[]
 - length: 33
ESP=0x00a7f52c is an unknown value
EBP=0x00a7f53c is an unknown value
ESI=0x00901c48 is an unknown value
EDI=0x068e0148 is pointing into object: 0x068e00b8
[Lcom.android.dx.dex.code.CodeAddress; 
 - klass: 'com/android/dx/dex/code/CodeAddress'[]
 - length: 177


Stack: [0x00a30000,0x00a80000],  sp=0x00a7f52c,  free space=317k
Native frames: (J=compiled Java code, j=interpreted, Vv=VM code, C=native code)
V  [jvm.dll+0x9558f]
V  [jvm.dll+0xd132d]
V  [jvm.dll+0xa518f]
V  [jvm.dll+0x93dad]
V  [jvm.dll+0x981ec]
V  [jvm.dll+0x941d7]
V  [jvm.dll+0x98e73]
V  [jvm.dll+0x92e25]
V  [jvm.dll+0x1b81c6]
V  [jvm.dll+0x18292b]
V  [jvm.dll+0x181d31]
V  [jvm.dll+0x182147]
V  [jvm.dll+0x182342]
V  [jvm.dll+0x1c1ed6]
C  [msvcr100.dll+0x5c556]
C  [msvcr100.dll+0x5c600]
C  [kernel32.dll+0x51174]
C  [ntdll.dll+0x5b3f5]
C  [ntdll.dll+0x5b3c8]

VM_Operation (0x44aceb98): GenCollectForAllocation, mode: safepoint, requested by thread 0x44588800


---------------  P R O C E S S  ---------------

Java Threads: ( => current thread )
  0x44588800 JavaThread "pool-2-thread-4" [_thread_blocked, id=6760, stack(0x44a80000,0x44ad0000)]
  0x44587c00 JavaThread "pool-2-thread-3" [_thread_blocked, id=7604, stack(0x009e0000,0x00a30000)]
  0x4458c800 JavaThread "pool-2-thread-2" [_thread_blocked, id=7760, stack(0x448d0000,0x44920000)]
  0x44557c00 JavaThread "pool-3-thread-1" [_thread_blocked, id=7964, stack(0x44980000,0x449d0000)]
  0x44552000 JavaThread "pool-2-thread-1" [_thread_blocked, id=4744, stack(0x449f0000,0x44a40000)]
  0x44421c00 JavaThread "Service Thread" daemon [_thread_blocked, id=4892, stack(0x44710000,0x44760000)]
  0x4442ac00 JavaThread "C1 CompilerThread0" daemon [_thread_blocked, id=6944, stack(0x44870000,0x448c0000)]
  0x4442a000 JavaThread "Attach Listener" daemon [_thread_blocked, id=1152, stack(0x447e0000,0x44830000)]
  0x44427000 JavaThread "Signal Dispatcher" daemon [_thread_blocked, id=4488, stack(0x445c0000,0x44610000)]
  0x44406c00 JavaThread "Finalizer" daemon [_thread_blocked, id=3356, stack(0x03cf0000,0x03d40000)]
  0x443e0400 JavaThread "Reference Handler" daemon [_thread_blocked, id=2488, stack(0x44660000,0x446b0000)]
  0x008dbc00 JavaThread "main" [_thread_blocked, id=6232, stack(0x00b30000,0x00b80000)]

Other Threads:
=>0x443da800 VMThread [stack: 0x00a30000,0x00a80000] [id=440]
  0x44434000 WatcherThread [stack: 0x44930000,0x44980000] [id=6836]

VM state:at safepoint (normal execution)

VM Mutex/Monitor currently owned by a thread:  ([mutex/lock_event])
[0x008da1d0] Threads_lock - owner thread: 0x443da800
[0x008da5e0] Heap_lock - owner thread: 0x44588800

Heap:
 def new generation   total 65280K, used 65279K [0x03e00000, 0x084d0000, 0x19350000)
  eden space 58048K, 100% used [0x03e00000, 0x076b0000, 0x076b0000)
  from space 7232K,  99% used [0x07dc0000, 0x084cfff8, 0x084d0000)
  to   space 7232K,  54% used [0x076b0000, 0x07a8b4a8, 0x07dc0000)
 tenured generation   total 144864K, used 108731K [0x19350000, 0x220c8000, 0x43e00000)
   the space 144864K,  75% used [0x19350000, 0x1fd7edb0, 0x1fd7ee00, 0x220c8000)
 Metaspace       used 3547K, capacity 3598K, committed 3648K, reserved 4480K

Card table byte_map: [0x00b80000,0x00d90000] byte_map_base: 0x00b61000

Polling page: 0x001a0000

CodeCache: size=32768Kb used=3141Kb max_used=3141Kb free=29626Kb
 bounds [0x01cf0000, 0x02008000, 0x03cf0000]
 total_blobs=1614 nmethods=1467 adapters=77
 compilation: enabled

Compilation events (10 events):
Event: 3.095 Thread 0x4442ac00 1464   !         java.util.zip.Inflater::reset (69 bytes)
Event: 3.095 Thread 0x4442ac00 nmethod 1464 0x01fffa08 code [0x01fffb20, 0x01fffdb8]
Event: 3.095 Thread 0x4442ac00 1466             java.util.ArrayDeque::add (7 bytes)
Event: 3.095 Thread 0x4442ac00 nmethod 1466 0x01ffff08 code [0x02000000, 0x0200008c]
Event: 3.095 Thread 0x4442ac00 1467             java.util.ArrayDeque::addLast (53 bytes)
Event: 3.096 Thread 0x4442ac00 nmethod 1467 0x02000108 code [0x02000220, 0x020003c8]
Event: 3.096 Thread 0x4442ac00 1468             sun.util.calendar.Gregorian$Date::setNormalizedYear (7 bytes)
Event: 3.096 Thread 0x4442ac00 nmethod 1468 0x02000508 code [0x02000600, 0x02000690]
Event: 3.114 Thread 0x4442ac00 1469             com.android.dx.cf.code.BytecodeArray::parseTableswitch (205 bytes)
Event: 3.115 Thread 0x4442ac00 nmethod 1469 0x020006c8 code [0x020008a0, 0x02000dd8]

GC Heap History (10 events):
Event: 2.311 GC heap after
Heap after GC invocations=50 (full 4):
 def new generation   total 38912K, used 4288K [0x03e00000, 0x06830000, 0x19350000)
  eden space 34624K,   0% used [0x03e00000, 0x03e00000, 0x05fd0000)
  from space 4288K, 100% used [0x05fd0000, 0x06400000, 0x06400000)
  to   space 4288K,   0% used [0x06400000, 0x06400000, 0x06830000)
 tenured generation   total 86328K, used 81891K [0x19350000, 0x1e79e000, 0x43e00000)
   the space 86328K,  94% used [0x19350000, 0x1e348dd8, 0x1e348e00, 0x1e79e000)
 Metaspace       used 3546K, capacity 3598K, committed 3648K, reserved 4480K
}
Event: 2.370 GC heap before
{Heap before GC invocations=50 (full 4):
 def new generation   total 38912K, used 38912K [0x03e00000, 0x06830000, 0x19350000)
  eden space 34624K, 100% used [0x03e00000, 0x05fd0000, 0x05fd0000)
  from space 4288K, 100% used [0x05fd0000, 0x06400000, 0x06400000)
  to   space 4288K,   0% used [0x06400000, 0x06400000, 0x06830000)
 tenured generation   total 86328K, used 81927K [0x19350000, 0x1e79e000, 0x43e00000)
   the space 86328K,  94% used [0x19350000, 0x1e351dd0, 0x1e351e00, 0x1e79e000)
 Metaspace       used 3546K, capacity 3598K, committed 3648K, reserved 4480K
Event: 2.593 GC heap after
Heap after GC invocations=51 (full 5):
 def new generation   total 65280K, used 4248K [0x03e00000, 0x084d0000, 0x19350000)
  eden space 58048K,   7% used [0x03e00000, 0x042262a8, 0x076b0000)
  from space 7232K,   0% used [0x076b0000, 0x076b0000, 0x07dc0000)
  to   space 7232K,   0% used [0x07dc0000, 0x07dc0000, 0x084d0000)
 tenured generation   total 144864K, used 86917K [0x19350000, 0x220c8000, 0x43e00000)
   the space 144864K,  59% used [0x19350000, 0x1e8316e8, 0x1e831800, 0x220c8000)
 Metaspace       used 3546K, capacity 3598K, committed 3648K, reserved 4480K
}
Event: 2.692 GC heap before
{Heap before GC invocations=51 (full 5):
 def new generation   total 65280K, used 58048K [0x03e00000, 0x084d0000, 0x19350000)
  eden space 58048K, 100% used [0x03e00000, 0x076b0000, 0x076b0000)
  from space 7232K,   0% used [0x076b0000, 0x076b0000, 0x07dc0000)
  to   space 7232K,   0% used [0x07dc0000, 0x07dc0000, 0x084d0000)
 tenured generation   total 144864K, used 86917K [0x19350000, 0x220c8000, 0x43e00000)
   the space 144864K,  59% used [0x19350000, 0x1e8316e8, 0x1e831800, 0x220c8000)
 Metaspace       used 3546K, capacity 3598K, committed 3648K, reserved 4480K
Event: 2.764 GC heap after
Heap after GC invocations=52 (full 5):
 def new generation   total 65280K, used 7232K [0x03e00000, 0x084d0000, 0x19350000)
  eden space 58048K,   0% used [0x03e00000, 0x03e00000, 0x076b0000)
  from space 7232K, 100% used [0x07dc0000, 0x084d0000, 0x084d0000)
  to   space 7232K,   0% used [0x076b0000, 0x076b0000, 0x07dc0000)
 tenured generation   total 144864K, used 91421K [0x19350000, 0x220c8000, 0x43e00000)
   the space 144864K,  63% used [0x19350000, 0x1ec974a0, 0x1ec97600, 0x220c8000)
 Metaspace       used 3546K, capacity 3598K, committed 3648K, reserved 4480K
}
Event: 2.869 GC heap before
{Heap before GC invocations=52 (full 5):
 def new generation   total 65280K, used 65280K [0x03e00000, 0x084d0000, 0x19350000)
  eden space 58048K, 100% used [0x03e00000, 0x076b0000, 0x076b0000)
  from space 7232K, 100% used [0x07dc0000, 0x084d0000, 0x084d0000)
  to   space 7232K,   0% used [0x076b0000, 0x076b0000, 0x07dc0000)
 tenured generation   total 144864K, used 91421K [0x19350000, 0x220c8000, 0x43e00000)
   the space 144864K,  63% used [0x19350000, 0x1ec974a0, 0x1ec97600, 0x220c8000)
 Metaspace       used 3546K, capacity 3598K, committed 3648K, reserved 4480K
Event: 2.908 GC heap after
Heap after GC invocations=53 (full 5):
 def new generation   total 65280K, used 7232K [0x03e00000, 0x084d0000, 0x19350000)
  eden space 58048K,   0% used [0x03e00000, 0x03e00000, 0x076b0000)
  from space 7232K, 100% used [0x076b0000, 0x07dc0000, 0x07dc0000)
  to   space 7232K,   0% used [0x07dc0000, 0x07dc0000, 0x084d0000)
 tenured generation   total 144864K, used 99254K [0x19350000, 0x220c8000, 0x43e00000)
   the space 144864K,  68% used [0x19350000, 0x1f43d848, 0x1f43da00, 0x220c8000)
 Metaspace       used 3546K, capacity 3598K, committed 3648K, reserved 4480K
}
Event: 3.004 GC heap before
{Heap before GC invocations=53 (full 5):
 def new generation   total 65280K, used 65280K [0x03e00000, 0x084d0000, 0x19350000)
  eden space 58048K, 100% used [0x03e00000, 0x076b0000, 0x076b0000)
  from space 7232K, 100% used [0x076b0000, 0x07dc0000, 0x07dc0000)
  to   space 7232K,   0% used [0x07dc0000, 0x07dc0000, 0x084d0000)
 tenured generation   total 144864K, used 99254K [0x19350000, 0x220c8000, 0x43e00000)
   the space 144864K,  68% used [0x19350000, 0x1f43d848, 0x1f43da00, 0x220c8000)
 Metaspace       used 3546K, capacity 3598K, committed 3648K, reserved 4480K
Event: 3.045 GC heap after
Heap after GC invocations=54 (full 5):
 def new generation   total 65280K, used 7231K [0x03e00000, 0x084d0000, 0x19350000)
  eden space 58048K,   0% used [0x03e00000, 0x03e00000, 0x076b0000)
  from space 7232K,  99% used [0x07dc0000, 0x084cfff8, 0x084d0000)
  to   space 7232K,   0% used [0x076b0000, 0x076b0000, 0x07dc0000)
 tenured generation   total 144864K, used 108461K [0x19350000, 0x220c8000, 0x43e00000)
   the space 144864K,  74% used [0x19350000, 0x1fd3b490, 0x1fd3b600, 0x220c8000)
 Metaspace       used 3546K, capacity 3598K, committed 3648K, reserved 4480K
}
Event: 3.139 GC heap before
{Heap before GC invocations=54 (full 5):
 def new generation   total 65280K, used 65279K [0x03e00000, 0x084d0000, 0x19350000)
  eden space 58048K, 100% used [0x03e00000, 0x076b0000, 0x076b0000)
  from space 7232K,  99% used [0x07dc0000, 0x084cfff8, 0x084d0000)
  to   space 7232K,   0% used [0x076b0000, 0x076b0000, 0x07dc0000)
 tenured generation   total 144864K, used 108461K [0x19350000, 0x220c8000, 0x43e00000)
   the space 144864K,  74% used [0x19350000, 0x1fd3b490, 0x1fd3b600, 0x220c8000)
 Metaspace       used 3547K, capacity 3598K, committed 3648K, reserved 4480K

Deoptimization events (0 events):
No events

Internal exceptions (5 events):
Event: 0.025 Thread 0x008dbc00 Exception <a 'java/lang/NoSuchMethodError': Method sun.misc.Unsafe.defineClass(Ljava/lang/String;[BII)Ljava/lang/Class; name or signature does not match> (0x03e06ea8) thrown at [C:\re\workspace\8-2-build-windows-i586-cygwin\jdk8u101\7261\hotspot\src\share\Å76Elá™?
Event: 0.025 Thread 0x008dbc00 Exception <a 'java/lang/NoSuchMethodError': Method sun.misc.Unsafe.prefetchRead(Ljava/lang/Object;J)V name or signature does not match> (0x03e07178) thrown at [C:\re\workspace\8-2-build-windows-i586-cygwin\jdk8u101\7261\hotspot\src\share\vm\prims\jni.cpp, ±§Œ÷[dè?
Event: 0.762 Thread 0x4458c800 Exception <a 'java/lang/ArrayIndexOutOfBoundsException': 18> (0x03f19210) thrown at [C:\re\workspace\8-2-build-windows-i586-cygwin\jdk8u101\7261\hotspot\src\share\vm\interpreter\interpreterRuntime.cpp, line 366]
Event: 0.762 Thread 0x4458c800 Exception <a 'java/lang/ArrayIndexOutOfBoundsException': 145> (0x03f1aab0) thrown at [C:\re\workspace\8-2-build-windows-i586-cygwin\jdk8u101\7261\hotspot\src\share\vm\interpreter\interpreterRuntime.cpp, line 366]
Event: 0.763 Thread 0x4458c800 Exception <a 'java/lang/ArrayIndexOutOfBoundsException': 40> (0x03f1bb90) thrown at [C:\re\workspace\8-2-build-windows-i586-cygwin\jdk8u101\7261\hotspot\src\share\vm\interpreter\interpreterRuntime.cpp, line 366]

Events (10 events):
Event: 2.369 Executing VM operation: GenCollectForAllocation done
Event: 2.370 Executing VM operation: GenCollectForAllocation
Event: 2.593 Executing VM operation: GenCollectForAllocation done
Event: 2.691 Executing VM operation: GenCollectForAllocation
Event: 2.764 Executing VM operation: GenCollectForAllocation done
Event: 2.868 Executing VM operation: GenCollectForAllocation
Event: 2.908 Executing VM operation: GenCollectForAllocation done
Event: 3.003 Executing VM operation: GenCollectForAllocation
Event: 3.045 Executing VM operation: GenCollectForAllocation done
Event: 3.139 Executing VM operation: GenCollectForAllocation


Dynamic libraries:
0x00de0000 - 0x00e13000 	C:\Program Files\Java\jdk1.8.0_101\bin\java.exe
0x778f0000 - 0x77a2c000 	C:\Windows\SYSTEM32\ntdll.dll
0x761c0000 - 0x76294000 	C:\Windows\system32\kernel32.dll
0x75be0000 - 0x75c2a000 	C:\Windows\system32\KERNELBASE.dll
0x75e50000 - 0x75ef0000 	C:\Windows\system32\ADVAPI32.dll
0x75da0000 - 0x75e4c000 	C:\Windows\system32\msvcrt.dll
0x77a30000 - 0x77a49000 	C:\Windows\SYSTEM32\sechost.dll
0x76500000 - 0x765a1000 	C:\Windows\system32\RPCRT4.dll
0x76080000 - 0x76149000 	C:\Windows\system32\USER32.dll
0x76af0000 - 0x76b3e000 	C:\Windows\system32\GDI32.dll
0x77a50000 - 0x77a5a000 	C:\Windows\system32\LPK.dll
0x77a80000 - 0x77b1d000 	C:\Windows\system32\USP10.dll
0x747b0000 - 0x7494e000 	C:\Windows\WinSxS\x86_microsoft.windows.common-controls_6595b64144ccf1df_6.0.7600.16385_none_421189da2b7fabfc\COMCTL32.dll
0x76150000 - 0x761a7000 	C:\Windows\system32\SHLWAPI.dll
0x765b0000 - 0x765cf000 	C:\Windows\system32\IMM32.DLL
0x75ef0000 - 0x75fbc000 	C:\Windows\system32\MSCTF.dll
0x651d0000 - 0x6528f000 	C:\Program Files\Java\jdk1.8.0_101\jre\bin\msvcr100.dll
0x64e00000 - 0x651cc000 	C:\Program Files\Java\jdk1.8.0_101\jre\bin\client\jvm.dll
0x70f60000 - 0x70f67000 	C:\Windows\system32\WSOCK32.dll
0x763e0000 - 0x76415000 	C:\Windows\system32\WS2_32.dll
0x761b0000 - 0x761b6000 	C:\Windows\system32\NSI.dll
0x71540000 - 0x71572000 	C:\Windows\system32\WINMM.dll
0x74d80000 - 0x74d89000 	C:\Windows\system32\VERSION.dll
0x77a70000 - 0x77a75000 	C:\Windows\system32\PSAPI.DLL
0x73320000 - 0x7332c000 	C:\Program Files\Java\jdk1.8.0_101\jre\bin\verify.dll
0x65560000 - 0x65581000 	C:\Program Files\Java\jdk1.8.0_101\jre\bin\java.dll
0x65540000 - 0x65553000 	C:\Program Files\Java\jdk1.8.0_101\jre\bin\zip.dll
0x76ca0000 - 0x778e9000 	C:\Windows\system32\SHELL32.dll
0x76b40000 - 0x76c9c000 	C:\Windows\system32\ole32.dll
0x75a40000 - 0x75a4b000 	C:\Windows\system32\profapi.dll
0x73760000 - 0x7384b000 	C:\Windows\system32\dbghelp.dll

VM Arguments:
jvm_args: -Djava.awt.headless=true -Xmx1024M -Dfile.encoding=windows-1252 -Duser.country=US -Duser.language=en -Duser.variant 
java_command: com.android.dx.command.Main --dex --num-threads=4 --multi-dex --main-dex-list E:\SandeepProjectResources\MobipugNew\MobipugSource\app\build\intermediates\multi-dex\debug\maindexlist.txt --output E:\SandeepProjectResources\MobipugNew\MobipugSource\app\build\intermediates\transforms\dex\debug\folders\1000\1f\main E:\SandeepProjectResources\MobipugNew\MobipugSource\app\build\intermediates\transforms\jarMerging\debug\jars\1\1f\combined.jar
java_class_path (initial): C:\Users\android-4\AppData\Local\Android\Sdk\build-tools\26.0.2\lib\dx.jar
Launcher Type: SUN_STANDARD

Environment Variables:
PATH=C:\ProgramData\Oracle\Java\javapath;C:\Windows\system32;C:\Windows;C:\Windows\System32\Wbem;C:\Windows\System32\WindowsPowerShell\v1.0\;C:\Program Files\Intel\OpenCL SDK\2.0\bin\x86;C:\Program Files\Skype\Phone\
USERNAME=android-4
OS=Windows_NT
PROCESSOR_IDENTIFIER=x86 Family 6 Model 42 Stepping 7, GenuineIntel



---------------  S Y S T E M  ---------------

OS: Windows 7 Build 7600 (6.1.7600.16385)

CPU:total 4 (2 cores per cpu, 2 threads per core) family 6 model 42 stepping 7, cmov, cx8, fxsr, mmx, sse, sse2, sse3, ssse3, sse4.1, sse4.2, popcnt, clmul, ht, tsc, tscinvbit

Memory: 4k page, physical 3578328k(426044k free), swap 24056564k(19297352k free)

vm_info: Java HotSpot(TM) Client VM (25.101-b13) for windows-x86 JRE (1.8.0_101-b13), built on Jun 22 2016 00:45:44 by "java_re" with MS VC++ 10.0 (VS2010)

time: Mon Oct 22 17:44:59 2018
elapsed time: 3 seconds (0d 0h 0m 3s)

