#
# A fatal error has been detected by the Java Runtime Environment:
#
#  EXCEPTION_ACCESS_VIOLATION (0xc0000005) at pc=0x649d4da9, pid=4588, tid=0x000013c4
#
# JRE version: Java(TM) SE Runtime Environment (8.0_101-b13) (build 1.8.0_101-b13)
# Java VM: Java HotSpot(TM) Client VM (25.101-b13 mixed mode windows-x86 )
# Problematic frame:
# V  [jvm.dll+0x1b4da9]
#
# Failed to write core dump. Minidumps are not enabled by default on client versions of Windows
#
# If you would like to submit a bug report, please visit:
#   http://bugreport.java.com/bugreport/crash.jsp
#

---------------  T H R E A D  ---------------

Current thread (0x443ea800):  VMThread [stack: 0x446e0000,0x44730000] [id=5060]

siginfo: ExceptionCode=0xc0000005, reading address 0x0000008d

Registers:
EAX=0x0a02a0d8, EBX=0x4458dd28, ECX=0x442a8b78, EDX=0x00000005
ESP=0x4472ed50, EBP=0x4472ed68, ESI=0x4458dd20, EDI=0x64b894cc
EIP=0x649d4da9, EFLAGS=0x00010206

Top of Stack: (sp=0x4472ed50)
0x4472ed50:   0a02a0d8 64b894cc 4458dd20 4458dd28
0x4472ed60:   64b894cc 4458dd20 4472ed74 649d4fac
0x4472ed70:   00000003 4472ed90 6497883a 4458dd20
0x4472ed80:   445b3400 64b894cc 00000000 44589150
0x4472ed90:   4472ef78 64999eef 64b894cc 00000001
0x4472eda0:   445b3400 00000000 00000000 00000000
0x4472edb0:   00000000 4472f004 4472ee2c 00000012
0x4472edc0:   4472eff0 64b894f0 4472f074 ffffffff 

Instructions: (pc=0x649d4da9)
0x649d4d89:   23 f0 29 35 50 94 b8 64 a3 4c 94 b8 64 8b c7 eb
0x649d4d99:   09 48 a3 4c 94 b8 64 8b 04 81 8b 48 04 8b 11 50
0x649d4da9:   8b 82 88 00 00 00 ff d0 8b 0d 58 94 b8 64 85 c9
0x649d4db9:   0f 85 51 ff ff ff a1 7c 94 b8 64 85 c0 0f 84 b8 


Register to memory mapping:

EAX=
[error occurred during error reporting (printing register info), id 0xc0000005]

Stack: [0x446e0000,0x44730000],  sp=0x4472ed50,  free space=315k
Native frames: (J=compiled Java code, j=interpreted, Vv=VM code, C=native code)
V  [jvm.dll+0x1b4da9]
V  [jvm.dll+0x1b4fac]
V  [jvm.dll+0x15883a]
V  [jvm.dll+0x179eef]
V  [jvm.dll+0x1789ea]
V  [jvm.dll+0x97fb0]
V  [jvm.dll+0x992a1]
V  [jvm.dll+0x9b020]
V  [jvm.dll+0x9b489]
V  [jvm.dll+0x9a27f]
V  [jvm.dll+0xa64b2]
V  [jvm.dll+0x98e73]
V  [jvm.dll+0x92e25]
V  [jvm.dll+0x1b81c6]
V  [jvm.dll+0x18292b]
V  [jvm.dll+0x181d31]
V  [jvm.dll+0x182147]
V  [jvm.dll+0x182342]
V  [jvm.dll+0x1c1ed6]
C  [msvcr100.dll+0x5c556]
C  [msvcr100.dll+0x5c600]
C  [kernel32.dll+0x51174]
C  [ntdll.dll+0x5b3f5]
C  [ntdll.dll+0x5b3c8]

VM_Operation (0x44b3f204): GenCollectForAllocation, mode: safepoint, requested by thread 0x4458e000


---------------  P R O C E S S  ---------------

Java Threads: ( => current thread )
  0x445b3400 JavaThread "pool-2-thread-4" [_thread_blocked, id=6056, stack(0x44910000,0x44960000)]
  0x4458e000 JavaThread "pool-2-thread-3" [_thread_blocked, id=4752, stack(0x44af0000,0x44b40000)]
  0x4458d400 JavaThread "pool-2-thread-2" [_thread_blocked, id=3768, stack(0x44b90000,0x44be0000)]
  0x4458cc00 JavaThread "pool-3-thread-1" [_thread_blocked, id=5584, stack(0x44690000,0x446e0000)]
  0x4458c400 JavaThread "pool-2-thread-1" [_thread_blocked, id=5044, stack(0x44a60000,0x44ab0000)]
  0x44455800 JavaThread "Service Thread" daemon [_thread_blocked, id=2412, stack(0x01460000,0x014b0000)]
  0x4443a000 JavaThread "C1 CompilerThread0" daemon [_thread_blocked, id=4772, stack(0x017d0000,0x01820000)]
  0x44439000 JavaThread "Attach Listener" daemon [_thread_blocked, id=4320, stack(0x44860000,0x448b0000)]
  0x44436000 JavaThread "Signal Dispatcher" daemon [_thread_blocked, id=5016, stack(0x44770000,0x447c0000)]
  0x44416c00 JavaThread "Finalizer" daemon [_thread_blocked, id=4700, stack(0x447f0000,0x44840000)]
  0x443f0400 JavaThread "Reference Handler" daemon [_thread_blocked, id=6072, stack(0x03b90000,0x03be0000)]
  0x003ebc00 JavaThread "main" [_thread_blocked, id=5728, stack(0x01840000,0x01890000)]

Other Threads:
=>0x443ea800 VMThread [stack: 0x446e0000,0x44730000] [id=5060]
  0x4442f000 WatcherThread [stack: 0x44990000,0x449e0000] [id=776]

VM state:at safepoint (normal execution)

VM Mutex/Monitor currently owned by a thread:  ([mutex/lock_event])
[0x003ea230] Threads_lock - owner thread: 0x443ea800
[0x003ea640] Heap_lock - owner thread: 0x4458e000

Heap:
 def new generation   total 109888K, used 12160K [0x03c00000, 0x0b330000, 0x19150000)
  eden space 97728K,   0% used [0x03c00000, 0x03c00000, 0x09b70000)
  from space 12160K, 100% used [0x09b70000, 0x0a750000, 0x0a750000)
  to   space 12160K,   0% used [0x0a750000, 0x0a750000, 0x0b330000)
 tenured generation   total 250140K, used 250024K [0x19150000, 0x28597000, 0x43c00000)
   the space 250140K,  99% used [0x19150000, 0x2857a1d0, 0x2857a200, 0x28597000)
 Metaspace       used 3545K, capacity 3598K, committed 3648K, reserved 4480K

Card table byte_map: [0x43c00000,0x43e10000] byte_map_base: 0x43be2000

Polling page: 0x00190000

CodeCache: size=32768Kb used=3487Kb max_used=3487Kb free=29280Kb
 bounds [0x01b60000, 0x01ec8000, 0x03b60000]
 total_blobs=1822 nmethods=1675 adapters=77
 compilation: enabled

Compilation events (10 events):
Event: 7.071 Thread 0x4443a000 1673             java.util.concurrent.ArrayBlockingQueue::dequeue (75 bytes)
Event: 7.071 Thread 0x4443a000 nmethod 1673 0x01ec4948 code [0x01ec4a80, 0x01ec4c70]
Event: 7.114 Thread 0x4443a000 1674             com.android.dx.command.dexer.Main$NotFilter::accept (19 bytes)
Event: 7.114 Thread 0x4443a000 nmethod 1674 0x01ec4e48 code [0x01ec4f50, 0x01ec4ffc]
Event: 7.115 Thread 0x4443a000 1675             java.util.HashMap$TreeNode::balanceInsertion (245 bytes)
Event: 7.116 Thread 0x4443a000 nmethod 1675 0x01ec5088 code [0x01ec51e0, 0x01ec5460]
Event: 7.207 Thread 0x4443a000 1676             com.android.dx.cf.code.BasicBlocker::visitSwitch (64 bytes)
Event: 7.208 Thread 0x4443a000 nmethod 1676 0x01ec5888 code [0x01ec59e0, 0x01ec5d38]
Event: 7.209 Thread 0x4443a000 1677             com.android.dx.dex.code.RopTranslator$TranslationVisitor::visitSwitchInsn (237 bytes)
Event: 7.210 Thread 0x4443a000 nmethod 1677 0x01ec6708 code [0x01ec6920, 0x01ec7020]

GC Heap History (10 events):
Event: 6.491 GC heap after
Heap after GC invocations=83 (full 6):
 def new generation   total 109888K, used 12160K [0x03c00000, 0x0b330000, 0x19150000)
  eden space 97728K,   0% used [0x03c00000, 0x03c00000, 0x09b70000)
  from space 12160K, 100% used [0x0a750000, 0x0b330000, 0x0b330000)
  to   space 12160K,   0% used [0x09b70000, 0x09b70000, 0x0a750000)
 tenured generation   total 243996K, used 192313K [0x19150000, 0x27f97000, 0x43c00000)
   the space 243996K,  78% used [0x19150000, 0x24d1e708, 0x24d1e800, 0x27f97000)
 Metaspace       used 3545K, capacity 3598K, committed 3648K, reserved 4480K
}
Event: 6.641 GC heap before
{Heap before GC invocations=83 (full 6):
 def new generation   total 109888K, used 109888K [0x03c00000, 0x0b330000, 0x19150000)
  eden space 97728K, 100% used [0x03c00000, 0x09b70000, 0x09b70000)
  from space 12160K, 100% used [0x0a750000, 0x0b330000, 0x0b330000)
  to   space 12160K,   0% used [0x09b70000, 0x09b70000, 0x0a750000)
 tenured generation   total 243996K, used 192313K [0x19150000, 0x27f97000, 0x43c00000)
   the space 243996K,  78% used [0x19150000, 0x24d1e708, 0x24d1e800, 0x27f97000)
 Metaspace       used 3545K, capacity 3598K, committed 3648K, reserved 4480K
Event: 6.706 GC heap after
Heap after GC invocations=84 (full 6):
 def new generation   total 109888K, used 12160K [0x03c00000, 0x0b330000, 0x19150000)
  eden space 97728K,   0% used [0x03c00000, 0x03c00000, 0x09b70000)
  from space 12160K, 100% used [0x09b70000, 0x0a750000, 0x0a750000)
  to   space 12160K,   0% used [0x0a750000, 0x0a750000, 0x0b330000)
 tenured generation   total 243996K, used 206624K [0x19150000, 0x27f97000, 0x43c00000)
   the space 243996K,  84% used [0x19150000, 0x25b181c0, 0x25b18200, 0x27f97000)
 Metaspace       used 3545K, capacity 3598K, committed 3648K, reserved 4480K
}
Event: 6.857 GC heap before
{Heap before GC invocations=84 (full 6):
 def new generation   total 109888K, used 109888K [0x03c00000, 0x0b330000, 0x19150000)
  eden space 97728K, 100% used [0x03c00000, 0x09b70000, 0x09b70000)
  from space 12160K, 100% used [0x09b70000, 0x0a750000, 0x0a750000)
  to   space 12160K,   0% used [0x0a750000, 0x0a750000, 0x0b330000)
 tenured generation   total 243996K, used 206624K [0x19150000, 0x27f97000, 0x43c00000)
   the space 243996K,  84% used [0x19150000, 0x25b181f8, 0x25b18200, 0x27f97000)
 Metaspace       used 3545K, capacity 3598K, committed 3648K, reserved 4480K
Event: 6.921 GC heap after
Heap after GC invocations=85 (full 6):
 def new generation   total 109888K, used 12160K [0x03c00000, 0x0b330000, 0x19150000)
  eden space 97728K,   0% used [0x03c00000, 0x03c00000, 0x09b70000)
  from space 12160K, 100% used [0x0a750000, 0x0b330000, 0x0b330000)
  to   space 12160K,   0% used [0x09b70000, 0x09b70000, 0x0a750000)
 tenured generation   total 243996K, used 220575K [0x19150000, 0x27f97000, 0x43c00000)
   the space 243996K,  90% used [0x19150000, 0x268b7c70, 0x268b7e00, 0x27f97000)
 Metaspace       used 3545K, capacity 3598K, committed 3648K, reserved 4480K
}
Event: 6.922 GC heap before
{Heap before GC invocations=85 (full 6):
 def new generation   total 109888K, used 13231K [0x03c00000, 0x0b330000, 0x19150000)
  eden space 97728K,   1% used [0x03c00000, 0x03d0be80, 0x09b70000)
  from space 12160K, 100% used [0x0a750000, 0x0b330000, 0x0b330000)
  to   space 12160K,   0% used [0x09b70000, 0x09b70000, 0x0a750000)
 tenured generation   total 243996K, used 220575K [0x19150000, 0x27f97000, 0x43c00000)
   the space 243996K,  90% used [0x19150000, 0x268b7c70, 0x268b7e00, 0x27f97000)
 Metaspace       used 3545K, capacity 3598K, committed 3648K, reserved 4480K
Event: 6.950 GC heap after
Heap after GC invocations=86 (full 6):
 def new generation   total 109888K, used 1K [0x03c00000, 0x0b330000, 0x19150000)
  eden space 97728K,   0% used [0x03c00000, 0x03c00000, 0x09b70000)
  from space 12160K,   0% used [0x09b70000, 0x09b707c0, 0x0a750000)
  to   space 12160K,   0% used [0x0a750000, 0x0a750000, 0x0b330000)
 tenured generation   total 243996K, used 232732K [0x19150000, 0x27f97000, 0x43c00000)
   the space 243996K,  95% used [0x19150000, 0x274971b8, 0x27497200, 0x27f97000)
 Metaspace       used 3545K, capacity 3598K, committed 3648K, reserved 4480K
}
Event: 7.123 GC heap before
{Heap before GC invocations=86 (full 6):
 def new generation   total 109888K, used 97729K [0x03c00000, 0x0b330000, 0x19150000)
  eden space 97728K, 100% used [0x03c00000, 0x09b70000, 0x09b70000)
  from space 12160K,   0% used [0x09b70000, 0x09b707c0, 0x0a750000)
  to   space 12160K,   0% used [0x0a750000, 0x0a750000, 0x0b330000)
 tenured generation   total 243996K, used 232732K [0x19150000, 0x27f97000, 0x43c00000)
   the space 243996K,  95% used [0x19150000, 0x274971b8, 0x27497200, 0x27f97000)
 Metaspace       used 3545K, capacity 3598K, committed 3648K, reserved 4480K
Event: 7.163 GC heap after
Heap after GC invocations=87 (full 6):
 def new generation   total 109888K, used 12159K [0x03c00000, 0x0b330000, 0x19150000)
  eden space 97728K,   0% used [0x03c00000, 0x03c00000, 0x09b70000)
  from space 12160K,  99% used [0x0a750000, 0x0b32fff8, 0x0b330000)
  to   space 12160K,   0% used [0x09b70000, 0x09b70000, 0x0a750000)
 tenured generation   total 243996K, used 234977K [0x19150000, 0x27f97000, 0x43c00000)
   the space 243996K,  96% used [0x19150000, 0x276c8630, 0x276c8800, 0x27f97000)
 Metaspace       used 3545K, capacity 3598K, committed 3648K, reserved 4480K
}
Event: 7.311 GC heap before
{Heap before GC invocations=87 (full 6):
 def new generation   total 109888K, used 109887K [0x03c00000, 0x0b330000, 0x19150000)
  eden space 97728K, 100% used [0x03c00000, 0x09b70000, 0x09b70000)
  from space 12160K,  99% used [0x0a750000, 0x0b32fff8, 0x0b330000)
  to   space 12160K,   0% used [0x09b70000, 0x09b70000, 0x0a750000)
 tenured generation   total 243996K, used 234977K [0x19150000, 0x27f97000, 0x43c00000)
   the space 243996K,  96% used [0x19150000, 0x276c8630, 0x276c8800, 0x27f97000)
 Metaspace       used 3545K, capacity 3598K, committed 3648K, reserved 4480K

Deoptimization events (0 events):
No events

Internal exceptions (5 events):
Event: 0.103 Thread 0x003ebc00 Exception <a 'java/lang/NoSuchMethodError': Method sun.misc.Unsafe.defineClass(Ljava/lang/String;[BII)Ljava/lang/Class; name or signature does not match> (0x03c06ea8) thrown at [C:\re\workspace\8-2-build-windows-i586-cygwin\jdk8u101\7261\hotspot\src\share\°«ÆÇNÅ∫?
Event: 0.104 Thread 0x003ebc00 Exception <a 'java/lang/NoSuchMethodError': Method sun.misc.Unsafe.prefetchRead(Ljava/lang/Object;J)V name or signature does not match> (0x03c07178) thrown at [C:\re\workspace\8-2-build-windows-i586-cygwin\jdk8u101\7261\hotspot\src\share\vm\prims\jni.cpp, 	–È{Ny@
Event: 2.434 Thread 0x4458e000 Exception <a 'java/lang/ArrayIndexOutOfBoundsException': 18> (0x03cefe38) thrown at [C:\re\workspace\8-2-build-windows-i586-cygwin\jdk8u101\7261\hotspot\src\share\vm\interpreter\interpreterRuntime.cpp, line 366]
Event: 2.434 Thread 0x4458e000 Exception <a 'java/lang/ArrayIndexOutOfBoundsException': 145> (0x03cf16d8) thrown at [C:\re\workspace\8-2-build-windows-i586-cygwin\jdk8u101\7261\hotspot\src\share\vm\interpreter\interpreterRuntime.cpp, line 366]
Event: 2.435 Thread 0x4458e000 Exception <a 'java/lang/ArrayIndexOutOfBoundsException': 40> (0x03cf27b8) thrown at [C:\re\workspace\8-2-build-windows-i586-cygwin\jdk8u101\7261\hotspot\src\share\vm\interpreter\interpreterRuntime.cpp, line 366]

Events (10 events):
Event: 6.707 Executing VM operation: GenCollectForAllocation done
Event: 6.856 Executing VM operation: GenCollectForAllocation
Event: 6.856 Executing VM operation: GenCollectForAllocation done
Event: 6.856 Executing VM operation: GenCollectForAllocation
Event: 6.921 Executing VM operation: GenCollectForAllocation done
Event: 6.922 Executing VM operation: GenCollectFull
Event: 6.950 Executing VM operation: GenCollectFull done
Event: 7.123 Executing VM operation: GenCollectForAllocation
Event: 7.163 Executing VM operation: GenCollectForAllocation done
Event: 7.311 Executing VM operation: GenCollectForAllocation


Dynamic libraries:
0x012a0000 - 0x012d3000 	C:\Program Files\Java\jdk1.8.0_101\bin\java.exe
0x77320000 - 0x7745c000 	C:\Windows\SYSTEM32\ntdll.dll
0x76880000 - 0x76954000 	C:\Windows\system32\kernel32.dll
0x75700000 - 0x7574a000 	C:\Windows\system32\KERNELBASE.dll
0x76dc0000 - 0x76e60000 	C:\Windows\system32\ADVAPI32.dll
0x76fa0000 - 0x7704c000 	C:\Windows\system32\msvcrt.dll
0x77480000 - 0x77499000 	C:\Windows\SYSTEM32\sechost.dll
0x76960000 - 0x76a01000 	C:\Windows\system32\RPCRT4.dll
0x76ec0000 - 0x76f89000 	C:\Windows\system32\USER32.dll
0x76620000 - 0x7666e000 	C:\Windows\system32\GDI32.dll
0x77460000 - 0x7746a000 	C:\Windows\system32\LPK.dll
0x76a10000 - 0x76aad000 	C:\Windows\system32\USP10.dll
0x74280000 - 0x7441e000 	C:\Windows\WinSxS\x86_microsoft.windows.common-controls_6595b64144ccf1df_6.0.7600.16385_none_421189da2b7fabfc\COMCTL32.dll
0x77050000 - 0x770a7000 	C:\Windows\system32\SHLWAPI.dll
0x76700000 - 0x7671f000 	C:\Windows\system32\IMM32.DLL
0x77250000 - 0x7731c000 	C:\Windows\system32\MSCTF.dll
0x64bf0000 - 0x64caf000 	C:\Program Files\Java\jdk1.8.0_101\jre\bin\msvcr100.dll
0x64820000 - 0x64bec000 	C:\Program Files\Java\jdk1.8.0_101\jre\bin\client\jvm.dll
0x70a20000 - 0x70a27000 	C:\Windows\system32\WSOCK32.dll
0x76bb0000 - 0x76be5000 	C:\Windows\system32\WS2_32.dll
0x76f90000 - 0x76f96000 	C:\Windows\system32\NSI.dll
0x70d40000 - 0x70d72000 	C:\Windows\system32\WINMM.dll
0x74970000 - 0x74979000 	C:\Windows\system32\VERSION.dll
0x77470000 - 0x77475000 	C:\Windows\system32\PSAPI.DLL
0x661e0000 - 0x661ec000 	C:\Program Files\Java\jdk1.8.0_101\jre\bin\verify.dll
0x65f80000 - 0x65fa1000 	C:\Program Files\Java\jdk1.8.0_101\jre\bin\java.dll
0x65f60000 - 0x65f73000 	C:\Program Files\Java\jdk1.8.0_101\jre\bin\zip.dll
0x759d0000 - 0x76619000 	C:\Windows\system32\SHELL32.dll
0x76720000 - 0x7687c000 	C:\Windows\system32\ole32.dll
0x75470000 - 0x7547b000 	C:\Windows\system32\profapi.dll
0x731d0000 - 0x732bb000 	C:\Windows\system32\dbghelp.dll

VM Arguments:
jvm_args: -Djava.awt.headless=true -Xmx1024M -Dfile.encoding=windows-1252 -Duser.country=US -Duser.language=en -Duser.variant 
java_command: com.android.dx.command.Main --dex --num-threads=4 --multi-dex --main-dex-list E:\SandeepProjectResources\MobipugNew\Mobipug27.10.18\MobipugSource\app\build\intermediates\multi-dex\debug\maindexlist.txt --output E:\SandeepProjectResources\MobipugNew\Mobipug27.10.18\MobipugSource\app\build\intermediates\transforms\dex\debug\folders\1000\1f\main E:\SandeepProjectResources\MobipugNew\Mobipug27.10.18\MobipugSource\app\build\intermediates\transforms\jarMerging\debug\jars\1\1f\combined.jar
java_class_path (initial): C:\Users\android-4\AppData\Local\Android\Sdk\build-tools\26.0.2\lib\dx.jar
Launcher Type: SUN_STANDARD

Environment Variables:
PATH=C:\ProgramData\Oracle\Java\javapath;C:\Windows\system32;C:\Windows;C:\Windows\System32\Wbem;C:\Windows\System32\WindowsPowerShell\v1.0\;C:\Program Files\Intel\OpenCL SDK\2.0\bin\x86;C:\Program Files\Skype\Phone\
USERNAME=android-4
OS=Windows_NT
PROCESSOR_IDENTIFIER=x86 Family 6 Model 42 Stepping 7, GenuineIntel



---------------  S Y S T E M  ---------------

OS: Windows 7 Build 7600 (6.1.7600.16385)

CPU:total 4 (2 cores per cpu, 2 threads per core) family 6 model 42 stepping 7, cmov, cx8, fxsr, mmx, sse, sse2, sse3, ssse3, sse4.1, sse4.2, popcnt, clmul, ht, tsc, tscinvbit

Memory: 4k page, physical 3578328k(760176k free), swap 24056564k(19364008k free)

vm_info: Java HotSpot(TM) Client VM (25.101-b13) for windows-x86 JRE (1.8.0_101-b13), built on Jun 22 2016 00:45:44 by "java_re" with MS VC++ 10.0 (VS2010)

time: Tue Nov 06 18:37:58 2018
elapsed time: 7 seconds (0d 0h 0m 7s)

