#
# A fatal error has been detected by the Java Runtime Environment:
#
#  EXCEPTION_ACCESS_VIOLATION (0xc0000005) at pc=0x504d4da9, pid=4092, tid=0x00001534
#
# JRE version: Java(TM) SE Runtime Environment (8.0_101-b13) (build 1.8.0_101-b13)
# Java VM: Java HotSpot(TM) Client VM (25.101-b13 mixed mode windows-x86 )
# Problematic frame:
# V  [jvm.dll+0x1b4da9]
#
# Failed to write core dump. Minidumps are not enabled by default on client versions of Windows
#
# If you would like to submit a bug report, please visit:
#   http://bugreport.java.com/bugreport/crash.jsp
#

---------------  T H R E A D  ---------------

Current thread (0x443ea800):  VMThread [stack: 0x01180000,0x011d0000] [id=5428]

siginfo: ExceptionCode=0xc0000005, reading address 0x0000008b

Registers:
EAX=0x28a71080, EBX=0x445c1e8c, ECX=0x28ede040, EDX=0x00000003
ESP=0x011cee60, EBP=0x011cee78, ESI=0x445c1e88, EDI=0x506894cc
EIP=0x504d4da9, EFLAGS=0x00010202

Top of Stack: (sp=0x011cee60)
0x011cee60:   28a71080 506894cc 445c1e88 445c1e8c
0x011cee70:   506894cc 445c1e88 011cee84 504d4fac
0x011cee80:   00000003 011ceea0 5047883a 445c1e88
0x011cee90:   445bb400 506894cc 00000000 445bd310
0x011ceea0:   011cf088 50499eef 506894cc 00000001
0x011ceeb0:   445bb400 00000000 00000000 00000000
0x011ceec0:   00000000 011cf114 011cef3c 00000012
0x011ceed0:   011cf100 506894f0 011cf184 ffffffff 

Instructions: (pc=0x504d4da9)
0x504d4d89:   23 f0 29 35 50 94 68 50 a3 4c 94 68 50 8b c7 eb
0x504d4d99:   09 48 a3 4c 94 68 50 8b 04 81 8b 48 04 8b 11 50
0x504d4da9:   8b 82 88 00 00 00 ff d0 8b 0d 58 94 68 50 85 c9
0x504d4db9:   0f 85 51 ff ff ff a1 7c 94 68 50 85 c0 0f 84 b8 


Register to memory mapping:

EAX=0x28a71080 is pointing into object: 0x28a71050
[Lcom.android.dx.rop.code.RegisterSpec; 
 - klass: 'com/android/dx/rop/code/RegisterSpec'[]
 - length: 16
EBX=0x445c1e8c is an unknown value
ECX=0x28ede040 is an oop
com.android.dx.rop.code.RegisterSpec 
 - klass: 'com/android/dx/rop/code/RegisterSpec'
EDX=0x00000003 is an unknown value
ESP=0x011cee60 is an unknown value
EBP=0x011cee78 is an unknown value
ESI=0x445c1e88 is an unknown value
EDI=0x506894cc is an unknown value


Stack: [0x01180000,0x011d0000],  sp=0x011cee60,  free space=315k
Native frames: (J=compiled Java code, j=interpreted, Vv=VM code, C=native code)
V  [jvm.dll+0x1b4da9]
V  [jvm.dll+0x1b4fac]
V  [jvm.dll+0x15883a]
V  [jvm.dll+0x179eef]
V  [jvm.dll+0x1789ea]
V  [jvm.dll+0x97fb0]
V  [jvm.dll+0x992a1]
V  [jvm.dll+0x9b020]
V  [jvm.dll+0x9b489]
V  [jvm.dll+0x9a27f]
V  [jvm.dll+0xa64b2]
V  [jvm.dll+0x98e73]
V  [jvm.dll+0x92e25]
V  [jvm.dll+0x1b81c6]
V  [jvm.dll+0x18292b]
V  [jvm.dll+0x181d31]
V  [jvm.dll+0x182147]
V  [jvm.dll+0x182342]
V  [jvm.dll+0x1c1ed6]
C  [msvcr100.dll+0x5c556]
C  [msvcr100.dll+0x5c600]
C  [kernel32.dll+0x51174]
C  [ntdll.dll+0x5b3f5]
C  [ntdll.dll+0x5b3c8]

VM_Operation (0x44b0ec48): GenCollectForAllocation, mode: safepoint, requested by thread 0x445bb400


---------------  P R O C E S S  ---------------

Java Threads: ( => current thread )
  0x445bb400 JavaThread "pool-2-thread-4" [_thread_blocked, id=1824, stack(0x44ac0000,0x44b10000)]
  0x445ba000 JavaThread "pool-2-thread-3" [_thread_blocked, id=3924, stack(0x44990000,0x449e0000)]
  0x445bec00 JavaThread "pool-2-thread-2" [_thread_blocked, id=4588, stack(0x01800000,0x01850000)]
  0x445be400 JavaThread "pool-3-thread-1" [_thread_blocked, id=3680, stack(0x449e0000,0x44a30000)]
  0x44585800 JavaThread "pool-2-thread-1" [_thread_blocked, id=380, stack(0x44870000,0x448c0000)]
  0x4444c800 JavaThread "Service Thread" daemon [_thread_blocked, id=1292, stack(0x44810000,0x44860000)]
  0x4443a000 JavaThread "C1 CompilerThread0" daemon [_thread_blocked, id=4496, stack(0x44940000,0x44990000)]
  0x44439000 JavaThread "Attach Listener" daemon [_thread_blocked, id=1112, stack(0x448c0000,0x44910000)]
  0x44436000 JavaThread "Signal Dispatcher" daemon [_thread_blocked, id=1076, stack(0x44790000,0x447e0000)]
  0x44416c00 JavaThread "Finalizer" daemon [_thread_blocked, id=1784, stack(0x445d0000,0x44620000)]
  0x443f0400 JavaThread "Reference Handler" daemon [_thread_blocked, id=3172, stack(0x03b80000,0x03bd0000)]
  0x0124bc00 JavaThread "main" [_thread_blocked, id=5500, stack(0x01850000,0x018a0000)]

Other Threads:
=>0x443ea800 VMThread [stack: 0x01180000,0x011d0000] [id=5428]
  0x44430000 WatcherThread [stack: 0x446e0000,0x44730000] [id=4940]

VM state:at safepoint (normal execution)

VM Mutex/Monitor currently owned by a thread:  ([mutex/lock_event])
[0x0124a230] Threads_lock - owner thread: 0x443ea800
[0x0124a640] Heap_lock - owner thread: 0x445bb400

Heap:
 def new generation   total 314560K, used 314560K [0x03c00000, 0x19150000, 0x19150000)
  eden space 279616K, 100% used [0x03c00000, 0x14d10000, 0x14d10000)
  from space 34944K, 100% used [0x14d10000, 0x16f30000, 0x16f30000)
  to   space 34944K,   0% used [0x16f30000, 0x16f30000, 0x19150000)
 tenured generation   total 699072K, used 675051K [0x19150000, 0x43c00000, 0x43c00000)
   the space 699072K,  96% used [0x19150000, 0x4248ac68, 0x4248ae00, 0x43c00000)
 Metaspace       used 3551K, capacity 3598K, committed 3648K, reserved 4480K

Card table byte_map: [0x43c00000,0x43e10000] byte_map_base: 0x43be2000

Polling page: 0x01080000

CodeCache: size=32768Kb used=3683Kb max_used=3683Kb free=29084Kb
 bounds [0x01b70000, 0x01f10000, 0x03b70000]
 total_blobs=1903 nmethods=1756 adapters=77
 compilation: enabled

Compilation events (10 events):
Event: 14.457 Thread 0x4443a000 1754             com.android.dx.util.BitIntSet::iterator (9 bytes)
Event: 14.457 Thread 0x4443a000 nmethod 1754 0x01f04dc8 code [0x01f04ed0, 0x01f04fbc]
Event: 14.562 Thread 0x4443a000 1755             com.android.dx.util.Bits::bitCount (29 bytes)
Event: 14.563 Thread 0x4443a000 nmethod 1755 0x01f05048 code [0x01f05150, 0x01f0522c]
Event: 14.706 Thread 0x4443a000 1756             com.android.dx.ssa.back.RegisterAllocator::insertMoveBefore (240 bytes)
Event: 14.709 Thread 0x4443a000 nmethod 1756 0x01f05308 code [0x01f055b0, 0x01f060fc]
Event: 14.709 Thread 0x4443a000 1757             java.util.HashMap$TreeNode::putTreeVal (314 bytes)
Event: 14.710 Thread 0x4443a000 nmethod 1757 0x01f07548 code [0x01f076e0, 0x01f07b7c]
Event: 14.741 Thread 0x4443a000 1758             com.android.dx.ssa.back.FirstFitLocalCombiningAllocator::ssaSetToSpecs (57 bytes)
Event: 14.742 Thread 0x4443a000 nmethod 1758 0x01f08108 code [0x01f082a0, 0x01f0868c]

GC Heap History (10 events):
Event: 11.643 GC heap after
Heap after GC invocations=96 (full 8):
 def new generation   total 314560K, used 4598K [0x03c00000, 0x19150000, 0x19150000)
  eden space 279616K,   1% used [0x03c00000, 0x0407d968, 0x14d10000)
  from space 34944K,   0% used [0x14d10000, 0x14d10000, 0x16f30000)
  to   space 34944K,   0% used [0x16f30000, 0x16f30000, 0x19150000)
 tenured generation   total 699072K, used 450916K [0x19150000, 0x43c00000, 0x43c00000)
   the space 699072K,  64% used [0x19150000, 0x349a9000, 0x349a9000, 0x43c00000)
 Metaspace       used 3547K, capacity 3598K, committed 3648K, reserved 4480K
}
Event: 12.099 GC heap before
{Heap before GC invocations=96 (full 8):
 def new generation   total 314560K, used 279616K [0x03c00000, 0x19150000, 0x19150000)
  eden space 279616K, 100% used [0x03c00000, 0x14d10000, 0x14d10000)
  from space 34944K,   0% used [0x14d10000, 0x14d10000, 0x16f30000)
  to   space 34944K,   0% used [0x16f30000, 0x16f30000, 0x19150000)
 tenured generation   total 699072K, used 450916K [0x19150000, 0x43c00000, 0x43c00000)
   the space 699072K,  64% used [0x19150000, 0x349a9000, 0x349a9000, 0x43c00000)
 Metaspace       used 3547K, capacity 3598K, committed 3648K, reserved 4480K
Event: 12.436 GC heap after
Heap after GC invocations=97 (full 8):
 def new generation   total 314560K, used 34944K [0x03c00000, 0x19150000, 0x19150000)
  eden space 279616K,   0% used [0x03c00000, 0x03c00000, 0x14d10000)
  from space 34944K, 100% used [0x16f30000, 0x19150000, 0x19150000)
  to   space 34944K,   0% used [0x14d10000, 0x14d10000, 0x16f30000)
 tenured generation   total 699072K, used 457244K [0x19150000, 0x43c00000, 0x43c00000)
   the space 699072K,  65% used [0x19150000, 0x34fd70d8, 0x34fd7200, 0x43c00000)
 Metaspace       used 3547K, capacity 3598K, committed 3648K, reserved 4480K
}
Event: 13.008 GC heap before
{Heap before GC invocations=97 (full 8):
 def new generation   total 314560K, used 314560K [0x03c00000, 0x19150000, 0x19150000)
  eden space 279616K, 100% used [0x03c00000, 0x14d10000, 0x14d10000)
  from space 34944K, 100% used [0x16f30000, 0x19150000, 0x19150000)
  to   space 34944K,   0% used [0x14d10000, 0x14d10000, 0x16f30000)
 tenured generation   total 699072K, used 457244K [0x19150000, 0x43c00000, 0x43c00000)
   the space 699072K,  65% used [0x19150000, 0x34fd70d8, 0x34fd7200, 0x43c00000)
 Metaspace       used 3547K, capacity 3598K, committed 3648K, reserved 4480K
Event: 13.228 GC heap after
Heap after GC invocations=98 (full 8):
 def new generation   total 314560K, used 34943K [0x03c00000, 0x19150000, 0x19150000)
  eden space 279616K,   0% used [0x03c00000, 0x03c00000, 0x14d10000)
  from space 34944K,  99% used [0x14d10000, 0x16f2fff8, 0x16f30000)
  to   space 34944K,   0% used [0x16f30000, 0x16f30000, 0x19150000)
 tenured generation   total 699072K, used 504523K [0x19150000, 0x43c00000, 0x43c00000)
   the space 699072K,  72% used [0x19150000, 0x37e02d28, 0x37e02e00, 0x43c00000)
 Metaspace       used 3547K, capacity 3598K, committed 3648K, reserved 4480K
}
Event: 14.048 GC heap before
{Heap before GC invocations=98 (full 8):
 def new generation   total 314560K, used 314559K [0x03c00000, 0x19150000, 0x19150000)
  eden space 279616K, 100% used [0x03c00000, 0x14d10000, 0x14d10000)
  from space 34944K,  99% used [0x14d10000, 0x16f2fff8, 0x16f30000)
  to   space 34944K,   0% used [0x16f30000, 0x16f30000, 0x19150000)
 tenured generation   total 699072K, used 504523K [0x19150000, 0x43c00000, 0x43c00000)
   the space 699072K,  72% used [0x19150000, 0x37e02d28, 0x37e02e00, 0x43c00000)
 Metaspace       used 3551K, capacity 3598K, committed 3648K, reserved 4480K
Event: 14.255 GC heap after
Heap after GC invocations=99 (full 8):
 def new generation   total 314560K, used 34943K [0x03c00000, 0x19150000, 0x19150000)
  eden space 279616K,   0% used [0x03c00000, 0x03c00000, 0x14d10000)
  from space 34944K,  99% used [0x16f30000, 0x1914fff8, 0x19150000)
  to   space 34944K,   0% used [0x14d10000, 0x14d10000, 0x16f30000)
 tenured generation   total 699072K, used 616749K [0x19150000, 0x43c00000, 0x43c00000)
   the space 699072K,  88% used [0x19150000, 0x3eb9b480, 0x3eb9b600, 0x43c00000)
 Metaspace       used 3551K, capacity 3598K, committed 3648K, reserved 4480K
}
Event: 15.454 GC heap before
{Heap before GC invocations=99 (full 8):
 def new generation   total 314560K, used 314559K [0x03c00000, 0x19150000, 0x19150000)
  eden space 279616K, 100% used [0x03c00000, 0x14d10000, 0x14d10000)
  from space 34944K,  99% used [0x16f30000, 0x1914fff8, 0x19150000)
  to   space 34944K,   0% used [0x14d10000, 0x14d10000, 0x16f30000)
 tenured generation   total 699072K, used 616749K [0x19150000, 0x43c00000, 0x43c00000)
   the space 699072K,  88% used [0x19150000, 0x3eb9b480, 0x3eb9b600, 0x43c00000)
 Metaspace       used 3551K, capacity 3598K, committed 3648K, reserved 4480K
Event: 15.618 GC heap after
Heap after GC invocations=100 (full 8):
 def new generation   total 314560K, used 34944K [0x03c00000, 0x19150000, 0x19150000)
  eden space 279616K,   0% used [0x03c00000, 0x03c00000, 0x14d10000)
  from space 34944K, 100% used [0x14d10000, 0x16f30000, 0x16f30000)
  to   space 34944K,   0% used [0x16f30000, 0x16f30000, 0x19150000)
 tenured generation   total 699072K, used 675051K [0x19150000, 0x43c00000, 0x43c00000)
   the space 699072K,  96% used [0x19150000, 0x4248ac68, 0x4248ae00, 0x43c00000)
 Metaspace       used 3551K, capacity 3598K, committed 3648K, reserved 4480K
}
Event: 17.380 GC heap before
{Heap before GC invocations=100 (full 8):
 def new generation   total 314560K, used 314560K [0x03c00000, 0x19150000, 0x19150000)
  eden space 279616K, 100% used [0x03c00000, 0x14d10000, 0x14d10000)
  from space 34944K, 100% used [0x14d10000, 0x16f30000, 0x16f30000)
  to   space 34944K,   0% used [0x16f30000, 0x16f30000, 0x19150000)
 tenured generation   total 699072K, used 675051K [0x19150000, 0x43c00000, 0x43c00000)
   the space 699072K,  96% used [0x19150000, 0x4248ac68, 0x4248ae00, 0x43c00000)
 Metaspace       used 3551K, capacity 3598K, committed 3648K, reserved 4480K

Deoptimization events (0 events):
No events

Internal exceptions (5 events):
Event: 0.028 Thread 0x0124bc00 Exception <a 'java/lang/NoSuchMethodError': Method sun.misc.Unsafe.defineClass(Ljava/lang/String;[BII)Ljava/lang/Class; name or signature does not match> (0x03c06ea8) thrown at [C:\re\workspace\8-2-build-windows-i586-cygwin\jdk8u101\7261\hotspot\src\share\	•X…ùœ?
Event: 0.028 Thread 0x0124bc00 Exception <a 'java/lang/NoSuchMethodError': Method sun.misc.Unsafe.prefetchRead(Ljava/lang/Object;J)V name or signature does not match> (0x03c07178) thrown at [C:\re\workspace\8-2-build-windows-i586-cygwin\jdk8u101\7261\hotspot\src\share\vm\prims\jni.cpp, 
…éèÈ ë?
Event: 0.863 Thread 0x445bb400 Exception <a 'java/lang/ArrayIndexOutOfBoundsException': 18> (0x04019b58) thrown at [C:\re\workspace\8-2-build-windows-i586-cygwin\jdk8u101\7261\hotspot\src\share\vm\interpreter\interpreterRuntime.cpp, line 366]
Event: 0.864 Thread 0x445bb400 Exception <a 'java/lang/ArrayIndexOutOfBoundsException': 145> (0x0401b3f8) thrown at [C:\re\workspace\8-2-build-windows-i586-cygwin\jdk8u101\7261\hotspot\src\share\vm\interpreter\interpreterRuntime.cpp, line 366]
Event: 0.864 Thread 0x445bb400 Exception <a 'java/lang/ArrayIndexOutOfBoundsException': 40> (0x0401c4d8) thrown at [C:\re\workspace\8-2-build-windows-i586-cygwin\jdk8u101\7261\hotspot\src\share\vm\interpreter\interpreterRuntime.cpp, line 366]

Events (10 events):
Event: 13.972 Thread 0x445bb400 DEOPT UNPACKING pc=0x01bac5db sp=0x44b0ee68 mode 0
Event: 13.980 loading class com/android/dx/util/ListIntSet$1
Event: 13.980 loading class com/android/dx/util/ListIntSet$1 done
Event: 13.980 Executing VM operation: Deoptimize
Event: 13.980 Executing VM operation: Deoptimize done
Event: 14.048 Executing VM operation: GenCollectForAllocation
Event: 14.255 Executing VM operation: GenCollectForAllocation done
Event: 15.454 Executing VM operation: GenCollectForAllocation
Event: 15.618 Executing VM operation: GenCollectForAllocation done
Event: 17.380 Executing VM operation: GenCollectForAllocation


Dynamic libraries:
0x013b0000 - 0x013e3000 	C:\Program Files\Java\jdk1.8.0_101\bin\java.exe
0x77b90000 - 0x77ccc000 	C:\Windows\SYSTEM32\ntdll.dll
0x760c0000 - 0x76194000 	C:\Windows\system32\kernel32.dll
0x75d60000 - 0x75daa000 	C:\Windows\system32\KERNELBASE.dll
0x76440000 - 0x764e0000 	C:\Windows\system32\ADVAPI32.dll
0x76870000 - 0x7691c000 	C:\Windows\system32\msvcrt.dll
0x77940000 - 0x77959000 	C:\Windows\SYSTEM32\sechost.dll
0x76270000 - 0x76311000 	C:\Windows\system32\RPCRT4.dll
0x77960000 - 0x77a29000 	C:\Windows\system32\USER32.dll
0x75fe0000 - 0x7602e000 	C:\Windows\system32\GDI32.dll
0x76920000 - 0x7692a000 	C:\Windows\system32\LPK.dll
0x761d0000 - 0x7626d000 	C:\Windows\system32\USP10.dll
0x749f0000 - 0x74b8e000 	C:\Windows\WinSxS\x86_microsoft.windows.common-controls_6595b64144ccf1df_6.0.7600.16385_none_421189da2b7fabfc\COMCTL32.dll
0x76730000 - 0x76787000 	C:\Windows\system32\SHLWAPI.dll
0x76320000 - 0x7633f000 	C:\Windows\system32\IMM32.DLL
0x76790000 - 0x7685c000 	C:\Windows\system32\MSCTF.dll
0x69820000 - 0x698df000 	C:\Program Files\Java\jdk1.8.0_101\jre\bin\msvcr100.dll
0x50320000 - 0x506ec000 	C:\Program Files\Java\jdk1.8.0_101\jre\bin\client\jvm.dll
0x71290000 - 0x71297000 	C:\Windows\system32\WSOCK32.dll
0x77cd0000 - 0x77d05000 	C:\Windows\system32\WS2_32.dll
0x76860000 - 0x76866000 	C:\Windows\system32\NSI.dll
0x71490000 - 0x714c2000 	C:\Windows\system32\WINMM.dll
0x75020000 - 0x75029000 	C:\Windows\system32\VERSION.dll
0x77da0000 - 0x77da5000 	C:\Windows\system32\PSAPI.DLL
0x62550000 - 0x6255c000 	C:\Program Files\Java\jdk1.8.0_101\jre\bin\verify.dll
0x62520000 - 0x62541000 	C:\Program Files\Java\jdk1.8.0_101\jre\bin\java.dll
0x62500000 - 0x62513000 	C:\Program Files\Java\jdk1.8.0_101\jre\bin\zip.dll
0x76a70000 - 0x776b9000 	C:\Windows\system32\SHELL32.dll
0x77a30000 - 0x77b8c000 	C:\Windows\system32\ole32.dll
0x75ce0000 - 0x75ceb000 	C:\Windows\system32\profapi.dll
0x739f0000 - 0x73adb000 	C:\Windows\system32\dbghelp.dll

VM Arguments:
jvm_args: -Djava.awt.headless=true -Xmx1024M -Dfile.encoding=windows-1252 -Duser.country=US -Duser.language=en -Duser.variant 
java_command: com.android.dx.command.Main --dex --num-threads=4 --multi-dex --main-dex-list E:\SandeepProjectResources\MobipugNew\Mobipug27.10.18\MobipugSource\app\build\intermediates\multi-dex\debug\maindexlist.txt --output E:\SandeepProjectResources\MobipugNew\Mobipug27.10.18\MobipugSource\app\build\intermediates\transforms\dex\debug\folders\1000\1f\main E:\SandeepProjectResources\MobipugNew\Mobipug27.10.18\MobipugSource\app\build\intermediates\transforms\jarMerging\debug\jars\1\1f\combined.jar
java_class_path (initial): C:\Users\android-4\AppData\Local\Android\Sdk\build-tools\26.0.2\lib\dx.jar
Launcher Type: SUN_STANDARD

Environment Variables:
PATH=C:\ProgramData\Oracle\Java\javapath;C:\Windows\system32;C:\Windows;C:\Windows\System32\Wbem;C:\Windows\System32\WindowsPowerShell\v1.0\;C:\Program Files\Intel\OpenCL SDK\2.0\bin\x86;C:\Program Files\Skype\Phone\
USERNAME=android-4
OS=Windows_NT
PROCESSOR_IDENTIFIER=x86 Family 6 Model 42 Stepping 7, GenuineIntel



---------------  S Y S T E M  ---------------

OS: Windows 7 Build 7600 (6.1.7600.16385)

CPU:total 4 (2 cores per cpu, 2 threads per core) family 6 model 42 stepping 7, cmov, cx8, fxsr, mmx, sse, sse2, sse3, ssse3, sse4.1, sse4.2, popcnt, clmul, ht, tsc, tscinvbit

Memory: 4k page, physical 3578328k(305148k free), swap 24056564k(19195864k free)

vm_info: Java HotSpot(TM) Client VM (25.101-b13) for windows-x86 JRE (1.8.0_101-b13), built on Jun 22 2016 00:45:44 by "java_re" with MS VC++ 10.0 (VS2010)

time: Thu Nov 08 15:24:23 2018
elapsed time: 18 seconds (0d 0h 0m 18s)

