#
# A fatal error has been detected by the Java Runtime Environment:
#
#  EXCEPTION_ACCESS_VIOLATION (0xc0000005) at pc=0x01ceb621, pid=1156, tid=0x0000114c
#
# JRE version: Java(TM) SE Runtime Environment (8.0_101-b13) (build 1.8.0_101-b13)
# Java VM: Java HotSpot(TM) Client VM (25.101-b13 mixed mode windows-x86 )
# Problematic frame:
# v  ~RuntimeStub::ic_miss_stub
#
# Failed to write core dump. Minidumps are not enabled by default on client versions of Windows
#
# If you would like to submit a bug report, please visit:
#   http://bugreport.java.com/bugreport/crash.jsp
#

---------------  T H R E A D  ---------------

Current thread (0x4448a800):  VMThread [stack: 0x03ce0000,0x03d30000] [id=4428]

siginfo: ExceptionCode=0xc0000005, writing address 0x6be1e2dd

Registers:
EAX=0x44487908, EBX=0xaaa00000, ECX=0x44346930, EDX=0x01cf3dbf
ESP=0x03d2ed04, EBP=0x03d2ee60, ESI=0x304eaa08, EDI=0x6be1e1a5
EIP=0x01ceb621, EFLAGS=0x00010212

Top of Stack: (sp=0x03d2ed04)
0x03d2ed04:   6be1e1a5 ffff027f ffff0020 ffffffff
0x03d2ed14:   5181661e 0000001b 03d2efa4 ffff0023
0x03d2ed24:   00000000 00000000 00000000 00000000
0x03d2ed34:   00000000 00000000 00000000 00000000
0x03d2ed44:   00000000 4001c000 00000000 d2000000
0x03d2ed54:   68004006 66666666 40008666 ccccd000
0x03d2ed64:   ca9d014c 00004001 5b000000 4018a2b2
0x03d2ed74:   00000000 00000000 fff80000 00000000 

Instructions: (pc=0x01ceb621)
0x01ceb601:   00 00 f3 0f 7f b4 24 10 01 00 00 f3 0f 7f bc 24
0x01ceb611:   20 01 00 00 64 8b 3c 25 00 00 00 00 8b 7f f4 57
0x01ceb621:   89 af 38 01 00 00 89 a7 30 01 00 00 e8 3e 41 bf
0x01ceb631:   4f 83 c4 04 c7 87 30 01 00 00 00 00 00 00 c7 87 


Register to memory mapping:

EAX=0x44487908 is an unknown value
EBX=0xaaa00000 is an unknown value
ECX=0x44346930 is pointing into metadata
EDX=0x01cf3dbf is at code_begin+63 in an AdapterHandler
Adapter for signature: 0x01cf3dbf is at code_begin+63 in 
[CodeBlob (0x01cf3d48)]
Framesize: 0
BufferBlob (0x01cf3d48) used for I2C/C2I adapters
ESP=0x03d2ed04 is an unknown value
EBP=0x03d2ee60 is an unknown value
ESI=0x304eaa08 is an oop
com.android.dx.rop.code.RegisterSpecSet 
 - klass: 'com/android/dx/rop/code/RegisterSpecSet'
EDI=0x6be1e1a5 is an unknown value


Stack: [0x03ce0000,0x03d30000],  sp=0x03d2ed04,  free space=315k
Native frames: (J=compiled Java code, j=interpreted, Vv=VM code, C=native code)
v  ~RuntimeStub::ic_miss_stub
V  [jvm.dll+0xa569f]
V  [jvm.dll+0xa54ab]
V  [jvm.dll+0xa49f7]
V  [jvm.dll+0x919ce]
V  [jvm.dll+0x90eb0]
V  [jvm.dll+0x91484]
V  [jvm.dll+0x9a40c]
V  [jvm.dll+0x91344]
V  [jvm.dll+0x9933e]
V  [jvm.dll+0x951a9]
V  [jvm.dll+0x98e73]
V  [jvm.dll+0x92e25]
V  [jvm.dll+0x1b81c6]
V  [jvm.dll+0x18292b]
V  [jvm.dll+0x181d31]
V  [jvm.dll+0x182147]
V  [jvm.dll+0x182342]
V  [jvm.dll+0x1c1ed6]
C  [msvcr100.dll+0x5c556]
C  [msvcr100.dll+0x5c600]
C  [kernel32.dll+0x51174]
C  [ntdll.dll+0x5b3f5]
C  [ntdll.dll+0x5b3c8]

VM_Operation (0x4494ed38): GenCollectForAllocation, mode: safepoint, requested by thread 0x4461e000


---------------  P R O C E S S  ---------------

Java Threads: ( => current thread )
  0x4464a800 JavaThread "pool-2-thread-4" [_thread_blocked, id=3736, stack(0x44b70000,0x44bc0000)]
  0x44649800 JavaThread "pool-2-thread-3" [_thread_blocked, id=5980, stack(0x01000000,0x01050000)]
  0x44624000 JavaThread "pool-2-thread-2" [_thread_blocked, id=2460, stack(0x44bc0000,0x44c10000)]
  0x4464d800 JavaThread "pool-3-thread-1" [_thread_blocked, id=3208, stack(0x44970000,0x449c0000)]
  0x4461e000 JavaThread "pool-2-thread-1" [_thread_blocked, id=5872, stack(0x44900000,0x44950000)]
  0x444ed800 JavaThread "Service Thread" daemon [_thread_blocked, id=2096, stack(0x449e0000,0x44a30000)]
  0x444da000 JavaThread "C1 CompilerThread0" daemon [_thread_blocked, id=2328, stack(0x44780000,0x447d0000)]
  0x444d9000 JavaThread "Attach Listener" daemon [_thread_blocked, id=5704, stack(0x447f0000,0x44840000)]
  0x444d6000 JavaThread "Signal Dispatcher" daemon [_thread_blocked, id=2880, stack(0x44890000,0x448e0000)]
  0x444b6c00 JavaThread "Finalizer" daemon [_thread_blocked, id=1536, stack(0x00af0000,0x00b40000)]
  0x44490400 JavaThread "Reference Handler" daemon [_thread_blocked, id=3868, stack(0x446c0000,0x44710000)]
  0x0065bc00 JavaThread "main" [_thread_blocked, id=4856, stack(0x00b50000,0x00ba0000)]

Other Threads:
=>0x4448a800 VMThread [stack: 0x03ce0000,0x03d30000] [id=4428]
  0x444cf400 WatcherThread [stack: 0x44a70000,0x44ac0000] [id=4040]

VM state:at safepoint (normal execution)

VM Mutex/Monitor currently owned by a thread:  ([mutex/lock_event])
[0x0065a230] Threads_lock - owner thread: 0x4448a800
[0x0065a640] Heap_lock - owner thread: 0x4461e000

Heap:
 def new generation   total 314560K, used 279616K [0x03e00000, 0x19350000, 0x19350000)
  eden space 279616K, 100% used [0x03e00000, 0x14f10000, 0x14f10000)
  from space 34944K,   0% used [0x14f10000, 0x14f10000, 0x17130000)
  to   space 34944K,   1% used [0x17130000, 0x1718c1b0, 0x19350000)
 tenured generation   total 699072K, used 506019K [0x19350000, 0x43e00000, 0x43e00000)
   the space 699072K,  72% used [0x19350000, 0x38178fe8, 0x38179000, 0x43e00000)
 Metaspace       used 3551K, capacity 3598K, committed 3648K, reserved 4480K

Card table byte_map: [0x43e00000,0x44010000] byte_map_base: 0x43de1000

Polling page: 0x00360000

CodeCache: size=32768Kb used=3597Kb max_used=3597Kb free=29170Kb
 bounds [0x01cb0000, 0x02038000, 0x03cb0000]
 total_blobs=1892 nmethods=1745 adapters=77
 compilation: enabled

Compilation events (10 events):
Event: 14.517 Thread 0x444da000 nmethod 1743 0x0202f188 code [0x0202f2c0, 0x0202f4c0]
Event: 14.550 Thread 0x444da000 1744 %           com.android.dx.ssa.SsaConverter::placePhiFunctions @ 131 (394 bytes)
Event: 14.554 Thread 0x444da000 nmethod 1744% 0x0202f688 code [0x0202f9d0, 0x02030c6c]
Event: 14.557 Thread 0x444da000 1745             com.android.dx.util.ListIntSet::iterator (9 bytes)
Event: 14.558 Thread 0x444da000 nmethod 1745 0x02033188 code [0x02033280, 0x02033350]
Event: 14.558 Thread 0x444da000 1746             com.android.dx.util.ListIntSet$1::<init> (15 bytes)
Event: 14.559 Thread 0x444da000 nmethod 1746 0x020333c8 code [0x020334c0, 0x02033550]
Event: 14.559 Thread 0x444da000 1747             com.android.dx.util.ListIntSet$1::hasNext (23 bytes)
Event: 14.560 Thread 0x444da000 nmethod 1747 0x02033588 code [0x02033680, 0x02033730]
Event: 14.561 Thread 0x444da000 1748 %           com.android.dx.ssa.SsaConverter::placePhiFunctions @ 229 (394 bytes)

GC Heap History (10 events):
Event: 9.551 GC heap after
Heap after GC invocations=95 (full 7):
 def new generation   total 221184K, used 24511K [0x03e00000, 0x12df0000, 0x19350000)
  eden space 196672K,   0% used [0x03e00000, 0x03e00000, 0x0fe10000)
  from space 24512K,  99% used [0x0fe10000, 0x115ffff8, 0x11600000)
  to   space 24512K,   0% used [0x11600000, 0x11600000, 0x12df0000)
 tenured generation   total 491300K, used 396641K [0x19350000, 0x37319000, 0x43e00000)
   the space 491300K,  80% used [0x19350000, 0x316a8448, 0x316a8600, 0x37319000)
 Metaspace       used 3547K, capacity 3598K, committed 3648K, reserved 4480K
}
Event: 9.878 GC heap before
{Heap before GC invocations=95 (full 7):
 def new generation   total 221184K, used 221183K [0x03e00000, 0x12df0000, 0x19350000)
  eden space 196672K, 100% used [0x03e00000, 0x0fe10000, 0x0fe10000)
  from space 24512K,  99% used [0x0fe10000, 0x115ffff8, 0x11600000)
  to   space 24512K,   0% used [0x11600000, 0x11600000, 0x12df0000)
 tenured generation   total 491300K, used 396641K [0x19350000, 0x37319000, 0x43e00000)
   the space 491300K,  80% used [0x19350000, 0x316a8448, 0x316a8600, 0x37319000)
 Metaspace       used 3547K, capacity 3598K, committed 3648K, reserved 4480K
Event: 10.001 GC heap after
Heap after GC invocations=96 (full 7):
 def new generation   total 221184K, used 24512K [0x03e00000, 0x12df0000, 0x19350000)
  eden space 196672K,   0% used [0x03e00000, 0x03e00000, 0x0fe10000)
  from space 24512K, 100% used [0x11600000, 0x12df0000, 0x12df0000)
  to   space 24512K,   0% used [0x0fe10000, 0x0fe10000, 0x11600000)
 tenured generation   total 491300K, used 423363K [0x19350000, 0x37319000, 0x43e00000)
   the space 491300K,  86% used [0x19350000, 0x330c0c50, 0x330c0e00, 0x37319000)
 Metaspace       used 3547K, capacity 3598K, committed 3648K, reserved 4480K
}
Event: 10.340 GC heap before
{Heap before GC invocations=96 (full 7):
 def new generation   total 221184K, used 221184K [0x03e00000, 0x12df0000, 0x19350000)
  eden space 196672K, 100% used [0x03e00000, 0x0fe10000, 0x0fe10000)
  from space 24512K, 100% used [0x11600000, 0x12df0000, 0x12df0000)
  to   space 24512K,   0% used [0x0fe10000, 0x0fe10000, 0x11600000)
 tenured generation   total 491300K, used 423363K [0x19350000, 0x37319000, 0x43e00000)
   the space 491300K,  86% used [0x19350000, 0x330c0c50, 0x330c0e00, 0x37319000)
 Metaspace       used 3547K, capacity 3598K, committed 3648K, reserved 4480K
Event: 10.458 GC heap after
Heap after GC invocations=97 (full 7):
 def new generation   total 221184K, used 24512K [0x03e00000, 0x12df0000, 0x19350000)
  eden space 196672K,   0% used [0x03e00000, 0x03e00000, 0x0fe10000)
  from space 24512K, 100% used [0x0fe10000, 0x11600000, 0x11600000)
  to   space 24512K,   0% used [0x11600000, 0x11600000, 0x12df0000)
 tenured generation   total 491300K, used 449575K [0x19350000, 0x37319000, 0x43e00000)
   the space 491300K,  91% used [0x19350000, 0x34a59d18, 0x34a59e00, 0x37319000)
 Metaspace       used 3547K, capacity 3598K, committed 3648K, reserved 4480K
}
Event: 10.782 GC heap before
{Heap before GC invocations=97 (full 7):
 def new generation   total 221184K, used 221184K [0x03e00000, 0x12df0000, 0x19350000)
  eden space 196672K, 100% used [0x03e00000, 0x0fe10000, 0x0fe10000)
  from space 24512K, 100% used [0x0fe10000, 0x11600000, 0x11600000)
  to   space 24512K,   0% used [0x11600000, 0x11600000, 0x12df0000)
 tenured generation   total 491300K, used 449575K [0x19350000, 0x37319000, 0x43e00000)
   the space 491300K,  91% used [0x19350000, 0x34a59d18, 0x34a59e00, 0x37319000)
 Metaspace       used 3547K, capacity 3598K, committed 3648K, reserved 4480K
Event: 10.906 GC heap after
Heap after GC invocations=98 (full 7):
 def new generation   total 221184K, used 24511K [0x03e00000, 0x12df0000, 0x19350000)
  eden space 196672K,   0% used [0x03e00000, 0x03e00000, 0x0fe10000)
  from space 24512K,  99% used [0x11600000, 0x12defff8, 0x12df0000)
  to   space 24512K,   0% used [0x0fe10000, 0x0fe10000, 0x11600000)
 tenured generation   total 491300K, used 476553K [0x19350000, 0x37319000, 0x43e00000)
   the space 491300K,  96% used [0x19350000, 0x364b26c8, 0x364b2800, 0x37319000)
 Metaspace       used 3547K, capacity 3598K, committed 3648K, reserved 4480K
}
Event: 11.261 GC heap before
{Heap before GC invocations=98 (full 7):
 def new generation   total 221184K, used 221183K [0x03e00000, 0x12df0000, 0x19350000)
  eden space 196672K, 100% used [0x03e00000, 0x0fe10000, 0x0fe10000)
  from space 24512K,  99% used [0x11600000, 0x12defff8, 0x12df0000)
  to   space 24512K,   0% used [0x0fe10000, 0x0fe10000, 0x11600000)
 tenured generation   total 491300K, used 476553K [0x19350000, 0x37319000, 0x43e00000)
   the space 491300K,  96% used [0x19350000, 0x364b26c8, 0x364b2800, 0x37319000)
 Metaspace       used 3547K, capacity 3598K, committed 3648K, reserved 4480K
Event: 12.885 GC heap after
Heap after GC invocations=99 (full 8):
 def new generation   total 314560K, used 6220K [0x03e00000, 0x19350000, 0x19350000)
  eden space 279616K,   2% used [0x03e00000, 0x044133a0, 0x14f10000)
  from space 34944K,   0% used [0x14f10000, 0x14f10000, 0x17130000)
  to   space 34944K,   0% used [0x17130000, 0x17130000, 0x19350000)
 tenured generation   total 699072K, used 506019K [0x19350000, 0x43e00000, 0x43e00000)
   the space 699072K,  72% used [0x19350000, 0x38178fe8, 0x38179000, 0x43e00000)
 Metaspace       used 3547K, capacity 3598K, committed 3648K, reserved 4480K
}
Event: 14.561 GC heap before
{Heap before GC invocations=99 (full 8):
 def new generation   total 314560K, used 279616K [0x03e00000, 0x19350000, 0x19350000)
  eden space 279616K, 100% used [0x03e00000, 0x14f10000, 0x14f10000)
  from space 34944K,   0% used [0x14f10000, 0x14f10000, 0x17130000)
  to   space 34944K,   0% used [0x17130000, 0x17130000, 0x19350000)
 tenured generation   total 699072K, used 506019K [0x19350000, 0x43e00000, 0x43e00000)
   the space 699072K,  72% used [0x19350000, 0x38178fe8, 0x38179000, 0x43e00000)
 Metaspace       used 3551K, capacity 3598K, committed 3648K, reserved 4480K

Deoptimization events (0 events):
No events

Internal exceptions (5 events):
Event: 0.024 Thread 0x0065bc00 Exception <a 'java/lang/NoSuchMethodError': Method sun.misc.Unsafe.defineClass(Ljava/lang/String;[BII)Ljava/lang/Class; name or signature does not match> (0x03e06ea8) thrown at [C:\re\workspace\8-2-build-windows-i586-cygwin\jdk8u101\7261\hotspot\src\share\1ÒÅ
Event: 0.024 Thread 0x0065bc00 Exception <a 'java/lang/NoSuchMethodError': Method sun.misc.Unsafe.prefetchRead(Ljava/lang/Object;J)V name or signature does not match> (0x03e07178) thrown at [C:\re\workspace\8-2-build-windows-i586-cygwin\jdk8u101\7261\hotspot\src\share\vm\prims\jni.cpp, QKTﬂP≈Î?
Event: 0.868 Thread 0x4461e000 Exception <a 'java/lang/ArrayIndexOutOfBoundsException': 18> (0x042af560) thrown at [C:\re\workspace\8-2-build-windows-i586-cygwin\jdk8u101\7261\hotspot\src\share\vm\interpreter\interpreterRuntime.cpp, line 366]
Event: 0.868 Thread 0x4461e000 Exception <a 'java/lang/ArrayIndexOutOfBoundsException': 145> (0x042b0e00) thrown at [C:\re\workspace\8-2-build-windows-i586-cygwin\jdk8u101\7261\hotspot\src\share\vm\interpreter\interpreterRuntime.cpp, line 366]
Event: 0.868 Thread 0x4461e000 Exception <a 'java/lang/ArrayIndexOutOfBoundsException': 40> (0x042b1ee0) thrown at [C:\re\workspace\8-2-build-windows-i586-cygwin\jdk8u101\7261\hotspot\src\share\vm\interpreter\interpreterRuntime.cpp, line 366]

Events (10 events):
Event: 14.514 loading class com/android/dx/util/ListIntSet done
Event: 14.514 Executing VM operation: Deoptimize
Event: 14.515 Executing VM operation: Deoptimize done
Event: 14.547 Thread 0x44649800 DEOPT PACKING pc=0x01ddb314 sp=0x0104ed40
Event: 14.547 Thread 0x44649800 DEOPT UNPACKING pc=0x01cec5db sp=0x0104ec68 mode 0
Event: 14.555 loading class com/android/dx/util/ListIntSet$1
Event: 14.555 loading class com/android/dx/util/ListIntSet$1 done
Event: 14.556 Executing VM operation: Deoptimize
Event: 14.556 Executing VM operation: Deoptimize done
Event: 14.561 Executing VM operation: GenCollectForAllocation


Dynamic libraries:
0x01070000 - 0x010a3000 	C:\Program Files\Java\jdk1.8.0_101\bin\java.exe
0x76f00000 - 0x7703c000 	C:\Windows\SYSTEM32\ntdll.dll
0x755f0000 - 0x756c4000 	C:\Windows\system32\kernel32.dll
0x751f0000 - 0x7523a000 	C:\Windows\system32\KERNELBASE.dll
0x753a0000 - 0x75440000 	C:\Windows\system32\ADVAPI32.dll
0x76520000 - 0x765cc000 	C:\Windows\system32\msvcrt.dll
0x75370000 - 0x75389000 	C:\Windows\SYSTEM32\sechost.dll
0x76470000 - 0x76511000 	C:\Windows\system32\RPCRT4.dll
0x756d0000 - 0x75799000 	C:\Windows\system32\USER32.dll
0x770e0000 - 0x7712e000 	C:\Windows\system32\GDI32.dll
0x75390000 - 0x7539a000 	C:\Windows\system32\LPK.dll
0x76b50000 - 0x76bed000 	C:\Windows\system32\USP10.dll
0x73dc0000 - 0x73f5e000 	C:\Windows\WinSxS\x86_microsoft.windows.common-controls_6595b64144ccf1df_6.0.7600.16385_none_421189da2b7fabfc\COMCTL32.dll
0x76af0000 - 0x76b47000 	C:\Windows\system32\SHLWAPI.dll
0x77040000 - 0x7705f000 	C:\Windows\system32\IMM32.DLL
0x76d30000 - 0x76dfc000 	C:\Windows\system32\MSCTF.dll
0x64db0000 - 0x64e6f000 	C:\Program Files\Java\jdk1.8.0_101\jre\bin\msvcr100.dll
0x51770000 - 0x51b3c000 	C:\Program Files\Java\jdk1.8.0_101\jre\bin\client\jvm.dll
0x70810000 - 0x70817000 	C:\Windows\system32\WSOCK32.dll
0x75440000 - 0x75475000 	C:\Windows\system32\WS2_32.dll
0x75350000 - 0x75356000 	C:\Windows\system32\NSI.dll
0x707c0000 - 0x707f2000 	C:\Windows\system32\WINMM.dll
0x74550000 - 0x74559000 	C:\Windows\system32\VERSION.dll
0x75360000 - 0x75365000 	C:\Windows\system32\PSAPI.DLL
0x720f0000 - 0x720fc000 	C:\Program Files\Java\jdk1.8.0_101\jre\bin\verify.dll
0x72070000 - 0x72091000 	C:\Program Files\Java\jdk1.8.0_101\jre\bin\java.dll
0x720b0000 - 0x720c3000 	C:\Program Files\Java\jdk1.8.0_101\jre\bin\zip.dll
0x75820000 - 0x76469000 	C:\Windows\system32\SHELL32.dll
0x75490000 - 0x755ec000 	C:\Windows\system32\ole32.dll
0x75050000 - 0x7505b000 	C:\Windows\system32\profapi.dll
0x72db0000 - 0x72e9b000 	C:\Windows\system32\dbghelp.dll

VM Arguments:
jvm_args: -Djava.awt.headless=true -Xmx1024M -Dfile.encoding=windows-1252 -Duser.country=US -Duser.language=en -Duser.variant 
java_command: com.android.dx.command.Main --dex --num-threads=4 --multi-dex --main-dex-list E:\SandeepProjectResources\MobipugNew\Mobipug27.10.18\MobipugSource\app\build\intermediates\multi-dex\debug\maindexlist.txt --output E:\SandeepProjectResources\MobipugNew\Mobipug27.10.18\MobipugSource\app\build\intermediates\transforms\dex\debug\folders\1000\1f\main E:\SandeepProjectResources\MobipugNew\Mobipug27.10.18\MobipugSource\app\build\intermediates\transforms\jarMerging\debug\jars\1\1f\combined.jar
java_class_path (initial): C:\Users\android-4\AppData\Local\Android\Sdk\build-tools\26.0.2\lib\dx.jar
Launcher Type: SUN_STANDARD

Environment Variables:
PATH=C:\ProgramData\Oracle\Java\javapath;C:\Windows\system32;C:\Windows;C:\Windows\System32\Wbem;C:\Windows\System32\WindowsPowerShell\v1.0\;C:\Program Files\Intel\OpenCL SDK\2.0\bin\x86;C:\Program Files\Skype\Phone\
USERNAME=android-4
OS=Windows_NT
PROCESSOR_IDENTIFIER=x86 Family 6 Model 42 Stepping 7, GenuineIntel



---------------  S Y S T E M  ---------------

OS: Windows 7 Build 7600 (6.1.7600.16385)

CPU:total 4 (2 cores per cpu, 2 threads per core) family 6 model 42 stepping 7, cmov, cx8, fxsr, mmx, sse, sse2, sse3, ssse3, sse4.1, sse4.2, popcnt, clmul, ht, tsc, tscinvbit

Memory: 4k page, physical 3578328k(468468k free), swap 24056564k(19076832k free)

vm_info: Java HotSpot(TM) Client VM (25.101-b13) for windows-x86 JRE (1.8.0_101-b13), built on Jun 22 2016 00:45:44 by "java_re" with MS VC++ 10.0 (VS2010)

time: Sat Nov 10 17:57:59 2018
elapsed time: 14 seconds (0d 0h 0m 14s)

