#
# A fatal error has been detected by the Java Runtime Environment:
#
#  EXCEPTION_ACCESS_VIOLATION (0xc0000005) at pc=0xaabebe00, pid=5364, tid=0x000008b4
#
# JRE version: Java(TM) SE Runtime Environment (8.0_101-b13) (build 1.8.0_101-b13)
# Java VM: Java HotSpot(TM) Client VM (25.101-b13 mixed mode windows-x86 )
# Problematic frame:
# C  0xaabebe00
#
# Failed to write core dump. Minidumps are not enabled by default on client versions of Windows
#
# If you would like to submit a bug report, please visit:
#   http://bugreport.java.com/bugreport/crash.jsp
#

---------------  T H R E A D  ---------------

Current thread (0x443ea800):  VMThread [stack: 0x446f0000,0x44740000] [id=2228]

siginfo: ExceptionCode=0xc0000005, ExceptionInformation=0x00000008 0xaabebe00

Registers:
EAX=0x443e78a8, EBX=0x4473f264, ECX=0x44266be0, EDX=0xaabebe00
ESP=0x4473f164, EBP=0x4473f180, ESI=0x24985050, EDI=0x266cd770
EIP=0xaabebe00, EFLAGS=0x00010283

Top of Stack: (sp=0x4473f164)
0x4473f164:   50e7518f 24985050 4473f264 00984050
0x4473f174:   4473f264 0097f210 00984170 4473f194
0x4473f184:   50e6a531 4473f264 0097f264 00000001
0x4473f194:   4473f1ac 50e68207 4473f264 0097f210
0x4473f1a4:   4473f2a4 00000000 4473f3c8 50e641d7
0x4473f1b4:   00000000 4473f2f0 4473f264 00981c88
0x4473f1c4:   50e651b4 00a5ffa0 0097f210 0097f260
0x4473f1d4:   510a9c54 00000000 0000005b 00000004 

Instructions: (pc=0xaabebe00)
0xaabebde0:   
[error occurred during error reporting (printing registers, top of stack, instructions near pc), id 0xc0000005]

Register to memory mapping:

EAX=0x443e78a8 is an unknown value
EBX=0x4473f264 is an unknown value
ECX=0x44266be0 is pointing into metadata
EDX=0xaabebe00 is an unknown value
ESP=0x4473f164 is an unknown value
EBP=0x4473f180 is an unknown value
ESI=0x24985050 is an oop

[error occurred during error reporting (printing register info), id 0xc0000005]

Stack: [0x446f0000,0x44740000],  sp=0x4473f164,  free space=316k
Native frames: (J=compiled Java code, j=interpreted, Vv=VM code, C=native code)
C  0xaabebe00
V  [jvm.dll+0x9a531]
V  [jvm.dll+0x98207]
V  [jvm.dll+0x941d7]
V  [jvm.dll+0x98e73]
V  [jvm.dll+0x92e25]
V  [jvm.dll+0x1b81c6]
V  [jvm.dll+0x18292b]
V  [jvm.dll+0x181d31]
V  [jvm.dll+0x182147]
V  [jvm.dll+0x182342]
V  [jvm.dll+0x1c1ed6]
C  [msvcr100.dll+0x5c556]
C  [msvcr100.dll+0x5c600]
C  [kernel32.dll+0x51174]
C  [ntdll.dll+0x5b3f5]
C  [ntdll.dll+0x5b3c8]

VM_Operation (0x44b2efd8): GenCollectForAllocation, mode: safepoint, requested by thread 0x44591000


---------------  P R O C E S S  ---------------

Java Threads: ( => current thread )
  0x445c1800 JavaThread "pool-2-thread-4" [_thread_blocked, id=3916, stack(0x449f0000,0x44a40000)]
  0x445c3c00 JavaThread "pool-2-thread-3" [_thread_blocked, id=5680, stack(0x44a50000,0x44aa0000)]
  0x445c2c00 JavaThread "pool-2-thread-2" [_thread_blocked, id=2096, stack(0x00c90000,0x00ce0000)]
  0x44595400 JavaThread "pool-3-thread-1" [_thread_blocked, id=5300, stack(0x44b60000,0x44bb0000)]
  0x44591000 JavaThread "pool-2-thread-1" [_thread_blocked, id=5404, stack(0x44ae0000,0x44b30000)]
  0x4442e000 JavaThread "Service Thread" daemon [_thread_blocked, id=328, stack(0x448a0000,0x448f0000)]
  0x4443b000 JavaThread "C1 CompilerThread0" daemon [_thread_blocked, id=3184, stack(0x448f0000,0x44940000)]
  0x4443a000 JavaThread "Attach Listener" daemon [_thread_blocked, id=3344, stack(0x446a0000,0x446f0000)]
  0x44436c00 JavaThread "Signal Dispatcher" daemon [_thread_blocked, id=5236, stack(0x00a70000,0x00ac0000)]
  0x44417c00 JavaThread "Finalizer" daemon [_thread_blocked, id=3952, stack(0x44780000,0x447d0000)]
  0x443f0400 JavaThread "Reference Handler" daemon [_thread_blocked, id=5984, stack(0x445f0000,0x44640000)]
  0x0018bc00 JavaThread "main" [_thread_blocked, id=4128, stack(0x00ac0000,0x00b10000)]

Other Threads:
=>0x443ea800 VMThread [stack: 0x446f0000,0x44740000] [id=2228]
  0x4442fc00 WatcherThread [stack: 0x44970000,0x449c0000] [id=4300]

VM state:at safepoint (normal execution)

VM Mutex/Monitor currently owned by a thread:  ([mutex/lock_event])
[0x0018a230] Threads_lock - owner thread: 0x443ea800
[0x0018a640] Heap_lock - owner thread: 0x44591000

Heap:
 def new generation   total 116608K, used 116608K [0x03c00000, 0x0ba80000, 0x19150000)
  eden space 103680K, 100% used [0x03c00000, 0x0a140000, 0x0a140000)
  from space 12928K, 100% used [0x0a140000, 0x0ade0000, 0x0ade0000)
  to   space 12928K,  91% used [0x0ade0000, 0x0b962778, 0x0ba80000)
 tenured generation   total 258968K, used 219192K [0x19150000, 0x28e36000, 0x43c00000)
   the space 258968K,  84% used [0x19150000, 0x2675e048, 0x2675e200, 0x28e36000)
 Metaspace       used 3546K, capacity 3598K, committed 3648K, reserved 4480K

Card table byte_map: [0x43c00000,0x43e10000] byte_map_base: 0x43be2000

Polling page: 0x00140000

CodeCache: size=32768Kb used=3416Kb max_used=3416Kb free=29351Kb
 bounds [0x01bf0000, 0x01f48000, 0x03bf0000]
 total_blobs=1799 nmethods=1652 adapters=77
 compilation: enabled

Compilation events (10 events):
Event: 5.842 Thread 0x4443b000 1650   !         java.util.concurrent.ArrayBlockingQueue::offer (55 bytes)
Event: 5.842 Thread 0x4443b000 nmethod 1650 0x01f44148 code [0x01f44290, 0x01f44498]
Event: 5.842 Thread 0x4443b000 1651             java.util.concurrent.ArrayBlockingQueue::checkNotNull (13 bytes)
Event: 5.842 Thread 0x4443b000 nmethod 1651 0x01f44788 code [0x01f44890, 0x01f4496c]
Event: 5.868 Thread 0x4443b000 1652             com.android.dx.cf.code.BytecodeArray::parseLookupswitch (175 bytes)
Event: 5.869 Thread 0x4443b000 nmethod 1652 0x01f44a08 code [0x01f44bd0, 0x01f4506c]
Event: 5.885 Thread 0x4443b000 1653   !         java.util.concurrent.ArrayBlockingQueue::take (46 bytes)
Event: 5.886 Thread 0x4443b000 nmethod 1653 0x01f45888 code [0x01f459f0, 0x01f45c70]
Event: 5.886 Thread 0x4443b000 1654             java.util.concurrent.FutureTask::report (37 bytes)
Event: 5.886 Thread 0x4443b000 nmethod 1654 0x01f46088 code [0x01f461a0, 0x01f46328]

GC Heap History (10 events):
Event: 4.909 GC heap after
Heap after GC invocations=81 (full 6):
 def new generation   total 116608K, used 3712K [0x03c00000, 0x0ba80000, 0x19150000)
  eden space 103680K,   3% used [0x03c00000, 0x03fa0138, 0x0a140000)
  from space 12928K,   0% used [0x0a140000, 0x0a140000, 0x0ade0000)
  to   space 12928K,   0% used [0x0ade0000, 0x0ade0000, 0x0ba80000)
 tenured generation   total 258968K, used 155380K [0x19150000, 0x28e36000, 0x43c00000)
   the space 258968K,  59% used [0x19150000, 0x2290d000, 0x2290d000, 0x28e36000)
 Metaspace       used 3545K, capacity 3566K, committed 3648K, reserved 4480K
}
Event: 5.077 GC heap before
{Heap before GC invocations=81 (full 6):
 def new generation   total 116608K, used 103680K [0x03c00000, 0x0ba80000, 0x19150000)
  eden space 103680K, 100% used [0x03c00000, 0x0a140000, 0x0a140000)
  from space 12928K,   0% used [0x0a140000, 0x0a140000, 0x0ade0000)
  to   space 12928K,   0% used [0x0ade0000, 0x0ade0000, 0x0ba80000)
 tenured generation   total 258968K, used 155380K [0x19150000, 0x28e36000, 0x43c00000)
   the space 258968K,  59% used [0x19150000, 0x2290d000, 0x2290d000, 0x28e36000)
 Metaspace       used 3546K, capacity 3598K, committed 3648K, reserved 4480K
Event: 5.204 GC heap after
Heap after GC invocations=82 (full 6):
 def new generation   total 116608K, used 12928K [0x03c00000, 0x0ba80000, 0x19150000)
  eden space 103680K,   0% used [0x03c00000, 0x03c00000, 0x0a140000)
  from space 12928K, 100% used [0x0ade0000, 0x0ba80000, 0x0ba80000)
  to   space 12928K,   0% used [0x0a140000, 0x0a140000, 0x0ade0000)
 tenured generation   total 258968K, used 162108K [0x19150000, 0x28e36000, 0x43c00000)
   the space 258968K,  62% used [0x19150000, 0x22f9f2b0, 0x22f9f400, 0x28e36000)
 Metaspace       used 3546K, capacity 3598K, committed 3648K, reserved 4480K
}
Event: 5.263 GC heap before
{Heap before GC invocations=82 (full 6):
 def new generation   total 116608K, used 116608K [0x03c00000, 0x0ba80000, 0x19150000)
  eden space 103680K, 100% used [0x03c00000, 0x0a140000, 0x0a140000)
  from space 12928K, 100% used [0x0ade0000, 0x0ba80000, 0x0ba80000)
  to   space 12928K,   0% used [0x0a140000, 0x0a140000, 0x0ade0000)
 tenured generation   total 258968K, used 162108K [0x19150000, 0x28e36000, 0x43c00000)
   the space 258968K,  62% used [0x19150000, 0x22f9f2b0, 0x22f9f400, 0x28e36000)
 Metaspace       used 3546K, capacity 3598K, committed 3648K, reserved 4480K
Event: 5.293 GC heap after
Heap after GC invocations=83 (full 6):
 def new generation   total 116608K, used 889K [0x03c00000, 0x0ba80000, 0x19150000)
  eden space 103680K,   0% used [0x03c00000, 0x03c00000, 0x0a140000)
  from space 12928K,   6% used [0x0a140000, 0x0a21e580, 0x0ade0000)
  to   space 12928K,   0% used [0x0ade0000, 0x0ade0000, 0x0ba80000)
 tenured generation   total 258968K, used 174768K [0x19150000, 0x28e36000, 0x43c00000)
   the space 258968K,  67% used [0x19150000, 0x23bfc258, 0x23bfc400, 0x28e36000)
 Metaspace       used 3546K, capacity 3598K, committed 3648K, reserved 4480K
}
Event: 5.432 GC heap before
{Heap before GC invocations=83 (full 6):
 def new generation   total 116608K, used 104569K [0x03c00000, 0x0ba80000, 0x19150000)
  eden space 103680K, 100% used [0x03c00000, 0x0a140000, 0x0a140000)
  from space 12928K,   6% used [0x0a140000, 0x0a21e580, 0x0ade0000)
  to   space 12928K,   0% used [0x0ade0000, 0x0ade0000, 0x0ba80000)
 tenured generation   total 258968K, used 174768K [0x19150000, 0x28e36000, 0x43c00000)
   the space 258968K,  67% used [0x19150000, 0x23bfc258, 0x23bfc400, 0x28e36000)
 Metaspace       used 3546K, capacity 3598K, committed 3648K, reserved 4480K
Event: 5.468 GC heap after
Heap after GC invocations=84 (full 6):
 def new generation   total 116608K, used 12038K [0x03c00000, 0x0ba80000, 0x19150000)
  eden space 103680K,   0% used [0x03c00000, 0x03c00000, 0x0a140000)
  from space 12928K,  93% used [0x0ade0000, 0x0b9a1b78, 0x0ba80000)
  to   space 12928K,   0% used [0x0a140000, 0x0a140000, 0x0ade0000)
 tenured generation   total 258968K, used 174768K [0x19150000, 0x28e36000, 0x43c00000)
   the space 258968K,  67% used [0x19150000, 0x23bfc258, 0x23bfc400, 0x28e36000)
 Metaspace       used 3546K, capacity 3598K, committed 3648K, reserved 4480K
}
Event: 5.667 GC heap before
{Heap before GC invocations=84 (full 6):
 def new generation   total 116608K, used 115718K [0x03c00000, 0x0ba80000, 0x19150000)
  eden space 103680K, 100% used [0x03c00000, 0x0a140000, 0x0a140000)
  from space 12928K,  93% used [0x0ade0000, 0x0b9a1b78, 0x0ba80000)
  to   space 12928K,   0% used [0x0a140000, 0x0a140000, 0x0ade0000)
 tenured generation   total 258968K, used 174768K [0x19150000, 0x28e36000, 0x43c00000)
   the space 258968K,  67% used [0x19150000, 0x23bfc258, 0x23bfc400, 0x28e36000)
 Metaspace       used 3546K, capacity 3598K, committed 3648K, reserved 4480K
Event: 5.733 GC heap after
Heap after GC invocations=85 (full 6):
 def new generation   total 116608K, used 12928K [0x03c00000, 0x0ba80000, 0x19150000)
  eden space 103680K,   0% used [0x03c00000, 0x03c00000, 0x0a140000)
  from space 12928K, 100% used [0x0a140000, 0x0ade0000, 0x0ade0000)
  to   space 12928K,   0% used [0x0ade0000, 0x0ade0000, 0x0ba80000)
 tenured generation   total 258968K, used 188001K [0x19150000, 0x28e36000, 0x43c00000)
   the space 258968K,  72% used [0x19150000, 0x248e8448, 0x248e8600, 0x28e36000)
 Metaspace       used 3546K, capacity 3598K, committed 3648K, reserved 4480K
}
Event: 5.901 GC heap before
{Heap before GC invocations=85 (full 6):
 def new generation   total 116608K, used 116608K [0x03c00000, 0x0ba80000, 0x19150000)
  eden space 103680K, 100% used [0x03c00000, 0x0a140000, 0x0a140000)
  from space 12928K, 100% used [0x0a140000, 0x0ade0000, 0x0ade0000)
  to   space 12928K,   0% used [0x0ade0000, 0x0ade0000, 0x0ba80000)
 tenured generation   total 258968K, used 188001K [0x19150000, 0x28e36000, 0x43c00000)
   the space 258968K,  72% used [0x19150000, 0x248e8448, 0x248e8600, 0x28e36000)
 Metaspace       used 3546K, capacity 3598K, committed 3648K, reserved 4480K

Deoptimization events (0 events):
No events

Internal exceptions (5 events):
Event: 0.104 Thread 0x0018bc00 Exception <a 'java/lang/NoSuchMethodError': Method sun.misc.Unsafe.defineClass(Ljava/lang/String;[BII)Ljava/lang/Class; name or signature does not match> (0x03c06ea8) thrown at [C:\re\workspace\8-2-build-windows-i586-cygwin\jdk8u101\7261\hotspot\src\share\dCp¾ÝŽº?
Event: 0.104 Thread 0x0018bc00 Exception <a 'java/lang/NoSuchMethodError': Method sun.misc.Unsafe.prefetchRead(Ljava/lang/Object;J)V name or signature does not match> (0x03c07178) thrown at [C:\re\workspace\8-2-build-windows-i586-cygwin\jdk8u101\7261\hotspot\src\share\vm\prims\jni.cpp, ˜“Cƒp÷?
Event: 1.438 Thread 0x445c1800 Exception <a 'java/lang/ArrayIndexOutOfBoundsException': 18> (0x03f698a0) thrown at [C:\re\workspace\8-2-build-windows-i586-cygwin\jdk8u101\7261\hotspot\src\share\vm\interpreter\interpreterRuntime.cpp, line 366]
Event: 1.438 Thread 0x445c1800 Exception <a 'java/lang/ArrayIndexOutOfBoundsException': 145> (0x03f6b140) thrown at [C:\re\workspace\8-2-build-windows-i586-cygwin\jdk8u101\7261\hotspot\src\share\vm\interpreter\interpreterRuntime.cpp, line 366]
Event: 1.439 Thread 0x445c1800 Exception <a 'java/lang/ArrayIndexOutOfBoundsException': 40> (0x03f6c220) thrown at [C:\re\workspace\8-2-build-windows-i586-cygwin\jdk8u101\7261\hotspot\src\share\vm\interpreter\interpreterRuntime.cpp, line 366]

Events (10 events):
Event: 5.044 loading class com/android/dx/command/dexer/Main$NotFilter done
Event: 5.077 Executing VM operation: GenCollectForAllocation
Event: 5.204 Executing VM operation: GenCollectForAllocation done
Event: 5.263 Executing VM operation: GenCollectForAllocation
Event: 5.293 Executing VM operation: GenCollectForAllocation done
Event: 5.432 Executing VM operation: GenCollectForAllocation
Event: 5.468 Executing VM operation: GenCollectForAllocation done
Event: 5.667 Executing VM operation: GenCollectForAllocation
Event: 5.733 Executing VM operation: GenCollectForAllocation done
Event: 5.901 Executing VM operation: GenCollectForAllocation


Dynamic libraries:
0x00ce0000 - 0x00d13000 	C:\Program Files\Java\jdk1.8.0_101\bin\java.exe
0x771a0000 - 0x772dc000 	C:\Windows\SYSTEM32\ntdll.dll
0x76f50000 - 0x77024000 	C:\Windows\system32\kernel32.dll
0x755a0000 - 0x755ea000 	C:\Windows\system32\KERNELBASE.dll
0x756d0000 - 0x75770000 	C:\Windows\system32\ADVAPI32.dll
0x75770000 - 0x7581c000 	C:\Windows\system32\msvcrt.dll
0x769a0000 - 0x769b9000 	C:\Windows\SYSTEM32\sechost.dll
0x75620000 - 0x756c1000 	C:\Windows\system32\RPCRT4.dll
0x75a70000 - 0x75b39000 	C:\Windows\system32\USER32.dll
0x772f0000 - 0x7733e000 	C:\Windows\system32\GDI32.dll
0x75a50000 - 0x75a5a000 	C:\Windows\system32\LPK.dll
0x77030000 - 0x770cd000 	C:\Windows\system32\USP10.dll
0x74060000 - 0x741fe000 	C:\Windows\WinSxS\x86_microsoft.windows.common-controls_6595b64144ccf1df_6.0.7600.16385_none_421189da2b7fabfc\COMCTL32.dll
0x76ef0000 - 0x76f47000 	C:\Windows\system32\SHLWAPI.dll
0x755f0000 - 0x7560f000 	C:\Windows\system32\IMM32.DLL
0x770d0000 - 0x7719c000 	C:\Windows\system32\MSCTF.dll
0x54260000 - 0x5431f000 	C:\Program Files\Java\jdk1.8.0_101\jre\bin\msvcr100.dll
0x50dd0000 - 0x5119c000 	C:\Program Files\Java\jdk1.8.0_101\jre\bin\client\jvm.dll
0x70940000 - 0x70947000 	C:\Windows\system32\WSOCK32.dll
0x76a20000 - 0x76a55000 	C:\Windows\system32\WS2_32.dll
0x772e0000 - 0x772e6000 	C:\Windows\system32\NSI.dll
0x709e0000 - 0x70a12000 	C:\Windows\system32\WINMM.dll
0x747f0000 - 0x747f9000 	C:\Windows\system32\VERSION.dll
0x75a60000 - 0x75a65000 	C:\Windows\system32\PSAPI.DLL
0x6c2e0000 - 0x6c2ec000 	C:\Program Files\Java\jdk1.8.0_101\jre\bin\verify.dll
0x6c2b0000 - 0x6c2d1000 	C:\Program Files\Java\jdk1.8.0_101\jre\bin\java.dll
0x6c290000 - 0x6c2a3000 	C:\Program Files\Java\jdk1.8.0_101\jre\bin\zip.dll
0x75cd0000 - 0x76919000 	C:\Windows\system32\SHELL32.dll
0x76a60000 - 0x76bbc000 	C:\Windows\system32\ole32.dll
0x752f0000 - 0x752fb000 	C:\Windows\system32\profapi.dll
0x73050000 - 0x7313b000 	C:\Windows\system32\dbghelp.dll

VM Arguments:
jvm_args: -Djava.awt.headless=true -Xmx1024M -Dfile.encoding=windows-1252 -Duser.country=US -Duser.language=en -Duser.variant 
java_command: com.android.dx.command.Main --dex --num-threads=4 --multi-dex --main-dex-list E:\SandeepProjectResources\MobipugNew\Mobipug27.10.18\MobipugSource\app\build\intermediates\multi-dex\debug\maindexlist.txt --output E:\SandeepProjectResources\MobipugNew\Mobipug27.10.18\MobipugSource\app\build\intermediates\transforms\dex\debug\folders\1000\1f\main E:\SandeepProjectResources\MobipugNew\Mobipug27.10.18\MobipugSource\app\build\intermediates\transforms\jarMerging\debug\jars\1\1f\combined.jar
java_class_path (initial): C:\Users\android-4\AppData\Local\Android\Sdk\build-tools\26.0.2\lib\dx.jar
Launcher Type: SUN_STANDARD

Environment Variables:
PATH=C:\ProgramData\Oracle\Java\javapath;C:\Windows\system32;C:\Windows;C:\Windows\System32\Wbem;C:\Windows\System32\WindowsPowerShell\v1.0\;C:\Program Files\Intel\OpenCL SDK\2.0\bin\x86;C:\Program Files\Skype\Phone\
USERNAME=android-4
OS=Windows_NT
PROCESSOR_IDENTIFIER=x86 Family 6 Model 42 Stepping 7, GenuineIntel



---------------  S Y S T E M  ---------------

OS: Windows 7 Build 7600 (6.1.7600.16385)

CPU:total 4 (2 cores per cpu, 2 threads per core) family 6 model 42 stepping 7, cmov, cx8, fxsr, mmx, sse, sse2, sse3, ssse3, sse4.1, sse4.2, popcnt, clmul, ht, tsc, tscinvbit

Memory: 4k page, physical 3578328k(884020k free), swap 24056564k(19814480k free)

vm_info: Java HotSpot(TM) Client VM (25.101-b13) for windows-x86 JRE (1.8.0_101-b13), built on Jun 22 2016 00:45:44 by "java_re" with MS VC++ 10.0 (VS2010)

time: Wed Nov 14 16:50:48 2018
elapsed time: 5 seconds (0d 0h 0m 5s)

