#
# A fatal error has been detected by the Java Runtime Environment:
#
#  EXCEPTION_ACCESS_VIOLATION (0xc0000005) at pc=0x64544da9, pid=3392, tid=0x00000a8c
#
# JRE version: Java(TM) SE Runtime Environment (8.0_101-b13) (build 1.8.0_101-b13)
# Java VM: Java HotSpot(TM) Client VM (25.101-b13 mixed mode windows-x86 )
# Problematic frame:
# V  [jvm.dll+0x1b4da9]
#
# Failed to write core dump. Minidumps are not enabled by default on client versions of Windows
#
# If you would like to submit a bug report, please visit:
#   http://bugreport.java.com/bugreport/crash.jsp
#

---------------  T H R E A D  ---------------

Current thread (0x443ea800):  VMThread [stack: 0x446b0000,0x44700000] [id=2700]

siginfo: ExceptionCode=0xc0000005, reading address 0x0000008b

Registers:
EAX=0x1af78ac8, EBX=0x445c321c, ECX=0x1af16888, EDX=0x00000003
ESP=0x446ff3e0, EBP=0x446ff3f8, ESI=0x445c3218, EDI=0x646f94cc
EIP=0x64544da9, EFLAGS=0x00010206

Top of Stack: (sp=0x446ff3e0)
0x446ff3e0:   1af78ac8 646f94cc 445c3218 445c321c
0x446ff3f0:   646f94cc 445c3218 446ff404 64544fac
0x446ff400:   00000003 446ff420 644e883a 445c3218
0x446ff410:   445c6000 646f94cc 00000000 445cdcd0
0x446ff420:   446ff608 64509eef 646f94cc 00000002
0x446ff430:   445c6000 00000000 00000000 00000000
0x446ff440:   00000000 446ff694 446ff4bc 00000012
0x446ff450:   446ff680 646f94f0 446ff704 ffffffff 

Instructions: (pc=0x64544da9)
0x64544d89:   23 f0 29 35 50 94 6f 64 a3 4c 94 6f 64 8b c7 eb
0x64544d99:   09 48 a3 4c 94 6f 64 8b 04 81 8b 48 04 8b 11 50
0x64544da9:   8b 82 88 00 00 00 ff d0 8b 0d 58 94 6f 64 85 c9
0x64544db9:   0f 85 51 ff ff ff a1 7c 94 6f 64 85 c0 0f 84 b8 


Register to memory mapping:

EAX=0x1af78ac8 is pointing into object: 0x1af78ac0
com.android.dx.rop.code.ThrowingCstInsn 
 - klass: 'com/android/dx/rop/code/ThrowingCstInsn'
EBX=0x445c321c is an unknown value
ECX=0x1af16888 is an oop
com.android.dx.rop.code.SourcePosition 
 - klass: 'com/android/dx/rop/code/SourcePosition'
EDX=0x00000003 is an unknown value
ESP=0x446ff3e0 is an unknown value
EBP=0x446ff3f8 is an unknown value
ESI=0x445c3218 is an unknown value
EDI=0x646f94cc is an unknown value


Stack: [0x446b0000,0x44700000],  sp=0x446ff3e0,  free space=316k
Native frames: (J=compiled Java code, j=interpreted, Vv=VM code, C=native code)
V  [jvm.dll+0x1b4da9]
V  [jvm.dll+0x1b4fac]
V  [jvm.dll+0x15883a]
V  [jvm.dll+0x179eef]
V  [jvm.dll+0x1789ea]
V  [jvm.dll+0x97fb0]
V  [jvm.dll+0x992a1]
V  [jvm.dll+0x9b020]
V  [jvm.dll+0x9b489]
V  [jvm.dll+0x9a27f]
V  [jvm.dll+0xa64b2]
V  [jvm.dll+0x98e73]
V  [jvm.dll+0x92e25]
V  [jvm.dll+0x1b81c6]
V  [jvm.dll+0x18292b]
V  [jvm.dll+0x181d31]
V  [jvm.dll+0x182147]
V  [jvm.dll+0x182342]
V  [jvm.dll+0x1c1ed6]
C  [msvcr100.dll+0x5c556]
C  [msvcr100.dll+0x5c600]
C  [kernel32.dll+0x51174]
C  [ntdll.dll+0x5b3f5]
C  [ntdll.dll+0x5b3c8]

VM_Operation (0x0181ec68): GenCollectForAllocation, mode: safepoint, requested by thread 0x002ebc00


---------------  P R O C E S S  ---------------

Java Threads: ( => current thread )
  0x445c6000 JavaThread "pool-2-thread-4" [_thread_blocked, id=1836, stack(0x44a70000,0x44ac0000)]
  0x445c5800 JavaThread "pool-2-thread-3" [_thread_blocked, id=5012, stack(0x44a10000,0x44a60000)]
  0x445c5000 JavaThread "pool-2-thread-2" [_thread_blocked, id=2868, stack(0x44b60000,0x44bb0000)]
  0x445c4800 JavaThread "pool-3-thread-1" [_thread_blocked, id=3136, stack(0x44bc0000,0x44c10000)]
  0x4459b800 JavaThread "pool-2-thread-1" [_thread_blocked, id=4316, stack(0x44af0000,0x44b40000)]
  0x4444cc00 JavaThread "Service Thread" daemon [_thread_blocked, id=6044, stack(0x03b20000,0x03b70000)]
  0x4443a000 JavaThread "C1 CompilerThread0" daemon [_thread_blocked, id=2668, stack(0x448e0000,0x44930000)]
  0x44439000 JavaThread "Attach Listener" daemon [_thread_blocked, id=5572, stack(0x01170000,0x011c0000)]
  0x44436000 JavaThread "Signal Dispatcher" daemon [_thread_blocked, id=5228, stack(0x447f0000,0x44840000)]
  0x44416c00 JavaThread "Finalizer" daemon [_thread_blocked, id=4772, stack(0x44740000,0x44790000)]
  0x443f0400 JavaThread "Reference Handler" daemon [_thread_blocked, id=5560, stack(0x03b90000,0x03be0000)]
  0x002ebc00 JavaThread "main" [_thread_blocked, id=4720, stack(0x017d0000,0x01820000)]

Other Threads:
=>0x443ea800 VMThread [stack: 0x446b0000,0x44700000] [id=2700]
  0x44430400 WatcherThread [stack: 0x449c0000,0x44a10000] [id=2812]

VM state:at safepoint (normal execution)

VM Mutex/Monitor currently owned by a thread:  ([mutex/lock_event])
[0x002ea230] Threads_lock - owner thread: 0x443ea800
[0x002ea640] Heap_lock - owner thread: 0x002ebc00

Heap:
 def new generation   total 14464K, used 1600K [0x03c00000, 0x04bb0000, 0x19150000)
  eden space 12864K,   0% used [0x03c00000, 0x03c00000, 0x04890000)
  from space 1600K, 100% used [0x04890000, 0x04a20000, 0x04a20000)
  to   space 1600K,   0% used [0x04a20000, 0x04a20000, 0x04bb0000)
 tenured generation   total 33540K, used 33518K [0x19150000, 0x1b211000, 0x43c00000)
   the space 33540K,  99% used [0x19150000, 0x1b20ba50, 0x1b20bc00, 0x1b211000)
 Metaspace       used 3543K, capacity 3566K, committed 3648K, reserved 4480K

Card table byte_map: [0x43c00000,0x43e10000] byte_map_base: 0x43be2000

Polling page: 0x00150000

CodeCache: size=32768Kb used=2867Kb max_used=2867Kb free=29900Kb
 bounds [0x01af0000, 0x01dc0000, 0x03af0000]
 total_blobs=1404 nmethods=1257 adapters=77
 compilation: enabled

Compilation events (10 events):
Event: 1.240 Thread 0x4443a000 1255             com.android.dx.ssa.back.FirstFitLocalCombiningAllocator::fitPlanForRange (250 bytes)
Event: 1.242 Thread 0x4443a000 nmethod 1255 0x01dba988 code [0x01dbaba0, 0x01dbb318]
Event: 1.242 Thread 0x4443a000 1256             java.util.HashMap$Node::getValue (5 bytes)
Event: 1.242 Thread 0x4443a000 nmethod 1256 0x01dbc248 code [0x01dbc340, 0x01dbc3c0]
Event: 1.242 Thread 0x4443a000 1257             java.util.HashMap$EntryIterator::next (5 bytes)
Event: 1.242 Thread 0x4443a000 nmethod 1257 0x01dbc408 code [0x01dbc500, 0x01dbc58c]
Event: 1.243 Thread 0x4443a000 1258             com.android.dx.rop.annotation.Annotation::<init> (54 bytes)
Event: 1.244 Thread 0x4443a000 nmethod 1258 0x01dbc608 code [0x01dbc720, 0x01dbc908]
Event: 1.246 Thread 0x4443a000 1259             com.android.dx.cf.code.LocalVariableList$Item::matchesAllButType (53 bytes)
Event: 1.246 Thread 0x4443a000 nmethod 1259 0x01dbca08 code [0x01dbcb10, 0x01dbcc4c]

GC Heap History (10 events):
Event: 1.093 GC heap after
Heap after GC invocations=52 (full 2):
 def new generation   total 14464K, used 1599K [0x03c00000, 0x04bb0000, 0x19150000)
  eden space 12864K,   0% used [0x03c00000, 0x03c00000, 0x04890000)
  from space 1600K,  99% used [0x04a20000, 0x04bafff8, 0x04bb0000)
  to   space 1600K,   0% used [0x04890000, 0x04890000, 0x04a20000)
 tenured generation   total 32004K, used 23101K [0x19150000, 0x1b091000, 0x43c00000)
   the space 32004K,  72% used [0x19150000, 0x1a7df788, 0x1a7df800, 0x1b091000)
 Metaspace       used 3539K, capacity 3566K, committed 3648K, reserved 4480K
}
Event: 1.124 GC heap before
{Heap before GC invocations=52 (full 2):
 def new generation   total 14464K, used 14463K [0x03c00000, 0x04bb0000, 0x19150000)
  eden space 12864K, 100% used [0x03c00000, 0x04890000, 0x04890000)
  from space 1600K,  99% used [0x04a20000, 0x04bafff8, 0x04bb0000)
  to   space 1600K,   0% used [0x04890000, 0x04890000, 0x04a20000)
 tenured generation   total 32004K, used 23101K [0x19150000, 0x1b091000, 0x43c00000)
   the space 32004K,  72% used [0x19150000, 0x1a7df788, 0x1a7df800, 0x1b091000)
 Metaspace       used 3539K, capacity 3566K, committed 3648K, reserved 4480K
Event: 1.133 GC heap after
Heap after GC invocations=53 (full 2):
 def new generation   total 14464K, used 1600K [0x03c00000, 0x04bb0000, 0x19150000)
  eden space 12864K,   0% used [0x03c00000, 0x03c00000, 0x04890000)
  from space 1600K, 100% used [0x04890000, 0x04a20000, 0x04a20000)
  to   space 1600K,   0% used [0x04a20000, 0x04a20000, 0x04bb0000)
 tenured generation   total 32004K, used 25266K [0x19150000, 0x1b091000, 0x43c00000)
   the space 32004K,  78% used [0x19150000, 0x1a9fcb60, 0x1a9fcc00, 0x1b091000)
 Metaspace       used 3539K, capacity 3566K, committed 3648K, reserved 4480K
}
Event: 1.154 GC heap before
{Heap before GC invocations=53 (full 2):
 def new generation   total 14464K, used 14464K [0x03c00000, 0x04bb0000, 0x19150000)
  eden space 12864K, 100% used [0x03c00000, 0x04890000, 0x04890000)
  from space 1600K, 100% used [0x04890000, 0x04a20000, 0x04a20000)
  to   space 1600K,   0% used [0x04a20000, 0x04a20000, 0x04bb0000)
 tenured generation   total 32004K, used 25266K [0x19150000, 0x1b091000, 0x43c00000)
   the space 32004K,  78% used [0x19150000, 0x1a9fcb60, 0x1a9fcc00, 0x1b091000)
 Metaspace       used 3539K, capacity 3566K, committed 3648K, reserved 4480K
Event: 1.163 GC heap after
Heap after GC invocations=54 (full 2):
 def new generation   total 14464K, used 1600K [0x03c00000, 0x04bb0000, 0x19150000)
  eden space 12864K,   0% used [0x03c00000, 0x03c00000, 0x04890000)
  from space 1600K, 100% used [0x04a20000, 0x04bb0000, 0x04bb0000)
  to   space 1600K,   0% used [0x04890000, 0x04890000, 0x04a20000)
 tenured generation   total 32004K, used 27403K [0x19150000, 0x1b091000, 0x43c00000)
   the space 32004K,  85% used [0x19150000, 0x1ac12e70, 0x1ac13000, 0x1b091000)
 Metaspace       used 3539K, capacity 3566K, committed 3648K, reserved 4480K
}
Event: 1.185 GC heap before
{Heap before GC invocations=54 (full 2):
 def new generation   total 14464K, used 14464K [0x03c00000, 0x04bb0000, 0x19150000)
  eden space 12864K, 100% used [0x03c00000, 0x04890000, 0x04890000)
  from space 1600K, 100% used [0x04a20000, 0x04bb0000, 0x04bb0000)
  to   space 1600K,   0% used [0x04890000, 0x04890000, 0x04a20000)
 tenured generation   total 32004K, used 27403K [0x19150000, 0x1b091000, 0x43c00000)
   the space 32004K,  85% used [0x19150000, 0x1ac12e70, 0x1ac13000, 0x1b091000)
 Metaspace       used 3539K, capacity 3566K, committed 3648K, reserved 4480K
Event: 1.194 GC heap after
Heap after GC invocations=55 (full 2):
 def new generation   total 14464K, used 1599K [0x03c00000, 0x04bb0000, 0x19150000)
  eden space 12864K,   0% used [0x03c00000, 0x03c00000, 0x04890000)
  from space 1600K,  99% used [0x04890000, 0x04a1fff8, 0x04a20000)
  to   space 1600K,   0% used [0x04a20000, 0x04a20000, 0x04bb0000)
 tenured generation   total 32004K, used 29453K [0x19150000, 0x1b091000, 0x43c00000)
   the space 32004K,  92% used [0x19150000, 0x1ae134f0, 0x1ae13600, 0x1b091000)
 Metaspace       used 3539K, capacity 3566K, committed 3648K, reserved 4480K
}
Event: 1.216 GC heap before
{Heap before GC invocations=55 (full 2):
 def new generation   total 14464K, used 14463K [0x03c00000, 0x04bb0000, 0x19150000)
  eden space 12864K, 100% used [0x03c00000, 0x04890000, 0x04890000)
  from space 1600K,  99% used [0x04890000, 0x04a1fff8, 0x04a20000)
  to   space 1600K,   0% used [0x04a20000, 0x04a20000, 0x04bb0000)
 tenured generation   total 32004K, used 29453K [0x19150000, 0x1b091000, 0x43c00000)
   the space 32004K,  92% used [0x19150000, 0x1ae134f0, 0x1ae13600, 0x1b091000)
 Metaspace       used 3539K, capacity 3566K, committed 3648K, reserved 4480K
Event: 1.225 GC heap after
Heap after GC invocations=56 (full 2):
 def new generation   total 14464K, used 1600K [0x03c00000, 0x04bb0000, 0x19150000)
  eden space 12864K,   0% used [0x03c00000, 0x03c00000, 0x04890000)
  from space 1600K, 100% used [0x04a20000, 0x04bb0000, 0x04bb0000)
  to   space 1600K,   0% used [0x04890000, 0x04890000, 0x04a20000)
 tenured generation   total 32004K, used 31495K [0x19150000, 0x1b091000, 0x43c00000)
   the space 32004K,  98% used [0x19150000, 0x1b011e40, 0x1b012000, 0x1b091000)
 Metaspace       used 3539K, capacity 3566K, committed 3648K, reserved 4480K
}
Event: 1.248 GC heap before
{Heap before GC invocations=56 (full 2):
 def new generation   total 14464K, used 14464K [0x03c00000, 0x04bb0000, 0x19150000)
  eden space 12864K, 100% used [0x03c00000, 0x04890000, 0x04890000)
  from space 1600K, 100% used [0x04a20000, 0x04bb0000, 0x04bb0000)
  to   space 1600K,   0% used [0x04890000, 0x04890000, 0x04a20000)
 tenured generation   total 32004K, used 31495K [0x19150000, 0x1b091000, 0x43c00000)
   the space 32004K,  98% used [0x19150000, 0x1b011e40, 0x1b012000, 0x1b091000)
 Metaspace       used 3543K, capacity 3566K, committed 3648K, reserved 4480K

Deoptimization events (0 events):
No events

Internal exceptions (5 events):
Event: 0.031 Thread 0x002ebc00 Exception <a 'java/lang/NoSuchMethodError': Method sun.misc.Unsafe.defineClass(Ljava/lang/String;[BII)Ljava/lang/Class; name or signature does not match> (0x03c06ea8) thrown at [C:\re\workspace\8-2-build-windows-i586-cygwin\jdk8u101\7261\hotspot\src\share\Á½Rm? ?
Event: 0.031 Thread 0x002ebc00 Exception <a 'java/lang/NoSuchMethodError': Method sun.misc.Unsafe.prefetchRead(Ljava/lang/Object;J)V name or signature does not match> (0x03c07178) thrown at [C:\re\workspace\8-2-build-windows-i586-cygwin\jdk8u101\7261\hotspot\src\share\vm\prims\jni.cpp, /ËR^ðvì?
Event: 0.890 Thread 0x445c5000 Exception <a 'java/lang/ArrayIndexOutOfBoundsException': 18> (0x03d15560) thrown at [C:\re\workspace\8-2-build-windows-i586-cygwin\jdk8u101\7261\hotspot\src\share\vm\interpreter\interpreterRuntime.cpp, line 366]
Event: 0.890 Thread 0x445c5000 Exception <a 'java/lang/ArrayIndexOutOfBoundsException': 145> (0x03d16e00) thrown at [C:\re\workspace\8-2-build-windows-i586-cygwin\jdk8u101\7261\hotspot\src\share\vm\interpreter\interpreterRuntime.cpp, line 366]
Event: 0.890 Thread 0x445c5000 Exception <a 'java/lang/ArrayIndexOutOfBoundsException': 40> (0x03d17ee0) thrown at [C:\re\workspace\8-2-build-windows-i586-cygwin\jdk8u101\7261\hotspot\src\share\vm\interpreter\interpreterRuntime.cpp, line 366]

Events (10 events):
Event: 1.133 Executing VM operation: GenCollectForAllocation done
Event: 1.154 Executing VM operation: GenCollectForAllocation
Event: 1.163 Executing VM operation: GenCollectForAllocation done
Event: 1.185 Executing VM operation: GenCollectForAllocation
Event: 1.194 Executing VM operation: GenCollectForAllocation done
Event: 1.216 Executing VM operation: GenCollectForAllocation
Event: 1.225 Executing VM operation: GenCollectForAllocation done
Event: 1.239 loading class com/android/dx/rop/code/RegOps
Event: 1.239 loading class com/android/dx/rop/code/RegOps done
Event: 1.248 Executing VM operation: GenCollectForAllocation


Dynamic libraries:
0x01390000 - 0x013c3000 	C:\Program Files\Java\jdk1.8.0_101\bin\java.exe
0x76ec0000 - 0x76ffc000 	C:\Windows\SYSTEM32\ntdll.dll
0x76c40000 - 0x76d14000 	C:\Windows\system32\kernel32.dll
0x752c0000 - 0x7530a000 	C:\Windows\system32\KERNELBASE.dll
0x756d0000 - 0x75770000 	C:\Windows\system32\ADVAPI32.dll
0x76d20000 - 0x76dcc000 	C:\Windows\system32\msvcrt.dll
0x75680000 - 0x75699000 	C:\Windows\SYSTEM32\sechost.dll
0x76b40000 - 0x76be1000 	C:\Windows\system32\RPCRT4.dll
0x75310000 - 0x753d9000 	C:\Windows\system32\USER32.dll
0x75b70000 - 0x75bbe000 	C:\Windows\system32\GDI32.dll
0x76c20000 - 0x76c2a000 	C:\Windows\system32\LPK.dll
0x755e0000 - 0x7567d000 	C:\Windows\system32\USP10.dll
0x73d20000 - 0x73ebe000 	C:\Windows\WinSxS\x86_microsoft.windows.common-controls_6595b64144ccf1df_6.0.7600.16385_none_421189da2b7fabfc\COMCTL32.dll
0x75ad0000 - 0x75b27000 	C:\Windows\system32\SHLWAPI.dll
0x76bf0000 - 0x76c0f000 	C:\Windows\system32\IMM32.DLL
0x76810000 - 0x768dc000 	C:\Windows\system32\MSCTF.dll
0x65510000 - 0x655cf000 	C:\Program Files\Java\jdk1.8.0_101\jre\bin\msvcr100.dll
0x64390000 - 0x6475c000 	C:\Program Files\Java\jdk1.8.0_101\jre\bin\client\jvm.dll
0x70cb0000 - 0x70cb7000 	C:\Windows\system32\WSOCK32.dll
0x75b30000 - 0x75b65000 	C:\Windows\system32\WS2_32.dll
0x76c30000 - 0x76c36000 	C:\Windows\system32\NSI.dll
0x70630000 - 0x70662000 	C:\Windows\system32\WINMM.dll
0x74510000 - 0x74519000 	C:\Windows\system32\VERSION.dll
0x76c10000 - 0x76c15000 	C:\Windows\system32\PSAPI.DLL
0x673a0000 - 0x673ac000 	C:\Program Files\Java\jdk1.8.0_101\jre\bin\verify.dll
0x66190000 - 0x661b1000 	C:\Program Files\Java\jdk1.8.0_101\jre\bin\java.dll
0x66170000 - 0x66183000 	C:\Program Files\Java\jdk1.8.0_101\jre\bin\zip.dll
0x75bc0000 - 0x76809000 	C:\Windows\system32\SHELL32.dll
0x769e0000 - 0x76b3c000 	C:\Windows\system32\ole32.dll
0x75010000 - 0x7501b000 	C:\Windows\system32\profapi.dll
0x72d70000 - 0x72e5b000 	C:\Windows\system32\dbghelp.dll

VM Arguments:
jvm_args: -Djava.awt.headless=true -Xmx1024M -Dfile.encoding=windows-1252 -Duser.country=US -Duser.language=en -Duser.variant 
java_command: com.android.dx.command.Main --dex --num-threads=4 --multi-dex --main-dex-list E:\SandeepProjectResources\MobipugNew\Mobipug27.10.18\MobipugSource\app\build\intermediates\multi-dex\debug\maindexlist.txt --output E:\SandeepProjectResources\MobipugNew\Mobipug27.10.18\MobipugSource\app\build\intermediates\transforms\dex\debug\folders\1000\1f\main E:\SandeepProjectResources\MobipugNew\Mobipug27.10.18\MobipugSource\app\build\intermediates\transforms\jarMerging\debug\jars\1\1f\combined.jar
java_class_path (initial): C:\Users\android-4\AppData\Local\Android\Sdk\build-tools\26.0.2\lib\dx.jar
Launcher Type: SUN_STANDARD

Environment Variables:
PATH=C:\ProgramData\Oracle\Java\javapath;C:\Windows\system32;C:\Windows;C:\Windows\System32\Wbem;C:\Windows\System32\WindowsPowerShell\v1.0\;C:\Program Files\Intel\OpenCL SDK\2.0\bin\x86;C:\Program Files\Skype\Phone\
USERNAME=android-4
OS=Windows_NT
PROCESSOR_IDENTIFIER=x86 Family 6 Model 42 Stepping 7, GenuineIntel



---------------  S Y S T E M  ---------------

OS: Windows 7 Build 7600 (6.1.7600.16385)

CPU:total 4 (2 cores per cpu, 2 threads per core) family 6 model 42 stepping 7, cmov, cx8, fxsr, mmx, sse, sse2, sse3, ssse3, sse4.1, sse4.2, popcnt, clmul, ht, tsc, tscinvbit

Memory: 4k page, physical 3578328k(1048840k free), swap 24056564k(19982524k free)

vm_info: Java HotSpot(TM) Client VM (25.101-b13) for windows-x86 JRE (1.8.0_101-b13), built on Jun 22 2016 00:45:44 by "java_re" with MS VC++ 10.0 (VS2010)

time: Fri Nov 16 16:18:12 2018
elapsed time: 1 seconds (0d 0h 0m 1s)

