#
# A fatal error has been detected by the Java Runtime Environment:
#
#  EXCEPTION_ACCESS_VIOLATION (0xc0000005) at pc=0x5c8d5185, pid=5380, tid=0x000017d0
#
# JRE version: Java(TM) SE Runtime Environment (8.0_101-b13) (build 1.8.0_101-b13)
# Java VM: Java HotSpot(TM) Client VM (25.101-b13 mixed mode windows-x86 )
# Problematic frame:
# V  [jvm.dll+0xa5185]
#
# Failed to write core dump. Minidumps are not enabled by default on client versions of Windows
#
# If you would like to submit a bug report, please visit:
#   http://bugreport.java.com/bugreport/crash.jsp
#

---------------  T H R E A D  ---------------

Current thread (0x443ea800):  VMThread [stack: 0x01180000,0x011d0000] [id=6096]

siginfo: ExceptionCode=0xc0000005, reading address 0x00000121

Registers:
EAX=0x00000001, EBX=0x011cf734, ECX=0x4424f970, EDX=0x422c90d8
ESP=0x011cf640, EBP=0x011cf650, ESI=0x422c90d8, EDI=0x423d6cf0
EIP=0x5c8d5185, EFLAGS=0x00010287

Top of Stack: (sp=0x011cf640)
0x011cf640:   01514050 011cf734 0150f210 01514170
0x011cf650:   011cf664 5c8ca531 011cf734 0150f264
0x011cf660:   00000001 011cf67c 5c8c8207 011cf734
0x011cf670:   0150f210 011cf774 00000000 011cf898
0x011cf680:   5c8c41d7 00000000 011cf7c0 011cf734
0x011cf690:   01511c88 5c8c51b4 015effa0 0150f210
0x011cf6a0:   0150f260 5cb09c54 00000000 0000006a
0x011cf6b0:   00000004 0000000e 00000000 02feba13 

Instructions: (pc=0x5c8d5185)
0x5c8d5165:   08 8b f0 eb 08 8d 9b 00 00 00 00 8b f8 8b 7f 34
0x5c8d5175:   3b f7 73 1d 8d a4 24 00 00 00 00 8b 4e 04 8b 01
0x5c8d5185:   8b 90 20 01 00 00 53 56 ff d2 8d 34 86 3b f7 72
0x5c8d5195:   ea 8b 45 fc 3b 78 34 72 d2 8b c8 5f 89 71 0c 5e 


Register to memory mapping:

EAX=0x00000001 is an unknown value
EBX=0x011cf734 is an unknown value
ECX=0x4424f970 is pointing into metadata
EDX=0x422c90d8 is an oop

[error occurred during error reporting (printing register info), id 0xc0000005]

Stack: [0x01180000,0x011d0000],  sp=0x011cf640,  free space=317k
Native frames: (J=compiled Java code, j=interpreted, Vv=VM code, C=native code)
V  [jvm.dll+0xa5185]
V  [jvm.dll+0x9a531]
V  [jvm.dll+0x98207]
V  [jvm.dll+0x941d7]
V  [jvm.dll+0x98e73]
V  [jvm.dll+0x92e25]
V  [jvm.dll+0x1b81c6]
V  [jvm.dll+0x18292b]
V  [jvm.dll+0x181d31]
V  [jvm.dll+0x182147]
V  [jvm.dll+0x182342]
V  [jvm.dll+0x1c1ed6]
C  [msvcr100.dll+0x5c556]
C  [msvcr100.dll+0x5c600]
C  [kernel32.dll+0x51174]
C  [ntdll.dll+0x5b3f5]
C  [ntdll.dll+0x5b3c8]

VM_Operation (0x44caee28): GenCollectForAllocation, mode: safepoint, requested by thread 0x445ad000


---------------  P R O C E S S  ---------------

Java Threads: ( => current thread )
  0x445ad000 JavaThread "pool-2-thread-4" [_thread_blocked, id=4048, stack(0x44c60000,0x44cb0000)]
  0x445b1800 JavaThread "pool-2-thread-3" [_thread_blocked, id=3080, stack(0x44bc0000,0x44c10000)]
  0x4458b800 JavaThread "pool-2-thread-2" [_thread_blocked, id=4116, stack(0x44af0000,0x44b40000)]
  0x4458b000 JavaThread "pool-3-thread-1" [_thread_blocked, id=5276, stack(0x44aa0000,0x44af0000)]
  0x44589c00 JavaThread "pool-2-thread-1" [_thread_blocked, id=2484, stack(0x448c0000,0x44910000)]
  0x44455800 JavaThread "Service Thread" daemon [_thread_blocked, id=5612, stack(0x449f0000,0x44a40000)]
  0x4443a400 JavaThread "C1 CompilerThread0" daemon [_thread_blocked, id=6028, stack(0x44950000,0x449a0000)]
  0x44439000 JavaThread "Attach Listener" daemon [_thread_blocked, id=2656, stack(0x44840000,0x44890000)]
  0x44436000 JavaThread "Signal Dispatcher" daemon [_thread_blocked, id=5856, stack(0x447e0000,0x44830000)]
  0x44416c00 JavaThread "Finalizer" daemon [_thread_blocked, id=2040, stack(0x44750000,0x447a0000)]
  0x443f0400 JavaThread "Reference Handler" daemon [_thread_blocked, id=4792, stack(0x03ba0000,0x03bf0000)]
  0x0160bc00 JavaThread "main" [_thread_blocked, id=5044, stack(0x01870000,0x018c0000)]

Other Threads:
=>0x443ea800 VMThread [stack: 0x01180000,0x011d0000] [id=6096]
  0x44433000 WatcherThread [stack: 0x446a0000,0x446f0000] [id=2144]

VM state:at safepoint (normal execution)

VM Mutex/Monitor currently owned by a thread:  ([mutex/lock_event])
[0x0160a230] Threads_lock - owner thread: 0x443ea800
[0x0160a640] Heap_lock - owner thread: 0x445ad000

Heap:
 def new generation   total 314560K, used 314560K [0x03c00000, 0x19150000, 0x19150000)
  eden space 279616K, 100% used [0x03c00000, 0x14d10000, 0x14d10000)
  from space 34944K, 100% used [0x16f30000, 0x19150000, 0x19150000)
  to   space 34944K, 100% used [0x14d10000, 0x16f30000, 0x16f30000)
 tenured generation   total 699072K, used 675516K [0x19150000, 0x43c00000, 0x43c00000)
   the space 699072K,  96% used [0x19150000, 0x424ff2c0, 0x424ff400, 0x43c00000)
 Metaspace       used 3550K, capacity 3598K, committed 3648K, reserved 4480K

Card table byte_map: [0x43c00000,0x43e10000] byte_map_base: 0x43be2000

Polling page: 0x00110000

CodeCache: size=32768Kb used=3687Kb max_used=3687Kb free=29080Kb
 bounds [0x01b90000, 0x01f30000, 0x03b90000]
 total_blobs=1911 nmethods=1764 adapters=77
 compilation: enabled

Compilation events (10 events):
Event: 15.511 Thread 0x4443a400 1762             com.android.dx.util.BitIntSet::iterator (9 bytes)
Event: 15.512 Thread 0x4443a400 nmethod 1762 0x01f26988 code [0x01f26a90, 0x01f26b7c]
Event: 15.512 Thread 0x4443a400 1763             com.android.dx.util.BitIntSet$1::<init> (25 bytes)
Event: 15.512 Thread 0x4443a400 nmethod 1763 0x01f26c08 code [0x01f26d10, 0x01f26dcc]
Event: 15.645 Thread 0x4443a400 1764             com.android.dx.ssa.back.RegisterAllocator::insertMoveBefore (240 bytes)
Event: 15.647 Thread 0x4443a400 nmethod 1764 0x01f26e88 code [0x01f27130, 0x01f27c7c]
Event: 15.691 Thread 0x4443a400 1765             com.android.dx.util.Bits::bitCount (29 bytes)
Event: 15.691 Thread 0x4443a400 nmethod 1765 0x01f290c8 code [0x01f291d0, 0x01f292ac]
Event: 15.702 Thread 0x4443a400 1766             com.android.dx.ssa.back.FirstFitLocalCombiningAllocator::ssaSetToSpecs (57 bytes)
Event: 15.703 Thread 0x4443a400 nmethod 1766 0x01f29388 code [0x01f29520, 0x01f2990c]

GC Heap History (10 events):
Event: 10.262 GC heap after
Heap after GC invocations=94 (full 7):
 def new generation   total 191936K, used 21311K [0x03c00000, 0x10c40000, 0x19150000)
  eden space 170624K,   0% used [0x03c00000, 0x03c00000, 0x0e2a0000)
  from space 21312K,  99% used [0x0f770000, 0x10c3fff8, 0x10c40000)
  to   space 21312K,   0% used [0x0e2a0000, 0x0e2a0000, 0x0f770000)
 tenured generation   total 426428K, used 418348K [0x19150000, 0x331bf000, 0x43c00000)
   the space 426428K,  98% used [0x19150000, 0x329db080, 0x329db200, 0x331bf000)
 Metaspace       used 3545K, capacity 3598K, committed 3648K, reserved 4480K
}
Event: 10.554 GC heap before
{Heap before GC invocations=94 (full 7):
 def new generation   total 191936K, used 191935K [0x03c00000, 0x10c40000, 0x19150000)
  eden space 170624K, 100% used [0x03c00000, 0x0e2a0000, 0x0e2a0000)
  from space 21312K,  99% used [0x0f770000, 0x10c3fff8, 0x10c40000)
  to   space 21312K,   0% used [0x0e2a0000, 0x0e2a0000, 0x0f770000)
 tenured generation   total 426428K, used 418348K [0x19150000, 0x331bf000, 0x43c00000)
   the space 426428K,  98% used [0x19150000, 0x329db080, 0x329db200, 0x331bf000)
 Metaspace       used 3545K, capacity 3598K, committed 3648K, reserved 4480K
Event: 11.946 GC heap after
Heap after GC invocations=95 (full 8):
 def new generation   total 314560K, used 3666K [0x03c00000, 0x19150000, 0x19150000)
  eden space 279616K,   1% used [0x03c00000, 0x03f949d0, 0x14d10000)
  from space 34944K,   0% used [0x14d10000, 0x14d10000, 0x16f30000)
  to   space 34944K,   0% used [0x16f30000, 0x16f30000, 0x19150000)
 tenured generation   total 699072K, used 441915K [0x19150000, 0x43c00000, 0x43c00000)
   the space 699072K,  63% used [0x19150000, 0x340deff8, 0x340df000, 0x43c00000)
 Metaspace       used 3545K, capacity 3598K, committed 3648K, reserved 4480K
}
Event: 12.404 GC heap before
{Heap before GC invocations=95 (full 8):
 def new generation   total 314560K, used 279616K [0x03c00000, 0x19150000, 0x19150000)
  eden space 279616K, 100% used [0x03c00000, 0x14d10000, 0x14d10000)
  from space 34944K,   0% used [0x14d10000, 0x14d10000, 0x16f30000)
  to   space 34944K,   0% used [0x16f30000, 0x16f30000, 0x19150000)
 tenured generation   total 699072K, used 441915K [0x19150000, 0x43c00000, 0x43c00000)
   the space 699072K,  63% used [0x19150000, 0x340deff8, 0x340df000, 0x43c00000)
 Metaspace       used 3545K, capacity 3598K, committed 3648K, reserved 4480K
Event: 12.733 GC heap after
Heap after GC invocations=96 (full 8):
 def new generation   total 314560K, used 34944K [0x03c00000, 0x19150000, 0x19150000)
  eden space 279616K,   0% used [0x03c00000, 0x03c00000, 0x14d10000)
  from space 34944K, 100% used [0x16f30000, 0x19150000, 0x19150000)
  to   space 34944K,   0% used [0x14d10000, 0x14d10000, 0x16f30000)
 tenured generation   total 699072K, used 447203K [0x19150000, 0x43c00000, 0x43c00000)
   the space 699072K,  63% used [0x19150000, 0x34608ea0, 0x34609000, 0x43c00000)
 Metaspace       used 3545K, capacity 3598K, committed 3648K, reserved 4480K
}
Event: 13.212 GC heap before
{Heap before GC invocations=96 (full 8):
 def new generation   total 314560K, used 314560K [0x03c00000, 0x19150000, 0x19150000)
  eden space 279616K, 100% used [0x03c00000, 0x14d10000, 0x14d10000)
  from space 34944K, 100% used [0x16f30000, 0x19150000, 0x19150000)
  to   space 34944K,   0% used [0x14d10000, 0x14d10000, 0x16f30000)
 tenured generation   total 699072K, used 447203K [0x19150000, 0x43c00000, 0x43c00000)
   the space 699072K,  63% used [0x19150000, 0x34608ea0, 0x34609000, 0x43c00000)
 Metaspace       used 3545K, capacity 3598K, committed 3648K, reserved 4480K
Event: 13.413 GC heap after
Heap after GC invocations=97 (full 8):
 def new generation   total 314560K, used 34944K [0x03c00000, 0x19150000, 0x19150000)
  eden space 279616K,   0% used [0x03c00000, 0x03c00000, 0x14d10000)
  from space 34944K, 100% used [0x14d10000, 0x16f30000, 0x16f30000)
  to   space 34944K,   0% used [0x16f30000, 0x16f30000, 0x19150000)
 tenured generation   total 699072K, used 487982K [0x19150000, 0x43c00000, 0x43c00000)
   the space 699072K,  69% used [0x19150000, 0x36ddb840, 0x36ddba00, 0x43c00000)
 Metaspace       used 3545K, capacity 3598K, committed 3648K, reserved 4480K
}
Event: 15.176 GC heap before
{Heap before GC invocations=97 (full 8):
 def new generation   total 314560K, used 314560K [0x03c00000, 0x19150000, 0x19150000)
  eden space 279616K, 100% used [0x03c00000, 0x14d10000, 0x14d10000)
  from space 34944K, 100% used [0x14d10000, 0x16f30000, 0x16f30000)
  to   space 34944K,   0% used [0x16f30000, 0x16f30000, 0x19150000)
 tenured generation   total 699072K, used 487982K [0x19150000, 0x43c00000, 0x43c00000)
   the space 699072K,  69% used [0x19150000, 0x36ddb840, 0x36ddba00, 0x43c00000)
 Metaspace       used 3550K, capacity 3598K, committed 3648K, reserved 4480K
Event: 15.416 GC heap after
Heap after GC invocations=98 (full 8):
 def new generation   total 314560K, used 34944K [0x03c00000, 0x19150000, 0x19150000)
  eden space 279616K,   0% used [0x03c00000, 0x03c00000, 0x14d10000)
  from space 34944K, 100% used [0x16f30000, 0x19150000, 0x19150000)
  to   space 34944K,   0% used [0x14d10000, 0x14d10000, 0x16f30000)
 tenured generation   total 699072K, used 611508K [0x19150000, 0x43c00000, 0x43c00000)
   the space 699072K,  87% used [0x19150000, 0x3e67d328, 0x3e67d400, 0x43c00000)
 Metaspace       used 3550K, capacity 3598K, committed 3648K, reserved 4480K
}
Event: 16.635 GC heap before
{Heap before GC invocations=98 (full 8):
 def new generation   total 314560K, used 314560K [0x03c00000, 0x19150000, 0x19150000)
  eden space 279616K, 100% used [0x03c00000, 0x14d10000, 0x14d10000)
  from space 34944K, 100% used [0x16f30000, 0x19150000, 0x19150000)
  to   space 34944K,   0% used [0x14d10000, 0x14d10000, 0x16f30000)
 tenured generation   total 699072K, used 611508K [0x19150000, 0x43c00000, 0x43c00000)
   the space 699072K,  87% used [0x19150000, 0x3e67d328, 0x3e67d400, 0x43c00000)
 Metaspace       used 3550K, capacity 3598K, committed 3648K, reserved 4480K

Deoptimization events (0 events):
No events

Internal exceptions (5 events):
Event: 0.122 Thread 0x0160bc00 Exception <a 'java/lang/NoSuchMethodError': Method sun.misc.Unsafe.defineClass(Ljava/lang/String;[BII)Ljava/lang/Class; name or signature does not match> (0x03c06ea8) thrown at [C:\re\workspace\8-2-build-windows-i586-cygwin\jdk8u101\7261\hotspot\src\share\{K”ŽÅP¿?
Event: 0.122 Thread 0x0160bc00 Exception <a 'java/lang/NoSuchMethodError': Method sun.misc.Unsafe.prefetchRead(Ljava/lang/Object;J)V name or signature does not match> (0x03c07178) thrown at [C:\re\workspace\8-2-build-windows-i586-cygwin\jdk8u101\7261\hotspot\src\share\vm\prims\jni.cpp, Òx5¾¦ëö?
Event: 1.433 Thread 0x44589c00 Exception <a 'java/lang/ArrayIndexOutOfBoundsException': 18> (0x04040d28) thrown at [C:\re\workspace\8-2-build-windows-i586-cygwin\jdk8u101\7261\hotspot\src\share\vm\interpreter\interpreterRuntime.cpp, line 366]
Event: 1.433 Thread 0x44589c00 Exception <a 'java/lang/ArrayIndexOutOfBoundsException': 145> (0x040425c8) thrown at [C:\re\workspace\8-2-build-windows-i586-cygwin\jdk8u101\7261\hotspot\src\share\vm\interpreter\interpreterRuntime.cpp, line 366]
Event: 1.452 Thread 0x44589c00 Exception <a 'java/lang/ArrayIndexOutOfBoundsException': 40> (0x040b07c8) thrown at [C:\re\workspace\8-2-build-windows-i586-cygwin\jdk8u101\7261\hotspot\src\share\vm\interpreter\interpreterRuntime.cpp, line 366]

Events (10 events):
Event: 14.998 Executing VM operation: Deoptimize done
Event: 15.031 Thread 0x0160bc00 DEOPT PACKING pc=0x01cd7fd4 sp=0x018becb0
Event: 15.031 Thread 0x0160bc00 DEOPT UNPACKING pc=0x01bcc5db sp=0x018bebd8 mode 0
Event: 15.038 loading class com/android/dx/util/ListIntSet$1
Event: 15.038 loading class com/android/dx/util/ListIntSet$1 done
Event: 15.039 Executing VM operation: Deoptimize
Event: 15.039 Executing VM operation: Deoptimize done
Event: 15.176 Executing VM operation: GenCollectForAllocation
Event: 15.416 Executing VM operation: GenCollectForAllocation done
Event: 16.635 Executing VM operation: GenCollectForAllocation


Dynamic libraries:
0x000c0000 - 0x000f3000 	C:\Program Files\Java\jdk1.8.0_101\bin\java.exe
0x76f80000 - 0x770bc000 	C:\Windows\SYSTEM32\ntdll.dll
0x76d60000 - 0x76e34000 	C:\Windows\system32\kernel32.dll
0x75230000 - 0x7527a000 	C:\Windows\system32\KERNELBASE.dll
0x75580000 - 0x75620000 	C:\Windows\system32\ADVAPI32.dll
0x76e40000 - 0x76eec000 	C:\Windows\system32\msvcrt.dll
0x770d0000 - 0x770e9000 	C:\Windows\SYSTEM32\sechost.dll
0x75cc0000 - 0x75d61000 	C:\Windows\system32\RPCRT4.dll
0x75720000 - 0x757e9000 	C:\Windows\system32\USER32.dll
0x757f0000 - 0x7583e000 	C:\Windows\system32\GDI32.dll
0x770f0000 - 0x770fa000 	C:\Windows\system32\LPK.dll
0x75ba0000 - 0x75c3d000 	C:\Windows\system32\USP10.dll
0x73f40000 - 0x740de000 	C:\Windows\WinSxS\x86_microsoft.windows.common-controls_6595b64144ccf1df_6.0.7600.16385_none_421189da2b7fabfc\COMCTL32.dll
0x753d0000 - 0x75427000 	C:\Windows\system32\SHLWAPI.dll
0x75af0000 - 0x75b0f000 	C:\Windows\system32\IMM32.DLL
0x759a0000 - 0x75a6c000 	C:\Windows\system32\MSCTF.dll
0x5cc00000 - 0x5ccbf000 	C:\Program Files\Java\jdk1.8.0_101\jre\bin\msvcr100.dll
0x5c830000 - 0x5cbfc000 	C:\Program Files\Java\jdk1.8.0_101\jre\bin\client\jvm.dll
0x70670000 - 0x70677000 	C:\Windows\system32\WSOCK32.dll
0x77170000 - 0x771a5000 	C:\Windows\system32\WS2_32.dll
0x770c0000 - 0x770c6000 	C:\Windows\system32\NSI.dll
0x70990000 - 0x709c2000 	C:\Windows\system32\WINMM.dll
0x745d0000 - 0x745d9000 	C:\Windows\system32\VERSION.dll
0x75430000 - 0x75435000 	C:\Windows\system32\PSAPI.DLL
0x5fa20000 - 0x5fa2c000 	C:\Program Files\Java\jdk1.8.0_101\jre\bin\verify.dll
0x5f9f0000 - 0x5fa11000 	C:\Program Files\Java\jdk1.8.0_101\jre\bin\java.dll
0x5f9d0000 - 0x5f9e3000 	C:\Program Files\Java\jdk1.8.0_101\jre\bin\zip.dll
0x75f70000 - 0x76bb9000 	C:\Windows\system32\SHELL32.dll
0x75840000 - 0x7599c000 	C:\Windows\system32\ole32.dll
0x750d0000 - 0x750db000 	C:\Windows\system32\profapi.dll
0x72e40000 - 0x72f2b000 	C:\Windows\system32\dbghelp.dll

VM Arguments:
jvm_args: -Djava.awt.headless=true -Xmx1024M -Dfile.encoding=windows-1252 -Duser.country=US -Duser.language=en -Duser.variant 
java_command: com.android.dx.command.Main --dex --num-threads=4 --multi-dex --main-dex-list E:\SandeepProjectResources\MobipugNew\Mobipug27.10.18\MobipugSource\app\build\intermediates\multi-dex\debug\maindexlist.txt --output E:\SandeepProjectResources\MobipugNew\Mobipug27.10.18\MobipugSource\app\build\intermediates\transforms\dex\debug\folders\1000\1f\main E:\SandeepProjectResources\MobipugNew\Mobipug27.10.18\MobipugSource\app\build\intermediates\transforms\jarMerging\debug\jars\1\1f\combined.jar
java_class_path (initial): C:\Users\android-4\AppData\Local\Android\Sdk\build-tools\26.0.2\lib\dx.jar
Launcher Type: SUN_STANDARD

Environment Variables:
PATH=C:\ProgramData\Oracle\Java\javapath;C:\Windows\system32;C:\Windows;C:\Windows\System32\Wbem;C:\Windows\System32\WindowsPowerShell\v1.0\;C:\Program Files\Intel\OpenCL SDK\2.0\bin\x86;C:\Program Files\Skype\Phone\
USERNAME=android-4
OS=Windows_NT
PROCESSOR_IDENTIFIER=x86 Family 6 Model 42 Stepping 7, GenuineIntel



---------------  S Y S T E M  ---------------

OS: Windows 7 Build 7600 (6.1.7600.16385)

CPU:total 4 (2 cores per cpu, 2 threads per core) family 6 model 42 stepping 7, cmov, cx8, fxsr, mmx, sse, sse2, sse3, ssse3, sse4.1, sse4.2, popcnt, clmul, ht, tsc, tscinvbit

Memory: 4k page, physical 3578328k(207816k free), swap 24056564k(19233972k free)

vm_info: Java HotSpot(TM) Client VM (25.101-b13) for windows-x86 JRE (1.8.0_101-b13), built on Jun 22 2016 00:45:44 by "java_re" with MS VC++ 10.0 (VS2010)

time: Sat Nov 03 21:17:23 2018
elapsed time: 18 seconds (0d 0h 0m 18s)

