#
# A fatal error has been detected by the Java Runtime Environment:
#
#  EXCEPTION_ACCESS_VIOLATION (0xc0000005) at pc=0xd8000000, pid=696, tid=0x000009ac
#
# JRE version: Java(TM) SE Runtime Environment (8.0_101-b13) (build 1.8.0_101-b13)
# Java VM: Java HotSpot(TM) Client VM (25.101-b13 mixed mode windows-x86 )
# Problematic frame:
# C  0xd8000000
#
# Failed to write core dump. Minidumps are not enabled by default on client versions of Windows
#
# If you would like to submit a bug report, please visit:
#   http://bugreport.java.com/bugreport/crash.jsp
#

---------------  T H R E A D  ---------------

Current thread (0x443ea800):  VMThread [stack: 0x00bb0000,0x00c00000] [id=2476]

siginfo: ExceptionCode=0xc0000005, ExceptionInformation=0x00000008 0xd8000000

Registers:
EAX=0xd8000000, EBX=0x445b69ac, ECX=0x27cf5f00, EDX=0x24593689
ESP=0x00bff46c, EBP=0x00bff488, ESI=0x445b69a8, EDI=0x511394cc
EIP=0xd8000000, EFLAGS=0x00010202

Top of Stack: (sp=0x00bff46c)
0x00bff46c:   50f84db1 27bd3b88 511394cc 445b69a8
0x00bff47c:   445b69ac 511394cc 445b69a8 00bff494
0x00bff48c:   50f84fac 00000003 00bff4b0 50f2883a
0x00bff49c:   445b69a8 445b5800 511394cc 00000000
0x00bff4ac:   4458f3f0 00bff698 50f49eef 511394cc
0x00bff4bc:   00000001 445b5800 00000000 00000000
0x00bff4cc:   00000000 00000000 00bff724 00bff54c
0x00bff4dc:   00000012 00bff710 511394f0 00bff794 

Instructions: (pc=0xd8000000)
0xd7ffffe0:   
[error occurred during error reporting (printing registers, top of stack, instructions near pc), id 0xc0000005]

Register to memory mapping:

EAX=0xd8000000 is an unknown value
EBX=0x445b69ac is an unknown value
ECX=0x27cf5f00 is an oop
com.android.dx.rop.code.ThrowingCstInsn 
 - klass: 'com/android/dx/rop/code/ThrowingCstInsn'
EDX=0x24593689 is pointing into object: 0x24593660
[C 
 - klass: {type array char}
 - length: 70
ESP=0x00bff46c is an unknown value
EBP=0x00bff488 is an unknown value
ESI=0x445b69a8 is an unknown value
EDI=0x511394cc is an unknown value


Stack: [0x00bb0000,0x00c00000],  sp=0x00bff46c,  free space=317k
Native frames: (J=compiled Java code, j=interpreted, Vv=VM code, C=native code)
C  0xd8000000
V  [jvm.dll+0x1b4fac]
V  [jvm.dll+0x15883a]
V  [jvm.dll+0x179eef]
V  [jvm.dll+0x1789ea]
V  [jvm.dll+0x97fb0]
V  [jvm.dll+0x992a1]
V  [jvm.dll+0x9b020]
V  [jvm.dll+0x9b489]
V  [jvm.dll+0x9a27f]
V  [jvm.dll+0xa64b2]
V  [jvm.dll+0x98e73]
V  [jvm.dll+0x92e25]
V  [jvm.dll+0x1b81c6]
V  [jvm.dll+0x18292b]
V  [jvm.dll+0x181d31]
V  [jvm.dll+0x182147]
V  [jvm.dll+0x182342]
V  [jvm.dll+0x1c1ed6]
C  [msvcr100.dll+0x5c556]
C  [msvcr100.dll+0x5c600]
C  [kernel32.dll+0x51174]
C  [ntdll.dll+0x5b3f5]
C  [ntdll.dll+0x5b3c8]

VM_Operation (0x44b4f1a4): GenCollectForAllocation, mode: safepoint, requested by thread 0x4458b800


---------------  P R O C E S S  ---------------

Java Threads: ( => current thread )
  0x445b5800 JavaThread "pool-2-thread-4" [_thread_blocked, id=2460, stack(0x004c0000,0x00510000)]
  0x445b2400 JavaThread "pool-2-thread-3" [_thread_blocked, id=984, stack(0x44b70000,0x44bc0000)]
  0x44590800 JavaThread "pool-2-thread-2" [_thread_blocked, id=4160, stack(0x44c10000,0x44c60000)]
  0x44590000 JavaThread "pool-3-thread-1" [_thread_blocked, id=5740, stack(0x44a40000,0x44a90000)]
  0x4458b800 JavaThread "pool-2-thread-1" [_thread_blocked, id=5612, stack(0x44b00000,0x44b50000)]
  0x44454800 JavaThread "Service Thread" daemon [_thread_blocked, id=1024, stack(0x449c0000,0x44a10000)]
  0x4443a000 JavaThread "C1 CompilerThread0" daemon [_thread_blocked, id=1444, stack(0x44800000,0x44850000)]
  0x44439000 JavaThread "Attach Listener" daemon [_thread_blocked, id=4908, stack(0x44680000,0x446d0000)]
  0x44436000 JavaThread "Signal Dispatcher" daemon [_thread_blocked, id=2648, stack(0x44900000,0x44950000)]
  0x44416c00 JavaThread "Finalizer" daemon [_thread_blocked, id=4036, stack(0x446e0000,0x44730000)]
  0x443f0400 JavaThread "Reference Handler" daemon [_thread_blocked, id=5892, stack(0x44620000,0x44670000)]
  0x0049bc00 JavaThread "main" [_thread_blocked, id=216, stack(0x00c70000,0x00cc0000)]

Other Threads:
=>0x443ea800 VMThread [stack: 0x00bb0000,0x00c00000] [id=2476]
  0x4443f000 WatcherThread [stack: 0x448b0000,0x44900000] [id=4328]

VM state:at safepoint (normal execution)

VM Mutex/Monitor currently owned by a thread:  ([mutex/lock_event])
[0x0049a230] Threads_lock - owner thread: 0x443ea800
[0x0049a640] Heap_lock - owner thread: 0x4458b800

Heap:
 def new generation   total 206976K, used 22976K [0x03c00000, 0x11c90000, 0x19150000)
  eden space 184000K,   0% used [0x03c00000, 0x03c00000, 0x0efb0000)
  from space 22976K, 100% used [0x0efb0000, 0x10620000, 0x10620000)
  to   space 22976K,   0% used [0x10620000, 0x10620000, 0x11c90000)
 tenured generation   total 472744K, used 472721K [0x19150000, 0x35efa000, 0x43c00000)
   the space 472744K,  99% used [0x19150000, 0x35ef44a0, 0x35ef4600, 0x35efa000)
 Metaspace       used 3546K, capacity 3598K, committed 3648K, reserved 4480K

Card table byte_map: [0x43c00000,0x43e10000] byte_map_base: 0x43be2000

Polling page: 0x00470000

CodeCache: size=32768Kb used=3561Kb max_used=3561Kb free=29206Kb
 bounds [0x01bf0000, 0x01f70000, 0x03bf0000]
 total_blobs=1869 nmethods=1722 adapters=77
 compilation: enabled

Compilation events (10 events):
Event: 9.697 Thread 0x4443a000 1720             java.util.HashMap::compareComparables (27 bytes)
Event: 9.697 Thread 0x4443a000 nmethod 1720 0x01f68748 code [0x01f68850, 0x01f6894c]
Event: 9.708 Thread 0x4443a000 1721             com.android.dx.rop.code.Rops::opAget (97 bytes)
Event: 9.709 Thread 0x4443a000 nmethod 1721 0x01f68a08 code [0x01f68b80, 0x01f68ef8]
Event: 9.773 Thread 0x4443a000 1722             com.android.dx.rop.code.SwitchInsn::getCatches (4 bytes)
Event: 9.773 Thread 0x4443a000 nmethod 1722 0x01f69188 code [0x01f69280, 0x01f69300]
Event: 9.800 Thread 0x4443a000 1723             com.android.dx.rop.code.BasicBlockList$RegCountVisitor::visitSwitchInsn (6 bytes)
Event: 9.801 Thread 0x4443a000 nmethod 1723 0x01f69348 code [0x01f69440, 0x01f694cc]
Event: 10.590 Thread 0x4443a000 1724             com.android.dx.rop.type.StdTypeList::withAddedType (55 bytes)
Event: 10.590 Thread 0x4443a000 nmethod 1724 0x01f69548 code [0x01f696e0, 0x01f69c70]

GC Heap History (10 events):
Event: 8.770 GC heap after
Heap after GC invocations=95 (full 7):
 def new generation   total 206976K, used 22976K [0x03c00000, 0x11c90000, 0x19150000)
  eden space 184000K,   0% used [0x03c00000, 0x03c00000, 0x0efb0000)
  from space 22976K, 100% used [0x10620000, 0x11c90000, 0x11c90000)
  to   space 22976K,   0% used [0x0efb0000, 0x0efb0000, 0x10620000)
 tenured generation   total 459816K, used 344276K [0x19150000, 0x3525a000, 0x43c00000)
   the space 459816K,  74% used [0x19150000, 0x2e185238, 0x2e185400, 0x3525a000)
 Metaspace       used 3546K, capacity 3598K, committed 3648K, reserved 4480K
}
Event: 9.055 GC heap before
{Heap before GC invocations=95 (full 7):
 def new generation   total 206976K, used 206976K [0x03c00000, 0x11c90000, 0x19150000)
  eden space 184000K, 100% used [0x03c00000, 0x0efb0000, 0x0efb0000)
  from space 22976K, 100% used [0x10620000, 0x11c90000, 0x11c90000)
  to   space 22976K,   0% used [0x0efb0000, 0x0efb0000, 0x10620000)
 tenured generation   total 459816K, used 344276K [0x19150000, 0x3525a000, 0x43c00000)
   the space 459816K,  74% used [0x19150000, 0x2e185238, 0x2e185400, 0x3525a000)
 Metaspace       used 3546K, capacity 3598K, committed 3648K, reserved 4480K
Event: 9.178 GC heap after
Heap after GC invocations=96 (full 7):
 def new generation   total 206976K, used 22976K [0x03c00000, 0x11c90000, 0x19150000)
  eden space 184000K,   0% used [0x03c00000, 0x03c00000, 0x0efb0000)
  from space 22976K, 100% used [0x0efb0000, 0x10620000, 0x10620000)
  to   space 22976K,   0% used [0x10620000, 0x10620000, 0x11c90000)
 tenured generation   total 459816K, used 371730K [0x19150000, 0x3525a000, 0x43c00000)
   the space 459816K,  80% used [0x19150000, 0x2fc548b0, 0x2fc54a00, 0x3525a000)
 Metaspace       used 3546K, capacity 3598K, committed 3648K, reserved 4480K
}
Event: 9.483 GC heap before
{Heap before GC invocations=96 (full 7):
 def new generation   total 206976K, used 206976K [0x03c00000, 0x11c90000, 0x19150000)
  eden space 184000K, 100% used [0x03c00000, 0x0efb0000, 0x0efb0000)
  from space 22976K, 100% used [0x0efb0000, 0x10620000, 0x10620000)
  to   space 22976K,   0% used [0x10620000, 0x10620000, 0x11c90000)
 tenured generation   total 459816K, used 371730K [0x19150000, 0x3525a000, 0x43c00000)
   the space 459816K,  80% used [0x19150000, 0x2fc548b0, 0x2fc54a00, 0x3525a000)
 Metaspace       used 3546K, capacity 3598K, committed 3648K, reserved 4480K
Event: 9.603 GC heap after
Heap after GC invocations=97 (full 7):
 def new generation   total 206976K, used 22976K [0x03c00000, 0x11c90000, 0x19150000)
  eden space 184000K,   0% used [0x03c00000, 0x03c00000, 0x0efb0000)
  from space 22976K, 100% used [0x10620000, 0x11c90000, 0x11c90000)
  to   space 22976K,   0% used [0x0efb0000, 0x0efb0000, 0x10620000)
 tenured generation   total 459816K, used 398386K [0x19150000, 0x3525a000, 0x43c00000)
   the space 459816K,  86% used [0x19150000, 0x3165c838, 0x3165ca00, 0x3525a000)
 Metaspace       used 3546K, capacity 3598K, committed 3648K, reserved 4480K
}
Event: 9.919 GC heap before
{Heap before GC invocations=97 (full 7):
 def new generation   total 206976K, used 206976K [0x03c00000, 0x11c90000, 0x19150000)
  eden space 184000K, 100% used [0x03c00000, 0x0efb0000, 0x0efb0000)
  from space 22976K, 100% used [0x10620000, 0x11c90000, 0x11c90000)
  to   space 22976K,   0% used [0x0efb0000, 0x0efb0000, 0x10620000)
 tenured generation   total 459816K, used 398386K [0x19150000, 0x3525a000, 0x43c00000)
   the space 459816K,  86% used [0x19150000, 0x3165c838, 0x3165ca00, 0x3525a000)
 Metaspace       used 3546K, capacity 3598K, committed 3648K, reserved 4480K
Event: 10.033 GC heap after
Heap after GC invocations=98 (full 7):
 def new generation   total 206976K, used 22976K [0x03c00000, 0x11c90000, 0x19150000)
  eden space 184000K,   0% used [0x03c00000, 0x03c00000, 0x0efb0000)
  from space 22976K, 100% used [0x0efb0000, 0x10620000, 0x10620000)
  to   space 22976K,   0% used [0x10620000, 0x10620000, 0x11c90000)
 tenured generation   total 459816K, used 423835K [0x19150000, 0x3525a000, 0x43c00000)
   the space 459816K,  92% used [0x19150000, 0x32f36fc0, 0x32f37000, 0x3525a000)
 Metaspace       used 3546K, capacity 3598K, committed 3648K, reserved 4480K
}
Event: 10.347 GC heap before
{Heap before GC invocations=98 (full 7):
 def new generation   total 206976K, used 206976K [0x03c00000, 0x11c90000, 0x19150000)
  eden space 184000K, 100% used [0x03c00000, 0x0efb0000, 0x0efb0000)
  from space 22976K, 100% used [0x0efb0000, 0x10620000, 0x10620000)
  to   space 22976K,   0% used [0x10620000, 0x10620000, 0x11c90000)
 tenured generation   total 459816K, used 423835K [0x19150000, 0x3525a000, 0x43c00000)
   the space 459816K,  92% used [0x19150000, 0x32f36fc0, 0x32f37000, 0x3525a000)
 Metaspace       used 3546K, capacity 3598K, committed 3648K, reserved 4480K
Event: 10.465 GC heap after
Heap after GC invocations=99 (full 7):
 def new generation   total 206976K, used 22976K [0x03c00000, 0x11c90000, 0x19150000)
  eden space 184000K,   0% used [0x03c00000, 0x03c00000, 0x0efb0000)
  from space 22976K, 100% used [0x10620000, 0x11c90000, 0x11c90000)
  to   space 22976K,   0% used [0x0efb0000, 0x0efb0000, 0x10620000)
 tenured generation   total 459816K, used 449785K [0x19150000, 0x3525a000, 0x43c00000)
   the space 459816K,  97% used [0x19150000, 0x3488e448, 0x3488e600, 0x3525a000)
 Metaspace       used 3546K, capacity 3598K, committed 3648K, reserved 4480K
}
Event: 10.766 GC heap before
{Heap before GC invocations=99 (full 7):
 def new generation   total 206976K, used 206976K [0x03c00000, 0x11c90000, 0x19150000)
  eden space 184000K, 100% used [0x03c00000, 0x0efb0000, 0x0efb0000)
  from space 22976K, 100% used [0x10620000, 0x11c90000, 0x11c90000)
  to   space 22976K,   0% used [0x0efb0000, 0x0efb0000, 0x10620000)
 tenured generation   total 459816K, used 449785K [0x19150000, 0x3525a000, 0x43c00000)
   the space 459816K,  97% used [0x19150000, 0x3488e448, 0x3488e600, 0x3525a000)
 Metaspace       used 3546K, capacity 3598K, committed 3648K, reserved 4480K

Deoptimization events (0 events):
No events

Internal exceptions (5 events):
Event: 0.029 Thread 0x0049bc00 Exception <a 'java/lang/NoSuchMethodError': Method sun.misc.Unsafe.defineClass(Ljava/lang/String;[BII)Ljava/lang/Class; name or signature does not match> (0x03c06ea8) thrown at [C:\re\workspace\8-2-build-windows-i586-cygwin\jdk8u101\7261\hotspot\src\share\;Áî»aÒù?
Event: 0.029 Thread 0x0049bc00 Exception <a 'java/lang/NoSuchMethodError': Method sun.misc.Unsafe.prefetchRead(Ljava/lang/Object;J)V name or signature does not match> (0x03c07178) thrown at [C:\re\workspace\8-2-build-windows-i586-cygwin\jdk8u101\7261\hotspot\src\share\vm\prims\jni.cpp, –¯)Ï!DÏ?
Event: 0.883 Thread 0x44590800 Exception <a 'java/lang/ArrayIndexOutOfBoundsException': 18> (0x03c887c8) thrown at [C:\re\workspace\8-2-build-windows-i586-cygwin\jdk8u101\7261\hotspot\src\share\vm\interpreter\interpreterRuntime.cpp, line 366]
Event: 0.884 Thread 0x44590800 Exception <a 'java/lang/ArrayIndexOutOfBoundsException': 145> (0x03c8a068) thrown at [C:\re\workspace\8-2-build-windows-i586-cygwin\jdk8u101\7261\hotspot\src\share\vm\interpreter\interpreterRuntime.cpp, line 366]
Event: 0.884 Thread 0x44590800 Exception <a 'java/lang/ArrayIndexOutOfBoundsException': 40> (0x03c8b148) thrown at [C:\re\workspace\8-2-build-windows-i586-cygwin\jdk8u101\7261\hotspot\src\share\vm\interpreter\interpreterRuntime.cpp, line 366]

Events (10 events):
Event: 8.770 Executing VM operation: GenCollectForAllocation done
Event: 9.054 Executing VM operation: GenCollectForAllocation
Event: 9.178 Executing VM operation: GenCollectForAllocation done
Event: 9.483 Executing VM operation: GenCollectForAllocation
Event: 9.603 Executing VM operation: GenCollectForAllocation done
Event: 9.919 Executing VM operation: GenCollectForAllocation
Event: 10.033 Executing VM operation: GenCollectForAllocation done
Event: 10.347 Executing VM operation: GenCollectForAllocation
Event: 10.465 Executing VM operation: GenCollectForAllocation done
Event: 10.766 Executing VM operation: GenCollectForAllocation


Dynamic libraries:
0x00ce0000 - 0x00d13000 	C:\Program Files\Java\jdk1.8.0_101\bin\java.exe
0x771a0000 - 0x772dc000 	C:\Windows\SYSTEM32\ntdll.dll
0x76f50000 - 0x77024000 	C:\Windows\system32\kernel32.dll
0x755a0000 - 0x755ea000 	C:\Windows\system32\KERNELBASE.dll
0x756d0000 - 0x75770000 	C:\Windows\system32\ADVAPI32.dll
0x75770000 - 0x7581c000 	C:\Windows\system32\msvcrt.dll
0x769a0000 - 0x769b9000 	C:\Windows\SYSTEM32\sechost.dll
0x75620000 - 0x756c1000 	C:\Windows\system32\RPCRT4.dll
0x75a70000 - 0x75b39000 	C:\Windows\system32\USER32.dll
0x772f0000 - 0x7733e000 	C:\Windows\system32\GDI32.dll
0x75a50000 - 0x75a5a000 	C:\Windows\system32\LPK.dll
0x77030000 - 0x770cd000 	C:\Windows\system32\USP10.dll
0x74060000 - 0x741fe000 	C:\Windows\WinSxS\x86_microsoft.windows.common-controls_6595b64144ccf1df_6.0.7600.16385_none_421189da2b7fabfc\COMCTL32.dll
0x76ef0000 - 0x76f47000 	C:\Windows\system32\SHLWAPI.dll
0x755f0000 - 0x7560f000 	C:\Windows\system32\IMM32.DLL
0x770d0000 - 0x7719c000 	C:\Windows\system32\MSCTF.dll
0x54260000 - 0x5431f000 	C:\Program Files\Java\jdk1.8.0_101\jre\bin\msvcr100.dll
0x50dd0000 - 0x5119c000 	C:\Program Files\Java\jdk1.8.0_101\jre\bin\client\jvm.dll
0x70940000 - 0x70947000 	C:\Windows\system32\WSOCK32.dll
0x76a20000 - 0x76a55000 	C:\Windows\system32\WS2_32.dll
0x772e0000 - 0x772e6000 	C:\Windows\system32\NSI.dll
0x709e0000 - 0x70a12000 	C:\Windows\system32\WINMM.dll
0x747f0000 - 0x747f9000 	C:\Windows\system32\VERSION.dll
0x75a60000 - 0x75a65000 	C:\Windows\system32\PSAPI.DLL
0x6c2e0000 - 0x6c2ec000 	C:\Program Files\Java\jdk1.8.0_101\jre\bin\verify.dll
0x6c2b0000 - 0x6c2d1000 	C:\Program Files\Java\jdk1.8.0_101\jre\bin\java.dll
0x6c290000 - 0x6c2a3000 	C:\Program Files\Java\jdk1.8.0_101\jre\bin\zip.dll
0x75cd0000 - 0x76919000 	C:\Windows\system32\SHELL32.dll
0x76a60000 - 0x76bbc000 	C:\Windows\system32\ole32.dll
0x752f0000 - 0x752fb000 	C:\Windows\system32\profapi.dll
0x73050000 - 0x7313b000 	C:\Windows\system32\dbghelp.dll

VM Arguments:
jvm_args: -Djava.awt.headless=true -Xmx1024M -Dfile.encoding=windows-1252 -Duser.country=US -Duser.language=en -Duser.variant 
java_command: com.android.dx.command.Main --dex --num-threads=4 --multi-dex --main-dex-list E:\SandeepProjectResources\MobipugNew\Mobipug27.10.18\MobipugSource\app\build\intermediates\multi-dex\debug\maindexlist.txt --output E:\SandeepProjectResources\MobipugNew\Mobipug27.10.18\MobipugSource\app\build\intermediates\transforms\dex\debug\folders\1000\1f\main E:\SandeepProjectResources\MobipugNew\Mobipug27.10.18\MobipugSource\app\build\intermediates\transforms\jarMerging\debug\jars\1\1f\combined.jar
java_class_path (initial): C:\Users\android-4\AppData\Local\Android\Sdk\build-tools\26.0.2\lib\dx.jar
Launcher Type: SUN_STANDARD

Environment Variables:
PATH=C:\ProgramData\Oracle\Java\javapath;C:\Windows\system32;C:\Windows;C:\Windows\System32\Wbem;C:\Windows\System32\WindowsPowerShell\v1.0\;C:\Program Files\Intel\OpenCL SDK\2.0\bin\x86;C:\Program Files\Skype\Phone\
USERNAME=android-4
OS=Windows_NT
PROCESSOR_IDENTIFIER=x86 Family 6 Model 42 Stepping 7, GenuineIntel



---------------  S Y S T E M  ---------------

OS: Windows 7 Build 7600 (6.1.7600.16385)

CPU:total 4 (2 cores per cpu, 2 threads per core) family 6 model 42 stepping 7, cmov, cx8, fxsr, mmx, sse, sse2, sse3, ssse3, sse4.1, sse4.2, popcnt, clmul, ht, tsc, tscinvbit

Memory: 4k page, physical 3578328k(619628k free), swap 24056564k(20116428k free)

vm_info: Java HotSpot(TM) Client VM (25.101-b13) for windows-x86 JRE (1.8.0_101-b13), built on Jun 22 2016 00:45:44 by "java_re" with MS VC++ 10.0 (VS2010)

time: Wed Nov 14 14:38:00 2018
elapsed time: 11 seconds (0d 0h 0m 11s)

