#
# A fatal error has been detected by the Java Runtime Environment:
#
#  EXCEPTION_ACCESS_VIOLATION (0xc0000005) at pc=0x527fa869, pid=3344, tid=0x00000b54
#
# JRE version: Java(TM) SE Runtime Environment (8.0_101-b13) (build 1.8.0_101-b13)
# Java VM: Java HotSpot(TM) Client VM (25.101-b13 mixed mode windows-x86 )
# Problematic frame:
# V  [jvm.dll+0xba869]
#
# Failed to write core dump. Minidumps are not enabled by default on client versions of Windows
#
# If you would like to submit a bug report, please visit:
#   http://bugreport.java.com/bugreport/crash.jsp
#

---------------  T H R E A D  ---------------

Current thread (0x443ea800):  VMThread [stack: 0x007a0000,0x007f0000] [id=2900]

siginfo: ExceptionCode=0xc0000005, reading address 0x00000060

Registers:
EAX=0x00000000, EBX=0x000000a9, ECX=0x317da5c8, EDX=0x00000000
ESP=0x007ef0d0, EBP=0x007ef0d0, ESI=0x37315070, EDI=0x317da5c8
EIP=0x527fa869, EFLAGS=0x00010293

Top of Stack: (sp=0x007ef0d0)
0x007ef0d0:   007ef0e4 527fd750 37315070 36faccf8
0x007ef0e0:   36facc9c 007ef100 52812c98 00000003
0x007ef0f0:   36faca48 441ddfe0 445bbecc 000000a9
0x007ef100:   007ef118 52812e0d 36faca48 00000000
0x007ef110:   52aa94cc 445bbec8 007ef138 528f4db1
0x007ef120:   191bb040 52aa94cc 445bbec8 445bbecc
0x007ef130:   52aa94cc 445bbec8 007ef144 528f4fac
0x007ef140:   00000003 007ef160 5289883a 445bbec8 

Instructions: (pc=0x527fa869)
0x527fa849:   ff 75 06 33 c0 5d c2 04 00 b8 01 00 00 00 5d c2
0x527fa859:   04 00 83 e0 07 83 f8 05 74 1e 8b 55 08 8b 52 04
0x527fa869:   8b 52 60 83 e2 07 80 fa 05 74 13 83 f8 01 75 0e
0x527fa879:   f7 c1 80 ff ff ff 75 06 32 c0 5d c2 04 00 b0 01 


Register to memory mapping:

EAX=0x00000000 is an unknown value
EBX=0x000000a9 is an unknown value
ECX=0x317da5c8 is an oop
com.android.dx.rop.type.Type 
 - klass: 'com/android/dx/rop/type/Type'
EDX=0x00000000 is an unknown value
ESP=0x007ef0d0 is an unknown value
EBP=0x007ef0d0 is an unknown value
ESI=0x37315070 is pointing into object: 0x37315068
com.android.dx.rop.cst.CstType 
 - klass: 'com/android/dx/rop/cst/CstType'
EDI=0x317da5c8 is an oop
com.android.dx.rop.type.Type 
 - klass: 'com/android/dx/rop/type/Type'


Stack: [0x007a0000,0x007f0000],  sp=0x007ef0d0,  free space=316k
Native frames: (J=compiled Java code, j=interpreted, Vv=VM code, C=native code)
V  [jvm.dll+0xba869]
V  [jvm.dll+0xbd750]
V  [jvm.dll+0xd2c98]
V  [jvm.dll+0xd2e0d]
V  [jvm.dll+0x1b4db1]
V  [jvm.dll+0x1b4fac]
V  [jvm.dll+0x15883a]
V  [jvm.dll+0x179eef]
V  [jvm.dll+0x1789ea]
V  [jvm.dll+0x97fb0]
V  [jvm.dll+0x992a1]
V  [jvm.dll+0x9b020]
V  [jvm.dll+0x9b489]
V  [jvm.dll+0x9a27f]
V  [jvm.dll+0xa64b2]
V  [jvm.dll+0x98e73]
V  [jvm.dll+0x92e25]
V  [jvm.dll+0x1b81c6]
V  [jvm.dll+0x18292b]
V  [jvm.dll+0x181d31]
V  [jvm.dll+0x182147]
V  [jvm.dll+0x182342]
V  [jvm.dll+0x1c1ed6]
C  [msvcr100.dll+0x5c556]
C  [msvcr100.dll+0x5c600]
C  [kernel32.dll+0x51174]
C  [ntdll.dll+0x5b3f5]
C  [ntdll.dll+0x5b3c8]

VM_Operation (0x0077ede8): GenCollectForAllocation, mode: safepoint, requested by thread 0x44591400


---------------  P R O C E S S  ---------------

Java Threads: ( => current thread )
  0x445bbc00 JavaThread "pool-2-thread-4" [_thread_blocked, id=516, stack(0x44d10000,0x44d60000)]
  0x445b5000 JavaThread "pool-2-thread-3" [_thread_blocked, id=3456, stack(0x44c40000,0x44c90000)]
  0x445b3c00 JavaThread "pool-2-thread-2" [_thread_blocked, id=5560, stack(0x44b30000,0x44b80000)]
  0x4458e800 JavaThread "pool-3-thread-1" [_thread_blocked, id=920, stack(0x449b0000,0x44a00000)]
  0x44591400 JavaThread "pool-2-thread-1" [_thread_blocked, id=4876, stack(0x00730000,0x00780000)]
  0x44454c00 JavaThread "Service Thread" daemon [_thread_blocked, id=4764, stack(0x448e0000,0x44930000)]
  0x4443a400 JavaThread "C1 CompilerThread0" daemon [_thread_blocked, id=2512, stack(0x44a10000,0x44a60000)]
  0x44439000 JavaThread "Attach Listener" daemon [_thread_blocked, id=2920, stack(0x447b0000,0x44800000)]
  0x44436000 JavaThread "Signal Dispatcher" daemon [_thread_blocked, id=5824, stack(0x44870000,0x448c0000)]
  0x44416c00 JavaThread "Finalizer" daemon [_thread_blocked, id=4588, stack(0x44650000,0x446a0000)]
  0x443f0400 JavaThread "Reference Handler" daemon [_thread_blocked, id=1280, stack(0x44600000,0x44650000)]
  0x018fbc00 JavaThread "main" [_thread_blocked, id=5184, stack(0x002a0000,0x002f0000)]

Other Threads:
=>0x443ea800 VMThread [stack: 0x007a0000,0x007f0000] [id=2900]
  0x44430400 WatcherThread [stack: 0x44a90000,0x44ae0000] [id=996]

VM state:at safepoint (normal execution)

VM Mutex/Monitor currently owned by a thread:  ([mutex/lock_event])
[0x018fa230] Threads_lock - owner thread: 0x443ea800
[0x018fa640] Heap_lock - owner thread: 0x44591400

Heap:
 def new generation   total 314560K, used 279616K [0x03c00000, 0x19150000, 0x19150000)
  eden space 279616K, 100% used [0x03c00000, 0x14d10000, 0x14d10000)
  from space 34944K,   0% used [0x16f30000, 0x16f30000, 0x19150000)
  to   space 34944K,   0% used [0x14d10000, 0x14d10000, 0x16f30000)
 tenured generation   total 699072K, used 662959K [0x19150000, 0x43c00000, 0x43c00000)
   the space 699072K,  94% used [0x19150000, 0x418bbe28, 0x418bc000, 0x43c00000)
 Metaspace       used 3557K, capacity 3598K, committed 3648K, reserved 4480K

Card table byte_map: [0x43c00000,0x43e10000] byte_map_base: 0x43be2000

Polling page: 0x00260000

CodeCache: size=32768Kb used=3667Kb max_used=3713Kb free=29100Kb
 bounds [0x01bd0000, 0x01f78000, 0x03bd0000]
 total_blobs=1906 nmethods=1759 adapters=77
 compilation: enabled

Compilation events (10 events):
Event: 25.903 Thread 0x4443a400 1769             java.util.HashMap$TreeNode::split (218 bytes)
Event: 25.904 Thread 0x4443a400 nmethod 1769 0x01f6e108 code [0x01f6e280, 0x01f6e780]
Event: 26.098 Thread 0x4443a400 1770 % !         java.util.concurrent.ThreadPoolExecutor::runWorker @ 21 (225 bytes)
Event: 26.099 Thread 0x4443a400 nmethod 1770% 0x01f6ef48 code [0x01f6f140, 0x01f6f8a4]
Event: 26.100 Thread 0x4443a400 1771             java.util.concurrent.ThreadPoolExecutor$CallerRunsPolicy::rejectedExecution (14 bytes)
Event: 26.100 Thread 0x4443a400 nmethod 1771 0x01f702c8 code [0x01f703d0, 0x01f704ac]
Event: 28.577 Thread 0x4443a400 1772             java.util.concurrent.ThreadPoolExecutor$Worker::tryRelease (12 bytes)
Event: 28.577 Thread 0x4443a400 nmethod 1772 0x01f70588 code [0x01f70680, 0x01f70720]
Event: 28.862 Thread 0x4443a400 1773             java.util.HashMap$TreeNode::rotateLeft (91 bytes)
Event: 28.863 Thread 0x4443a400 nmethod 1773 0x01d53788 code [0x01d53880, 0x01d539b0]

GC Heap History (10 events):
Event: 18.867 GC heap after
Heap after GC invocations=103 (full 9):
 def new generation   total 314560K, used 0K [0x03c00000, 0x19150000, 0x19150000)
  eden space 279616K,   0% used [0x03c00000, 0x03c00000, 0x14d10000)
  from space 34944K,   0% used [0x14d10000, 0x14d10000, 0x16f30000)
  to   space 34944K,   0% used [0x16f30000, 0x16f30000, 0x19150000)
 tenured generation   total 699072K, used 595298K [0x19150000, 0x43c00000, 0x43c00000)
   the space 699072K,  85% used [0x19150000, 0x3d6a8998, 0x3d6a8a00, 0x43c00000)
 Metaspace       used 3557K, capacity 3598K, committed 3648K, reserved 4480K
}
Event: 20.387 GC heap before
{Heap before GC invocations=103 (full 9):
 def new generation   total 314560K, used 279616K [0x03c00000, 0x19150000, 0x19150000)
  eden space 279616K, 100% used [0x03c00000, 0x14d10000, 0x14d10000)
  from space 34944K,   0% used [0x14d10000, 0x14d10000, 0x16f30000)
  to   space 34944K,   0% used [0x16f30000, 0x16f30000, 0x19150000)
 tenured generation   total 699072K, used 595298K [0x19150000, 0x43c00000, 0x43c00000)
   the space 699072K,  85% used [0x19150000, 0x3d6a8998, 0x3d6a8a00, 0x43c00000)
 Metaspace       used 3557K, capacity 3598K, committed 3648K, reserved 4480K
Event: 20.503 GC heap after
Heap after GC invocations=104 (full 9):
 def new generation   total 314560K, used 34943K [0x03c00000, 0x19150000, 0x19150000)
  eden space 279616K,   0% used [0x03c00000, 0x03c00000, 0x14d10000)
  from space 34944K,  99% used [0x16f30000, 0x1914fff8, 0x19150000)
  to   space 34944K,   0% used [0x14d10000, 0x14d10000, 0x16f30000)
 tenured generation   total 699072K, used 657650K [0x19150000, 0x43c00000, 0x43c00000)
   the space 699072K,  94% used [0x19150000, 0x4138c948, 0x4138ca00, 0x43c00000)
 Metaspace       used 3557K, capacity 3598K, committed 3648K, reserved 4480K
}
Event: 21.541 GC heap before
{Heap before GC invocations=104 (full 9):
 def new generation   total 314560K, used 314559K [0x03c00000, 0x19150000, 0x19150000)
  eden space 279616K, 100% used [0x03c00000, 0x14d10000, 0x14d10000)
  from space 34944K,  99% used [0x16f30000, 0x1914fff8, 0x19150000)
  to   space 34944K,   0% used [0x14d10000, 0x14d10000, 0x16f30000)
 tenured generation   total 699072K, used 657650K [0x19150000, 0x43c00000, 0x43c00000)
   the space 699072K,  94% used [0x19150000, 0x4138c948, 0x4138ca00, 0x43c00000)
 Metaspace       used 3557K, capacity 3598K, committed 3648K, reserved 4480K
Event: 23.037 GC heap after
Heap after GC invocations=105 (full 10):
 def new generation   total 314560K, used 0K [0x03c00000, 0x19150000, 0x19150000)
  eden space 279616K,   0% used [0x03c00000, 0x03c00000, 0x14d10000)
  from space 34944K,   0% used [0x16f30000, 0x16f30000, 0x19150000)
  to   space 34944K,   0% used [0x14d10000, 0x14d10000, 0x16f30000)
 tenured generation   total 699072K, used 677967K [0x19150000, 0x43c00000, 0x43c00000)
   the space 699072K,  96% used [0x19150000, 0x42763e98, 0x42764000, 0x43c00000)
 Metaspace       used 3557K, capacity 3598K, committed 3648K, reserved 4480K
}
Event: 24.127 GC heap before
{Heap before GC invocations=105 (full 10):
 def new generation   total 314560K, used 279616K [0x03c00000, 0x19150000, 0x19150000)
  eden space 279616K, 100% used [0x03c00000, 0x14d10000, 0x14d10000)
  from space 34944K,   0% used [0x16f30000, 0x16f30000, 0x19150000)
  to   space 34944K,   0% used [0x14d10000, 0x14d10000, 0x16f30000)
 tenured generation   total 699072K, used 677967K [0x19150000, 0x43c00000, 0x43c00000)
   the space 699072K,  96% used [0x19150000, 0x42763e98, 0x42764000, 0x43c00000)
 Metaspace       used 3557K, capacity 3598K, committed 3648K, reserved 4480K
Event: 25.629 GC heap after
Heap after GC invocations=106 (full 11):
 def new generation   total 314560K, used 0K [0x03c00000, 0x19150000, 0x19150000)
  eden space 279616K,   0% used [0x03c00000, 0x03c00000, 0x14d10000)
  from space 34944K,   0% used [0x16f30000, 0x16f30000, 0x19150000)
  to   space 34944K,   0% used [0x14d10000, 0x14d10000, 0x16f30000)
 tenured generation   total 699072K, used 694585K [0x19150000, 0x43c00000, 0x43c00000)
   the space 699072K,  99% used [0x19150000, 0x4379e480, 0x4379e600, 0x43c00000)
 Metaspace       used 3557K, capacity 3598K, committed 3648K, reserved 4480K
}
Event: 26.251 GC heap before
{Heap before GC invocations=106 (full 11):
 def new generation   total 314560K, used 279616K [0x03c00000, 0x19150000, 0x19150000)
  eden space 279616K, 100% used [0x03c00000, 0x14d10000, 0x14d10000)
  from space 34944K,   0% used [0x16f30000, 0x16f30000, 0x19150000)
  to   space 34944K,   0% used [0x14d10000, 0x14d10000, 0x16f30000)
 tenured generation   total 699072K, used 694585K [0x19150000, 0x43c00000, 0x43c00000)
   the space 699072K,  99% used [0x19150000, 0x4379e480, 0x4379e600, 0x43c00000)
 Metaspace       used 3557K, capacity 3598K, committed 3648K, reserved 4480K
Event: 28.242 GC heap after
Heap after GC invocations=107 (full 12):
 def new generation   total 314560K, used 0K [0x03c00000, 0x19150000, 0x19150000)
  eden space 279616K,   0% used [0x03c00000, 0x03c00000, 0x14d10000)
  from space 34944K,   0% used [0x16f30000, 0x16f30000, 0x19150000)
  to   space 34944K,   0% used [0x14d10000, 0x14d10000, 0x16f30000)
 tenured generation   total 699072K, used 662959K [0x19150000, 0x43c00000, 0x43c00000)
   the space 699072K,  94% used [0x19150000, 0x418bbe28, 0x418bc000, 0x43c00000)
 Metaspace       used 3557K, capacity 3598K, committed 3648K, reserved 4480K
}
Event: 28.945 GC heap before
{Heap before GC invocations=107 (full 12):
 def new generation   total 314560K, used 279616K [0x03c00000, 0x19150000, 0x19150000)
  eden space 279616K, 100% used [0x03c00000, 0x14d10000, 0x14d10000)
  from space 34944K,   0% used [0x16f30000, 0x16f30000, 0x19150000)
  to   space 34944K,   0% used [0x14d10000, 0x14d10000, 0x16f30000)
 tenured generation   total 699072K, used 662959K [0x19150000, 0x43c00000, 0x43c00000)
   the space 699072K,  94% used [0x19150000, 0x418bbe28, 0x418bc000, 0x43c00000)
 Metaspace       used 3557K, capacity 3598K, committed 3648K, reserved 4480K

Deoptimization events (0 events):
No events

Internal exceptions (5 events):
Event: 0.029 Thread 0x018fbc00 Exception <a 'java/lang/NoSuchMethodError': Method sun.misc.Unsafe.defineClass(Ljava/lang/String;[BII)Ljava/lang/Class; name or signature does not match> (0x03c06ea8) thrown at [C:\re\workspace\8-2-build-windows-i586-cygwin\jdk8u101\7261\hotspot\src\share\o∆9ëtsù?
Event: 0.029 Thread 0x018fbc00 Exception <a 'java/lang/NoSuchMethodError': Method sun.misc.Unsafe.prefetchRead(Ljava/lang/Object;J)V name or signature does not match> (0x03c07178) thrown at [C:\re\workspace\8-2-build-windows-i586-cygwin\jdk8u101\7261\hotspot\src\share\vm\prims\jni.cpp, ∆≠f¸&!Ï?
Event: 0.879 Thread 0x44591400 Exception <a 'java/lang/ArrayIndexOutOfBoundsException': 18> (0x03d80848) thrown at [C:\re\workspace\8-2-build-windows-i586-cygwin\jdk8u101\7261\hotspot\src\share\vm\interpreter\interpreterRuntime.cpp, line 366]
Event: 0.879 Thread 0x44591400 Exception <a 'java/lang/ArrayIndexOutOfBoundsException': 145> (0x03d820e8) thrown at [C:\re\workspace\8-2-build-windows-i586-cygwin\jdk8u101\7261\hotspot\src\share\vm\interpreter\interpreterRuntime.cpp, line 366]
Event: 0.880 Thread 0x44591400 Exception <a 'java/lang/ArrayIndexOutOfBoundsException': 40> (0x03d831c8) thrown at [C:\re\workspace\8-2-build-windows-i586-cygwin\jdk8u101\7261\hotspot\src\share\vm\interpreter\interpreterRuntime.cpp, line 366]

Events (10 events):
Event: 28.578 Thread 0x4443a400 flushing nmethod 0x01d33f48
Event: 28.578 Thread 0x4443a400 flushing nmethod 0x01d3fec8
Event: 28.578 Thread 0x4443a400 flushing nmethod 0x01d53548
Event: 28.863 Thread 0x4443a400 flushing nmethod 0x01d75308
Event: 28.863 Thread 0x4443a400 flushing nmethod 0x01d76e88
Event: 28.863 Thread 0x4443a400 flushing nmethod 0x01db9408
Event: 28.863 Thread 0x4443a400 flushing nmethod 0x01de0fc8
Event: 28.863 Thread 0x4443a400 flushing nmethod 0x01de15c8
Event: 28.863 Thread 0x4443a400 flushing nmethod 0x01e20408
Event: 28.945 Executing VM operation: GenCollectForAllocation


Dynamic libraries:
0x00820000 - 0x00853000 	C:\Program Files\Java\jdk1.8.0_101\bin\java.exe
0x77610000 - 0x7774c000 	C:\Windows\SYSTEM32\ntdll.dll
0x76310000 - 0x763e4000 	C:\Windows\system32\kernel32.dll
0x75a10000 - 0x75a5a000 	C:\Windows\system32\KERNELBASE.dll
0x75a60000 - 0x75b00000 	C:\Windows\system32\ADVAPI32.dll
0x76730000 - 0x767dc000 	C:\Windows\system32\msvcrt.dll
0x767e0000 - 0x767f9000 	C:\Windows\SYSTEM32\sechost.dll
0x76500000 - 0x765a1000 	C:\Windows\system32\RPCRT4.dll
0x77760000 - 0x77829000 	C:\Windows\system32\USER32.dll
0x762c0000 - 0x7630e000 	C:\Windows\system32\GDI32.dll
0x75dd0000 - 0x75dda000 	C:\Windows\system32\LPK.dll
0x76110000 - 0x761ad000 	C:\Windows\system32\USP10.dll
0x741d0000 - 0x7436e000 	C:\Windows\WinSxS\x86_microsoft.windows.common-controls_6595b64144ccf1df_6.0.7600.16385_none_421189da2b7fabfc\COMCTL32.dll
0x763f0000 - 0x76447000 	C:\Windows\system32\SHLWAPI.dll
0x764e0000 - 0x764ff000 	C:\Windows\system32\IMM32.DLL
0x75b00000 - 0x75bcc000 	C:\Windows\system32\MSCTF.dll
0x52b10000 - 0x52bcf000 	C:\Program Files\Java\jdk1.8.0_101\jre\bin\msvcr100.dll
0x52740000 - 0x52b0c000 	C:\Program Files\Java\jdk1.8.0_101\jre\bin\client\jvm.dll
0x70d00000 - 0x70d07000 	C:\Windows\system32\WSOCK32.dll
0x766f0000 - 0x76725000 	C:\Windows\system32\WS2_32.dll
0x77750000 - 0x77756000 	C:\Windows\system32\NSI.dll
0x70de0000 - 0x70e12000 	C:\Windows\system32\WINMM.dll
0x74c60000 - 0x74c69000 	C:\Windows\system32\VERSION.dll
0x77830000 - 0x77835000 	C:\Windows\system32\PSAPI.DLL
0x60b30000 - 0x60b3c000 	C:\Program Files\Java\jdk1.8.0_101\jre\bin\verify.dll
0x60b00000 - 0x60b21000 	C:\Program Files\Java\jdk1.8.0_101\jre\bin\java.dll
0x60ae0000 - 0x60af3000 	C:\Program Files\Java\jdk1.8.0_101\jre\bin\zip.dll
0x769c0000 - 0x77609000 	C:\Windows\system32\SHELL32.dll
0x76800000 - 0x7695c000 	C:\Windows\system32\ole32.dll
0x75760000 - 0x7576b000 	C:\Windows\system32\profapi.dll
0x73430000 - 0x7351b000 	C:\Windows\system32\dbghelp.dll

VM Arguments:
jvm_args: -Djava.awt.headless=true -Xmx1024M -Dfile.encoding=windows-1252 -Duser.country=US -Duser.language=en -Duser.variant 
java_command: com.android.dx.command.Main --dex --num-threads=4 --multi-dex --main-dex-list E:\SandeepProjectResources\MobipugNew\Mobipug27.10.18\MobipugSource\app\build\intermediates\multi-dex\debug\maindexlist.txt --output E:\SandeepProjectResources\MobipugNew\Mobipug27.10.18\MobipugSource\app\build\intermediates\transforms\dex\debug\folders\1000\1f\main E:\SandeepProjectResources\MobipugNew\Mobipug27.10.18\MobipugSource\app\build\intermediates\transforms\jarMerging\debug\jars\1\1f\combined.jar
java_class_path (initial): C:\Users\android-4\AppData\Local\Android\Sdk\build-tools\26.0.2\lib\dx.jar
Launcher Type: SUN_STANDARD

Environment Variables:
PATH=C:\ProgramData\Oracle\Java\javapath;C:\Windows\system32;C:\Windows;C:\Windows\System32\Wbem;C:\Windows\System32\WindowsPowerShell\v1.0\;C:\Program Files\Intel\OpenCL SDK\2.0\bin\x86;C:\Program Files\Skype\Phone\
USERNAME=android-4
OS=Windows_NT
PROCESSOR_IDENTIFIER=x86 Family 6 Model 42 Stepping 7, GenuineIntel



---------------  S Y S T E M  ---------------

OS: Windows 7 Build 7600 (6.1.7600.16385)

CPU:total 4 (2 cores per cpu, 2 threads per core) family 6 model 42 stepping 7, cmov, cx8, fxsr, mmx, sse, sse2, sse3, ssse3, sse4.1, sse4.2, popcnt, clmul, ht, tsc, tscinvbit

Memory: 4k page, physical 3578328k(221480k free), swap 24056564k(19036256k free)

vm_info: Java HotSpot(TM) Client VM (25.101-b13) for windows-x86 JRE (1.8.0_101-b13), built on Jun 22 2016 00:45:44 by "java_re" with MS VC++ 10.0 (VS2010)

time: Thu Nov 15 16:00:38 2018
elapsed time: 29 seconds (0d 0h 0m 29s)

