#
# A fatal error has been detected by the Java Runtime Environment:
#
#  EXCEPTION_ACCESS_VIOLATION (0xc0000005) at pc=0x50e75a78, pid=2960, tid=0x00000928
#
# JRE version: Java(TM) SE Runtime Environment (8.0_101-b13) (build 1.8.0_101-b13)
# Java VM: Java HotSpot(TM) Client VM (25.101-b13 mixed mode windows-x86 )
# Problematic frame:
# V  [jvm.dll+0xa5a78]
#
# Failed to write core dump. Minidumps are not enabled by default on client versions of Windows
#
# If you would like to submit a bug report, please visit:
#   http://bugreport.java.com/bugreport/crash.jsp
#

---------------  T H R E A D  ---------------

Current thread (0x443ea800):  VMThread [stack: 0x445e0000,0x44630000] [id=2344]

siginfo: ExceptionCode=0xc0000005, reading address 0x00000075

Registers:
EAX=0x00000001, EBX=0x4462f294, ECX=0x43f703c0, EDX=0x3ffffffe
ESP=0x4462f248, EBP=0x4462f270, ESI=0x0c955c00, EDI=0x0c9970d8
EIP=0x50e75a78, EFLAGS=0x00010246

Top of Stack: (sp=0x4462f248)
0x4462f248:   00992660 4462f294 00000001 00992660
0x4462f258:   14d10000 0c955138 0c955c00 03d03c10
0x4462f268:   00000000 073a1f68 4462f284 50e69ba2
0x4462f278:   4462f294 0098f210 0098f210 4462f2a0
0x4462f288:   50e685bd 4462f294 0098f210 00991c88
0x4462f298:   00992660 14d10000 4462f38c 50e6b4be
0x4462f2a8:   443d8518 00a03230 00994050 510ab934
0x4462f2b8:   00000100 00a03230 00000000 0697fd3d 

Instructions: (pc=0x50e75a78)
0x50e75a58:   d3 e3 4a c1 f8 10 25 ff 00 00 00 03 da 03 c3 8b
0x50e75a68:   5d 08 f7 d2 c1 e8 02 c1 ea 02 23 c2 eb 08 8b 01
0x50e75a78:   8b 50 74 57 ff d2 8d 3c 87 3b 7d e8 73 09 8b 07
0x50e75a88:   83 e0 03 3c 03 75 a6 83 7d f8 00 76 5f 3b 75 fc 


Register to memory mapping:

EAX=0x00000001 is an unknown value
EBX=0x4462f294 is an unknown value
ECX=0x43f703c0 is pointing into metadata
EDX=0x3ffffffe is pointing into object: 0x3ff6ea00
[Ljava.util.HashMap$Node; 
 - klass: 'java/util/HashMap$Node'[]
 - length: 1048576
ESP=0x4462f248 is an unknown value
EBP=0x4462f270 is an unknown value
ESI=0x0c955c00 is pointing into object: 0x03d03c10

[error occurred during error reporting (printing register info), id 0xc0000005]

Stack: [0x445e0000,0x44630000],  sp=0x4462f248,  free space=316k
Native frames: (J=compiled Java code, j=interpreted, Vv=VM code, C=native code)
V  [jvm.dll+0xa5a78]
V  [jvm.dll+0x99ba2]
V  [jvm.dll+0x985bd]
V  [jvm.dll+0x9b4be]
V  [jvm.dll+0x9a27f]
V  [jvm.dll+0xa64b2]
V  [jvm.dll+0x98e73]
V  [jvm.dll+0x92e25]
V  [jvm.dll+0x1b81c6]
V  [jvm.dll+0x18292b]
V  [jvm.dll+0x181d31]
V  [jvm.dll+0x182147]
V  [jvm.dll+0x182342]
V  [jvm.dll+0x1c1ed6]
C  [msvcr100.dll+0x5c556]
C  [msvcr100.dll+0x5c600]
C  [kernel32.dll+0x51174]
C  [ntdll.dll+0x5b3f5]
C  [ntdll.dll+0x5b3c8]

VM_Operation (0x44c5ee78): GenCollectForAllocation, mode: safepoint, requested by thread 0x445c3400


---------------  P R O C E S S  ---------------

Java Threads: ( => current thread )
  0x44f01400 JavaThread "pool-1-thread-1" [_thread_blocked, id=1908, stack(0x44840000,0x44890000)]
  0x445c7800 JavaThread "pool-2-thread-4" [_thread_blocked, id=2744, stack(0x44cb0000,0x44d00000)]
  0x445c3400 JavaThread "pool-2-thread-3" [_thread_blocked, id=528, stack(0x44c10000,0x44c60000)]
  0x445c2000 JavaThread "pool-2-thread-2" [_thread_blocked, id=5420, stack(0x449f0000,0x44a40000)]
  0x44590000 JavaThread "pool-3-thread-1" [_thread_blocked, id=4400, stack(0x447d0000,0x44820000)]
  0x44592c00 JavaThread "pool-2-thread-1" [_thread_blocked, id=668, stack(0x44a90000,0x44ae0000)]
  0x4444c000 JavaThread "Service Thread" daemon [_thread_blocked, id=1700, stack(0x00520000,0x00570000)]
  0x4443a000 JavaThread "C1 CompilerThread0" daemon [_thread_blocked, id=3976, stack(0x44950000,0x449a0000)]
  0x44439000 JavaThread "Attach Listener" daemon [_thread_blocked, id=3964, stack(0x44900000,0x44950000)]
  0x44436000 JavaThread "Signal Dispatcher" daemon [_thread_blocked, id=2572, stack(0x44710000,0x44760000)]
  0x44416c00 JavaThread "Finalizer" daemon [_thread_blocked, id=1796, stack(0x00c60000,0x00cb0000)]
  0x443f0400 JavaThread "Reference Handler" daemon [_thread_blocked, id=1868, stack(0x00c10000,0x00c60000)]
  0x00b0bc00 JavaThread "main" [_thread_blocked, id=5488, stack(0x00aa0000,0x00af0000)]

Other Threads:
=>0x443ea800 VMThread [stack: 0x445e0000,0x44630000] [id=2344]
  0x4445cc00 WatcherThread [stack: 0x44890000,0x448e0000] [id=5676]

VM state:at safepoint (normal execution)

VM Mutex/Monitor currently owned by a thread:  ([mutex/lock_event])
[0x00b0a230] Threads_lock - owner thread: 0x443ea800
[0x00b0a640] Heap_lock - owner thread: 0x445c3400

Heap:
 def new generation   total 314560K, used 314559K [0x03c00000, 0x19150000, 0x19150000)
  eden space 279616K, 100% used [0x03c00000, 0x14d10000, 0x14d10000)
  from space 34944K,  99% used [0x16f30000, 0x1914ffd8, 0x19150000)
  to   space 34944K,   0% used [0x14d10000, 0x14d10000, 0x16f30000)
 tenured generation   total 699072K, used 699071K [0x19150000, 0x43c00000, 0x43c00000)
   the space 699072K,  99% used [0x19150000, 0x43bffff8, 0x43c00000, 0x43c00000)
 Metaspace       used 3586K, capacity 3598K, committed 3648K, reserved 4480K

Card table byte_map: [0x43c00000,0x43e10000] byte_map_base: 0x43be2000

Polling page: 0x00470000

CodeCache: size=32768Kb used=3772Kb max_used=3772Kb free=28995Kb
 bounds [0x01bf0000, 0x01fa0000, 0x03bf0000]
 total_blobs=1994 nmethods=1847 adapters=77
 compilation: enabled

Compilation events (10 events):
Event: 35.256 Thread 0x4443a000 1859             com.android.dx.dex.code.RopTranslator$TranslationVisitor::addOutputSuffix (9 bytes)
Event: 35.256 Thread 0x4443a000 nmethod 1859 0x01f9e708 code [0x01f9e820, 0x01f9e97c]
Event: 35.256 Thread 0x4443a000 1860             com.android.dx.dex.code.OutputCollector::addSuffix (10 bytes)
Event: 35.256 Thread 0x4443a000 nmethod 1860 0x01f9eb88 code [0x01f9eca0, 0x01f9ee0c]
Event: 35.327 Thread 0x4443a000 1861             com.android.dx.rop.code.FillArrayDataInsn::<init> (59 bytes)
Event: 35.328 Thread 0x4443a000 nmethod 1861 0x01f9f008 code [0x01f9f150, 0x01f9f42c]
Event: 35.329 Thread 0x4443a000 1862             com.android.dx.rop.code.FillArrayDataInsn::accept (8 bytes)
Event: 35.329 Thread 0x4443a000 nmethod 1862 0x01f9f688 code [0x01f9f790, 0x01f9f82c]
Event: 35.613 Thread 0x4443a000 1863             com.android.dx.rop.code.FillArrayDataInsn::withNewRegisters (25 bytes)
Event: 35.614 Thread 0x4443a000 nmethod 1863 0x01f9f888 code [0x01f9f990, 0x01f9fa8c]

GC Heap History (10 events):
Event: 23.994 GC heap after
Heap after GC invocations=105 (full 10):
 def new generation   total 314560K, used 0K [0x03c00000, 0x19150000, 0x19150000)
  eden space 279616K,   0% used [0x03c00000, 0x03c00000, 0x14d10000)
  from space 34944K,   0% used [0x16f30000, 0x16f30000, 0x19150000)
  to   space 34944K,   0% used [0x14d10000, 0x14d10000, 0x16f30000)
 tenured generation   total 699072K, used 674771K [0x19150000, 0x43c00000, 0x43c00000)
   the space 699072K,  96% used [0x19150000, 0x42444ff0, 0x42445000, 0x43c00000)
 Metaspace       used 3557K, capacity 3598K, committed 3648K, reserved 4480K
}
Event: 25.016 GC heap before
{Heap before GC invocations=105 (full 10):
 def new generation   total 314560K, used 279616K [0x03c00000, 0x19150000, 0x19150000)
  eden space 279616K, 100% used [0x03c00000, 0x14d10000, 0x14d10000)
  from space 34944K,   0% used [0x16f30000, 0x16f30000, 0x19150000)
  to   space 34944K,   0% used [0x14d10000, 0x14d10000, 0x16f30000)
 tenured generation   total 699072K, used 674771K [0x19150000, 0x43c00000, 0x43c00000)
   the space 699072K,  96% used [0x19150000, 0x42444ff0, 0x42445000, 0x43c00000)
 Metaspace       used 3557K, capacity 3598K, committed 3648K, reserved 4480K
Event: 26.561 GC heap after
Heap after GC invocations=106 (full 11):
 def new generation   total 314560K, used 0K [0x03c00000, 0x19150000, 0x19150000)
  eden space 279616K,   0% used [0x03c00000, 0x03c00000, 0x14d10000)
  from space 34944K,   0% used [0x16f30000, 0x16f30000, 0x19150000)
  to   space 34944K,   0% used [0x14d10000, 0x14d10000, 0x16f30000)
 tenured generation   total 699072K, used 693755K [0x19150000, 0x43c00000, 0x43c00000)
   the space 699072K,  99% used [0x19150000, 0x436cee40, 0x436cf000, 0x43c00000)
 Metaspace       used 3557K, capacity 3598K, committed 3648K, reserved 4480K
}
Event: 27.417 GC heap before
{Heap before GC invocations=106 (full 11):
 def new generation   total 314560K, used 279616K [0x03c00000, 0x19150000, 0x19150000)
  eden space 279616K, 100% used [0x03c00000, 0x14d10000, 0x14d10000)
  from space 34944K,   0% used [0x16f30000, 0x16f30000, 0x19150000)
  to   space 34944K,   0% used [0x14d10000, 0x14d10000, 0x16f30000)
 tenured generation   total 699072K, used 693755K [0x19150000, 0x43c00000, 0x43c00000)
   the space 699072K,  99% used [0x19150000, 0x436cee40, 0x436cf000, 0x43c00000)
 Metaspace       used 3557K, capacity 3598K, committed 3648K, reserved 4480K
Event: 29.462 GC heap after
Heap after GC invocations=107 (full 12):
 def new generation   total 314560K, used 0K [0x03c00000, 0x19150000, 0x19150000)
  eden space 279616K,   0% used [0x03c00000, 0x03c00000, 0x14d10000)
  from space 34944K,   0% used [0x16f30000, 0x16f30000, 0x19150000)
  to   space 34944K,   0% used [0x14d10000, 0x14d10000, 0x16f30000)
 tenured generation   total 699072K, used 660816K [0x19150000, 0x43c00000, 0x43c00000)
   the space 699072K,  94% used [0x19150000, 0x416a42a0, 0x416a4400, 0x43c00000)
 Metaspace       used 3557K, capacity 3598K, committed 3648K, reserved 4480K
}
Event: 30.266 GC heap before
{Heap before GC invocations=107 (full 12):
 def new generation   total 314560K, used 279616K [0x03c00000, 0x19150000, 0x19150000)
  eden space 279616K, 100% used [0x03c00000, 0x14d10000, 0x14d10000)
  from space 34944K,   0% used [0x16f30000, 0x16f30000, 0x19150000)
  to   space 34944K,   0% used [0x14d10000, 0x14d10000, 0x16f30000)
 tenured generation   total 699072K, used 660816K [0x19150000, 0x43c00000, 0x43c00000)
   the space 699072K,  94% used [0x19150000, 0x416a42a0, 0x416a4400, 0x43c00000)
 Metaspace       used 3557K, capacity 3598K, committed 3648K, reserved 4480K
Event: 32.016 GC heap after
Heap after GC invocations=108 (full 13):
 def new generation   total 314560K, used 2665K [0x03c00000, 0x19150000, 0x19150000)
  eden space 279616K,   0% used [0x03c00000, 0x03e9a6d0, 0x14d10000)
  from space 34944K,   0% used [0x16f30000, 0x16f30000, 0x19150000)
  to   space 34944K,   0% used [0x14d10000, 0x14d10000, 0x16f30000)
 tenured generation   total 699072K, used 699071K [0x19150000, 0x43c00000, 0x43c00000)
   the space 699072K,  99% used [0x19150000, 0x43bffff8, 0x43c00000, 0x43c00000)
 Metaspace       used 3557K, capacity 3598K, committed 3648K, reserved 4480K
}
Event: 33.059 GC heap before
{Heap before GC invocations=108 (full 13):
 def new generation   total 314560K, used 314560K [0x03c00000, 0x19150000, 0x19150000)
  eden space 279616K, 100% used [0x03c00000, 0x14d10000, 0x14d10000)
  from space 34944K, 100% used [0x16f30000, 0x19150000, 0x19150000)
  to   space 34944K,   0% used [0x14d10000, 0x14d10000, 0x16f30000)
 tenured generation   total 699072K, used 699071K [0x19150000, 0x43c00000, 0x43c00000)
   the space 699072K,  99% used [0x19150000, 0x43bffff8, 0x43c00000, 0x43c00000)
 Metaspace       used 3586K, capacity 3598K, committed 3648K, reserved 4480K
Event: 34.899 GC heap after
Heap after GC invocations=109 (full 14):
 def new generation   total 314560K, used 47110K [0x03c00000, 0x19150000, 0x19150000)
  eden space 279616K,  16% used [0x03c00000, 0x06a01940, 0x14d10000)
  from space 34944K,   0% used [0x16f30000, 0x16f30000, 0x19150000)
  to   space 34944K,   0% used [0x14d10000, 0x14d10000, 0x16f30000)
 tenured generation   total 699072K, used 699071K [0x19150000, 0x43c00000, 0x43c00000)
   the space 699072K,  99% used [0x19150000, 0x43bffff8, 0x43c00000, 0x43c00000)
 Metaspace       used 3586K, capacity 3598K, committed 3648K, reserved 4480K
}
Event: 35.659 GC heap before
{Heap before GC invocations=109 (full 14):
 def new generation   total 314560K, used 314559K [0x03c00000, 0x19150000, 0x19150000)
  eden space 279616K, 100% used [0x03c00000, 0x14d10000, 0x14d10000)
  from space 34944K,  99% used [0x16f30000, 0x1914ffd8, 0x19150000)
  to   space 34944K,   0% used [0x14d10000, 0x14d10000, 0x16f30000)
 tenured generation   total 699072K, used 699071K [0x19150000, 0x43c00000, 0x43c00000)
   the space 699072K,  99% used [0x19150000, 0x43bffff8, 0x43c00000, 0x43c00000)
 Metaspace       used 3586K, capacity 3598K, committed 3648K, reserved 4480K

Deoptimization events (0 events):
No events

Internal exceptions (5 events):
Event: 0.027 Thread 0x00b0bc00 Exception <a 'java/lang/NoSuchMethodError': Method sun.misc.Unsafe.defineClass(Ljava/lang/String;[BII)Ljava/lang/Class; name or signature does not match> (0x03c06ea8) thrown at [C:\re\workspace\8-2-build-windows-i586-cygwin\jdk8u101\7261\hotspot\src\share\U“£–H‹›?
Event: 0.027 Thread 0x00b0bc00 Exception <a 'java/lang/NoSuchMethodError': Method sun.misc.Unsafe.prefetchRead(Ljava/lang/Object;J)V name or signature does not match> (0x03c07178) thrown at [C:\re\workspace\8-2-build-windows-i586-cygwin\jdk8u101\7261\hotspot\src\share\vm\prims\jni.cpp, IzÎó6í?
Event: 0.913 Thread 0x445c3400 Exception <a 'java/lang/ArrayIndexOutOfBoundsException': 18> (0x03f6aec8) thrown at [C:\re\workspace\8-2-build-windows-i586-cygwin\jdk8u101\7261\hotspot\src\share\vm\interpreter\interpreterRuntime.cpp, line 366]
Event: 0.913 Thread 0x445c3400 Exception <a 'java/lang/ArrayIndexOutOfBoundsException': 145> (0x03f6c768) thrown at [C:\re\workspace\8-2-build-windows-i586-cygwin\jdk8u101\7261\hotspot\src\share\vm\interpreter\interpreterRuntime.cpp, line 366]
Event: 0.913 Thread 0x445c3400 Exception <a 'java/lang/ArrayIndexOutOfBoundsException': 40> (0x03f6d848) thrown at [C:\re\workspace\8-2-build-windows-i586-cygwin\jdk8u101\7261\hotspot\src\share\vm\interpreter\interpreterRuntime.cpp, line 366]

Events (10 events):
Event: 32.432 loading class com/android/dx/rop/cst/Zeroes done
Event: 32.862 loading class java/util/HashMap$KeySet
Event: 32.887 loading class java/util/HashMap$KeySet done
Event: 32.887 loading class java/util/HashMap$KeyIterator
Event: 32.887 loading class java/util/HashMap$KeyIterator done
Event: 32.943 loading class com/android/dx/dex/file/CatchStructs
Event: 32.943 loading class com/android/dx/dex/file/CatchStructs done
Event: 33.059 Executing VM operation: GenCollectForAllocation
Event: 34.899 Executing VM operation: GenCollectForAllocation done
Event: 35.659 Executing VM operation: GenCollectForAllocation


Dynamic libraries:
0x00ce0000 - 0x00d13000 	C:\Program Files\Java\jdk1.8.0_101\bin\java.exe
0x771a0000 - 0x772dc000 	C:\Windows\SYSTEM32\ntdll.dll
0x76f50000 - 0x77024000 	C:\Windows\system32\kernel32.dll
0x755a0000 - 0x755ea000 	C:\Windows\system32\KERNELBASE.dll
0x756d0000 - 0x75770000 	C:\Windows\system32\ADVAPI32.dll
0x75770000 - 0x7581c000 	C:\Windows\system32\msvcrt.dll
0x769a0000 - 0x769b9000 	C:\Windows\SYSTEM32\sechost.dll
0x75620000 - 0x756c1000 	C:\Windows\system32\RPCRT4.dll
0x75a70000 - 0x75b39000 	C:\Windows\system32\USER32.dll
0x772f0000 - 0x7733e000 	C:\Windows\system32\GDI32.dll
0x75a50000 - 0x75a5a000 	C:\Windows\system32\LPK.dll
0x77030000 - 0x770cd000 	C:\Windows\system32\USP10.dll
0x74060000 - 0x741fe000 	C:\Windows\WinSxS\x86_microsoft.windows.common-controls_6595b64144ccf1df_6.0.7600.16385_none_421189da2b7fabfc\COMCTL32.dll
0x76ef0000 - 0x76f47000 	C:\Windows\system32\SHLWAPI.dll
0x755f0000 - 0x7560f000 	C:\Windows\system32\IMM32.DLL
0x770d0000 - 0x7719c000 	C:\Windows\system32\MSCTF.dll
0x54260000 - 0x5431f000 	C:\Program Files\Java\jdk1.8.0_101\jre\bin\msvcr100.dll
0x50dd0000 - 0x5119c000 	C:\Program Files\Java\jdk1.8.0_101\jre\bin\client\jvm.dll
0x70940000 - 0x70947000 	C:\Windows\system32\WSOCK32.dll
0x76a20000 - 0x76a55000 	C:\Windows\system32\WS2_32.dll
0x772e0000 - 0x772e6000 	C:\Windows\system32\NSI.dll
0x709e0000 - 0x70a12000 	C:\Windows\system32\WINMM.dll
0x747f0000 - 0x747f9000 	C:\Windows\system32\VERSION.dll
0x75a60000 - 0x75a65000 	C:\Windows\system32\PSAPI.DLL
0x6c2e0000 - 0x6c2ec000 	C:\Program Files\Java\jdk1.8.0_101\jre\bin\verify.dll
0x6c2b0000 - 0x6c2d1000 	C:\Program Files\Java\jdk1.8.0_101\jre\bin\java.dll
0x6c290000 - 0x6c2a3000 	C:\Program Files\Java\jdk1.8.0_101\jre\bin\zip.dll
0x75cd0000 - 0x76919000 	C:\Windows\system32\SHELL32.dll
0x76a60000 - 0x76bbc000 	C:\Windows\system32\ole32.dll
0x752f0000 - 0x752fb000 	C:\Windows\system32\profapi.dll
0x73050000 - 0x7313b000 	C:\Windows\system32\dbghelp.dll

VM Arguments:
jvm_args: -Djava.awt.headless=true -Xmx1024M -Dfile.encoding=windows-1252 -Duser.country=US -Duser.language=en -Duser.variant 
java_command: com.android.dx.command.Main --dex --num-threads=4 --multi-dex --main-dex-list E:\SandeepProjectResources\MobipugNew\Mobipug27.10.18\MobipugSource\app\build\intermediates\multi-dex\debug\maindexlist.txt --output E:\SandeepProjectResources\MobipugNew\Mobipug27.10.18\MobipugSource\app\build\intermediates\transforms\dex\debug\folders\1000\1f\main E:\SandeepProjectResources\MobipugNew\Mobipug27.10.18\MobipugSource\app\build\intermediates\transforms\jarMerging\debug\jars\1\1f\combined.jar
java_class_path (initial): C:\Users\android-4\AppData\Local\Android\Sdk\build-tools\26.0.2\lib\dx.jar
Launcher Type: SUN_STANDARD

Environment Variables:
PATH=C:\ProgramData\Oracle\Java\javapath;C:\Windows\system32;C:\Windows;C:\Windows\System32\Wbem;C:\Windows\System32\WindowsPowerShell\v1.0\;C:\Program Files\Intel\OpenCL SDK\2.0\bin\x86;C:\Program Files\Skype\Phone\
USERNAME=android-4
OS=Windows_NT
PROCESSOR_IDENTIFIER=x86 Family 6 Model 42 Stepping 7, GenuineIntel



---------------  S Y S T E M  ---------------

OS: Windows 7 Build 7600 (6.1.7600.16385)

CPU:total 4 (2 cores per cpu, 2 threads per core) family 6 model 42 stepping 7, cmov, cx8, fxsr, mmx, sse, sse2, sse3, ssse3, sse4.1, sse4.2, popcnt, clmul, ht, tsc, tscinvbit

Memory: 4k page, physical 3578328k(81100k free), swap 24056564k(19105780k free)

vm_info: Java HotSpot(TM) Client VM (25.101-b13) for windows-x86 JRE (1.8.0_101-b13), built on Jun 22 2016 00:45:44 by "java_re" with MS VC++ 10.0 (VS2010)

time: Wed Nov 14 16:55:29 2018
elapsed time: 36 seconds (0d 0h 0m 36s)

