#
# A fatal error has been detected by the Java Runtime Environment:
#
#  EXCEPTION_ACCESS_VIOLATION (0xc0000005) at pc=0x51815a78, pid=4744, tid=0x0000116c
#
# JRE version: Java(TM) SE Runtime Environment (8.0_101-b13) (build 1.8.0_101-b13)
# Java VM: Java HotSpot(TM) Client VM (25.101-b13 mixed mode windows-x86 )
# Problematic frame:
# V  [jvm.dll+0xa5a78]
#
# Failed to write core dump. Minidumps are not enabled by default on client versions of Windows
#
# If you would like to submit a bug report, please visit:
#   http://bugreport.java.com/bugreport/crash.jsp
#

---------------  T H R E A D  ---------------

Current thread (0x443da800):  VMThread [stack: 0x03d40000,0x03d90000] [id=4460]

siginfo: ExceptionCode=0xc0000005, reading address 0x00000074

Registers:
EAX=0x00000000, EBX=0x03d8f794, ECX=0x44296390, EDX=0x3ffffffe
ESP=0x03d8f748, EBP=0x03d8f770, ESI=0x3518bdf0, EDI=0x354a40d8
EIP=0x51815a78, EFLAGS=0x00010246

Top of Stack: (sp=0x03d8f748)
0x03d8f748:   00554170 03d8f794 00000001 00554170
0x03d8f758:   43dffff8 3515c9d0 3518bdf0 1bb79408
0x03d8f768:   00000000 1e9034d8 03d8f784 51809ba2
0x03d8f778:   03d8f794 0054f210 0054f210 03d8f7a0
0x03d8f788:   518085ac 03d8f794 0054f210 00554050
0x03d8f798:   00554170 1e903600 03d8f88c 5180b4be
0x03d8f7a8:   443c8518 005c3230 00554050 51a4b934
0x03d8f7b8:   00000100 005c3230 00000000 06958fba 

Instructions: (pc=0x51815a78)
0x51815a58:   d3 e3 4a c1 f8 10 25 ff 00 00 00 03 da 03 c3 8b
0x51815a68:   5d 08 f7 d2 c1 e8 02 c1 ea 02 23 c2 eb 08 8b 01
0x51815a78:   8b 50 74 57 ff d2 8d 3c 87 3b 7d e8 73 09 8b 07
0x51815a88:   83 e0 03 3c 03 75 a6 83 7d f8 00 76 5f 3b 75 fc 


Register to memory mapping:

EAX=0x00000000 is an unknown value
EBX=0x03d8f794 is an unknown value
ECX=0x44296390 is pointing into metadata
EDX=
[error occurred during error reporting (printing register info), id 0xc0000005]

Stack: [0x03d40000,0x03d90000],  sp=0x03d8f748,  free space=317k
Native frames: (J=compiled Java code, j=interpreted, Vv=VM code, C=native code)
V  [jvm.dll+0xa5a78]
V  [jvm.dll+0x99ba2]
V  [jvm.dll+0x985ac]
V  [jvm.dll+0x9b4be]
V  [jvm.dll+0x9a27f]
V  [jvm.dll+0xa64b2]
V  [jvm.dll+0x98e73]
V  [jvm.dll+0x92e25]
V  [jvm.dll+0x1b81c6]
V  [jvm.dll+0x18292b]
V  [jvm.dll+0x181d31]
V  [jvm.dll+0x182147]
V  [jvm.dll+0x182342]
V  [jvm.dll+0x1c1ed6]
C  [msvcr100.dll+0x5c556]
C  [msvcr100.dll+0x5c600]
C  [kernel32.dll+0x51174]
C  [ntdll.dll+0x5b3f5]
C  [ntdll.dll+0x5b3c8]

VM_Operation (0x44e2ef68): GenCollectForAllocation, mode: safepoint, requested by thread 0x445bdc00


---------------  P R O C E S S  ---------------

Java Threads: ( => current thread )
  0x45a00c00 JavaThread "pool-1-thread-1" [_thread_blocked, id=628, stack(0x467f0000,0x46840000)]
  0x445bf000 JavaThread "pool-2-thread-4" [_thread_blocked, id=4768, stack(0x44e30000,0x44e80000)]
  0x445bdc00 JavaThread "pool-2-thread-3" [_thread_blocked, id=5600, stack(0x44de0000,0x44e30000)]
  0x44940800 JavaThread "pool-2-thread-2" [_thread_blocked, id=2528, stack(0x44d50000,0x44da0000)]
  0x44940400 JavaThread "pool-3-thread-1" [_thread_blocked, id=5188, stack(0x447d0000,0x44820000)]
  0x445b4400 JavaThread "pool-2-thread-1" [_thread_blocked, id=3736, stack(0x03cf0000,0x03d40000)]
  0x44420800 JavaThread "Service Thread" daemon [_thread_blocked, id=4052, stack(0x448d0000,0x44920000)]
  0x4442a400 JavaThread "C1 CompilerThread0" daemon [_thread_blocked, id=2692, stack(0x00fe0000,0x01030000)]
  0x44429000 JavaThread "Attach Listener" daemon [_thread_blocked, id=4500, stack(0x44630000,0x44680000)]
  0x44426000 JavaThread "Signal Dispatcher" daemon [_thread_blocked, id=4048, stack(0x03da0000,0x03df0000)]
  0x44406c00 JavaThread "Finalizer" daemon [_thread_blocked, id=3748, stack(0x446c0000,0x44710000)]
  0x443e0400 JavaThread "Reference Handler" daemon [_thread_blocked, id=5304, stack(0x445c0000,0x44610000)]
  0x0066bc00 JavaThread "main" [_thread_blocked, id=4288, stack(0x00200000,0x00250000)]

Other Threads:
=>0x443da800 VMThread [stack: 0x03d40000,0x03d90000] [id=4460]
  0x44422400 WatcherThread [stack: 0x44870000,0x448c0000] [id=4348]

VM state:at safepoint (normal execution)

VM Mutex/Monitor currently owned by a thread:  ([mutex/lock_event])
[0x0066a230] Threads_lock - owner thread: 0x443da800
[0x0066a640] Heap_lock - owner thread: 0x445bdc00

Heap:
 def new generation   total 314560K, used 314560K [0x03e00000, 0x19350000, 0x19350000)
  eden space 279616K, 100% used [0x03e00000, 0x14f10000, 0x14f10000)
  from space 34944K, 100% used [0x17130000, 0x19350000, 0x19350000)
  to   space 34944K,   0% used [0x14f10000, 0x14f10000, 0x17130000)
 tenured generation   total 699072K, used 699071K [0x19350000, 0x43e00000, 0x43e00000)
   the space 699072K,  99% used [0x19350000, 0x43dffff8, 0x1e903600, 0x43e00000)
 Metaspace       used 3580K, capacity 3598K, committed 3648K, reserved 4480K

Card table byte_map: [0x00dd0000,0x00fe0000] byte_map_base: 0x00db1000

Polling page: 0x00140000

CodeCache: size=32768Kb used=3785Kb max_used=3785Kb free=28982Kb
 bounds [0x01cb0000, 0x02068000, 0x03cb0000]
 total_blobs=1999 nmethods=1852 adapters=77
 compilation: enabled

Compilation events (10 events):
Event: 35.996 Thread 0x4442a400 1864             com.android.dx.dex.file.CatchStructs::<init> (30 bytes)
Event: 35.996 Thread 0x4442a400 nmethod 1864 0x02061f88 code [0x02062080, 0x02062150]
Event: 36.003 Thread 0x4442a400 1865             com.android.dx.cf.code.Simulator$SimVisitor::getPreviousOffset (5 bytes)
Event: 36.003 Thread 0x4442a400 nmethod 1865 0x02062188 code [0x02062280, 0x02062300]
Event: 36.003 Thread 0x4442a400 1866             com.android.dx.cf.code.Simulator$SimVisitor::visitNewarray (55 bytes)
Event: 36.004 Thread 0x4442a400 nmethod 1866 0x02062348 code [0x02062480, 0x02062674]
Event: 36.078 Thread 0x4442a400 1867             com.android.dx.cf.code.BasicBlocker::getPreviousOffset (5 bytes)
Event: 36.078 Thread 0x4442a400 nmethod 1867 0x02062848 code [0x02062940, 0x020629c0]
Event: 36.079 Thread 0x4442a400 1868             com.android.dx.cf.code.BasicBlocker::visitNewarray (15 bytes)
Event: 36.079 Thread 0x4442a400 nmethod 1868 0x02062a08 code [0x02062b20, 0x02062c28]

GC Heap History (10 events):
Event: 25.545 GC heap after
Heap after GC invocations=107 (full 12):
 def new generation   total 314560K, used 21863K [0x03e00000, 0x19350000, 0x19350000)
  eden space 279616K,   7% used [0x03e00000, 0x05359ce8, 0x14f10000)
  from space 34944K,   0% used [0x17130000, 0x17130000, 0x19350000)
  to   space 34944K,   0% used [0x14f10000, 0x14f10000, 0x17130000)
 tenured generation   total 699072K, used 699071K [0x19350000, 0x43e00000, 0x43e00000)
   the space 699072K,  99% used [0x19350000, 0x43dffd50, 0x43dffe00, 0x43e00000)
 Metaspace       used 3551K, capacity 3598K, committed 3648K, reserved 4480K
}
Event: 26.309 GC heap before
{Heap before GC invocations=107 (full 12):
 def new generation   total 314560K, used 314559K [0x03e00000, 0x19350000, 0x19350000)
  eden space 279616K, 100% used [0x03e00000, 0x14f10000, 0x14f10000)
  from space 34944K,  99% used [0x17130000, 0x1934fff8, 0x19350000)
  to   space 34944K,   0% used [0x14f10000, 0x14f10000, 0x17130000)
 tenured generation   total 699072K, used 699072K [0x19350000, 0x43e00000, 0x43e00000)
   the space 699072K, 100% used [0x19350000, 0x43e00000, 0x43e00000, 0x43e00000)
 Metaspace       used 3551K, capacity 3598K, committed 3648K, reserved 4480K
Event: 27.893 GC heap after
Heap after GC invocations=108 (full 13):
 def new generation   total 314560K, used 0K [0x03e00000, 0x19350000, 0x19350000)
  eden space 279616K,   0% used [0x03e00000, 0x03e00000, 0x14f10000)
  from space 34944K,   0% used [0x17130000, 0x17130000, 0x19350000)
  to   space 34944K,   0% used [0x14f10000, 0x14f10000, 0x17130000)
 tenured generation   total 699072K, used 661874K [0x19350000, 0x43e00000, 0x43e00000)
   the space 699072K,  94% used [0x19350000, 0x419acb38, 0x419acc00, 0x43e00000)
 Metaspace       used 3551K, capacity 3598K, committed 3648K, reserved 4480K
}
Event: 28.356 GC heap before
{Heap before GC invocations=108 (full 13):
 def new generation   total 314560K, used 279616K [0x03e00000, 0x19350000, 0x19350000)
  eden space 279616K, 100% used [0x03e00000, 0x14f10000, 0x14f10000)
  from space 34944K,   0% used [0x17130000, 0x17130000, 0x19350000)
  to   space 34944K,   0% used [0x14f10000, 0x14f10000, 0x17130000)
 tenured generation   total 699072K, used 661874K [0x19350000, 0x43e00000, 0x43e00000)
   the space 699072K,  94% used [0x19350000, 0x419acb38, 0x419acc00, 0x43e00000)
 Metaspace       used 3551K, capacity 3598K, committed 3648K, reserved 4480K
Event: 30.051 GC heap after
Heap after GC invocations=109 (full 14):
 def new generation   total 314560K, used 4437K [0x03e00000, 0x19350000, 0x19350000)
  eden space 279616K,   1% used [0x03e00000, 0x04255638, 0x14f10000)
  from space 34944K,   0% used [0x17130000, 0x17130000, 0x19350000)
  to   space 34944K,   0% used [0x14f10000, 0x14f10000, 0x17130000)
 tenured generation   total 699072K, used 699071K [0x19350000, 0x43e00000, 0x43e00000)
   the space 699072K,  99% used [0x19350000, 0x43dfffe8, 0x43e00000, 0x43e00000)
 Metaspace       used 3551K, capacity 3598K, committed 3648K, reserved 4480K
}
Event: 30.863 GC heap before
{Heap before GC invocations=109 (full 14):
 def new generation   total 314560K, used 314560K [0x03e00000, 0x19350000, 0x19350000)
  eden space 279616K, 100% used [0x03e00000, 0x14f10000, 0x14f10000)
  from space 34944K, 100% used [0x17130000, 0x19350000, 0x19350000)
  to   space 34944K,   0% used [0x14f10000, 0x14f10000, 0x17130000)
 tenured generation   total 699072K, used 699072K [0x19350000, 0x43e00000, 0x43e00000)
   the space 699072K, 100% used [0x19350000, 0x43e00000, 0x43e00000, 0x43e00000)
 Metaspace       used 3570K, capacity 3598K, committed 3648K, reserved 4480K
Event: 32.650 GC heap after
Heap after GC invocations=110 (full 15):
 def new generation   total 314560K, used 49858K [0x03e00000, 0x19350000, 0x19350000)
  eden space 279616K,  17% used [0x03e00000, 0x06eb0b20, 0x14f10000)
  from space 34944K,   0% used [0x17130000, 0x17130000, 0x19350000)
  to   space 34944K,   0% used [0x14f10000, 0x14f10000, 0x17130000)
 tenured generation   total 699072K, used 699072K [0x19350000, 0x43e00000, 0x43e00000)
   the space 699072K, 100% used [0x19350000, 0x43e00000, 0x43e00000, 0x43e00000)
 Metaspace       used 3570K, capacity 3598K, committed 3648K, reserved 4480K
}
Event: 33.347 GC heap before
{Heap before GC invocations=110 (full 15):
 def new generation   total 314560K, used 314560K [0x03e00000, 0x19350000, 0x19350000)
  eden space 279616K, 100% used [0x03e00000, 0x14f10000, 0x14f10000)
  from space 34944K, 100% used [0x17130000, 0x19350000, 0x19350000)
  to   space 34944K,   0% used [0x14f10000, 0x14f10000, 0x17130000)
 tenured generation   total 699072K, used 699072K [0x19350000, 0x43e00000, 0x43e00000)
   the space 699072K, 100% used [0x19350000, 0x43e00000, 0x43e00000, 0x43e00000)
 Metaspace       used 3580K, capacity 3598K, committed 3648K, reserved 4480K
Event: 35.620 GC heap after
Heap after GC invocations=111 (full 16):
 def new generation   total 314560K, used 64416K [0x03e00000, 0x19350000, 0x19350000)
  eden space 279616K,  23% used [0x03e00000, 0x07ce8260, 0x14f10000)
  from space 34944K,   0% used [0x17130000, 0x17130000, 0x19350000)
  to   space 34944K,   0% used [0x14f10000, 0x14f10000, 0x17130000)
 tenured generation   total 699072K, used 699071K [0x19350000, 0x43e00000, 0x43e00000)
   the space 699072K,  99% used [0x19350000, 0x43dffdf0, 0x43dffe00, 0x43e00000)
 Metaspace       used 3580K, capacity 3598K, committed 3648K, reserved 4480K
}
Event: 36.360 GC heap before
{Heap before GC invocations=111 (full 16):
 def new generation   total 314560K, used 314560K [0x03e00000, 0x19350000, 0x19350000)
  eden space 279616K, 100% used [0x03e00000, 0x14f10000, 0x14f10000)
  from space 34944K, 100% used [0x17130000, 0x19350000, 0x19350000)
  to   space 34944K,   0% used [0x14f10000, 0x14f10000, 0x17130000)
 tenured generation   total 699072K, used 699071K [0x19350000, 0x43e00000, 0x43e00000)
   the space 699072K,  99% used [0x19350000, 0x43dffff8, 0x43e00000, 0x43e00000)
 Metaspace       used 3580K, capacity 3598K, committed 3648K, reserved 4480K

Deoptimization events (0 events):
No events

Internal exceptions (6 events):
Event: 0.024 Thread 0x0066bc00 Exception <a 'java/lang/NoSuchMethodError': Method sun.misc.Unsafe.defineClass(Ljava/lang/String;[BII)Ljava/lang/Class; name or signature does not match> (0x03e06ea8) thrown at [C:\re\workspace\8-2-build-windows-i586-cygwin\jdk8u101\7261\hotspot\src\share\ŒZïaÔ˜?
Event: 0.024 Thread 0x0066bc00 Exception <a 'java/lang/NoSuchMethodError': Method sun.misc.Unsafe.prefetchRead(Ljava/lang/Object;J)V name or signature does not match> (0x03e07178) thrown at [C:\re\workspace\8-2-build-windows-i586-cygwin\jdk8u101\7261\hotspot\src\share\vm\prims\jni.cpp, ŽUt°ë?
Event: 0.845 Thread 0x445bf000 Exception <a 'java/lang/ArrayIndexOutOfBoundsException': 18> (0x03e2e7f8) thrown at [C:\re\workspace\8-2-build-windows-i586-cygwin\jdk8u101\7261\hotspot\src\share\vm\interpreter\interpreterRuntime.cpp, line 366]
Event: 0.845 Thread 0x445bf000 Exception <a 'java/lang/ArrayIndexOutOfBoundsException': 145> (0x03e83d30) thrown at [C:\re\workspace\8-2-build-windows-i586-cygwin\jdk8u101\7261\hotspot\src\share\vm\interpreter\interpreterRuntime.cpp, line 366]
Event: 0.845 Thread 0x445bf000 Exception <a 'java/lang/ArrayIndexOutOfBoundsException': 40> (0x03e84e10) thrown at [C:\re\workspace\8-2-build-windows-i586-cygwin\jdk8u101\7261\hotspot\src\share\vm\interpreter\interpreterRuntime.cpp, line 366]
Event: 36.095 Thread 0x45a00c00 Exception <a 'java/lang/ClassCastException'> (0x1328aff0) thrown at [C:\re\workspace\8-2-build-windows-i586-cygwin\jdk8u101\7261\hotspot\src\share\vm\runtime\sharedRuntime.cpp, line 605]

Events (10 events):
Event: 32.650 Executing VM operation: GenCollectForAllocation done
Event: 32.706 loading class java/util/HashMap$KeySet
Event: 32.706 loading class java/util/HashMap$KeySet done
Event: 32.706 loading class java/util/HashMap$KeyIterator
Event: 32.706 loading class java/util/HashMap$KeyIterator done
Event: 32.736 loading class com/android/dx/dex/file/CatchStructs
Event: 32.736 loading class com/android/dx/dex/file/CatchStructs done
Event: 33.346 Executing VM operation: GenCollectForAllocation
Event: 35.620 Executing VM operation: GenCollectForAllocation done
Event: 36.360 Executing VM operation: GenCollectForAllocation


Dynamic libraries:
0x01070000 - 0x010a3000 	C:\Program Files\Java\jdk1.8.0_101\bin\java.exe
0x76f00000 - 0x7703c000 	C:\Windows\SYSTEM32\ntdll.dll
0x755f0000 - 0x756c4000 	C:\Windows\system32\kernel32.dll
0x751f0000 - 0x7523a000 	C:\Windows\system32\KERNELBASE.dll
0x753a0000 - 0x75440000 	C:\Windows\system32\ADVAPI32.dll
0x76520000 - 0x765cc000 	C:\Windows\system32\msvcrt.dll
0x75370000 - 0x75389000 	C:\Windows\SYSTEM32\sechost.dll
0x76470000 - 0x76511000 	C:\Windows\system32\RPCRT4.dll
0x756d0000 - 0x75799000 	C:\Windows\system32\USER32.dll
0x770e0000 - 0x7712e000 	C:\Windows\system32\GDI32.dll
0x75390000 - 0x7539a000 	C:\Windows\system32\LPK.dll
0x76b50000 - 0x76bed000 	C:\Windows\system32\USP10.dll
0x73dc0000 - 0x73f5e000 	C:\Windows\WinSxS\x86_microsoft.windows.common-controls_6595b64144ccf1df_6.0.7600.16385_none_421189da2b7fabfc\COMCTL32.dll
0x76af0000 - 0x76b47000 	C:\Windows\system32\SHLWAPI.dll
0x77040000 - 0x7705f000 	C:\Windows\system32\IMM32.DLL
0x76d30000 - 0x76dfc000 	C:\Windows\system32\MSCTF.dll
0x64db0000 - 0x64e6f000 	C:\Program Files\Java\jdk1.8.0_101\jre\bin\msvcr100.dll
0x51770000 - 0x51b3c000 	C:\Program Files\Java\jdk1.8.0_101\jre\bin\client\jvm.dll
0x70810000 - 0x70817000 	C:\Windows\system32\WSOCK32.dll
0x75440000 - 0x75475000 	C:\Windows\system32\WS2_32.dll
0x75350000 - 0x75356000 	C:\Windows\system32\NSI.dll
0x707c0000 - 0x707f2000 	C:\Windows\system32\WINMM.dll
0x74550000 - 0x74559000 	C:\Windows\system32\VERSION.dll
0x75360000 - 0x75365000 	C:\Windows\system32\PSAPI.DLL
0x720f0000 - 0x720fc000 	C:\Program Files\Java\jdk1.8.0_101\jre\bin\verify.dll
0x72070000 - 0x72091000 	C:\Program Files\Java\jdk1.8.0_101\jre\bin\java.dll
0x720b0000 - 0x720c3000 	C:\Program Files\Java\jdk1.8.0_101\jre\bin\zip.dll
0x75820000 - 0x76469000 	C:\Windows\system32\SHELL32.dll
0x75490000 - 0x755ec000 	C:\Windows\system32\ole32.dll
0x75050000 - 0x7505b000 	C:\Windows\system32\profapi.dll
0x72db0000 - 0x72e9b000 	C:\Windows\system32\dbghelp.dll

VM Arguments:
jvm_args: -Djava.awt.headless=true -Xmx1024M -Dfile.encoding=windows-1252 -Duser.country=US -Duser.language=en -Duser.variant 
java_command: com.android.dx.command.Main --dex --num-threads=4 --multi-dex --main-dex-list E:\SandeepProjectResources\MobipugNew\Mobipug27.10.18\MobipugSource\app\build\intermediates\multi-dex\debug\maindexlist.txt --output E:\SandeepProjectResources\MobipugNew\Mobipug27.10.18\MobipugSource\app\build\intermediates\transforms\dex\debug\folders\1000\1f\main E:\SandeepProjectResources\MobipugNew\Mobipug27.10.18\MobipugSource\app\build\intermediates\transforms\jarMerging\debug\jars\1\1f\combined.jar
java_class_path (initial): C:\Users\android-4\AppData\Local\Android\Sdk\build-tools\26.0.2\lib\dx.jar
Launcher Type: SUN_STANDARD

Environment Variables:
PATH=C:\ProgramData\Oracle\Java\javapath;C:\Windows\system32;C:\Windows;C:\Windows\System32\Wbem;C:\Windows\System32\WindowsPowerShell\v1.0\;C:\Program Files\Intel\OpenCL SDK\2.0\bin\x86;C:\Program Files\Skype\Phone\
USERNAME=android-4
OS=Windows_NT
PROCESSOR_IDENTIFIER=x86 Family 6 Model 42 Stepping 7, GenuineIntel



---------------  S Y S T E M  ---------------

OS: Windows 7 Build 7600 (6.1.7600.16385)

CPU:total 4 (2 cores per cpu, 2 threads per core) family 6 model 42 stepping 7, cmov, cx8, fxsr, mmx, sse, sse2, sse3, ssse3, sse4.1, sse4.2, popcnt, clmul, ht, tsc, tscinvbit

Memory: 4k page, physical 3578328k(359640k free), swap 24056564k(19628516k free)

vm_info: Java HotSpot(TM) Client VM (25.101-b13) for windows-x86 JRE (1.8.0_101-b13), built on Jun 22 2016 00:45:44 by "java_re" with MS VC++ 10.0 (VS2010)

time: Sat Nov 10 16:48:41 2018
elapsed time: 36 seconds (0d 0h 0m 36s)

