#
# A fatal error has been detected by the Java Runtime Environment:
#
#  EXCEPTION_ACCESS_VIOLATION (0xc0000005) at pc=0x52d1fa77, pid=5396, tid=0x00000078
#
# JRE version: Java(TM) SE Runtime Environment (8.0_101-b13) (build 1.8.0_101-b13)
# Java VM: Java HotSpot(TM) Client VM (25.101-b13 mixed mode windows-x86 )
# Problematic frame:
# V  [jvm.dll+0xbfa77]
#
# Failed to write core dump. Minidumps are not enabled by default on client versions of Windows
#
# If you would like to submit a bug report, please visit:
#   http://bugreport.java.com/bugreport/crash.jsp
#

---------------  T H R E A D  ---------------

Current thread (0x443ea800):  VMThread [stack: 0x44660000,0x446b0000] [id=120]

siginfo: ExceptionCode=0xc0000005, reading address 0x00000060

Registers:
EAX=0x230d2558, EBX=0x239120dc, ECX=0x00000000, EDX=0x00000000
ESP=0x446af128, EBP=0x446af148, ESI=0x239120e8, EDI=0x235cf808
EIP=0x52d1fa77, EFLAGS=0x00010293

Top of Stack: (sp=0x446af128)
0x446af128:   52fc94cc 445a85d4 445a85d0 4422dc00
0x446af138:   239120e8 00000003 191baba0 4422dbf8
0x446af148:   446af168 52e14db1 239120d0 52fc94cc
0x446af158:   445a85d0 445a85d4 52fc94cc 445a85d0
0x446af168:   446af174 52e14fac 00000003 446af190
0x446af178:   52db883a 445a85d0 445c3400 52fc94cc
0x446af188:   00000000 445b09d8 446af378 52dd9eef
0x446af198:   52fc94cc 00000002 445c3400 00000000 

Instructions: (pc=0x52d1fa77)
0x52d1fa57:   80 3d b4 84 fb 52 00 75 0a 8b d0 80 e2 07 80 fa
0x52d1fa67:   01 eb 1b 8b c8 83 e1 07 83 f9 05 74 24 8b 57 04
0x52d1fa77:   8b 52 60 83 e2 07 80 fa 05 74 0c 83 f9 01 75 07
0x52d1fa87:   a9 80 ff ff ff 74 0a 50 57 e8 fb 4f 0f 00 83 c4 


Register to memory mapping:

EAX=0x230d2558 is an oop
com.android.dx.rop.cst.CstString 
 - klass: 'com/android/dx/rop/cst/CstString'
EBX=0x239120dc is pointing into object: 0x239120d0
com.android.dx.rop.code.PlainInsn 
 - klass: 'com/android/dx/rop/code/PlainInsn'
ECX=0x00000000 is an unknown value
EDX=0x00000000 is an unknown value
ESP=0x446af128 is an unknown value
EBP=0x446af148 is an unknown value
ESI=0x239120e8 is an oop
com.android.dx.rop.code.ThrowingCstInsn 
 - klass: 'com/android/dx/rop/code/ThrowingCstInsn'
EDI=0x235cf808 is pointing into object: 0x235cf7f8
com.android.dx.rop.code.SourcePosition 
 - klass: 'com/android/dx/rop/code/SourcePosition'


Stack: [0x44660000,0x446b0000],  sp=0x446af128,  free space=316k
Native frames: (J=compiled Java code, j=interpreted, Vv=VM code, C=native code)
V  [jvm.dll+0xbfa77]
V  [jvm.dll+0x1b4db1]
V  [jvm.dll+0x1b4fac]
V  [jvm.dll+0x15883a]
V  [jvm.dll+0x179eef]
V  [jvm.dll+0x1789ea]
V  [jvm.dll+0x97fb0]
V  [jvm.dll+0x992a1]
V  [jvm.dll+0x9b020]
V  [jvm.dll+0x9b489]
V  [jvm.dll+0x9a27f]
V  [jvm.dll+0xa64b2]
V  [jvm.dll+0x98e73]
V  [jvm.dll+0x92e25]
V  [jvm.dll+0x1b81c6]
V  [jvm.dll+0x18292b]
V  [jvm.dll+0x181d31]
V  [jvm.dll+0x182147]
V  [jvm.dll+0x182342]
V  [jvm.dll+0x1c1ed6]
C  [msvcr100.dll+0x5c556]
C  [msvcr100.dll+0x5c600]
C  [kernel32.dll+0x51174]
C  [ntdll.dll+0x5b3f5]
C  [ntdll.dll+0x5b3c8]

VM_Operation (0x44b9eae8): GenCollectForAllocation, mode: safepoint, requested by thread 0x44584000


---------------  P R O C E S S  ---------------

Java Threads: ( => current thread )
  0x445c3400 JavaThread "pool-2-thread-4" [_thread_blocked, id=2432, stack(0x03bb0000,0x03c00000)]
  0x445ae000 JavaThread "pool-2-thread-3" [_thread_blocked, id=3648, stack(0x44ab0000,0x44b00000)]
  0x44585000 JavaThread "pool-2-thread-2" [_thread_blocked, id=4748, stack(0x01550000,0x015a0000)]
  0x44584c00 JavaThread "pool-3-thread-1" [_thread_blocked, id=5080, stack(0x44610000,0x44660000)]
  0x44584000 JavaThread "pool-2-thread-1" [_thread_blocked, id=4788, stack(0x44b50000,0x44ba0000)]
  0x4444dc00 JavaThread "Service Thread" daemon [_thread_blocked, id=4972, stack(0x449a0000,0x449f0000)]
  0x4443a400 JavaThread "C1 CompilerThread0" daemon [_thread_blocked, id=5496, stack(0x44830000,0x44880000)]
  0x44439000 JavaThread "Attach Listener" daemon [_thread_blocked, id=2156, stack(0x03b60000,0x03bb0000)]
  0x44436000 JavaThread "Signal Dispatcher" daemon [_thread_blocked, id=5908, stack(0x448b0000,0x44900000)]
  0x44416c00 JavaThread "Finalizer" daemon [_thread_blocked, id=2036, stack(0x44790000,0x447e0000)]
  0x443f0400 JavaThread "Reference Handler" daemon [_thread_blocked, id=6056, stack(0x03b00000,0x03b50000)]
  0x011abc00 JavaThread "main" [_thread_blocked, id=4568, stack(0x01150000,0x011a0000)]

Other Threads:
=>0x443ea800 VMThread [stack: 0x44660000,0x446b0000] [id=120]
  0x44431000 WatcherThread [stack: 0x44a20000,0x44a70000] [id=2728]

VM state:at safepoint (normal execution)

VM Mutex/Monitor currently owned by a thread:  ([mutex/lock_event])
[0x011aa230] Threads_lock - owner thread: 0x443ea800
[0x011aa640] Heap_lock - owner thread: 0x44584000

Heap:
 def new generation   total 314560K, used 314559K [0x03c00000, 0x19150000, 0x19150000)
  eden space 279616K, 100% used [0x03c00000, 0x14d10000, 0x14d10000)
  from space 34944K,  99% used [0x14d10000, 0x16f2fff8, 0x16f30000)
  to   space 34944K,   0% used [0x16f30000, 0x16f30000, 0x19150000)
 tenured generation   total 699072K, used 654271K [0x19150000, 0x43c00000, 0x43c00000)
   the space 699072K,  93% used [0x19150000, 0x4103fdc8, 0x4103fe00, 0x43c00000)
 Metaspace       used 3551K, capacity 3598K, committed 3648K, reserved 4480K

Card table byte_map: [0x43c00000,0x43e10000] byte_map_base: 0x43be2000

Polling page: 0x001a0000

CodeCache: size=32768Kb used=3651Kb max_used=3651Kb free=29116Kb
 bounds [0x01ab0000, 0x01e48000, 0x03ab0000]
 total_blobs=1893 nmethods=1746 adapters=77
 compilation: enabled

Compilation events (10 events):
Event: 22.285 Thread 0x4443a400 1745             com.android.dx.util.BitIntSet$1::<init> (25 bytes)
Event: 22.285 Thread 0x4443a400 nmethod 1745 0x01e3cec8 code [0x01e3cfd0, 0x01e3d08c]
Event: 22.485 Thread 0x4443a400 1746             com.android.dx.ssa.back.RegisterAllocator::insertMoveBefore (240 bytes)
Event: 22.487 Thread 0x4443a400 nmethod 1746 0x01e3d148 code [0x01e3d3f0, 0x01e3df3c]
Event: 22.623 Thread 0x4443a400 1747             com.android.dx.util.Bits::bitCount (29 bytes)
Event: 22.625 Thread 0x4443a400 nmethod 1747 0x01e3f388 code [0x01e3f490, 0x01e3f56c]
Event: 22.625 Thread 0x4443a400 1748             java.util.HashMap$TreeNode::putTreeVal (314 bytes)
Event: 22.627 Thread 0x4443a400 nmethod 1748 0x01e3f648 code [0x01e3f7e0, 0x01e3fc7c]
Event: 22.661 Thread 0x4443a400 1749             com.android.dx.ssa.back.FirstFitLocalCombiningAllocator::ssaSetToSpecs (57 bytes)
Event: 22.662 Thread 0x4443a400 nmethod 1749 0x01e40208 code [0x01e403a0, 0x01e4078c]

GC Heap History (10 events):
Event: 17.120 GC heap after
Heap after GC invocations=97 (full 7):
 def new generation   total 226368K, used 25152K [0x03c00000, 0x131a0000, 0x19150000)
  eden space 201216K,   0% used [0x03c00000, 0x03c00000, 0x10080000)
  from space 25152K, 100% used [0x10080000, 0x11910000, 0x11910000)
  to   space 25152K,   0% used [0x11910000, 0x11910000, 0x131a0000)
 tenured generation   total 502968K, used 458280K [0x19150000, 0x37c7e000, 0x43c00000)
   the space 502968K,  91% used [0x19150000, 0x350da070, 0x350da200, 0x37c7e000)
 Metaspace       used 3547K, capacity 3598K, committed 3648K, reserved 4480K
}
Event: 17.582 GC heap before
{Heap before GC invocations=97 (full 7):
 def new generation   total 226368K, used 226368K [0x03c00000, 0x131a0000, 0x19150000)
  eden space 201216K, 100% used [0x03c00000, 0x10080000, 0x10080000)
  from space 25152K, 100% used [0x10080000, 0x11910000, 0x11910000)
  to   space 25152K,   0% used [0x11910000, 0x11910000, 0x131a0000)
 tenured generation   total 502968K, used 458280K [0x19150000, 0x37c7e000, 0x43c00000)
   the space 502968K,  91% used [0x19150000, 0x350da070, 0x350da200, 0x37c7e000)
 Metaspace       used 3547K, capacity 3598K, committed 3648K, reserved 4480K
Event: 17.709 GC heap after
Heap after GC invocations=98 (full 7):
 def new generation   total 226368K, used 25151K [0x03c00000, 0x131a0000, 0x19150000)
  eden space 201216K,   0% used [0x03c00000, 0x03c00000, 0x10080000)
  from space 25152K,  99% used [0x11910000, 0x1319fff8, 0x131a0000)
  to   space 25152K,   0% used [0x10080000, 0x10080000, 0x11910000)
 tenured generation   total 502968K, used 486042K [0x19150000, 0x37c7e000, 0x43c00000)
   the space 502968K,  96% used [0x19150000, 0x36bf6ae0, 0x36bf6c00, 0x37c7e000)
 Metaspace       used 3547K, capacity 3598K, committed 3648K, reserved 4480K
}
Event: 18.186 GC heap before
{Heap before GC invocations=98 (full 7):
 def new generation   total 226368K, used 226367K [0x03c00000, 0x131a0000, 0x19150000)
  eden space 201216K, 100% used [0x03c00000, 0x10080000, 0x10080000)
  from space 25152K,  99% used [0x11910000, 0x1319fff8, 0x131a0000)
  to   space 25152K,   0% used [0x10080000, 0x10080000, 0x11910000)
 tenured generation   total 502968K, used 486042K [0x19150000, 0x37c7e000, 0x43c00000)
   the space 502968K,  96% used [0x19150000, 0x36bf6ae0, 0x36bf6c00, 0x37c7e000)
 Metaspace       used 3547K, capacity 3598K, committed 3648K, reserved 4480K
Event: 19.822 GC heap after
Heap after GC invocations=99 (full 8):
 def new generation   total 314560K, used 6923K [0x03c00000, 0x19150000, 0x19150000)
  eden space 279616K,   2% used [0x03c00000, 0x042c2f70, 0x14d10000)
  from space 34944K,   0% used [0x14d10000, 0x14d10000, 0x16f30000)
  to   space 34944K,   0% used [0x16f30000, 0x16f30000, 0x19150000)
 tenured generation   total 699072K, used 517431K [0x19150000, 0x43c00000, 0x43c00000)
   the space 699072K,  74% used [0x19150000, 0x38a9dff0, 0x38a9e000, 0x43c00000)
 Metaspace       used 3547K, capacity 3598K, committed 3648K, reserved 4480K
}
Event: 21.599 GC heap before
{Heap before GC invocations=99 (full 8):
 def new generation   total 314560K, used 279616K [0x03c00000, 0x19150000, 0x19150000)
  eden space 279616K, 100% used [0x03c00000, 0x14d10000, 0x14d10000)
  from space 34944K,   0% used [0x14d10000, 0x14d10000, 0x16f30000)
  to   space 34944K,   0% used [0x16f30000, 0x16f30000, 0x19150000)
 tenured generation   total 699072K, used 517431K [0x19150000, 0x43c00000, 0x43c00000)
   the space 699072K,  74% used [0x19150000, 0x38a9dff0, 0x38a9e000, 0x43c00000)
 Metaspace       used 3547K, capacity 3598K, committed 3648K, reserved 4480K
Event: 22.012 GC heap after
Heap after GC invocations=100 (full 8):
 def new generation   total 314560K, used 34943K [0x03c00000, 0x19150000, 0x19150000)
  eden space 279616K,   0% used [0x03c00000, 0x03c00000, 0x14d10000)
  from space 34944K,  99% used [0x16f30000, 0x1914fff8, 0x19150000)
  to   space 34944K,   0% used [0x14d10000, 0x14d10000, 0x16f30000)
 tenured generation   total 699072K, used 610432K [0x19150000, 0x43c00000, 0x43c00000)
   the space 699072K,  87% used [0x19150000, 0x3e570350, 0x3e570400, 0x43c00000)
 Metaspace       used 3547K, capacity 3598K, committed 3648K, reserved 4480K
}
Event: 22.936 GC heap before
{Heap before GC invocations=100 (full 8):
 def new generation   total 314560K, used 314559K [0x03c00000, 0x19150000, 0x19150000)
  eden space 279616K, 100% used [0x03c00000, 0x14d10000, 0x14d10000)
  from space 34944K,  99% used [0x16f30000, 0x1914fff8, 0x19150000)
  to   space 34944K,   0% used [0x14d10000, 0x14d10000, 0x16f30000)
 tenured generation   total 699072K, used 610432K [0x19150000, 0x43c00000, 0x43c00000)
   the space 699072K,  87% used [0x19150000, 0x3e570350, 0x3e570400, 0x43c00000)
 Metaspace       used 3551K, capacity 3598K, committed 3648K, reserved 4480K
Event: 23.151 GC heap after
Heap after GC invocations=101 (full 8):
 def new generation   total 314560K, used 34943K [0x03c00000, 0x19150000, 0x19150000)
  eden space 279616K,   0% used [0x03c00000, 0x03c00000, 0x14d10000)
  from space 34944K,  99% used [0x14d10000, 0x16f2fff8, 0x16f30000)
  to   space 34944K,   0% used [0x16f30000, 0x16f30000, 0x19150000)
 tenured generation   total 699072K, used 654271K [0x19150000, 0x43c00000, 0x43c00000)
   the space 699072K,  93% used [0x19150000, 0x4103fdc8, 0x4103fe00, 0x43c00000)
 Metaspace       used 3551K, capacity 3598K, committed 3648K, reserved 4480K
}
Event: 24.172 GC heap before
{Heap before GC invocations=101 (full 8):
 def new generation   total 314560K, used 314559K [0x03c00000, 0x19150000, 0x19150000)
  eden space 279616K, 100% used [0x03c00000, 0x14d10000, 0x14d10000)
  from space 34944K,  99% used [0x14d10000, 0x16f2fff8, 0x16f30000)
  to   space 34944K,   0% used [0x16f30000, 0x16f30000, 0x19150000)
 tenured generation   total 699072K, used 654271K [0x19150000, 0x43c00000, 0x43c00000)
   the space 699072K,  93% used [0x19150000, 0x4103fdc8, 0x4103fe00, 0x43c00000)
 Metaspace       used 3551K, capacity 3598K, committed 3648K, reserved 4480K

Deoptimization events (0 events):
No events

Internal exceptions (5 events):
Event: 2.489 Thread 0x011abc00 Exception <a 'java/lang/NoSuchMethodError': Method sun.misc.Unsafe.defineClass(Ljava/lang/String;[BII)Ljava/lang/Class; name or signature does not match> (0x03c06ea8) thrown at [C:\re\workspace\8-2-build-windows-i586-cygwin\jdk8u101\7261\hotspot\src\share\RëX@Þé@
Event: 2.489 Thread 0x011abc00 Exception <a 'java/lang/NoSuchMethodError': Method sun.misc.Unsafe.prefetchRead(Ljava/lang/Object;J)V name or signature does not match> (0x03c07178) thrown at [C:\re\workspace\8-2-build-windows-i586-cygwin\jdk8u101\7261\hotspot\src\share\vm\prims\jni.cpp, ê[n÷¤@
Event: 4.410 Thread 0x44585000 Exception <a 'java/lang/ArrayIndexOutOfBoundsException': 18> (0x04210628) thrown at [C:\re\workspace\8-2-build-windows-i586-cygwin\jdk8u101\7261\hotspot\src\share\vm\interpreter\interpreterRuntime.cpp, line 366]
Event: 4.410 Thread 0x44585000 Exception <a 'java/lang/ArrayIndexOutOfBoundsException': 145> (0x04226b70) thrown at [C:\re\workspace\8-2-build-windows-i586-cygwin\jdk8u101\7261\hotspot\src\share\vm\interpreter\interpreterRuntime.cpp, line 366]
Event: 4.415 Thread 0x44585000 Exception <a 'java/lang/ArrayIndexOutOfBoundsException': 40> (0x04227c50) thrown at [C:\re\workspace\8-2-build-windows-i586-cygwin\jdk8u101\7261\hotspot\src\share\vm\interpreter\interpreterRuntime.cpp, line 366]

Events (10 events):
Event: 22.031 loading class com/android/dx/util/ListIntSet done
Event: 22.031 Executing VM operation: Deoptimize
Event: 22.031 Executing VM operation: Deoptimize done
Event: 22.054 Thread 0x44584000 DEOPT PACKING pc=0x01bf9ed4 sp=0x44b9ede0
Event: 22.054 Thread 0x44584000 DEOPT UNPACKING pc=0x01aec5db sp=0x44b9ed08 mode 0
Event: 22.059 loading class com/android/dx/util/ListIntSet$1
Event: 22.059 loading class com/android/dx/util/ListIntSet$1 done
Event: 22.936 Executing VM operation: GenCollectForAllocation
Event: 23.151 Executing VM operation: GenCollectForAllocation done
Event: 24.172 Executing VM operation: GenCollectForAllocation


Dynamic libraries:
0x001d0000 - 0x00203000 	C:\Program Files\Java\jdk1.8.0_101\bin\java.exe
0x772a0000 - 0x773dc000 	C:\Windows\SYSTEM32\ntdll.dll
0x75b10000 - 0x75be4000 	C:\Windows\system32\kernel32.dll
0x75650000 - 0x7569a000 	C:\Windows\system32\KERNELBASE.dll
0x77410000 - 0x774b0000 	C:\Windows\system32\ADVAPI32.dll
0x771a0000 - 0x7724c000 	C:\Windows\system32\msvcrt.dll
0x774b0000 - 0x774c9000 	C:\Windows\SYSTEM32\sechost.dll
0x77010000 - 0x770b1000 	C:\Windows\system32\RPCRT4.dll
0x76ee0000 - 0x76fa9000 	C:\Windows\system32\USER32.dll
0x75e30000 - 0x75e7e000 	C:\Windows\system32\GDI32.dll
0x75a30000 - 0x75a3a000 	C:\Windows\system32\LPK.dll
0x77100000 - 0x7719d000 	C:\Windows\system32\USP10.dll
0x74160000 - 0x742fe000 	C:\Windows\WinSxS\x86_microsoft.windows.common-controls_6595b64144ccf1df_6.0.7600.16385_none_421189da2b7fabfc\COMCTL32.dll
0x759d0000 - 0x75a27000 	C:\Windows\system32\SHLWAPI.dll
0x773e0000 - 0x773ff000 	C:\Windows\system32\IMM32.DLL
0x75a40000 - 0x75b0c000 	C:\Windows\system32\MSCTF.dll
0x53030000 - 0x530ef000 	C:\Program Files\Java\jdk1.8.0_101\jre\bin\msvcr100.dll
0x52c60000 - 0x5302c000 	C:\Program Files\Java\jdk1.8.0_101\jre\bin\client\jvm.dll
0x70bb0000 - 0x70bb7000 	C:\Windows\system32\WSOCK32.dll
0x770c0000 - 0x770f5000 	C:\Windows\system32\WS2_32.dll
0x77400000 - 0x77406000 	C:\Windows\system32\NSI.dll
0x70b60000 - 0x70b92000 	C:\Windows\system32\WINMM.dll
0x748f0000 - 0x748f9000 	C:\Windows\system32\VERSION.dll
0x75c00000 - 0x75c05000 	C:\Windows\system32\PSAPI.DLL
0x65c60000 - 0x65c6c000 	C:\Program Files\Java\jdk1.8.0_101\jre\bin\verify.dll
0x65c30000 - 0x65c51000 	C:\Program Files\Java\jdk1.8.0_101\jre\bin\java.dll
0x65c10000 - 0x65c23000 	C:\Program Files\Java\jdk1.8.0_101\jre\bin\zip.dll
0x75f90000 - 0x76bd9000 	C:\Windows\system32\SHELL32.dll
0x75c10000 - 0x75d6c000 	C:\Windows\system32\ole32.dll
0x753f0000 - 0x753fb000 	C:\Windows\system32\profapi.dll
0x73150000 - 0x7323b000 	C:\Windows\system32\dbghelp.dll

VM Arguments:
jvm_args: -Djava.awt.headless=true -Xmx1024M -Dfile.encoding=windows-1252 -Duser.country=US -Duser.language=en -Duser.variant 
java_command: com.android.dx.command.Main --dex --num-threads=4 --multi-dex --main-dex-list E:\SandeepProjectResources\MobipugNew\Mobipug27.10.18\MobipugSource\app\build\intermediates\multi-dex\debug\maindexlist.txt --output E:\SandeepProjectResources\MobipugNew\Mobipug27.10.18\MobipugSource\app\build\intermediates\transforms\dex\debug\folders\1000\1f\main E:\SandeepProjectResources\MobipugNew\Mobipug27.10.18\MobipugSource\app\build\intermediates\transforms\jarMerging\debug\jars\1\1f\combined.jar
java_class_path (initial): C:\Users\android-4\AppData\Local\Android\Sdk\build-tools\26.0.2\lib\dx.jar
Launcher Type: SUN_STANDARD

Environment Variables:
PATH=C:\ProgramData\Oracle\Java\javapath;C:\Windows\system32;C:\Windows;C:\Windows\System32\Wbem;C:\Windows\System32\WindowsPowerShell\v1.0\;C:\Program Files\Intel\OpenCL SDK\2.0\bin\x86;C:\Program Files\Skype\Phone\
USERNAME=android-4
OS=Windows_NT
PROCESSOR_IDENTIFIER=x86 Family 6 Model 42 Stepping 7, GenuineIntel



---------------  S Y S T E M  ---------------

OS: Windows 7 Build 7600 (6.1.7600.16385)

CPU:total 4 (2 cores per cpu, 2 threads per core) family 6 model 42 stepping 7, cmov, cx8, fxsr, mmx, sse, sse2, sse3, ssse3, sse4.1, sse4.2, popcnt, clmul, ht, tsc, tscinvbit

Memory: 4k page, physical 3578328k(160380k free), swap 24056564k(18356316k free)

vm_info: Java HotSpot(TM) Client VM (25.101-b13) for windows-x86 JRE (1.8.0_101-b13), built on Jun 22 2016 00:45:44 by "java_re" with MS VC++ 10.0 (VS2010)

time: Tue Nov 13 17:35:48 2018
elapsed time: 26 seconds (0d 0h 0m 26s)

