#
# A fatal error has been detected by the Java Runtime Environment:
#
#  EXCEPTION_ACCESS_VIOLATION (0xc0000005) at pc=0x527c43fc, pid=5072, tid=0x000002d4
#
# JRE version: Java(TM) SE Runtime Environment (8.0_101-b13) (build 1.8.0_101-b13)
# Java VM: Java HotSpot(TM) Client VM (25.101-b13 mixed mode windows-x86 )
# Problematic frame:
# V  [jvm.dll+0x843fc]
#
# Failed to write core dump. Minidumps are not enabled by default on client versions of Windows
#
# If you would like to submit a bug report, please visit:
#   http://bugreport.java.com/bugreport/crash.jsp
#

---------------  T H R E A D  ---------------

Current thread (0x443f0400):  JavaThread "Reference Handler" daemon [_thread_in_vm, id=724, stack(0x44670000,0x446c0000)]

siginfo: ExceptionCode=0xc0000005, reading address 0x0000011c

Registers:
EAX=0x00000007, EBX=0x00749988, ECX=0x00000000, EDX=0x44014a40
ESP=0x446bf1a0, EBP=0x446bf1d4, ESI=0x00000000, EDI=0x443f0400
EIP=0x527c43fc, EFLAGS=0x00010217

Top of Stack: (sp=0x446bf1a0)
0x446bf1a0:   00749720 443f0400 00749988 440142b8
0x446bf1b0:   443f0400 43f71118 44014a40 446bf1e0
0x446bf1c0:   527c5c3d 446bf67c 00000000 00000000
0x446bf1d0:   00000007 446bf208 527c4e47 446bf700
0x446bf1e0:   44014690 443f0400 44014a40 443f0b5c
0x446bf1f0:   00000000 00000001 443f0400 443f0400
0x446bf200:   44014690 443f0400 446bf25c 527c58be
0x446bf210:   446bf700 443f0b5c 00000000 44014a40 

Instructions: (pc=0x527c43fc)
0x527c43dc:   83 ec 08 8d 55 0c 8b cc 52 e8 06 b6 f9 ff 8b 45
0x527c43ec:   14 50 e8 1d d6 ff ff 83 c4 0c 89 45 fc 8b 4d 1c
0x527c43fc:   8b 9c 81 00 01 00 00 89 7d f0 89 5d ec 3b de 74
0x527c440c:   22 8b b7 c8 00 00 00 8b 06 3b 46 04 75 08 50 8b 


Register to memory mapping:

EAX=0x00000007 is an unknown value
EBX=0x00749988 is an unknown value
ECX=0x00000000 is an unknown value
EDX=0x44014a40 is pointing into metadata
ESP=0x446bf1a0 is pointing into the stack for thread: 0x443f0400
EBP=0x446bf1d4 is pointing into the stack for thread: 0x443f0400
ESI=0x00000000 is an unknown value
EDI=0x443f0400 is a thread


Stack: [0x44670000,0x446c0000],  sp=0x446bf1a0,  free space=316k
Native frames: (J=compiled Java code, j=interpreted, Vv=VM code, C=native code)
V  [jvm.dll+0x843fc]
V  [jvm.dll+0x84e47]
V  [jvm.dll+0x858be]
V  [jvm.dll+0x85c3d]
V  [jvm.dll+0x16d5d2]
V  [jvm.dll+0x16df82]
V  [jvm.dll+0x16f3d9]
V  [jvm.dll+0x16f799]
v  ~RuntimeStub::ic_miss_stub
J 1296 C1 java.lang.ref.Reference.tryHandlePending(Z)Z (115 bytes) @ 0x01e7cf44 [0x01e7cc90+0x2b4]
j  java.lang.ref.Reference$ReferenceHandler.run()V+1
v  ~StubRoutines::call_stub
V  [jvm.dll+0x15a2e5]
V  [jvm.dll+0x21ff6e]
V  [jvm.dll+0x15a37e]
V  [jvm.dll+0x15a506]
V  [jvm.dll+0x15a577]
V  [jvm.dll+0xfe92f]
V  [jvm.dll+0x17d7dc]
V  [jvm.dll+0x17d8ca]
V  [jvm.dll+0x1c1ed6]
C  [msvcr100.dll+0x5c556]
C  [msvcr100.dll+0x5c600]
C  [kernel32.dll+0x51174]
C  [ntdll.dll+0x5b3f5]
C  [ntdll.dll+0x5b3c8]
C  0x00000000

Java frames: (J=compiled Java code, j=interpreted, Vv=VM code)
v  ~RuntimeStub::ic_miss_stub
J 1296 C1 java.lang.ref.Reference.tryHandlePending(Z)Z (115 bytes) @ 0x01e7cf44 [0x01e7cc90+0x2b4]
j  java.lang.ref.Reference$ReferenceHandler.run()V+1
v  ~StubRoutines::call_stub

---------------  P R O C E S S  ---------------

Java Threads: ( => current thread )
  0x456a0c00 JavaThread "pool-1-thread-1" [_thread_blocked, id=1856, stack(0x44ae0000,0x44b30000)]
  0x445cf400 JavaThread "pool-2-thread-4" [_thread_blocked, id=4164, stack(0x447c0000,0x44810000)]
  0x445ce800 JavaThread "pool-2-thread-3" [_thread_in_Java, id=212, stack(0x44bd0000,0x44c20000)]
  0x445cd400 JavaThread "pool-2-thread-2" [_thread_blocked, id=4796, stack(0x44c50000,0x44ca0000)]
  0x4459ac00 JavaThread "pool-3-thread-1" [_thread_blocked, id=4776, stack(0x44b30000,0x44b80000)]
  0x44598800 JavaThread "pool-2-thread-1" [_thread_blocked, id=5380, stack(0x44920000,0x44970000)]
  0x44432000 JavaThread "Service Thread" daemon [_thread_blocked, id=1112, stack(0x44a00000,0x44a50000)]
  0x44439c00 JavaThread "C1 CompilerThread0" daemon [_thread_blocked, id=4940, stack(0x44970000,0x449c0000)]
  0x44438c00 JavaThread "Attach Listener" daemon [_thread_blocked, id=4852, stack(0x44810000,0x44860000)]
  0x44436000 JavaThread "Signal Dispatcher" daemon [_thread_blocked, id=2512, stack(0x448a0000,0x448f0000)]
  0x44416c00 JavaThread "Finalizer" daemon [_thread_in_Java, id=5720, stack(0x44750000,0x447a0000)]
=>0x443f0400 JavaThread "Reference Handler" daemon [_thread_in_vm, id=724, stack(0x44670000,0x446c0000)]
  0x005fbc00 JavaThread "main" [_thread_blocked, id=6112, stack(0x01880000,0x018d0000)]

Other Threads:
  0x443ea800 VMThread [stack: 0x44600000,0x44650000] [id=4820]
  0x44433c00 WatcherThread [stack: 0x03bb0000,0x03c00000] [id=4324]

VM state:not at safepoint (normal execution)

VM Mutex/Monitor currently owned by a thread: None

Heap:
 def new generation   total 314560K, used 55448K [0x03c00000, 0x19150000, 0x19150000)
  eden space 279616K,  19% used [0x03c00000, 0x07226370, 0x14d10000)
  from space 34944K,   0% used [0x16f30000, 0x16f30000, 0x19150000)
  to   space 34944K,   0% used [0x14d10000, 0x14d10000, 0x16f30000)
 tenured generation   total 699072K, used 699071K [0x19150000, 0x43c00000, 0x43c00000)
   the space 699072K,  99% used [0x19150000, 0x43bfffe8, 0x43c00000, 0x43c00000)
 Metaspace       used 3579K, capacity 3598K, committed 3648K, reserved 4480K

Card table byte_map: [0x43c00000,0x43e10000] byte_map_base: 0x43be2000

Polling page: 0x001a0000

CodeCache: size=32768Kb used=3771Kb max_used=3771Kb free=28996Kb
 bounds [0x01ba0000, 0x01f50000, 0x03ba0000]
 total_blobs=1986 nmethods=1839 adapters=77
 compilation: enabled

Compilation events (10 events):
Event: 32.683 Thread 0x44439c00 1852             com.android.dx.dex.code.StdCatchBuilder::getCatchTypes (97 bytes)
Event: 32.684 Thread 0x44439c00 nmethod 1852 0x01f4d648 code [0x01f4d7d0, 0x01f4daa4]
Event: 32.809 Thread 0x44439c00 1853 %           com.android.dx.dex.file.MixedItemSection::prepare0 @ 23 (57 bytes)
Event: 32.810 Thread 0x44439c00 nmethod 1853% 0x01f4df88 code [0x01f4e0c0, 0x01f4e314]
Event: 32.985 Thread 0x44439c00 1854             com.android.dx.util.BitIntSet::elements (8 bytes)
Event: 32.985 Thread 0x44439c00 nmethod 1854 0x01f4e648 code [0x01f4e750, 0x01f4e82c]
Event: 33.191 Thread 0x44439c00 1855             com.android.dx.dex.code.RopTranslator$TranslationVisitor::addOutputSuffix (9 bytes)
Event: 33.192 Thread 0x44439c00 nmethod 1855 0x01f4e908 code [0x01f4ea20, 0x01f4eb7c]
Event: 33.192 Thread 0x44439c00 1856             com.android.dx.dex.code.OutputCollector::addSuffix (10 bytes)
Event: 33.192 Thread 0x44439c00 nmethod 1856 0x01f4ed88 code [0x01f4eea0, 0x01f4f00c]

GC Heap History (10 events):
Event: 23.908 GC heap before
{Heap before GC invocations=105 (full 11):
 def new generation   total 314560K, used 279616K [0x03c00000, 0x19150000, 0x19150000)
  eden space 279616K, 100% used [0x03c00000, 0x14d10000, 0x14d10000)
  from space 34944K,   0% used [0x16f30000, 0x16f30000, 0x19150000)
  to   space 34944K,   0% used [0x14d10000, 0x14d10000, 0x16f30000)
 tenured generation   total 699072K, used 662590K [0x19150000, 0x43c00000, 0x43c00000)
   the space 699072K,  94% used [0x19150000, 0x4185fa40, 0x4185fc00, 0x43c00000)
 Metaspace       used 3550K, capacity 3598K, committed 3648K, reserved 4480K
Event: 25.789 GC heap after
Heap after GC invocations=106 (full 12):
 def new generation   total 314560K, used 0K [0x03c00000, 0x19150000, 0x19150000)
  eden space 279616K,   0% used [0x03c00000, 0x03c00000, 0x14d10000)
  from space 34944K,   0% used [0x16f30000, 0x16f30000, 0x19150000)
  to   space 34944K,   0% used [0x14d10000, 0x14d10000, 0x16f30000)
 tenured generation   total 699072K, used 686917K [0x19150000, 0x43c00000, 0x43c00000)
   the space 699072K,  98% used [0x19150000, 0x43021420, 0x43021600, 0x43c00000)
 Metaspace       used 3550K, capacity 3598K, committed 3648K, reserved 4480K
}
Event: 26.388 GC heap before
{Heap before GC invocations=106 (full 12):
 def new generation   total 314560K, used 279616K [0x03c00000, 0x19150000, 0x19150000)
  eden space 279616K, 100% used [0x03c00000, 0x14d10000, 0x14d10000)
  from space 34944K,   0% used [0x16f30000, 0x16f30000, 0x19150000)
  to   space 34944K,   0% used [0x14d10000, 0x14d10000, 0x16f30000)
 tenured generation   total 699072K, used 686917K [0x19150000, 0x43c00000, 0x43c00000)
   the space 699072K,  98% used [0x19150000, 0x43021420, 0x43021600, 0x43c00000)
 Metaspace       used 3550K, capacity 3598K, committed 3648K, reserved 4480K
Event: 27.956 GC heap after
Heap after GC invocations=107 (full 13):
 def new generation   total 314560K, used 0K [0x03c00000, 0x19150000, 0x19150000)
  eden space 279616K,   0% used [0x03c00000, 0x03c00000, 0x14d10000)
  from space 34944K,   0% used [0x16f30000, 0x16f30000, 0x19150000)
  to   space 34944K,   0% used [0x14d10000, 0x14d10000, 0x16f30000)
 tenured generation   total 699072K, used 655820K [0x19150000, 0x43c00000, 0x43c00000)
   the space 699072K,  93% used [0x19150000, 0x411c30a0, 0x411c3200, 0x43c00000)
 Metaspace       used 3550K, capacity 3598K, committed 3648K, reserved 4480K
}
Event: 28.407 GC heap before
{Heap before GC invocations=107 (full 13):
 def new generation   total 314560K, used 279616K [0x03c00000, 0x19150000, 0x19150000)
  eden space 279616K, 100% used [0x03c00000, 0x14d10000, 0x14d10000)
  from space 34944K,   0% used [0x16f30000, 0x16f30000, 0x19150000)
  to   space 34944K,   0% used [0x14d10000, 0x14d10000, 0x16f30000)
 tenured generation   total 699072K, used 655820K [0x19150000, 0x43c00000, 0x43c00000)
   the space 699072K,  93% used [0x19150000, 0x411c30a0, 0x411c3200, 0x43c00000)
 Metaspace       used 3550K, capacity 3598K, committed 3648K, reserved 4480K
Event: 30.089 GC heap after
Heap after GC invocations=108 (full 14):
 def new generation   total 314560K, used 0K [0x03c00000, 0x19150000, 0x19150000)
  eden space 279616K,   0% used [0x03c00000, 0x03c00000, 0x14d10000)
  from space 34944K,   0% used [0x16f30000, 0x16f30000, 0x19150000)
  to   space 34944K,   0% used [0x14d10000, 0x14d10000, 0x16f30000)
 tenured generation   total 699072K, used 697245K [0x19150000, 0x43c00000, 0x43c00000)
   the space 699072K,  99% used [0x19150000, 0x43a37748, 0x43a37800, 0x43c00000)
 Metaspace       used 3550K, capacity 3598K, committed 3648K, reserved 4480K
}
Event: 30.677 GC heap before
{Heap before GC invocations=108 (full 14):
 def new generation   total 314560K, used 279616K [0x03c00000, 0x19150000, 0x19150000)
  eden space 279616K, 100% used [0x03c00000, 0x14d10000, 0x14d10000)
  from space 34944K,   0% used [0x16f30000, 0x16f30000, 0x19150000)
  to   space 34944K,   0% used [0x14d10000, 0x14d10000, 0x16f30000)
 tenured generation   total 699072K, used 697245K [0x19150000, 0x43c00000, 0x43c00000)
   the space 699072K,  99% used [0x19150000, 0x43a37748, 0x43a37800, 0x43c00000)
 Metaspace       used 3568K, capacity 3598K, committed 3648K, reserved 4480K
Event: 32.437 GC heap after
Heap after GC invocations=109 (full 15):
 def new generation   total 314560K, used 38782K [0x03c00000, 0x19150000, 0x19150000)
  eden space 279616K,  13% used [0x03c00000, 0x061df918, 0x14d10000)
  from space 34944K,   0% used [0x16f30000, 0x16f30000, 0x19150000)
  to   space 34944K,   0% used [0x14d10000, 0x14d10000, 0x16f30000)
 tenured generation   total 699072K, used 699071K [0x19150000, 0x43c00000, 0x43c00000)
   the space 699072K,  99% used [0x19150000, 0x43bfffd8, 0x43c00000, 0x43c00000)
 Metaspace       used 3568K, capacity 3598K, committed 3648K, reserved 4480K
}
Event: 33.276 GC heap before
{Heap before GC invocations=109 (full 15):
 def new generation   total 314560K, used 314560K [0x03c00000, 0x19150000, 0x19150000)
  eden space 279616K, 100% used [0x03c00000, 0x14d10000, 0x14d10000)
  from space 34944K, 100% used [0x16f30000, 0x19150000, 0x19150000)
  to   space 34944K,   0% used [0x14d10000, 0x14d10000, 0x16f30000)
 tenured generation   total 699072K, used 699072K [0x19150000, 0x43c00000, 0x43c00000)
   the space 699072K, 100% used [0x19150000, 0x43c00000, 0x43c00000, 0x43c00000)
 Metaspace       used 3578K, capacity 3598K, committed 3648K, reserved 4480K
Event: 35.550 GC heap after
Heap after GC invocations=110 (full 16):
 def new generation   total 314560K, used 52586K [0x03c00000, 0x19150000, 0x19150000)
  eden space 279616K,  18% used [0x03c00000, 0x06f5aa78, 0x14d10000)
  from space 34944K,   0% used [0x16f30000, 0x16f30000, 0x19150000)
  to   space 34944K,   0% used [0x14d10000, 0x14d10000, 0x16f30000)
 tenured generation   total 699072K, used 699071K [0x19150000, 0x43c00000, 0x43c00000)
   the space 699072K,  99% used [0x19150000, 0x43bfffe8, 0x43c00000, 0x43c00000)
 Metaspace       used 3578K, capacity 3598K, committed 3648K, reserved 4480K
}

Deoptimization events (0 events):
No events

Internal exceptions (5 events):
Event: 0.043 Thread 0x005fbc00 Exception <a 'java/lang/NoSuchMethodError': Method sun.misc.Unsafe.defineClass(Ljava/lang/String;[BII)Ljava/lang/Class; name or signature does not match> (0x03c06ea8) thrown at [C:\re\workspace\8-2-build-windows-i586-cygwin\jdk8u101\7261\hotspot\src\share\€z‡ÎÈö¥?
Event: 0.043 Thread 0x005fbc00 Exception <a 'java/lang/NoSuchMethodError': Method sun.misc.Unsafe.prefetchRead(Ljava/lang/Object;J)V name or signature does not match> (0x03c07178) thrown at [C:\re\workspace\8-2-build-windows-i586-cygwin\jdk8u101\7261\hotspot\src\share\vm\prims\jni.cpp, 0ÖÞ»ë?
Event: 0.867 Thread 0x445cd400 Exception <a 'java/lang/ArrayIndexOutOfBoundsException': 18> (0x042ebd60) thrown at [C:\re\workspace\8-2-build-windows-i586-cygwin\jdk8u101\7261\hotspot\src\share\vm\interpreter\interpreterRuntime.cpp, line 366]
Event: 0.867 Thread 0x445cd400 Exception <a 'java/lang/ArrayIndexOutOfBoundsException': 145> (0x042ed600) thrown at [C:\re\workspace\8-2-build-windows-i586-cygwin\jdk8u101\7261\hotspot\src\share\vm\interpreter\interpreterRuntime.cpp, line 366]
Event: 0.867 Thread 0x445cd400 Exception <a 'java/lang/ArrayIndexOutOfBoundsException': 40> (0x042ee6e0) thrown at [C:\re\workspace\8-2-build-windows-i586-cygwin\jdk8u101\7261\hotspot\src\share\vm\interpreter\interpreterRuntime.cpp, line 366]

Events (10 events):
Event: 30.677 Executing VM operation: GenCollectForAllocation
Event: 32.437 Executing VM operation: GenCollectForAllocation done
Event: 32.607 loading class java/util/HashMap$KeySet
Event: 32.627 loading class java/util/HashMap$KeySet done
Event: 32.627 loading class java/util/HashMap$KeyIterator
Event: 32.627 loading class java/util/HashMap$KeyIterator done
Event: 32.637 loading class com/android/dx/dex/file/CatchStructs
Event: 32.637 loading class com/android/dx/dex/file/CatchStructs done
Event: 33.276 Executing VM operation: GenCollectForAllocation
Event: 35.550 Executing VM operation: GenCollectForAllocation done


Dynamic libraries:
0x00820000 - 0x00853000 	C:\Program Files\Java\jdk1.8.0_101\bin\java.exe
0x77610000 - 0x7774c000 	C:\Windows\SYSTEM32\ntdll.dll
0x76310000 - 0x763e4000 	C:\Windows\system32\kernel32.dll
0x75a10000 - 0x75a5a000 	C:\Windows\system32\KERNELBASE.dll
0x75a60000 - 0x75b00000 	C:\Windows\system32\ADVAPI32.dll
0x76730000 - 0x767dc000 	C:\Windows\system32\msvcrt.dll
0x767e0000 - 0x767f9000 	C:\Windows\SYSTEM32\sechost.dll
0x76500000 - 0x765a1000 	C:\Windows\system32\RPCRT4.dll
0x77760000 - 0x77829000 	C:\Windows\system32\USER32.dll
0x762c0000 - 0x7630e000 	C:\Windows\system32\GDI32.dll
0x75dd0000 - 0x75dda000 	C:\Windows\system32\LPK.dll
0x76110000 - 0x761ad000 	C:\Windows\system32\USP10.dll
0x741d0000 - 0x7436e000 	C:\Windows\WinSxS\x86_microsoft.windows.common-controls_6595b64144ccf1df_6.0.7600.16385_none_421189da2b7fabfc\COMCTL32.dll
0x763f0000 - 0x76447000 	C:\Windows\system32\SHLWAPI.dll
0x764e0000 - 0x764ff000 	C:\Windows\system32\IMM32.DLL
0x75b00000 - 0x75bcc000 	C:\Windows\system32\MSCTF.dll
0x52b10000 - 0x52bcf000 	C:\Program Files\Java\jdk1.8.0_101\jre\bin\msvcr100.dll
0x52740000 - 0x52b0c000 	C:\Program Files\Java\jdk1.8.0_101\jre\bin\client\jvm.dll
0x70d00000 - 0x70d07000 	C:\Windows\system32\WSOCK32.dll
0x766f0000 - 0x76725000 	C:\Windows\system32\WS2_32.dll
0x77750000 - 0x77756000 	C:\Windows\system32\NSI.dll
0x70de0000 - 0x70e12000 	C:\Windows\system32\WINMM.dll
0x74c60000 - 0x74c69000 	C:\Windows\system32\VERSION.dll
0x77830000 - 0x77835000 	C:\Windows\system32\PSAPI.DLL
0x60b30000 - 0x60b3c000 	C:\Program Files\Java\jdk1.8.0_101\jre\bin\verify.dll
0x60b00000 - 0x60b21000 	C:\Program Files\Java\jdk1.8.0_101\jre\bin\java.dll
0x60ae0000 - 0x60af3000 	C:\Program Files\Java\jdk1.8.0_101\jre\bin\zip.dll
0x769c0000 - 0x77609000 	C:\Windows\system32\SHELL32.dll
0x76800000 - 0x7695c000 	C:\Windows\system32\ole32.dll
0x75760000 - 0x7576b000 	C:\Windows\system32\profapi.dll
0x73430000 - 0x7351b000 	C:\Windows\system32\dbghelp.dll

VM Arguments:
jvm_args: -Djava.awt.headless=true -Xmx1024M -Dfile.encoding=windows-1252 -Duser.country=US -Duser.language=en -Duser.variant 
java_command: com.android.dx.command.Main --dex --num-threads=4 --multi-dex --main-dex-list E:\SandeepProjectResources\MobipugNew\Mobipug27.10.18\MobipugSource\app\build\intermediates\multi-dex\debug\maindexlist.txt --output E:\SandeepProjectResources\MobipugNew\Mobipug27.10.18\MobipugSource\app\build\intermediates\transforms\dex\debug\folders\1000\1f\main E:\SandeepProjectResources\MobipugNew\Mobipug27.10.18\MobipugSource\app\build\intermediates\transforms\jarMerging\debug\jars\1\1f\combined.jar
java_class_path (initial): C:\Users\android-4\AppData\Local\Android\Sdk\build-tools\26.0.2\lib\dx.jar
Launcher Type: SUN_STANDARD

Environment Variables:
PATH=C:\ProgramData\Oracle\Java\javapath;C:\Windows\system32;C:\Windows;C:\Windows\System32\Wbem;C:\Windows\System32\WindowsPowerShell\v1.0\;C:\Program Files\Intel\OpenCL SDK\2.0\bin\x86;C:\Program Files\Skype\Phone\
USERNAME=android-4
OS=Windows_NT
PROCESSOR_IDENTIFIER=x86 Family 6 Model 42 Stepping 7, GenuineIntel



---------------  S Y S T E M  ---------------

OS: Windows 7 Build 7600 (6.1.7600.16385)

CPU:total 4 (2 cores per cpu, 2 threads per core) family 6 model 42 stepping 7, cmov, cx8, fxsr, mmx, sse, sse2, sse3, ssse3, sse4.1, sse4.2, popcnt, clmul, ht, tsc, tscinvbit

Memory: 4k page, physical 3578328k(311944k free), swap 24056564k(18707468k free)

vm_info: Java HotSpot(TM) Client VM (25.101-b13) for windows-x86 JRE (1.8.0_101-b13), built on Jun 22 2016 00:45:44 by "java_re" with MS VC++ 10.0 (VS2010)

time: Thu Nov 15 18:51:58 2018
elapsed time: 35 seconds (0d 0h 0m 35s)

