#
# A fatal error has been detected by the Java Runtime Environment:
#
#  EXCEPTION_ACCESS_VIOLATION (0xc0000005) at pc=0x64e955e4, pid=1912, tid=0x000011d4
#
# JRE version: Java(TM) SE Runtime Environment (8.0_101-b13) (build 1.8.0_101-b13)
# Java VM: Java HotSpot(TM) Client VM (25.101-b13 mixed mode windows-x86 )
# Problematic frame:
# V  [jvm.dll+0x955e4]
#
# Failed to write core dump. Minidumps are not enabled by default on client versions of Windows
#
# If you would like to submit a bug report, please visit:
#   http://bugreport.java.com/bugreport/crash.jsp
#

---------------  T H R E A D  ---------------

Current thread (0x443da800):  VMThread [stack: 0x44610000,0x44660000] [id=4564]

siginfo: ExceptionCode=0xc0000005, reading address 0x00000004

Registers:
EAX=0x00000004, EBX=0x11074502, ECX=0x0a9a9cc0, EDX=0x2297c0e8
ESP=0x4465f700, EBP=0x4465f710, ESI=0x00931c48, EDI=0x0a9ea8f8
EIP=0x64e955e4, EFLAGS=0x00010202

Top of Stack: (sp=0x4465f700)
0x4465f700:   4465f834 2297c0dc 4400d810 00931c48
0x4465f710:   4465f730 64ebafcc 0a9ea8f8 22a32948
0x4465f720:   2297c0d0 4465f834 4400d6d0 4400d818
0x4465f730:   4465f750 64ea518f 2297c0d0 2297c0e8
0x4465f740:   00934010 4465f834 0092f1d0 00934130
0x4465f750:   4465f764 64e9a531 4465f834 0092f224
0x4465f760:   00000001 4465f77c 64e98207 4465f834
0x4465f770:   0092f1d0 4465f874 00000000 4465f998 

Instructions: (pc=0x64e955e4)
0x64e955c4:   eb 02 c1 ea 02 23 da eb 0a 8b 01 8b 50 74 57 ff
0x64e955d4:   d2 8b d8 8b 07 f6 d0 a8 01 8b 07 74 05 83 e0 fd
0x64e955e4:   8b 00 c1 e8 03 83 e0 0f 3b 86 8c 00 00 00 73 15
0x64e955f4:   8b 8e c8 01 00 00 53 e8 70 fc 00 00 8b f0 85 f6 


Register to memory mapping:

EAX=0x00000004 is an unknown value
EBX=0x11074502 is an unallocated location in the heap
ECX=0x0a9a9cc0 is an oop
com.android.dx.rop.type.Type 
 - klass: 'com/android/dx/rop/type/Type'
EDX=0x2297c0e8 is an oop
java.util.HashMap$Node 
 - klass: 'java/util/HashMap$Node'
ESP=0x4465f700 is an unknown value
EBP=0x4465f710 is an unknown value
ESI=0x00931c48 is an unknown value
EDI=0x0a9ea8f8 is pointing into object: 0x0a9ea8f0
com.android.dx.rop.code.RegisterSpec 
 - klass: 'com/android/dx/rop/code/RegisterSpec'


Stack: [0x44610000,0x44660000],  sp=0x4465f700,  free space=317k
Native frames: (J=compiled Java code, j=interpreted, Vv=VM code, C=native code)
V  [jvm.dll+0x955e4]
V  [jvm.dll+0xbafcc]
V  [jvm.dll+0xa518f]
V  [jvm.dll+0x9a531]
V  [jvm.dll+0x98207]
V  [jvm.dll+0x941d7]
V  [jvm.dll+0x98e73]
V  [jvm.dll+0x92e25]
V  [jvm.dll+0x1b81c6]
V  [jvm.dll+0x18292b]
V  [jvm.dll+0x181d31]
V  [jvm.dll+0x182147]
V  [jvm.dll+0x182342]
V  [jvm.dll+0x1c1ed6]
C  [msvcr100.dll+0x5c556]
C  [msvcr100.dll+0x5c600]
C  [kernel32.dll+0x51174]
C  [ntdll.dll+0x5b3f5]
C  [ntdll.dll+0x5b3c8]

VM_Operation (0x44a1eca8): GenCollectForAllocation, mode: safepoint, requested by thread 0x44553800


---------------  P R O C E S S  ---------------

Java Threads: ( => current thread )
  0x4457e000 JavaThread "pool-2-thread-4" [_thread_blocked, id=4276, stack(0x448d0000,0x44920000)]
  0x4457e800 JavaThread "pool-2-thread-3" [_thread_blocked, id=5452, stack(0x44b80000,0x44bd0000)]
  0x44554c00 JavaThread "pool-2-thread-2" [_thread_blocked, id=5564, stack(0x44a20000,0x44a70000)]
  0x4457f800 JavaThread "pool-3-thread-1" [_thread_blocked, id=5376, stack(0x44aa0000,0x44af0000)]
  0x44553800 JavaThread "pool-2-thread-1" [_thread_blocked, id=4268, stack(0x449d0000,0x44a20000)]
  0x4441e400 JavaThread "Service Thread" daemon [_thread_blocked, id=3008, stack(0x44930000,0x44980000)]
  0x4442b000 JavaThread "C1 CompilerThread0" daemon [_thread_blocked, id=6164, stack(0x44790000,0x447e0000)]
  0x4442a000 JavaThread "Attach Listener" daemon [_thread_blocked, id=7076, stack(0x03d80000,0x03dd0000)]
  0x44427000 JavaThread "Signal Dispatcher" daemon [_thread_blocked, id=7540, stack(0x445c0000,0x44610000)]
  0x44406c00 JavaThread "Finalizer" daemon [_thread_blocked, id=5652, stack(0x004c0000,0x00510000)]
  0x443e0400 JavaThread "Reference Handler" daemon [_thread_blocked, id=768, stack(0x03d00000,0x03d50000)]
  0x0053bc00 JavaThread "main" [_thread_blocked, id=7552, stack(0x00b20000,0x00b70000)]

Other Threads:
=>0x443da800 VMThread [stack: 0x44610000,0x44660000] [id=4564]
  0x44420000 WatcherThread [stack: 0x44820000,0x44870000] [id=3616]

VM state:at safepoint (normal execution)

VM Mutex/Monitor currently owned by a thread:  ([mutex/lock_event])
[0x0053a1d0] Threads_lock - owner thread: 0x443da800
[0x0053a5e0] Heap_lock - owner thread: 0x44553800

Heap:
 def new generation   total 109568K, used 109568K [0x03e00000, 0x0b4e0000, 0x19350000)
  eden space 97408K, 100% used [0x03e00000, 0x09d20000, 0x09d20000)
  from space 12160K, 100% used [0x0a900000, 0x0b4e0000, 0x0b4e0000)
  to   space 12160K, 100% used [0x09d20000, 0x0a900000, 0x0a900000)
 tenured generation   total 243368K, used 154922K [0x19350000, 0x280fa000, 0x43e00000)
   the space 243368K,  63% used [0x19350000, 0x22a9aa40, 0x22a9ac00, 0x280fa000)
 Metaspace       used 3552K, capacity 3598K, committed 3648K, reserved 4480K

Card table byte_map: [0x00b70000,0x00d80000] byte_map_base: 0x00b51000

Polling page: 0x00360000

CodeCache: size=32768Kb used=3398Kb max_used=3398Kb free=29369Kb
 bounds [0x01cf0000, 0x02048000, 0x03cf0000]
 total_blobs=1771 nmethods=1624 adapters=77
 compilation: enabled

Compilation events (10 events):
Event: 4.245 Thread 0x4442b000 1622             com.android.dx.cf.attrib.AttInnerClasses::byteLength (14 bytes)
Event: 4.245 Thread 0x4442b000 nmethod 1622 0x02040a88 code [0x02040b80, 0x02040c10]
Event: 4.406 Thread 0x4442b000 1623             com.android.dx.dex.code.BlockAddresses::getStart (7 bytes)
Event: 4.406 Thread 0x4442b000 nmethod 1623 0x02040cc8 code [0x02040dc0, 0x02040e60]
Event: 4.423 Thread 0x4442b000 1624             java.util.concurrent.FutureTask::report (37 bytes)
Event: 4.423 Thread 0x4442b000 nmethod 1624 0x02040f08 code [0x02041020, 0x020411a8]
Event: 4.538 Thread 0x4442b000 1625   !         java.util.concurrent.ArrayBlockingQueue::offer (55 bytes)
Event: 4.538 Thread 0x4442b000 nmethod 1625 0x020412c8 code [0x02041410, 0x02041618]
Event: 4.539 Thread 0x4442b000 1626             java.util.concurrent.ArrayBlockingQueue::checkNotNull (13 bytes)
Event: 4.539 Thread 0x4442b000 nmethod 1626 0x02041908 code [0x02041a10, 0x02041aec]

GC Heap History (10 events):
Event: 3.366 GC heap after
Heap after GC invocations=56 (full 5):
 def new generation   total 62976K, used 6976K [0x03e00000, 0x08250000, 0x19350000)
  eden space 56000K,   0% used [0x03e00000, 0x03e00000, 0x074b0000)
  from space 6976K, 100% used [0x07b80000, 0x08250000, 0x08250000)
  to   space 6976K,   0% used [0x074b0000, 0x074b0000, 0x07b80000)
 tenured generation   total 139748K, used 121001K [0x19350000, 0x21bc9000, 0x43e00000)
   the space 139748K,  86% used [0x19350000, 0x2097a448, 0x2097a600, 0x21bc9000)
 Metaspace       used 3552K, capacity 3598K, committed 3648K, reserved 4480K
}
Event: 3.463 GC heap before
{Heap before GC invocations=56 (full 5):
 def new generation   total 62976K, used 62976K [0x03e00000, 0x08250000, 0x19350000)
  eden space 56000K, 100% used [0x03e00000, 0x074b0000, 0x074b0000)
  from space 6976K, 100% used [0x07b80000, 0x08250000, 0x08250000)
  to   space 6976K,   0% used [0x074b0000, 0x074b0000, 0x07b80000)
 tenured generation   total 139748K, used 121001K [0x19350000, 0x21bc9000, 0x43e00000)
   the space 139748K,  86% used [0x19350000, 0x2097a448, 0x2097a600, 0x21bc9000)
 Metaspace       used 3552K, capacity 3598K, committed 3648K, reserved 4480K
Event: 3.503 GC heap after
Heap after GC invocations=57 (full 5):
 def new generation   total 62976K, used 6976K [0x03e00000, 0x08250000, 0x19350000)
  eden space 56000K,   0% used [0x03e00000, 0x03e00000, 0x074b0000)
  from space 6976K, 100% used [0x074b0000, 0x07b80000, 0x07b80000)
  to   space 6976K,   0% used [0x07b80000, 0x07b80000, 0x08250000)
 tenured generation   total 139748K, used 129174K [0x19350000, 0x21bc9000, 0x43e00000)
   the space 139748K,  92% used [0x19350000, 0x21175af8, 0x21175c00, 0x21bc9000)
 Metaspace       used 3552K, capacity 3598K, committed 3648K, reserved 4480K
}
Event: 3.607 GC heap before
{Heap before GC invocations=57 (full 5):
 def new generation   total 62976K, used 62976K [0x03e00000, 0x08250000, 0x19350000)
  eden space 56000K, 100% used [0x03e00000, 0x074b0000, 0x074b0000)
  from space 6976K, 100% used [0x074b0000, 0x07b80000, 0x07b80000)
  to   space 6976K,   0% used [0x07b80000, 0x07b80000, 0x08250000)
 tenured generation   total 139748K, used 129174K [0x19350000, 0x21bc9000, 0x43e00000)
   the space 139748K,  92% used [0x19350000, 0x21175af8, 0x21175c00, 0x21bc9000)
 Metaspace       used 3552K, capacity 3598K, committed 3648K, reserved 4480K
Event: 3.645 GC heap after
Heap after GC invocations=58 (full 5):
 def new generation   total 62976K, used 6975K [0x03e00000, 0x08250000, 0x19350000)
  eden space 56000K,   0% used [0x03e00000, 0x03e00000, 0x074b0000)
  from space 6976K,  99% used [0x07b80000, 0x0824fff8, 0x08250000)
  to   space 6976K,   0% used [0x074b0000, 0x074b0000, 0x07b80000)
 tenured generation   total 139748K, used 137798K [0x19350000, 0x21bc9000, 0x43e00000)
   the space 139748K,  98% used [0x19350000, 0x219e18a8, 0x219e1a00, 0x21bc9000)
 Metaspace       used 3552K, capacity 3598K, committed 3648K, reserved 4480K
}
Event: 3.737 GC heap before
{Heap before GC invocations=58 (full 5):
 def new generation   total 62976K, used 62975K [0x03e00000, 0x08250000, 0x19350000)
  eden space 56000K, 100% used [0x03e00000, 0x074b0000, 0x074b0000)
  from space 6976K,  99% used [0x07b80000, 0x0824fff8, 0x08250000)
  to   space 6976K,   0% used [0x074b0000, 0x074b0000, 0x07b80000)
 tenured generation   total 139748K, used 137798K [0x19350000, 0x21bc9000, 0x43e00000)
   the space 139748K,  98% used [0x19350000, 0x219e18a8, 0x219e1a00, 0x21bc9000)
 Metaspace       used 3552K, capacity 3598K, committed 3648K, reserved 4480K
Event: 4.118 GC heap after
Heap after GC invocations=59 (full 6):
 def new generation   total 109568K, used 6923K [0x03e00000, 0x0b4e0000, 0x19350000)
  eden space 97408K,   7% used [0x03e00000, 0x044c2f78, 0x09d20000)
  from space 12160K,   0% used [0x09d20000, 0x09d20000, 0x0a900000)
  to   space 12160K,   0% used [0x0a900000, 0x0a900000, 0x0b4e0000)
 tenured generation   total 243368K, used 146020K [0x19350000, 0x280fa000, 0x43e00000)
   the space 243368K,  59% used [0x19350000, 0x221e9000, 0x221e9000, 0x280fa000)
 Metaspace       used 3552K, capacity 3598K, committed 3648K, reserved 4480K
}
Event: 4.281 GC heap before
{Heap before GC invocations=59 (full 6):
 def new generation   total 109568K, used 97408K [0x03e00000, 0x0b4e0000, 0x19350000)
  eden space 97408K, 100% used [0x03e00000, 0x09d20000, 0x09d20000)
  from space 12160K,   0% used [0x09d20000, 0x09d20000, 0x0a900000)
  to   space 12160K,   0% used [0x0a900000, 0x0a900000, 0x0b4e0000)
 tenured generation   total 243368K, used 146020K [0x19350000, 0x280fa000, 0x43e00000)
   the space 243368K,  59% used [0x19350000, 0x221e9000, 0x221e9000, 0x280fa000)
 Metaspace       used 3552K, capacity 3598K, committed 3648K, reserved 4480K
Event: 4.401 GC heap after
Heap after GC invocations=60 (full 6):
 def new generation   total 109568K, used 12160K [0x03e00000, 0x0b4e0000, 0x19350000)
  eden space 97408K,   0% used [0x03e00000, 0x03e00000, 0x09d20000)
  from space 12160K, 100% used [0x0a900000, 0x0b4e0000, 0x0b4e0000)
  to   space 12160K,   0% used [0x09d20000, 0x09d20000, 0x0a900000)
 tenured generation   total 243368K, used 152964K [0x19350000, 0x280fa000, 0x43e00000)
   the space 243368K,  62% used [0x19350000, 0x228b1120, 0x228b1200, 0x280fa000)
 Metaspace       used 3552K, capacity 3598K, committed 3648K, reserved 4480K
}
Event: 4.562 GC heap before
{Heap before GC invocations=60 (full 6):
 def new generation   total 109568K, used 109568K [0x03e00000, 0x0b4e0000, 0x19350000)
  eden space 97408K, 100% used [0x03e00000, 0x09d20000, 0x09d20000)
  from space 12160K, 100% used [0x0a900000, 0x0b4e0000, 0x0b4e0000)
  to   space 12160K,   0% used [0x09d20000, 0x09d20000, 0x0a900000)
 tenured generation   total 243368K, used 152964K [0x19350000, 0x280fa000, 0x43e00000)
   the space 243368K,  62% used [0x19350000, 0x228b1120, 0x228b1200, 0x280fa000)
 Metaspace       used 3552K, capacity 3598K, committed 3648K, reserved 4480K

Deoptimization events (0 events):
No events

Internal exceptions (5 events):
Event: 0.026 Thread 0x0053bc00 Exception <a 'java/lang/NoSuchMethodError': Method sun.misc.Unsafe.defineClass(Ljava/lang/String;[BII)Ljava/lang/Class; name or signature does not match> (0x03e06ea8) thrown at [C:\re\workspace\8-2-build-windows-i586-cygwin\jdk8u101\7261\hotspot\src\share\Õ£ý'›?
Event: 0.026 Thread 0x0053bc00 Exception <a 'java/lang/NoSuchMethodError': Method sun.misc.Unsafe.prefetchRead(Ljava/lang/Object;J)V name or signature does not match> (0x03e07178) thrown at [C:\re\workspace\8-2-build-windows-i586-cygwin\jdk8u101\7261\hotspot\src\share\vm\prims\jni.cpp, Þ£ò¡é?
Event: 0.801 Thread 0x4457e000 Exception <a 'java/lang/ArrayIndexOutOfBoundsException': 18> (0x041f10c8) thrown at [C:\re\workspace\8-2-build-windows-i586-cygwin\jdk8u101\7261\hotspot\src\share\vm\interpreter\interpreterRuntime.cpp, line 366]
Event: 0.801 Thread 0x4457e000 Exception <a 'java/lang/ArrayIndexOutOfBoundsException': 145> (0x041f2968) thrown at [C:\re\workspace\8-2-build-windows-i586-cygwin\jdk8u101\7261\hotspot\src\share\vm\interpreter\interpreterRuntime.cpp, line 366]
Event: 0.802 Thread 0x4457e000 Exception <a 'java/lang/ArrayIndexOutOfBoundsException': 40> (0x041f3a48) thrown at [C:\re\workspace\8-2-build-windows-i586-cygwin\jdk8u101\7261\hotspot\src\share\vm\interpreter\interpreterRuntime.cpp, line 366]

Events (10 events):
Event: 4.495 Executing VM operation: RevokeBias done
Event: 4.498 Executing VM operation: RevokeBias
Event: 4.498 Executing VM operation: RevokeBias done
Event: 4.502 Executing VM operation: RevokeBias
Event: 4.502 Executing VM operation: RevokeBias done
Event: 4.503 Executing VM operation: RevokeBias
Event: 4.503 Executing VM operation: RevokeBias done
Event: 4.505 Executing VM operation: BulkRevokeBias
Event: 4.505 Executing VM operation: BulkRevokeBias done
Event: 4.562 Executing VM operation: GenCollectForAllocation


Dynamic libraries:
0x00de0000 - 0x00e13000 	C:\Program Files\Java\jdk1.8.0_101\bin\java.exe
0x778f0000 - 0x77a2c000 	C:\Windows\SYSTEM32\ntdll.dll
0x761c0000 - 0x76294000 	C:\Windows\system32\kernel32.dll
0x75be0000 - 0x75c2a000 	C:\Windows\system32\KERNELBASE.dll
0x75e50000 - 0x75ef0000 	C:\Windows\system32\ADVAPI32.dll
0x75da0000 - 0x75e4c000 	C:\Windows\system32\msvcrt.dll
0x77a30000 - 0x77a49000 	C:\Windows\SYSTEM32\sechost.dll
0x76500000 - 0x765a1000 	C:\Windows\system32\RPCRT4.dll
0x76080000 - 0x76149000 	C:\Windows\system32\USER32.dll
0x76af0000 - 0x76b3e000 	C:\Windows\system32\GDI32.dll
0x77a50000 - 0x77a5a000 	C:\Windows\system32\LPK.dll
0x77a80000 - 0x77b1d000 	C:\Windows\system32\USP10.dll
0x747b0000 - 0x7494e000 	C:\Windows\WinSxS\x86_microsoft.windows.common-controls_6595b64144ccf1df_6.0.7600.16385_none_421189da2b7fabfc\COMCTL32.dll
0x76150000 - 0x761a7000 	C:\Windows\system32\SHLWAPI.dll
0x765b0000 - 0x765cf000 	C:\Windows\system32\IMM32.DLL
0x75ef0000 - 0x75fbc000 	C:\Windows\system32\MSCTF.dll
0x651d0000 - 0x6528f000 	C:\Program Files\Java\jdk1.8.0_101\jre\bin\msvcr100.dll
0x64e00000 - 0x651cc000 	C:\Program Files\Java\jdk1.8.0_101\jre\bin\client\jvm.dll
0x70f60000 - 0x70f67000 	C:\Windows\system32\WSOCK32.dll
0x763e0000 - 0x76415000 	C:\Windows\system32\WS2_32.dll
0x761b0000 - 0x761b6000 	C:\Windows\system32\NSI.dll
0x71540000 - 0x71572000 	C:\Windows\system32\WINMM.dll
0x74d80000 - 0x74d89000 	C:\Windows\system32\VERSION.dll
0x77a70000 - 0x77a75000 	C:\Windows\system32\PSAPI.DLL
0x73320000 - 0x7332c000 	C:\Program Files\Java\jdk1.8.0_101\jre\bin\verify.dll
0x65560000 - 0x65581000 	C:\Program Files\Java\jdk1.8.0_101\jre\bin\java.dll
0x65540000 - 0x65553000 	C:\Program Files\Java\jdk1.8.0_101\jre\bin\zip.dll
0x76ca0000 - 0x778e9000 	C:\Windows\system32\SHELL32.dll
0x76b40000 - 0x76c9c000 	C:\Windows\system32\ole32.dll
0x75a40000 - 0x75a4b000 	C:\Windows\system32\profapi.dll
0x73760000 - 0x7384b000 	C:\Windows\system32\dbghelp.dll

VM Arguments:
jvm_args: -Djava.awt.headless=true -Xmx1024M -Dfile.encoding=windows-1252 -Duser.country=US -Duser.language=en -Duser.variant 
java_command: com.android.dx.command.Main --dex --num-threads=4 --multi-dex --main-dex-list E:\SandeepProjectResources\MobipugNew\MobipugSource\app\build\intermediates\multi-dex\debug\maindexlist.txt --output E:\SandeepProjectResources\MobipugNew\MobipugSource\app\build\intermediates\transforms\dex\debug\folders\1000\1f\main E:\SandeepProjectResources\MobipugNew\MobipugSource\app\build\intermediates\transforms\jarMerging\debug\jars\1\1f\combined.jar
java_class_path (initial): C:\Users\android-4\AppData\Local\Android\Sdk\build-tools\26.0.2\lib\dx.jar
Launcher Type: SUN_STANDARD

Environment Variables:
PATH=C:\ProgramData\Oracle\Java\javapath;C:\Windows\system32;C:\Windows;C:\Windows\System32\Wbem;C:\Windows\System32\WindowsPowerShell\v1.0\;C:\Program Files\Intel\OpenCL SDK\2.0\bin\x86;C:\Program Files\Skype\Phone\
USERNAME=android-4
OS=Windows_NT
PROCESSOR_IDENTIFIER=x86 Family 6 Model 42 Stepping 7, GenuineIntel



---------------  S Y S T E M  ---------------

OS: Windows 7 Build 7600 (6.1.7600.16385)

CPU:total 4 (2 cores per cpu, 2 threads per core) family 6 model 42 stepping 7, cmov, cx8, fxsr, mmx, sse, sse2, sse3, ssse3, sse4.1, sse4.2, popcnt, clmul, ht, tsc, tscinvbit

Memory: 4k page, physical 3578328k(347704k free), swap 24056564k(19150380k free)

vm_info: Java HotSpot(TM) Client VM (25.101-b13) for windows-x86 JRE (1.8.0_101-b13), built on Jun 22 2016 00:45:44 by "java_re" with MS VC++ 10.0 (VS2010)

time: Mon Oct 22 17:38:50 2018
elapsed time: 4 seconds (0d 0h 0m 4s)

