#
# A fatal error has been detected by the Java Runtime Environment:
#
#  EXCEPTION_ACCESS_VIOLATION (0xc0000005) at pc=0x5182fa77, pid=5124, tid=0x000015a0
#
# JRE version: Java(TM) SE Runtime Environment (8.0_101-b13) (build 1.8.0_101-b13)
# Java VM: Java HotSpot(TM) Client VM (25.101-b13 mixed mode windows-x86 )
# Problematic frame:
# V  [jvm.dll+0xbfa77]
#
# Failed to write core dump. Minidumps are not enabled by default on client versions of Windows
#
# If you would like to submit a bug report, please visit:
#   http://bugreport.java.com/bugreport/crash.jsp
#

---------------  T H R E A D  ---------------

Current thread (0x445ea800):  VMThread [stack: 0x00af0000,0x00b40000] [id=5536]

siginfo: ExceptionCode=0xc0000005, reading address 0x00000060

Registers:
EAX=0x2f0568f8, EBX=0x2f20f0dc, ECX=0x00000000, EDX=0x00000000
ESP=0x00b3f0f8, EBP=0x00b3f118, ESI=0x2f20f0e0, EDI=0x2eeea368
EIP=0x5182fa77, EFLAGS=0x00010293

Top of Stack: (sp=0x00b3f0f8)
0x00b3f0f8:   51ad94cc 44788c14 44788c10 443d8ef8
0x00b3f108:   2f20f0e0 00000003 193bab90 443d8ef0
0x00b3f118:   00b3f138 51924db1 2f20f0c8 51ad94cc
0x00b3f128:   44788c10 44788c14 51ad94cc 44788c10
0x00b3f138:   00b3f144 51924fac 00000003 00b3f160
0x00b3f148:   518c883a 44788c10 447aa800 51ad94cc
0x00b3f158:   00000000 44781f78 00b3f348 518e9eef
0x00b3f168:   51ad94cc 00000001 447aa800 00000000 

Instructions: (pc=0x5182fa77)
0x5182fa57:   80 3d b4 84 ac 51 00 75 0a 8b d0 80 e2 07 80 fa
0x5182fa67:   01 eb 1b 8b c8 83 e1 07 83 f9 05 74 24 8b 57 04
0x5182fa77:   8b 52 60 83 e2 07 80 fa 05 74 0c 83 f9 01 75 07
0x5182fa87:   a9 80 ff ff ff 74 0a 50 57 e8 fb 4f 0f 00 83 c4 


Register to memory mapping:

EAX=0x2f0568f8 is an oop
com.android.dx.rop.type.StdTypeList 
 - klass: 'com/android/dx/rop/type/StdTypeList'
EBX=0x2f20f0dc is pointing into object: 0x2f20f0c8
com.android.dx.rop.cst.CstMethodRef 
 - klass: 'com/android/dx/rop/cst/CstMethodRef'
ECX=0x00000000 is an unknown value
EDX=0x00000000 is an unknown value
ESP=0x00b3f0f8 is an unknown value
EBP=0x00b3f118 is an unknown value
ESI=0x2f20f0e0 is an oop
com.android.dx.dex.file.MethodIdItem 
 - klass: 'com/android/dx/dex/file/MethodIdItem'
EDI=0x2eeea368 is pointing into object: 0x2eeea358
com.android.dx.rop.type.Prototype 
 - klass: 'com/android/dx/rop/type/Prototype'


Stack: [0x00af0000,0x00b40000],  sp=0x00b3f0f8,  free space=316k
Native frames: (J=compiled Java code, j=interpreted, Vv=VM code, C=native code)
V  [jvm.dll+0xbfa77]
V  [jvm.dll+0x1b4db1]
V  [jvm.dll+0x1b4fac]
V  [jvm.dll+0x15883a]
V  [jvm.dll+0x179eef]
V  [jvm.dll+0x1789ea]
V  [jvm.dll+0x97fb0]
V  [jvm.dll+0x992a1]
V  [jvm.dll+0x9b020]
V  [jvm.dll+0x9b489]
V  [jvm.dll+0x9a27f]
V  [jvm.dll+0xa64b2]
V  [jvm.dll+0x98e73]
V  [jvm.dll+0x92e25]
V  [jvm.dll+0x1b81c6]
V  [jvm.dll+0x18292b]
V  [jvm.dll+0x181d31]
V  [jvm.dll+0x182147]
V  [jvm.dll+0x182342]
V  [jvm.dll+0x1c1ed6]
C  [msvcr100.dll+0x5c556]
C  [msvcr100.dll+0x5c600]
C  [kernel32.dll+0x51174]
C  [ntdll.dll+0x5b3f5]
C  [ntdll.dll+0x5b3c8]

VM_Operation (0x44c1e898): GenCollectForAllocation, mode: safepoint, requested by thread 0x447a9800


---------------  P R O C E S S  ---------------

Java Threads: ( => current thread )
  0x447aa800 JavaThread "pool-2-thread-4" [_thread_blocked, id=3428, stack(0x449e0000,0x44a30000)]
  0x447a9800 JavaThread "pool-2-thread-3" [_thread_blocked, id=2284, stack(0x44bd0000,0x44c20000)]
  0x447adc00 JavaThread "pool-2-thread-2" [_thread_blocked, id=5636, stack(0x44990000,0x449e0000)]
  0x447ad400 JavaThread "pool-3-thread-1" [_thread_blocked, id=4252, stack(0x44b00000,0x44b50000)]
  0x44783400 JavaThread "pool-2-thread-1" [_thread_blocked, id=3972, stack(0x44ab0000,0x44b00000)]
  0x44655800 JavaThread "Service Thread" daemon [_thread_blocked, id=2300, stack(0x44830000,0x44880000)]
  0x4463a400 JavaThread "C1 CompilerThread0" daemon [_thread_blocked, id=5552, stack(0x447d0000,0x44820000)]
  0x44639000 JavaThread "Attach Listener" daemon [_thread_blocked, id=5296, stack(0x00b40000,0x00b90000)]
  0x44636000 JavaThread "Signal Dispatcher" daemon [_thread_blocked, id=4692, stack(0x448e0000,0x44930000)]
  0x44616c00 JavaThread "Finalizer" daemon [_thread_blocked, id=5956, stack(0x03d50000,0x03da0000)]
  0x445f0400 JavaThread "Reference Handler" daemon [_thread_blocked, id=5372, stack(0x03cf0000,0x03d40000)]
  0x00aabc00 JavaThread "main" [_thread_blocked, id=4736, stack(0x00bd0000,0x00c20000)]

Other Threads:
=>0x445ea800 VMThread [stack: 0x00af0000,0x00b40000] [id=5536]
  0x4462f000 WatcherThread [stack: 0x03da0000,0x03df0000] [id=2640]

VM state:at safepoint (normal execution)

VM Mutex/Monitor currently owned by a thread:  ([mutex/lock_event])
[0x00aaa230] Threads_lock - owner thread: 0x445ea800
[0x00aaa640] Heap_lock - owner thread: 0x447a9800

Heap:
 def new generation   total 314560K, used 279616K [0x03e00000, 0x19350000, 0x19350000)
  eden space 279616K, 100% used [0x03e00000, 0x14f10000, 0x14f10000)
  from space 34944K,   0% used [0x14f10000, 0x14f10000, 0x17130000)
  to   space 34944K,   0% used [0x17130000, 0x17130000, 0x19350000)
 tenured generation   total 699072K, used 681234K [0x19350000, 0x43e00000, 0x43e00000)
   the space 699072K,  97% used [0x19350000, 0x42c94ad0, 0x42c94c00, 0x43e00000)
 Metaspace       used 3551K, capacity 3598K, committed 3648K, reserved 4480K

Card table byte_map: [0x43e00000,0x44010000] byte_map_base: 0x43de1000

Polling page: 0x00190000

CodeCache: size=32768Kb used=3625Kb max_used=3667Kb free=29142Kb
 bounds [0x01cb0000, 0x02048000, 0x03cb0000]
 total_blobs=1881 nmethods=1734 adapters=77
 compilation: enabled

Compilation events (10 events):
Event: 17.736 Thread 0x4463a400 1745             java.util.HashMap$TreeNode::putTreeVal (314 bytes)
Event: 17.737 Thread 0x4463a400 nmethod 1745 0x02042348 code [0x020424e0, 0x0204297c]
Event: 17.749 Thread 0x4463a400 1746             com.android.dx.ssa.back.FirstFitLocalCombiningAllocator::ssaSetToSpecs (57 bytes)
Event: 17.749 Thread 0x4463a400 nmethod 1746 0x02042f08 code [0x020430a0, 0x0204348c]
Event: 25.821 Thread 0x4463a400 1747   !         java.util.concurrent.ThreadPoolExecutor::addWorker (292 bytes)
Event: 25.823 Thread 0x4463a400 nmethod 1747 0x02043b48 code [0x02043d10, 0x020442e4]
Event: 25.834 Thread 0x4463a400 1748             java.util.concurrent.ThreadPoolExecutor::isShutdown (19 bytes)
Event: 25.834 Thread 0x4463a400 nmethod 1748 0x01e37308 code [0x01e37400, 0x01e374b0]
Event: 25.847 Thread 0x4463a400 1749 %           com.android.dx.cf.direct.ClassPathOpener::processArchive @ 141 (221 bytes)
Event: 25.849 Thread 0x4463a400 nmethod 1749% 0x01f0f948 code [0x01f0fbc0, 0x01f10af0]

GC Heap History (10 events):
Event: 14.516 GC heap after
Heap after GC invocations=101 (full 8):
 def new generation   total 314560K, used 34944K [0x03e00000, 0x19350000, 0x19350000)
  eden space 279616K,   0% used [0x03e00000, 0x03e00000, 0x14f10000)
  from space 34944K, 100% used [0x17130000, 0x19350000, 0x19350000)
  to   space 34944K,   0% used [0x14f10000, 0x14f10000, 0x17130000)
 tenured generation   total 699072K, used 614789K [0x19350000, 0x43e00000, 0x43e00000)
   the space 699072K,  87% used [0x19350000, 0x3ebb17e8, 0x3ebb1800, 0x43e00000)
 Metaspace       used 3551K, capacity 3598K, committed 3648K, reserved 4480K
}
Event: 15.676 GC heap before
{Heap before GC invocations=101 (full 8):
 def new generation   total 314560K, used 314560K [0x03e00000, 0x19350000, 0x19350000)
  eden space 279616K, 100% used [0x03e00000, 0x14f10000, 0x14f10000)
  from space 34944K, 100% used [0x17130000, 0x19350000, 0x19350000)
  to   space 34944K,   0% used [0x14f10000, 0x14f10000, 0x17130000)
 tenured generation   total 699072K, used 614789K [0x19350000, 0x43e00000, 0x43e00000)
   the space 699072K,  87% used [0x19350000, 0x3ebb17e8, 0x3ebb1800, 0x43e00000)
 Metaspace       used 3551K, capacity 3598K, committed 3648K, reserved 4480K
Event: 17.339 GC heap after
Heap after GC invocations=102 (full 9):
 def new generation   total 314560K, used 0K [0x03e00000, 0x19350000, 0x19350000)
  eden space 279616K,   0% used [0x03e00000, 0x03e00000, 0x14f10000)
  from space 34944K,   0% used [0x14f10000, 0x14f10000, 0x17130000)
  to   space 34944K,   0% used [0x17130000, 0x17130000, 0x19350000)
 tenured generation   total 699072K, used 628761K [0x19350000, 0x43e00000, 0x43e00000)
   the space 699072K,  89% used [0x19350000, 0x3f956650, 0x3f956800, 0x43e00000)
 Metaspace       used 3551K, capacity 3598K, committed 3648K, reserved 4480K
}
Event: 19.062 GC heap before
{Heap before GC invocations=102 (full 9):
 def new generation   total 314560K, used 279616K [0x03e00000, 0x19350000, 0x19350000)
  eden space 279616K, 100% used [0x03e00000, 0x14f10000, 0x14f10000)
  from space 34944K,   0% used [0x14f10000, 0x14f10000, 0x17130000)
  to   space 34944K,   0% used [0x17130000, 0x17130000, 0x19350000)
 tenured generation   total 699072K, used 628761K [0x19350000, 0x43e00000, 0x43e00000)
   the space 699072K,  89% used [0x19350000, 0x3f956650, 0x3f956800, 0x43e00000)
 Metaspace       used 3551K, capacity 3598K, committed 3648K, reserved 4480K
Event: 20.523 GC heap after
Heap after GC invocations=103 (full 10):
 def new generation   total 314560K, used 0K [0x03e00000, 0x19350000, 0x19350000)
  eden space 279616K,   0% used [0x03e00000, 0x03e00000, 0x14f10000)
  from space 34944K,   0% used [0x14f10000, 0x14f10000, 0x17130000)
  to   space 34944K,   0% used [0x17130000, 0x17130000, 0x19350000)
 tenured generation   total 699072K, used 613418K [0x19350000, 0x43e00000, 0x43e00000)
   the space 699072K,  87% used [0x19350000, 0x3ea5ab00, 0x3ea5ac00, 0x43e00000)
 Metaspace       used 3551K, capacity 3598K, committed 3648K, reserved 4480K
}
Event: 20.986 GC heap before
{Heap before GC invocations=103 (full 10):
 def new generation   total 314560K, used 279616K [0x03e00000, 0x19350000, 0x19350000)
  eden space 279616K, 100% used [0x03e00000, 0x14f10000, 0x14f10000)
  from space 34944K,   0% used [0x14f10000, 0x14f10000, 0x17130000)
  to   space 34944K,   0% used [0x17130000, 0x17130000, 0x19350000)
 tenured generation   total 699072K, used 613418K [0x19350000, 0x43e00000, 0x43e00000)
   the space 699072K,  87% used [0x19350000, 0x3ea5ab00, 0x3ea5ac00, 0x43e00000)
 Metaspace       used 3551K, capacity 3598K, committed 3648K, reserved 4480K
Event: 22.468 GC heap after
Heap after GC invocations=104 (full 11):
 def new generation   total 314560K, used 0K [0x03e00000, 0x19350000, 0x19350000)
  eden space 279616K,   0% used [0x03e00000, 0x03e00000, 0x14f10000)
  from space 34944K,   0% used [0x14f10000, 0x14f10000, 0x17130000)
  to   space 34944K,   0% used [0x17130000, 0x17130000, 0x19350000)
 tenured generation   total 699072K, used 691295K [0x19350000, 0x43e00000, 0x43e00000)
   the space 699072K,  98% used [0x19350000, 0x43667ce8, 0x43667e00, 0x43e00000)
 Metaspace       used 3551K, capacity 3598K, committed 3648K, reserved 4480K
}
Event: 23.806 GC heap before
{Heap before GC invocations=104 (full 11):
 def new generation   total 314560K, used 279616K [0x03e00000, 0x19350000, 0x19350000)
  eden space 279616K, 100% used [0x03e00000, 0x14f10000, 0x14f10000)
  from space 34944K,   0% used [0x14f10000, 0x14f10000, 0x17130000)
  to   space 34944K,   0% used [0x17130000, 0x17130000, 0x19350000)
 tenured generation   total 699072K, used 691295K [0x19350000, 0x43e00000, 0x43e00000)
   the space 699072K,  98% used [0x19350000, 0x43667ce8, 0x43667e00, 0x43e00000)
 Metaspace       used 3551K, capacity 3598K, committed 3648K, reserved 4480K
Event: 25.685 GC heap after
Heap after GC invocations=105 (full 12):
 def new generation   total 314560K, used 0K [0x03e00000, 0x19350000, 0x19350000)
  eden space 279616K,   0% used [0x03e00000, 0x03e00000, 0x14f10000)
  from space 34944K,   0% used [0x14f10000, 0x14f10000, 0x17130000)
  to   space 34944K,   0% used [0x17130000, 0x17130000, 0x19350000)
 tenured generation   total 699072K, used 681234K [0x19350000, 0x43e00000, 0x43e00000)
   the space 699072K,  97% used [0x19350000, 0x42c94ad0, 0x42c94c00, 0x43e00000)
 Metaspace       used 3551K, capacity 3598K, committed 3648K, reserved 4480K
}
Event: 26.766 GC heap before
{Heap before GC invocations=105 (full 12):
 def new generation   total 314560K, used 279616K [0x03e00000, 0x19350000, 0x19350000)
  eden space 279616K, 100% used [0x03e00000, 0x14f10000, 0x14f10000)
  from space 34944K,   0% used [0x14f10000, 0x14f10000, 0x17130000)
  to   space 34944K,   0% used [0x17130000, 0x17130000, 0x19350000)
 tenured generation   total 699072K, used 681234K [0x19350000, 0x43e00000, 0x43e00000)
   the space 699072K,  97% used [0x19350000, 0x42c94ad0, 0x42c94c00, 0x43e00000)
 Metaspace       used 3551K, capacity 3598K, committed 3648K, reserved 4480K

Deoptimization events (0 events):
No events

Internal exceptions (5 events):
Event: 0.023 Thread 0x00aabc00 Exception <a 'java/lang/NoSuchMethodError': Method sun.misc.Unsafe.defineClass(Ljava/lang/String;[BII)Ljava/lang/Class; name or signature does not match> (0x03e06ea8) thrown at [C:\re\workspace\8-2-build-windows-i586-cygwin\jdk8u101\7261\hotspot\src\share\≠ÍQÏò?
Event: 0.024 Thread 0x00aabc00 Exception <a 'java/lang/NoSuchMethodError': Method sun.misc.Unsafe.prefetchRead(Ljava/lang/Object;J)V name or signature does not match> (0x03e07178) thrown at [C:\re\workspace\8-2-build-windows-i586-cygwin\jdk8u101\7261\hotspot\src\share\vm\prims\jni.cpp, ó_…-Ì?
Event: 0.912 Thread 0x44783400 Exception <a 'java/lang/ArrayIndexOutOfBoundsException': 18> (0x03e8bee0) thrown at [C:\re\workspace\8-2-build-windows-i586-cygwin\jdk8u101\7261\hotspot\src\share\vm\interpreter\interpreterRuntime.cpp, line 366]
Event: 0.912 Thread 0x44783400 Exception <a 'java/lang/ArrayIndexOutOfBoundsException': 145> (0x03e8d780) thrown at [C:\re\workspace\8-2-build-windows-i586-cygwin\jdk8u101\7261\hotspot\src\share\vm\interpreter\interpreterRuntime.cpp, line 366]
Event: 0.912 Thread 0x44783400 Exception <a 'java/lang/ArrayIndexOutOfBoundsException': 40> (0x03e8e860) thrown at [C:\re\workspace\8-2-build-windows-i586-cygwin\jdk8u101\7261\hotspot\src\share\vm\interpreter\interpreterRuntime.cpp, line 366]

Events (10 events):
Event: 25.823 Thread 0x4463a400 flushing nmethod 0x01e36fc8
Event: 25.834 Thread 0x4463a400 flushing nmethod 0x01e527c8
Event: 25.834 Thread 0x4463a400 flushing nmethod 0x01e5e988
Event: 25.834 Thread 0x4463a400 flushing nmethod 0x01e83fc8
Event: 25.834 Thread 0x4463a400 flushing nmethod 0x01ea09c8
Event: 25.834 Thread 0x4463a400 flushing nmethod 0x01ebe148
Event: 25.834 Thread 0x4463a400 flushing nmethod 0x01ebe748
Event: 25.835 Thread 0x4463a400 flushing nmethod 0x01f0f948
Event: 25.850 Thread 0x4463a400 flushing nmethod 0x01f9bc08
Event: 26.766 Executing VM operation: GenCollectForAllocation


Dynamic libraries:
0x01070000 - 0x010a3000 	C:\Program Files\Java\jdk1.8.0_101\bin\java.exe
0x76f00000 - 0x7703c000 	C:\Windows\SYSTEM32\ntdll.dll
0x755f0000 - 0x756c4000 	C:\Windows\system32\kernel32.dll
0x751f0000 - 0x7523a000 	C:\Windows\system32\KERNELBASE.dll
0x753a0000 - 0x75440000 	C:\Windows\system32\ADVAPI32.dll
0x76520000 - 0x765cc000 	C:\Windows\system32\msvcrt.dll
0x75370000 - 0x75389000 	C:\Windows\SYSTEM32\sechost.dll
0x76470000 - 0x76511000 	C:\Windows\system32\RPCRT4.dll
0x756d0000 - 0x75799000 	C:\Windows\system32\USER32.dll
0x770e0000 - 0x7712e000 	C:\Windows\system32\GDI32.dll
0x75390000 - 0x7539a000 	C:\Windows\system32\LPK.dll
0x76b50000 - 0x76bed000 	C:\Windows\system32\USP10.dll
0x73dc0000 - 0x73f5e000 	C:\Windows\WinSxS\x86_microsoft.windows.common-controls_6595b64144ccf1df_6.0.7600.16385_none_421189da2b7fabfc\COMCTL32.dll
0x76af0000 - 0x76b47000 	C:\Windows\system32\SHLWAPI.dll
0x77040000 - 0x7705f000 	C:\Windows\system32\IMM32.DLL
0x76d30000 - 0x76dfc000 	C:\Windows\system32\MSCTF.dll
0x64db0000 - 0x64e6f000 	C:\Program Files\Java\jdk1.8.0_101\jre\bin\msvcr100.dll
0x51770000 - 0x51b3c000 	C:\Program Files\Java\jdk1.8.0_101\jre\bin\client\jvm.dll
0x70810000 - 0x70817000 	C:\Windows\system32\WSOCK32.dll
0x75440000 - 0x75475000 	C:\Windows\system32\WS2_32.dll
0x75350000 - 0x75356000 	C:\Windows\system32\NSI.dll
0x707c0000 - 0x707f2000 	C:\Windows\system32\WINMM.dll
0x74550000 - 0x74559000 	C:\Windows\system32\VERSION.dll
0x75360000 - 0x75365000 	C:\Windows\system32\PSAPI.DLL
0x720f0000 - 0x720fc000 	C:\Program Files\Java\jdk1.8.0_101\jre\bin\verify.dll
0x72070000 - 0x72091000 	C:\Program Files\Java\jdk1.8.0_101\jre\bin\java.dll
0x720b0000 - 0x720c3000 	C:\Program Files\Java\jdk1.8.0_101\jre\bin\zip.dll
0x75820000 - 0x76469000 	C:\Windows\system32\SHELL32.dll
0x75490000 - 0x755ec000 	C:\Windows\system32\ole32.dll
0x75050000 - 0x7505b000 	C:\Windows\system32\profapi.dll
0x72db0000 - 0x72e9b000 	C:\Windows\system32\dbghelp.dll

VM Arguments:
jvm_args: -Djava.awt.headless=true -Xmx1024M -Dfile.encoding=windows-1252 -Duser.country=US -Duser.language=en -Duser.variant 
java_command: com.android.dx.command.Main --dex --num-threads=4 --multi-dex --main-dex-list E:\SandeepProjectResources\MobipugNew\Mobipug27.10.18\MobipugSource\app\build\intermediates\multi-dex\debug\maindexlist.txt --output E:\SandeepProjectResources\MobipugNew\Mobipug27.10.18\MobipugSource\app\build\intermediates\transforms\dex\debug\folders\1000\1f\main E:\SandeepProjectResources\MobipugNew\Mobipug27.10.18\MobipugSource\app\build\intermediates\transforms\jarMerging\debug\jars\1\1f\combined.jar
java_class_path (initial): C:\Users\android-4\AppData\Local\Android\Sdk\build-tools\26.0.2\lib\dx.jar
Launcher Type: SUN_STANDARD

Environment Variables:
PATH=C:\ProgramData\Oracle\Java\javapath;C:\Windows\system32;C:\Windows;C:\Windows\System32\Wbem;C:\Windows\System32\WindowsPowerShell\v1.0\;C:\Program Files\Intel\OpenCL SDK\2.0\bin\x86;C:\Program Files\Skype\Phone\
USERNAME=android-4
OS=Windows_NT
PROCESSOR_IDENTIFIER=x86 Family 6 Model 42 Stepping 7, GenuineIntel



---------------  S Y S T E M  ---------------

OS: Windows 7 Build 7600 (6.1.7600.16385)

CPU:total 4 (2 cores per cpu, 2 threads per core) family 6 model 42 stepping 7, cmov, cx8, fxsr, mmx, sse, sse2, sse3, ssse3, sse4.1, sse4.2, popcnt, clmul, ht, tsc, tscinvbit

Memory: 4k page, physical 3578328k(477208k free), swap 24056564k(19594764k free)

vm_info: Java HotSpot(TM) Client VM (25.101-b13) for windows-x86 JRE (1.8.0_101-b13), built on Jun 22 2016 00:45:44 by "java_re" with MS VC++ 10.0 (VS2010)

time: Sat Nov 10 15:59:58 2018
elapsed time: 27 seconds (0d 0h 0m 27s)

