#
# A fatal error has been detected by the Java Runtime Environment:
#
#  EXCEPTION_ACCESS_VIOLATION (0xc0000005) at pc=0x503c56e2, pid=3576, tid=0x0000113c
#
# JRE version: Java(TM) SE Runtime Environment (8.0_101-b13) (build 1.8.0_101-b13)
# Java VM: Java HotSpot(TM) Client VM (25.101-b13 mixed mode windows-x86 )
# Problematic frame:
# V  [jvm.dll+0xa56e2]
#
# Failed to write core dump. Minidumps are not enabled by default on client versions of Windows
#
# If you would like to submit a bug report, please visit:
#   http://bugreport.java.com/bugreport/crash.jsp
#

---------------  T H R E A D  ---------------

Current thread (0x443ea800):  VMThread [stack: 0x44610000,0x44660000] [id=4412]

siginfo: ExceptionCode=0xc0000005, reading address 0x00000075

Registers:
EAX=0x00000001, EBX=0x4465f7ac, ECX=0x43f702a8, EDX=0x00000000
ESP=0x4465f780, EBP=0x4465f78c, ESI=0x314790d8, EDI=0x314790d8
EIP=0x503c56e2, EFLAGS=0x00010246

Top of Stack: (sp=0x4465f780)
0x4465f780:   342a6fe0 19150000 19150000 4465f7c0
0x4465f790:   503c54ab 19150000 06c55bf8 19150000
0x4465f7a0:   342a6fe0 4465f7ac 444449c8 505fdbb8
0x4465f7b0:   342a6f00 011affa0 19150000 4465f974
0x4465f7c0:   4465f7e8 503c49f7 19150000 06c55bf8
0x4465f7d0:   19150000 342a6fe0 06c55bf8 19150000
0x4465f7e0:   43caaa7f 19150000 4465f810 503b19ce
0x4465f7f0:   19150000 06c55bf8 0010d6e8 505fe01c 

Instructions: (pc=0x503c56e2)
0x503c56c2:   2c 8c 68 50 c1 f8 10 25 ff 00 00 00 49 03 d0 8d
0x503c56d2:   04 11 f7 d1 c1 e8 02 c1 e9 02 23 c1 eb 08 8b 01
0x503c56e2:   8b 50 74 56 ff d2 8d 34 86 3b 75 14 72 a0 8b 55
0x503c56f2:   0c 8b 4f 04 8b 75 08 83 ec 08 8b c4 89 50 04 89 


Register to memory mapping:

EAX=0x00000001 is an unknown value
EBX=0x4465f7ac is an unknown value
ECX=0x43f702a8 is pointing into metadata
EDX=0x00000000 is an unknown value
ESP=0x4465f780 is an unknown value
EBP=0x4465f78c is an unknown value
ESI=
[error occurred during error reporting (printing register info), id 0xc0000005]

Stack: [0x44610000,0x44660000],  sp=0x4465f780,  free space=317k
Native frames: (J=compiled Java code, j=interpreted, Vv=VM code, C=native code)
V  [jvm.dll+0xa56e2]
V  [jvm.dll+0xa54ab]
V  [jvm.dll+0xa49f7]
V  [jvm.dll+0x919ce]
V  [jvm.dll+0x90eb0]
V  [jvm.dll+0x91484]
V  [jvm.dll+0x9a40c]
V  [jvm.dll+0x91344]
V  [jvm.dll+0x9933e]
V  [jvm.dll+0x951a9]
V  [jvm.dll+0x98e73]
V  [jvm.dll+0x92e25]
V  [jvm.dll+0x1b81c6]
V  [jvm.dll+0x18292b]
V  [jvm.dll+0x181d31]
V  [jvm.dll+0x182147]
V  [jvm.dll+0x182342]
V  [jvm.dll+0x1c1ed6]
C  [msvcr100.dll+0x5c556]
C  [msvcr100.dll+0x5c600]
C  [kernel32.dll+0x51174]
C  [ntdll.dll+0x5b3f5]
C  [ntdll.dll+0x5b3c8]

VM_Operation (0x44b8f434): GenCollectForAllocation, mode: safepoint, requested by thread 0x445b8000


---------------  P R O C E S S  ---------------

Java Threads: ( => current thread )
  0x445ba800 JavaThread "pool-2-thread-4" [_thread_blocked, id=4256, stack(0x44c70000,0x44cc0000)]
  0x445b9800 JavaThread "pool-2-thread-3" [_thread_blocked, id=5060, stack(0x44b90000,0x44be0000)]
  0x445b8000 JavaThread "pool-2-thread-2" [_thread_blocked, id=2976, stack(0x44b40000,0x44b90000)]
  0x44592400 JavaThread "pool-3-thread-1" [_thread_blocked, id=6104, stack(0x44a70000,0x44ac0000)]
  0x44591c00 JavaThread "pool-2-thread-1" [_thread_blocked, id=4020, stack(0x44960000,0x449b0000)]
  0x4444cc00 JavaThread "Service Thread" daemon [_thread_blocked, id=5928, stack(0x447a0000,0x447f0000)]
  0x4443a400 JavaThread "C1 CompilerThread0" daemon [_thread_blocked, id=5812, stack(0x012e0000,0x01330000)]
  0x44439000 JavaThread "Attach Listener" daemon [_thread_blocked, id=4980, stack(0x446e0000,0x44730000)]
  0x44436000 JavaThread "Signal Dispatcher" daemon [_thread_blocked, id=4760, stack(0x44740000,0x44790000)]
  0x44416c00 JavaThread "Finalizer" daemon [_thread_blocked, id=5088, stack(0x44690000,0x446e0000)]
  0x443f0400 JavaThread "Reference Handler" daemon [_thread_blocked, id=5660, stack(0x01860000,0x018b0000)]
  0x0010bc00 JavaThread "main" [_thread_blocked, id=6032, stack(0x01340000,0x01390000)]

Other Threads:
=>0x443ea800 VMThread [stack: 0x44610000,0x44660000] [id=4412]
  0x44434400 WatcherThread [stack: 0x448b0000,0x44900000] [id=3508]

VM state:at safepoint (normal execution)

VM Mutex/Monitor currently owned by a thread:  ([mutex/lock_event])
[0x0010a230] Threads_lock - owner thread: 0x443ea800
[0x0010a640] Heap_lock - owner thread: 0x445b8000

Heap:
 def new generation   total 314560K, used 279616K [0x03c00000, 0x19150000, 0x19150000)
  eden space 279616K, 100% used [0x03c00000, 0x14d10000, 0x14d10000)
  from space 34944K,   0% used [0x14d10000, 0x14d10000, 0x16f30000)
  to   space 34944K,   1% used [0x16f30000, 0x16fdea40, 0x19150000)
 tenured generation   total 699072K, used 443739K [0x19150000, 0x43c00000, 0x43c00000)
   the space 699072K,  63% used [0x19150000, 0x342a6fe0, 0x342a7000, 0x43c00000)
 Metaspace       used 3554K, capacity 3598K, committed 3648K, reserved 4480K

Card table byte_map: [0x43c00000,0x43e10000] byte_map_base: 0x43be2000

Polling page: 0x00270000

CodeCache: size=32768Kb used=3566Kb max_used=3566Kb free=29201Kb
 bounds [0x01bc0000, 0x01f40000, 0x03bc0000]
 total_blobs=1877 nmethods=1730 adapters=77
 compilation: enabled

Compilation events (10 events):
Event: 11.522 Thread 0x4443a400 1728             com.android.dx.dex.code.TargetInsn::<init> (29 bytes)
Event: 11.523 Thread 0x4443a400 nmethod 1728 0x01f39e08 code [0x01f39f20, 0x01f3a048]
Event: 11.710 Thread 0x4443a400 1729             com.android.dx.rop.type.StdTypeList::withAddedType (55 bytes)
Event: 11.711 Thread 0x4443a400 nmethod 1729 0x01f3a108 code [0x01f3a2a0, 0x01f3a830]
Event: 11.879 Thread 0x4443a400 1730             com.android.dx.cf.code.Simulator$SimVisitor::visitSwitch (54 bytes)
Event: 11.880 Thread 0x4443a400 nmethod 1730 0x01f3b148 code [0x01f3b280, 0x01f3b464]
Event: 11.880 Thread 0x4443a400 1731             com.android.dx.cf.code.BaseMachine::auxSwitchArg (20 bytes)
Event: 11.880 Thread 0x4443a400 nmethod 1731 0x01f3b648 code [0x01f3b750, 0x01f3b84c]
Event: 11.930 Thread 0x4443a400 1732             com.android.dx.rop.code.ThrowingCstInsn::withAddedCatch (34 bytes)
Event: 11.930 Thread 0x4443a400 nmethod 1732 0x01f3b8c8 code [0x01f3b9e0, 0x01f3bb28]

GC Heap History (10 events):
Event: 8.635 GC heap after
Heap after GC invocations=93 (full 7):
 def new generation   total 192384K, used 21311K [0x03c00000, 0x10cb0000, 0x19150000)
  eden space 171072K,   0% used [0x03c00000, 0x03c00000, 0x0e310000)
  from space 21312K,  99% used [0x0e310000, 0x0f7dfff8, 0x0f7e0000)
  to   space 21312K,   0% used [0x0f7e0000, 0x0f7e0000, 0x10cb0000)
 tenured generation   total 427228K, used 345378K [0x19150000, 0x33287000, 0x43c00000)
   the space 427228K,  80% used [0x19150000, 0x2e2988b8, 0x2e298a00, 0x33287000)
 Metaspace       used 3554K, capacity 3598K, committed 3648K, reserved 4480K
}
Event: 8.903 GC heap before
{Heap before GC invocations=93 (full 7):
 def new generation   total 192384K, used 192383K [0x03c00000, 0x10cb0000, 0x19150000)
  eden space 171072K, 100% used [0x03c00000, 0x0e310000, 0x0e310000)
  from space 21312K,  99% used [0x0e310000, 0x0f7dfff8, 0x0f7e0000)
  to   space 21312K,   0% used [0x0f7e0000, 0x0f7e0000, 0x10cb0000)
 tenured generation   total 427228K, used 345378K [0x19150000, 0x33287000, 0x43c00000)
   the space 427228K,  80% used [0x19150000, 0x2e2988b8, 0x2e298a00, 0x33287000)
 Metaspace       used 3554K, capacity 3598K, committed 3648K, reserved 4480K
Event: 9.018 GC heap after
Heap after GC invocations=94 (full 7):
 def new generation   total 192384K, used 21312K [0x03c00000, 0x10cb0000, 0x19150000)
  eden space 171072K,   0% used [0x03c00000, 0x03c00000, 0x0e310000)
  from space 21312K, 100% used [0x0f7e0000, 0x10cb0000, 0x10cb0000)
  to   space 21312K,   0% used [0x0e310000, 0x0e310000, 0x0f7e0000)
 tenured generation   total 427228K, used 370998K [0x19150000, 0x33287000, 0x43c00000)
   the space 427228K,  86% used [0x19150000, 0x2fb9d8d0, 0x2fb9da00, 0x33287000)
 Metaspace       used 3554K, capacity 3598K, committed 3648K, reserved 4480K
}
Event: 9.294 GC heap before
{Heap before GC invocations=94 (full 7):
 def new generation   total 192384K, used 192384K [0x03c00000, 0x10cb0000, 0x19150000)
  eden space 171072K, 100% used [0x03c00000, 0x0e310000, 0x0e310000)
  from space 21312K, 100% used [0x0f7e0000, 0x10cb0000, 0x10cb0000)
  to   space 21312K,   0% used [0x0e310000, 0x0e310000, 0x0f7e0000)
 tenured generation   total 427228K, used 370998K [0x19150000, 0x33287000, 0x43c00000)
   the space 427228K,  86% used [0x19150000, 0x2fb9d8d0, 0x2fb9da00, 0x33287000)
 Metaspace       used 3554K, capacity 3598K, committed 3648K, reserved 4480K
Event: 9.406 GC heap after
Heap after GC invocations=95 (full 7):
 def new generation   total 192384K, used 21312K [0x03c00000, 0x10cb0000, 0x19150000)
  eden space 171072K,   0% used [0x03c00000, 0x03c00000, 0x0e310000)
  from space 21312K, 100% used [0x0e310000, 0x0f7e0000, 0x0f7e0000)
  to   space 21312K,   0% used [0x0f7e0000, 0x0f7e0000, 0x10cb0000)
 tenured generation   total 427228K, used 395691K [0x19150000, 0x33287000, 0x43c00000)
   the space 427228K,  92% used [0x19150000, 0x313bacd8, 0x313bae00, 0x33287000)
 Metaspace       used 3554K, capacity 3598K, committed 3648K, reserved 4480K
}
Event: 9.674 GC heap before
{Heap before GC invocations=95 (full 7):
 def new generation   total 192384K, used 192384K [0x03c00000, 0x10cb0000, 0x19150000)
  eden space 171072K, 100% used [0x03c00000, 0x0e310000, 0x0e310000)
  from space 21312K, 100% used [0x0e310000, 0x0f7e0000, 0x0f7e0000)
  to   space 21312K,   0% used [0x0f7e0000, 0x0f7e0000, 0x10cb0000)
 tenured generation   total 427228K, used 395691K [0x19150000, 0x33287000, 0x43c00000)
   the space 427228K,  92% used [0x19150000, 0x313bacd8, 0x313bae00, 0x33287000)
 Metaspace       used 3554K, capacity 3598K, committed 3648K, reserved 4480K
Event: 9.786 GC heap after
Heap after GC invocations=96 (full 7):
 def new generation   total 192384K, used 21311K [0x03c00000, 0x10cb0000, 0x19150000)
  eden space 171072K,   0% used [0x03c00000, 0x03c00000, 0x0e310000)
  from space 21312K,  99% used [0x0f7e0000, 0x10cafff8, 0x10cb0000)
  to   space 21312K,   0% used [0x0e310000, 0x0e310000, 0x0f7e0000)
 tenured generation   total 427228K, used 420225K [0x19150000, 0x33287000, 0x43c00000)
   the space 427228K,  98% used [0x19150000, 0x32bb04f0, 0x32bb0600, 0x33287000)
 Metaspace       used 3554K, capacity 3598K, committed 3648K, reserved 4480K
}
Event: 10.084 GC heap before
{Heap before GC invocations=96 (full 7):
 def new generation   total 192384K, used 192383K [0x03c00000, 0x10cb0000, 0x19150000)
  eden space 171072K, 100% used [0x03c00000, 0x0e310000, 0x0e310000)
  from space 21312K,  99% used [0x0f7e0000, 0x10cafff8, 0x10cb0000)
  to   space 21312K,   0% used [0x0e310000, 0x0e310000, 0x0f7e0000)
 tenured generation   total 427228K, used 420225K [0x19150000, 0x33287000, 0x43c00000)
   the space 427228K,  98% used [0x19150000, 0x32bb04f0, 0x32bb0600, 0x33287000)
 Metaspace       used 3554K, capacity 3598K, committed 3648K, reserved 4480K
Event: 11.486 GC heap after
Heap after GC invocations=97 (full 8):
 def new generation   total 314560K, used 2528K [0x03c00000, 0x19150000, 0x19150000)
  eden space 279616K,   0% used [0x03c00000, 0x03e78190, 0x14d10000)
  from space 34944K,   0% used [0x14d10000, 0x14d10000, 0x16f30000)
  to   space 34944K,   0% used [0x16f30000, 0x16f30000, 0x19150000)
 tenured generation   total 699072K, used 443739K [0x19150000, 0x43c00000, 0x43c00000)
   the space 699072K,  63% used [0x19150000, 0x342a6fe0, 0x342a7000, 0x43c00000)
 Metaspace       used 3554K, capacity 3598K, committed 3648K, reserved 4480K
}
Event: 11.960 GC heap before
{Heap before GC invocations=97 (full 8):
 def new generation   total 314560K, used 279616K [0x03c00000, 0x19150000, 0x19150000)
  eden space 279616K, 100% used [0x03c00000, 0x14d10000, 0x14d10000)
  from space 34944K,   0% used [0x14d10000, 0x14d10000, 0x16f30000)
  to   space 34944K,   0% used [0x16f30000, 0x16f30000, 0x19150000)
 tenured generation   total 699072K, used 443739K [0x19150000, 0x43c00000, 0x43c00000)
   the space 699072K,  63% used [0x19150000, 0x342a6fe0, 0x342a7000, 0x43c00000)
 Metaspace       used 3554K, capacity 3598K, committed 3648K, reserved 4480K

Deoptimization events (0 events):
No events

Internal exceptions (5 events):
Event: 0.024 Thread 0x0010bc00 Exception <a 'java/lang/NoSuchMethodError': Method sun.misc.Unsafe.defineClass(Ljava/lang/String;[BII)Ljava/lang/Class; name or signature does not match> (0x03c06ea8) thrown at [C:\re\workspace\8-2-build-windows-i586-cygwin\jdk8u101\7261\hotspot\src\share\~ªðÅŸà˜?
Event: 0.024 Thread 0x0010bc00 Exception <a 'java/lang/NoSuchMethodError': Method sun.misc.Unsafe.prefetchRead(Ljava/lang/Object;J)V name or signature does not match> (0x03c07178) thrown at [C:\re\workspace\8-2-build-windows-i586-cygwin\jdk8u101\7261\hotspot\src\share\vm\prims\jni.cpp, ~?Y_ë?
Event: 0.855 Thread 0x445b9800 Exception <a 'java/lang/ArrayIndexOutOfBoundsException': 18> (0x03c78ea0) thrown at [C:\re\workspace\8-2-build-windows-i586-cygwin\jdk8u101\7261\hotspot\src\share\vm\interpreter\interpreterRuntime.cpp, line 366]
Event: 0.856 Thread 0x445b9800 Exception <a 'java/lang/ArrayIndexOutOfBoundsException': 145> (0x03c7a740) thrown at [C:\re\workspace\8-2-build-windows-i586-cygwin\jdk8u101\7261\hotspot\src\share\vm\interpreter\interpreterRuntime.cpp, line 366]
Event: 0.856 Thread 0x445b9800 Exception <a 'java/lang/ArrayIndexOutOfBoundsException': 40> (0x03c7b820) thrown at [C:\re\workspace\8-2-build-windows-i586-cygwin\jdk8u101\7261\hotspot\src\share\vm\interpreter\interpreterRuntime.cpp, line 366]

Events (10 events):
Event: 8.635 Executing VM operation: GenCollectForAllocation done
Event: 8.903 Executing VM operation: GenCollectForAllocation
Event: 9.018 Executing VM operation: GenCollectForAllocation done
Event: 9.294 Executing VM operation: GenCollectForAllocation
Event: 9.406 Executing VM operation: GenCollectForAllocation done
Event: 9.674 Executing VM operation: GenCollectForAllocation
Event: 9.786 Executing VM operation: GenCollectForAllocation done
Event: 10.084 Executing VM operation: GenCollectForAllocation
Event: 11.486 Executing VM operation: GenCollectForAllocation done
Event: 11.960 Executing VM operation: GenCollectForAllocation


Dynamic libraries:
0x013b0000 - 0x013e3000 	C:\Program Files\Java\jdk1.8.0_101\bin\java.exe
0x77b90000 - 0x77ccc000 	C:\Windows\SYSTEM32\ntdll.dll
0x760c0000 - 0x76194000 	C:\Windows\system32\kernel32.dll
0x75d60000 - 0x75daa000 	C:\Windows\system32\KERNELBASE.dll
0x76440000 - 0x764e0000 	C:\Windows\system32\ADVAPI32.dll
0x76870000 - 0x7691c000 	C:\Windows\system32\msvcrt.dll
0x77940000 - 0x77959000 	C:\Windows\SYSTEM32\sechost.dll
0x76270000 - 0x76311000 	C:\Windows\system32\RPCRT4.dll
0x77960000 - 0x77a29000 	C:\Windows\system32\USER32.dll
0x75fe0000 - 0x7602e000 	C:\Windows\system32\GDI32.dll
0x76920000 - 0x7692a000 	C:\Windows\system32\LPK.dll
0x761d0000 - 0x7626d000 	C:\Windows\system32\USP10.dll
0x749f0000 - 0x74b8e000 	C:\Windows\WinSxS\x86_microsoft.windows.common-controls_6595b64144ccf1df_6.0.7600.16385_none_421189da2b7fabfc\COMCTL32.dll
0x76730000 - 0x76787000 	C:\Windows\system32\SHLWAPI.dll
0x76320000 - 0x7633f000 	C:\Windows\system32\IMM32.DLL
0x76790000 - 0x7685c000 	C:\Windows\system32\MSCTF.dll
0x69820000 - 0x698df000 	C:\Program Files\Java\jdk1.8.0_101\jre\bin\msvcr100.dll
0x50320000 - 0x506ec000 	C:\Program Files\Java\jdk1.8.0_101\jre\bin\client\jvm.dll
0x71290000 - 0x71297000 	C:\Windows\system32\WSOCK32.dll
0x77cd0000 - 0x77d05000 	C:\Windows\system32\WS2_32.dll
0x76860000 - 0x76866000 	C:\Windows\system32\NSI.dll
0x71490000 - 0x714c2000 	C:\Windows\system32\WINMM.dll
0x75020000 - 0x75029000 	C:\Windows\system32\VERSION.dll
0x77da0000 - 0x77da5000 	C:\Windows\system32\PSAPI.DLL
0x62550000 - 0x6255c000 	C:\Program Files\Java\jdk1.8.0_101\jre\bin\verify.dll
0x62520000 - 0x62541000 	C:\Program Files\Java\jdk1.8.0_101\jre\bin\java.dll
0x62500000 - 0x62513000 	C:\Program Files\Java\jdk1.8.0_101\jre\bin\zip.dll
0x76a70000 - 0x776b9000 	C:\Windows\system32\SHELL32.dll
0x77a30000 - 0x77b8c000 	C:\Windows\system32\ole32.dll
0x75ce0000 - 0x75ceb000 	C:\Windows\system32\profapi.dll
0x739f0000 - 0x73adb000 	C:\Windows\system32\dbghelp.dll

VM Arguments:
jvm_args: -Djava.awt.headless=true -Xmx1024M -Dfile.encoding=windows-1252 -Duser.country=US -Duser.language=en -Duser.variant 
java_command: com.android.dx.command.Main --dex --num-threads=4 --multi-dex --main-dex-list E:\SandeepProjectResources\MobipugNew\Mobipug27.10.18\MobipugSource\app\build\intermediates\multi-dex\debug\maindexlist.txt --output E:\SandeepProjectResources\MobipugNew\Mobipug27.10.18\MobipugSource\app\build\intermediates\transforms\dex\debug\folders\1000\1f\main E:\SandeepProjectResources\MobipugNew\Mobipug27.10.18\MobipugSource\app\build\intermediates\transforms\jarMerging\debug\jars\1\1f\combined.jar
java_class_path (initial): C:\Users\android-4\AppData\Local\Android\Sdk\build-tools\26.0.2\lib\dx.jar
Launcher Type: SUN_STANDARD

Environment Variables:
PATH=C:\ProgramData\Oracle\Java\javapath;C:\Windows\system32;C:\Windows;C:\Windows\System32\Wbem;C:\Windows\System32\WindowsPowerShell\v1.0\;C:\Program Files\Intel\OpenCL SDK\2.0\bin\x86;C:\Program Files\Skype\Phone\
USERNAME=android-4
OS=Windows_NT
PROCESSOR_IDENTIFIER=x86 Family 6 Model 42 Stepping 7, GenuineIntel



---------------  S Y S T E M  ---------------

OS: Windows 7 Build 7600 (6.1.7600.16385)

CPU:total 4 (2 cores per cpu, 2 threads per core) family 6 model 42 stepping 7, cmov, cx8, fxsr, mmx, sse, sse2, sse3, ssse3, sse4.1, sse4.2, popcnt, clmul, ht, tsc, tscinvbit

Memory: 4k page, physical 3578328k(364852k free), swap 24056564k(19582876k free)

vm_info: Java HotSpot(TM) Client VM (25.101-b13) for windows-x86 JRE (1.8.0_101-b13), built on Jun 22 2016 00:45:44 by "java_re" with MS VC++ 10.0 (VS2010)

time: Thu Nov 08 12:19:44 2018
elapsed time: 12 seconds (0d 0h 0m 12s)

