#
# A fatal error has been detected by the Java Runtime Environment:
#
#  EXCEPTION_ACCESS_VIOLATION (0xc0000005) at pc=0x504d4da9, pid=592, tid=0x00001568
#
# JRE version: Java(TM) SE Runtime Environment (8.0_101-b13) (build 1.8.0_101-b13)
# Java VM: Java HotSpot(TM) Client VM (25.101-b13 mixed mode windows-x86 )
# Problematic frame:
# V  [jvm.dll+0x1b4da9]
#
# Failed to write core dump. Minidumps are not enabled by default on client versions of Windows
#
# If you would like to submit a bug report, please visit:
#   http://bugreport.java.com/bugreport/crash.jsp
#

---------------  T H R E A D  ---------------

Current thread (0x443ea800):  VMThread [stack: 0x01320000,0x01370000] [id=5480]

siginfo: ExceptionCode=0xc0000005, reading address 0x00000089

Registers:
EAX=0x1c19f0d8, EBX=0x445ba694, ECX=0x4424f970, EDX=0x00000001
ESP=0x0136f0c0, EBP=0x0136f0d8, ESI=0x445ba690, EDI=0x506894cc
EIP=0x504d4da9, EFLAGS=0x00010206

Top of Stack: (sp=0x0136f0c0)
0x0136f0c0:   1c19f0d8 506894cc 445ba690 445ba694
0x0136f0d0:   506894cc 445ba690 0136f0e4 504d4fac
0x0136f0e0:   00000003 0136f100 5047883a 445ba690
0x0136f0f0:   445ba400 506894cc 00000000 445918e8
0x0136f100:   0136f2e8 50499eef 506894cc 00000001
0x0136f110:   445ba400 00000000 00000000 00000000
0x0136f120:   00000000 0136f374 0136f19c 00000012
0x0136f130:   0136f360 506894f0 0136f3e4 ffffffff 

Instructions: (pc=0x504d4da9)
0x504d4d89:   23 f0 29 35 50 94 68 50 a3 4c 94 68 50 8b c7 eb
0x504d4d99:   09 48 a3 4c 94 68 50 8b 04 81 8b 48 04 8b 11 50
0x504d4da9:   8b 82 88 00 00 00 ff d0 8b 0d 58 94 68 50 85 c9
0x504d4db9:   0f 85 51 ff ff ff a1 7c 94 68 50 85 c0 0f 84 b8 


Register to memory mapping:

EAX=0x1c19f0d8 is an oop

[error occurred during error reporting (printing register info), id 0xc0000005]

Stack: [0x01320000,0x01370000],  sp=0x0136f0c0,  free space=316k
Native frames: (J=compiled Java code, j=interpreted, Vv=VM code, C=native code)
V  [jvm.dll+0x1b4da9]
V  [jvm.dll+0x1b4fac]
V  [jvm.dll+0x15883a]
V  [jvm.dll+0x179eef]
V  [jvm.dll+0x1789ea]
V  [jvm.dll+0x97fb0]
V  [jvm.dll+0x992a1]
V  [jvm.dll+0x9b020]
V  [jvm.dll+0x9b489]
V  [jvm.dll+0x9a27f]
V  [jvm.dll+0xa64b2]
V  [jvm.dll+0x98e73]
V  [jvm.dll+0x92e25]
V  [jvm.dll+0x1b81c6]
V  [jvm.dll+0x18292b]
V  [jvm.dll+0x181d31]
V  [jvm.dll+0x182147]
V  [jvm.dll+0x182342]
V  [jvm.dll+0x1c1ed6]
C  [msvcr100.dll+0x5c556]
C  [msvcr100.dll+0x5c600]
C  [kernel32.dll+0x51174]
C  [ntdll.dll+0x5b3f5]
C  [ntdll.dll+0x5b3c8]

VM_Operation (0x44a6eae8): GenCollectForAllocation, mode: safepoint, requested by thread 0x445b4000


---------------  P R O C E S S  ---------------

Java Threads: ( => current thread )
  0x445ba400 JavaThread "pool-2-thread-4" [_thread_blocked, id=5044, stack(0x44c00000,0x44c50000)]
  0x445b4c00 JavaThread "pool-2-thread-3" [_thread_blocked, id=5124, stack(0x44c50000,0x44ca0000)]
  0x445b4000 JavaThread "pool-2-thread-2" [_thread_blocked, id=3352, stack(0x44a20000,0x44a70000)]
  0x4458dc00 JavaThread "pool-3-thread-1" [_thread_blocked, id=3484, stack(0x44930000,0x44980000)]
  0x4458d800 JavaThread "pool-2-thread-1" [_thread_blocked, id=2768, stack(0x01820000,0x01870000)]
  0x4444c000 JavaThread "Service Thread" daemon [_thread_blocked, id=3000, stack(0x449d0000,0x44a20000)]
  0x44439c00 JavaThread "C1 CompilerThread0" daemon [_thread_blocked, id=4788, stack(0x44980000,0x449d0000)]
  0x44439000 JavaThread "Attach Listener" daemon [_thread_blocked, id=5620, stack(0x447a0000,0x447f0000)]
  0x44436000 JavaThread "Signal Dispatcher" daemon [_thread_blocked, id=5168, stack(0x44850000,0x448a0000)]
  0x44416c00 JavaThread "Finalizer" daemon [_thread_blocked, id=2788, stack(0x44720000,0x44770000)]
  0x443f0400 JavaThread "Reference Handler" daemon [_thread_blocked, id=4688, stack(0x446c0000,0x44710000)]
  0x013abc00 JavaThread "main" [_thread_blocked, id=5684, stack(0x018e0000,0x01930000)]

Other Threads:
=>0x443ea800 VMThread [stack: 0x01320000,0x01370000] [id=5480]
  0x44433800 WatcherThread [stack: 0x44b00000,0x44b50000] [id=976]

VM state:at safepoint (normal execution)

VM Mutex/Monitor currently owned by a thread:  ([mutex/lock_event])
[0x013aa230] Threads_lock - owner thread: 0x443ea800
[0x013aa640] Heap_lock - owner thread: 0x445b4000

Heap:
 def new generation   total 25216K, used 2752K [0x03c00000, 0x05750000, 0x19150000)
  eden space 22464K,   0% used [0x03c00000, 0x03c00000, 0x051f0000)
  from space 2752K, 100% used [0x051f0000, 0x054a0000, 0x054a0000)
  to   space 2752K,   0% used [0x054a0000, 0x054a0000, 0x05750000)
 tenured generation   total 57580K, used 57477K [0x19150000, 0x1c98b000, 0x43c00000)
   the space 57580K,  99% used [0x19150000, 0x1c971648, 0x1c971800, 0x1c98b000)
 Metaspace       used 3557K, capacity 3598K, committed 3648K, reserved 4480K

Card table byte_map: [0x43c00000,0x43e10000] byte_map_base: 0x43be2000

Polling page: 0x00150000

CodeCache: size=32768Kb used=2995Kb max_used=2995Kb free=29772Kb
 bounds [0x01c00000, 0x01ef0000, 0x03c00000]
 total_blobs=1486 nmethods=1339 adapters=77
 compilation: enabled

Compilation events (10 events):
Event: 1.761 Thread 0x44439c00 1337             com.android.dx.rop.cst.CstLiteral64::hashCode (15 bytes)
Event: 1.761 Thread 0x44439c00 nmethod 1337 0x01eebb88 code [0x01eebc80, 0x01eebd20]
Event: 1.763 Thread 0x44439c00 1338             com.android.dx.cf.direct.AttributeFactory::parse0 (53 bytes)
Event: 1.764 Thread 0x44439c00 nmethod 1338 0x01eebd88 code [0x01eebed0, 0x01eec19c]
Event: 1.765 Thread 0x44439c00 1339             com.android.dx.cf.attrib.RawAttribute::<init> (17 bytes)
Event: 1.765 Thread 0x44439c00 nmethod 1339 0x01eec588 code [0x01eec6b0, 0x01eec894]
Event: 1.765 Thread 0x44439c00 1340             com.android.dx.cf.attrib.RawAttribute::<init> (30 bytes)
Event: 1.766 Thread 0x44439c00 nmethod 1340 0x01eeca48 code [0x01eecb60, 0x01eeccf8]
Event: 1.781 Thread 0x44439c00 1341             java.util.Collections$UnmodifiableList::get (11 bytes)
Event: 1.781 Thread 0x44439c00 nmethod 1341 0x01eece08 code [0x01eecf10, 0x01eecfac]

GC Heap History (10 events):
Event: 1.522 GC heap after
Heap after GC invocations=59 (full 3):
 def new generation   total 25216K, used 2752K [0x03c00000, 0x05750000, 0x19150000)
  eden space 22464K,   0% used [0x03c00000, 0x03c00000, 0x051f0000)
  from space 2752K, 100% used [0x054a0000, 0x05750000, 0x05750000)
  to   space 2752K,   0% used [0x051f0000, 0x051f0000, 0x054a0000)
 tenured generation   total 55788K, used 41002K [0x19150000, 0x1c7cb000, 0x43c00000)
   the space 55788K,  73% used [0x19150000, 0x1b95a9c0, 0x1b95aa00, 0x1c7cb000)
 Metaspace       used 3557K, capacity 3598K, committed 3648K, reserved 4480K
}
Event: 1.560 GC heap before
{Heap before GC invocations=59 (full 3):
 def new generation   total 25216K, used 25216K [0x03c00000, 0x05750000, 0x19150000)
  eden space 22464K, 100% used [0x03c00000, 0x051f0000, 0x051f0000)
  from space 2752K, 100% used [0x054a0000, 0x05750000, 0x05750000)
  to   space 2752K,   0% used [0x051f0000, 0x051f0000, 0x054a0000)
 tenured generation   total 55788K, used 41002K [0x19150000, 0x1c7cb000, 0x43c00000)
   the space 55788K,  73% used [0x19150000, 0x1b95a9c0, 0x1b95aa00, 0x1c7cb000)
 Metaspace       used 3557K, capacity 3598K, committed 3648K, reserved 4480K
Event: 1.576 GC heap after
Heap after GC invocations=60 (full 3):
 def new generation   total 25216K, used 2752K [0x03c00000, 0x05750000, 0x19150000)
  eden space 22464K,   0% used [0x03c00000, 0x03c00000, 0x051f0000)
  from space 2752K, 100% used [0x051f0000, 0x054a0000, 0x054a0000)
  to   space 2752K,   0% used [0x054a0000, 0x054a0000, 0x05750000)
 tenured generation   total 55788K, used 44815K [0x19150000, 0x1c7cb000, 0x43c00000)
   the space 55788K,  80% used [0x19150000, 0x1bd13c90, 0x1bd13e00, 0x1c7cb000)
 Metaspace       used 3557K, capacity 3598K, committed 3648K, reserved 4480K
}
Event: 1.616 GC heap before
{Heap before GC invocations=60 (full 3):
 def new generation   total 25216K, used 25216K [0x03c00000, 0x05750000, 0x19150000)
  eden space 22464K, 100% used [0x03c00000, 0x051f0000, 0x051f0000)
  from space 2752K, 100% used [0x051f0000, 0x054a0000, 0x054a0000)
  to   space 2752K,   0% used [0x054a0000, 0x054a0000, 0x05750000)
 tenured generation   total 55788K, used 44815K [0x19150000, 0x1c7cb000, 0x43c00000)
   the space 55788K,  80% used [0x19150000, 0x1bd13c90, 0x1bd13e00, 0x1c7cb000)
 Metaspace       used 3557K, capacity 3598K, committed 3648K, reserved 4480K
Event: 1.630 GC heap after
Heap after GC invocations=61 (full 3):
 def new generation   total 25216K, used 2752K [0x03c00000, 0x05750000, 0x19150000)
  eden space 22464K,   0% used [0x03c00000, 0x03c00000, 0x051f0000)
  from space 2752K, 100% used [0x054a0000, 0x05750000, 0x05750000)
  to   space 2752K,   0% used [0x051f0000, 0x051f0000, 0x054a0000)
 tenured generation   total 55788K, used 47973K [0x19150000, 0x1c7cb000, 0x43c00000)
   the space 55788K,  85% used [0x19150000, 0x1c029518, 0x1c029600, 0x1c7cb000)
 Metaspace       used 3557K, capacity 3598K, committed 3648K, reserved 4480K
}
Event: 1.667 GC heap before
{Heap before GC invocations=61 (full 3):
 def new generation   total 25216K, used 25216K [0x03c00000, 0x05750000, 0x19150000)
  eden space 22464K, 100% used [0x03c00000, 0x051f0000, 0x051f0000)
  from space 2752K, 100% used [0x054a0000, 0x05750000, 0x05750000)
  to   space 2752K,   0% used [0x051f0000, 0x051f0000, 0x054a0000)
 tenured generation   total 55788K, used 47973K [0x19150000, 0x1c7cb000, 0x43c00000)
   the space 55788K,  85% used [0x19150000, 0x1c029518, 0x1c029600, 0x1c7cb000)
 Metaspace       used 3557K, capacity 3598K, committed 3648K, reserved 4480K
Event: 1.680 GC heap after
Heap after GC invocations=62 (full 3):
 def new generation   total 25216K, used 2751K [0x03c00000, 0x05750000, 0x19150000)
  eden space 22464K,   0% used [0x03c00000, 0x03c00000, 0x051f0000)
  from space 2752K,  99% used [0x051f0000, 0x0549fff8, 0x054a0000)
  to   space 2752K,   0% used [0x054a0000, 0x054a0000, 0x05750000)
 tenured generation   total 55788K, used 50791K [0x19150000, 0x1c7cb000, 0x43c00000)
   the space 55788K,  91% used [0x19150000, 0x1c2e9fd8, 0x1c2ea000, 0x1c7cb000)
 Metaspace       used 3557K, capacity 3598K, committed 3648K, reserved 4480K
}
Event: 1.735 GC heap before
{Heap before GC invocations=62 (full 3):
 def new generation   total 25216K, used 25215K [0x03c00000, 0x05750000, 0x19150000)
  eden space 22464K, 100% used [0x03c00000, 0x051f0000, 0x051f0000)
  from space 2752K,  99% used [0x051f0000, 0x0549fff8, 0x054a0000)
  to   space 2752K,   0% used [0x054a0000, 0x054a0000, 0x05750000)
 tenured generation   total 55788K, used 50791K [0x19150000, 0x1c7cb000, 0x43c00000)
   the space 55788K,  91% used [0x19150000, 0x1c2e9fd8, 0x1c2ea000, 0x1c7cb000)
 Metaspace       used 3557K, capacity 3598K, committed 3648K, reserved 4480K
Event: 1.749 GC heap after
Heap after GC invocations=63 (full 3):
 def new generation   total 25216K, used 2751K [0x03c00000, 0x05750000, 0x19150000)
  eden space 22464K,   0% used [0x03c00000, 0x03c00000, 0x051f0000)
  from space 2752K,  99% used [0x054a0000, 0x0574fff8, 0x05750000)
  to   space 2752K,   0% used [0x051f0000, 0x051f0000, 0x054a0000)
 tenured generation   total 55788K, used 53950K [0x19150000, 0x1c7cb000, 0x43c00000)
   the space 55788K,  96% used [0x19150000, 0x1c5ff848, 0x1c5ffa00, 0x1c7cb000)
 Metaspace       used 3557K, capacity 3598K, committed 3648K, reserved 4480K
}
Event: 1.784 GC heap before
{Heap before GC invocations=63 (full 3):
 def new generation   total 25216K, used 25215K [0x03c00000, 0x05750000, 0x19150000)
  eden space 22464K, 100% used [0x03c00000, 0x051f0000, 0x051f0000)
  from space 2752K,  99% used [0x054a0000, 0x0574fff8, 0x05750000)
  to   space 2752K,   0% used [0x051f0000, 0x051f0000, 0x054a0000)
 tenured generation   total 55788K, used 53950K [0x19150000, 0x1c7cb000, 0x43c00000)
   the space 55788K,  96% used [0x19150000, 0x1c5ff848, 0x1c5ffa00, 0x1c7cb000)
 Metaspace       used 3557K, capacity 3598K, committed 3648K, reserved 4480K

Deoptimization events (0 events):
No events

Internal exceptions (5 events):
Event: 0.026 Thread 0x013abc00 Exception <a 'java/lang/NoSuchMethodError': Method sun.misc.Unsafe.defineClass(Ljava/lang/String;[BII)Ljava/lang/Class; name or signature does not match> (0x03c06ea8) thrown at [C:\re\workspace\8-2-build-windows-i586-cygwin\jdk8u101\7261\hotspot\src\share\9æ≠Ii*ö?
Event: 0.026 Thread 0x013abc00 Exception <a 'java/lang/NoSuchMethodError': Method sun.misc.Unsafe.prefetchRead(Ljava/lang/Object;J)V name or signature does not match> (0x03c07178) thrown at [C:\re\workspace\8-2-build-windows-i586-cygwin\jdk8u101\7261\hotspot\src\share\vm\prims\jni.cpp, ﬂ%SèôÎ?
Event: 0.862 Thread 0x4458d800 Exception <a 'java/lang/ArrayIndexOutOfBoundsException': 18> (0x03d2dd58) thrown at [C:\re\workspace\8-2-build-windows-i586-cygwin\jdk8u101\7261\hotspot\src\share\vm\interpreter\interpreterRuntime.cpp, line 366]
Event: 0.863 Thread 0x4458d800 Exception <a 'java/lang/ArrayIndexOutOfBoundsException': 145> (0x03d2f5f8) thrown at [C:\re\workspace\8-2-build-windows-i586-cygwin\jdk8u101\7261\hotspot\src\share\vm\interpreter\interpreterRuntime.cpp, line 366]
Event: 0.863 Thread 0x4458d800 Exception <a 'java/lang/ArrayIndexOutOfBoundsException': 40> (0x03d64520) thrown at [C:\re\workspace\8-2-build-windows-i586-cygwin\jdk8u101\7261\hotspot\src\share\vm\interpreter\interpreterRuntime.cpp, line 366]

Events (10 events):
Event: 1.522 Executing VM operation: GenCollectForAllocation done
Event: 1.560 Executing VM operation: GenCollectForAllocation
Event: 1.576 Executing VM operation: GenCollectForAllocation done
Event: 1.615 Executing VM operation: GenCollectForAllocation
Event: 1.630 Executing VM operation: GenCollectForAllocation done
Event: 1.667 Executing VM operation: GenCollectForAllocation
Event: 1.680 Executing VM operation: GenCollectForAllocation done
Event: 1.735 Executing VM operation: GenCollectForAllocation
Event: 1.749 Executing VM operation: GenCollectForAllocation done
Event: 1.784 Executing VM operation: GenCollectForAllocation


Dynamic libraries:
0x013b0000 - 0x013e3000 	C:\Program Files\Java\jdk1.8.0_101\bin\java.exe
0x77b90000 - 0x77ccc000 	C:\Windows\SYSTEM32\ntdll.dll
0x760c0000 - 0x76194000 	C:\Windows\system32\kernel32.dll
0x75d60000 - 0x75daa000 	C:\Windows\system32\KERNELBASE.dll
0x76440000 - 0x764e0000 	C:\Windows\system32\ADVAPI32.dll
0x76870000 - 0x7691c000 	C:\Windows\system32\msvcrt.dll
0x77940000 - 0x77959000 	C:\Windows\SYSTEM32\sechost.dll
0x76270000 - 0x76311000 	C:\Windows\system32\RPCRT4.dll
0x77960000 - 0x77a29000 	C:\Windows\system32\USER32.dll
0x75fe0000 - 0x7602e000 	C:\Windows\system32\GDI32.dll
0x76920000 - 0x7692a000 	C:\Windows\system32\LPK.dll
0x761d0000 - 0x7626d000 	C:\Windows\system32\USP10.dll
0x749f0000 - 0x74b8e000 	C:\Windows\WinSxS\x86_microsoft.windows.common-controls_6595b64144ccf1df_6.0.7600.16385_none_421189da2b7fabfc\COMCTL32.dll
0x76730000 - 0x76787000 	C:\Windows\system32\SHLWAPI.dll
0x76320000 - 0x7633f000 	C:\Windows\system32\IMM32.DLL
0x76790000 - 0x7685c000 	C:\Windows\system32\MSCTF.dll
0x69820000 - 0x698df000 	C:\Program Files\Java\jdk1.8.0_101\jre\bin\msvcr100.dll
0x50320000 - 0x506ec000 	C:\Program Files\Java\jdk1.8.0_101\jre\bin\client\jvm.dll
0x71290000 - 0x71297000 	C:\Windows\system32\WSOCK32.dll
0x77cd0000 - 0x77d05000 	C:\Windows\system32\WS2_32.dll
0x76860000 - 0x76866000 	C:\Windows\system32\NSI.dll
0x71490000 - 0x714c2000 	C:\Windows\system32\WINMM.dll
0x75020000 - 0x75029000 	C:\Windows\system32\VERSION.dll
0x77da0000 - 0x77da5000 	C:\Windows\system32\PSAPI.DLL
0x62550000 - 0x6255c000 	C:\Program Files\Java\jdk1.8.0_101\jre\bin\verify.dll
0x62520000 - 0x62541000 	C:\Program Files\Java\jdk1.8.0_101\jre\bin\java.dll
0x62500000 - 0x62513000 	C:\Program Files\Java\jdk1.8.0_101\jre\bin\zip.dll
0x76a70000 - 0x776b9000 	C:\Windows\system32\SHELL32.dll
0x77a30000 - 0x77b8c000 	C:\Windows\system32\ole32.dll
0x75ce0000 - 0x75ceb000 	C:\Windows\system32\profapi.dll
0x739f0000 - 0x73adb000 	C:\Windows\system32\dbghelp.dll

VM Arguments:
jvm_args: -Djava.awt.headless=true -Xmx1024M -Dfile.encoding=windows-1252 -Duser.country=US -Duser.language=en -Duser.variant 
java_command: com.android.dx.command.Main --dex --num-threads=4 --multi-dex --main-dex-list E:\SandeepProjectResources\MobipugNew\Mobipug27.10.18\MobipugSource\app\build\intermediates\multi-dex\debug\maindexlist.txt --output E:\SandeepProjectResources\MobipugNew\Mobipug27.10.18\MobipugSource\app\build\intermediates\transforms\dex\debug\folders\1000\1f\main E:\SandeepProjectResources\MobipugNew\Mobipug27.10.18\MobipugSource\app\build\intermediates\transforms\jarMerging\debug\jars\1\1f\combined.jar
java_class_path (initial): C:\Users\android-4\AppData\Local\Android\Sdk\build-tools\26.0.2\lib\dx.jar
Launcher Type: SUN_STANDARD

Environment Variables:
PATH=C:\ProgramData\Oracle\Java\javapath;C:\Windows\system32;C:\Windows;C:\Windows\System32\Wbem;C:\Windows\System32\WindowsPowerShell\v1.0\;C:\Program Files\Intel\OpenCL SDK\2.0\bin\x86;C:\Program Files\Skype\Phone\
USERNAME=android-4
OS=Windows_NT
PROCESSOR_IDENTIFIER=x86 Family 6 Model 42 Stepping 7, GenuineIntel



---------------  S Y S T E M  ---------------

OS: Windows 7 Build 7600 (6.1.7600.16385)

CPU:total 4 (2 cores per cpu, 2 threads per core) family 6 model 42 stepping 7, cmov, cx8, fxsr, mmx, sse, sse2, sse3, ssse3, sse4.1, sse4.2, popcnt, clmul, ht, tsc, tscinvbit

Memory: 4k page, physical 3578328k(987792k free), swap 24056564k(20551460k free)

vm_info: Java HotSpot(TM) Client VM (25.101-b13) for windows-x86 JRE (1.8.0_101-b13), built on Jun 22 2016 00:45:44 by "java_re" with MS VC++ 10.0 (VS2010)

time: Thu Nov 08 12:19:08 2018
elapsed time: 1 seconds (0d 0h 0m 1s)

