#
# A fatal error has been detected by the Java Runtime Environment:
#
#  EXCEPTION_ACCESS_VIOLATION (0xc0000005) at pc=0x51815a38, pid=4536, tid=0x000015d4
#
# JRE version: Java(TM) SE Runtime Environment (8.0_101-b13) (build 1.8.0_101-b13)
# Java VM: Java HotSpot(TM) Client VM (25.101-b13 mixed mode windows-x86 )
# Problematic frame:
# V  [jvm.dll+0xa5a38]
#
# Failed to write core dump. Minidumps are not enabled by default on client versions of Windows
#
# If you would like to submit a bug report, please visit:
#   http://bugreport.java.com/bugreport/crash.jsp
#

---------------  T H R E A D  ---------------

Current thread (0x445ea800):  VMThread [stack: 0x00590000,0x005e0000] [id=5588]

siginfo: ExceptionCode=0xc0000005, reading address 0x00000004

Registers:
EAX=0x00000000, EBX=0x005df4a4, ECX=0x00000000, EDX=0x3ffffffe
ESP=0x005df458, EBP=0x005df480, ESI=0x0e808030, EDI=0x104c2e28
EIP=0x51815a38, EFLAGS=0x00010293

Top of Stack: (sp=0x005df458)
0x005df458:   00a72660 005df4a4 00000001 00a72660
0x005df468:   14f10000 0e807fd0 0e808030 03e00000
0x005df478:   00000000 053d2078 005df494 51809ba2
0x005df488:   005df4a4 00a6f210 00a6f210 005df4b0
0x005df498:   518085bd 005df4a4 00a6f210 00a71c88
0x005df4a8:   00a72660 14f10000 005df59c 5180b4be
0x005df4b8:   445d8518 00ae3230 00a74050 51a4b934
0x005df4c8:   00620100 00ae3230 0062ede4 0575f3e9 

Instructions: (pc=0x51815a38)
0x51815a18:   8b 01 8b 90 94 00 00 00 53 57 56 ff d2 8d 34 be
0x51815a28:   89 45 fc 89 75 f0 e9 e8 00 00 00 8b fe 8b 4f 04
0x51815a38:   8b 41 04 85 c0 7e 09 a8 01 75 33 c1 f8 02 eb 36
0x51815a48:   79 2c 8b 5f 08 8b 15 2c 8c ad 51 8b c8 83 e1 3f 


Register to memory mapping:

EAX=0x00000000 is an unknown value
EBX=0x005df4a4 is an unknown value
ECX=0x00000000 is an unknown value
EDX=0x3ffffffe is pointing into object: 0x3ff8aba8
[Ljava.util.HashMap$Node; 
 - klass: 'java/util/HashMap$Node'[]
 - length: 1048576
ESP=0x005df458 is an unknown value
EBP=0x005df480 is an unknown value
ESI=
[error occurred during error reporting (printing register info), id 0xc0000005]

Stack: [0x00590000,0x005e0000],  sp=0x005df458,  free space=317k
Native frames: (J=compiled Java code, j=interpreted, Vv=VM code, C=native code)
V  [jvm.dll+0xa5a38]
V  [jvm.dll+0x99ba2]
V  [jvm.dll+0x985bd]
V  [jvm.dll+0x9b4be]
V  [jvm.dll+0x9a27f]
V  [jvm.dll+0xa64b2]
V  [jvm.dll+0x98e73]
V  [jvm.dll+0x92e25]
V  [jvm.dll+0x1b81c6]
V  [jvm.dll+0x18292b]
V  [jvm.dll+0x181d31]
V  [jvm.dll+0x182147]
V  [jvm.dll+0x182342]
V  [jvm.dll+0x1c1ed6]
C  [msvcr100.dll+0x5c556]
C  [msvcr100.dll+0x5c600]
C  [kernel32.dll+0x51174]
C  [ntdll.dll+0x5b3f5]
C  [ntdll.dll+0x5b3c8]

VM_Operation (0x44cdf008): GenCollectForAllocation, mode: safepoint, requested by thread 0x447b5000


---------------  P R O C E S S  ---------------

Java Threads: ( => current thread )
  0x44eee400 JavaThread "pool-1-thread-1" [_thread_blocked, id=4796, stack(0x44b90000,0x44be0000)]
  0x447b5000 JavaThread "pool-2-thread-4" [_thread_blocked, id=2984, stack(0x44c90000,0x44ce0000)]
  0x447b4000 JavaThread "pool-2-thread-3" [_thread_blocked, id=3416, stack(0x44b40000,0x44b90000)]
  0x447b3000 JavaThread "pool-2-thread-2" [_thread_blocked, id=2488, stack(0x44a10000,0x44a60000)]
  0x44784000 JavaThread "pool-3-thread-1" [_thread_blocked, id=2924, stack(0x44ac0000,0x44b10000)]
  0x4477e000 JavaThread "pool-2-thread-1" [_thread_blocked, id=6064, stack(0x44a70000,0x44ac0000)]
  0x4464cc00 JavaThread "Service Thread" daemon [_thread_blocked, id=2428, stack(0x44960000,0x449b0000)]
  0x4463a000 JavaThread "C1 CompilerThread0" daemon [_thread_blocked, id=5752, stack(0x448b0000,0x44900000)]
  0x44639000 JavaThread "Attach Listener" daemon [_thread_blocked, id=3932, stack(0x44820000,0x44870000)]
  0x44636000 JavaThread "Signal Dispatcher" daemon [_thread_blocked, id=4508, stack(0x00fe0000,0x01030000)]
  0x44616c00 JavaThread "Finalizer" daemon [_thread_blocked, id=5712, stack(0x00f70000,0x00fc0000)]
  0x445f0400 JavaThread "Reference Handler" daemon [_thread_blocked, id=4148, stack(0x006f0000,0x00740000)]
  0x006ebc00 JavaThread "main" [_thread_blocked, id=2520, stack(0x005e0000,0x00630000)]

Other Threads:
=>0x445ea800 VMThread [stack: 0x00590000,0x005e0000] [id=5588]
  0x44630400 WatcherThread [stack: 0x44900000,0x44950000] [id=5104]

VM state:at safepoint (normal execution)

VM Mutex/Monitor currently owned by a thread:  ([mutex/lock_event])
[0x006ea230] Threads_lock - owner thread: 0x445ea800
[0x006ea640] Heap_lock - owner thread: 0x447b5000

Heap:
 def new generation   total 314560K, used 279616K [0x03e00000, 0x19350000, 0x19350000)
  eden space 279616K, 100% used [0x03e00000, 0x14f10000, 0x14f10000)
  from space 34944K,   0% used [0x14f10000, 0x14f10000, 0x17130000)
  to   space 34944K,   0% used [0x17130000, 0x17130000, 0x19350000)
 tenured generation   total 699072K, used 695888K [0x19350000, 0x43e00000, 0x43e00000)
   the space 699072K,  99% used [0x19350000, 0x43ae4040, 0x43e00000, 0x43e00000)
 Metaspace       used 3568K, capacity 3598K, committed 3648K, reserved 4480K

Card table byte_map: [0x43e00000,0x44010000] byte_map_base: 0x43de1000

Polling page: 0x00260000

CodeCache: size=32768Kb used=3726Kb max_used=3726Kb free=29041Kb
 bounds [0x01cb0000, 0x02058000, 0x03cb0000]
 total_blobs=1962 nmethods=1815 adapters=77
 compilation: enabled

Compilation events (10 events):
Event: 29.387 Thread 0x4463a000 1827             com.android.dx.dex.file.ClassDataItem::addContents (207 bytes)
Event: 29.389 Thread 0x4463a000 nmethod 1827 0x02032c48 code [0x02032e50, 0x020334e8]
Event: 29.391 Thread 0x4463a000 1828             com.android.dx.dex.file.EncodedMethod::compareTo (9 bytes)
Event: 29.391 Thread 0x4463a000 nmethod 1828 0x01df1048 code [0x01df1150, 0x01df121c]
Event: 29.391 Thread 0x4463a000 1829             com.android.dx.dex.file.EncodedMethod::compareTo (12 bytes)
Event: 29.392 Thread 0x4463a000 nmethod 1829 0x02032688 code [0x020327c0, 0x0203296c]
Event: 29.422 Thread 0x4463a000 1830             java.util.ComparableTimSort::mergeHi (729 bytes)
Event: 29.424 Thread 0x4463a000 nmethod 1830 0x020523c8 code [0x02052600, 0x020539a0]
Event: 29.424 Thread 0x4463a000 1831             java.util.ComparableTimSort::mergeLo (656 bytes)
Event: 29.426 Thread 0x4463a000 nmethod 1831 0x020304c8 code [0x02030700, 0x02031a40]

GC Heap History (10 events):
Event: 19.543 GC heap after
Heap after GC invocations=102 (full 9):
 def new generation   total 314560K, used 0K [0x03e00000, 0x19350000, 0x19350000)
  eden space 279616K,   0% used [0x03e00000, 0x03e00000, 0x14f10000)
  from space 34944K,   0% used [0x17130000, 0x17130000, 0x19350000)
  to   space 34944K,   0% used [0x14f10000, 0x14f10000, 0x17130000)
 tenured generation   total 699072K, used 602373K [0x19350000, 0x43e00000, 0x43e00000)
   the space 699072K,  86% used [0x19350000, 0x3df91470, 0x3df91600, 0x43e00000)
 Metaspace       used 3550K, capacity 3598K, committed 3648K, reserved 4480K
}
Event: 21.115 GC heap before
{Heap before GC invocations=102 (full 9):
 def new generation   total 314560K, used 279616K [0x03e00000, 0x19350000, 0x19350000)
  eden space 279616K, 100% used [0x03e00000, 0x14f10000, 0x14f10000)
  from space 34944K,   0% used [0x17130000, 0x17130000, 0x19350000)
  to   space 34944K,   0% used [0x14f10000, 0x14f10000, 0x17130000)
 tenured generation   total 699072K, used 602373K [0x19350000, 0x43e00000, 0x43e00000)
   the space 699072K,  86% used [0x19350000, 0x3df91470, 0x3df91600, 0x43e00000)
 Metaspace       used 3550K, capacity 3598K, committed 3648K, reserved 4480K
Event: 21.231 GC heap after
Heap after GC invocations=103 (full 9):
 def new generation   total 314560K, used 34943K [0x03e00000, 0x19350000, 0x19350000)
  eden space 279616K,   0% used [0x03e00000, 0x03e00000, 0x14f10000)
  from space 34944K,  99% used [0x14f10000, 0x1712fff8, 0x17130000)
  to   space 34944K,   0% used [0x17130000, 0x17130000, 0x19350000)
 tenured generation   total 699072K, used 689780K [0x19350000, 0x43e00000, 0x43e00000)
   the space 699072K,  98% used [0x19350000, 0x434ed338, 0x434ed400, 0x43e00000)
 Metaspace       used 3550K, capacity 3598K, committed 3648K, reserved 4480K
}
Event: 22.506 GC heap before
{Heap before GC invocations=103 (full 9):
 def new generation   total 314560K, used 314559K [0x03e00000, 0x19350000, 0x19350000)
  eden space 279616K, 100% used [0x03e00000, 0x14f10000, 0x14f10000)
  from space 34944K,  99% used [0x14f10000, 0x1712fff8, 0x17130000)
  to   space 34944K,   0% used [0x17130000, 0x17130000, 0x19350000)
 tenured generation   total 699072K, used 689780K [0x19350000, 0x43e00000, 0x43e00000)
   the space 699072K,  98% used [0x19350000, 0x434ed338, 0x434ed400, 0x43e00000)
 Metaspace       used 3550K, capacity 3598K, committed 3648K, reserved 4480K
Event: 24.005 GC heap after
Heap after GC invocations=104 (full 10):
 def new generation   total 314560K, used 10638K [0x03e00000, 0x19350000, 0x19350000)
  eden space 279616K,   3% used [0x03e00000, 0x04863888, 0x14f10000)
  from space 34944K,   0% used [0x14f10000, 0x14f10000, 0x17130000)
  to   space 34944K,   0% used [0x17130000, 0x17130000, 0x19350000)
 tenured generation   total 699072K, used 699071K [0x19350000, 0x43e00000, 0x43e00000)
   the space 699072K,  99% used [0x19350000, 0x43dffd70, 0x43dffe00, 0x43e00000)
 Metaspace       used 3550K, capacity 3598K, committed 3648K, reserved 4480K
}
Event: 24.801 GC heap before
{Heap before GC invocations=104 (full 10):
 def new generation   total 314560K, used 314560K [0x03e00000, 0x19350000, 0x19350000)
  eden space 279616K, 100% used [0x03e00000, 0x14f10000, 0x14f10000)
  from space 34944K, 100% used [0x14f10000, 0x17130000, 0x17130000)
  to   space 34944K,   0% used [0x17130000, 0x17130000, 0x19350000)
 tenured generation   total 699072K, used 699072K [0x19350000, 0x43e00000, 0x43e00000)
   the space 699072K, 100% used [0x19350000, 0x43e00000, 0x43e00000, 0x43e00000)
 Metaspace       used 3550K, capacity 3598K, committed 3648K, reserved 4480K
Event: 26.376 GC heap after
Heap after GC invocations=105 (full 11):
 def new generation   total 314560K, used 0K [0x03e00000, 0x19350000, 0x19350000)
  eden space 279616K,   0% used [0x03e00000, 0x03e00000, 0x14f10000)
  from space 34944K,   0% used [0x14f10000, 0x14f10000, 0x17130000)
  to   space 34944K,   0% used [0x17130000, 0x17130000, 0x19350000)
 tenured generation   total 699072K, used 684228K [0x19350000, 0x43e00000, 0x43e00000)
   the space 699072K,  97% used [0x19350000, 0x42f811e0, 0x42f81200, 0x43e00000)
 Metaspace       used 3550K, capacity 3598K, committed 3648K, reserved 4480K
}
Event: 26.847 GC heap before
{Heap before GC invocations=105 (full 11):
 def new generation   total 314560K, used 279616K [0x03e00000, 0x19350000, 0x19350000)
  eden space 279616K, 100% used [0x03e00000, 0x14f10000, 0x14f10000)
  from space 34944K,   0% used [0x14f10000, 0x14f10000, 0x17130000)
  to   space 34944K,   0% used [0x17130000, 0x17130000, 0x19350000)
 tenured generation   total 699072K, used 684228K [0x19350000, 0x43e00000, 0x43e00000)
   the space 699072K,  97% used [0x19350000, 0x42f811e0, 0x42f81200, 0x43e00000)
 Metaspace       used 3550K, capacity 3598K, committed 3648K, reserved 4480K
Event: 28.899 GC heap after
Heap after GC invocations=106 (full 12):
 def new generation   total 314560K, used 0K [0x03e00000, 0x19350000, 0x19350000)
  eden space 279616K,   0% used [0x03e00000, 0x03e00000, 0x14f10000)
  from space 34944K,   0% used [0x14f10000, 0x14f10000, 0x17130000)
  to   space 34944K,   0% used [0x17130000, 0x17130000, 0x19350000)
 tenured generation   total 699072K, used 695888K [0x19350000, 0x43e00000, 0x43e00000)
   the space 699072K,  99% used [0x19350000, 0x43ae4040, 0x43ae4200, 0x43e00000)
 Metaspace       used 3550K, capacity 3598K, committed 3648K, reserved 4480K
}
Event: 29.438 GC heap before
{Heap before GC invocations=106 (full 12):
 def new generation   total 314560K, used 279616K [0x03e00000, 0x19350000, 0x19350000)
  eden space 279616K, 100% used [0x03e00000, 0x14f10000, 0x14f10000)
  from space 34944K,   0% used [0x14f10000, 0x14f10000, 0x17130000)
  to   space 34944K,   0% used [0x17130000, 0x17130000, 0x19350000)
 tenured generation   total 699072K, used 695888K [0x19350000, 0x43e00000, 0x43e00000)
   the space 699072K,  99% used [0x19350000, 0x43ae4040, 0x43ae4200, 0x43e00000)
 Metaspace       used 3568K, capacity 3598K, committed 3648K, reserved 4480K

Deoptimization events (0 events):
No events

Internal exceptions (5 events):
Event: 0.024 Thread 0x006ebc00 Exception <a 'java/lang/NoSuchMethodError': Method sun.misc.Unsafe.defineClass(Ljava/lang/String;[BII)Ljava/lang/Class; name or signature does not match> (0x03e06ea8) thrown at [C:\re\workspace\8-2-build-windows-i586-cygwin\jdk8u101\7261\hotspot\src\share\Î∂I÷ò?
Event: 0.024 Thread 0x006ebc00 Exception <a 'java/lang/NoSuchMethodError': Method sun.misc.Unsafe.prefetchRead(Ljava/lang/Object;J)V name or signature does not match> (0x03e07178) thrown at [C:\re\workspace\8-2-build-windows-i586-cygwin\jdk8u101\7261\hotspot\src\share\vm\prims\jni.cpp, q`ê/öÏ?
Event: 0.877 Thread 0x447b5000 Exception <a 'java/lang/ArrayIndexOutOfBoundsException': 18> (0x0443be10) thrown at [C:\re\workspace\8-2-build-windows-i586-cygwin\jdk8u101\7261\hotspot\src\share\vm\interpreter\interpreterRuntime.cpp, line 366]
Event: 0.877 Thread 0x447b5000 Exception <a 'java/lang/ArrayIndexOutOfBoundsException': 145> (0x0443d6b0) thrown at [C:\re\workspace\8-2-build-windows-i586-cygwin\jdk8u101\7261\hotspot\src\share\vm\interpreter\interpreterRuntime.cpp, line 366]
Event: 0.878 Thread 0x447b5000 Exception <a 'java/lang/ArrayIndexOutOfBoundsException': 40> (0x0443e790) thrown at [C:\re\workspace\8-2-build-windows-i586-cygwin\jdk8u101\7261\hotspot\src\share\vm\interpreter\interpreterRuntime.cpp, line 366]

Events (10 events):
Event: 29.243 loading class java/util/SortedSet
Event: 29.244 loading class java/util/SortedSet done
Event: 29.244 loading class java/util/NavigableSet done
Event: 29.244 loading class java/util/TreeMap$KeySet done
Event: 29.244 loading class java/util/TreeMap$KeyIterator
Event: 29.244 loading class java/util/TreeMap$KeyIterator done
Event: 29.280 Thread 0x4463a000 flushing nmethod 0x02030448
Event: 29.283 loading class com/android/dx/rop/cst/Zeroes
Event: 29.283 loading class com/android/dx/rop/cst/Zeroes done
Event: 29.438 Executing VM operation: GenCollectForAllocation


Dynamic libraries:
0x01070000 - 0x010a3000 	C:\Program Files\Java\jdk1.8.0_101\bin\java.exe
0x76f00000 - 0x7703c000 	C:\Windows\SYSTEM32\ntdll.dll
0x755f0000 - 0x756c4000 	C:\Windows\system32\kernel32.dll
0x751f0000 - 0x7523a000 	C:\Windows\system32\KERNELBASE.dll
0x753a0000 - 0x75440000 	C:\Windows\system32\ADVAPI32.dll
0x76520000 - 0x765cc000 	C:\Windows\system32\msvcrt.dll
0x75370000 - 0x75389000 	C:\Windows\SYSTEM32\sechost.dll
0x76470000 - 0x76511000 	C:\Windows\system32\RPCRT4.dll
0x756d0000 - 0x75799000 	C:\Windows\system32\USER32.dll
0x770e0000 - 0x7712e000 	C:\Windows\system32\GDI32.dll
0x75390000 - 0x7539a000 	C:\Windows\system32\LPK.dll
0x76b50000 - 0x76bed000 	C:\Windows\system32\USP10.dll
0x73dc0000 - 0x73f5e000 	C:\Windows\WinSxS\x86_microsoft.windows.common-controls_6595b64144ccf1df_6.0.7600.16385_none_421189da2b7fabfc\COMCTL32.dll
0x76af0000 - 0x76b47000 	C:\Windows\system32\SHLWAPI.dll
0x77040000 - 0x7705f000 	C:\Windows\system32\IMM32.DLL
0x76d30000 - 0x76dfc000 	C:\Windows\system32\MSCTF.dll
0x64db0000 - 0x64e6f000 	C:\Program Files\Java\jdk1.8.0_101\jre\bin\msvcr100.dll
0x51770000 - 0x51b3c000 	C:\Program Files\Java\jdk1.8.0_101\jre\bin\client\jvm.dll
0x70810000 - 0x70817000 	C:\Windows\system32\WSOCK32.dll
0x75440000 - 0x75475000 	C:\Windows\system32\WS2_32.dll
0x75350000 - 0x75356000 	C:\Windows\system32\NSI.dll
0x707c0000 - 0x707f2000 	C:\Windows\system32\WINMM.dll
0x74550000 - 0x74559000 	C:\Windows\system32\VERSION.dll
0x75360000 - 0x75365000 	C:\Windows\system32\PSAPI.DLL
0x720f0000 - 0x720fc000 	C:\Program Files\Java\jdk1.8.0_101\jre\bin\verify.dll
0x72070000 - 0x72091000 	C:\Program Files\Java\jdk1.8.0_101\jre\bin\java.dll
0x720b0000 - 0x720c3000 	C:\Program Files\Java\jdk1.8.0_101\jre\bin\zip.dll
0x75820000 - 0x76469000 	C:\Windows\system32\SHELL32.dll
0x75490000 - 0x755ec000 	C:\Windows\system32\ole32.dll
0x75050000 - 0x7505b000 	C:\Windows\system32\profapi.dll
0x72db0000 - 0x72e9b000 	C:\Windows\system32\dbghelp.dll

VM Arguments:
jvm_args: -Djava.awt.headless=true -Xmx1024M -Dfile.encoding=windows-1252 -Duser.country=US -Duser.language=en -Duser.variant 
java_command: com.android.dx.command.Main --dex --num-threads=4 --multi-dex --main-dex-list E:\SandeepProjectResources\MobipugNew\Mobipug27.10.18\MobipugSource\app\build\intermediates\multi-dex\debug\maindexlist.txt --output E:\SandeepProjectResources\MobipugNew\Mobipug27.10.18\MobipugSource\app\build\intermediates\transforms\dex\debug\folders\1000\1f\main E:\SandeepProjectResources\MobipugNew\Mobipug27.10.18\MobipugSource\app\build\intermediates\transforms\jarMerging\debug\jars\1\1f\combined.jar
java_class_path (initial): C:\Users\android-4\AppData\Local\Android\Sdk\build-tools\26.0.2\lib\dx.jar
Launcher Type: SUN_STANDARD

Environment Variables:
PATH=C:\ProgramData\Oracle\Java\javapath;C:\Windows\system32;C:\Windows;C:\Windows\System32\Wbem;C:\Windows\System32\WindowsPowerShell\v1.0\;C:\Program Files\Intel\OpenCL SDK\2.0\bin\x86;C:\Program Files\Skype\Phone\
USERNAME=android-4
OS=Windows_NT
PROCESSOR_IDENTIFIER=x86 Family 6 Model 42 Stepping 7, GenuineIntel



---------------  S Y S T E M  ---------------

OS: Windows 7 Build 7600 (6.1.7600.16385)

CPU:total 4 (2 cores per cpu, 2 threads per core) family 6 model 42 stepping 7, cmov, cx8, fxsr, mmx, sse, sse2, sse3, ssse3, sse4.1, sse4.2, popcnt, clmul, ht, tsc, tscinvbit

Memory: 4k page, physical 3578328k(271988k free), swap 24056564k(19177392k free)

vm_info: Java HotSpot(TM) Client VM (25.101-b13) for windows-x86 JRE (1.8.0_101-b13), built on Jun 22 2016 00:45:44 by "java_re" with MS VC++ 10.0 (VS2010)

time: Sat Nov 10 17:51:42 2018
elapsed time: 30 seconds (0d 0h 0m 30s)

