#
# A fatal error has been detected by the Java Runtime Environment:
#
#  EXCEPTION_ACCESS_VIOLATION (0xc0000005) at pc=0x50496d24, pid=1220, tid=0x000013f4
#
# JRE version: Java(TM) SE Runtime Environment (8.0_101-b13) (build 1.8.0_101-b13)
# Java VM: Java HotSpot(TM) Client VM (25.101-b13 mixed mode windows-x86 )
# Problematic frame:
# V  [jvm.dll+0x176d24]
#
# Failed to write core dump. Minidumps are not enabled by default on client versions of Windows
#
# If you would like to submit a bug report, please visit:
#   http://bugreport.java.com/bugreport/crash.jsp
#

---------------  T H R E A D  ---------------

Current thread (0x445bcc00):  JavaThread "pool-2-thread-2" [_thread_in_vm, id=5108, stack(0x44aa0000,0x44af0000)]

siginfo: ExceptionCode=0xc0000005, reading address 0x00000001

Registers:
EAX=0x00000001, EBX=0x445bcc00, ECX=0x00000000, EDX=0x00000003
ESP=0x44aef0d0, EBP=0x44aef0ec, ESI=0x00000001, EDI=0x14ba10d8
EIP=0x50496d24, EFLAGS=0x00010202

Top of Stack: (sp=0x44aef0d0)
0x44aef0d0:   445bcc00 14ba0f60 445bcc00 44aef0ec
0x44aef0e0:   503273c4 445bcc00 00000003 44aef108
0x44aef0f0:   5041c382 445bcc00 14ba10d8 445bcc00
0x44aef100:   14ba0f60 43f70c88 44aef128 01c9d138
0x44aef110:   445bcd40 44aef118 14ba10d8 00000003
0x44aef120:   44aef138 44aef138 44aef6cc 01c9c528
0x44aef130:   14ba02c0 44aef1a0 44aef6cc 01cb8160
0x44aef140:   14ba7948 03c002c0 14ba1120 00000001 

Instructions: (pc=0x50496d24)
0x50496d04:   83 7d f4 00 74 01 f0 0f b1 0a 3b c6 75 43 5f 5e
0x50496d14:   8b c3 5b 8b e5 5d c3 d1 e8 a8 01 74 13 83 f6 02
0x50496d24:   8b 06 c1 e8 07 85 c0 74 2b 5f 5e 5b 8b e5 5d c3
0x50496d34:   8b 13 8b 42 40 56 8b cb ff d0 84 c0 74 16 83 e6 


Register to memory mapping:

EAX=0x00000001 is an unknown value
EBX=0x445bcc00 is a thread
ECX=0x00000000 is an unknown value
EDX=0x00000003 is an unknown value
ESP=0x44aef0d0 is pointing into the stack for thread: 0x445bcc00
EBP=0x44aef0ec is pointing into the stack for thread: 0x445bcc00
ESI=0x00000001 is an unknown value
EDI=0x14ba10d8 is an unallocated location in the heap


Stack: [0x44aa0000,0x44af0000],  sp=0x44aef0d0,  free space=316k
Native frames: (J=compiled Java code, j=interpreted, Vv=VM code, C=native code)
V  [jvm.dll+0x176d24]
V  [jvm.dll+0xfc382]
J 221  java.lang.Object.hashCode()I (0 bytes) @ 0x01c9d138 [0x01c9d090+0xa8]
J 217 C1 java.util.HashMap.get(Ljava/lang/Object;)Ljava/lang/Object; (23 bytes) @ 0x01c9c528 [0x01c9c4e0+0x48]
J 380 C1 com.android.dx.ssa.SsaRenamer$BlockRenamer.process()V (191 bytes) @ 0x01cca96c [0x01cca8c0+0xac]
J 676 C1 com.android.dx.ssa.SsaRenamer$1.visitBlock(Lcom/android/dx/ssa/SsaBasicBlock;Lcom/android/dx/ssa/SsaBasicBlock;)V (16 bytes) @ 0x01d7a7d0 [0x01d7a750+0x80]
J 481 C1 com.android.dx.ssa.SsaMethod.forEachBlockDepthFirstDom(Lcom/android/dx/ssa/SsaBasicBlock$Visitor;)V (128 bytes) @ 0x01d0fbd4 [0x01d0f520+0x6b4]
J 1144 C1 com.android.dx.ssa.SsaConverter.convertToSsaMethod(Lcom/android/dx/rop/code/RopMethod;IZ)Lcom/android/dx/ssa/SsaMethod; (41 bytes) @ 0x01e389fc [0x01e38850+0x1ac]
J 1185 C1 com.android.dx.ssa.Optimizer.optimize(Lcom/android/dx/rop/code/RopMethod;IZZLcom/android/dx/rop/code/TranslationAdvice;Ljava/util/EnumSet;)Lcom/android/dx/rop/code/RopMethod; (67 bytes) @ 0x01e49a6c [0x01e49a20+0x4c]
J 1063 C1 com.android.dx.dex.cf.CfTranslator.processMethods(Lcom/android/dx/command/dexer/DxContext;Lcom/android/dx/cf/direct/DirectClassFile;Lcom/android/dx/dex/cf/CfOptions;Lcom/android/dx/dex/DexOptions;Lcom/android/dx/dex/file/ClassDefItem;Lcom/android/dx/dex/file/DexFile;)V (597 bytes) @ 0x01e13548 [0x01e12f00+0x648]
J 242 C1 com.android.dx.dex.cf.CfTranslator.translate0(Lcom/android/dx/command/dexer/DxContext;Lcom/android/dx/cf/direct/DirectClassFile;[BLcom/android/dx/dex/cf/CfOptions;Lcom/android/dx/dex/DexOptions;Lcom/android/dx/dex/file/DexFile;)Lcom/android/dx/dex/file/ClassDefItem; (416 bytes) @ 0x01ca0768 [0x01ca04b0+0x2b8]
J 1551 C1 com.android.dx.dex.cf.CfTranslator.translate(Lcom/android/dx/command/dexer/DxContext;Lcom/android/dx/cf/direct/DirectClassFile;[BLcom/android/dx/dex/cf/CfOptions;Lcom/android/dx/dex/DexOptions;Lcom/android/dx/dex/file/DexFile;)Lcom/android/dx/dex/file/ClassDefItem; (46 bytes) @ 0x01ebe538 [0x01ebe500+0x38]
J 1550 C1 com.android.dx.command.dexer.Main.translateClass([BLcom/android/dx/cf/direct/DirectClassFile;)Lcom/android/dx/dex/file/ClassDefItem; (86 bytes) @ 0x01ebdde4 [0x01ebdd90+0x54]
J 1547 C1 com.android.dx.command.dexer.Main$ClassTranslatorTask.call()Ljava/lang/Object; (5 bytes) @ 0x01ebd680 [0x01ebd650+0x30]
J 1389 C1 java.util.concurrent.FutureTask.run()V (126 bytes) @ 0x01e89760 [0x01e896d0+0x90]
j  java.util.concurrent.ThreadPoolExecutor.runWorker(Ljava/util/concurrent/ThreadPoolExecutor$Worker;)V+95
j  java.util.concurrent.ThreadPoolExecutor$Worker.run()V+5
j  java.lang.Thread.run()V+11
v  ~StubRoutines::call_stub
V  [jvm.dll+0x15a2e5]
V  [jvm.dll+0x21ff6e]
V  [jvm.dll+0x15a37e]
V  [jvm.dll+0x15a506]
V  [jvm.dll+0x15a577]
V  [jvm.dll+0xfe92f]
V  [jvm.dll+0x17d7dc]
V  [jvm.dll+0x17d8ca]
V  [jvm.dll+0x1c1ed6]
C  [msvcr100.dll+0x5c556]
C  [msvcr100.dll+0x5c600]
C  [kernel32.dll+0x51174]
C  [ntdll.dll+0x5b3f5]
C  [ntdll.dll+0x5b3c8]
C  0x00000000

Java frames: (J=compiled Java code, j=interpreted, Vv=VM code)
J 221  java.lang.Object.hashCode()I (0 bytes) @ 0x01c9d0f4 [0x01c9d090+0x64]
J 217 C1 java.util.HashMap.get(Ljava/lang/Object;)Ljava/lang/Object; (23 bytes) @ 0x01c9c528 [0x01c9c4e0+0x48]
J 380 C1 com.android.dx.ssa.SsaRenamer$BlockRenamer.process()V (191 bytes) @ 0x01cca96c [0x01cca8c0+0xac]
J 676 C1 com.android.dx.ssa.SsaRenamer$1.visitBlock(Lcom/android/dx/ssa/SsaBasicBlock;Lcom/android/dx/ssa/SsaBasicBlock;)V (16 bytes) @ 0x01d7a7d0 [0x01d7a750+0x80]
J 481 C1 com.android.dx.ssa.SsaMethod.forEachBlockDepthFirstDom(Lcom/android/dx/ssa/SsaBasicBlock$Visitor;)V (128 bytes) @ 0x01d0fbd4 [0x01d0f520+0x6b4]
J 1144 C1 com.android.dx.ssa.SsaConverter.convertToSsaMethod(Lcom/android/dx/rop/code/RopMethod;IZ)Lcom/android/dx/ssa/SsaMethod; (41 bytes) @ 0x01e389fc [0x01e38850+0x1ac]
J 1185 C1 com.android.dx.ssa.Optimizer.optimize(Lcom/android/dx/rop/code/RopMethod;IZZLcom/android/dx/rop/code/TranslationAdvice;Ljava/util/EnumSet;)Lcom/android/dx/rop/code/RopMethod; (67 bytes) @ 0x01e49a6c [0x01e49a20+0x4c]
J 1063 C1 com.android.dx.dex.cf.CfTranslator.processMethods(Lcom/android/dx/command/dexer/DxContext;Lcom/android/dx/cf/direct/DirectClassFile;Lcom/android/dx/dex/cf/CfOptions;Lcom/android/dx/dex/DexOptions;Lcom/android/dx/dex/file/ClassDefItem;Lcom/android/dx/dex/file/DexFile;)V (597 bytes) @ 0x01e13548 [0x01e12f00+0x648]
J 242 C1 com.android.dx.dex.cf.CfTranslator.translate0(Lcom/android/dx/command/dexer/DxContext;Lcom/android/dx/cf/direct/DirectClassFile;[BLcom/android/dx/dex/cf/CfOptions;Lcom/android/dx/dex/DexOptions;Lcom/android/dx/dex/file/DexFile;)Lcom/android/dx/dex/file/ClassDefItem; (416 bytes) @ 0x01ca0768 [0x01ca04b0+0x2b8]
J 1551 C1 com.android.dx.dex.cf.CfTranslator.translate(Lcom/android/dx/command/dexer/DxContext;Lcom/android/dx/cf/direct/DirectClassFile;[BLcom/android/dx/dex/cf/CfOptions;Lcom/android/dx/dex/DexOptions;Lcom/android/dx/dex/file/DexFile;)Lcom/android/dx/dex/file/ClassDefItem; (46 bytes) @ 0x01ebe538 [0x01ebe500+0x38]
J 1550 C1 com.android.dx.command.dexer.Main.translateClass([BLcom/android/dx/cf/direct/DirectClassFile;)Lcom/android/dx/dex/file/ClassDefItem; (86 bytes) @ 0x01ebdde4 [0x01ebdd90+0x54]
J 1547 C1 com.android.dx.command.dexer.Main$ClassTranslatorTask.call()Ljava/lang/Object; (5 bytes) @ 0x01ebd680 [0x01ebd650+0x30]
J 1389 C1 java.util.concurrent.FutureTask.run()V (126 bytes) @ 0x01e89760 [0x01e896d0+0x90]
j  java.util.concurrent.ThreadPoolExecutor.runWorker(Ljava/util/concurrent/ThreadPoolExecutor$Worker;)V+95
j  java.util.concurrent.ThreadPoolExecutor$Worker.run()V+5
j  java.lang.Thread.run()V+11
v  ~StubRoutines::call_stub

---------------  P R O C E S S  ---------------

Java Threads: ( => current thread )
  0x445c3c00 JavaThread "pool-2-thread-4" [_thread_blocked, id=4384, stack(0x44780000,0x447d0000)]
  0x445bdc00 JavaThread "pool-2-thread-3" [_thread_in_vm, id=6000, stack(0x44c00000,0x44c50000)]
=>0x445bcc00 JavaThread "pool-2-thread-2" [_thread_in_vm, id=5108, stack(0x44aa0000,0x44af0000)]
  0x4458b400 JavaThread "pool-3-thread-1" [_thread_blocked, id=1728, stack(0x446b0000,0x44700000)]
  0x44590000 JavaThread "pool-2-thread-1" [_thread_in_vm, id=2864, stack(0x44a30000,0x44a80000)]
  0x4442a000 JavaThread "Service Thread" daemon [_thread_blocked, id=4728, stack(0x449e0000,0x44a30000)]
  0x4443a000 JavaThread "C1 CompilerThread0" daemon [_thread_blocked, id=6044, stack(0x44850000,0x448a0000)]
  0x44439000 JavaThread "Attach Listener" daemon [_thread_blocked, id=1136, stack(0x448d0000,0x44920000)]
  0x44436000 JavaThread "Signal Dispatcher" daemon [_thread_blocked, id=4132, stack(0x44610000,0x44660000)]
  0x44416c00 JavaThread "Finalizer" daemon [_thread_blocked, id=3576, stack(0x44700000,0x44750000)]
  0x443f0400 JavaThread "Reference Handler" daemon [_thread_blocked, id=4648, stack(0x01830000,0x01880000)]
  0x0128bc00 JavaThread "main" [_thread_in_vm, id=628, stack(0x017c0000,0x01810000)]

Other Threads:
  0x443ea800 VMThread [stack: 0x03bb0000,0x03c00000] [id=4048]
  0x4442bc00 WatcherThread [stack: 0x44950000,0x449a0000] [id=5900]

VM state:not at safepoint (normal execution)

VM Mutex/Monitor currently owned by a thread: None

Heap:
 def new generation   total 314560K, used 7048K [0x03c00000, 0x19150000, 0x19150000)
  eden space 279616K,   2% used [0x03c00000, 0x042e22c0, 0x14d10000)
  from space 34944K,   0% used [0x14d10000, 0x14d10000, 0x16f30000)
  to   space 34944K,   0% used [0x16f30000, 0x16f30000, 0x19150000)
 tenured generation   total 699072K, used 666011K [0x19150000, 0x43c00000, 0x43c00000)
   the space 699072K,  95% used [0x19150000, 0x41bb6f10, 0x41bb7000, 0x43c00000)
 Metaspace       used 3557K, capacity 3598K, committed 3648K, reserved 4480K

Card table byte_map: [0x43c00000,0x43e10000] byte_map_base: 0x43be2000

Polling page: 0x001a0000

CodeCache: size=32768Kb used=3649Kb max_used=3675Kb free=29118Kb
 bounds [0x01b90000, 0x01f28000, 0x03b90000]
 total_blobs=1891 nmethods=1744 adapters=77
 compilation: enabled

Compilation events (10 events):
Event: 22.410 Thread 0x4443a000 1755 %           com.android.dx.cf.direct.ClassPathOpener::processArchive @ 141 (221 bytes)
Event: 22.412 Thread 0x4443a000 nmethod 1755% 0x01ddb808 code [0x01ddba80, 0x01ddc9b0]
Event: 22.753 Thread 0x4443a000 1756             java.util.HashMap$TreeNode::split (218 bytes)
Event: 22.753 Thread 0x4443a000 nmethod 1756 0x01e7ad08 code [0x01e7ae80, 0x01e7b380]
Event: 22.780 Thread 0x4443a000 1757   !         java.util.concurrent.ThreadPoolExecutor::addWorker (292 bytes)
Event: 22.781 Thread 0x4443a000 nmethod 1757 0x01cbd588 code [0x01cbd750, 0x01cbdd24]
Event: 22.815 Thread 0x4443a000 1758             java.util.concurrent.ThreadPoolExecutor::isShutdown (19 bytes)
Event: 22.815 Thread 0x4443a000 nmethod 1758 0x01cf5548 code [0x01cf5640, 0x01cf56f0]
Event: 22.882 Thread 0x4443a000 1759 % !         java.util.concurrent.ThreadPoolExecutor::runWorker @ 21 (225 bytes)
Event: 22.883 Thread 0x4443a000 nmethod 1759% 0x01cbc208 code [0x01cbc400, 0x01cbcb64]

GC Heap History (10 events):
Event: 16.955 GC heap before
{Heap before GC invocations=99 (full 8):
 def new generation   total 314560K, used 314559K [0x03c00000, 0x19150000, 0x19150000)
  eden space 279616K, 100% used [0x03c00000, 0x14d10000, 0x14d10000)
  from space 34944K,  99% used [0x16f30000, 0x1914fff8, 0x19150000)
  to   space 34944K,   0% used [0x14d10000, 0x14d10000, 0x16f30000)
 tenured generation   total 699072K, used 590359K [0x19150000, 0x43c00000, 0x43c00000)
   the space 699072K,  84% used [0x19150000, 0x3d1d5c70, 0x3d1d5e00, 0x43c00000)
 Metaspace       used 3557K, capacity 3598K, committed 3648K, reserved 4480K
Event: 17.190 GC heap after
Heap after GC invocations=100 (full 8):
 def new generation   total 314560K, used 34944K [0x03c00000, 0x19150000, 0x19150000)
  eden space 279616K,   0% used [0x03c00000, 0x03c00000, 0x14d10000)
  from space 34944K, 100% used [0x14d10000, 0x16f30000, 0x16f30000)
  to   space 34944K,   0% used [0x16f30000, 0x16f30000, 0x19150000)
 tenured generation   total 699072K, used 685465K [0x19150000, 0x43c00000, 0x43c00000)
   the space 699072K,  98% used [0x19150000, 0x42eb6570, 0x42eb6600, 0x43c00000)
 Metaspace       used 3557K, capacity 3598K, committed 3648K, reserved 4480K
}
Event: 19.209 GC heap before
{Heap before GC invocations=100 (full 8):
 def new generation   total 314560K, used 314560K [0x03c00000, 0x19150000, 0x19150000)
  eden space 279616K, 100% used [0x03c00000, 0x14d10000, 0x14d10000)
  from space 34944K, 100% used [0x14d10000, 0x16f30000, 0x16f30000)
  to   space 34944K,   0% used [0x16f30000, 0x16f30000, 0x19150000)
 tenured generation   total 699072K, used 685465K [0x19150000, 0x43c00000, 0x43c00000)
   the space 699072K,  98% used [0x19150000, 0x42eb6570, 0x42eb6600, 0x43c00000)
 Metaspace       used 3557K, capacity 3598K, committed 3648K, reserved 4480K
Event: 20.653 GC heap after
Heap after GC invocations=101 (full 9):
 def new generation   total 314560K, used 0K [0x03c00000, 0x19150000, 0x19150000)
  eden space 279616K,   0% used [0x03c00000, 0x03c00000, 0x14d10000)
  from space 34944K,   0% used [0x14d10000, 0x14d10000, 0x16f30000)
  to   space 34944K,   0% used [0x16f30000, 0x16f30000, 0x19150000)
 tenured generation   total 699072K, used 610189K [0x19150000, 0x43c00000, 0x43c00000)
   the space 699072K,  87% used [0x19150000, 0x3e533590, 0x3e533600, 0x43c00000)
 Metaspace       used 3557K, capacity 3598K, committed 3648K, reserved 4480K
}
Event: 21.406 GC heap before
{Heap before GC invocations=101 (full 9):
 def new generation   total 314560K, used 279616K [0x03c00000, 0x19150000, 0x19150000)
  eden space 279616K, 100% used [0x03c00000, 0x14d10000, 0x14d10000)
  from space 34944K,   0% used [0x14d10000, 0x14d10000, 0x16f30000)
  to   space 34944K,   0% used [0x16f30000, 0x16f30000, 0x19150000)
 tenured generation   total 699072K, used 610189K [0x19150000, 0x43c00000, 0x43c00000)
   the space 699072K,  87% used [0x19150000, 0x3e533590, 0x3e533600, 0x43c00000)
 Metaspace       used 3557K, capacity 3598K, committed 3648K, reserved 4480K
Event: 21.468 GC heap after
Heap after GC invocations=102 (full 9):
 def new generation   total 314560K, used 31043K [0x03c00000, 0x19150000, 0x19150000)
  eden space 279616K,   0% used [0x03c00000, 0x03c00000, 0x14d10000)
  from space 34944K,  88% used [0x16f30000, 0x18d80fa0, 0x19150000)
  to   space 34944K,   0% used [0x14d10000, 0x14d10000, 0x16f30000)
 tenured generation   total 699072K, used 610189K [0x19150000, 0x43c00000, 0x43c00000)
   the space 699072K,  87% used [0x19150000, 0x3e533590, 0x3e533600, 0x43c00000)
 Metaspace       used 3557K, capacity 3598K, committed 3648K, reserved 4480K
}
Event: 22.207 GC heap before
{Heap before GC invocations=102 (full 9):
 def new generation   total 314560K, used 310659K [0x03c00000, 0x19150000, 0x19150000)
  eden space 279616K, 100% used [0x03c00000, 0x14d10000, 0x14d10000)
  from space 34944K,  88% used [0x16f30000, 0x18d80fa0, 0x19150000)
  to   space 34944K,   0% used [0x14d10000, 0x14d10000, 0x16f30000)
 tenured generation   total 699072K, used 610189K [0x19150000, 0x43c00000, 0x43c00000)
   the space 699072K,  87% used [0x19150000, 0x3e533590, 0x3e533600, 0x43c00000)
 Metaspace       used 3557K, capacity 3598K, committed 3648K, reserved 4480K
Event: 22.330 GC heap after
Heap after GC invocations=103 (full 9):
 def new generation   total 314560K, used 34944K [0x03c00000, 0x19150000, 0x19150000)
  eden space 279616K,   0% used [0x03c00000, 0x03c00000, 0x14d10000)
  from space 34944K, 100% used [0x14d10000, 0x16f30000, 0x16f30000)
  to   space 34944K,   0% used [0x16f30000, 0x16f30000, 0x19150000)
 tenured generation   total 699072K, used 684661K [0x19150000, 0x43c00000, 0x43c00000)
   the space 699072K,  97% used [0x19150000, 0x42ded570, 0x42ded600, 0x43c00000)
 Metaspace       used 3557K, capacity 3598K, committed 3648K, reserved 4480K
}
Event: 22.940 GC heap before
{Heap before GC invocations=103 (full 9):
 def new generation   total 314560K, used 314560K [0x03c00000, 0x19150000, 0x19150000)
  eden space 279616K, 100% used [0x03c00000, 0x14d10000, 0x14d10000)
  from space 34944K, 100% used [0x14d10000, 0x16f30000, 0x16f30000)
  to   space 34944K,   0% used [0x16f30000, 0x16f30000, 0x19150000)
 tenured generation   total 699072K, used 684661K [0x19150000, 0x43c00000, 0x43c00000)
   the space 699072K,  97% used [0x19150000, 0x42ded570, 0x42ded600, 0x43c00000)
 Metaspace       used 3557K, capacity 3598K, committed 3648K, reserved 4480K
Event: 24.453 GC heap after
Heap after GC invocations=104 (full 10):
 def new generation   total 314560K, used 0K [0x03c00000, 0x19150000, 0x19150000)
  eden space 279616K,   0% used [0x03c00000, 0x03c00000, 0x14d10000)
  from space 34944K,   0% used [0x14d10000, 0x14d10000, 0x16f30000)
  to   space 34944K,   0% used [0x16f30000, 0x16f30000, 0x19150000)
 tenured generation   total 699072K, used 666011K [0x19150000, 0x43c00000, 0x43c00000)
   the space 699072K,  95% used [0x19150000, 0x41bb6f10, 0x41bb7000, 0x43c00000)
 Metaspace       used 3557K, capacity 3598K, committed 3648K, reserved 4480K
}

Deoptimization events (0 events):
No events

Internal exceptions (5 events):
Event: 0.034 Thread 0x0128bc00 Exception <a 'java/lang/NoSuchMethodError': Method sun.misc.Unsafe.defineClass(Ljava/lang/String;[BII)Ljava/lang/Class; name or signature does not match> (0x03c06ea8) thrown at [C:\re\workspace\8-2-build-windows-i586-cygwin\jdk8u101\7261\hotspot\src\share\≈Ç÷—‰U°?
Event: 0.034 Thread 0x0128bc00 Exception <a 'java/lang/NoSuchMethodError': Method sun.misc.Unsafe.prefetchRead(Ljava/lang/Object;J)V name or signature does not match> (0x03c07178) thrown at [C:\re\workspace\8-2-build-windows-i586-cygwin\jdk8u101\7261\hotspot\src\share\vm\prims\jni.cpp, ?.ÑéÌ?
Event: 0.909 Thread 0x445bdc00 Exception <a 'java/lang/ArrayIndexOutOfBoundsException': 18> (0x041f19c8) thrown at [C:\re\workspace\8-2-build-windows-i586-cygwin\jdk8u101\7261\hotspot\src\share\vm\interpreter\interpreterRuntime.cpp, line 366]
Event: 0.911 Thread 0x445bdc00 Exception <a 'java/lang/ArrayIndexOutOfBoundsException': 145> (0x0422cea8) thrown at [C:\re\workspace\8-2-build-windows-i586-cygwin\jdk8u101\7261\hotspot\src\share\vm\interpreter\interpreterRuntime.cpp, line 366]
Event: 0.912 Thread 0x445bdc00 Exception <a 'java/lang/ArrayIndexOutOfBoundsException': 40> (0x0422df88) thrown at [C:\re\workspace\8-2-build-windows-i586-cygwin\jdk8u101\7261\hotspot\src\share\vm\interpreter\interpreterRuntime.cpp, line 366]

Events (10 events):
Event: 20.656 Thread 0x4443a000 flushing nmethod 0x01d749c8
Event: 20.656 Thread 0x4443a000 flushing nmethod 0x01d8f988
Event: 20.656 Thread 0x4443a000 flushing nmethod 0x01ddb808
Event: 21.405 Executing VM operation: GenCollectForAllocation
Event: 21.468 Executing VM operation: GenCollectForAllocation done
Event: 22.207 Executing VM operation: GenCollectForAllocation
Event: 22.330 Executing VM operation: GenCollectForAllocation done
Event: 22.412 Thread 0x4443a000 flushing nmethod 0x01e7acc8
Event: 22.940 Executing VM operation: GenCollectForAllocation
Event: 24.453 Executing VM operation: GenCollectForAllocation done


Dynamic libraries:
0x013b0000 - 0x013e3000 	C:\Program Files\Java\jdk1.8.0_101\bin\java.exe
0x77b90000 - 0x77ccc000 	C:\Windows\SYSTEM32\ntdll.dll
0x760c0000 - 0x76194000 	C:\Windows\system32\kernel32.dll
0x75d60000 - 0x75daa000 	C:\Windows\system32\KERNELBASE.dll
0x76440000 - 0x764e0000 	C:\Windows\system32\ADVAPI32.dll
0x76870000 - 0x7691c000 	C:\Windows\system32\msvcrt.dll
0x77940000 - 0x77959000 	C:\Windows\SYSTEM32\sechost.dll
0x76270000 - 0x76311000 	C:\Windows\system32\RPCRT4.dll
0x77960000 - 0x77a29000 	C:\Windows\system32\USER32.dll
0x75fe0000 - 0x7602e000 	C:\Windows\system32\GDI32.dll
0x76920000 - 0x7692a000 	C:\Windows\system32\LPK.dll
0x761d0000 - 0x7626d000 	C:\Windows\system32\USP10.dll
0x749f0000 - 0x74b8e000 	C:\Windows\WinSxS\x86_microsoft.windows.common-controls_6595b64144ccf1df_6.0.7600.16385_none_421189da2b7fabfc\COMCTL32.dll
0x76730000 - 0x76787000 	C:\Windows\system32\SHLWAPI.dll
0x76320000 - 0x7633f000 	C:\Windows\system32\IMM32.DLL
0x76790000 - 0x7685c000 	C:\Windows\system32\MSCTF.dll
0x69820000 - 0x698df000 	C:\Program Files\Java\jdk1.8.0_101\jre\bin\msvcr100.dll
0x50320000 - 0x506ec000 	C:\Program Files\Java\jdk1.8.0_101\jre\bin\client\jvm.dll
0x71290000 - 0x71297000 	C:\Windows\system32\WSOCK32.dll
0x77cd0000 - 0x77d05000 	C:\Windows\system32\WS2_32.dll
0x76860000 - 0x76866000 	C:\Windows\system32\NSI.dll
0x71490000 - 0x714c2000 	C:\Windows\system32\WINMM.dll
0x75020000 - 0x75029000 	C:\Windows\system32\VERSION.dll
0x77da0000 - 0x77da5000 	C:\Windows\system32\PSAPI.DLL
0x62550000 - 0x6255c000 	C:\Program Files\Java\jdk1.8.0_101\jre\bin\verify.dll
0x62520000 - 0x62541000 	C:\Program Files\Java\jdk1.8.0_101\jre\bin\java.dll
0x62500000 - 0x62513000 	C:\Program Files\Java\jdk1.8.0_101\jre\bin\zip.dll
0x76a70000 - 0x776b9000 	C:\Windows\system32\SHELL32.dll
0x77a30000 - 0x77b8c000 	C:\Windows\system32\ole32.dll
0x75ce0000 - 0x75ceb000 	C:\Windows\system32\profapi.dll
0x739f0000 - 0x73adb000 	C:\Windows\system32\dbghelp.dll

VM Arguments:
jvm_args: -Djava.awt.headless=true -Xmx1024M -Dfile.encoding=windows-1252 -Duser.country=US -Duser.language=en -Duser.variant 
java_command: com.android.dx.command.Main --dex --num-threads=4 --multi-dex --main-dex-list E:\SandeepProjectResources\MobipugNew\Mobipug27.10.18\MobipugSource\app\build\intermediates\multi-dex\debug\maindexlist.txt --output E:\SandeepProjectResources\MobipugNew\Mobipug27.10.18\MobipugSource\app\build\intermediates\transforms\dex\debug\folders\1000\1f\main E:\SandeepProjectResources\MobipugNew\Mobipug27.10.18\MobipugSource\app\build\intermediates\transforms\jarMerging\debug\jars\1\1f\combined.jar
java_class_path (initial): C:\Users\android-4\AppData\Local\Android\Sdk\build-tools\26.0.2\lib\dx.jar
Launcher Type: SUN_STANDARD

Environment Variables:
PATH=C:\ProgramData\Oracle\Java\javapath;C:\Windows\system32;C:\Windows;C:\Windows\System32\Wbem;C:\Windows\System32\WindowsPowerShell\v1.0\;C:\Program Files\Intel\OpenCL SDK\2.0\bin\x86;C:\Program Files\Skype\Phone\
USERNAME=android-4
OS=Windows_NT
PROCESSOR_IDENTIFIER=x86 Family 6 Model 42 Stepping 7, GenuineIntel



---------------  S Y S T E M  ---------------

OS: Windows 7 Build 7600 (6.1.7600.16385)

CPU:total 4 (2 cores per cpu, 2 threads per core) family 6 model 42 stepping 7, cmov, cx8, fxsr, mmx, sse, sse2, sse3, ssse3, sse4.1, sse4.2, popcnt, clmul, ht, tsc, tscinvbit

Memory: 4k page, physical 3578328k(205800k free), swap 24056564k(18853244k free)

vm_info: Java HotSpot(TM) Client VM (25.101-b13) for windows-x86 JRE (1.8.0_101-b13), built on Jun 22 2016 00:45:44 by "java_re" with MS VC++ 10.0 (VS2010)

time: Thu Nov 08 18:48:31 2018
elapsed time: 24 seconds (0d 0h 0m 24s)

