#
# A fatal error has been detected by the Java Runtime Environment:
#
#  EXCEPTION_ACCESS_VIOLATION (0xc0000005) at pc=0x50e756e2, pid=4844, tid=0x000002b8
#
# JRE version: Java(TM) SE Runtime Environment (8.0_101-b13) (build 1.8.0_101-b13)
# Java VM: Java HotSpot(TM) Client VM (25.101-b13 mixed mode windows-x86 )
# Problematic frame:
# V  [jvm.dll+0xa56e2]
#
# Failed to write core dump. Minidumps are not enabled by default on client versions of Windows
#
# If you would like to submit a bug report, please visit:
#   http://bugreport.java.com/bugreport/crash.jsp
#

---------------  T H R E A D  ---------------

Current thread (0x443ea800):  VMThread [stack: 0x00b70000,0x00bc0000] [id=696]

siginfo: ExceptionCode=0xc0000005, reading address 0x00000074

Registers:
EAX=0x00000000, EBX=0x00bbf33c, ECX=0x442a6090, EDX=0x00000003
ESP=0x00bbf310, EBP=0x00bbf31c, ESI=0x284410d8, EDI=0x284410d8
EIP=0x50e756e2, EFLAGS=0x00010246

Top of Stack: (sp=0x00bbf310)
0x00bbf310:   3510fff8 19150000 19150000 00bbf350
0x00bbf320:   50e754ab 19150000 06fefffe 19150000
0x00bbf330:   3510fff8 00bbf33c 44bf0e78 510adbb8
0x00bbf340:   3510ff00 0064ffa0 19150000 00bbf504
0x00bbf350:   00bbf378 50e749f7 19150000 06fefffe
0x00bbf360:   19150000 3510fff8 06fefffe 19150000
0x00bbf370:   43caaa7f 19150000 00bbf3a0 50e619ce
0x00bbf380:   19150000 06fefffe 0066d6e8 510ae01c 

Instructions: (pc=0x50e756e2)
0x50e756c2:   2c 8c 13 51 c1 f8 10 25 ff 00 00 00 49 03 d0 8d
0x50e756d2:   04 11 f7 d1 c1 e8 02 c1 e9 02 23 c1 eb 08 8b 01
0x50e756e2:   8b 50 74 56 ff d2 8d 34 86 3b 75 14 72 a0 8b 55
0x50e756f2:   0c 8b 4f 04 8b 75 08 83 ec 08 8b c4 89 50 04 89 


Register to memory mapping:

EAX=0x00000000 is an unknown value
EBX=0x00bbf33c is an unknown value
ECX=0x442a6090 is pointing into metadata
EDX=0x00000003 is an unknown value
ESP=0x00bbf310 is an unknown value
EBP=0x00bbf31c is an unknown value
ESI=
[error occurred during error reporting (printing register info), id 0xc0000005]

Stack: [0x00b70000,0x00bc0000],  sp=0x00bbf310,  free space=316k
Native frames: (J=compiled Java code, j=interpreted, Vv=VM code, C=native code)
V  [jvm.dll+0xa56e2]
V  [jvm.dll+0xa54ab]
V  [jvm.dll+0xa49f7]
V  [jvm.dll+0x919ce]
V  [jvm.dll+0x90eb0]
V  [jvm.dll+0x91484]
V  [jvm.dll+0x9a40c]
V  [jvm.dll+0x91344]
V  [jvm.dll+0x9933e]
V  [jvm.dll+0x951a9]
V  [jvm.dll+0x98e73]
V  [jvm.dll+0x92e25]
V  [jvm.dll+0x1b81c6]
V  [jvm.dll+0x18292b]
V  [jvm.dll+0x181d31]
V  [jvm.dll+0x182147]
V  [jvm.dll+0x182342]
V  [jvm.dll+0x1c1ed6]
C  [msvcr100.dll+0x5c556]
C  [msvcr100.dll+0x5c600]
C  [kernel32.dll+0x51174]
C  [ntdll.dll+0x5b3f5]
C  [ntdll.dll+0x5b3c8]

VM_Operation (0x00b5ede4): GenCollectForAllocation, mode: safepoint, requested by thread 0x445bec00


---------------  P R O C E S S  ---------------

Java Threads: ( => current thread )
  0x445c3000 JavaThread "pool-2-thread-4" [_thread_blocked, id=2224, stack(0x44690000,0x446e0000)]
  0x445bec00 JavaThread "pool-2-thread-3" [_thread_blocked, id=4336, stack(0x00b10000,0x00b60000)]
  0x445bdc00 JavaThread "pool-2-thread-2" [_thread_blocked, id=2768, stack(0x00bc0000,0x00c10000)]
  0x4458e800 JavaThread "pool-3-thread-1" [_thread_blocked, id=3040, stack(0x449c0000,0x44a10000)]
  0x44591800 JavaThread "pool-2-thread-1" [_thread_blocked, id=1752, stack(0x44960000,0x449b0000)]
  0x4444dc00 JavaThread "Service Thread" daemon [_thread_blocked, id=5116, stack(0x44a10000,0x44a60000)]
  0x4443a000 JavaThread "C1 CompilerThread0" daemon [_thread_blocked, id=3284, stack(0x44710000,0x44760000)]
  0x44439000 JavaThread "Attach Listener" daemon [_thread_blocked, id=1340, stack(0x448f0000,0x44940000)]
  0x44436000 JavaThread "Signal Dispatcher" daemon [_thread_blocked, id=4836, stack(0x447d0000,0x44820000)]
  0x44416c00 JavaThread "Finalizer" daemon [_thread_blocked, id=5276, stack(0x44760000,0x447b0000)]
  0x443f0400 JavaThread "Reference Handler" daemon [_thread_blocked, id=5288, stack(0x00c90000,0x00ce0000)]
  0x0066bc00 JavaThread "main" [_thread_blocked, id=3452, stack(0x00c10000,0x00c60000)]

Other Threads:
=>0x443ea800 VMThread [stack: 0x00b70000,0x00bc0000] [id=696]
  0x4442f400 WatcherThread [stack: 0x44890000,0x448e0000] [id=5800]

VM state:at safepoint (normal execution)

VM Mutex/Monitor currently owned by a thread:  ([mutex/lock_event])
[0x0066a230] Threads_lock - owner thread: 0x443ea800
[0x0066a640] Heap_lock - owner thread: 0x445bec00

Heap:
 def new generation   total 314560K, used 279616K [0x03c00000, 0x19150000, 0x19150000)
  eden space 279616K, 100% used [0x03c00000, 0x14d10000, 0x14d10000)
  from space 34944K,   0% used [0x14d10000, 0x14d10000, 0x16f30000)
  to   space 34944K,   0% used [0x16f30000, 0x16f82188, 0x19150000)
 tenured generation   total 699072K, used 458495K [0x19150000, 0x43c00000, 0x43c00000)
   the space 699072K,  65% used [0x19150000, 0x3510fff8, 0x35110000, 0x43c00000)
 Metaspace       used 3547K, capacity 3598K, committed 3648K, reserved 4480K

Card table byte_map: [0x43c00000,0x43e10000] byte_map_base: 0x43be2000

Polling page: 0x00190000

CodeCache: size=32768Kb used=3590Kb max_used=3590Kb free=29177Kb
 bounds [0x01bf0000, 0x01f78000, 0x03bf0000]
 total_blobs=1900 nmethods=1753 adapters=77
 compilation: enabled

Compilation events (10 events):
Event: 13.973 Thread 0x4443a000 1751             java.util.concurrent.locks.AbstractQueuedSynchronizer::enq (58 bytes)
Event: 13.973 Thread 0x4443a000 nmethod 1751 0x01f708c8 code [0x01f709d0, 0x01f70b80]
Event: 13.978 Thread 0x4443a000 1752             java.util.concurrent.locks.AbstractQueuedSynchronizer$ConditionObject::addConditionWaiter (64 bytes)
Event: 13.978 Thread 0x4443a000 nmethod 1752 0x01f70c48 code [0x01f70d50, 0x01f70edc]
Event: 13.978 Thread 0x4443a000 1753   !         java.util.concurrent.locks.AbstractQueuedSynchronizer::fullyRelease (54 bytes)
Event: 13.979 Thread 0x4443a000 nmethod 1753 0x01f70fc8 code [0x01f710f0, 0x01f712c4]
Event: 13.979 Thread 0x4443a000 1754             java.util.concurrent.locks.AbstractQueuedSynchronizer$ConditionObject::doSignal (43 bytes)
Event: 13.979 Thread 0x4443a000 nmethod 1754 0x01f714c8 code [0x01f715d0, 0x01f716dc]
Event: 13.979 Thread 0x4443a000 1755             java.util.concurrent.locks.AbstractQueuedSynchronizer::transferForSignal (45 bytes)
Event: 13.979 Thread 0x4443a000 nmethod 1755 0x01f717c8 code [0x01f718e0, 0x01f71a28]

GC Heap History (10 events):
Event: 10.492 GC heap after
Heap after GC invocations=93 (full 7):
 def new generation   total 199744K, used 22144K [0x03c00000, 0x114b0000, 0x19150000)
  eden space 177600K,   0% used [0x03c00000, 0x03c00000, 0x0e970000)
  from space 22144K, 100% used [0x0e970000, 0x0ff10000, 0x0ff10000)
  to   space 22144K,   0% used [0x0ff10000, 0x0ff10000, 0x114b0000)
 tenured generation   total 443648K, used 358735K [0x19150000, 0x34290000, 0x43c00000)
   the space 443648K,  80% used [0x19150000, 0x2efa3e50, 0x2efa4000, 0x34290000)
 Metaspace       used 3547K, capacity 3598K, committed 3648K, reserved 4480K
}
Event: 10.794 GC heap before
{Heap before GC invocations=93 (full 7):
 def new generation   total 199744K, used 199744K [0x03c00000, 0x114b0000, 0x19150000)
  eden space 177600K, 100% used [0x03c00000, 0x0e970000, 0x0e970000)
  from space 22144K, 100% used [0x0e970000, 0x0ff10000, 0x0ff10000)
  to   space 22144K,   0% used [0x0ff10000, 0x0ff10000, 0x114b0000)
 tenured generation   total 443648K, used 358735K [0x19150000, 0x34290000, 0x43c00000)
   the space 443648K,  80% used [0x19150000, 0x2efa3e50, 0x2efa4000, 0x34290000)
 Metaspace       used 3547K, capacity 3598K, committed 3648K, reserved 4480K
Event: 10.927 GC heap after
Heap after GC invocations=94 (full 7):
 def new generation   total 199744K, used 22144K [0x03c00000, 0x114b0000, 0x19150000)
  eden space 177600K,   0% used [0x03c00000, 0x03c00000, 0x0e970000)
  from space 22144K, 100% used [0x0ff10000, 0x114b0000, 0x114b0000)
  to   space 22144K,   0% used [0x0e970000, 0x0e970000, 0x0ff10000)
 tenured generation   total 443648K, used 384899K [0x19150000, 0x34290000, 0x43c00000)
   the space 443648K,  86% used [0x19150000, 0x30930c30, 0x30930e00, 0x34290000)
 Metaspace       used 3547K, capacity 3598K, committed 3648K, reserved 4480K
}
Event: 11.222 GC heap before
{Heap before GC invocations=94 (full 7):
 def new generation   total 199744K, used 199744K [0x03c00000, 0x114b0000, 0x19150000)
  eden space 177600K, 100% used [0x03c00000, 0x0e970000, 0x0e970000)
  from space 22144K, 100% used [0x0ff10000, 0x114b0000, 0x114b0000)
  to   space 22144K,   0% used [0x0e970000, 0x0e970000, 0x0ff10000)
 tenured generation   total 443648K, used 384899K [0x19150000, 0x34290000, 0x43c00000)
   the space 443648K,  86% used [0x19150000, 0x30930c30, 0x30930e00, 0x34290000)
 Metaspace       used 3547K, capacity 3598K, committed 3648K, reserved 4480K
Event: 11.340 GC heap after
Heap after GC invocations=95 (full 7):
 def new generation   total 199744K, used 22143K [0x03c00000, 0x114b0000, 0x19150000)
  eden space 177600K,   0% used [0x03c00000, 0x03c00000, 0x0e970000)
  from space 22144K,  99% used [0x0e970000, 0x0ff0fff8, 0x0ff10000)
  to   space 22144K,   0% used [0x0ff10000, 0x0ff10000, 0x114b0000)
 tenured generation   total 443648K, used 409943K [0x19150000, 0x34290000, 0x43c00000)
   the space 443648K,  92% used [0x19150000, 0x321a5e28, 0x321a6000, 0x34290000)
 Metaspace       used 3547K, capacity 3598K, committed 3648K, reserved 4480K
}
Event: 11.669 GC heap before
{Heap before GC invocations=95 (full 7):
 def new generation   total 199744K, used 199743K [0x03c00000, 0x114b0000, 0x19150000)
  eden space 177600K, 100% used [0x03c00000, 0x0e970000, 0x0e970000)
  from space 22144K,  99% used [0x0e970000, 0x0ff0fff8, 0x0ff10000)
  to   space 22144K,   0% used [0x0ff10000, 0x0ff10000, 0x114b0000)
 tenured generation   total 443648K, used 409943K [0x19150000, 0x34290000, 0x43c00000)
   the space 443648K,  92% used [0x19150000, 0x321a5e28, 0x321a6000, 0x34290000)
 Metaspace       used 3547K, capacity 3598K, committed 3648K, reserved 4480K
Event: 11.785 GC heap after
Heap after GC invocations=96 (full 7):
 def new generation   total 199744K, used 22144K [0x03c00000, 0x114b0000, 0x19150000)
  eden space 177600K,   0% used [0x03c00000, 0x03c00000, 0x0e970000)
  from space 22144K, 100% used [0x0ff10000, 0x114b0000, 0x114b0000)
  to   space 22144K,   0% used [0x0e970000, 0x0e970000, 0x0ff10000)
 tenured generation   total 443648K, used 433764K [0x19150000, 0x34290000, 0x43c00000)
   the space 443648K,  97% used [0x19150000, 0x338e90c0, 0x338e9200, 0x34290000)
 Metaspace       used 3547K, capacity 3598K, committed 3648K, reserved 4480K
}
Event: 12.070 GC heap before
{Heap before GC invocations=96 (full 7):
 def new generation   total 199744K, used 199744K [0x03c00000, 0x114b0000, 0x19150000)
  eden space 177600K, 100% used [0x03c00000, 0x0e970000, 0x0e970000)
  from space 22144K, 100% used [0x0ff10000, 0x114b0000, 0x114b0000)
  to   space 22144K,   0% used [0x0e970000, 0x0e970000, 0x0ff10000)
 tenured generation   total 443648K, used 433764K [0x19150000, 0x34290000, 0x43c00000)
   the space 443648K,  97% used [0x19150000, 0x338e90c0, 0x338e9200, 0x34290000)
 Metaspace       used 3547K, capacity 3598K, committed 3648K, reserved 4480K
Event: 13.526 GC heap after
Heap after GC invocations=97 (full 8):
 def new generation   total 314560K, used 1903K [0x03c00000, 0x19150000, 0x19150000)
  eden space 279616K,   0% used [0x03c00000, 0x03ddbd48, 0x14d10000)
  from space 34944K,   0% used [0x14d10000, 0x14d10000, 0x16f30000)
  to   space 34944K,   0% used [0x16f30000, 0x16f30000, 0x19150000)
 tenured generation   total 699072K, used 458495K [0x19150000, 0x43c00000, 0x43c00000)
   the space 699072K,  65% used [0x19150000, 0x3510fff8, 0x35110000, 0x43c00000)
 Metaspace       used 3547K, capacity 3598K, committed 3648K, reserved 4480K
}
Event: 14.002 GC heap before
{Heap before GC invocations=97 (full 8):
 def new generation   total 314560K, used 279616K [0x03c00000, 0x19150000, 0x19150000)
  eden space 279616K, 100% used [0x03c00000, 0x14d10000, 0x14d10000)
  from space 34944K,   0% used [0x14d10000, 0x14d10000, 0x16f30000)
  to   space 34944K,   0% used [0x16f30000, 0x16f30000, 0x19150000)
 tenured generation   total 699072K, used 458495K [0x19150000, 0x43c00000, 0x43c00000)
   the space 699072K,  65% used [0x19150000, 0x3510fff8, 0x35110000, 0x43c00000)
 Metaspace       used 3547K, capacity 3598K, committed 3648K, reserved 4480K

Deoptimization events (0 events):
No events

Internal exceptions (5 events):
Event: 0.270 Thread 0x0066bc00 Exception <a 'java/lang/NoSuchMethodError': Method sun.misc.Unsafe.defineClass(Ljava/lang/String;[BII)Ljava/lang/Class; name or signature does not match> (0x03c06ea8) thrown at [C:\re\workspace\8-2-build-windows-i586-cygwin\jdk8u101\7261\hotspot\src\share\¥¬ûyGÑ?
Event: 0.270 Thread 0x0066bc00 Exception <a 'java/lang/NoSuchMethodError': Method sun.misc.Unsafe.prefetchRead(Ljava/lang/Object;J)V name or signature does not match> (0x03c07178) thrown at [C:\re\workspace\8-2-build-windows-i586-cygwin\jdk8u101\7261\hotspot\src\share\vm\prims\jni.cpp, m) àð@
Event: 2.993 Thread 0x445bdc00 Exception <a 'java/lang/ArrayIndexOutOfBoundsException': 18> (0x04b28c98) thrown at [C:\re\workspace\8-2-build-windows-i586-cygwin\jdk8u101\7261\hotspot\src\share\vm\interpreter\interpreterRuntime.cpp, line 366]
Event: 2.993 Thread 0x445bdc00 Exception <a 'java/lang/ArrayIndexOutOfBoundsException': 145> (0x04b2a538) thrown at [C:\re\workspace\8-2-build-windows-i586-cygwin\jdk8u101\7261\hotspot\src\share\vm\interpreter\interpreterRuntime.cpp, line 366]
Event: 2.993 Thread 0x445bdc00 Exception <a 'java/lang/ArrayIndexOutOfBoundsException': 40> (0x04b2b618) thrown at [C:\re\workspace\8-2-build-windows-i586-cygwin\jdk8u101\7261\hotspot\src\share\vm\interpreter\interpreterRuntime.cpp, line 366]

Events (10 events):
Event: 10.492 Executing VM operation: GenCollectForAllocation done
Event: 10.794 Executing VM operation: GenCollectForAllocation
Event: 10.927 Executing VM operation: GenCollectForAllocation done
Event: 11.222 Executing VM operation: GenCollectForAllocation
Event: 11.340 Executing VM operation: GenCollectForAllocation done
Event: 11.669 Executing VM operation: GenCollectForAllocation
Event: 11.785 Executing VM operation: GenCollectForAllocation done
Event: 12.070 Executing VM operation: GenCollectForAllocation
Event: 13.526 Executing VM operation: GenCollectForAllocation done
Event: 14.002 Executing VM operation: GenCollectForAllocation


Dynamic libraries:
0x00ce0000 - 0x00d13000 	C:\Program Files\Java\jdk1.8.0_101\bin\java.exe
0x771a0000 - 0x772dc000 	C:\Windows\SYSTEM32\ntdll.dll
0x76f50000 - 0x77024000 	C:\Windows\system32\kernel32.dll
0x755a0000 - 0x755ea000 	C:\Windows\system32\KERNELBASE.dll
0x756d0000 - 0x75770000 	C:\Windows\system32\ADVAPI32.dll
0x75770000 - 0x7581c000 	C:\Windows\system32\msvcrt.dll
0x769a0000 - 0x769b9000 	C:\Windows\SYSTEM32\sechost.dll
0x75620000 - 0x756c1000 	C:\Windows\system32\RPCRT4.dll
0x75a70000 - 0x75b39000 	C:\Windows\system32\USER32.dll
0x772f0000 - 0x7733e000 	C:\Windows\system32\GDI32.dll
0x75a50000 - 0x75a5a000 	C:\Windows\system32\LPK.dll
0x77030000 - 0x770cd000 	C:\Windows\system32\USP10.dll
0x74060000 - 0x741fe000 	C:\Windows\WinSxS\x86_microsoft.windows.common-controls_6595b64144ccf1df_6.0.7600.16385_none_421189da2b7fabfc\COMCTL32.dll
0x76ef0000 - 0x76f47000 	C:\Windows\system32\SHLWAPI.dll
0x755f0000 - 0x7560f000 	C:\Windows\system32\IMM32.DLL
0x770d0000 - 0x7719c000 	C:\Windows\system32\MSCTF.dll
0x54260000 - 0x5431f000 	C:\Program Files\Java\jdk1.8.0_101\jre\bin\msvcr100.dll
0x50dd0000 - 0x5119c000 	C:\Program Files\Java\jdk1.8.0_101\jre\bin\client\jvm.dll
0x70940000 - 0x70947000 	C:\Windows\system32\WSOCK32.dll
0x76a20000 - 0x76a55000 	C:\Windows\system32\WS2_32.dll
0x772e0000 - 0x772e6000 	C:\Windows\system32\NSI.dll
0x709e0000 - 0x70a12000 	C:\Windows\system32\WINMM.dll
0x747f0000 - 0x747f9000 	C:\Windows\system32\VERSION.dll
0x75a60000 - 0x75a65000 	C:\Windows\system32\PSAPI.DLL
0x6c2e0000 - 0x6c2ec000 	C:\Program Files\Java\jdk1.8.0_101\jre\bin\verify.dll
0x6c2b0000 - 0x6c2d1000 	C:\Program Files\Java\jdk1.8.0_101\jre\bin\java.dll
0x6c290000 - 0x6c2a3000 	C:\Program Files\Java\jdk1.8.0_101\jre\bin\zip.dll
0x75cd0000 - 0x76919000 	C:\Windows\system32\SHELL32.dll
0x76a60000 - 0x76bbc000 	C:\Windows\system32\ole32.dll
0x752f0000 - 0x752fb000 	C:\Windows\system32\profapi.dll
0x73050000 - 0x7313b000 	C:\Windows\system32\dbghelp.dll

VM Arguments:
jvm_args: -Djava.awt.headless=true -Xmx1024M -Dfile.encoding=windows-1252 -Duser.country=US -Duser.language=en -Duser.variant 
java_command: com.android.dx.command.Main --dex --num-threads=4 --multi-dex --main-dex-list E:\SandeepProjectResources\MobipugNew\Mobipug27.10.18\MobipugSource\app\build\intermediates\multi-dex\debug\maindexlist.txt --output E:\SandeepProjectResources\MobipugNew\Mobipug27.10.18\MobipugSource\app\build\intermediates\transforms\dex\debug\folders\1000\1f\main E:\SandeepProjectResources\MobipugNew\Mobipug27.10.18\MobipugSource\app\build\intermediates\transforms\jarMerging\debug\jars\1\1f\combined.jar
java_class_path (initial): C:\Users\android-4\AppData\Local\Android\Sdk\build-tools\26.0.2\lib\dx.jar
Launcher Type: SUN_STANDARD

Environment Variables:
PATH=C:\ProgramData\Oracle\Java\javapath;C:\Windows\system32;C:\Windows;C:\Windows\System32\Wbem;C:\Windows\System32\WindowsPowerShell\v1.0\;C:\Program Files\Intel\OpenCL SDK\2.0\bin\x86;C:\Program Files\Skype\Phone\
USERNAME=android-4
OS=Windows_NT
PROCESSOR_IDENTIFIER=x86 Family 6 Model 42 Stepping 7, GenuineIntel



---------------  S Y S T E M  ---------------

OS: Windows 7 Build 7600 (6.1.7600.16385)

CPU:total 4 (2 cores per cpu, 2 threads per core) family 6 model 42 stepping 7, cmov, cx8, fxsr, mmx, sse, sse2, sse3, ssse3, sse4.1, sse4.2, popcnt, clmul, ht, tsc, tscinvbit

Memory: 4k page, physical 3578328k(307996k free), swap 24056564k(19127652k free)

vm_info: Java HotSpot(TM) Client VM (25.101-b13) for windows-x86 JRE (1.8.0_101-b13), built on Jun 22 2016 00:45:44 by "java_re" with MS VC++ 10.0 (VS2010)

time: Wed Nov 14 16:49:12 2018
elapsed time: 14 seconds (0d 0h 0m 14s)

