#
# A fatal error has been detected by the Java Runtime Environment:
#
#  EXCEPTION_ACCESS_VIOLATION (0xc0000005) at pc=0x648b558f, pid=4196, tid=0x000014a8
#
# JRE version: Java(TM) SE Runtime Environment (8.0_101-b13) (build 1.8.0_101-b13)
# Java VM: Java HotSpot(TM) Client VM (25.101-b13 mixed mode windows-x86 )
# Problematic frame:
# V  [jvm.dll+0x9558f]
#
# Failed to write core dump. Minidumps are not enabled by default on client versions of Windows
#
# If you would like to submit a bug report, please visit:
#   http://bugreport.java.com/bugreport/crash.jsp
#

---------------  T H R E A D  ---------------

Current thread (0x4448a800):  VMThread [stack: 0x01610000,0x01660000] [id=5288]

siginfo: ExceptionCode=0xc0000005, reading address 0x00000004

Registers:
EAX=0x074b4288, EBX=0x440bd810, ECX=0x00000000, EDX=0x0f3a60e8
ESP=0x0165f2f4, EBP=0x0165f304, ESI=0x01731c88, EDI=0x074b4288
EIP=0x648b558f, EFLAGS=0x00010293

Top of Stack: (sp=0x0165f2f4)
0x0165f2f4:   0165f4b0 0f3a60dc 440bd810 01731c88
0x0165f304:   0165f324 648dafcc 074b4288 0f3e1760
0x0165f314:   0f3a60d0 0165f4b0 440bd6d0 440bd818
0x0165f324:   0165f344 648c518f 0f3a60d0 0f3a60e8
0x0165f334:   01731c88 0165f4b0 0172f210 01732ab0
0x0165f344:   0165f358 648b3dad 0165f4b0 0172f210
0x0165f354:   00000000 0165f36c 648b81ec 0165f4b0
0x0165f364:   0165f464 00000000 0165f588 648b41d7 

Instructions: (pc=0x648b558f)
0x648b556f:   ff c6 83 a0 01 00 00 00 5e 5b 5d c2 04 00 cc cc
0x648b557f:   cc 55 8b ec 51 53 56 57 8b 7d 08 8b f1 8b 4f 04
0x648b558f:   8b 41 04 89 75 fc 85 c0 7e 09 a8 01 75 30 c1 f8
0x648b559f:   02 eb 33 79 29 8b 5f 08 8b 15 2c 8c b8 64 8b c8 


Register to memory mapping:

EAX=0x074b4288 is pointing into object: 0x074b4248
[Ljava.lang.Object; 
 - klass: 'java/lang/Object'[]
 - length: 14
EBX=0x440bd810 is pointing into metadata
ECX=0x00000000 is an unknown value
EDX=0x0f3a60e8 is an oop
java.util.HashMap$Node 
 - klass: 'java/util/HashMap$Node'
ESP=0x0165f2f4 is an unknown value
EBP=0x0165f304 is an unknown value
ESI=0x01731c88 is an unknown value
EDI=0x074b4288 is pointing into object: 0x074b4248
[Ljava.lang.Object; 
 - klass: 'java/lang/Object'[]
 - length: 14


Stack: [0x01610000,0x01660000],  sp=0x0165f2f4,  free space=316k
Native frames: (J=compiled Java code, j=interpreted, Vv=VM code, C=native code)
V  [jvm.dll+0x9558f]
V  [jvm.dll+0xbafcc]
V  [jvm.dll+0xa518f]
V  [jvm.dll+0x93dad]
V  [jvm.dll+0x981ec]
V  [jvm.dll+0x941d7]
V  [jvm.dll+0x98e73]
V  [jvm.dll+0x92e25]
V  [jvm.dll+0x1b81c6]
V  [jvm.dll+0x18292b]
V  [jvm.dll+0x181d31]
V  [jvm.dll+0x182147]
V  [jvm.dll+0x182342]
V  [jvm.dll+0x1c1ed6]
C  [msvcr100.dll+0x5c556]
C  [msvcr100.dll+0x5c600]
C  [kernel32.dll+0x51174]
C  [ntdll.dll+0x5b3f5]
C  [ntdll.dll+0x5b3c8]

VM_Operation (0x44afedb4): GenCollectForAllocation, mode: safepoint, requested by thread 0x44625000


---------------  P R O C E S S  ---------------

Java Threads: ( => current thread )
  0x44652400 JavaThread "pool-2-thread-4" [_thread_blocked, id=5536, stack(0x44c70000,0x44cc0000)]
  0x44658400 JavaThread "pool-2-thread-3" [_thread_blocked, id=2512, stack(0x44b80000,0x44bd0000)]
  0x44657000 JavaThread "pool-2-thread-2" [_thread_blocked, id=6128, stack(0x03d90000,0x03de0000)]
  0x44656800 JavaThread "pool-3-thread-1" [_thread_blocked, id=5648, stack(0x449b0000,0x44a00000)]
  0x44625000 JavaThread "pool-2-thread-1" [_thread_blocked, id=4532, stack(0x44ab0000,0x44b00000)]
  0x444ca000 JavaThread "Service Thread" daemon [_thread_blocked, id=5092, stack(0x44a00000,0x44a50000)]
  0x444da000 JavaThread "C1 CompilerThread0" daemon [_thread_blocked, id=2304, stack(0x01200000,0x01250000)]
  0x444d9000 JavaThread "Attach Listener" daemon [_thread_blocked, id=308, stack(0x44960000,0x449b0000)]
  0x444d6000 JavaThread "Signal Dispatcher" daemon [_thread_blocked, id=6136, stack(0x44870000,0x448c0000)]
  0x444b6c00 JavaThread "Finalizer" daemon [_thread_blocked, id=5520, stack(0x44760000,0x447b0000)]
  0x44490400 JavaThread "Reference Handler" daemon [_thread_blocked, id=4524, stack(0x44710000,0x44760000)]
  0x0119bc00 JavaThread "main" [_thread_blocked, id=2540, stack(0x01910000,0x01960000)]

Other Threads:
=>0x4448a800 VMThread [stack: 0x01610000,0x01660000] [id=5288]
  0x444cbc00 WatcherThread [stack: 0x44900000,0x44950000] [id=1528]

VM state:at safepoint (normal execution)

VM Mutex/Monitor currently owned by a thread:  ([mutex/lock_event])
[0x0119a230] Threads_lock - owner thread: 0x4448a800
[0x0119a640] Heap_lock - owner thread: 0x44625000

Heap:
 def new generation   total 185920K, used 185920K [0x03e00000, 0x107b0000, 0x19350000)
  eden space 165312K, 100% used [0x03e00000, 0x0df70000, 0x0df70000)
  from space 20608K, 100% used [0x0df70000, 0x0f390000, 0x0f390000)
  to   space 20608K,   2% used [0x0f390000, 0x0f411de8, 0x107b0000)
 tenured generation   total 412928K, used 383476K [0x19350000, 0x32690000, 0x43e00000)
   the space 412928K,  92% used [0x19350000, 0x309cd2d8, 0x309cd400, 0x32690000)
 Metaspace       used 3546K, capacity 3598K, committed 3648K, reserved 4480K

Card table byte_map: [0x43e00000,0x44010000] byte_map_base: 0x43de1000

Polling page: 0x00190000

CodeCache: size=32768Kb used=3542Kb max_used=3542Kb free=29225Kb
 bounds [0x01c30000, 0x01fa8000, 0x03c30000]
 total_blobs=1845 nmethods=1698 adapters=77
 compilation: enabled

Compilation events (10 events):
Event: 25.050 Thread 0x444da000 1696             com.android.dx.cf.direct.DirectClassFile$DcfTypeList::isMutable (2 bytes)
Event: 25.050 Thread 0x444da000 nmethod 1696 0x01fa4688 code [0x01fa4780, 0x01fa4800]
Event: 25.050 Thread 0x444da000 1697             com.android.dx.dex.file.AnnotationUtils::makeThrows (40 bytes)
Event: 25.051 Thread 0x444da000 nmethod 1697 0x01fa4848 code [0x01fa4990, 0x01fa4b9c]
Event: 25.579 Thread 0x444da000 1698   !         com.android.dx.cf.attrib.AttExceptions::<init> (45 bytes)
Event: 25.579 Thread 0x444da000 nmethod 1698 0x01fa4dc8 code [0x01fa4ef0, 0x01fa50d4]
Event: 25.580 Thread 0x444da000 1699             com.android.dx.cf.attrib.AttExceptions::byteLength (15 bytes)
Event: 25.580 Thread 0x444da000 nmethod 1699 0x01fa5248 code [0x01fa5350, 0x01fa53ec]
Event: 26.552 Thread 0x444da000 1700             java.util.HashMap::treeifyBin (110 bytes)
Event: 26.553 Thread 0x444da000 nmethod 1700 0x01fa5448 code [0x01fa5580, 0x01fa57a4]

GC Heap History (10 events):
Event: 19.812 GC heap after
Heap after GC invocations=89 (full 7):
 def new generation   total 185920K, used 20608K [0x03e00000, 0x107b0000, 0x19350000)
  eden space 165312K,   0% used [0x03e00000, 0x03e00000, 0x0df70000)
  from space 20608K, 100% used [0x0df70000, 0x0f390000, 0x0f390000)
  to   space 20608K,   0% used [0x0f390000, 0x0f390000, 0x107b0000)
 tenured generation   total 412928K, used 285603K [0x19350000, 0x32690000, 0x43e00000)
   the space 412928K,  69% used [0x19350000, 0x2aa38cf0, 0x2aa38e00, 0x32690000)
 Metaspace       used 3546K, capacity 3598K, committed 3648K, reserved 4480K
}
Event: 21.186 GC heap before
{Heap before GC invocations=89 (full 7):
 def new generation   total 185920K, used 185920K [0x03e00000, 0x107b0000, 0x19350000)
  eden space 165312K, 100% used [0x03e00000, 0x0df70000, 0x0df70000)
  from space 20608K, 100% used [0x0df70000, 0x0f390000, 0x0f390000)
  to   space 20608K,   0% used [0x0f390000, 0x0f390000, 0x107b0000)
 tenured generation   total 412928K, used 285603K [0x19350000, 0x32690000, 0x43e00000)
   the space 412928K,  69% used [0x19350000, 0x2aa38cf0, 0x2aa38e00, 0x32690000)
 Metaspace       used 3546K, capacity 3598K, committed 3648K, reserved 4480K
Event: 21.317 GC heap after
Heap after GC invocations=90 (full 7):
 def new generation   total 185920K, used 20608K [0x03e00000, 0x107b0000, 0x19350000)
  eden space 165312K,   0% used [0x03e00000, 0x03e00000, 0x0df70000)
  from space 20608K, 100% used [0x0f390000, 0x107b0000, 0x107b0000)
  to   space 20608K,   0% used [0x0df70000, 0x0df70000, 0x0f390000)
 tenured generation   total 412928K, used 310610K [0x19350000, 0x32690000, 0x43e00000)
   the space 412928K,  75% used [0x19350000, 0x2c2a4978, 0x2c2a4a00, 0x32690000)
 Metaspace       used 3546K, capacity 3598K, committed 3648K, reserved 4480K
}
Event: 22.230 GC heap before
{Heap before GC invocations=90 (full 7):
 def new generation   total 185920K, used 185920K [0x03e00000, 0x107b0000, 0x19350000)
  eden space 165312K, 100% used [0x03e00000, 0x0df70000, 0x0df70000)
  from space 20608K, 100% used [0x0f390000, 0x107b0000, 0x107b0000)
  to   space 20608K,   0% used [0x0df70000, 0x0df70000, 0x0f390000)
 tenured generation   total 412928K, used 310610K [0x19350000, 0x32690000, 0x43e00000)
   the space 412928K,  75% used [0x19350000, 0x2c2a4978, 0x2c2a4a00, 0x32690000)
 Metaspace       used 3546K, capacity 3598K, committed 3648K, reserved 4480K
Event: 22.336 GC heap after
Heap after GC invocations=91 (full 7):
 def new generation   total 185920K, used 20607K [0x03e00000, 0x107b0000, 0x19350000)
  eden space 165312K,   0% used [0x03e00000, 0x03e00000, 0x0df70000)
  from space 20608K,  99% used [0x0df70000, 0x0f38fff8, 0x0f390000)
  to   space 20608K,   0% used [0x0f390000, 0x0f390000, 0x107b0000)
 tenured generation   total 412928K, used 333543K [0x19350000, 0x32690000, 0x43e00000)
   the space 412928K,  80% used [0x19350000, 0x2d909d58, 0x2d909e00, 0x32690000)
 Metaspace       used 3546K, capacity 3598K, committed 3648K, reserved 4480K
}
Event: 23.663 GC heap before
{Heap before GC invocations=91 (full 7):
 def new generation   total 185920K, used 185919K [0x03e00000, 0x107b0000, 0x19350000)
  eden space 165312K, 100% used [0x03e00000, 0x0df70000, 0x0df70000)
  from space 20608K,  99% used [0x0df70000, 0x0f38fff8, 0x0f390000)
  to   space 20608K,   0% used [0x0f390000, 0x0f390000, 0x107b0000)
 tenured generation   total 412928K, used 333543K [0x19350000, 0x32690000, 0x43e00000)
   the space 412928K,  80% used [0x19350000, 0x2d909d58, 0x2d909e00, 0x32690000)
 Metaspace       used 3546K, capacity 3598K, committed 3648K, reserved 4480K
Event: 23.779 GC heap after
Heap after GC invocations=92 (full 7):
 def new generation   total 185920K, used 20607K [0x03e00000, 0x107b0000, 0x19350000)
  eden space 165312K,   0% used [0x03e00000, 0x03e00000, 0x0df70000)
  from space 20608K,  99% used [0x0f390000, 0x107afff8, 0x107b0000)
  to   space 20608K,   0% used [0x0df70000, 0x0df70000, 0x0f390000)
 tenured generation   total 412928K, used 357935K [0x19350000, 0x32690000, 0x43e00000)
   the space 412928K,  86% used [0x19350000, 0x2f0dbcb8, 0x2f0dbe00, 0x32690000)
 Metaspace       used 3546K, capacity 3598K, committed 3648K, reserved 4480K
}
Event: 25.253 GC heap before
{Heap before GC invocations=92 (full 7):
 def new generation   total 185920K, used 185919K [0x03e00000, 0x107b0000, 0x19350000)
  eden space 165312K, 100% used [0x03e00000, 0x0df70000, 0x0df70000)
  from space 20608K,  99% used [0x0f390000, 0x107afff8, 0x107b0000)
  to   space 20608K,   0% used [0x0df70000, 0x0df70000, 0x0f390000)
 tenured generation   total 412928K, used 357935K [0x19350000, 0x32690000, 0x43e00000)
   the space 412928K,  86% used [0x19350000, 0x2f0dbcb8, 0x2f0dbe00, 0x32690000)
 Metaspace       used 3546K, capacity 3598K, committed 3648K, reserved 4480K
Event: 25.364 GC heap after
Heap after GC invocations=93 (full 7):
 def new generation   total 185920K, used 20608K [0x03e00000, 0x107b0000, 0x19350000)
  eden space 165312K,   0% used [0x03e00000, 0x03e00000, 0x0df70000)
  from space 20608K, 100% used [0x0df70000, 0x0f390000, 0x0f390000)
  to   space 20608K,   0% used [0x0f390000, 0x0f390000, 0x107b0000)
 tenured generation   total 412928K, used 382615K [0x19350000, 0x32690000, 0x43e00000)
   the space 412928K,  92% used [0x19350000, 0x308f5d30, 0x308f5e00, 0x32690000)
 Metaspace       used 3546K, capacity 3598K, committed 3648K, reserved 4480K
}
Event: 26.692 GC heap before
{Heap before GC invocations=93 (full 7):
 def new generation   total 185920K, used 185920K [0x03e00000, 0x107b0000, 0x19350000)
  eden space 165312K, 100% used [0x03e00000, 0x0df70000, 0x0df70000)
  from space 20608K, 100% used [0x0df70000, 0x0f390000, 0x0f390000)
  to   space 20608K,   0% used [0x0f390000, 0x0f390000, 0x107b0000)
 tenured generation   total 412928K, used 382615K [0x19350000, 0x32690000, 0x43e00000)
   the space 412928K,  92% used [0x19350000, 0x308f5d30, 0x308f5e00, 0x32690000)
 Metaspace       used 3546K, capacity 3598K, committed 3648K, reserved 4480K

Deoptimization events (0 events):
No events

Internal exceptions (5 events):
Event: 0.633 Thread 0x0119bc00 Exception <a 'java/lang/NoSuchMethodError': Method sun.misc.Unsafe.defineClass(Ljava/lang/String;[BII)Ljava/lang/Class; name or signature does not match> (0x03e06ea8) thrown at [C:\re\workspace\8-2-build-windows-i586-cygwin\jdk8u101\7261\hotspot\src\share\;XÊ%@ä?
Event: 0.633 Thread 0x0119bc00 Exception <a 'java/lang/NoSuchMethodError': Method sun.misc.Unsafe.prefetchRead(Ljava/lang/Object;J)V name or signature does not match> (0x03e07178) thrown at [C:\re\workspace\8-2-build-windows-i586-cygwin\jdk8u101\7261\hotspot\src\share\vm\prims\jni.cpp, µXZ”7@
Event: 3.527 Thread 0x44652400 Exception <a 'java/lang/ArrayIndexOutOfBoundsException': 18> (0x040bd260) thrown at [C:\re\workspace\8-2-build-windows-i586-cygwin\jdk8u101\7261\hotspot\src\share\vm\interpreter\interpreterRuntime.cpp, line 366]
Event: 3.527 Thread 0x44652400 Exception <a 'java/lang/ArrayIndexOutOfBoundsException': 145> (0x040beb00) thrown at [C:\re\workspace\8-2-build-windows-i586-cygwin\jdk8u101\7261\hotspot\src\share\vm\interpreter\interpreterRuntime.cpp, line 366]
Event: 3.528 Thread 0x44652400 Exception <a 'java/lang/ArrayIndexOutOfBoundsException': 40> (0x040bfbe0) thrown at [C:\re\workspace\8-2-build-windows-i586-cygwin\jdk8u101\7261\hotspot\src\share\vm\interpreter\interpreterRuntime.cpp, line 366]

Events (10 events):
Event: 19.812 Executing VM operation: GenCollectForAllocation done
Event: 21.186 Executing VM operation: GenCollectForAllocation
Event: 21.317 Executing VM operation: GenCollectForAllocation done
Event: 22.230 Executing VM operation: GenCollectForAllocation
Event: 22.336 Executing VM operation: GenCollectForAllocation done
Event: 23.663 Executing VM operation: GenCollectForAllocation
Event: 23.779 Executing VM operation: GenCollectForAllocation done
Event: 25.253 Executing VM operation: GenCollectForAllocation
Event: 25.364 Executing VM operation: GenCollectForAllocation done
Event: 26.692 Executing VM operation: GenCollectForAllocation


Dynamic libraries:
0x012a0000 - 0x012d3000 	C:\Program Files\Java\jdk1.8.0_101\bin\java.exe
0x77320000 - 0x7745c000 	C:\Windows\SYSTEM32\ntdll.dll
0x76880000 - 0x76954000 	C:\Windows\system32\kernel32.dll
0x75700000 - 0x7574a000 	C:\Windows\system32\KERNELBASE.dll
0x76dc0000 - 0x76e60000 	C:\Windows\system32\ADVAPI32.dll
0x76fa0000 - 0x7704c000 	C:\Windows\system32\msvcrt.dll
0x77480000 - 0x77499000 	C:\Windows\SYSTEM32\sechost.dll
0x76960000 - 0x76a01000 	C:\Windows\system32\RPCRT4.dll
0x76ec0000 - 0x76f89000 	C:\Windows\system32\USER32.dll
0x76620000 - 0x7666e000 	C:\Windows\system32\GDI32.dll
0x77460000 - 0x7746a000 	C:\Windows\system32\LPK.dll
0x76a10000 - 0x76aad000 	C:\Windows\system32\USP10.dll
0x74280000 - 0x7441e000 	C:\Windows\WinSxS\x86_microsoft.windows.common-controls_6595b64144ccf1df_6.0.7600.16385_none_421189da2b7fabfc\COMCTL32.dll
0x77050000 - 0x770a7000 	C:\Windows\system32\SHLWAPI.dll
0x76700000 - 0x7671f000 	C:\Windows\system32\IMM32.DLL
0x77250000 - 0x7731c000 	C:\Windows\system32\MSCTF.dll
0x64bf0000 - 0x64caf000 	C:\Program Files\Java\jdk1.8.0_101\jre\bin\msvcr100.dll
0x64820000 - 0x64bec000 	C:\Program Files\Java\jdk1.8.0_101\jre\bin\client\jvm.dll
0x70a20000 - 0x70a27000 	C:\Windows\system32\WSOCK32.dll
0x76bb0000 - 0x76be5000 	C:\Windows\system32\WS2_32.dll
0x76f90000 - 0x76f96000 	C:\Windows\system32\NSI.dll
0x70d40000 - 0x70d72000 	C:\Windows\system32\WINMM.dll
0x74970000 - 0x74979000 	C:\Windows\system32\VERSION.dll
0x77470000 - 0x77475000 	C:\Windows\system32\PSAPI.DLL
0x661e0000 - 0x661ec000 	C:\Program Files\Java\jdk1.8.0_101\jre\bin\verify.dll
0x65f80000 - 0x65fa1000 	C:\Program Files\Java\jdk1.8.0_101\jre\bin\java.dll
0x65f60000 - 0x65f73000 	C:\Program Files\Java\jdk1.8.0_101\jre\bin\zip.dll
0x759d0000 - 0x76619000 	C:\Windows\system32\SHELL32.dll
0x76720000 - 0x7687c000 	C:\Windows\system32\ole32.dll
0x75470000 - 0x7547b000 	C:\Windows\system32\profapi.dll
0x731d0000 - 0x732bb000 	C:\Windows\system32\dbghelp.dll

VM Arguments:
jvm_args: -Djava.awt.headless=true -Xmx1024M -Dfile.encoding=windows-1252 -Duser.country=US -Duser.language=en -Duser.variant 
java_command: com.android.dx.command.Main --dex --num-threads=4 --multi-dex --main-dex-list E:\SandeepProjectResources\MobipugNew\Mobipug27.10.18\MobipugSource\app\build\intermediates\multi-dex\debug\maindexlist.txt --output E:\SandeepProjectResources\MobipugNew\Mobipug27.10.18\MobipugSource\app\build\intermediates\transforms\dex\debug\folders\1000\1f\main E:\SandeepProjectResources\MobipugNew\Mobipug27.10.18\MobipugSource\app\build\intermediates\transforms\jarMerging\debug\jars\1\1f\combined.jar
java_class_path (initial): C:\Users\android-4\AppData\Local\Android\Sdk\build-tools\26.0.2\lib\dx.jar
Launcher Type: SUN_STANDARD

Environment Variables:
PATH=C:\ProgramData\Oracle\Java\javapath;C:\Windows\system32;C:\Windows;C:\Windows\System32\Wbem;C:\Windows\System32\WindowsPowerShell\v1.0\;C:\Program Files\Intel\OpenCL SDK\2.0\bin\x86;C:\Program Files\Skype\Phone\
USERNAME=android-4
OS=Windows_NT
PROCESSOR_IDENTIFIER=x86 Family 6 Model 42 Stepping 7, GenuineIntel



---------------  S Y S T E M  ---------------

OS: Windows 7 Build 7600 (6.1.7600.16385)

CPU:total 4 (2 cores per cpu, 2 threads per core) family 6 model 42 stepping 7, cmov, cx8, fxsr, mmx, sse, sse2, sse3, ssse3, sse4.1, sse4.2, popcnt, clmul, ht, tsc, tscinvbit

Memory: 4k page, physical 3578328k(444996k free), swap 24056564k(19304984k free)

vm_info: Java HotSpot(TM) Client VM (25.101-b13) for windows-x86 JRE (1.8.0_101-b13), built on Jun 22 2016 00:45:44 by "java_re" with MS VC++ 10.0 (VS2010)

time: Tue Nov 06 18:11:52 2018
elapsed time: 26 seconds (0d 0h 0m 26s)

