#
# A fatal error has been detected by the Java Runtime Environment:
#
#  EXCEPTION_ACCESS_VIOLATION (0xc0000005) at pc=0x52cd5f32, pid=572, tid=0x00000180
#
# JRE version: Java(TM) SE Runtime Environment (8.0_101-b13) (build 1.8.0_101-b13)
# Java VM: Java HotSpot(TM) Client VM (25.101-b13 mixed mode windows-x86 )
# Problematic frame:
# V  [jvm.dll+0xa5f32]
#
# Failed to write core dump. Minidumps are not enabled by default on client versions of Windows
#
# If you would like to submit a bug report, please visit:
#   http://bugreport.java.com/bugreport/crash.jsp
#

---------------  T H R E A D  ---------------

Current thread (0x4428a800):  VMThread [stack: 0x444a0000,0x444f0000] [id=384]

siginfo: ExceptionCode=0xc0000005, reading address 0x00000074

Registers:
EAX=0x00000000, EBX=0x01684170, ECX=0x441461b0, EDX=0x52f0e01c
ESP=0x444eefd4, EBP=0x444eefd8, ESI=0x1a97e0d8, EDI=0x1a97e0d8
EIP=0x52cd5f32, EFLAGS=0x00010246

Top of Stack: (sp=0x444eefd4)
0x444eefd4:   1a97e0d8 444eeff0 52cbfdad 1a97e0d8
0x444eefe4:   1a97e200 016f30a8 1a97e000 444eeffc
0x444eeff4:   52cd613b 1a97e1fc 444ef018 52cd49b0
0x444ef004:   1a97e1fc 00000080 1a97de00 43cb6bef
0x444ef014:   1a97dff8 444ef040 52cc1975 1a97e000
0x444ef024:   00000080 0127d688 52f0e01c 19150000
0x444ef034:   43caaa80 444ef054 1a97e000 444ef064
0x444ef044:   52cc0eb0 19150000 0061bfae 01684130 

Instructions: (pc=0x52cd5f32)
0x52cd5f12:   d3 e6 4a c1 f8 10 25 ff 00 00 00 03 f2 03 c6 f7
0x52cd5f22:   d2 c1 e8 02 c1 ea 02 23 c2 5e 5d c2 04 00 8b 01
0x52cd5f32:   8b 50 74 56 ff d2 5e 5d c2 04 00 8b 41 08 2b c6
0x52cd5f42:   c1 e8 02 5e 5d c2 04 00 cc cc cc cc cc cc 8b 41 


Register to memory mapping:

EAX=0x00000000 is an unknown value
EBX=0x01684170 is an unknown value
ECX=0x441461b0 is pointing into metadata
EDX=0x52f0e01c is an unknown value
ESP=0x444eefd4 is an unknown value
EBP=0x444eefd8 is an unknown value
ESI=
[error occurred during error reporting (printing register info), id 0xc0000005]

Stack: [0x444a0000,0x444f0000],  sp=0x444eefd4,  free space=315k
Native frames: (J=compiled Java code, j=interpreted, Vv=VM code, C=native code)
V  [jvm.dll+0xa5f32]
V  [jvm.dll+0x8fdad]
V  [jvm.dll+0xa613b]
V  [jvm.dll+0xa49b0]
V  [jvm.dll+0x91975]
V  [jvm.dll+0x90eb0]
V  [jvm.dll+0x91484]
V  [jvm.dll+0x9a40c]
V  [jvm.dll+0x91344]
V  [jvm.dll+0x9933e]
V  [jvm.dll+0x951a9]
V  [jvm.dll+0x98e73]
V  [jvm.dll+0x92e25]
V  [jvm.dll+0x1b81c6]
V  [jvm.dll+0x18292b]
V  [jvm.dll+0x181d31]
V  [jvm.dll+0x182147]
V  [jvm.dll+0x182342]
V  [jvm.dll+0x1c1ed6]
C  [msvcr100.dll+0x5c556]
C  [msvcr100.dll+0x5c600]
C  [kernel32.dll+0x51174]
C  [ntdll.dll+0x5b3f5]
C  [ntdll.dll+0x5b3c8]

VM_Operation (0x446ff464): GenCollectForAllocation, mode: safepoint, requested by thread 0x4442d400


---------------  P R O C E S S  ---------------

Java Threads: ( => current thread )
  0x4442e000 JavaThread "pool-2-thread-4" [_thread_blocked, id=5572, stack(0x44b10000,0x44b60000)]
  0x4442d400 JavaThread "pool-2-thread-3" [_thread_blocked, id=5744, stack(0x446b0000,0x44700000)]
  0x44406000 JavaThread "pool-2-thread-2" [_thread_blocked, id=5112, stack(0x44aa0000,0x44af0000)]
  0x44430400 JavaThread "pool-3-thread-1" [_thread_blocked, id=5132, stack(0x44960000,0x449b0000)]
  0x44402000 JavaThread "pool-2-thread-1" [_thread_blocked, id=4880, stack(0x449d0000,0x44a20000)]
  0x442ed800 JavaThread "Service Thread" daemon [_thread_blocked, id=1996, stack(0x44780000,0x447d0000)]
  0x442da000 JavaThread "C1 CompilerThread0" daemon [_thread_blocked, id=2232, stack(0x44710000,0x44760000)]
  0x442d9000 JavaThread "Attach Listener" daemon [_thread_blocked, id=5284, stack(0x44860000,0x448b0000)]
  0x442d6000 JavaThread "Signal Dispatcher" daemon [_thread_blocked, id=4944, stack(0x447f0000,0x44840000)]
  0x442b6c00 JavaThread "Finalizer" daemon [_thread_blocked, id=3120, stack(0x445c0000,0x44610000)]
  0x44290400 JavaThread "Reference Handler" daemon [_thread_blocked, id=5052, stack(0x002a0000,0x002f0000)]
  0x0127bc00 JavaThread "main" [_thread_blocked, id=4400, stack(0x011f0000,0x01240000)]

Other Threads:
=>0x4428a800 VMThread [stack: 0x444a0000,0x444f0000] [id=384]
  0x442cf000 WatcherThread [stack: 0x448b0000,0x44900000] [id=1864]

VM state:at safepoint (normal execution)

VM Mutex/Monitor currently owned by a thread:  ([mutex/lock_event])
[0x0127a1d0] Threads_lock - owner thread: 0x4428a800
[0x0127a5e0] Heap_lock - owner thread: 0x4442d400

Heap:
 def new generation   total 13248K, used 13248K [0x03c00000, 0x04a50000, 0x19150000)
  eden space 11840K, 100% used [0x03c00000, 0x04790000, 0x04790000)
  from space 1408K, 100% used [0x048f0000, 0x04a50000, 0x04a50000)
  to   space 1408K,   1% used [0x04790000, 0x047959f8, 0x048f0000)
 tenured generation   total 29208K, used 25074K [0x19150000, 0x1add6000, 0x43c00000)
   the space 29208K,  85% used [0x19150000, 0x1a9ccbd0, 0x1a9ccc00, 0x1add6000)
 Metaspace       used 3521K, capacity 3528K, committed 3648K, reserved 4480K

Card table byte_map: [0x43c00000,0x43e10000] byte_map_base: 0x43be2000

Polling page: 0x00210000

CodeCache: size=32768Kb used=2826Kb max_used=2826Kb free=29941Kb
 bounds [0x01aa0000, 0x01d68000, 0x03aa0000]
 total_blobs=1389 nmethods=1244 adapters=75
 compilation: enabled

Compilation events (10 events):
Event: 1.054 Thread 0x442da000 1242             java.util.concurrent.ThreadPoolExecutor::workerCountOf (5 bytes)
Event: 1.054 Thread 0x442da000 nmethod 1242 0x01d61dc8 code [0x01d61ec0, 0x01d61f30]
Event: 1.056 Thread 0x442da000 1243             com.android.dx.cf.code.OneLocalsArray::set (10 bytes)
Event: 1.057 Thread 0x442da000 nmethod 1243 0x01d61f88 code [0x01d62090, 0x01d6212c]
Event: 1.057 Thread 0x442da000 1244             com.android.dx.rop.code.RegisterSpec::getFrameType (10 bytes)
Event: 1.057 Thread 0x442da000 nmethod 1244 0x01d621c8 code [0x01d622d0, 0x01d6236c]
Event: 1.058 Thread 0x442da000 1245             com.android.dx.rop.code.ThrowingInsn::accept (8 bytes)
Event: 1.059 Thread 0x442da000 nmethod 1245 0x01d623c8 code [0x01d624d0, 0x01d6256c]
Event: 1.060 Thread 0x442da000 1246             com.android.dx.rop.code.Rops::opMarkLocal (69 bytes)
Event: 1.060 Thread 0x442da000 nmethod 1246 0x01d625c8 code [0x01d62730, 0x01d62a48]

GC Heap History (10 events):
Event: 0.913 GC heap after
Heap after GC invocations=27 (full 2):
 def new generation   total 13248K, used 1408K [0x03c00000, 0x04a50000, 0x19150000)
  eden space 11840K,   0% used [0x03c00000, 0x03c00000, 0x04790000)
  from space 1408K, 100% used [0x048f0000, 0x04a50000, 0x04a50000)
  to   space 1408K,   0% used [0x04790000, 0x04790000, 0x048f0000)
 tenured generation   total 29208K, used 18122K [0x19150000, 0x1add6000, 0x43c00000)
   the space 29208K,  62% used [0x19150000, 0x1a302910, 0x1a302a00, 0x1add6000)
 Metaspace       used 3521K, capacity 3528K, committed 3648K, reserved 4480K
}
Event: 0.940 GC heap before
{Heap before GC invocations=27 (full 2):
 def new generation   total 13248K, used 13248K [0x03c00000, 0x04a50000, 0x19150000)
  eden space 11840K, 100% used [0x03c00000, 0x04790000, 0x04790000)
  from space 1408K, 100% used [0x048f0000, 0x04a50000, 0x04a50000)
  to   space 1408K,   0% used [0x04790000, 0x04790000, 0x048f0000)
 tenured generation   total 29208K, used 18122K [0x19150000, 0x1add6000, 0x43c00000)
   the space 29208K,  62% used [0x19150000, 0x1a302910, 0x1a302a00, 0x1add6000)
 Metaspace       used 3521K, capacity 3528K, committed 3648K, reserved 4480K
Event: 0.947 GC heap after
Heap after GC invocations=28 (full 2):
 def new generation   total 13248K, used 1408K [0x03c00000, 0x04a50000, 0x19150000)
  eden space 11840K,   0% used [0x03c00000, 0x03c00000, 0x04790000)
  from space 1408K, 100% used [0x04790000, 0x048f0000, 0x048f0000)
  to   space 1408K,   0% used [0x048f0000, 0x048f0000, 0x04a50000)
 tenured generation   total 29208K, used 19652K [0x19150000, 0x1add6000, 0x43c00000)
   the space 29208K,  67% used [0x19150000, 0x1a481160, 0x1a481200, 0x1add6000)
 Metaspace       used 3521K, capacity 3528K, committed 3648K, reserved 4480K
}
Event: 0.971 GC heap before
{Heap before GC invocations=28 (full 2):
 def new generation   total 13248K, used 13248K [0x03c00000, 0x04a50000, 0x19150000)
  eden space 11840K, 100% used [0x03c00000, 0x04790000, 0x04790000)
  from space 1408K, 100% used [0x04790000, 0x048f0000, 0x048f0000)
  to   space 1408K,   0% used [0x048f0000, 0x048f0000, 0x04a50000)
 tenured generation   total 29208K, used 19652K [0x19150000, 0x1add6000, 0x43c00000)
   the space 29208K,  67% used [0x19150000, 0x1a481160, 0x1a481200, 0x1add6000)
 Metaspace       used 3521K, capacity 3528K, committed 3648K, reserved 4480K
Event: 0.979 GC heap after
Heap after GC invocations=29 (full 2):
 def new generation   total 13248K, used 1408K [0x03c00000, 0x04a50000, 0x19150000)
  eden space 11840K,   0% used [0x03c00000, 0x03c00000, 0x04790000)
  from space 1408K, 100% used [0x048f0000, 0x04a50000, 0x04a50000)
  to   space 1408K,   0% used [0x04790000, 0x04790000, 0x048f0000)
 tenured generation   total 29208K, used 21515K [0x19150000, 0x1add6000, 0x43c00000)
   the space 29208K,  73% used [0x19150000, 0x1a652d00, 0x1a652e00, 0x1add6000)
 Metaspace       used 3521K, capacity 3528K, committed 3648K, reserved 4480K
}
Event: 1.008 GC heap before
{Heap before GC invocations=29 (full 2):
 def new generation   total 13248K, used 13248K [0x03c00000, 0x04a50000, 0x19150000)
  eden space 11840K, 100% used [0x03c00000, 0x04790000, 0x04790000)
  from space 1408K, 100% used [0x048f0000, 0x04a50000, 0x04a50000)
  to   space 1408K,   0% used [0x04790000, 0x04790000, 0x048f0000)
 tenured generation   total 29208K, used 21515K [0x19150000, 0x1add6000, 0x43c00000)
   the space 29208K,  73% used [0x19150000, 0x1a652d00, 0x1a652e00, 0x1add6000)
 Metaspace       used 3521K, capacity 3528K, committed 3648K, reserved 4480K
Event: 1.015 GC heap after
Heap after GC invocations=30 (full 2):
 def new generation   total 13248K, used 1408K [0x03c00000, 0x04a50000, 0x19150000)
  eden space 11840K,   0% used [0x03c00000, 0x03c00000, 0x04790000)
  from space 1408K, 100% used [0x04790000, 0x048f0000, 0x048f0000)
  to   space 1408K,   0% used [0x048f0000, 0x048f0000, 0x04a50000)
 tenured generation   total 29208K, used 22849K [0x19150000, 0x1add6000, 0x43c00000)
   the space 29208K,  78% used [0x19150000, 0x1a7a06c8, 0x1a7a0800, 0x1add6000)
 Metaspace       used 3521K, capacity 3528K, committed 3648K, reserved 4480K
}
Event: 1.036 GC heap before
{Heap before GC invocations=30 (full 2):
 def new generation   total 13248K, used 13248K [0x03c00000, 0x04a50000, 0x19150000)
  eden space 11840K, 100% used [0x03c00000, 0x04790000, 0x04790000)
  from space 1408K, 100% used [0x04790000, 0x048f0000, 0x048f0000)
  to   space 1408K,   0% used [0x048f0000, 0x048f0000, 0x04a50000)
 tenured generation   total 29208K, used 22849K [0x19150000, 0x1add6000, 0x43c00000)
   the space 29208K,  78% used [0x19150000, 0x1a7a06c8, 0x1a7a0800, 0x1add6000)
 Metaspace       used 3521K, capacity 3528K, committed 3648K, reserved 4480K
Event: 1.045 GC heap after
Heap after GC invocations=31 (full 2):
 def new generation   total 13248K, used 1408K [0x03c00000, 0x04a50000, 0x19150000)
  eden space 11840K,   0% used [0x03c00000, 0x03c00000, 0x04790000)
  from space 1408K, 100% used [0x048f0000, 0x04a50000, 0x04a50000)
  to   space 1408K,   0% used [0x04790000, 0x04790000, 0x048f0000)
 tenured generation   total 29208K, used 25023K [0x19150000, 0x1add6000, 0x43c00000)
   the space 29208K,  85% used [0x19150000, 0x1a9bfeb8, 0x1a9c0000, 0x1add6000)
 Metaspace       used 3521K, capacity 3528K, committed 3648K, reserved 4480K
}
Event: 1.064 GC heap before
{Heap before GC invocations=31 (full 2):
 def new generation   total 13248K, used 13248K [0x03c00000, 0x04a50000, 0x19150000)
  eden space 11840K, 100% used [0x03c00000, 0x04790000, 0x04790000)
  from space 1408K, 100% used [0x048f0000, 0x04a50000, 0x04a50000)
  to   space 1408K,   0% used [0x04790000, 0x04790000, 0x048f0000)
 tenured generation   total 29208K, used 25023K [0x19150000, 0x1add6000, 0x43c00000)
   the space 29208K,  85% used [0x19150000, 0x1a9bfeb8, 0x1a9c0000, 0x1add6000)
 Metaspace       used 3521K, capacity 3528K, committed 3648K, reserved 4480K

Deoptimization events (0 events):
No events

Internal exceptions (5 events):
Event: 0.023 Thread 0x0127bc00 Exception <a 'java/lang/NoSuchMethodError': Method sun.misc.Unsafe.defineClass(Ljava/lang/String;[BII)Ljava/lang/Class; name or signature does not match> (0x03c06ea8) thrown at [C:\re\workspace\8-2-build-windows-i586-cygwin\jdk8u101\7261\hotspot\src\share\ό¦›Γo—?
Event: 0.023 Thread 0x0127bc00 Exception <a 'java/lang/NoSuchMethodError': Method sun.misc.Unsafe.prefetchRead(Ljava/lang/Object;J)V name or signature does not match> (0x03c07178) thrown at [C:\re\workspace\8-2-build-windows-i586-cygwin\jdk8u101\7261\hotspot\src\share\vm\prims\jni.cpp, ƒΔSήθ?
Event: 0.777 Thread 0x44406000 Exception <a 'java/lang/ArrayIndexOutOfBoundsException': 18> (0x042a26d8) thrown at [C:\re\workspace\8-2-build-windows-i586-cygwin\jdk8u101\7261\hotspot\src\share\vm\interpreter\interpreterRuntime.cpp, line 366]
Event: 0.777 Thread 0x44406000 Exception <a 'java/lang/ArrayIndexOutOfBoundsException': 145> (0x042a3f78) thrown at [C:\re\workspace\8-2-build-windows-i586-cygwin\jdk8u101\7261\hotspot\src\share\vm\interpreter\interpreterRuntime.cpp, line 366]
Event: 0.778 Thread 0x44406000 Exception <a 'java/lang/ArrayIndexOutOfBoundsException': 40> (0x042a5058) thrown at [C:\re\workspace\8-2-build-windows-i586-cygwin\jdk8u101\7261\hotspot\src\share\vm\interpreter\interpreterRuntime.cpp, line 366]

Events (10 events):
Event: 0.914 Executing VM operation: GenCollectForAllocation done
Event: 0.940 Executing VM operation: GenCollectForAllocation
Event: 0.947 Executing VM operation: GenCollectForAllocation done
Event: 0.971 Executing VM operation: GenCollectForAllocation
Event: 0.979 Executing VM operation: GenCollectForAllocation done
Event: 1.008 Executing VM operation: GenCollectForAllocation
Event: 1.015 Executing VM operation: GenCollectForAllocation done
Event: 1.036 Executing VM operation: GenCollectForAllocation
Event: 1.045 Executing VM operation: GenCollectForAllocation done
Event: 1.064 Executing VM operation: GenCollectForAllocation


Dynamic libraries:
0x01320000 - 0x01353000 	C:\Program Files\Java\jdk1.8.0_101\bin\java.exe
0x77570000 - 0x776ac000 	C:\Windows\SYSTEM32\ntdll.dll
0x77330000 - 0x77404000 	C:\Windows\system32\kernel32.dll
0x75940000 - 0x7598a000 	C:\Windows\system32\KERNELBASE.dll
0x75bd0000 - 0x75c70000 	C:\Windows\system32\ADVAPI32.dll
0x776f0000 - 0x7779c000 	C:\Windows\system32\msvcrt.dll
0x76d60000 - 0x76d79000 	C:\Windows\SYSTEM32\sechost.dll
0x77280000 - 0x77321000 	C:\Windows\system32\RPCRT4.dll
0x771b0000 - 0x77279000 	C:\Windows\system32\USER32.dll
0x76bf0000 - 0x76c3e000 	C:\Windows\system32\GDI32.dll
0x75a20000 - 0x75a2a000 	C:\Windows\system32\LPK.dll
0x77110000 - 0x771ad000 	C:\Windows\system32\USP10.dll
0x74530000 - 0x746ce000 	C:\Windows\WinSxS\x86_microsoft.windows.common-controls_6595b64144ccf1df_6.0.7600.16385_none_421189da2b7fabfc\COMCTL32.dll
0x759c0000 - 0x75a17000 	C:\Windows\system32\SHLWAPI.dll
0x776d0000 - 0x776ef000 	C:\Windows\system32\IMM32.DLL
0x77010000 - 0x770dc000 	C:\Windows\system32\MSCTF.dll
0x67e60000 - 0x67f1f000 	C:\Program Files\Java\jdk1.8.0_101\jre\bin\msvcr100.dll
0x52c30000 - 0x52ffc000 	C:\Program Files\Java\jdk1.8.0_101\jre\bin\client\jvm.dll
0x71280000 - 0x71287000 	C:\Windows\system32\WSOCK32.dll
0x76fd0000 - 0x77005000 	C:\Windows\system32\WS2_32.dll
0x76be0000 - 0x76be6000 	C:\Windows\system32\NSI.dll
0x70e50000 - 0x70e82000 	C:\Windows\system32\WINMM.dll
0x74bc0000 - 0x74bc9000 	C:\Windows\system32\VERSION.dll
0x776c0000 - 0x776c5000 	C:\Windows\system32\PSAPI.DLL
0x68770000 - 0x6877c000 	C:\Program Files\Java\jdk1.8.0_101\jre\bin\verify.dll
0x68740000 - 0x68761000 	C:\Program Files\Java\jdk1.8.0_101\jre\bin\java.dll
0x68720000 - 0x68733000 	C:\Program Files\Java\jdk1.8.0_101\jre\bin\zip.dll
0x75c70000 - 0x768b9000 	C:\Windows\system32\SHELL32.dll
0x77410000 - 0x7756c000 	C:\Windows\system32\ole32.dll
0x756c0000 - 0x756cb000 	C:\Windows\system32\profapi.dll
0x72060000 - 0x7214b000 	C:\Windows\system32\dbghelp.dll

VM Arguments:
jvm_args: -Djava.awt.headless=true -Xmx1024M -Dfile.encoding=windows-1252 -Duser.country=US -Duser.language=en -Duser.variant 
java_command: com.android.dx.command.Main --dex --num-threads=4 --multi-dex --main-dex-list E:\SandeepProjectResources\MobipugNew\MobipugSource\app\build\intermediates\multi-dex\debug\maindexlist.txt --output E:\SandeepProjectResources\MobipugNew\MobipugSource\app\build\intermediates\transforms\dex\debug\folders\1000\1f\main E:\SandeepProjectResources\MobipugNew\MobipugSource\app\build\intermediates\transforms\jarMerging\debug\jars\1\1f\combined.jar
java_class_path (initial): C:\Users\android-4\AppData\Local\Android\Sdk\build-tools\26.0.2\lib\dx.jar
Launcher Type: SUN_STANDARD

Environment Variables:
PATH=C:\ProgramData\Oracle\Java\javapath;C:\Windows\system32;C:\Windows;C:\Windows\System32\Wbem;C:\Windows\System32\WindowsPowerShell\v1.0\;C:\Program Files\Intel\OpenCL SDK\2.0\bin\x86;C:\Program Files\Skype\Phone\
USERNAME=android-4
OS=Windows_NT
PROCESSOR_IDENTIFIER=x86 Family 6 Model 42 Stepping 7, GenuineIntel



---------------  S Y S T E M  ---------------

OS: Windows 7 Build 7600 (6.1.7600.16385)

CPU:total 4 (2 cores per cpu, 2 threads per core) family 6 model 42 stepping 7, cmov, cx8, fxsr, mmx, sse, sse2, sse3, ssse3, sse4.1, sse4.2, popcnt, clmul, ht, tsc, tscinvbit

Memory: 4k page, physical 3578328k(351504k free), swap 24056564k(19451192k free)

vm_info: Java HotSpot(TM) Client VM (25.101-b13) for windows-x86 JRE (1.8.0_101-b13), built on Jun 22 2016 00:45:44 by "java_re" with MS VC++ 10.0 (VS2010)

time: Tue Oct 16 16:37:46 2018
elapsed time: 1 seconds (0d 0h 0m 1s)

