#
# A fatal error has been detected by the Java Runtime Environment:
#
#  EXCEPTION_ACCESS_VIOLATION (0xc0000005) at pc=0x51924da9, pid=2800, tid=0x0000123c
#
# JRE version: Java(TM) SE Runtime Environment (8.0_101-b13) (build 1.8.0_101-b13)
# Java VM: Java HotSpot(TM) Client VM (25.101-b13 mixed mode windows-x86 )
# Problematic frame:
# V  [jvm.dll+0x1b4da9]
#
# Failed to write core dump. Minidumps are not enabled by default on client versions of Windows
#
# If you would like to submit a bug report, please visit:
#   http://bugreport.java.com/bugreport/crash.jsp
#

---------------  T H R E A D  ---------------

Current thread (0x4448a800):  VMThread [stack: 0x00b50000,0x00ba0000] [id=4668]

siginfo: ExceptionCode=0xc0000005, reading address 0x00000091

Registers:
EAX=0x1f507a48, EBX=0x444ed6f0, ECX=0x1f4a93e8, EDX=0x00000009
ESP=0x00b9ee90, EBP=0x00b9eea8, ESI=0x444ed6e8, EDI=0x51ad94cc
EIP=0x51924da9, EFLAGS=0x00010206

Top of Stack: (sp=0x00b9ee90)
0x00b9ee90:   1f507a48 51ad94cc 444ed6e8 444ed6f0
0x00b9eea0:   51ad94cc 444ed6e8 00b9eeb4 51924fac
0x00b9eeb0:   00000003 00b9eed0 518c883a 444ed6e8
0x00b9eec0:   4465bc00 51ad94cc 00000000 446573f8
0x00b9eed0:   00b9f0b8 518e9eef 51ad94cc 00000002
0x00b9eee0:   4465bc00 00000000 00000000 00000000
0x00b9eef0:   00000000 00b9f144 00b9ef6c 00000012
0x00b9ef00:   00b9f130 51ad94f0 00b9f1b4 ffffffff 

Instructions: (pc=0x51924da9)
0x51924d89:   23 f0 29 35 50 94 ad 51 a3 4c 94 ad 51 8b c7 eb
0x51924d99:   09 48 a3 4c 94 ad 51 8b 04 81 8b 48 04 8b 11 50
0x51924da9:   8b 82 88 00 00 00 ff d0 8b 0d 58 94 ad 51 85 c9
0x51924db9:   0f 85 51 ff ff ff a1 7c 94 ad 51 85 c0 0f 84 b8 


Register to memory mapping:

EAX=0x1f507a48 is pointing into object: 0x1f507a30
java.util.TreeMap$Entry 
 - klass: 'java/util/TreeMap$Entry'
EBX=0x444ed6f0 is an unknown value
ECX=0x1f4a93e8 is an oop
java.util.TreeMap$Entry 
 - klass: 'java/util/TreeMap$Entry'
EDX=0x00000009 is an unknown value
ESP=0x00b9ee90 is an unknown value
EBP=0x00b9eea8 is an unknown value
ESI=0x444ed6e8 is an unknown value
EDI=0x51ad94cc is an unknown value


Stack: [0x00b50000,0x00ba0000],  sp=0x00b9ee90,  free space=315k
Native frames: (J=compiled Java code, j=interpreted, Vv=VM code, C=native code)
V  [jvm.dll+0x1b4da9]
V  [jvm.dll+0x1b4fac]
V  [jvm.dll+0x15883a]
V  [jvm.dll+0x179eef]
V  [jvm.dll+0x1789ea]
V  [jvm.dll+0x97fb0]
V  [jvm.dll+0x992a1]
V  [jvm.dll+0x9b020]
V  [jvm.dll+0x9b489]
V  [jvm.dll+0x9a27f]
V  [jvm.dll+0xa64b2]
V  [jvm.dll+0x98e73]
V  [jvm.dll+0x92e25]
V  [jvm.dll+0x1b81c6]
V  [jvm.dll+0x18292b]
V  [jvm.dll+0x181d31]
V  [jvm.dll+0x182147]
V  [jvm.dll+0x182342]
V  [jvm.dll+0x1c1ed6]
C  [msvcr100.dll+0x5c556]
C  [msvcr100.dll+0x5c600]
C  [kernel32.dll+0x51174]
C  [ntdll.dll+0x5b3f5]
C  [ntdll.dll+0x5b3c8]

VM_Operation (0x002fe9e8): GenCollectForAllocation, mode: safepoint, requested by thread 0x44652c00


---------------  P R O C E S S  ---------------

Java Threads: ( => current thread )
  0x4465bc00 JavaThread "pool-2-thread-4" [_thread_blocked, id=4272, stack(0x44c00000,0x44c50000)]
  0x44652c00 JavaThread "pool-2-thread-3" [_thread_blocked, id=5012, stack(0x002b0000,0x00300000)]
  0x44651000 JavaThread "pool-2-thread-2" [_thread_blocked, id=1828, stack(0x44b70000,0x44bc0000)]
  0x4462ac00 JavaThread "pool-3-thread-1" [_thread_blocked, id=4336, stack(0x44a30000,0x44a80000)]
  0x4462a400 JavaThread "pool-2-thread-1" [_thread_blocked, id=1356, stack(0x446e0000,0x44730000)]
  0x444d2400 JavaThread "Service Thread" daemon [_thread_blocked, id=3692, stack(0x44860000,0x448b0000)]
  0x444da000 JavaThread "C1 CompilerThread0" daemon [_thread_blocked, id=2868, stack(0x44910000,0x44960000)]
  0x444d9000 JavaThread "Attach Listener" daemon [_thread_blocked, id=2496, stack(0x03d80000,0x03dd0000)]
  0x444d6000 JavaThread "Signal Dispatcher" daemon [_thread_blocked, id=5740, stack(0x44750000,0x447a0000)]
  0x444b6c00 JavaThread "Finalizer" daemon [_thread_blocked, id=5672, stack(0x01020000,0x01070000)]
  0x44490400 JavaThread "Reference Handler" daemon [_thread_blocked, id=5916, stack(0x44680000,0x446d0000)]
  0x00a4bc00 JavaThread "main" [_thread_blocked, id=5184, stack(0x00a70000,0x00ac0000)]

Other Threads:
=>0x4448a800 VMThread [stack: 0x00b50000,0x00ba0000] [id=4668]
  0x444d4000 WatcherThread [stack: 0x447a0000,0x447f0000] [id=4616]

VM state:at safepoint (normal execution)

VM Mutex/Monitor currently owned by a thread:  ([mutex/lock_event])
[0x00a4a230] Threads_lock - owner thread: 0x4448a800
[0x00a4a640] Heap_lock - owner thread: 0x44652c00

Heap:
 def new generation   total 314560K, used 314560K [0x03e00000, 0x19350000, 0x19350000)
  eden space 279616K, 100% used [0x03e00000, 0x14f10000, 0x14f10000)
  from space 34944K, 100% used [0x17130000, 0x19350000, 0x19350000)
  to   space 34944K,   0% used [0x14f10000, 0x14f10000, 0x17130000)
 tenured generation   total 699072K, used 684982K [0x19350000, 0x43e00000, 0x43e00000)
   the space 699072K,  97% used [0x19350000, 0x4303dad8, 0x4303dc00, 0x43e00000)
 Metaspace       used 3551K, capacity 3598K, committed 3648K, reserved 4480K

Card table byte_map: [0x43e00000,0x44010000] byte_map_base: 0x43de1000

Polling page: 0x00260000

CodeCache: size=32768Kb used=3707Kb max_used=3707Kb free=29060Kb
 bounds [0x01cb0000, 0x02050000, 0x03cb0000]
 total_blobs=1921 nmethods=1774 adapters=77
 compilation: enabled

Compilation events (10 events):
Event: 16.310 Thread 0x444da000 1772 % !         java.lang.ref.Finalizer$FinalizerThread::run @ 33 (55 bytes)
Event: 16.310 Thread 0x444da000 nmethod 1772% 0x0204a848 code [0x0204a9a0, 0x0204ad54]
Event: 16.384 Thread 0x444da000 1773             com.android.dx.util.Bits::bitCount (29 bytes)
Event: 16.384 Thread 0x444da000 nmethod 1773 0x0204b0c8 code [0x0204b1d0, 0x0204b2ac]
Event: 16.385 Thread 0x444da000 1774             com.android.dx.ssa.back.RegisterAllocator::insertMoveBefore (240 bytes)
Event: 16.386 Thread 0x444da000 nmethod 1774 0x0204b388 code [0x0204b630, 0x0204c17c]
Event: 16.492 Thread 0x444da000 1775             java.util.HashMap$TreeNode::putTreeVal (314 bytes)
Event: 16.493 Thread 0x444da000 nmethod 1775 0x0204d5c8 code [0x0204d760, 0x0204dbfc]
Event: 16.936 Thread 0x444da000 1776             com.android.dx.ssa.back.FirstFitLocalCombiningAllocator::ssaSetToSpecs (57 bytes)
Event: 16.937 Thread 0x444da000 nmethod 1776 0x0204e188 code [0x0204e320, 0x0204e70c]

GC Heap History (10 events):
Event: 11.349 GC heap after
Heap after GC invocations=97 (full 7):
 def new generation   total 219776K, used 24384K [0x03e00000, 0x12c70000, 0x19350000)
  eden space 195392K,   0% used [0x03e00000, 0x03e00000, 0x0fcd0000)
  from space 24384K, 100% used [0x114a0000, 0x12c70000, 0x12c70000)
  to   space 24384K,   0% used [0x0fcd0000, 0x0fcd0000, 0x114a0000)
 tenured generation   total 488176K, used 474265K [0x19350000, 0x3700c000, 0x43e00000)
   the space 488176K,  97% used [0x19350000, 0x36276638, 0x36276800, 0x3700c000)
 Metaspace       used 3547K, capacity 3598K, committed 3648K, reserved 4480K
}
Event: 11.707 GC heap before
{Heap before GC invocations=97 (full 7):
 def new generation   total 219776K, used 219776K [0x03e00000, 0x12c70000, 0x19350000)
  eden space 195392K, 100% used [0x03e00000, 0x0fcd0000, 0x0fcd0000)
  from space 24384K, 100% used [0x114a0000, 0x12c70000, 0x12c70000)
  to   space 24384K,   0% used [0x0fcd0000, 0x0fcd0000, 0x114a0000)
 tenured generation   total 488176K, used 474265K [0x19350000, 0x3700c000, 0x43e00000)
   the space 488176K,  97% used [0x19350000, 0x36276638, 0x36276800, 0x3700c000)
 Metaspace       used 3547K, capacity 3598K, committed 3648K, reserved 4480K
Event: 13.314 GC heap after
Heap after GC invocations=98 (full 8):
 def new generation   total 314560K, used 5181K [0x03e00000, 0x19350000, 0x19350000)
  eden space 279616K,   1% used [0x03e00000, 0x0430f5c8, 0x14f10000)
  from space 34944K,   0% used [0x14f10000, 0x14f10000, 0x17130000)
  to   space 34944K,   0% used [0x17130000, 0x17130000, 0x19350000)
 tenured generation   total 699072K, used 501999K [0x19350000, 0x43e00000, 0x43e00000)
   the space 699072K,  71% used [0x19350000, 0x37d8bff0, 0x37d8c000, 0x43e00000)
 Metaspace       used 3547K, capacity 3598K, committed 3648K, reserved 4480K
}
Event: 15.296 GC heap before
{Heap before GC invocations=98 (full 8):
 def new generation   total 314560K, used 279616K [0x03e00000, 0x19350000, 0x19350000)
  eden space 279616K, 100% used [0x03e00000, 0x14f10000, 0x14f10000)
  from space 34944K,   0% used [0x14f10000, 0x14f10000, 0x17130000)
  to   space 34944K,   0% used [0x17130000, 0x17130000, 0x19350000)
 tenured generation   total 699072K, used 501999K [0x19350000, 0x43e00000, 0x43e00000)
   the space 699072K,  71% used [0x19350000, 0x37d8bff0, 0x37d8c000, 0x43e00000)
 Metaspace       used 3547K, capacity 3598K, committed 3648K, reserved 4480K
Event: 15.704 GC heap after
Heap after GC invocations=99 (full 8):
 def new generation   total 314560K, used 34943K [0x03e00000, 0x19350000, 0x19350000)
  eden space 279616K,   0% used [0x03e00000, 0x03e00000, 0x14f10000)
  from space 34944K,  99% used [0x17130000, 0x1934fff8, 0x19350000)
  to   space 34944K,   0% used [0x14f10000, 0x14f10000, 0x17130000)
 tenured generation   total 699072K, used 548160K [0x19350000, 0x43e00000, 0x43e00000)
   the space 699072K,  78% used [0x19350000, 0x3aaa00a8, 0x3aaa0200, 0x43e00000)
 Metaspace       used 3547K, capacity 3598K, committed 3648K, reserved 4480K
}
Event: 16.180 GC heap before
{Heap before GC invocations=99 (full 8):
 def new generation   total 314560K, used 314559K [0x03e00000, 0x19350000, 0x19350000)
  eden space 279616K, 100% used [0x03e00000, 0x14f10000, 0x14f10000)
  from space 34944K,  99% used [0x17130000, 0x1934fff8, 0x19350000)
  to   space 34944K,   0% used [0x14f10000, 0x14f10000, 0x17130000)
 tenured generation   total 699072K, used 548160K [0x19350000, 0x43e00000, 0x43e00000)
   the space 699072K,  78% used [0x19350000, 0x3aaa00a8, 0x3aaa0200, 0x43e00000)
 Metaspace       used 3551K, capacity 3598K, committed 3648K, reserved 4480K
Event: 16.310 GC heap after
Heap after GC invocations=100 (full 8):
 def new generation   total 314560K, used 34943K [0x03e00000, 0x19350000, 0x19350000)
  eden space 279616K,   0% used [0x03e00000, 0x03e00000, 0x14f10000)
  from space 34944K,  99% used [0x14f10000, 0x1712fff8, 0x17130000)
  to   space 34944K,   0% used [0x17130000, 0x17130000, 0x19350000)
 tenured generation   total 699072K, used 597131K [0x19350000, 0x43e00000, 0x43e00000)
   the space 699072K,  85% used [0x19350000, 0x3da72c98, 0x3da72e00, 0x43e00000)
 Metaspace       used 3551K, capacity 3598K, committed 3648K, reserved 4480K
}
Event: 17.644 GC heap before
{Heap before GC invocations=100 (full 8):
 def new generation   total 314560K, used 314559K [0x03e00000, 0x19350000, 0x19350000)
  eden space 279616K, 100% used [0x03e00000, 0x14f10000, 0x14f10000)
  from space 34944K,  99% used [0x14f10000, 0x1712fff8, 0x17130000)
  to   space 34944K,   0% used [0x17130000, 0x17130000, 0x19350000)
 tenured generation   total 699072K, used 597131K [0x19350000, 0x43e00000, 0x43e00000)
   the space 699072K,  85% used [0x19350000, 0x3da72c98, 0x3da72e00, 0x43e00000)
 Metaspace       used 3551K, capacity 3598K, committed 3648K, reserved 4480K
Event: 17.800 GC heap after
Heap after GC invocations=101 (full 8):
 def new generation   total 314560K, used 34944K [0x03e00000, 0x19350000, 0x19350000)
  eden space 279616K,   0% used [0x03e00000, 0x03e00000, 0x14f10000)
  from space 34944K, 100% used [0x17130000, 0x19350000, 0x19350000)
  to   space 34944K,   0% used [0x14f10000, 0x14f10000, 0x17130000)
 tenured generation   total 699072K, used 684982K [0x19350000, 0x43e00000, 0x43e00000)
   the space 699072K,  97% used [0x19350000, 0x4303dad8, 0x4303dc00, 0x43e00000)
 Metaspace       used 3551K, capacity 3598K, committed 3648K, reserved 4480K
}
Event: 19.484 GC heap before
{Heap before GC invocations=101 (full 8):
 def new generation   total 314560K, used 314560K [0x03e00000, 0x19350000, 0x19350000)
  eden space 279616K, 100% used [0x03e00000, 0x14f10000, 0x14f10000)
  from space 34944K, 100% used [0x17130000, 0x19350000, 0x19350000)
  to   space 34944K,   0% used [0x14f10000, 0x14f10000, 0x17130000)
 tenured generation   total 699072K, used 684982K [0x19350000, 0x43e00000, 0x43e00000)
   the space 699072K,  97% used [0x19350000, 0x4303dad8, 0x4303dc00, 0x43e00000)
 Metaspace       used 3551K, capacity 3598K, committed 3648K, reserved 4480K

Deoptimization events (0 events):
No events

Internal exceptions (5 events):
Event: 0.034 Thread 0x00a4bc00 Exception <a 'java/lang/NoSuchMethodError': Method sun.misc.Unsafe.defineClass(Ljava/lang/String;[BII)Ljava/lang/Class; name or signature does not match> (0x03e06ea8) thrown at [C:\re\workspace\8-2-build-windows-i586-cygwin\jdk8u101\7261\hotspot\src\share\k∏B‡ªò°?
Event: 0.034 Thread 0x00a4bc00 Exception <a 'java/lang/NoSuchMethodError': Method sun.misc.Unsafe.prefetchRead(Ljava/lang/Object;J)V name or signature does not match> (0x03e07178) thrown at [C:\re\workspace\8-2-build-windows-i586-cygwin\jdk8u101\7261\hotspot\src\share\vm\prims\jni.cpp, TÅ…xîÒ?
Event: 1.099 Thread 0x44652c00 Exception <a 'java/lang/ArrayIndexOutOfBoundsException': 18> (0x042fb770) thrown at [C:\re\workspace\8-2-build-windows-i586-cygwin\jdk8u101\7261\hotspot\src\share\vm\interpreter\interpreterRuntime.cpp, line 366]
Event: 1.099 Thread 0x44652c00 Exception <a 'java/lang/ArrayIndexOutOfBoundsException': 145> (0x042fd010) thrown at [C:\re\workspace\8-2-build-windows-i586-cygwin\jdk8u101\7261\hotspot\src\share\vm\interpreter\interpreterRuntime.cpp, line 366]
Event: 1.100 Thread 0x44652c00 Exception <a 'java/lang/ArrayIndexOutOfBoundsException': 40> (0x042fe0f0) thrown at [C:\re\workspace\8-2-build-windows-i586-cygwin\jdk8u101\7261\hotspot\src\share\vm\interpreter\interpreterRuntime.cpp, line 366]

Events (10 events):
Event: 15.842 Thread 0x4465bc00 DEOPT UNPACKING pc=0x01cec5db sp=0x44c4efc8 mode 0
Event: 15.851 loading class com/android/dx/util/ListIntSet$1
Event: 15.851 loading class com/android/dx/util/ListIntSet$1 done
Event: 15.851 Executing VM operation: Deoptimize
Event: 15.851 Executing VM operation: Deoptimize done
Event: 16.180 Executing VM operation: GenCollectForAllocation
Event: 16.310 Executing VM operation: GenCollectForAllocation done
Event: 17.644 Executing VM operation: GenCollectForAllocation
Event: 17.800 Executing VM operation: GenCollectForAllocation done
Event: 19.483 Executing VM operation: GenCollectForAllocation


Dynamic libraries:
0x01070000 - 0x010a3000 	C:\Program Files\Java\jdk1.8.0_101\bin\java.exe
0x76f00000 - 0x7703c000 	C:\Windows\SYSTEM32\ntdll.dll
0x755f0000 - 0x756c4000 	C:\Windows\system32\kernel32.dll
0x751f0000 - 0x7523a000 	C:\Windows\system32\KERNELBASE.dll
0x753a0000 - 0x75440000 	C:\Windows\system32\ADVAPI32.dll
0x76520000 - 0x765cc000 	C:\Windows\system32\msvcrt.dll
0x75370000 - 0x75389000 	C:\Windows\SYSTEM32\sechost.dll
0x76470000 - 0x76511000 	C:\Windows\system32\RPCRT4.dll
0x756d0000 - 0x75799000 	C:\Windows\system32\USER32.dll
0x770e0000 - 0x7712e000 	C:\Windows\system32\GDI32.dll
0x75390000 - 0x7539a000 	C:\Windows\system32\LPK.dll
0x76b50000 - 0x76bed000 	C:\Windows\system32\USP10.dll
0x73dc0000 - 0x73f5e000 	C:\Windows\WinSxS\x86_microsoft.windows.common-controls_6595b64144ccf1df_6.0.7600.16385_none_421189da2b7fabfc\COMCTL32.dll
0x76af0000 - 0x76b47000 	C:\Windows\system32\SHLWAPI.dll
0x77040000 - 0x7705f000 	C:\Windows\system32\IMM32.DLL
0x76d30000 - 0x76dfc000 	C:\Windows\system32\MSCTF.dll
0x64db0000 - 0x64e6f000 	C:\Program Files\Java\jdk1.8.0_101\jre\bin\msvcr100.dll
0x51770000 - 0x51b3c000 	C:\Program Files\Java\jdk1.8.0_101\jre\bin\client\jvm.dll
0x70810000 - 0x70817000 	C:\Windows\system32\WSOCK32.dll
0x75440000 - 0x75475000 	C:\Windows\system32\WS2_32.dll
0x75350000 - 0x75356000 	C:\Windows\system32\NSI.dll
0x707c0000 - 0x707f2000 	C:\Windows\system32\WINMM.dll
0x74550000 - 0x74559000 	C:\Windows\system32\VERSION.dll
0x75360000 - 0x75365000 	C:\Windows\system32\PSAPI.DLL
0x720f0000 - 0x720fc000 	C:\Program Files\Java\jdk1.8.0_101\jre\bin\verify.dll
0x72070000 - 0x72091000 	C:\Program Files\Java\jdk1.8.0_101\jre\bin\java.dll
0x720b0000 - 0x720c3000 	C:\Program Files\Java\jdk1.8.0_101\jre\bin\zip.dll
0x75820000 - 0x76469000 	C:\Windows\system32\SHELL32.dll
0x75490000 - 0x755ec000 	C:\Windows\system32\ole32.dll
0x75050000 - 0x7505b000 	C:\Windows\system32\profapi.dll
0x72db0000 - 0x72e9b000 	C:\Windows\system32\dbghelp.dll

VM Arguments:
jvm_args: -Djava.awt.headless=true -Xmx1024M -Dfile.encoding=windows-1252 -Duser.country=US -Duser.language=en -Duser.variant 
java_command: com.android.dx.command.Main --dex --num-threads=4 --multi-dex --main-dex-list E:\SandeepProjectResources\MobipugNew\Mobipug27.10.18\MobipugSource\app\build\intermediates\multi-dex\debug\maindexlist.txt --output E:\SandeepProjectResources\MobipugNew\Mobipug27.10.18\MobipugSource\app\build\intermediates\transforms\dex\debug\folders\1000\1f\main E:\SandeepProjectResources\MobipugNew\Mobipug27.10.18\MobipugSource\app\build\intermediates\transforms\jarMerging\debug\jars\1\1f\combined.jar
java_class_path (initial): C:\Users\android-4\AppData\Local\Android\Sdk\build-tools\26.0.2\lib\dx.jar
Launcher Type: SUN_STANDARD

Environment Variables:
PATH=C:\ProgramData\Oracle\Java\javapath;C:\Windows\system32;C:\Windows;C:\Windows\System32\Wbem;C:\Windows\System32\WindowsPowerShell\v1.0\;C:\Program Files\Intel\OpenCL SDK\2.0\bin\x86;C:\Program Files\Skype\Phone\
USERNAME=android-4
OS=Windows_NT
PROCESSOR_IDENTIFIER=x86 Family 6 Model 42 Stepping 7, GenuineIntel



---------------  S Y S T E M  ---------------

OS: Windows 7 Build 7600 (6.1.7600.16385)

CPU:total 4 (2 cores per cpu, 2 threads per core) family 6 model 42 stepping 7, cmov, cx8, fxsr, mmx, sse, sse2, sse3, ssse3, sse4.1, sse4.2, popcnt, clmul, ht, tsc, tscinvbit

Memory: 4k page, physical 3578328k(261472k free), swap 24056564k(19147508k free)

vm_info: Java HotSpot(TM) Client VM (25.101-b13) for windows-x86 JRE (1.8.0_101-b13), built on Jun 22 2016 00:45:44 by "java_re" with MS VC++ 10.0 (VS2010)

time: Sat Nov 10 17:55:08 2018
elapsed time: 20 seconds (0d 0h 0m 20s)

