#
# A fatal error has been detected by the Java Runtime Environment:
#
#  EXCEPTION_ACCESS_VIOLATION (0xc0000005) at pc=0x503dfa77, pid=1764, tid=0x000010d8
#
# JRE version: Java(TM) SE Runtime Environment (8.0_101-b13) (build 1.8.0_101-b13)
# Java VM: Java HotSpot(TM) Client VM (25.101-b13 mixed mode windows-x86 )
# Problematic frame:
# V  [jvm.dll+0xbfa77]
#
# Failed to write core dump. Minidumps are not enabled by default on client versions of Windows
#
# If you would like to submit a bug report, please visit:
#   http://bugreport.java.com/bugreport/crash.jsp
#

---------------  T H R E A D  ---------------

Current thread (0x4448a800):  VMThread [stack: 0x03da0000,0x03df0000] [id=4312]

siginfo: ExceptionCode=0xc0000005, reading address 0x52011369

Registers:
EAX=0x10594f51, EBX=0x35afc0dc, ECX=0x00000001, EDX=0x52011309
ESP=0x03deed98, EBP=0x03deedb8, ESI=0x35afc0e4, EDI=0x196c8be8
EIP=0x503dfa77, EFLAGS=0x00010297

Top of Stack: (sp=0x03deed98)
0x03deed98:   506894cc 4465bb44 4465bb40 443472e0
0x03deeda8:   35afc0e4 00000003 194bcae0 443472d8
0x03deedb8:   03deedd8 504d4db1 35afc0c8 506894cc
0x03deedc8:   4465bb40 4465bb44 506894cc 4465bb40
0x03deedd8:   03deede4 504d4fac 00000003 03deee00
0x03deede8:   5047883a 4465bb40 44658c00 506894cc
0x03deedf8:   00000000 446590a8 03deefe8 50499eef
0x03deee08:   506894cc 00000002 44658c00 00000000 

Instructions: (pc=0x503dfa77)
0x503dfa57:   80 3d b4 84 67 50 00 75 0a 8b d0 80 e2 07 80 fa
0x503dfa67:   01 eb 1b 8b c8 83 e1 07 83 f9 05 74 24 8b 57 04
0x503dfa77:   8b 52 60 83 e2 07 80 fa 05 74 0c 83 f9 01 75 07
0x503dfa87:   a9 80 ff ff ff 74 0a 50 57 e8 fb 4f 0f 00 83 c4 


Register to memory mapping:

EAX=0x10594f51 is pointing into object: 0x10594f50
com.android.dx.rop.code.SourcePosition 
 - klass: 'com/android/dx/rop/code/SourcePosition'
EBX=0x35afc0dc is pointing into object: 0x35afc0c8
com.android.dx.dex.code.LocalSnapshot 
 - klass: 'com/android/dx/dex/code/LocalSnapshot'
ECX=0x00000001 is an unknown value
EDX=0x52011309 is an unknown value
ESP=0x03deed98 is an unknown value
EBP=0x03deedb8 is an unknown value
ESI=0x35afc0e4 is pointing into object: 0x35afc0c8
com.android.dx.dex.code.LocalSnapshot 
 - klass: 'com/android/dx/dex/code/LocalSnapshot'
EDI=0x196c8be8 is pointing into object: 0x196c1d08
[B 
 - klass: {type array byte}
 - length: 29390


Stack: [0x03da0000,0x03df0000],  sp=0x03deed98,  free space=315k
Native frames: (J=compiled Java code, j=interpreted, Vv=VM code, C=native code)
V  [jvm.dll+0xbfa77]
V  [jvm.dll+0x1b4db1]
V  [jvm.dll+0x1b4fac]
V  [jvm.dll+0x15883a]
V  [jvm.dll+0x179eef]
V  [jvm.dll+0x1789ea]
V  [jvm.dll+0x97fb0]
V  [jvm.dll+0x992a1]
V  [jvm.dll+0x9b020]
V  [jvm.dll+0x9b489]
V  [jvm.dll+0x9a27f]
V  [jvm.dll+0xa64b2]
V  [jvm.dll+0x98e73]
V  [jvm.dll+0x92e25]
V  [jvm.dll+0x1b81c6]
V  [jvm.dll+0x18292b]
V  [jvm.dll+0x181d31]
V  [jvm.dll+0x182147]
V  [jvm.dll+0x182342]
V  [jvm.dll+0x1c1ed6]
C  [msvcr100.dll+0x5c556]
C  [msvcr100.dll+0x5c600]
C  [kernel32.dll+0x51174]
C  [ntdll.dll+0x5b3f5]
C  [ntdll.dll+0x5b3c8]

VM_Operation (0x0035f378): GenCollectForAllocation, mode: safepoint, requested by thread 0x44658c00


---------------  P R O C E S S  ---------------

Java Threads: ( => current thread )
  0x44658c00 JavaThread "pool-2-thread-4" [_thread_blocked, id=5360, stack(0x00310000,0x00360000)]
  0x4465ac00 JavaThread "pool-2-thread-3" [_thread_blocked, id=3000, stack(0x44920000,0x44970000)]
  0x44655c00 JavaThread "pool-2-thread-2" [_thread_blocked, id=5188, stack(0x449a0000,0x449f0000)]
  0x4462fc00 JavaThread "pool-3-thread-1" [_thread_blocked, id=4400, stack(0x44bf0000,0x44c40000)]
  0x4462dc00 JavaThread "pool-2-thread-1" [_thread_blocked, id=5184, stack(0x44b70000,0x44bc0000)]
  0x444d1c00 JavaThread "Service Thread" daemon [_thread_blocked, id=4892, stack(0x44850000,0x448a0000)]
  0x444d9c00 JavaThread "C1 CompilerThread0" daemon [_thread_blocked, id=2912, stack(0x44a00000,0x44a50000)]
  0x444d9000 JavaThread "Attach Listener" daemon [_thread_blocked, id=2848, stack(0x44740000,0x44790000)]
  0x444d6000 JavaThread "Signal Dispatcher" daemon [_thread_blocked, id=5928, stack(0x448c0000,0x44910000)]
  0x444b6c00 JavaThread "Finalizer" daemon [_thread_blocked, id=4724, stack(0x447c0000,0x44810000)]
  0x44490400 JavaThread "Reference Handler" daemon [_thread_blocked, id=5172, stack(0x01520000,0x01570000)]
  0x0137bc00 JavaThread "main" [_thread_blocked, id=4940, stack(0x002b0000,0x00300000)]

Other Threads:
=>0x4448a800 VMThread [stack: 0x03da0000,0x03df0000] [id=4312]
  0x444d3800 WatcherThread [stack: 0x44b00000,0x44b50000] [id=3860]

VM state:at safepoint (normal execution)

VM Mutex/Monitor currently owned by a thread:  ([mutex/lock_event])
[0x0137a230] Threads_lock - owner thread: 0x4448a800
[0x0137a640] Heap_lock - owner thread: 0x44658c00

Heap:
 def new generation   total 195392K, used 21695K [0x03e00000, 0x11200000, 0x19350000)
  eden space 173696K,   0% used [0x03e00000, 0x03e00000, 0x0e7a0000)
  from space 21696K,  99% used [0x0fcd0000, 0x111ffff8, 0x11200000)
  to   space 21696K,   0% used [0x0e7a0000, 0x0e7a0000, 0x0fcd0000)
 tenured generation   total 472872K, used 472854K [0x19350000, 0x3611a000, 0x43e00000)
   the space 472872K,  99% used [0x19350000, 0x36115a78, 0x36115c00, 0x3611a000)
 Metaspace       used 3545K, capacity 3598K, committed 3648K, reserved 4480K

Card table byte_map: [0x43e00000,0x44010000] byte_map_base: 0x43de1000

Polling page: 0x00210000

CodeCache: size=32768Kb used=3561Kb max_used=3561Kb free=29206Kb
 bounds [0x01d30000, 0x020b0000, 0x03d30000]
 total_blobs=1872 nmethods=1725 adapters=77
 compilation: enabled

Compilation events (10 events):
Event: 12.103 Thread 0x444d9c00 1723             com.android.dx.rop.code.SwitchInsn::getCatches (4 bytes)
Event: 12.103 Thread 0x444d9c00 nmethod 1723 0x020a8a48 code [0x020a8b40, 0x020a8bc0]
Event: 12.130 Thread 0x444d9c00 1724             com.android.dx.rop.code.BasicBlockList$RegCountVisitor::visitSwitchInsn (6 bytes)
Event: 12.130 Thread 0x444d9c00 nmethod 1724 0x020a8c08 code [0x020a8d00, 0x020a8d8c]
Event: 12.887 Thread 0x444d9c00 1725             com.android.dx.rop.type.StdTypeList::withAddedType (55 bytes)
Event: 12.888 Thread 0x444d9c00 nmethod 1725 0x020a8e08 code [0x020a8fa0, 0x020a9530]
Event: 13.065 Thread 0x444d9c00 1726             com.android.dx.cf.code.Simulator$SimVisitor::visitSwitch (54 bytes)
Event: 13.065 Thread 0x444d9c00 nmethod 1726 0x020a9e48 code [0x020a9f80, 0x020aa164]
Event: 13.066 Thread 0x444d9c00 1727             com.android.dx.cf.code.BaseMachine::auxSwitchArg (20 bytes)
Event: 13.066 Thread 0x444d9c00 nmethod 1727 0x020aa348 code [0x020aa450, 0x020aa54c]

GC Heap History (10 events):
Event: 11.180 GC heap after
Heap after GC invocations=92 (full 7):
 def new generation   total 195392K, used 21696K [0x03e00000, 0x11200000, 0x19350000)
  eden space 173696K,   0% used [0x03e00000, 0x03e00000, 0x0e7a0000)
  from space 21696K, 100% used [0x0e7a0000, 0x0fcd0000, 0x0fcd0000)
  to   space 21696K,   0% used [0x0fcd0000, 0x0fcd0000, 0x11200000)
 tenured generation   total 434088K, used 352649K [0x19350000, 0x33b3a000, 0x43e00000)
   the space 434088K,  81% used [0x19350000, 0x2ebb2778, 0x2ebb2800, 0x33b3a000)
 Metaspace       used 3545K, capacity 3598K, committed 3648K, reserved 4480K
}
Event: 11.489 GC heap before
{Heap before GC invocations=92 (full 7):
 def new generation   total 195392K, used 195392K [0x03e00000, 0x11200000, 0x19350000)
  eden space 173696K, 100% used [0x03e00000, 0x0e7a0000, 0x0e7a0000)
  from space 21696K, 100% used [0x0e7a0000, 0x0fcd0000, 0x0fcd0000)
  to   space 21696K,   0% used [0x0fcd0000, 0x0fcd0000, 0x11200000)
 tenured generation   total 434088K, used 352649K [0x19350000, 0x33b3a000, 0x43e00000)
   the space 434088K,  81% used [0x19350000, 0x2ebb2778, 0x2ebb2800, 0x33b3a000)
 Metaspace       used 3545K, capacity 3598K, committed 3648K, reserved 4480K
Event: 11.617 GC heap after
Heap after GC invocations=93 (full 7):
 def new generation   total 195392K, used 21696K [0x03e00000, 0x11200000, 0x19350000)
  eden space 173696K,   0% used [0x03e00000, 0x03e00000, 0x0e7a0000)
  from space 21696K, 100% used [0x0fcd0000, 0x11200000, 0x11200000)
  to   space 21696K,   0% used [0x0e7a0000, 0x0e7a0000, 0x0fcd0000)
 tenured generation   total 434088K, used 377836K [0x19350000, 0x33b3a000, 0x43e00000)
   the space 434088K,  87% used [0x19350000, 0x3044b1f8, 0x3044b200, 0x33b3a000)
 Metaspace       used 3545K, capacity 3598K, committed 3648K, reserved 4480K
}
Event: 11.889 GC heap before
{Heap before GC invocations=93 (full 7):
 def new generation   total 195392K, used 195392K [0x03e00000, 0x11200000, 0x19350000)
  eden space 173696K, 100% used [0x03e00000, 0x0e7a0000, 0x0e7a0000)
  from space 21696K, 100% used [0x0fcd0000, 0x11200000, 0x11200000)
  to   space 21696K,   0% used [0x0e7a0000, 0x0e7a0000, 0x0fcd0000)
 tenured generation   total 434088K, used 377836K [0x19350000, 0x33b3a000, 0x43e00000)
   the space 434088K,  87% used [0x19350000, 0x3044b1f8, 0x3044b200, 0x33b3a000)
 Metaspace       used 3545K, capacity 3598K, committed 3648K, reserved 4480K
Event: 11.998 GC heap after
Heap after GC invocations=94 (full 7):
 def new generation   total 195392K, used 21695K [0x03e00000, 0x11200000, 0x19350000)
  eden space 173696K,   0% used [0x03e00000, 0x03e00000, 0x0e7a0000)
  from space 21696K,  99% used [0x0e7a0000, 0x0fccfff8, 0x0fcd0000)
  to   space 21696K,   0% used [0x0fcd0000, 0x0fcd0000, 0x11200000)
 tenured generation   total 434088K, used 402514K [0x19350000, 0x33b3a000, 0x43e00000)
   the space 434088K,  92% used [0x19350000, 0x31c64a10, 0x31c64c00, 0x33b3a000)
 Metaspace       used 3545K, capacity 3598K, committed 3648K, reserved 4480K
}
Event: 12.286 GC heap before
{Heap before GC invocations=94 (full 7):
 def new generation   total 195392K, used 195391K [0x03e00000, 0x11200000, 0x19350000)
  eden space 173696K, 100% used [0x03e00000, 0x0e7a0000, 0x0e7a0000)
  from space 21696K,  99% used [0x0e7a0000, 0x0fccfff8, 0x0fcd0000)
  to   space 21696K,   0% used [0x0fcd0000, 0x0fcd0000, 0x11200000)
 tenured generation   total 434088K, used 402514K [0x19350000, 0x33b3a000, 0x43e00000)
   the space 434088K,  92% used [0x19350000, 0x31c64a10, 0x31c64c00, 0x33b3a000)
 Metaspace       used 3545K, capacity 3598K, committed 3648K, reserved 4480K
Event: 12.397 GC heap after
Heap after GC invocations=95 (full 7):
 def new generation   total 195392K, used 21696K [0x03e00000, 0x11200000, 0x19350000)
  eden space 173696K,   0% used [0x03e00000, 0x03e00000, 0x0e7a0000)
  from space 21696K, 100% used [0x0fcd0000, 0x11200000, 0x11200000)
  to   space 21696K,   0% used [0x0e7a0000, 0x0e7a0000, 0x0fcd0000)
 tenured generation   total 434088K, used 426067K [0x19350000, 0x33b3a000, 0x43e00000)
   the space 434088K,  98% used [0x19350000, 0x33364c28, 0x33364e00, 0x33b3a000)
 Metaspace       used 3545K, capacity 3598K, committed 3648K, reserved 4480K
}
Event: 12.662 GC heap before
{Heap before GC invocations=95 (full 7):
 def new generation   total 195392K, used 195392K [0x03e00000, 0x11200000, 0x19350000)
  eden space 173696K, 100% used [0x03e00000, 0x0e7a0000, 0x0e7a0000)
  from space 21696K, 100% used [0x0fcd0000, 0x11200000, 0x11200000)
  to   space 21696K,   0% used [0x0e7a0000, 0x0e7a0000, 0x0fcd0000)
 tenured generation   total 434088K, used 426067K [0x19350000, 0x33b3a000, 0x43e00000)
   the space 434088K,  98% used [0x19350000, 0x33364c88, 0x33364e00, 0x33b3a000)
 Metaspace       used 3545K, capacity 3598K, committed 3648K, reserved 4480K
Event: 12.781 GC heap after
Heap after GC invocations=96 (full 7):
 def new generation   total 195392K, used 21695K [0x03e00000, 0x11200000, 0x19350000)
  eden space 173696K,   0% used [0x03e00000, 0x03e00000, 0x0e7a0000)
  from space 21696K,  99% used [0x0e7a0000, 0x0fccfff8, 0x0fcd0000)
  to   space 21696K,   0% used [0x0fcd0000, 0x0fcd0000, 0x11200000)
 tenured generation   total 451624K, used 451518K [0x19350000, 0x34c5a000, 0x43e00000)
   the space 451624K,  99% used [0x19350000, 0x34c3fb38, 0x34c3fc00, 0x34c5a000)
 Metaspace       used 3545K, capacity 3598K, committed 3648K, reserved 4480K
}
Event: 13.078 GC heap before
{Heap before GC invocations=96 (full 7):
 def new generation   total 195392K, used 195391K [0x03e00000, 0x11200000, 0x19350000)
  eden space 173696K, 100% used [0x03e00000, 0x0e7a0000, 0x0e7a0000)
  from space 21696K,  99% used [0x0e7a0000, 0x0fccfff8, 0x0fcd0000)
  to   space 21696K,   0% used [0x0fcd0000, 0x0fcd0000, 0x11200000)
 tenured generation   total 451624K, used 451518K [0x19350000, 0x34c5a000, 0x43e00000)
   the space 451624K,  99% used [0x19350000, 0x34c3fb38, 0x34c3fc00, 0x34c5a000)
 Metaspace       used 3545K, capacity 3598K, committed 3648K, reserved 4480K

Deoptimization events (0 events):
No events

Internal exceptions (5 events):
Event: 1.017 Thread 0x0137bc00 Exception <a 'java/lang/NoSuchMethodError': Method sun.misc.Unsafe.defineClass(Ljava/lang/String;[BII)Ljava/lang/Class; name or signature does not match> (0x03e06ea8) thrown at [C:\re\workspace\8-2-build-windows-i586-cygwin\jdk8u101\7261\hotspot\src\share\vkÅX∂E?
Event: 1.017 Thread 0x0137bc00 Exception <a 'java/lang/NoSuchMethodError': Method sun.misc.Unsafe.prefetchRead(Ljava/lang/Object;J)V name or signature does not match> (0x03e07178) thrown at [C:\re\workspace\8-2-build-windows-i586-cygwin\jdk8u101\7261\hotspot\src\share\vm\prims\jni.cpp, Gd"Ø¿@
Event: 3.001 Thread 0x0137bc00 Exception <a 'java/lang/ArrayIndexOutOfBoundsException': 18> (0x045302d0) thrown at [C:\re\workspace\8-2-build-windows-i586-cygwin\jdk8u101\7261\hotspot\src\share\vm\interpreter\interpreterRuntime.cpp, line 366]
Event: 3.001 Thread 0x0137bc00 Exception <a 'java/lang/ArrayIndexOutOfBoundsException': 145> (0x04531b70) thrown at [C:\re\workspace\8-2-build-windows-i586-cygwin\jdk8u101\7261\hotspot\src\share\vm\interpreter\interpreterRuntime.cpp, line 366]
Event: 3.002 Thread 0x0137bc00 Exception <a 'java/lang/ArrayIndexOutOfBoundsException': 40> (0x04532c50) thrown at [C:\re\workspace\8-2-build-windows-i586-cygwin\jdk8u101\7261\hotspot\src\share\vm\interpreter\interpreterRuntime.cpp, line 366]

Events (10 events):
Event: 11.617 Executing VM operation: GenCollectForAllocation done
Event: 11.889 Executing VM operation: GenCollectForAllocation
Event: 11.998 Executing VM operation: GenCollectForAllocation done
Event: 12.286 Executing VM operation: GenCollectForAllocation
Event: 12.397 Executing VM operation: GenCollectForAllocation done
Event: 12.662 Executing VM operation: GenCollectForAllocation
Event: 12.662 Executing VM operation: GenCollectForAllocation done
Event: 12.662 Executing VM operation: GenCollectFull
Event: 12.781 Executing VM operation: GenCollectFull done
Event: 13.078 Executing VM operation: GenCollectForAllocation


Dynamic libraries:
0x013b0000 - 0x013e3000 	C:\Program Files\Java\jdk1.8.0_101\bin\java.exe
0x77b90000 - 0x77ccc000 	C:\Windows\SYSTEM32\ntdll.dll
0x760c0000 - 0x76194000 	C:\Windows\system32\kernel32.dll
0x75d60000 - 0x75daa000 	C:\Windows\system32\KERNELBASE.dll
0x76440000 - 0x764e0000 	C:\Windows\system32\ADVAPI32.dll
0x76870000 - 0x7691c000 	C:\Windows\system32\msvcrt.dll
0x77940000 - 0x77959000 	C:\Windows\SYSTEM32\sechost.dll
0x76270000 - 0x76311000 	C:\Windows\system32\RPCRT4.dll
0x77960000 - 0x77a29000 	C:\Windows\system32\USER32.dll
0x75fe0000 - 0x7602e000 	C:\Windows\system32\GDI32.dll
0x76920000 - 0x7692a000 	C:\Windows\system32\LPK.dll
0x761d0000 - 0x7626d000 	C:\Windows\system32\USP10.dll
0x749f0000 - 0x74b8e000 	C:\Windows\WinSxS\x86_microsoft.windows.common-controls_6595b64144ccf1df_6.0.7600.16385_none_421189da2b7fabfc\COMCTL32.dll
0x76730000 - 0x76787000 	C:\Windows\system32\SHLWAPI.dll
0x76320000 - 0x7633f000 	C:\Windows\system32\IMM32.DLL
0x76790000 - 0x7685c000 	C:\Windows\system32\MSCTF.dll
0x69820000 - 0x698df000 	C:\Program Files\Java\jdk1.8.0_101\jre\bin\msvcr100.dll
0x50320000 - 0x506ec000 	C:\Program Files\Java\jdk1.8.0_101\jre\bin\client\jvm.dll
0x71290000 - 0x71297000 	C:\Windows\system32\WSOCK32.dll
0x77cd0000 - 0x77d05000 	C:\Windows\system32\WS2_32.dll
0x76860000 - 0x76866000 	C:\Windows\system32\NSI.dll
0x71490000 - 0x714c2000 	C:\Windows\system32\WINMM.dll
0x75020000 - 0x75029000 	C:\Windows\system32\VERSION.dll
0x77da0000 - 0x77da5000 	C:\Windows\system32\PSAPI.DLL
0x62550000 - 0x6255c000 	C:\Program Files\Java\jdk1.8.0_101\jre\bin\verify.dll
0x62520000 - 0x62541000 	C:\Program Files\Java\jdk1.8.0_101\jre\bin\java.dll
0x62500000 - 0x62513000 	C:\Program Files\Java\jdk1.8.0_101\jre\bin\zip.dll
0x76a70000 - 0x776b9000 	C:\Windows\system32\SHELL32.dll
0x77a30000 - 0x77b8c000 	C:\Windows\system32\ole32.dll
0x75ce0000 - 0x75ceb000 	C:\Windows\system32\profapi.dll
0x739f0000 - 0x73adb000 	C:\Windows\system32\dbghelp.dll

VM Arguments:
jvm_args: -Djava.awt.headless=true -Xmx1024M -Dfile.encoding=windows-1252 -Duser.country=US -Duser.language=en -Duser.variant 
java_command: com.android.dx.command.Main --dex --num-threads=4 --multi-dex --main-dex-list E:\SandeepProjectResources\MobipugNew\Mobipug27.10.18\MobipugSource\app\build\intermediates\multi-dex\debug\maindexlist.txt --output E:\SandeepProjectResources\MobipugNew\Mobipug27.10.18\MobipugSource\app\build\intermediates\transforms\dex\debug\folders\1000\1f\main E:\SandeepProjectResources\MobipugNew\Mobipug27.10.18\MobipugSource\app\build\intermediates\transforms\jarMerging\debug\jars\1\1f\combined.jar
java_class_path (initial): C:\Users\android-4\AppData\Local\Android\Sdk\build-tools\26.0.2\lib\dx.jar
Launcher Type: SUN_STANDARD

Environment Variables:
PATH=C:\ProgramData\Oracle\Java\javapath;C:\Windows\system32;C:\Windows;C:\Windows\System32\Wbem;C:\Windows\System32\WindowsPowerShell\v1.0\;C:\Program Files\Intel\OpenCL SDK\2.0\bin\x86;C:\Program Files\Skype\Phone\
USERNAME=android-4
OS=Windows_NT
PROCESSOR_IDENTIFIER=x86 Family 6 Model 42 Stepping 7, GenuineIntel



---------------  S Y S T E M  ---------------

OS: Windows 7 Build 7600 (6.1.7600.16385)

CPU:total 4 (2 cores per cpu, 2 threads per core) family 6 model 42 stepping 7, cmov, cx8, fxsr, mmx, sse, sse2, sse3, ssse3, sse4.1, sse4.2, popcnt, clmul, ht, tsc, tscinvbit

Memory: 4k page, physical 3578328k(550736k free), swap 24056564k(19306952k free)

vm_info: Java HotSpot(TM) Client VM (25.101-b13) for windows-x86 JRE (1.8.0_101-b13), built on Jun 22 2016 00:45:44 by "java_re" with MS VC++ 10.0 (VS2010)

time: Thu Nov 08 17:27:03 2018
elapsed time: 13 seconds (0d 0h 0m 13s)

