#
# A fatal error has been detected by the Java Runtime Environment:
#
#  EXCEPTION_ACCESS_VIOLATION (0xc0000005) at pc=0x6cc982eb, pid=4472, tid=0x0000068c
#
# JRE version: Java(TM) SE Runtime Environment (8.0_101-b13) (build 1.8.0_101-b13)
# Java VM: Java HotSpot(TM) Client VM (25.101-b13 mixed mode windows-x86 )
# Problematic frame:
# V  [jvm.dll+0xc82eb]
#
# Failed to write core dump. Minidumps are not enabled by default on client versions of Windows
#
# If you would like to submit a bug report, please visit:
#   http://bugreport.java.com/bugreport/crash.jsp
#

---------------  T H R E A D  ---------------

Current thread (0x44566000):  JavaThread "pool-1-thread-1" [_thread_in_vm, id=1676, stack(0x44a20000,0x44a70000)]

siginfo: ExceptionCode=0xc0000005, reading address 0xffffffff

Registers:
EAX=0x44a6f25e, EBX=0x19352d68, ECX=0xffffffff, EDX=0x44a6f255
ESP=0x44a6f248, EBP=0x44a6f280, ESI=0x1935e748, EDI=0x44566000
EIP=0x6cc982eb, EFLAGS=0x00010246

Top of Stack: (sp=0x44a6f248)
0x44a6f248:   44566000 44565200 444aa510 3531322f
0x44a6f258:   37333636 00000032 03fe9e58 00000002
0x44a6f268:   44a6f2ec 01ed3c74 03fe01d8 00000246
0x44a6f278:   44a6f2c0 18fa06d1 44a6f2a8 6ce8994c
0x44a6f288:   44566000 00000227 1b1cfa20 0000038c
0x44a6f298:   44a6f5e0 444aa518 444aa904 000003ec
0x44a6f2a8:   44a6f3c8 01bbd8ea 44566000 1b1cfa20
0x44a6f2b8:   00330030 00000035 0064006e 006f0072 

Instructions: (pc=0x6cc982eb)
0x6cc982cb:   d4 68 8c 3d e9 6c 50 ff 15 a4 12 e9 6c 8d 45 d4
0x6cc982db:   83 c4 0c 8d 50 01 8a 08 40 84 c9 75 f9 8b 4b 0c
0x6cc982eb:   0f b7 31 2b c2 8d 54 06 01 6a 00 52 e8 64 c1 fd
0x6cc982fb:   ff 8b 4b 0c 8b f8 83 c4 08 8d 46 01 50 57 e8 32 


Register to memory mapping:

EAX=0x44a6f25e is pointing into the stack for thread: 0x44566000
EBX=0x19352d68 is an oop
com.android.dx.dex.code.Dop 
 - klass: 'com/android/dx/dex/code/Dop'
ECX=0xffffffff is an unknown value
EDX=0x44a6f255 is pointing into the stack for thread: 0x44566000
ESP=0x44a6f248 is pointing into the stack for thread: 0x44566000
EBP=0x44a6f280 is pointing into the stack for thread: 0x44566000
ESI=0x1935e748 is an oop
com.android.dx.dex.code.form.Form22c 
 - klass: 'com/android/dx/dex/code/form/Form22c'
EDI=0x44566000 is a thread


Stack: [0x44a20000,0x44a70000],  sp=0x44a6f248,  free space=316k
Native frames: (J=compiled Java code, j=interpreted, Vv=VM code, C=native code)
V  [jvm.dll+0xc82eb]
V  [jvm.dll+0x2b994c]
v  ~RuntimeStub::throw_class_cast_exception Runtime1 stub
J 2066 C1 com.android.dx.dex.code.DalvInsnList.getOutsSize()I (209 bytes) @ 0x01f26136 [0x01f25d60+0x3d6]
J 2083 C1 com.android.dx.dex.file.CodeItem.writeTo0(Lcom/android/dx/dex/file/DexFile;Lcom/android/dx/util/AnnotatedOutput;)V (489 bytes) @ 0x01f2e2ac [0x01f2e200+0xac]
J 2061 C1 com.android.dx.dex.file.OffsettedItem.writeTo(Lcom/android/dx/dex/file/DexFile;Lcom/android/dx/util/AnnotatedOutput;)V (72 bytes) @ 0x01f21204 [0x01f21140+0xc4]
j  com.android.dx.dex.file.MixedItemSection.writeTo0(Lcom/android/dx/util/AnnotatedOutput;)V+119
j  com.android.dx.dex.file.Section.writeTo(Lcom/android/dx/util/AnnotatedOutput;)V+155
j  com.android.dx.dex.file.DexFile.toDex0(ZZ)Lcom/android/dx/util/ByteArrayAnnotatedOutput;+462
j  com.android.dx.dex.file.DexFile.toDex(Ljava/io/Writer;Z)[B+13
j  com.android.dx.command.dexer.Main.writeDex(Lcom/android/dx/dex/file/DexFile;)[B+50
j  com.android.dx.command.dexer.Main.access$3000(Lcom/android/dx/command/dexer/Main;Lcom/android/dx/dex/file/DexFile;)[B+2
j  com.android.dx.command.dexer.Main$DexWriter.call()[B+8
j  com.android.dx.command.dexer.Main$DexWriter.call()Ljava/lang/Object;+1
J 1444 C1 java.util.concurrent.FutureTask.run()V (126 bytes) @ 0x01e28aa0 [0x01e28a10+0x90]
j  java.util.concurrent.ThreadPoolExecutor.runWorker(Ljava/util/concurrent/ThreadPoolExecutor$Worker;)V+95
j  java.util.concurrent.ThreadPoolExecutor$Worker.run()V+5
j  java.lang.Thread.run()V+11
v  ~StubRoutines::call_stub
V  [jvm.dll+0x15a2e5]
V  [jvm.dll+0x21ff6e]
V  [jvm.dll+0x15a37e]
V  [jvm.dll+0x15a506]
V  [jvm.dll+0x15a577]
V  [jvm.dll+0xfe92f]
V  [jvm.dll+0x17d7dc]
V  [jvm.dll+0x17d8ca]
V  [jvm.dll+0x1c1ed6]
C  [msvcr100.dll+0x5c556]
C  [msvcr100.dll+0x5c600]
C  [kernel32.dll+0x51174]
C  [ntdll.dll+0x5b3f5]
C  [ntdll.dll+0x5b3c8]
C  0x00000000

Java frames: (J=compiled Java code, j=interpreted, Vv=VM code)
v  ~RuntimeStub::throw_class_cast_exception Runtime1 stub
J 2066 C1 com.android.dx.dex.code.DalvInsnList.getOutsSize()I (209 bytes) @ 0x01f26136 [0x01f25d60+0x3d6]
J 2083 C1 com.android.dx.dex.file.CodeItem.writeTo0(Lcom/android/dx/dex/file/DexFile;Lcom/android/dx/util/AnnotatedOutput;)V (489 bytes) @ 0x01f2e2ac [0x01f2e200+0xac]
J 2061 C1 com.android.dx.dex.file.OffsettedItem.writeTo(Lcom/android/dx/dex/file/DexFile;Lcom/android/dx/util/AnnotatedOutput;)V (72 bytes) @ 0x01f21204 [0x01f21140+0xc4]
j  com.android.dx.dex.file.MixedItemSection.writeTo0(Lcom/android/dx/util/AnnotatedOutput;)V+119
j  com.android.dx.dex.file.Section.writeTo(Lcom/android/dx/util/AnnotatedOutput;)V+155
j  com.android.dx.dex.file.DexFile.toDex0(ZZ)Lcom/android/dx/util/ByteArrayAnnotatedOutput;+462
j  com.android.dx.dex.file.DexFile.toDex(Ljava/io/Writer;Z)[B+13
j  com.android.dx.command.dexer.Main.writeDex(Lcom/android/dx/dex/file/DexFile;)[B+50
j  com.android.dx.command.dexer.Main.access$3000(Lcom/android/dx/command/dexer/Main;Lcom/android/dx/dex/file/DexFile;)[B+2
j  com.android.dx.command.dexer.Main$DexWriter.call()[B+8
j  com.android.dx.command.dexer.Main$DexWriter.call()Ljava/lang/Object;+1
J 1444 C1 java.util.concurrent.FutureTask.run()V (126 bytes) @ 0x01e28aa0 [0x01e28a10+0x90]
j  java.util.concurrent.ThreadPoolExecutor.runWorker(Ljava/util/concurrent/ThreadPoolExecutor$Worker;)V+95
j  java.util.concurrent.ThreadPoolExecutor$Worker.run()V+5
j  java.lang.Thread.run()V+11
v  ~StubRoutines::call_stub

---------------  P R O C E S S  ---------------

Java Threads: ( => current thread )
=>0x44566000 JavaThread "pool-1-thread-1" [_thread_in_vm, id=1676, stack(0x44a20000,0x44a70000)]
  0x4442e400 JavaThread "Service Thread" daemon [_thread_blocked, id=3120, stack(0x00880000,0x008d0000)]
  0x4443b000 JavaThread "C1 CompilerThread0" daemon [_thread_blocked, id=4236, stack(0x44780000,0x447d0000)]
  0x4443a000 JavaThread "Attach Listener" daemon [_thread_blocked, id=3624, stack(0x44700000,0x44750000)]
  0x44437000 JavaThread "Signal Dispatcher" daemon [_thread_blocked, id=5940, stack(0x44690000,0x446e0000)]
  0x44416c00 JavaThread "Finalizer" daemon [_thread_blocked, id=2188, stack(0x00920000,0x00970000)]
  0x443f0400 JavaThread "Reference Handler" daemon [_thread_blocked, id=3868, stack(0x01760000,0x017b0000)]
  0x009bbc00 JavaThread "main" [_thread_blocked, id=1408, stack(0x01800000,0x01850000)]

Other Threads:
  0x443ea800 VMThread [stack: 0x44610000,0x44660000] [id=5132]
  0x44430000 WatcherThread [stack: 0x44840000,0x44890000] [id=5592]

VM state:not at safepoint (normal execution)

VM Mutex/Monitor currently owned by a thread: None

Heap:
 def new generation   total 116096K, used 19907K [0x03c00000, 0x0b9f0000, 0x19150000)
  eden space 103232K,   6% used [0x03c00000, 0x042e0f38, 0x0a0d0000)
  from space 12864K, 100% used [0x0a0d0000, 0x0ad60000, 0x0ad60000)
  to   space 12864K,   0% used [0x0ad60000, 0x0ad60000, 0x0b9f0000)
 tenured generation   total 257776K, used 208138K [0x19150000, 0x28d0c000, 0x43c00000)
   the space 257776K,  80% used [0x19150000, 0x25c929e0, 0x25c92a00, 0x28d0c000)
 Metaspace       used 3664K, capacity 3694K, committed 3776K, reserved 4480K

Card table byte_map: [0x43c00000,0x43e10000] byte_map_base: 0x43be2000

Polling page: 0x00380000

CodeCache: size=32768Kb used=4188Kb max_used=4188Kb free=28579Kb
 bounds [0x01b20000, 0x01f38000, 0x03b20000]
 total_blobs=2243 nmethods=2096 adapters=77
 compilation: enabled

Compilation events (10 events):
Event: 6.569 Thread 0x4443b000 2094             com.android.dx.dex.code.form.Form10t::writeTo (22 bytes)
Event: 6.569 Thread 0x4443b000 nmethod 2094 0x01f35208 code [0x01f35340, 0x01f35550]
Event: 6.572 Thread 0x4443b000 2095             com.android.dx.dex.code.form.Form22x::writeTo (31 bytes)
Event: 6.572 Thread 0x4443b000 nmethod 2095 0x01f357c8 code [0x01f35910, 0x01f35adc]
Event: 6.582 Thread 0x4443b000 2096             com.android.dx.dex.code.CatchHandlerList::compareTo (89 bytes)
Event: 6.582 Thread 0x4443b000 nmethod 2096 0x01f35dc8 code [0x01f35f00, 0x01f360e4]
Event: 6.583 Thread 0x4443b000 2097             com.android.dx.dex.code.form.Form23x::writeTo (41 bytes)
Event: 6.584 Thread 0x4443b000 nmethod 2097 0x01f36388 code [0x01f364f0, 0x01f36724]
Event: 6.584 Thread 0x4443b000 2098             com.android.dx.dex.code.form.Form22t::writeTo (45 bytes)
Event: 6.584 Thread 0x4443b000 nmethod 2098 0x01f36ac8 code [0x01f36c50, 0x01f36f70]

GC Heap History (10 events):
Event: 3.912 GC heap before
{Heap before GC invocations=59 (full 5):
 def new generation   total 67392K, used 67392K [0x03c00000, 0x08520000, 0x19150000)
  eden space 59904K, 100% used [0x03c00000, 0x07680000, 0x07680000)
  from space 7488K, 100% used [0x07dd0000, 0x08520000, 0x08520000)
  to   space 7488K,   0% used [0x07680000, 0x07680000, 0x07dd0000)
 tenured generation   total 149672K, used 147334K [0x19150000, 0x2237a000, 0x43c00000)
   the space 149672K,  98% used [0x19150000, 0x22131860, 0x22131a00, 0x2237a000)
 Metaspace       used 3545K, capacity 3598K, committed 3648K, reserved 4480K
Event: 4.308 GC heap after
Heap after GC invocations=60 (full 6):
 def new generation   total 116096K, used 7470K [0x03c00000, 0x0b9f0000, 0x19150000)
  eden space 103232K,   7% used [0x03c00000, 0x0434b858, 0x0a0d0000)
  from space 12864K,   0% used [0x0a0d0000, 0x0a0d0000, 0x0ad60000)
  to   space 12864K,   0% used [0x0ad60000, 0x0ad60000, 0x0b9f0000)
 tenured generation   total 257776K, used 154663K [0x19150000, 0x28d0c000, 0x43c00000)
   the space 257776K,  59% used [0x19150000, 0x22859ff8, 0x2285a000, 0x28d0c000)
 Metaspace       used 3545K, capacity 3598K, committed 3648K, reserved 4480K
}
Event: 4.480 GC heap before
{Heap before GC invocations=60 (full 6):
 def new generation   total 116096K, used 103232K [0x03c00000, 0x0b9f0000, 0x19150000)
  eden space 103232K, 100% used [0x03c00000, 0x0a0d0000, 0x0a0d0000)
  from space 12864K,   0% used [0x0a0d0000, 0x0a0d0000, 0x0ad60000)
  to   space 12864K,   0% used [0x0ad60000, 0x0ad60000, 0x0b9f0000)
 tenured generation   total 257776K, used 154663K [0x19150000, 0x28d0c000, 0x43c00000)
   the space 257776K,  59% used [0x19150000, 0x22859ff8, 0x2285a000, 0x28d0c000)
 Metaspace       used 3545K, capacity 3598K, committed 3648K, reserved 4480K
Event: 4.607 GC heap after
Heap after GC invocations=61 (full 6):
 def new generation   total 116096K, used 12864K [0x03c00000, 0x0b9f0000, 0x19150000)
  eden space 103232K,   0% used [0x03c00000, 0x03c00000, 0x0a0d0000)
  from space 12864K, 100% used [0x0ad60000, 0x0b9f0000, 0x0b9f0000)
  to   space 12864K,   0% used [0x0a0d0000, 0x0a0d0000, 0x0ad60000)
 tenured generation   total 257776K, used 162502K [0x19150000, 0x28d0c000, 0x43c00000)
   the space 257776K,  63% used [0x19150000, 0x23001ac8, 0x23001c00, 0x28d0c000)
 Metaspace       used 3545K, capacity 3598K, committed 3648K, reserved 4480K
}
Event: 4.770 GC heap before
{Heap before GC invocations=61 (full 6):
 def new generation   total 116096K, used 116096K [0x03c00000, 0x0b9f0000, 0x19150000)
  eden space 103232K, 100% used [0x03c00000, 0x0a0d0000, 0x0a0d0000)
  from space 12864K, 100% used [0x0ad60000, 0x0b9f0000, 0x0b9f0000)
  to   space 12864K,   0% used [0x0a0d0000, 0x0a0d0000, 0x0ad60000)
 tenured generation   total 257776K, used 162502K [0x19150000, 0x28d0c000, 0x43c00000)
   the space 257776K,  63% used [0x19150000, 0x23001ac8, 0x23001c00, 0x28d0c000)
 Metaspace       used 3545K, capacity 3598K, committed 3648K, reserved 4480K
Event: 4.847 GC heap after
Heap after GC invocations=62 (full 6):
 def new generation   total 116096K, used 12864K [0x03c00000, 0x0b9f0000, 0x19150000)
  eden space 103232K,   0% used [0x03c00000, 0x03c00000, 0x0a0d0000)
  from space 12864K, 100% used [0x0a0d0000, 0x0ad60000, 0x0ad60000)
  to   space 12864K,   0% used [0x0ad60000, 0x0ad60000, 0x0b9f0000)
 tenured generation   total 257776K, used 179091K [0x19150000, 0x28d0c000, 0x43c00000)
   the space 257776K,  69% used [0x19150000, 0x24034e70, 0x24035000, 0x28d0c000)
 Metaspace       used 3545K, capacity 3598K, committed 3648K, reserved 4480K
}
Event: 5.040 GC heap before
{Heap before GC invocations=62 (full 6):
 def new generation   total 116096K, used 116096K [0x03c00000, 0x0b9f0000, 0x19150000)
  eden space 103232K, 100% used [0x03c00000, 0x0a0d0000, 0x0a0d0000)
  from space 12864K, 100% used [0x0a0d0000, 0x0ad60000, 0x0ad60000)
  to   space 12864K,   0% used [0x0ad60000, 0x0ad60000, 0x0b9f0000)
 tenured generation   total 257776K, used 179091K [0x19150000, 0x28d0c000, 0x43c00000)
   the space 257776K,  69% used [0x19150000, 0x24034e70, 0x24035000, 0x28d0c000)
 Metaspace       used 3549K, capacity 3598K, committed 3648K, reserved 4480K
Event: 5.103 GC heap after
Heap after GC invocations=63 (full 6):
 def new generation   total 116096K, used 12864K [0x03c00000, 0x0b9f0000, 0x19150000)
  eden space 103232K,   0% used [0x03c00000, 0x03c00000, 0x0a0d0000)
  from space 12864K, 100% used [0x0ad60000, 0x0b9f0000, 0x0b9f0000)
  to   space 12864K,   0% used [0x0a0d0000, 0x0a0d0000, 0x0ad60000)
 tenured generation   total 257776K, used 192797K [0x19150000, 0x28d0c000, 0x43c00000)
   the space 257776K,  74% used [0x19150000, 0x24d974b0, 0x24d97600, 0x28d0c000)
 Metaspace       used 3549K, capacity 3598K, committed 3648K, reserved 4480K
}
Event: 6.289 GC heap before
{Heap before GC invocations=63 (full 6):
 def new generation   total 116096K, used 116096K [0x03c00000, 0x0b9f0000, 0x19150000)
  eden space 103232K, 100% used [0x03c00000, 0x0a0d0000, 0x0a0d0000)
  from space 12864K, 100% used [0x0ad60000, 0x0b9f0000, 0x0b9f0000)
  to   space 12864K,   0% used [0x0a0d0000, 0x0a0d0000, 0x0ad60000)
 tenured generation   total 257776K, used 192797K [0x19150000, 0x28d0c000, 0x43c00000)
   the space 257776K,  74% used [0x19150000, 0x24d974b0, 0x24d97600, 0x28d0c000)
 Metaspace       used 3656K, capacity 3662K, committed 3776K, reserved 4480K
Event: 6.377 GC heap after
Heap after GC invocations=64 (full 6):
 def new generation   total 116096K, used 12864K [0x03c00000, 0x0b9f0000, 0x19150000)
  eden space 103232K,   0% used [0x03c00000, 0x03c00000, 0x0a0d0000)
  from space 12864K, 100% used [0x0a0d0000, 0x0ad60000, 0x0ad60000)
  to   space 12864K,   0% used [0x0ad60000, 0x0ad60000, 0x0b9f0000)
 tenured generation   total 257776K, used 208138K [0x19150000, 0x28d0c000, 0x43c00000)
   the space 257776K,  80% used [0x19150000, 0x25c929e0, 0x25c92a00, 0x28d0c000)
 Metaspace       used 3656K, capacity 3662K, committed 3776K, reserved 4480K
}

Deoptimization events (0 events):
No events

Internal exceptions (5 events):
Event: 0.024 Thread 0x009bbc00 Exception <a 'java/lang/NoSuchMethodError': Method sun.misc.Unsafe.defineClass(Ljava/lang/String;[BII)Ljava/lang/Class; name or signature does not match> (0x03c06ea8) thrown at [C:\re\workspace\8-2-build-windows-i586-cygwin\jdk8u101\7261\hotspot\src\share\á—q@æ]˜?
Event: 0.024 Thread 0x009bbc00 Exception <a 'java/lang/NoSuchMethodError': Method sun.misc.Unsafe.prefetchRead(Ljava/lang/Object;J)V name or signature does not match> (0x03c07178) thrown at [C:\re\workspace\8-2-build-windows-i586-cygwin\jdk8u101\7261\hotspot\src\share\vm\prims\jni.cpp, jþÔØµé?
Event: 0.803 Thread 0x44564800 Exception <a 'java/lang/ArrayIndexOutOfBoundsException': 18> (0x04075430) thrown at [C:\re\workspace\8-2-build-windows-i586-cygwin\jdk8u101\7261\hotspot\src\share\vm\interpreter\interpreterRuntime.cpp, line 366]
Event: 0.804 Thread 0x44564800 Exception <a 'java/lang/ArrayIndexOutOfBoundsException': 145> (0x04076cd0) thrown at [C:\re\workspace\8-2-build-windows-i586-cygwin\jdk8u101\7261\hotspot\src\share\vm\interpreter\interpreterRuntime.cpp, line 366]
Event: 0.804 Thread 0x44564800 Exception <a 'java/lang/ArrayIndexOutOfBoundsException': 40> (0x04077db0) thrown at [C:\re\workspace\8-2-build-windows-i586-cygwin\jdk8u101\7261\hotspot\src\share\vm\interpreter\interpreterRuntime.cpp, line 366]

Events (10 events):
Event: 6.206 loading class com/android/dx/dex/file/DebugInfoEncoder$2
Event: 6.206 loading class com/android/dx/dex/file/DebugInfoEncoder$2 done
Event: 6.279 loading class com/android/dex/EncodedValueCodec
Event: 6.279 loading class com/android/dex/EncodedValueCodec done
Event: 6.289 Executing VM operation: GenCollectForAllocation
Event: 6.377 Executing VM operation: GenCollectForAllocation done
Event: 6.433 loading class com/android/dx/dex/file/MapItem
Event: 6.433 loading class com/android/dx/dex/file/MapItem done
Event: 6.442 loading class com/android/dex/DexFormat
Event: 6.442 loading class com/android/dex/DexFormat done


Dynamic libraries:
0x00b00000 - 0x00b33000 	C:\Program Files\Java\jdk1.8.0_101\bin\java.exe
0x77920000 - 0x77a5c000 	C:\Windows\SYSTEM32\ntdll.dll
0x774a0000 - 0x77574000 	C:\Windows\system32\kernel32.dll
0x75cd0000 - 0x75d1a000 	C:\Windows\system32\KERNELBASE.dll
0x77400000 - 0x774a0000 	C:\Windows\system32\ADVAPI32.dll
0x75d80000 - 0x75e2c000 	C:\Windows\system32\msvcrt.dll
0x764c0000 - 0x764d9000 	C:\Windows\SYSTEM32\sechost.dll
0x75f00000 - 0x75fa1000 	C:\Windows\system32\RPCRT4.dll
0x77330000 - 0x773f9000 	C:\Windows\system32\USER32.dll
0x765f0000 - 0x7663e000 	C:\Windows\system32\GDI32.dll
0x75fb0000 - 0x75fba000 	C:\Windows\system32\LPK.dll
0x76640000 - 0x766dd000 	C:\Windows\system32\USP10.dll
0x74730000 - 0x748ce000 	C:\Windows\WinSxS\x86_microsoft.windows.common-controls_6595b64144ccf1df_6.0.7600.16385_none_421189da2b7fabfc\COMCTL32.dll
0x76590000 - 0x765e7000 	C:\Windows\system32\SHLWAPI.dll
0x77a60000 - 0x77a7f000 	C:\Windows\system32\IMM32.DLL
0x75fc0000 - 0x7608c000 	C:\Windows\system32\MSCTF.dll
0x508e0000 - 0x5099f000 	C:\Program Files\Java\jdk1.8.0_101\jre\bin\msvcr100.dll
0x6cbd0000 - 0x6cf9c000 	C:\Program Files\Java\jdk1.8.0_101\jre\bin\client\jvm.dll
0x71060000 - 0x71067000 	C:\Windows\system32\WSOCK32.dll
0x77a80000 - 0x77ab5000 	C:\Windows\system32\WS2_32.dll
0x75ef0000 - 0x75ef6000 	C:\Windows\system32\NSI.dll
0x70f00000 - 0x70f32000 	C:\Windows\system32\WINMM.dll
0x74f70000 - 0x74f79000 	C:\Windows\system32\VERSION.dll
0x75d70000 - 0x75d75000 	C:\Windows\system32\PSAPI.DLL
0x6c640000 - 0x6c64c000 	C:\Program Files\Java\jdk1.8.0_101\jre\bin\verify.dll
0x63370000 - 0x63391000 	C:\Program Files\Java\jdk1.8.0_101\jre\bin\java.dll
0x6c620000 - 0x6c633000 	C:\Program Files\Java\jdk1.8.0_101\jre\bin\zip.dll
0x766e0000 - 0x77329000 	C:\Windows\system32\SHELL32.dll
0x76120000 - 0x7627c000 	C:\Windows\system32\ole32.dll
0x75a70000 - 0x75a7b000 	C:\Windows\system32\profapi.dll
0x73870000 - 0x7395b000 	C:\Windows\system32\dbghelp.dll

VM Arguments:
jvm_args: -Djava.awt.headless=true -Xmx1024M -Dfile.encoding=windows-1252 -Duser.country=US -Duser.language=en -Duser.variant 
java_command: com.android.dx.command.Main --dex --num-threads=4 --multi-dex --main-dex-list E:\SandeepProjectResources\MobipugNew\MobipugSource\app\build\intermediates\multi-dex\debug\maindexlist.txt --output E:\SandeepProjectResources\MobipugNew\MobipugSource\app\build\intermediates\transforms\dex\debug\folders\1000\1f\main E:\SandeepProjectResources\MobipugNew\MobipugSource\app\build\intermediates\transforms\jarMerging\debug\jars\1\1f\combined.jar
java_class_path (initial): C:\Users\android-4\AppData\Local\Android\Sdk\build-tools\26.0.2\lib\dx.jar
Launcher Type: SUN_STANDARD

Environment Variables:
PATH=C:\ProgramData\Oracle\Java\javapath;C:\Windows\system32;C:\Windows;C:\Windows\System32\Wbem;C:\Windows\System32\WindowsPowerShell\v1.0\;C:\Program Files\Intel\OpenCL SDK\2.0\bin\x86;C:\Program Files\Skype\Phone\
USERNAME=android-4
OS=Windows_NT
PROCESSOR_IDENTIFIER=x86 Family 6 Model 42 Stepping 7, GenuineIntel



---------------  S Y S T E M  ---------------

OS: Windows 7 Build 7600 (6.1.7600.16385)

CPU:total 4 (2 cores per cpu, 2 threads per core) family 6 model 42 stepping 7, cmov, cx8, fxsr, mmx, sse, sse2, sse3, ssse3, sse4.1, sse4.2, popcnt, clmul, ht, tsc, tscinvbit

Memory: 4k page, physical 3578328k(382224k free), swap 24056564k(19015172k free)

vm_info: Java HotSpot(TM) Client VM (25.101-b13) for windows-x86 JRE (1.8.0_101-b13), built on Jun 22 2016 00:45:44 by "java_re" with MS VC++ 10.0 (VS2010)

time: Fri Oct 26 17:04:05 2018
elapsed time: 6 seconds (0d 0h 0m 6s)

