#
# A fatal error has been detected by the Java Runtime Environment:
#
#  EXCEPTION_ACCESS_VIOLATION (0xc0000005) at pc=0x528f4da9, pid=6044, tid=0x00001430
#
# JRE version: Java(TM) SE Runtime Environment (8.0_101-b13) (build 1.8.0_101-b13)
# Java VM: Java HotSpot(TM) Client VM (25.101-b13 mixed mode windows-x86 )
# Problematic frame:
# V  [jvm.dll+0x1b4da9]
#
# Failed to write core dump. Minidumps are not enabled by default on client versions of Windows
#
# If you would like to submit a bug report, please visit:
#   http://bugreport.java.com/bugreport/crash.jsp
#

---------------  T H R E A D  ---------------

Current thread (0x4448a800):  VMThread [stack: 0x00770000,0x007c0000] [id=5168]

siginfo: ExceptionCode=0xc0000005, reading address 0x0000008b

Registers:
EAX=0x3d3b7308, EBX=0x00000003, ECX=0x19479778, EDX=0x00000003
ESP=0x007bf450, EBP=0x007bf468, ESI=0x00000000, EDI=0x3d120c70
EIP=0x528f4da9, EFLAGS=0x00010202

Top of Stack: (sp=0x007bf450)
0x007bf450:   3d3b7308 52aa94cc 44d7d5d8 44d7d5dc
0x007bf460:   52aa94cc 00000200 007bf474 528f4fac
0x007bf470:   00000003 007bf490 5289883a 44d7d5d8
0x007bf480:   44c92400 52aa94cc 00000000 44c91330
0x007bf490:   007bf678 528b9eef 52aa94cc 00000002
0x007bf4a0:   44c92400 00000000 00000000 00000000
0x007bf4b0:   00000000 007bf704 007bf52c 00000012
0x007bf4c0:   007bf6f0 52aa94f0 007bf774 ffffffff 

Instructions: (pc=0x528f4da9)
0x528f4d89:   23 f0 29 35 50 94 aa 52 a3 4c 94 aa 52 8b c7 eb
0x528f4d99:   09 48 a3 4c 94 aa 52 8b 04 81 8b 48 04 8b 11 50
0x528f4da9:   8b 82 88 00 00 00 ff d0 8b 0d 58 94 aa 52 85 c9
0x528f4db9:   0f 85 51 ff ff ff a1 7c 94 aa 52 85 c0 0f 84 b8 


Register to memory mapping:

EAX=0x3d3b7308 is pointing into object: 0x3d3b72f8
com.android.dx.dex.code.LocalSnapshot 
 - klass: 'com/android/dx/dex/code/LocalSnapshot'
EBX=0x00000003 is an unknown value
ECX=0x19479778 is an oop
com.android.dx.rop.code.RegisterSpecList 
 - klass: 'com/android/dx/rop/code/RegisterSpecList'
EDX=0x00000003 is an unknown value
ESP=0x007bf450 is an unknown value
EBP=0x007bf468 is an unknown value
ESI=0x00000000 is an unknown value
EDI=0x3d120c70 is an oop
com.android.dx.dex.code.CodeAddress 
 - klass: 'com/android/dx/dex/code/CodeAddress'


Stack: [0x00770000,0x007c0000],  sp=0x007bf450,  free space=317k
Native frames: (J=compiled Java code, j=interpreted, Vv=VM code, C=native code)
V  [jvm.dll+0x1b4da9]
V  [jvm.dll+0x1b4fac]
V  [jvm.dll+0x15883a]
V  [jvm.dll+0x179eef]
V  [jvm.dll+0x1789ea]
V  [jvm.dll+0x97fb0]
V  [jvm.dll+0x992a1]
V  [jvm.dll+0x9b020]
V  [jvm.dll+0x9b489]
V  [jvm.dll+0x9a27f]
V  [jvm.dll+0xa64b2]
V  [jvm.dll+0x98e73]
V  [jvm.dll+0x92e25]
V  [jvm.dll+0x1b81c6]
V  [jvm.dll+0x18292b]
V  [jvm.dll+0x181d31]
V  [jvm.dll+0x182147]
V  [jvm.dll+0x182342]
V  [jvm.dll+0x1c1ed6]
C  [msvcr100.dll+0x5c556]
C  [msvcr100.dll+0x5c600]
C  [kernel32.dll+0x51174]
C  [ntdll.dll+0x5b3f5]
C  [ntdll.dll+0x5b3c8]

VM_Operation (0x44bef0d4): GenCollectForAllocation, mode: safepoint, requested by thread 0x44659800


---------------  P R O C E S S  ---------------

Java Threads: ( => current thread )
  0x44c92400 JavaThread "pool-1-thread-1" [_thread_blocked, id=5544, stack(0x46860000,0x468b0000)]
  0x44655000 JavaThread "pool-2-thread-4" [_thread_blocked, id=4892, stack(0x448b0000,0x44900000)]
  0x4465a800 JavaThread "pool-2-thread-3" [_thread_blocked, id=3184, stack(0x44b10000,0x44b60000)]
  0x44659800 JavaThread "pool-2-thread-2" [_thread_blocked, id=4688, stack(0x44ba0000,0x44bf0000)]
  0x44659000 JavaThread "pool-3-thread-1" [_thread_blocked, id=4480, stack(0x44950000,0x449a0000)]
  0x44629c00 JavaThread "pool-2-thread-1" [_thread_blocked, id=548, stack(0x44ab0000,0x44b00000)]
  0x444edc00 JavaThread "Service Thread" daemon [_thread_blocked, id=2400, stack(0x007d0000,0x00820000)]
  0x444da400 JavaThread "C1 CompilerThread0" daemon [_thread_blocked, id=5784, stack(0x44850000,0x448a0000)]
  0x444d9000 JavaThread "Attach Listener" daemon [_thread_blocked, id=5272, stack(0x447f0000,0x44840000)]
  0x444d6000 JavaThread "Signal Dispatcher" daemon [_thread_blocked, id=4884, stack(0x44730000,0x44780000)]
  0x444b6c00 JavaThread "Finalizer" daemon [_thread_blocked, id=5948, stack(0x018a0000,0x018f0000)]
  0x44490400 JavaThread "Reference Handler" daemon [_thread_blocked, id=2300, stack(0x03da0000,0x03df0000)]
  0x0194bc00 JavaThread "main" [_thread_blocked, id=4336, stack(0x003a0000,0x003f0000)]

Other Threads:
=>0x4448a800 VMThread [stack: 0x00770000,0x007c0000] [id=5168]
  0x444df000 WatcherThread [stack: 0x449f0000,0x44a40000] [id=1056]

VM state:at safepoint (normal execution)

VM Mutex/Monitor currently owned by a thread:  ([mutex/lock_event])
[0x0194a230] Threads_lock - owner thread: 0x4448a800
[0x0194a640] Heap_lock - owner thread: 0x44659800

Heap:
 def new generation   total 314560K, used 279616K [0x03e00000, 0x19350000, 0x19350000)
  eden space 279616K, 100% used [0x03e00000, 0x14f10000, 0x14f10000)
  from space 34944K,   0% used [0x17130000, 0x17130000, 0x19350000)
  to   space 34944K,   0% used [0x14f10000, 0x14f10000, 0x17130000)
 tenured generation   total 699072K, used 678758K [0x19350000, 0x43e00000, 0x43e00000)
   the space 699072K,  97% used [0x19350000, 0x42a299b8, 0x42a29a00, 0x43e00000)
 Metaspace       used 3572K, capacity 3598K, committed 3648K, reserved 4480K

Card table byte_map: [0x43e00000,0x44010000] byte_map_base: 0x43de1000

Polling page: 0x00360000

CodeCache: size=32768Kb used=3657Kb max_used=3703Kb free=29110Kb
 bounds [0x01c20000, 0x01fc0000, 0x03c20000]
 total_blobs=1884 nmethods=1737 adapters=77
 compilation: enabled

Compilation events (10 events):
Event: 26.348 Thread 0x444da400 1748             com.android.dx.dex.code.VariableSizeInsn::<init> (10 bytes)
Event: 26.348 Thread 0x444da400 nmethod 1748 0x01fbcbc8 code [0x01fbccd0, 0x01fbcd6c]
Event: 28.929 Thread 0x444da400 1749   !         java.util.concurrent.ThreadPoolExecutor::runWorker (225 bytes)
Event: 28.930 Thread 0x444da400 nmethod 1749 0x01fbcdc8 code [0x01fbcfa0, 0x01fbd548]
Event: 28.931 Thread 0x444da400 1750             com.android.dx.dex.file.ClassDefsSection::orderItems0 (158 bytes)
Event: 28.932 Thread 0x444da400 nmethod 1750 0x01d8bd08 code [0x01d8bed0, 0x01d8c4b4]
Event: 28.933 Thread 0x444da400 1751             com.android.dx.dex.file.IndexedItem::hasIndex (13 bytes)
Event: 28.933 Thread 0x444da400 nmethod 1751 0x01d94988 code [0x01d94a80, 0x01d94b10]
Event: 28.934 Thread 0x444da400 1752             java.util.TreeMap$KeyIterator::next (8 bytes)
Event: 28.934 Thread 0x444da400 nmethod 1752 0x01d94748 code [0x01d94850, 0x01d948ec]

GC Heap History (10 events):
Event: 18.491 GC heap after
Heap after GC invocations=101 (full 9):
 def new generation   total 314560K, used 0K [0x03e00000, 0x19350000, 0x19350000)
  eden space 279616K,   0% used [0x03e00000, 0x03e00000, 0x14f10000)
  from space 34944K,   0% used [0x14f10000, 0x14f10000, 0x17130000)
  to   space 34944K,   0% used [0x17130000, 0x17130000, 0x19350000)
 tenured generation   total 699072K, used 597094K [0x19350000, 0x43e00000, 0x43e00000)
   the space 699072K,  85% used [0x19350000, 0x3da69b88, 0x3da69c00, 0x43e00000)
 Metaspace       used 3557K, capacity 3598K, committed 3648K, reserved 4480K
}
Event: 20.208 GC heap before
{Heap before GC invocations=101 (full 9):
 def new generation   total 314560K, used 279616K [0x03e00000, 0x19350000, 0x19350000)
  eden space 279616K, 100% used [0x03e00000, 0x14f10000, 0x14f10000)
  from space 34944K,   0% used [0x14f10000, 0x14f10000, 0x17130000)
  to   space 34944K,   0% used [0x17130000, 0x17130000, 0x19350000)
 tenured generation   total 699072K, used 597094K [0x19350000, 0x43e00000, 0x43e00000)
   the space 699072K,  85% used [0x19350000, 0x3da69b88, 0x3da69c00, 0x43e00000)
 Metaspace       used 3557K, capacity 3598K, committed 3648K, reserved 4480K
Event: 20.337 GC heap after
Heap after GC invocations=102 (full 9):
 def new generation   total 314560K, used 34944K [0x03e00000, 0x19350000, 0x19350000)
  eden space 279616K,   0% used [0x03e00000, 0x03e00000, 0x14f10000)
  from space 34944K, 100% used [0x17130000, 0x19350000, 0x19350000)
  to   space 34944K,   0% used [0x14f10000, 0x14f10000, 0x17130000)
 tenured generation   total 699072K, used 683229K [0x19350000, 0x43e00000, 0x43e00000)
   the space 699072K,  97% used [0x19350000, 0x42e87588, 0x42e87600, 0x43e00000)
 Metaspace       used 3557K, capacity 3598K, committed 3648K, reserved 4480K
}
Event: 22.098 GC heap before
{Heap before GC invocations=102 (full 9):
 def new generation   total 314560K, used 314560K [0x03e00000, 0x19350000, 0x19350000)
  eden space 279616K, 100% used [0x03e00000, 0x14f10000, 0x14f10000)
  from space 34944K, 100% used [0x17130000, 0x19350000, 0x19350000)
  to   space 34944K,   0% used [0x14f10000, 0x14f10000, 0x17130000)
 tenured generation   total 699072K, used 683229K [0x19350000, 0x43e00000, 0x43e00000)
   the space 699072K,  97% used [0x19350000, 0x42e87588, 0x42e87600, 0x43e00000)
 Metaspace       used 3557K, capacity 3598K, committed 3648K, reserved 4480K
Event: 23.617 GC heap after
Heap after GC invocations=103 (full 10):
 def new generation   total 314560K, used 18290K [0x03e00000, 0x19350000, 0x19350000)
  eden space 279616K,   6% used [0x03e00000, 0x04fdc9f0, 0x14f10000)
  from space 34944K,   0% used [0x17130000, 0x17130000, 0x19350000)
  to   space 34944K,   0% used [0x14f10000, 0x14f10000, 0x17130000)
 tenured generation   total 699072K, used 699070K [0x19350000, 0x43e00000, 0x43e00000)
   the space 699072K,  99% used [0x19350000, 0x43dffaa0, 0x43dffc00, 0x43e00000)
 Metaspace       used 3557K, capacity 3598K, committed 3648K, reserved 4480K
}
Event: 24.383 GC heap before
{Heap before GC invocations=103 (full 10):
 def new generation   total 314560K, used 314560K [0x03e00000, 0x19350000, 0x19350000)
  eden space 279616K, 100% used [0x03e00000, 0x14f10000, 0x14f10000)
  from space 34944K, 100% used [0x17130000, 0x19350000, 0x19350000)
  to   space 34944K,   0% used [0x14f10000, 0x14f10000, 0x17130000)
 tenured generation   total 699072K, used 699071K [0x19350000, 0x43e00000, 0x43e00000)
   the space 699072K,  99% used [0x19350000, 0x43dffff8, 0x43e00000, 0x43e00000)
 Metaspace       used 3557K, capacity 3598K, committed 3648K, reserved 4480K
Event: 25.915 GC heap after
Heap after GC invocations=104 (full 11):
 def new generation   total 314560K, used 0K [0x03e00000, 0x19350000, 0x19350000)
  eden space 279616K,   0% used [0x03e00000, 0x03e00000, 0x14f10000)
  from space 34944K,   0% used [0x17130000, 0x17130000, 0x19350000)
  to   space 34944K,   0% used [0x14f10000, 0x14f10000, 0x17130000)
 tenured generation   total 699072K, used 668725K [0x19350000, 0x43e00000, 0x43e00000)
   the space 699072K,  95% used [0x19350000, 0x4205d7a0, 0x4205d800, 0x43e00000)
 Metaspace       used 3557K, capacity 3598K, committed 3648K, reserved 4480K
}
Event: 26.387 GC heap before
{Heap before GC invocations=104 (full 11):
 def new generation   total 314560K, used 279616K [0x03e00000, 0x19350000, 0x19350000)
  eden space 279616K, 100% used [0x03e00000, 0x14f10000, 0x14f10000)
  from space 34944K,   0% used [0x17130000, 0x17130000, 0x19350000)
  to   space 34944K,   0% used [0x14f10000, 0x14f10000, 0x17130000)
 tenured generation   total 699072K, used 668725K [0x19350000, 0x43e00000, 0x43e00000)
   the space 699072K,  95% used [0x19350000, 0x4205d7a0, 0x4205d800, 0x43e00000)
 Metaspace       used 3557K, capacity 3598K, committed 3648K, reserved 4480K
Event: 28.402 GC heap after
Heap after GC invocations=105 (full 12):
 def new generation   total 314560K, used 0K [0x03e00000, 0x19350000, 0x19350000)
  eden space 279616K,   0% used [0x03e00000, 0x03e00000, 0x14f10000)
  from space 34944K,   0% used [0x17130000, 0x17130000, 0x19350000)
  to   space 34944K,   0% used [0x14f10000, 0x14f10000, 0x17130000)
 tenured generation   total 699072K, used 678758K [0x19350000, 0x43e00000, 0x43e00000)
   the space 699072K,  97% used [0x19350000, 0x42a299b8, 0x42a29a00, 0x43e00000)
 Metaspace       used 3557K, capacity 3598K, committed 3648K, reserved 4480K
}
Event: 28.948 GC heap before
{Heap before GC invocations=105 (full 12):
 def new generation   total 314560K, used 279616K [0x03e00000, 0x19350000, 0x19350000)
  eden space 279616K, 100% used [0x03e00000, 0x14f10000, 0x14f10000)
  from space 34944K,   0% used [0x17130000, 0x17130000, 0x19350000)
  to   space 34944K,   0% used [0x14f10000, 0x14f10000, 0x17130000)
 tenured generation   total 699072K, used 678758K [0x19350000, 0x43e00000, 0x43e00000)
   the space 699072K,  97% used [0x19350000, 0x42a299b8, 0x42a29a00, 0x43e00000)
 Metaspace       used 3572K, capacity 3598K, committed 3648K, reserved 4480K

Deoptimization events (0 events):
No events

Internal exceptions (5 events):
Event: 0.024 Thread 0x0194bc00 Exception <a 'java/lang/NoSuchMethodError': Method sun.misc.Unsafe.defineClass(Ljava/lang/String;[BII)Ljava/lang/Class; name or signature does not match> (0x03e06ea8) thrown at [C:\re\workspace\8-2-build-windows-i586-cygwin\jdk8u101\7261\hotspot\src\share\çÇ+ù…Ñ˜?
Event: 0.024 Thread 0x0194bc00 Exception <a 'java/lang/NoSuchMethodError': Method sun.misc.Unsafe.prefetchRead(Ljava/lang/Object;J)V name or signature does not match> (0x03e07178) thrown at [C:\re\workspace\8-2-build-windows-i586-cygwin\jdk8u101\7261\hotspot\src\share\vm\prims\jni.cpp, Èø•î<¥í?
Event: 0.926 Thread 0x44659800 Exception <a 'java/lang/ArrayIndexOutOfBoundsException': 18> (0x040e8240) thrown at [C:\re\workspace\8-2-build-windows-i586-cygwin\jdk8u101\7261\hotspot\src\share\vm\interpreter\interpreterRuntime.cpp, line 366]
Event: 0.927 Thread 0x44659800 Exception <a 'java/lang/ArrayIndexOutOfBoundsException': 145> (0x040e9ae0) thrown at [C:\re\workspace\8-2-build-windows-i586-cygwin\jdk8u101\7261\hotspot\src\share\vm\interpreter\interpreterRuntime.cpp, line 366]
Event: 0.927 Thread 0x44659800 Exception <a 'java/lang/ArrayIndexOutOfBoundsException': 40> (0x040eabc0) thrown at [C:\re\workspace\8-2-build-windows-i586-cygwin\jdk8u101\7261\hotspot\src\share\vm\interpreter\interpreterRuntime.cpp, line 366]

Events (10 events):
Event: 28.935 Executing VM operation: RevokeBias done
Event: 28.935 Executing VM operation: RevokeBias
Event: 28.935 Executing VM operation: RevokeBias done
Event: 28.935 Executing VM operation: RevokeBias
Event: 28.935 Executing VM operation: RevokeBias done
Event: 28.935 Executing VM operation: RevokeBias
Event: 28.935 Executing VM operation: RevokeBias done
Event: 28.935 Executing VM operation: RevokeBias
Event: 28.935 Executing VM operation: RevokeBias done
Event: 28.948 Executing VM operation: GenCollectForAllocation


Dynamic libraries:
0x00820000 - 0x00853000 	C:\Program Files\Java\jdk1.8.0_101\bin\java.exe
0x77610000 - 0x7774c000 	C:\Windows\SYSTEM32\ntdll.dll
0x76310000 - 0x763e4000 	C:\Windows\system32\kernel32.dll
0x75a10000 - 0x75a5a000 	C:\Windows\system32\KERNELBASE.dll
0x75a60000 - 0x75b00000 	C:\Windows\system32\ADVAPI32.dll
0x76730000 - 0x767dc000 	C:\Windows\system32\msvcrt.dll
0x767e0000 - 0x767f9000 	C:\Windows\SYSTEM32\sechost.dll
0x76500000 - 0x765a1000 	C:\Windows\system32\RPCRT4.dll
0x77760000 - 0x77829000 	C:\Windows\system32\USER32.dll
0x762c0000 - 0x7630e000 	C:\Windows\system32\GDI32.dll
0x75dd0000 - 0x75dda000 	C:\Windows\system32\LPK.dll
0x76110000 - 0x761ad000 	C:\Windows\system32\USP10.dll
0x741d0000 - 0x7436e000 	C:\Windows\WinSxS\x86_microsoft.windows.common-controls_6595b64144ccf1df_6.0.7600.16385_none_421189da2b7fabfc\COMCTL32.dll
0x763f0000 - 0x76447000 	C:\Windows\system32\SHLWAPI.dll
0x764e0000 - 0x764ff000 	C:\Windows\system32\IMM32.DLL
0x75b00000 - 0x75bcc000 	C:\Windows\system32\MSCTF.dll
0x52b10000 - 0x52bcf000 	C:\Program Files\Java\jdk1.8.0_101\jre\bin\msvcr100.dll
0x52740000 - 0x52b0c000 	C:\Program Files\Java\jdk1.8.0_101\jre\bin\client\jvm.dll
0x70d00000 - 0x70d07000 	C:\Windows\system32\WSOCK32.dll
0x766f0000 - 0x76725000 	C:\Windows\system32\WS2_32.dll
0x77750000 - 0x77756000 	C:\Windows\system32\NSI.dll
0x70de0000 - 0x70e12000 	C:\Windows\system32\WINMM.dll
0x74c60000 - 0x74c69000 	C:\Windows\system32\VERSION.dll
0x77830000 - 0x77835000 	C:\Windows\system32\PSAPI.DLL
0x60b30000 - 0x60b3c000 	C:\Program Files\Java\jdk1.8.0_101\jre\bin\verify.dll
0x60b00000 - 0x60b21000 	C:\Program Files\Java\jdk1.8.0_101\jre\bin\java.dll
0x60ae0000 - 0x60af3000 	C:\Program Files\Java\jdk1.8.0_101\jre\bin\zip.dll
0x769c0000 - 0x77609000 	C:\Windows\system32\SHELL32.dll
0x76800000 - 0x7695c000 	C:\Windows\system32\ole32.dll
0x75760000 - 0x7576b000 	C:\Windows\system32\profapi.dll
0x73430000 - 0x7351b000 	C:\Windows\system32\dbghelp.dll

VM Arguments:
jvm_args: -Djava.awt.headless=true -Xmx1024M -Dfile.encoding=windows-1252 -Duser.country=US -Duser.language=en -Duser.variant 
java_command: com.android.dx.command.Main --dex --num-threads=4 --multi-dex --main-dex-list E:\SandeepProjectResources\MobipugNew\Mobipug27.10.18\MobipugSource\app\build\intermediates\multi-dex\debug\maindexlist.txt --output E:\SandeepProjectResources\MobipugNew\Mobipug27.10.18\MobipugSource\app\build\intermediates\transforms\dex\debug\folders\1000\1f\main E:\SandeepProjectResources\MobipugNew\Mobipug27.10.18\MobipugSource\app\build\intermediates\transforms\jarMerging\debug\jars\1\1f\combined.jar
java_class_path (initial): C:\Users\android-4\AppData\Local\Android\Sdk\build-tools\26.0.2\lib\dx.jar
Launcher Type: SUN_STANDARD

Environment Variables:
PATH=C:\ProgramData\Oracle\Java\javapath;C:\Windows\system32;C:\Windows;C:\Windows\System32\Wbem;C:\Windows\System32\WindowsPowerShell\v1.0\;C:\Program Files\Intel\OpenCL SDK\2.0\bin\x86;C:\Program Files\Skype\Phone\
USERNAME=android-4
OS=Windows_NT
PROCESSOR_IDENTIFIER=x86 Family 6 Model 42 Stepping 7, GenuineIntel



---------------  S Y S T E M  ---------------

OS: Windows 7 Build 7600 (6.1.7600.16385)

CPU:total 4 (2 cores per cpu, 2 threads per core) family 6 model 42 stepping 7, cmov, cx8, fxsr, mmx, sse, sse2, sse3, ssse3, sse4.1, sse4.2, popcnt, clmul, ht, tsc, tscinvbit

Memory: 4k page, physical 3578328k(254200k free), swap 24056564k(18702756k free)

vm_info: Java HotSpot(TM) Client VM (25.101-b13) for windows-x86 JRE (1.8.0_101-b13), built on Jun 22 2016 00:45:44 by "java_re" with MS VC++ 10.0 (VS2010)

time: Thu Nov 15 18:50:37 2018
elapsed time: 29 seconds (0d 0h 0m 29s)

