#
# A fatal error has been detected by the Java Runtime Environment:
#
#  EXCEPTION_ACCESS_VIOLATION (0xc0000005) at pc=0x00000088, pid=2204, tid=0x000013c8
#
# JRE version: Java(TM) SE Runtime Environment (8.0_101-b13) (build 1.8.0_101-b13)
# Java VM: Java HotSpot(TM) Client VM (25.101-b13 mixed mode windows-x86 )
# Problematic frame:
# C  0x00000088
#
# Failed to write core dump. Minidumps are not enabled by default on client versions of Windows
#
# If you would like to submit a bug report, please visit:
#   http://bugreport.java.com/bugreport/crash.jsp
#

---------------  T H R E A D  ---------------

Current thread (0x4448a800):  VMThread [stack: 0x03cf0000,0x03d40000] [id=5064]

siginfo: ExceptionCode=0xc0000005, ExceptionInformation=0x00000008 0x00000088

Registers:
EAX=0x00000088, EBX=0x446566cc, ECX=0x44290090, EDX=0x000a0001
ESP=0x03d3f1ec, EBP=0x03d3f208, ESI=0x446566c8, EDI=0x51ad94cc
EIP=0x00000088, EFLAGS=0x00010202

Top of Stack: (sp=0x03d3f1ec)
0x03d3f1ec:   51924db1 3140e0d8 51ad94cc 446566c8
0x03d3f1fc:   446566cc 51ad94cc 446566c8 03d3f214
0x03d3f20c:   51924fac 00000003 03d3f230 518c883a
0x03d3f21c:   446566c8 44658c00 51ad94cc 00000000
0x03d3f22c:   44655fc8 03d3f418 518e9eef 51ad94cc
0x03d3f23c:   00000002 44658c00 00000000 00000000
0x03d3f24c:   00000000 00000000 03d3f4a4 03d3f2cc
0x03d3f25c:   00000012 03d3f490 51ad94f0 03d3f514 

Instructions: (pc=0x00000088)
0x00000068:   
[error occurred during error reporting (printing registers, top of stack, instructions near pc), id 0xc0000005]

Register to memory mapping:

EAX=0x00000088 is an unknown value
EBX=0x446566cc is an unknown value
ECX=0x44290090 is pointing into metadata
EDX=0x000a0001 is an unknown value
ESP=0x03d3f1ec is an unknown value
EBP=0x03d3f208 is an unknown value
ESI=0x446566c8 is an unknown value
EDI=0x51ad94cc is an unknown value


Stack: [0x03cf0000,0x03d40000],  sp=0x03d3f1ec,  free space=316k
Native frames: (J=compiled Java code, j=interpreted, Vv=VM code, C=native code)
C  0x00000088
V  [jvm.dll+0x1b4fac]
V  [jvm.dll+0x15883a]
V  [jvm.dll+0x179eef]
V  [jvm.dll+0x1789ea]
V  [jvm.dll+0x97fb0]
V  [jvm.dll+0x992a1]
V  [jvm.dll+0x9b020]
V  [jvm.dll+0x9b489]
V  [jvm.dll+0x9a27f]
V  [jvm.dll+0xa64b2]
V  [jvm.dll+0x98e73]
V  [jvm.dll+0x92e25]
V  [jvm.dll+0x1b81c6]
V  [jvm.dll+0x18292b]
V  [jvm.dll+0x181d31]
V  [jvm.dll+0x182147]
V  [jvm.dll+0x182342]
V  [jvm.dll+0x1c1ed6]
C  [msvcr100.dll+0x5c556]
C  [msvcr100.dll+0x5c600]
C  [kernel32.dll+0x51174]
C  [ntdll.dll+0x5b3f5]
C  [ntdll.dll+0x5b3c8]

VM_Operation (0x4496ecd4): GenCollectForAllocation, mode: safepoint, requested by thread 0x44658c00


---------------  P R O C E S S  ---------------

Java Threads: ( => current thread )
  0x44658c00 JavaThread "pool-2-thread-4" [_thread_blocked, id=4704, stack(0x44920000,0x44970000)]
  0x44656c00 JavaThread "pool-2-thread-3" [_thread_blocked, id=4232, stack(0x449c0000,0x44a10000)]
  0x44653000 JavaThread "pool-2-thread-2" [_thread_blocked, id=4168, stack(0x44970000,0x449c0000)]
  0x44624000 JavaThread "pool-3-thread-1" [_thread_blocked, id=3356, stack(0x447d0000,0x44820000)]
  0x4461e000 JavaThread "pool-2-thread-1" [_thread_blocked, id=4300, stack(0x44b70000,0x44bc0000)]
  0x444ecc00 JavaThread "Service Thread" daemon [_thread_blocked, id=1256, stack(0x44a60000,0x44ab0000)]
  0x444da000 JavaThread "C1 CompilerThread0" daemon [_thread_blocked, id=5096, stack(0x448a0000,0x448f0000)]
  0x444d9000 JavaThread "Attach Listener" daemon [_thread_blocked, id=1536, stack(0x44850000,0x448a0000)]
  0x444d6000 JavaThread "Signal Dispatcher" daemon [_thread_blocked, id=2880, stack(0x00b50000,0x00ba0000)]
  0x444b6c00 JavaThread "Finalizer" daemon [_thread_blocked, id=3368, stack(0x03d60000,0x03db0000)]
  0x44490400 JavaThread "Reference Handler" daemon [_thread_blocked, id=5704, stack(0x446c0000,0x44710000)]
  0x001ebc00 JavaThread "main" [_thread_blocked, id=3688, stack(0x00bc0000,0x00c10000)]

Other Threads:
=>0x4448a800 VMThread [stack: 0x03cf0000,0x03d40000] [id=5064]
  0x444d0400 WatcherThread [stack: 0x44ad0000,0x44b20000] [id=3868]

VM state:at safepoint (normal execution)

VM Mutex/Monitor currently owned by a thread:  ([mutex/lock_event])
[0x001ea230] Threads_lock - owner thread: 0x4448a800
[0x001ea640] Heap_lock - owner thread: 0x44658c00

Heap:
 def new generation   total 198848K, used 22080K [0x03e00000, 0x115c0000, 0x19350000)
  eden space 176768K,   0% used [0x03e00000, 0x03e00000, 0x0eaa0000)
  from space 22080K, 100% used [0x0eaa0000, 0x10030000, 0x10030000)
  to   space 22080K,   0% used [0x10030000, 0x10030000, 0x115c0000)
 tenured generation   total 456920K, used 456863K [0x19350000, 0x35186000, 0x43e00000)
   the space 456920K,  99% used [0x19350000, 0x35177da8, 0x35177e00, 0x35186000)
 Metaspace       used 3546K, capacity 3598K, committed 3648K, reserved 4480K

Card table byte_map: [0x43e00000,0x44010000] byte_map_base: 0x43de1000

Polling page: 0x00280000

CodeCache: size=32768Kb used=3547Kb max_used=3547Kb free=29220Kb
 bounds [0x01cb0000, 0x02028000, 0x03cb0000]
 total_blobs=1860 nmethods=1713 adapters=77
 compilation: enabled

Compilation events (10 events):
Event: 9.221 Thread 0x444da000 1711             java.util.HashMap::treeifyBin (110 bytes)
Event: 9.221 Thread 0x444da000 nmethod 1711 0x02025888 code [0x020259c0, 0x02025be4]
Event: 9.382 Thread 0x444da000 1712             java.util.HashMap::compareComparables (27 bytes)
Event: 9.382 Thread 0x444da000 nmethod 1712 0x02025e88 code [0x02025f90, 0x0202608c]
Event: 9.551 Thread 0x444da000 1713             com.android.dx.rop.code.SwitchInsn::getCatches (4 bytes)
Event: 9.551 Thread 0x444da000 nmethod 1713 0x02026148 code [0x02026240, 0x020262c0]
Event: 9.583 Thread 0x444da000 1714             com.android.dx.rop.code.BasicBlockList$RegCountVisitor::visitSwitchInsn (6 bytes)
Event: 9.583 Thread 0x444da000 nmethod 1714 0x02026308 code [0x02026400, 0x0202648c]
Event: 9.670 Thread 0x444da000 1715             com.android.dx.rop.code.Rops::opNewArray (124 bytes)
Event: 9.670 Thread 0x444da000 nmethod 1715 0x02026508 code [0x02026690, 0x02026aa4]

GC Heap History (10 events):
Event: 8.335 GC heap after
Heap after GC invocations=92 (full 7):
 def new generation   total 198848K, used 22080K [0x03e00000, 0x115c0000, 0x19350000)
  eden space 176768K,   0% used [0x03e00000, 0x03e00000, 0x0eaa0000)
  from space 22080K, 100% used [0x10030000, 0x115c0000, 0x115c0000)
  to   space 22080K,   0% used [0x0eaa0000, 0x0eaa0000, 0x10030000)
 tenured generation   total 441688K, used 332095K [0x19350000, 0x342a6000, 0x43e00000)
   the space 441688K,  75% used [0x19350000, 0x2d79fdd0, 0x2d79fe00, 0x342a6000)
 Metaspace       used 3546K, capacity 3598K, committed 3648K, reserved 4480K
}
Event: 8.614 GC heap before
{Heap before GC invocations=92 (full 7):
 def new generation   total 198848K, used 198848K [0x03e00000, 0x115c0000, 0x19350000)
  eden space 176768K, 100% used [0x03e00000, 0x0eaa0000, 0x0eaa0000)
  from space 22080K, 100% used [0x10030000, 0x115c0000, 0x115c0000)
  to   space 22080K,   0% used [0x0eaa0000, 0x0eaa0000, 0x10030000)
 tenured generation   total 441688K, used 332095K [0x19350000, 0x342a6000, 0x43e00000)
   the space 441688K,  75% used [0x19350000, 0x2d79fdd0, 0x2d79fe00, 0x342a6000)
 Metaspace       used 3546K, capacity 3598K, committed 3648K, reserved 4480K
Event: 8.732 GC heap after
Heap after GC invocations=93 (full 7):
 def new generation   total 198848K, used 22080K [0x03e00000, 0x115c0000, 0x19350000)
  eden space 176768K,   0% used [0x03e00000, 0x03e00000, 0x0eaa0000)
  from space 22080K, 100% used [0x0eaa0000, 0x10030000, 0x10030000)
  to   space 22080K,   0% used [0x10030000, 0x10030000, 0x115c0000)
 tenured generation   total 441688K, used 358054K [0x19350000, 0x342a6000, 0x43e00000)
   the space 441688K,  81% used [0x19350000, 0x2f0f9900, 0x2f0f9a00, 0x342a6000)
 Metaspace       used 3546K, capacity 3598K, committed 3648K, reserved 4480K
}
Event: 9.012 GC heap before
{Heap before GC invocations=93 (full 7):
 def new generation   total 198848K, used 198848K [0x03e00000, 0x115c0000, 0x19350000)
  eden space 176768K, 100% used [0x03e00000, 0x0eaa0000, 0x0eaa0000)
  from space 22080K, 100% used [0x0eaa0000, 0x10030000, 0x10030000)
  to   space 22080K,   0% used [0x10030000, 0x10030000, 0x115c0000)
 tenured generation   total 441688K, used 358054K [0x19350000, 0x342a6000, 0x43e00000)
   the space 441688K,  81% used [0x19350000, 0x2f0f9900, 0x2f0f9a00, 0x342a6000)
 Metaspace       used 3546K, capacity 3598K, committed 3648K, reserved 4480K
Event: 9.131 GC heap after
Heap after GC invocations=94 (full 7):
 def new generation   total 198848K, used 22079K [0x03e00000, 0x115c0000, 0x19350000)
  eden space 176768K,   0% used [0x03e00000, 0x03e00000, 0x0eaa0000)
  from space 22080K,  99% used [0x10030000, 0x115bfff8, 0x115c0000)
  to   space 22080K,   0% used [0x0eaa0000, 0x0eaa0000, 0x10030000)
 tenured generation   total 441688K, used 384098K [0x19350000, 0x342a6000, 0x43e00000)
   the space 441688K,  86% used [0x19350000, 0x30a68ac8, 0x30a68c00, 0x342a6000)
 Metaspace       used 3546K, capacity 3598K, committed 3648K, reserved 4480K
}
Event: 9.425 GC heap before
{Heap before GC invocations=94 (full 7):
 def new generation   total 198848K, used 198847K [0x03e00000, 0x115c0000, 0x19350000)
  eden space 176768K, 100% used [0x03e00000, 0x0eaa0000, 0x0eaa0000)
  from space 22080K,  99% used [0x10030000, 0x115bfff8, 0x115c0000)
  to   space 22080K,   0% used [0x0eaa0000, 0x0eaa0000, 0x10030000)
 tenured generation   total 441688K, used 384098K [0x19350000, 0x342a6000, 0x43e00000)
   the space 441688K,  86% used [0x19350000, 0x30a68ac8, 0x30a68c00, 0x342a6000)
 Metaspace       used 3546K, capacity 3598K, committed 3648K, reserved 4480K
Event: 9.536 GC heap after
Heap after GC invocations=95 (full 7):
 def new generation   total 198848K, used 22079K [0x03e00000, 0x115c0000, 0x19350000)
  eden space 176768K,   0% used [0x03e00000, 0x03e00000, 0x0eaa0000)
  from space 22080K,  99% used [0x0eaa0000, 0x1002fff8, 0x10030000)
  to   space 22080K,   0% used [0x10030000, 0x10030000, 0x115c0000)
 tenured generation   total 441688K, used 409603K [0x19350000, 0x342a6000, 0x43e00000)
   the space 441688K,  92% used [0x19350000, 0x32350e98, 0x32351000, 0x342a6000)
 Metaspace       used 3546K, capacity 3598K, committed 3648K, reserved 4480K
}
Event: 9.811 GC heap before
{Heap before GC invocations=95 (full 7):
 def new generation   total 198848K, used 198847K [0x03e00000, 0x115c0000, 0x19350000)
  eden space 176768K, 100% used [0x03e00000, 0x0eaa0000, 0x0eaa0000)
  from space 22080K,  99% used [0x0eaa0000, 0x1002fff8, 0x10030000)
  to   space 22080K,   0% used [0x10030000, 0x10030000, 0x115c0000)
 tenured generation   total 441688K, used 409603K [0x19350000, 0x342a6000, 0x43e00000)
   the space 441688K,  92% used [0x19350000, 0x32350e98, 0x32351000, 0x342a6000)
 Metaspace       used 3546K, capacity 3598K, committed 3648K, reserved 4480K
Event: 9.924 GC heap after
Heap after GC invocations=96 (full 7):
 def new generation   total 198848K, used 22079K [0x03e00000, 0x115c0000, 0x19350000)
  eden space 176768K,   0% used [0x03e00000, 0x03e00000, 0x0eaa0000)
  from space 22080K,  99% used [0x10030000, 0x115bfff8, 0x115c0000)
  to   space 22080K,   0% used [0x0eaa0000, 0x0eaa0000, 0x10030000)
 tenured generation   total 441688K, used 433077K [0x19350000, 0x342a6000, 0x43e00000)
   the space 441688K,  98% used [0x19350000, 0x33a3d690, 0x33a3d800, 0x342a6000)
 Metaspace       used 3546K, capacity 3598K, committed 3648K, reserved 4480K
}
Event: 10.217 GC heap before
{Heap before GC invocations=96 (full 7):
 def new generation   total 198848K, used 198847K [0x03e00000, 0x115c0000, 0x19350000)
  eden space 176768K, 100% used [0x03e00000, 0x0eaa0000, 0x0eaa0000)
  from space 22080K,  99% used [0x10030000, 0x115bfff8, 0x115c0000)
  to   space 22080K,   0% used [0x0eaa0000, 0x0eaa0000, 0x10030000)
 tenured generation   total 441688K, used 433077K [0x19350000, 0x342a6000, 0x43e00000)
   the space 441688K,  98% used [0x19350000, 0x33a3d690, 0x33a3d800, 0x342a6000)
 Metaspace       used 3546K, capacity 3598K, committed 3648K, reserved 4480K

Deoptimization events (0 events):
No events

Internal exceptions (5 events):
Event: 0.034 Thread 0x001ebc00 Exception <a 'java/lang/NoSuchMethodError': Method sun.misc.Unsafe.defineClass(Ljava/lang/String;[BII)Ljava/lang/Class; name or signature does not match> (0x03e06ea8) thrown at [C:\re\workspace\8-2-build-windows-i586-cygwin\jdk8u101\7261\hotspot\src\share\jqX#’¡?
Event: 0.034 Thread 0x001ebc00 Exception <a 'java/lang/NoSuchMethodError': Method sun.misc.Unsafe.prefetchRead(Ljava/lang/Object;J)V name or signature does not match> (0x03e07178) thrown at [C:\re\workspace\8-2-build-windows-i586-cygwin\jdk8u101\7261\hotspot\src\share\vm\prims\jni.cpp, :~@È9½ë?
Event: 0.867 Thread 0x44653000 Exception <a 'java/lang/ArrayIndexOutOfBoundsException': 18> (0x0449a388) thrown at [C:\re\workspace\8-2-build-windows-i586-cygwin\jdk8u101\7261\hotspot\src\share\vm\interpreter\interpreterRuntime.cpp, line 366]
Event: 0.867 Thread 0x44653000 Exception <a 'java/lang/ArrayIndexOutOfBoundsException': 145> (0x044f1b40) thrown at [C:\re\workspace\8-2-build-windows-i586-cygwin\jdk8u101\7261\hotspot\src\share\vm\interpreter\interpreterRuntime.cpp, line 366]
Event: 0.868 Thread 0x44653000 Exception <a 'java/lang/ArrayIndexOutOfBoundsException': 40> (0x044f2c20) thrown at [C:\re\workspace\8-2-build-windows-i586-cygwin\jdk8u101\7261\hotspot\src\share\vm\interpreter\interpreterRuntime.cpp, line 366]

Events (10 events):
Event: 8.336 Executing VM operation: GenCollectForAllocation done
Event: 8.614 Executing VM operation: GenCollectForAllocation
Event: 8.732 Executing VM operation: GenCollectForAllocation done
Event: 9.012 Executing VM operation: GenCollectForAllocation
Event: 9.131 Executing VM operation: GenCollectForAllocation done
Event: 9.425 Executing VM operation: GenCollectForAllocation
Event: 9.536 Executing VM operation: GenCollectForAllocation done
Event: 9.811 Executing VM operation: GenCollectForAllocation
Event: 9.924 Executing VM operation: GenCollectForAllocation done
Event: 10.217 Executing VM operation: GenCollectForAllocation


Dynamic libraries:
0x01070000 - 0x010a3000 	C:\Program Files\Java\jdk1.8.0_101\bin\java.exe
0x76f00000 - 0x7703c000 	C:\Windows\SYSTEM32\ntdll.dll
0x755f0000 - 0x756c4000 	C:\Windows\system32\kernel32.dll
0x751f0000 - 0x7523a000 	C:\Windows\system32\KERNELBASE.dll
0x753a0000 - 0x75440000 	C:\Windows\system32\ADVAPI32.dll
0x76520000 - 0x765cc000 	C:\Windows\system32\msvcrt.dll
0x75370000 - 0x75389000 	C:\Windows\SYSTEM32\sechost.dll
0x76470000 - 0x76511000 	C:\Windows\system32\RPCRT4.dll
0x756d0000 - 0x75799000 	C:\Windows\system32\USER32.dll
0x770e0000 - 0x7712e000 	C:\Windows\system32\GDI32.dll
0x75390000 - 0x7539a000 	C:\Windows\system32\LPK.dll
0x76b50000 - 0x76bed000 	C:\Windows\system32\USP10.dll
0x73dc0000 - 0x73f5e000 	C:\Windows\WinSxS\x86_microsoft.windows.common-controls_6595b64144ccf1df_6.0.7600.16385_none_421189da2b7fabfc\COMCTL32.dll
0x76af0000 - 0x76b47000 	C:\Windows\system32\SHLWAPI.dll
0x77040000 - 0x7705f000 	C:\Windows\system32\IMM32.DLL
0x76d30000 - 0x76dfc000 	C:\Windows\system32\MSCTF.dll
0x64db0000 - 0x64e6f000 	C:\Program Files\Java\jdk1.8.0_101\jre\bin\msvcr100.dll
0x51770000 - 0x51b3c000 	C:\Program Files\Java\jdk1.8.0_101\jre\bin\client\jvm.dll
0x70810000 - 0x70817000 	C:\Windows\system32\WSOCK32.dll
0x75440000 - 0x75475000 	C:\Windows\system32\WS2_32.dll
0x75350000 - 0x75356000 	C:\Windows\system32\NSI.dll
0x707c0000 - 0x707f2000 	C:\Windows\system32\WINMM.dll
0x74550000 - 0x74559000 	C:\Windows\system32\VERSION.dll
0x75360000 - 0x75365000 	C:\Windows\system32\PSAPI.DLL
0x720f0000 - 0x720fc000 	C:\Program Files\Java\jdk1.8.0_101\jre\bin\verify.dll
0x72070000 - 0x72091000 	C:\Program Files\Java\jdk1.8.0_101\jre\bin\java.dll
0x720b0000 - 0x720c3000 	C:\Program Files\Java\jdk1.8.0_101\jre\bin\zip.dll
0x75820000 - 0x76469000 	C:\Windows\system32\SHELL32.dll
0x75490000 - 0x755ec000 	C:\Windows\system32\ole32.dll
0x75050000 - 0x7505b000 	C:\Windows\system32\profapi.dll
0x72db0000 - 0x72e9b000 	C:\Windows\system32\dbghelp.dll

VM Arguments:
jvm_args: -Djava.awt.headless=true -Xmx1024M -Dfile.encoding=windows-1252 -Duser.country=US -Duser.language=en -Duser.variant 
java_command: com.android.dx.command.Main --dex --num-threads=4 --multi-dex --main-dex-list E:\SandeepProjectResources\MobipugNew\Mobipug27.10.18\MobipugSource\app\build\intermediates\multi-dex\debug\maindexlist.txt --output E:\SandeepProjectResources\MobipugNew\Mobipug27.10.18\MobipugSource\app\build\intermediates\transforms\dex\debug\folders\1000\1f\main E:\SandeepProjectResources\MobipugNew\Mobipug27.10.18\MobipugSource\app\build\intermediates\transforms\jarMerging\debug\jars\1\1f\combined.jar
java_class_path (initial): C:\Users\android-4\AppData\Local\Android\Sdk\build-tools\26.0.2\lib\dx.jar
Launcher Type: SUN_STANDARD

Environment Variables:
PATH=C:\ProgramData\Oracle\Java\javapath;C:\Windows\system32;C:\Windows;C:\Windows\System32\Wbem;C:\Windows\System32\WindowsPowerShell\v1.0\;C:\Program Files\Intel\OpenCL SDK\2.0\bin\x86;C:\Program Files\Skype\Phone\
USERNAME=android-4
OS=Windows_NT
PROCESSOR_IDENTIFIER=x86 Family 6 Model 42 Stepping 7, GenuineIntel



---------------  S Y S T E M  ---------------

OS: Windows 7 Build 7600 (6.1.7600.16385)

CPU:total 4 (2 cores per cpu, 2 threads per core) family 6 model 42 stepping 7, cmov, cx8, fxsr, mmx, sse, sse2, sse3, ssse3, sse4.1, sse4.2, popcnt, clmul, ht, tsc, tscinvbit

Memory: 4k page, physical 3578328k(644012k free), swap 24056564k(19583244k free)

vm_info: Java HotSpot(TM) Client VM (25.101-b13) for windows-x86 JRE (1.8.0_101-b13), built on Jun 22 2016 00:45:44 by "java_re" with MS VC++ 10.0 (VS2010)

time: Sat Nov 10 17:48:37 2018
elapsed time: 10 seconds (0d 0h 0m 10s)

