#
# A fatal error has been detected by the Java Runtime Environment:
#
#  EXCEPTION_ACCESS_VIOLATION (0xc0000005) at pc=0x504d4da9, pid=1420, tid=0x000003a0
#
# JRE version: Java(TM) SE Runtime Environment (8.0_101-b13) (build 1.8.0_101-b13)
# Java VM: Java HotSpot(TM) Client VM (25.101-b13 mixed mode windows-x86 )
# Problematic frame:
# V  [jvm.dll+0x1b4da9]
#
# Failed to write core dump. Minidumps are not enabled by default on client versions of Windows
#
# If you would like to submit a bug report, please visit:
#   http://bugreport.java.com/bugreport/crash.jsp
#

---------------  T H R E A D  ---------------

Current thread (0x443ea800):  VMThread [stack: 0x03b80000,0x03bd0000] [id=928]

siginfo: ExceptionCode=0xc0000005, reading address 0x00000089

Registers:
EAX=0x3c0540d8, EBX=0x00000003, ECX=0x43f702a8, EDX=0x00000001
ESP=0x03bcf0a0, EBP=0x03bcf0b8, ESI=0x00000000, EDI=0x3c0540d8
EIP=0x504d4da9, EFLAGS=0x00010246

Top of Stack: (sp=0x03bcf0a0)
0x03bcf0a0:   3c0540d8 506894cc 44e370b8 44e370c0
0x03bcf0b0:   506894cc 00000200 03bcf0c4 504d4fac
0x03bcf0c0:   00000003 03bcf0e0 5047883a 44e370b8
0x03bcf0d0:   45057400 506894cc 00000000 44d10338
0x03bcf0e0:   03bcf2c8 50499eef 506894cc 00000002
0x03bcf0f0:   45057400 00000000 00000000 00000000
0x03bcf100:   00000000 03bcf354 03bcf17c 00000012
0x03bcf110:   03bcf340 506894f0 03bcf3c4 ffffffff 

Instructions: (pc=0x504d4da9)
0x504d4d89:   23 f0 29 35 50 94 68 50 a3 4c 94 68 50 8b c7 eb
0x504d4d99:   09 48 a3 4c 94 68 50 8b 04 81 8b 48 04 8b 11 50
0x504d4da9:   8b 82 88 00 00 00 ff d0 8b 0d 58 94 68 50 85 c9
0x504d4db9:   0f 85 51 ff ff ff a1 7c 94 68 50 85 c0 0f 84 b8 


Register to memory mapping:

EAX=
[error occurred during error reporting (printing register info), id 0xc0000005]

Stack: [0x03b80000,0x03bd0000],  sp=0x03bcf0a0,  free space=316k
Native frames: (J=compiled Java code, j=interpreted, Vv=VM code, C=native code)
V  [jvm.dll+0x1b4da9]
V  [jvm.dll+0x1b4fac]
V  [jvm.dll+0x15883a]
V  [jvm.dll+0x179eef]
V  [jvm.dll+0x1789ea]
V  [jvm.dll+0x97fb0]
V  [jvm.dll+0x992a1]
V  [jvm.dll+0x9b020]
V  [jvm.dll+0x9b489]
V  [jvm.dll+0x9a27f]
V  [jvm.dll+0xa64b2]
V  [jvm.dll+0x98e73]
V  [jvm.dll+0x92e25]
V  [jvm.dll+0x1b81c6]
V  [jvm.dll+0x18292b]
V  [jvm.dll+0x181d31]
V  [jvm.dll+0x182147]
V  [jvm.dll+0x182342]
V  [jvm.dll+0x1c1ed6]
C  [msvcr100.dll+0x5c556]
C  [msvcr100.dll+0x5c600]
C  [kernel32.dll+0x51174]
C  [ntdll.dll+0x5b3f5]
C  [ntdll.dll+0x5b3c8]

VM_Operation (0x44aeec14): GenCollectForAllocation, mode: safepoint, requested by thread 0x445b9800


---------------  P R O C E S S  ---------------

Java Threads: ( => current thread )
  0x45057400 JavaThread "pool-1-thread-1" [_thread_blocked, id=4656, stack(0x46880000,0x468d0000)]
  0x445bcc00 JavaThread "pool-2-thread-4" [_thread_blocked, id=5208, stack(0x44c40000,0x44c90000)]
  0x445b9800 JavaThread "pool-2-thread-3" [_thread_blocked, id=5992, stack(0x44aa0000,0x44af0000)]
  0x44593400 JavaThread "pool-2-thread-2" [_thread_blocked, id=4432, stack(0x44a10000,0x44a60000)]
  0x44592400 JavaThread "pool-3-thread-1" [_thread_blocked, id=5084, stack(0x44780000,0x447d0000)]
  0x4458d400 JavaThread "pool-2-thread-1" [_thread_blocked, id=4964, stack(0x44980000,0x449d0000)]
  0x4444c000 JavaThread "Service Thread" daemon [_thread_blocked, id=5560, stack(0x44920000,0x44970000)]
  0x4443a000 JavaThread "C1 CompilerThread0" daemon [_thread_blocked, id=4228, stack(0x447e0000,0x44830000)]
  0x44439000 JavaThread "Attach Listener" daemon [_thread_blocked, id=3108, stack(0x448c0000,0x44910000)]
  0x44436000 JavaThread "Signal Dispatcher" daemon [_thread_blocked, id=2376, stack(0x01360000,0x013b0000)]
  0x44416c00 JavaThread "Finalizer" daemon [_thread_blocked, id=3328, stack(0x446c0000,0x44710000)]
  0x443f0400 JavaThread "Reference Handler" daemon [_thread_blocked, id=5684, stack(0x03b20000,0x03b70000)]
  0x012cbc00 JavaThread "main" [_thread_blocked, id=4516, stack(0x01120000,0x01170000)]

Other Threads:
=>0x443ea800 VMThread [stack: 0x03b80000,0x03bd0000] [id=928]
  0x4445cc00 WatcherThread [stack: 0x44830000,0x44880000] [id=2976]

VM state:at safepoint (normal execution)

VM Mutex/Monitor currently owned by a thread:  ([mutex/lock_event])
[0x012ca230] Threads_lock - owner thread: 0x443ea800
[0x012ca640] Heap_lock - owner thread: 0x445b9800

Heap:
 def new generation   total 314560K, used 314560K [0x03c00000, 0x19150000, 0x19150000)
  eden space 279616K, 100% used [0x03c00000, 0x14d10000, 0x14d10000)
  from space 34944K, 100% used [0x14d10000, 0x16f30000, 0x16f30000)
  to   space 34944K,   0% used [0x16f30000, 0x16f30000, 0x19150000)
 tenured generation   total 699072K, used 699071K [0x19150000, 0x43c00000, 0x43c00000)
   the space 699072K,  99% used [0x19150000, 0x43bffff8, 0x43c00000, 0x43c00000)
 Metaspace       used 3575K, capacity 3598K, committed 3648K, reserved 4480K

Card table byte_map: [0x43c00000,0x43e10000] byte_map_base: 0x43be2000

Polling page: 0x002a0000

CodeCache: size=32768Kb used=3752Kb max_used=3752Kb free=29015Kb
 bounds [0x01ac0000, 0x01e70000, 0x03ac0000]
 total_blobs=1977 nmethods=1830 adapters=77
 compilation: enabled

Compilation events (10 events):
Event: 29.235 Thread 0x4443a000 1842             com.android.dx.dex.file.AnnotationsDirectoryItem::addContents (160 bytes)
Event: 29.236 Thread 0x4443a000 nmethod 1842 0x01e68dc8 code [0x01e68f80, 0x01e694c8]
Event: 29.237 Thread 0x4443a000 1843             com.android.dx.dex.file.AnnotationsDirectoryItem::itemType (4 bytes)
Event: 29.237 Thread 0x4443a000 nmethod 1843 0x01e69c88 code [0x01e69d80, 0x01e69e00]
Event: 29.263 Thread 0x4443a000 1844             java.lang.Enum::compareTo (44 bytes)
Event: 29.264 Thread 0x4443a000 nmethod 1844 0x01e69e48 code [0x01e69f70, 0x01e6a104]
Event: 29.267 Thread 0x4443a000 1845             com.android.dx.dex.file.AnnotationSetItem::compareTo0 (17 bytes)
Event: 29.268 Thread 0x4443a000 nmethod 1845 0x01e6a288 code [0x01e6a390, 0x01e6a45c]
Event: 29.293 Thread 0x4443a000 1846             com.android.dx.rop.cst.CstArray::compareTo0 (15 bytes)
Event: 29.293 Thread 0x4443a000 nmethod 1846 0x01e6a548 code [0x01e6a650, 0x01e6a71c]

GC Heap History (10 events):
Event: 18.678 GC heap after
Heap after GC invocations=103 (full 8):
 def new generation   total 314560K, used 34943K [0x03c00000, 0x19150000, 0x19150000)
  eden space 279616K,   0% used [0x03c00000, 0x03c00000, 0x14d10000)
  from space 34944K,  99% used [0x14d10000, 0x16f2fff8, 0x16f30000)
  to   space 34944K,   0% used [0x16f30000, 0x16f30000, 0x19150000)
 tenured generation   total 699072K, used 673084K [0x19150000, 0x43c00000, 0x43c00000)
   the space 699072K,  96% used [0x19150000, 0x4229f098, 0x4229f200, 0x43c00000)
 Metaspace       used 3557K, capacity 3598K, committed 3648K, reserved 4480K
}
Event: 20.208 GC heap before
{Heap before GC invocations=103 (full 8):
 def new generation   total 314560K, used 314559K [0x03c00000, 0x19150000, 0x19150000)
  eden space 279616K, 100% used [0x03c00000, 0x14d10000, 0x14d10000)
  from space 34944K,  99% used [0x14d10000, 0x16f2fff8, 0x16f30000)
  to   space 34944K,   0% used [0x16f30000, 0x16f30000, 0x19150000)
 tenured generation   total 699072K, used 673084K [0x19150000, 0x43c00000, 0x43c00000)
   the space 699072K,  96% used [0x19150000, 0x4229f098, 0x4229f200, 0x43c00000)
 Metaspace       used 3557K, capacity 3598K, committed 3648K, reserved 4480K
Event: 21.734 GC heap after
Heap after GC invocations=104 (full 9):
 def new generation   total 314560K, used 0K [0x03c00000, 0x19150000, 0x19150000)
  eden space 279616K,   0% used [0x03c00000, 0x03c00000, 0x14d10000)
  from space 34944K,   0% used [0x14d10000, 0x14d10000, 0x16f30000)
  to   space 34944K,   0% used [0x16f30000, 0x16f30000, 0x19150000)
 tenured generation   total 699072K, used 666237K [0x19150000, 0x43c00000, 0x43c00000)
   the space 699072K,  95% used [0x19150000, 0x41bef560, 0x41bef600, 0x43c00000)
 Metaspace       used 3557K, capacity 3598K, committed 3648K, reserved 4480K
}
Event: 22.431 GC heap before
{Heap before GC invocations=104 (full 9):
 def new generation   total 314560K, used 279616K [0x03c00000, 0x19150000, 0x19150000)
  eden space 279616K, 100% used [0x03c00000, 0x14d10000, 0x14d10000)
  from space 34944K,   0% used [0x14d10000, 0x14d10000, 0x16f30000)
  to   space 34944K,   0% used [0x16f30000, 0x16f30000, 0x19150000)
 tenured generation   total 699072K, used 666237K [0x19150000, 0x43c00000, 0x43c00000)
   the space 699072K,  95% used [0x19150000, 0x41bef560, 0x41bef600, 0x43c00000)
 Metaspace       used 3557K, capacity 3598K, committed 3648K, reserved 4480K
Event: 23.902 GC heap after
Heap after GC invocations=105 (full 10):
 def new generation   total 314560K, used 0K [0x03c00000, 0x19150000, 0x19150000)
  eden space 279616K,   0% used [0x03c00000, 0x03c00000, 0x14d10000)
  from space 34944K,   0% used [0x14d10000, 0x14d10000, 0x16f30000)
  to   space 34944K,   0% used [0x16f30000, 0x16f30000, 0x19150000)
 tenured generation   total 699072K, used 685678K [0x19150000, 0x43c00000, 0x43c00000)
   the space 699072K,  98% used [0x19150000, 0x42eeb830, 0x42eeba00, 0x43c00000)
 Metaspace       used 3557K, capacity 3598K, committed 3648K, reserved 4480K
}
Event: 24.394 GC heap before
{Heap before GC invocations=105 (full 10):
 def new generation   total 314560K, used 279616K [0x03c00000, 0x19150000, 0x19150000)
  eden space 279616K, 100% used [0x03c00000, 0x14d10000, 0x14d10000)
  from space 34944K,   0% used [0x14d10000, 0x14d10000, 0x16f30000)
  to   space 34944K,   0% used [0x16f30000, 0x16f30000, 0x19150000)
 tenured generation   total 699072K, used 685678K [0x19150000, 0x43c00000, 0x43c00000)
   the space 699072K,  98% used [0x19150000, 0x42eeb830, 0x42eeba00, 0x43c00000)
 Metaspace       used 3557K, capacity 3598K, committed 3648K, reserved 4480K
Event: 26.017 GC heap after
Heap after GC invocations=106 (full 11):
 def new generation   total 314560K, used 0K [0x03c00000, 0x19150000, 0x19150000)
  eden space 279616K,   0% used [0x03c00000, 0x03c00000, 0x14d10000)
  from space 34944K,   0% used [0x14d10000, 0x14d10000, 0x16f30000)
  to   space 34944K,   0% used [0x16f30000, 0x16f30000, 0x19150000)
 tenured generation   total 699072K, used 696115K [0x19150000, 0x43c00000, 0x43c00000)
   the space 699072K,  99% used [0x19150000, 0x4391cd40, 0x4391ce00, 0x43c00000)
 Metaspace       used 3557K, capacity 3598K, committed 3648K, reserved 4480K
}
Event: 26.512 GC heap before
{Heap before GC invocations=106 (full 11):
 def new generation   total 314560K, used 279616K [0x03c00000, 0x19150000, 0x19150000)
  eden space 279616K, 100% used [0x03c00000, 0x14d10000, 0x14d10000)
  from space 34944K,   0% used [0x14d10000, 0x14d10000, 0x16f30000)
  to   space 34944K,   0% used [0x16f30000, 0x16f30000, 0x19150000)
 tenured generation   total 699072K, used 696115K [0x19150000, 0x43c00000, 0x43c00000)
   the space 699072K,  99% used [0x19150000, 0x4391cd40, 0x4391ce00, 0x43c00000)
 Metaspace       used 3557K, capacity 3598K, committed 3648K, reserved 4480K
Event: 28.590 GC heap after
Heap after GC invocations=107 (full 12):
 def new generation   total 314560K, used 1791K [0x03c00000, 0x19150000, 0x19150000)
  eden space 279616K,   0% used [0x03c00000, 0x03dbff80, 0x14d10000)
  from space 34944K,   0% used [0x14d10000, 0x14d10000, 0x16f30000)
  to   space 34944K,   0% used [0x16f30000, 0x16f30000, 0x19150000)
 tenured generation   total 699072K, used 699071K [0x19150000, 0x43c00000, 0x43c00000)
   the space 699072K,  99% used [0x19150000, 0x43bffff8, 0x43c00000, 0x43c00000)
 Metaspace       used 3557K, capacity 3598K, committed 3648K, reserved 4480K
}
Event: 29.416 GC heap before
{Heap before GC invocations=107 (full 12):
 def new generation   total 314560K, used 314560K [0x03c00000, 0x19150000, 0x19150000)
  eden space 279616K, 100% used [0x03c00000, 0x14d10000, 0x14d10000)
  from space 34944K, 100% used [0x14d10000, 0x16f30000, 0x16f30000)
  to   space 34944K,   0% used [0x16f30000, 0x16f30000, 0x19150000)
 tenured generation   total 699072K, used 699071K [0x19150000, 0x43c00000, 0x43c00000)
   the space 699072K,  99% used [0x19150000, 0x43bffff8, 0x43c00000, 0x43c00000)
 Metaspace       used 3575K, capacity 3598K, committed 3648K, reserved 4480K

Deoptimization events (0 events):
No events

Internal exceptions (5 events):
Event: 0.023 Thread 0x012cbc00 Exception <a 'java/lang/NoSuchMethodError': Method sun.misc.Unsafe.defineClass(Ljava/lang/String;[BII)Ljava/lang/Class; name or signature does not match> (0x03c06ea8) thrown at [C:\re\workspace\8-2-build-windows-i586-cygwin\jdk8u101\7261\hotspot\src\share\£,þ±²—?
Event: 0.023 Thread 0x012cbc00 Exception <a 'java/lang/NoSuchMethodError': Method sun.misc.Unsafe.prefetchRead(Ljava/lang/Object;J)V name or signature does not match> (0x03c07178) thrown at [C:\re\workspace\8-2-build-windows-i586-cygwin\jdk8u101\7261\hotspot\src\share\vm\prims\jni.cpp, ÿàç­-]ì?
Event: 0.886 Thread 0x44593400 Exception <a 'java/lang/ArrayIndexOutOfBoundsException': 18> (0x03f02660) thrown at [C:\re\workspace\8-2-build-windows-i586-cygwin\jdk8u101\7261\hotspot\src\share\vm\interpreter\interpreterRuntime.cpp, line 366]
Event: 0.887 Thread 0x44593400 Exception <a 'java/lang/ArrayIndexOutOfBoundsException': 145> (0x03f03f00) thrown at [C:\re\workspace\8-2-build-windows-i586-cygwin\jdk8u101\7261\hotspot\src\share\vm\interpreter\interpreterRuntime.cpp, line 366]
Event: 0.887 Thread 0x44593400 Exception <a 'java/lang/ArrayIndexOutOfBoundsException': 40> (0x03f04fe0) thrown at [C:\re\workspace\8-2-build-windows-i586-cygwin\jdk8u101\7261\hotspot\src\share\vm\interpreter\interpreterRuntime.cpp, line 366]

Events (10 events):
Event: 28.827 Executing VM operation: RevokeBias done
Event: 28.827 Thread 0x4443a000 flushing nmethod 0x01d26c48
Event: 28.830 Thread 0x4443a000 flushing nmethod 0x01dafb08
Event: 28.868 loading class com/android/dx/rop/cst/Zeroes
Event: 28.868 loading class com/android/dx/rop/cst/Zeroes done
Event: 28.880 Executing VM operation: RevokeBias
Event: 28.880 Executing VM operation: RevokeBias done
Event: 28.890 Thread 0x4443a000 flushing nmethod 0x01c063c8
Event: 28.892 Thread 0x4443a000 flushing nmethod 0x01e42ec8
Event: 29.416 Executing VM operation: GenCollectForAllocation


Dynamic libraries:
0x013b0000 - 0x013e3000 	C:\Program Files\Java\jdk1.8.0_101\bin\java.exe
0x77b90000 - 0x77ccc000 	C:\Windows\SYSTEM32\ntdll.dll
0x760c0000 - 0x76194000 	C:\Windows\system32\kernel32.dll
0x75d60000 - 0x75daa000 	C:\Windows\system32\KERNELBASE.dll
0x76440000 - 0x764e0000 	C:\Windows\system32\ADVAPI32.dll
0x76870000 - 0x7691c000 	C:\Windows\system32\msvcrt.dll
0x77940000 - 0x77959000 	C:\Windows\SYSTEM32\sechost.dll
0x76270000 - 0x76311000 	C:\Windows\system32\RPCRT4.dll
0x77960000 - 0x77a29000 	C:\Windows\system32\USER32.dll
0x75fe0000 - 0x7602e000 	C:\Windows\system32\GDI32.dll
0x76920000 - 0x7692a000 	C:\Windows\system32\LPK.dll
0x761d0000 - 0x7626d000 	C:\Windows\system32\USP10.dll
0x749f0000 - 0x74b8e000 	C:\Windows\WinSxS\x86_microsoft.windows.common-controls_6595b64144ccf1df_6.0.7600.16385_none_421189da2b7fabfc\COMCTL32.dll
0x76730000 - 0x76787000 	C:\Windows\system32\SHLWAPI.dll
0x76320000 - 0x7633f000 	C:\Windows\system32\IMM32.DLL
0x76790000 - 0x7685c000 	C:\Windows\system32\MSCTF.dll
0x69820000 - 0x698df000 	C:\Program Files\Java\jdk1.8.0_101\jre\bin\msvcr100.dll
0x50320000 - 0x506ec000 	C:\Program Files\Java\jdk1.8.0_101\jre\bin\client\jvm.dll
0x71290000 - 0x71297000 	C:\Windows\system32\WSOCK32.dll
0x77cd0000 - 0x77d05000 	C:\Windows\system32\WS2_32.dll
0x76860000 - 0x76866000 	C:\Windows\system32\NSI.dll
0x71490000 - 0x714c2000 	C:\Windows\system32\WINMM.dll
0x75020000 - 0x75029000 	C:\Windows\system32\VERSION.dll
0x77da0000 - 0x77da5000 	C:\Windows\system32\PSAPI.DLL
0x62550000 - 0x6255c000 	C:\Program Files\Java\jdk1.8.0_101\jre\bin\verify.dll
0x62520000 - 0x62541000 	C:\Program Files\Java\jdk1.8.0_101\jre\bin\java.dll
0x62500000 - 0x62513000 	C:\Program Files\Java\jdk1.8.0_101\jre\bin\zip.dll
0x76a70000 - 0x776b9000 	C:\Windows\system32\SHELL32.dll
0x77a30000 - 0x77b8c000 	C:\Windows\system32\ole32.dll
0x75ce0000 - 0x75ceb000 	C:\Windows\system32\profapi.dll
0x739f0000 - 0x73adb000 	C:\Windows\system32\dbghelp.dll

VM Arguments:
jvm_args: -Djava.awt.headless=true -Xmx1024M -Dfile.encoding=windows-1252 -Duser.country=US -Duser.language=en -Duser.variant 
java_command: com.android.dx.command.Main --dex --num-threads=4 --multi-dex --main-dex-list E:\SandeepProjectResources\MobipugNew\Mobipug27.10.18\MobipugSource\app\build\intermediates\multi-dex\debug\maindexlist.txt --output E:\SandeepProjectResources\MobipugNew\Mobipug27.10.18\MobipugSource\app\build\intermediates\transforms\dex\debug\folders\1000\1f\main E:\SandeepProjectResources\MobipugNew\Mobipug27.10.18\MobipugSource\app\build\intermediates\transforms\jarMerging\debug\jars\1\1f\combined.jar
java_class_path (initial): C:\Users\android-4\AppData\Local\Android\Sdk\build-tools\26.0.2\lib\dx.jar
Launcher Type: SUN_STANDARD

Environment Variables:
PATH=C:\ProgramData\Oracle\Java\javapath;C:\Windows\system32;C:\Windows;C:\Windows\System32\Wbem;C:\Windows\System32\WindowsPowerShell\v1.0\;C:\Program Files\Intel\OpenCL SDK\2.0\bin\x86;C:\Program Files\Skype\Phone\
USERNAME=android-4
OS=Windows_NT
PROCESSOR_IDENTIFIER=x86 Family 6 Model 42 Stepping 7, GenuineIntel



---------------  S Y S T E M  ---------------

OS: Windows 7 Build 7600 (6.1.7600.16385)

CPU:total 4 (2 cores per cpu, 2 threads per core) family 6 model 42 stepping 7, cmov, cx8, fxsr, mmx, sse, sse2, sse3, ssse3, sse4.1, sse4.2, popcnt, clmul, ht, tsc, tscinvbit

Memory: 4k page, physical 3578328k(237956k free), swap 24056564k(19539376k free)

vm_info: Java HotSpot(TM) Client VM (25.101-b13) for windows-x86 JRE (1.8.0_101-b13), built on Jun 22 2016 00:45:44 by "java_re" with MS VC++ 10.0 (VS2010)

time: Thu Nov 08 12:51:37 2018
elapsed time: 30 seconds (0d 0h 0m 30s)

