#
# A fatal error has been detected by the Java Runtime Environment:
#
#  EXCEPTION_ACCESS_VIOLATION (0xc0000005) at pc=0x5c9efa77, pid=4632, tid=0x000012b4
#
# JRE version: Java(TM) SE Runtime Environment (8.0_101-b13) (build 1.8.0_101-b13)
# Java VM: Java HotSpot(TM) Client VM (25.101-b13 mixed mode windows-x86 )
# Problematic frame:
# V  [jvm.dll+0xbfa77]
#
# Failed to write core dump. Minidumps are not enabled by default on client versions of Windows
#
# If you would like to submit a bug report, please visit:
#   http://bugreport.java.com/bugreport/crash.jsp
#

---------------  T H R E A D  ---------------

Current thread (0x443ea800):  VMThread [stack: 0x44660000,0x446b0000] [id=4788]

siginfo: ExceptionCode=0xc0000005, reading address 0x00000061

Registers:
EAX=0x00000000, EBX=0x2d6f76ac, ECX=0x00000000, EDX=0x00000001
ESP=0x446af4d8, EBP=0x446af4f8, ESI=0x2d6f76b0, EDI=0x2f64696c
EIP=0x5c9efa77, EFLAGS=0x00010293

Top of Stack: (sp=0x446af4d8)
0x446af4d8:   5cc994cc 445bfe14 445bfe10 441da0a8
0x446af4e8:   2d6f76b0 00000003 191bb040 441da0a0
0x446af4f8:   446af518 5cae4db1 2d6f76a0 5cc994cc
0x446af508:   445bfe10 445bfe14 5cc994cc 445bfe10
0x446af518:   446af524 5cae4fac 00000003 446af540
0x446af528:   5ca8883a 445bfe10 445bf800 5cc994cc
0x446af538:   00000000 445c1858 446af728 5caa9eef
0x446af548:   5cc994cc 00000001 445bf800 00000000 

Instructions: (pc=0x5c9efa77)
0x5c9efa57:   80 3d b4 84 c8 5c 00 75 0a 8b d0 80 e2 07 80 fa
0x5c9efa67:   01 eb 1b 8b c8 83 e1 07 83 f9 05 74 24 8b 57 04
0x5c9efa77:   8b 52 60 83 e2 07 80 fa 05 74 0c 83 f9 01 75 07
0x5c9efa87:   a9 80 ff ff ff 74 0a 50 57 e8 fb 4f 0f 00 83 c4 


Register to memory mapping:

EAX=0x00000000 is an unknown value
EBX=0x2d6f76ac is pointing into object: 0x2d6f76a0
com.android.dx.rop.cst.CstNat 
 - klass: 'com/android/dx/rop/cst/CstNat'
ECX=0x00000000 is an unknown value
EDX=0x00000001 is an unknown value
ESP=0x446af4d8 is an unknown value
EBP=0x446af4f8 is an unknown value
ESI=0x2d6f76b0 is an oop
[B 
 - klass: {type array byte}
 - length: 884
EDI=0x2f64696c is pointing into object: 0x2f646938
[Lcom.android.dx.rop.code.RegisterSpec; 
 - klass: 'com/android/dx/rop/code/RegisterSpec'[]
 - length: 10


Stack: [0x44660000,0x446b0000],  sp=0x446af4d8,  free space=317k
Native frames: (J=compiled Java code, j=interpreted, Vv=VM code, C=native code)
V  [jvm.dll+0xbfa77]
V  [jvm.dll+0x1b4db1]
V  [jvm.dll+0x1b4fac]
V  [jvm.dll+0x15883a]
V  [jvm.dll+0x179eef]
V  [jvm.dll+0x1789ea]
V  [jvm.dll+0x97fb0]
V  [jvm.dll+0x992a1]
V  [jvm.dll+0x9b020]
V  [jvm.dll+0x9b489]
V  [jvm.dll+0x9a27f]
V  [jvm.dll+0xa64b2]
V  [jvm.dll+0x98e73]
V  [jvm.dll+0x92e25]
V  [jvm.dll+0x1b81c6]
V  [jvm.dll+0x18292b]
V  [jvm.dll+0x181d31]
V  [jvm.dll+0x182147]
V  [jvm.dll+0x182342]
V  [jvm.dll+0x1c1ed6]
C  [msvcr100.dll+0x5c556]
C  [msvcr100.dll+0x5c600]
C  [kernel32.dll+0x51174]
C  [ntdll.dll+0x5b3f5]
C  [ntdll.dll+0x5b3c8]

VM_Operation (0x03bff0f8): GenCollectForAllocation, mode: safepoint, requested by thread 0x445bf800


---------------  P R O C E S S  ---------------

Java Threads: ( => current thread )
  0x445bf800 JavaThread "pool-2-thread-4" [_thread_blocked, id=3932, stack(0x03bb0000,0x03c00000)]
  0x445c1400 JavaThread "pool-2-thread-3" [_thread_blocked, id=4024, stack(0x44c70000,0x44cc0000)]
  0x445c3000 JavaThread "pool-2-thread-2" [_thread_blocked, id=4908, stack(0x44c10000,0x44c60000)]
  0x44595000 JavaThread "pool-3-thread-1" [_thread_blocked, id=3348, stack(0x44bc0000,0x44c10000)]
  0x4458e800 JavaThread "pool-2-thread-1" [_thread_blocked, id=5240, stack(0x00b70000,0x00bc0000)]
  0x4444cc00 JavaThread "Service Thread" daemon [_thread_blocked, id=6056, stack(0x448b0000,0x44900000)]
  0x4443a000 JavaThread "C1 CompilerThread0" daemon [_thread_blocked, id=5412, stack(0x44610000,0x44660000)]
  0x44439000 JavaThread "Attach Listener" daemon [_thread_blocked, id=812, stack(0x44980000,0x449d0000)]
  0x44436000 JavaThread "Signal Dispatcher" daemon [_thread_blocked, id=5060, stack(0x44930000,0x44980000)]
  0x44416c00 JavaThread "Finalizer" daemon [_thread_blocked, id=4404, stack(0x446d0000,0x44720000)]
  0x443f0400 JavaThread "Reference Handler" daemon [_thread_blocked, id=1512, stack(0x44760000,0x447b0000)]
  0x003cbc00 JavaThread "main" [_thread_blocked, id=2080, stack(0x01850000,0x018a0000)]

Other Threads:
=>0x443ea800 VMThread [stack: 0x44660000,0x446b0000] [id=4788]
  0x44430400 WatcherThread [stack: 0x44ac0000,0x44b10000] [id=4120]

VM state:at safepoint (normal execution)

VM Mutex/Monitor currently owned by a thread:  ([mutex/lock_event])
[0x003ca230] Threads_lock - owner thread: 0x443ea800
[0x003ca640] Heap_lock - owner thread: 0x445bf800

Heap:
 def new generation   total 314560K, used 314559K [0x03c00000, 0x19150000, 0x19150000)
  eden space 279616K, 100% used [0x03c00000, 0x14d10000, 0x14d10000)
  from space 34944K,  99% used [0x16f30000, 0x1914fff8, 0x19150000)
  to   space 34944K,   0% used [0x14d10000, 0x14d10000, 0x16f30000)
 tenured generation   total 699072K, used 629890K [0x19150000, 0x43c00000, 0x43c00000)
   the space 699072K,  90% used [0x19150000, 0x3f870af0, 0x3f870c00, 0x43c00000)
 Metaspace       used 3551K, capacity 3598K, committed 3648K, reserved 4480K

Card table byte_map: [0x43c00000,0x43e10000] byte_map_base: 0x43be2000

Polling page: 0x00140000

CodeCache: size=32768Kb used=3677Kb max_used=3677Kb free=29090Kb
 bounds [0x01b70000, 0x01f08000, 0x03b70000]
 total_blobs=1915 nmethods=1768 adapters=77
 compilation: enabled

Compilation events (10 events):
Event: 16.994 Thread 0x4443a000 1766             com.android.dx.ssa.back.RegisterAllocator::insertMoveBefore (240 bytes)
Event: 16.995 Thread 0x4443a000 nmethod 1766 0x01f030c8 code [0x01f03370, 0x01f03ebc]
Event: 17.016 Thread 0x4443a000 1767             java.util.HashMap$TreeNode::putTreeVal (314 bytes)
Event: 17.017 Thread 0x4443a000 nmethod 1767 0x01f05308 code [0x01f054a0, 0x01f0593c]
Event: 17.033 Thread 0x4443a000 1768             com.android.dx.ssa.back.FirstFitLocalCombiningAllocator::ssaSetToSpecs (57 bytes)
Event: 17.034 Thread 0x4443a000 nmethod 1768 0x01f05ec8 code [0x01f06060, 0x01f0644c]
Event: 18.827 Thread 0x4443a000 1769 %           java.lang.ref.Reference$ReferenceHandler::run @ 0 (8 bytes)
Event: 18.828 Thread 0x4443a000 nmethod 1769% 0x01f06b08 code [0x01f06c10, 0x01f06cbc]
Event: 18.829 Thread 0x4443a000 1770 % !         java.lang.ref.Finalizer$FinalizerThread::run @ 33 (55 bytes)
Event: 18.829 Thread 0x4443a000 nmethod 1770% 0x01f06d48 code [0x01f06ea0, 0x01f07254]

GC Heap History (10 events):
Event: 13.040 GC heap after
Heap after GC invocations=99 (full 8):
 def new generation   total 314560K, used 34944K [0x03c00000, 0x19150000, 0x19150000)
  eden space 279616K,   0% used [0x03c00000, 0x03c00000, 0x14d10000)
  from space 34944K, 100% used [0x14d10000, 0x16f30000, 0x16f30000)
  to   space 34944K,   0% used [0x16f30000, 0x16f30000, 0x19150000)
 tenured generation   total 699072K, used 489957K [0x19150000, 0x43c00000, 0x43c00000)
   the space 699072K,  70% used [0x19150000, 0x36fc97e0, 0x36fc9800, 0x43c00000)
 Metaspace       used 3547K, capacity 3598K, committed 3648K, reserved 4480K
}
Event: 14.780 GC heap before
{Heap before GC invocations=99 (full 8):
 def new generation   total 314560K, used 314560K [0x03c00000, 0x19150000, 0x19150000)
  eden space 279616K, 100% used [0x03c00000, 0x14d10000, 0x14d10000)
  from space 34944K, 100% used [0x14d10000, 0x16f30000, 0x16f30000)
  to   space 34944K,   0% used [0x16f30000, 0x16f30000, 0x19150000)
 tenured generation   total 699072K, used 489957K [0x19150000, 0x43c00000, 0x43c00000)
   the space 699072K,  70% used [0x19150000, 0x36fc97e0, 0x36fc9800, 0x43c00000)
 Metaspace       used 3547K, capacity 3598K, committed 3648K, reserved 4480K
Event: 15.028 GC heap after
Heap after GC invocations=100 (full 8):
 def new generation   total 314560K, used 34944K [0x03c00000, 0x19150000, 0x19150000)
  eden space 279616K,   0% used [0x03c00000, 0x03c00000, 0x14d10000)
  from space 34944K, 100% used [0x16f30000, 0x19150000, 0x19150000)
  to   space 34944K,   0% used [0x14d10000, 0x14d10000, 0x16f30000)
 tenured generation   total 699072K, used 597290K [0x19150000, 0x43c00000, 0x43c00000)
   the space 699072K,  85% used [0x19150000, 0x3d89a958, 0x3d89aa00, 0x43c00000)
 Metaspace       used 3547K, capacity 3598K, committed 3648K, reserved 4480K
}
Event: 16.369 GC heap before
{Heap before GC invocations=100 (full 8):
 def new generation   total 314560K, used 314560K [0x03c00000, 0x19150000, 0x19150000)
  eden space 279616K, 100% used [0x03c00000, 0x14d10000, 0x14d10000)
  from space 34944K, 100% used [0x16f30000, 0x19150000, 0x19150000)
  to   space 34944K,   0% used [0x14d10000, 0x14d10000, 0x16f30000)
 tenured generation   total 699072K, used 597290K [0x19150000, 0x43c00000, 0x43c00000)
   the space 699072K,  85% used [0x19150000, 0x3d89a958, 0x3d89aa00, 0x43c00000)
 Metaspace       used 3551K, capacity 3598K, committed 3648K, reserved 4480K
Event: 16.551 GC heap after
Heap after GC invocations=101 (full 8):
 def new generation   total 314560K, used 34944K [0x03c00000, 0x19150000, 0x19150000)
  eden space 279616K,   0% used [0x03c00000, 0x03c00000, 0x14d10000)
  from space 34944K, 100% used [0x14d10000, 0x16f30000, 0x16f30000)
  to   space 34944K,   0% used [0x16f30000, 0x16f30000, 0x19150000)
 tenured generation   total 699072K, used 678034K [0x19150000, 0x43c00000, 0x43c00000)
   the space 699072K,  96% used [0x19150000, 0x42774880, 0x42774a00, 0x43c00000)
 Metaspace       used 3551K, capacity 3598K, committed 3648K, reserved 4480K
}
Event: 17.336 GC heap before
{Heap before GC invocations=101 (full 8):
 def new generation   total 314560K, used 314560K [0x03c00000, 0x19150000, 0x19150000)
  eden space 279616K, 100% used [0x03c00000, 0x14d10000, 0x14d10000)
  from space 34944K, 100% used [0x14d10000, 0x16f30000, 0x16f30000)
  to   space 34944K,   0% used [0x16f30000, 0x16f30000, 0x19150000)
 tenured generation   total 699072K, used 678034K [0x19150000, 0x43c00000, 0x43c00000)
   the space 699072K,  96% used [0x19150000, 0x42774880, 0x42774a00, 0x43c00000)
 Metaspace       used 3551K, capacity 3598K, committed 3648K, reserved 4480K
Event: 18.792 GC heap after
Heap after GC invocations=102 (full 9):
 def new generation   total 314560K, used 0K [0x03c00000, 0x19150000, 0x19150000)
  eden space 279616K,   0% used [0x03c00000, 0x03c00000, 0x14d10000)
  from space 34944K,   0% used [0x14d10000, 0x14d10000, 0x16f30000)
  to   space 34944K,   0% used [0x16f30000, 0x16f30000, 0x19150000)
 tenured generation   total 699072K, used 604082K [0x19150000, 0x43c00000, 0x43c00000)
   the space 699072K,  86% used [0x19150000, 0x3df3c978, 0x3df3ca00, 0x43c00000)
 Metaspace       used 3551K, capacity 3598K, committed 3648K, reserved 4480K
}
Event: 20.104 GC heap before
{Heap before GC invocations=102 (full 9):
 def new generation   total 314560K, used 279616K [0x03c00000, 0x19150000, 0x19150000)
  eden space 279616K, 100% used [0x03c00000, 0x14d10000, 0x14d10000)
  from space 34944K,   0% used [0x14d10000, 0x14d10000, 0x16f30000)
  to   space 34944K,   0% used [0x16f30000, 0x16f30000, 0x19150000)
 tenured generation   total 699072K, used 604082K [0x19150000, 0x43c00000, 0x43c00000)
   the space 699072K,  86% used [0x19150000, 0x3df3c978, 0x3df3ca00, 0x43c00000)
 Metaspace       used 3551K, capacity 3598K, committed 3648K, reserved 4480K
Event: 20.190 GC heap after
Heap after GC invocations=103 (full 9):
 def new generation   total 314560K, used 34943K [0x03c00000, 0x19150000, 0x19150000)
  eden space 279616K,   0% used [0x03c00000, 0x03c00000, 0x14d10000)
  from space 34944K,  99% used [0x16f30000, 0x1914fff8, 0x19150000)
  to   space 34944K,   0% used [0x14d10000, 0x14d10000, 0x16f30000)
 tenured generation   total 699072K, used 629890K [0x19150000, 0x43c00000, 0x43c00000)
   the space 699072K,  90% used [0x19150000, 0x3f870af0, 0x3f870c00, 0x43c00000)
 Metaspace       used 3551K, capacity 3598K, committed 3648K, reserved 4480K
}
Event: 21.036 GC heap before
{Heap before GC invocations=103 (full 9):
 def new generation   total 314560K, used 314559K [0x03c00000, 0x19150000, 0x19150000)
  eden space 279616K, 100% used [0x03c00000, 0x14d10000, 0x14d10000)
  from space 34944K,  99% used [0x16f30000, 0x1914fff8, 0x19150000)
  to   space 34944K,   0% used [0x14d10000, 0x14d10000, 0x16f30000)
 tenured generation   total 699072K, used 629890K [0x19150000, 0x43c00000, 0x43c00000)
   the space 699072K,  90% used [0x19150000, 0x3f870af0, 0x3f870c00, 0x43c00000)
 Metaspace       used 3551K, capacity 3598K, committed 3648K, reserved 4480K

Deoptimization events (0 events):
No events

Internal exceptions (5 events):
Event: 0.023 Thread 0x003cbc00 Exception <a 'java/lang/NoSuchMethodError': Method sun.misc.Unsafe.defineClass(Ljava/lang/String;[BII)Ljava/lang/Class; name or signature does not match> (0x03c06ea8) thrown at [C:\re\workspace\8-2-build-windows-i586-cygwin\jdk8u101\7261\hotspot\src\share\#_²–Ü—?
Event: 0.023 Thread 0x003cbc00 Exception <a 'java/lang/NoSuchMethodError': Method sun.misc.Unsafe.prefetchRead(Ljava/lang/Object;J)V name or signature does not match> (0x03c07178) thrown at [C:\re\workspace\8-2-build-windows-i586-cygwin\jdk8u101\7261\hotspot\src\share\vm\prims\jni.cpp, Tð=ÒI¡ë?
Event: 0.863 Thread 0x445bf800 Exception <a 'java/lang/ArrayIndexOutOfBoundsException': 18> (0x03e88330) thrown at [C:\re\workspace\8-2-build-windows-i586-cygwin\jdk8u101\7261\hotspot\src\share\vm\interpreter\interpreterRuntime.cpp, line 366]
Event: 0.864 Thread 0x445bf800 Exception <a 'java/lang/ArrayIndexOutOfBoundsException': 145> (0x03e89bd0) thrown at [C:\re\workspace\8-2-build-windows-i586-cygwin\jdk8u101\7261\hotspot\src\share\vm\interpreter\interpreterRuntime.cpp, line 366]
Event: 0.864 Thread 0x445bf800 Exception <a 'java/lang/ArrayIndexOutOfBoundsException': 40> (0x03e8acb0) thrown at [C:\re\workspace\8-2-build-windows-i586-cygwin\jdk8u101\7261\hotspot\src\share\vm\interpreter\interpreterRuntime.cpp, line 366]

Events (10 events):
Event: 15.079 Executing VM operation: Deoptimize done
Event: 15.079 Thread 0x445c1400 DEOPT PACKING pc=0x01eee3f8 sp=0x44cbf260
Event: 15.079 Thread 0x445c1400 DEOPT UNPACKING pc=0x01bac5db sp=0x44cbf1c8 mode 0
Event: 16.369 Executing VM operation: GenCollectForAllocation
Event: 16.551 Executing VM operation: GenCollectForAllocation done
Event: 17.336 Executing VM operation: GenCollectForAllocation
Event: 18.792 Executing VM operation: GenCollectForAllocation done
Event: 20.104 Executing VM operation: GenCollectForAllocation
Event: 20.191 Executing VM operation: GenCollectForAllocation done
Event: 21.036 Executing VM operation: GenCollectForAllocation


Dynamic libraries:
0x00bf0000 - 0x00c23000 	C:\Program Files\Java\jdk1.8.0_101\bin\java.exe
0x77380000 - 0x774bc000 	C:\Windows\SYSTEM32\ntdll.dll
0x75ab0000 - 0x75b84000 	C:\Windows\system32\kernel32.dll
0x75550000 - 0x7559a000 	C:\Windows\system32\KERNELBASE.dll
0x759f0000 - 0x75a90000 	C:\Windows\system32\ADVAPI32.dll
0x75b90000 - 0x75c3c000 	C:\Windows\system32\msvcrt.dll
0x757d0000 - 0x757e9000 	C:\Windows\SYSTEM32\sechost.dll
0x76e10000 - 0x76eb1000 	C:\Windows\system32\RPCRT4.dll
0x75dc0000 - 0x75e89000 	C:\Windows\system32\USER32.dll
0x774f0000 - 0x7753e000 	C:\Windows\system32\GDI32.dll
0x77540000 - 0x7754a000 	C:\Windows\system32\LPK.dll
0x75830000 - 0x758cd000 	C:\Windows\system32\USP10.dll
0x741e0000 - 0x7437e000 	C:\Windows\WinSxS\x86_microsoft.windows.common-controls_6595b64144ccf1df_6.0.7600.16385_none_421189da2b7fabfc\COMCTL32.dll
0x75c40000 - 0x75c97000 	C:\Windows\system32\SHLWAPI.dll
0x75a90000 - 0x75aaf000 	C:\Windows\system32\IMM32.DLL
0x75cf0000 - 0x75dbc000 	C:\Windows\system32\MSCTF.dll
0x5d020000 - 0x5d0df000 	C:\Program Files\Java\jdk1.8.0_101\jre\bin\msvcr100.dll
0x5c930000 - 0x5ccfc000 	C:\Program Files\Java\jdk1.8.0_101\jre\bin\client\jvm.dll
0x71160000 - 0x71167000 	C:\Windows\system32\WSOCK32.dll
0x757f0000 - 0x75825000 	C:\Windows\system32\WS2_32.dll
0x774e0000 - 0x774e6000 	C:\Windows\system32\NSI.dll
0x70730000 - 0x70762000 	C:\Windows\system32\WINMM.dll
0x749d0000 - 0x749d9000 	C:\Windows\system32\VERSION.dll
0x774d0000 - 0x774d5000 	C:\Windows\system32\PSAPI.DLL
0x65d80000 - 0x65d8c000 	C:\Program Files\Java\jdk1.8.0_101\jre\bin\verify.dll
0x65d50000 - 0x65d71000 	C:\Program Files\Java\jdk1.8.0_101\jre\bin\java.dll
0x65d30000 - 0x65d43000 	C:\Program Files\Java\jdk1.8.0_101\jre\bin\zip.dll
0x75f90000 - 0x76bd9000 	C:\Windows\system32\SHELL32.dll
0x76ec0000 - 0x7701c000 	C:\Windows\system32\ole32.dll
0x754d0000 - 0x754db000 	C:\Windows\system32\profapi.dll
0x73230000 - 0x7331b000 	C:\Windows\system32\dbghelp.dll

VM Arguments:
jvm_args: -Djava.awt.headless=true -Xmx1024M -Dfile.encoding=windows-1252 -Duser.country=US -Duser.language=en -Duser.variant 
java_command: com.android.dx.command.Main --dex --num-threads=4 --multi-dex --main-dex-list E:\SandeepProjectResources\MobipugNew\Mobipug27.10.18\MobipugSource\app\build\intermediates\multi-dex\debug\maindexlist.txt --output E:\SandeepProjectResources\MobipugNew\Mobipug27.10.18\MobipugSource\app\build\intermediates\transforms\dex\debug\folders\1000\1f\main E:\SandeepProjectResources\MobipugNew\Mobipug27.10.18\MobipugSource\app\build\intermediates\transforms\jarMerging\debug\jars\1\1f\combined.jar
java_class_path (initial): C:\Users\android-4\AppData\Local\Android\Sdk\build-tools\26.0.2\lib\dx.jar
Launcher Type: SUN_STANDARD

Environment Variables:
PATH=C:\ProgramData\Oracle\Java\javapath;C:\Windows\system32;C:\Windows;C:\Windows\System32\Wbem;C:\Windows\System32\WindowsPowerShell\v1.0\;C:\Program Files\Intel\OpenCL SDK\2.0\bin\x86;C:\Program Files\Skype\Phone\
USERNAME=android-4
OS=Windows_NT
PROCESSOR_IDENTIFIER=x86 Family 6 Model 42 Stepping 7, GenuineIntel



---------------  S Y S T E M  ---------------

OS: Windows 7 Build 7600 (6.1.7600.16385)

CPU:total 4 (2 cores per cpu, 2 threads per core) family 6 model 42 stepping 7, cmov, cx8, fxsr, mmx, sse, sse2, sse3, ssse3, sse4.1, sse4.2, popcnt, clmul, ht, tsc, tscinvbit

Memory: 4k page, physical 3578328k(189840k free), swap 24056564k(19349468k free)

vm_info: Java HotSpot(TM) Client VM (25.101-b13) for windows-x86 JRE (1.8.0_101-b13), built on Jun 22 2016 00:45:44 by "java_re" with MS VC++ 10.0 (VS2010)

time: Sat Nov 17 16:28:22 2018
elapsed time: 21 seconds (0d 0h 0m 21s)

