#
# A fatal error has been detected by the Java Runtime Environment:
#
#  EXCEPTION_ACCESS_VIOLATION (0xc0000005) at pc=0x51815a38, pid=3968, tid=0x00000344
#
# JRE version: Java(TM) SE Runtime Environment (8.0_101-b13) (build 1.8.0_101-b13)
# Java VM: Java HotSpot(TM) Client VM (25.101-b13 mixed mode windows-x86 )
# Problematic frame:
# V  [jvm.dll+0xa5a38]
#
# Failed to write core dump. Minidumps are not enabled by default on client versions of Windows
#
# If you would like to submit a bug report, please visit:
#   http://bugreport.java.com/bugreport/crash.jsp
#

---------------  T H R E A D  ---------------

Current thread (0x4448a800):  VMThread [stack: 0x00ff0000,0x01040000] [id=836]

siginfo: ExceptionCode=0xc0000005, reading address 0x00000004

Registers:
EAX=0x00000000, EBX=0x0103f4b4, ECX=0x00000000, EDX=0x3ffffffe
ESP=0x0103f468, EBP=0x0103f490, ESI=0x09b791c8, EDI=0x0b834e28
EIP=0x51815a38, EFLAGS=0x00010293

Top of Stack: (sp=0x0103f468)
0x0103f468:   00902660 0103f4b4 00000001 00902660
0x0103f478:   14f10000 09b76c58 09b791c8 03e54288
0x0103f488:   00000000 3e8aedb8 0103f4a4 51809ba2
0x0103f498:   0103f4b4 008ff210 008ff210 0103f4c0
0x0103f4a8:   518085bd 0103f4b4 008ff210 00904050
0x0103f4b8:   00904170 3e8aee00 0103f5ac 5180b4be
0x0103f4c8:   44478518 00973230 00904050 51a4b934
0x0103f4d8:   00000100 00973230 00000000 03899e61 

Instructions: (pc=0x51815a38)
0x51815a18:   8b 01 8b 90 94 00 00 00 53 57 56 ff d2 8d 34 be
0x51815a28:   89 45 fc 89 75 f0 e9 e8 00 00 00 8b fe 8b 4f 04
0x51815a38:   8b 41 04 85 c0 7e 09 a8 01 75 33 c1 f8 02 eb 36
0x51815a48:   79 2c 8b 5f 08 8b 15 2c 8c ad 51 8b c8 83 e1 3f 


Register to memory mapping:

EAX=0x00000000 is an unknown value
EBX=0x0103f4b4 is an unknown value
ECX=0x00000000 is an unknown value
EDX=0x3ffffffe is pointing into object: 0x3e8aeba8

[error occurred during error reporting (printing register info), id 0xc0000005]

Stack: [0x00ff0000,0x01040000],  sp=0x0103f468,  free space=317k
Native frames: (J=compiled Java code, j=interpreted, Vv=VM code, C=native code)
V  [jvm.dll+0xa5a38]
V  [jvm.dll+0x99ba2]
V  [jvm.dll+0x985bd]
V  [jvm.dll+0x9b4be]
V  [jvm.dll+0x9a27f]
V  [jvm.dll+0xa64b2]
V  [jvm.dll+0x98e73]
V  [jvm.dll+0x92e25]
V  [jvm.dll+0x1b81c6]
V  [jvm.dll+0x18292b]
V  [jvm.dll+0x181d31]
V  [jvm.dll+0x182147]
V  [jvm.dll+0x182342]
V  [jvm.dll+0x1c1ed6]
C  [msvcr100.dll+0x5c556]
C  [msvcr100.dll+0x5c600]
C  [kernel32.dll+0x51174]
C  [ntdll.dll+0x5b3f5]
C  [ntdll.dll+0x5b3c8]

VM_Operation (0x449ef1e8): GenCollectForAllocation, mode: safepoint, requested by thread 0x44666000


---------------  P R O C E S S  ---------------

Java Threads: ( => current thread )
  0x44666000 JavaThread "pool-2-thread-4" [_thread_blocked, id=4292, stack(0x449a0000,0x449f0000)]
  0x4465fc00 JavaThread "pool-2-thread-3" [_thread_blocked, id=4496, stack(0x44bb0000,0x44c00000)]
  0x4465dc00 JavaThread "pool-2-thread-2" [_thread_blocked, id=3808, stack(0x03d70000,0x03dc0000)]
  0x4462ec00 JavaThread "pool-3-thread-1" [_thread_blocked, id=4532, stack(0x449f0000,0x44a40000)]
  0x44629000 JavaThread "pool-2-thread-1" [_thread_blocked, id=3532, stack(0x44950000,0x449a0000)]
  0x444d2c00 JavaThread "Service Thread" daemon [_thread_blocked, id=4716, stack(0x448c0000,0x44910000)]
  0x444da800 JavaThread "C1 CompilerThread0" daemon [_thread_blocked, id=3924, stack(0x447d0000,0x44820000)]
  0x444d9c00 JavaThread "Attach Listener" daemon [_thread_blocked, id=5480, stack(0x44850000,0x448a0000)]
  0x444d7000 JavaThread "Signal Dispatcher" daemon [_thread_blocked, id=2924, stack(0x44690000,0x446e0000)]
  0x444b6c00 JavaThread "Finalizer" daemon [_thread_blocked, id=2612, stack(0x446f0000,0x44740000)]
  0x44490400 JavaThread "Reference Handler" daemon [_thread_blocked, id=2664, stack(0x00af0000,0x00b40000)]
  0x008dbc00 JavaThread "main" [_thread_blocked, id=4220, stack(0x00b50000,0x00ba0000)]

Other Threads:
=>0x4448a800 VMThread [stack: 0x00ff0000,0x01040000] [id=836]
  0x444d3800 WatcherThread [stack: 0x44a40000,0x44a90000] [id=2948]

VM state:at safepoint (normal execution)

VM Mutex/Monitor currently owned by a thread:  ([mutex/lock_event])
[0x008da230] Threads_lock - owner thread: 0x4448a800
[0x008da640] Heap_lock - owner thread: 0x44666000

Heap:
 def new generation   total 314560K, used 314560K [0x03e00000, 0x19350000, 0x19350000)
  eden space 279616K, 100% used [0x03e00000, 0x14f10000, 0x14f10000)
  from space 34944K, 100% used [0x17130000, 0x19350000, 0x19350000)
  to   space 34944K,   0% used [0x14f10000, 0x14f10000, 0x17130000)
 tenured generation   total 699072K, used 687081K [0x19350000, 0x43e00000, 0x43e00000)
   the space 699072K,  98% used [0x19350000, 0x4324a610, 0x3e8aee00, 0x43e00000)
 Metaspace       used 3550K, capacity 3598K, committed 3648K, reserved 4480K

Card table byte_map: [0x43e00000,0x44010000] byte_map_base: 0x43de1000

Polling page: 0x00790000

CodeCache: size=32768Kb used=3666Kb max_used=3666Kb free=29101Kb
 bounds [0x01cb0000, 0x02048000, 0x03cb0000]
 total_blobs=1899 nmethods=1752 adapters=77
 compilation: enabled

Compilation events (10 events):
Event: 16.125 Thread 0x444da800 1750             com.android.dx.util.BitIntSet::iterator (9 bytes)
Event: 16.125 Thread 0x444da800 nmethod 1750 0x02040b08 code [0x02040c10, 0x02040cfc]
Event: 16.559 Thread 0x444da800 1751             com.android.dx.ssa.back.RegisterAllocator::insertMoveBefore (240 bytes)
Event: 16.561 Thread 0x444da800 nmethod 1751 0x02040d88 code [0x02041030, 0x02041b7c]
Event: 16.580 Thread 0x444da800 1752             com.android.dx.util.Bits::bitCount (29 bytes)
Event: 16.581 Thread 0x444da800 nmethod 1752 0x02042fc8 code [0x020430d0, 0x020431ac]
Event: 16.633 Thread 0x444da800 1753             java.util.HashMap$TreeNode::putTreeVal (314 bytes)
Event: 16.634 Thread 0x444da800 nmethod 1753 0x02043288 code [0x02043420, 0x020438bc]
Event: 16.636 Thread 0x444da800 1754             com.android.dx.ssa.back.FirstFitLocalCombiningAllocator::ssaSetToSpecs (57 bytes)
Event: 16.637 Thread 0x444da800 nmethod 1754 0x02043e48 code [0x02043fe0, 0x020443cc]

GC Heap History (10 events):
Event: 11.642 GC heap after
Heap after GC invocations=97 (full 7):
 def new generation   total 219200K, used 24320K [0x03e00000, 0x12bd0000, 0x19350000)
  eden space 194880K,   0% used [0x03e00000, 0x03e00000, 0x0fc50000)
  from space 24320K, 100% used [0x11410000, 0x12bd0000, 0x12bd0000)
  to   space 24320K,   0% used [0x0fc50000, 0x0fc50000, 0x11410000)
 tenured generation   total 486960K, used 472846K [0x19350000, 0x36edc000, 0x43e00000)
   the space 486960K,  97% used [0x19350000, 0x36113be0, 0x36113c00, 0x36edc000)
 Metaspace       used 3545K, capacity 3598K, committed 3648K, reserved 4480K
}
Event: 11.989 GC heap before
{Heap before GC invocations=97 (full 7):
 def new generation   total 219200K, used 219200K [0x03e00000, 0x12bd0000, 0x19350000)
  eden space 194880K, 100% used [0x03e00000, 0x0fc50000, 0x0fc50000)
  from space 24320K, 100% used [0x11410000, 0x12bd0000, 0x12bd0000)
  to   space 24320K,   0% used [0x0fc50000, 0x0fc50000, 0x11410000)
 tenured generation   total 486960K, used 472846K [0x19350000, 0x36edc000, 0x43e00000)
   the space 486960K,  97% used [0x19350000, 0x36113be0, 0x36113c00, 0x36edc000)
 Metaspace       used 3545K, capacity 3598K, committed 3648K, reserved 4480K
Event: 13.593 GC heap after
Heap after GC invocations=98 (full 8):
 def new generation   total 314560K, used 6657K [0x03e00000, 0x19350000, 0x19350000)
  eden space 279616K,   2% used [0x03e00000, 0x04480630, 0x14f10000)
  from space 34944K,   0% used [0x14f10000, 0x14f10000, 0x17130000)
  to   space 34944K,   0% used [0x17130000, 0x17130000, 0x19350000)
 tenured generation   total 699072K, used 501295K [0x19350000, 0x43e00000, 0x43e00000)
   the space 699072K,  71% used [0x19350000, 0x37cdbff0, 0x37cdc000, 0x43e00000)
 Metaspace       used 3545K, capacity 3598K, committed 3648K, reserved 4480K
}
Event: 15.364 GC heap before
{Heap before GC invocations=98 (full 8):
 def new generation   total 314560K, used 279616K [0x03e00000, 0x19350000, 0x19350000)
  eden space 279616K, 100% used [0x03e00000, 0x14f10000, 0x14f10000)
  from space 34944K,   0% used [0x14f10000, 0x14f10000, 0x17130000)
  to   space 34944K,   0% used [0x17130000, 0x17130000, 0x19350000)
 tenured generation   total 699072K, used 501295K [0x19350000, 0x43e00000, 0x43e00000)
   the space 699072K,  71% used [0x19350000, 0x37cdbff0, 0x37cdc000, 0x43e00000)
 Metaspace       used 3545K, capacity 3598K, committed 3648K, reserved 4480K
Event: 15.777 GC heap after
Heap after GC invocations=99 (full 8):
 def new generation   total 314560K, used 34944K [0x03e00000, 0x19350000, 0x19350000)
  eden space 279616K,   0% used [0x03e00000, 0x03e00000, 0x14f10000)
  from space 34944K, 100% used [0x17130000, 0x19350000, 0x19350000)
  to   space 34944K,   0% used [0x14f10000, 0x14f10000, 0x17130000)
 tenured generation   total 699072K, used 550733K [0x19350000, 0x43e00000, 0x43e00000)
   the space 699072K,  78% used [0x19350000, 0x3ad235e0, 0x3ad23600, 0x43e00000)
 Metaspace       used 3545K, capacity 3598K, committed 3648K, reserved 4480K
}
Event: 16.278 GC heap before
{Heap before GC invocations=99 (full 8):
 def new generation   total 314560K, used 314560K [0x03e00000, 0x19350000, 0x19350000)
  eden space 279616K, 100% used [0x03e00000, 0x14f10000, 0x14f10000)
  from space 34944K, 100% used [0x17130000, 0x19350000, 0x19350000)
  to   space 34944K,   0% used [0x14f10000, 0x14f10000, 0x17130000)
 tenured generation   total 699072K, used 550733K [0x19350000, 0x43e00000, 0x43e00000)
   the space 699072K,  78% used [0x19350000, 0x3ad235e0, 0x3ad23600, 0x43e00000)
 Metaspace       used 3550K, capacity 3598K, committed 3648K, reserved 4480K
Event: 16.431 GC heap after
Heap after GC invocations=100 (full 8):
 def new generation   total 314560K, used 34944K [0x03e00000, 0x19350000, 0x19350000)
  eden space 279616K,   0% used [0x03e00000, 0x03e00000, 0x14f10000)
  from space 34944K, 100% used [0x14f10000, 0x17130000, 0x17130000)
  to   space 34944K,   0% used [0x17130000, 0x17130000, 0x19350000)
 tenured generation   total 699072K, used 601238K [0x19350000, 0x43e00000, 0x43e00000)
   the space 699072K,  86% used [0x19350000, 0x3de75978, 0x3de75a00, 0x43e00000)
 Metaspace       used 3550K, capacity 3598K, committed 3648K, reserved 4480K
}
Event: 17.200 GC heap before
{Heap before GC invocations=100 (full 8):
 def new generation   total 314560K, used 314560K [0x03e00000, 0x19350000, 0x19350000)
  eden space 279616K, 100% used [0x03e00000, 0x14f10000, 0x14f10000)
  from space 34944K, 100% used [0x14f10000, 0x17130000, 0x17130000)
  to   space 34944K,   0% used [0x17130000, 0x17130000, 0x19350000)
 tenured generation   total 699072K, used 601238K [0x19350000, 0x43e00000, 0x43e00000)
   the space 699072K,  86% used [0x19350000, 0x3de75978, 0x3de75a00, 0x43e00000)
 Metaspace       used 3550K, capacity 3598K, committed 3648K, reserved 4480K
Event: 17.362 GC heap after
Heap after GC invocations=101 (full 8):
 def new generation   total 314560K, used 34944K [0x03e00000, 0x19350000, 0x19350000)
  eden space 279616K,   0% used [0x03e00000, 0x03e00000, 0x14f10000)
  from space 34944K, 100% used [0x17130000, 0x19350000, 0x19350000)
  to   space 34944K,   0% used [0x14f10000, 0x14f10000, 0x17130000)
 tenured generation   total 699072K, used 687081K [0x19350000, 0x43e00000, 0x43e00000)
   the space 699072K,  98% used [0x19350000, 0x4324a610, 0x4324a800, 0x43e00000)
 Metaspace       used 3550K, capacity 3598K, committed 3648K, reserved 4480K
}
Event: 18.898 GC heap before
{Heap before GC invocations=101 (full 8):
 def new generation   total 314560K, used 314560K [0x03e00000, 0x19350000, 0x19350000)
  eden space 279616K, 100% used [0x03e00000, 0x14f10000, 0x14f10000)
  from space 34944K, 100% used [0x17130000, 0x19350000, 0x19350000)
  to   space 34944K,   0% used [0x14f10000, 0x14f10000, 0x17130000)
 tenured generation   total 699072K, used 687081K [0x19350000, 0x43e00000, 0x43e00000)
   the space 699072K,  98% used [0x19350000, 0x4324a610, 0x4324a800, 0x43e00000)
 Metaspace       used 3550K, capacity 3598K, committed 3648K, reserved 4480K

Deoptimization events (0 events):
No events

Internal exceptions (5 events):
Event: 0.024 Thread 0x008dbc00 Exception <a 'java/lang/NoSuchMethodError': Method sun.misc.Unsafe.defineClass(Ljava/lang/String;[BII)Ljava/lang/Class; name or signature does not match> (0x03e06ea8) thrown at [C:\re\workspace\8-2-build-windows-i586-cygwin\jdk8u101\7261\hotspot\src\share\UnNûóK˜?
Event: 0.024 Thread 0x008dbc00 Exception <a 'java/lang/NoSuchMethodError': Method sun.misc.Unsafe.prefetchRead(Ljava/lang/Object;J)V name or signature does not match> (0x03e07178) thrown at [C:\re\workspace\8-2-build-windows-i586-cygwin\jdk8u101\7261\hotspot\src\share\vm\prims\jni.cpp, â×·æÚê?
Event: 0.839 Thread 0x44629000 Exception <a 'java/lang/ArrayIndexOutOfBoundsException': 18> (0x03e25760) thrown at [C:\re\workspace\8-2-build-windows-i586-cygwin\jdk8u101\7261\hotspot\src\share\vm\interpreter\interpreterRuntime.cpp, line 366]
Event: 0.839 Thread 0x44629000 Exception <a 'java/lang/ArrayIndexOutOfBoundsException': 145> (0x03e782c0) thrown at [C:\re\workspace\8-2-build-windows-i586-cygwin\jdk8u101\7261\hotspot\src\share\vm\interpreter\interpreterRuntime.cpp, line 366]
Event: 0.840 Thread 0x44629000 Exception <a 'java/lang/ArrayIndexOutOfBoundsException': 40> (0x03e793a0) thrown at [C:\re\workspace\8-2-build-windows-i586-cygwin\jdk8u101\7261\hotspot\src\share\vm\interpreter\interpreterRuntime.cpp, line 366]

Events (10 events):
Event: 15.881 loading class com/android/dx/util/ListIntSet$1 done
Event: 15.882 Executing VM operation: Deoptimize
Event: 15.882 Executing VM operation: Deoptimize done
Event: 15.882 Thread 0x4465fc00 DEOPT PACKING pc=0x0202def8 sp=0x44bff030
Event: 15.882 Thread 0x4465fc00 DEOPT UNPACKING pc=0x01cec5db sp=0x44bfef98 mode 0
Event: 16.278 Executing VM operation: GenCollectForAllocation
Event: 16.431 Executing VM operation: GenCollectForAllocation done
Event: 17.199 Executing VM operation: GenCollectForAllocation
Event: 17.362 Executing VM operation: GenCollectForAllocation done
Event: 18.898 Executing VM operation: GenCollectForAllocation


Dynamic libraries:
0x01070000 - 0x010a3000 	C:\Program Files\Java\jdk1.8.0_101\bin\java.exe
0x76f00000 - 0x7703c000 	C:\Windows\SYSTEM32\ntdll.dll
0x755f0000 - 0x756c4000 	C:\Windows\system32\kernel32.dll
0x751f0000 - 0x7523a000 	C:\Windows\system32\KERNELBASE.dll
0x753a0000 - 0x75440000 	C:\Windows\system32\ADVAPI32.dll
0x76520000 - 0x765cc000 	C:\Windows\system32\msvcrt.dll
0x75370000 - 0x75389000 	C:\Windows\SYSTEM32\sechost.dll
0x76470000 - 0x76511000 	C:\Windows\system32\RPCRT4.dll
0x756d0000 - 0x75799000 	C:\Windows\system32\USER32.dll
0x770e0000 - 0x7712e000 	C:\Windows\system32\GDI32.dll
0x75390000 - 0x7539a000 	C:\Windows\system32\LPK.dll
0x76b50000 - 0x76bed000 	C:\Windows\system32\USP10.dll
0x73dc0000 - 0x73f5e000 	C:\Windows\WinSxS\x86_microsoft.windows.common-controls_6595b64144ccf1df_6.0.7600.16385_none_421189da2b7fabfc\COMCTL32.dll
0x76af0000 - 0x76b47000 	C:\Windows\system32\SHLWAPI.dll
0x77040000 - 0x7705f000 	C:\Windows\system32\IMM32.DLL
0x76d30000 - 0x76dfc000 	C:\Windows\system32\MSCTF.dll
0x64db0000 - 0x64e6f000 	C:\Program Files\Java\jdk1.8.0_101\jre\bin\msvcr100.dll
0x51770000 - 0x51b3c000 	C:\Program Files\Java\jdk1.8.0_101\jre\bin\client\jvm.dll
0x70810000 - 0x70817000 	C:\Windows\system32\WSOCK32.dll
0x75440000 - 0x75475000 	C:\Windows\system32\WS2_32.dll
0x75350000 - 0x75356000 	C:\Windows\system32\NSI.dll
0x707c0000 - 0x707f2000 	C:\Windows\system32\WINMM.dll
0x74550000 - 0x74559000 	C:\Windows\system32\VERSION.dll
0x75360000 - 0x75365000 	C:\Windows\system32\PSAPI.DLL
0x720f0000 - 0x720fc000 	C:\Program Files\Java\jdk1.8.0_101\jre\bin\verify.dll
0x72070000 - 0x72091000 	C:\Program Files\Java\jdk1.8.0_101\jre\bin\java.dll
0x720b0000 - 0x720c3000 	C:\Program Files\Java\jdk1.8.0_101\jre\bin\zip.dll
0x75820000 - 0x76469000 	C:\Windows\system32\SHELL32.dll
0x75490000 - 0x755ec000 	C:\Windows\system32\ole32.dll
0x75050000 - 0x7505b000 	C:\Windows\system32\profapi.dll
0x72db0000 - 0x72e9b000 	C:\Windows\system32\dbghelp.dll

VM Arguments:
jvm_args: -Djava.awt.headless=true -Xmx1024M -Dfile.encoding=windows-1252 -Duser.country=US -Duser.language=en -Duser.variant 
java_command: com.android.dx.command.Main --dex --num-threads=4 --multi-dex --main-dex-list E:\SandeepProjectResources\MobipugNew\Mobipug27.10.18\MobipugSource\app\build\intermediates\multi-dex\debug\maindexlist.txt --output E:\SandeepProjectResources\MobipugNew\Mobipug27.10.18\MobipugSource\app\build\intermediates\transforms\dex\debug\folders\1000\1f\main E:\SandeepProjectResources\MobipugNew\Mobipug27.10.18\MobipugSource\app\build\intermediates\transforms\jarMerging\debug\jars\1\1f\combined.jar
java_class_path (initial): C:\Users\android-4\AppData\Local\Android\Sdk\build-tools\26.0.2\lib\dx.jar
Launcher Type: SUN_STANDARD

Environment Variables:
PATH=C:\ProgramData\Oracle\Java\javapath;C:\Windows\system32;C:\Windows;C:\Windows\System32\Wbem;C:\Windows\System32\WindowsPowerShell\v1.0\;C:\Program Files\Intel\OpenCL SDK\2.0\bin\x86;C:\Program Files\Skype\Phone\
USERNAME=android-4
OS=Windows_NT
PROCESSOR_IDENTIFIER=x86 Family 6 Model 42 Stepping 7, GenuineIntel



---------------  S Y S T E M  ---------------

OS: Windows 7 Build 7600 (6.1.7600.16385)

CPU:total 4 (2 cores per cpu, 2 threads per core) family 6 model 42 stepping 7, cmov, cx8, fxsr, mmx, sse, sse2, sse3, ssse3, sse4.1, sse4.2, popcnt, clmul, ht, tsc, tscinvbit

Memory: 4k page, physical 3578328k(483016k free), swap 24056564k(19621364k free)

vm_info: Java HotSpot(TM) Client VM (25.101-b13) for windows-x86 JRE (1.8.0_101-b13), built on Jun 22 2016 00:45:44 by "java_re" with MS VC++ 10.0 (VS2010)

time: Sat Nov 10 15:53:02 2018
elapsed time: 20 seconds (0d 0h 0m 20s)

