#
# A fatal error has been detected by the Java Runtime Environment:
#
#  EXCEPTION_ACCESS_VIOLATION (0xc0000005) at pc=0x5b414da9, pid=2484, tid=0x000008b0
#
# JRE version: Java(TM) SE Runtime Environment (8.0_101-b13) (build 1.8.0_101-b13)
# Java VM: Java HotSpot(TM) Client VM (25.101-b13 mixed mode windows-x86 )
# Problematic frame:
# V  [jvm.dll+0x1b4da9]
#
# Failed to write core dump. Minidumps are not enabled by default on client versions of Windows
#
# If you would like to submit a bug report, please visit:
#   http://bugreport.java.com/bugreport/crash.jsp
#

---------------  T H R E A D  ---------------

Current thread (0x445ea800):  VMThread [stack: 0x00da0000,0x00df0000] [id=2224]

siginfo: ExceptionCode=0xc0000005, reading address 0x0000008b

Registers:
EAX=0x213092a0, EBX=0x00000002, ECX=0x21441720, EDX=0x00000003
ESP=0x00def17c, EBP=0x00def194, ESI=0x00000000, EDI=0x1c8015a8
EIP=0x5b414da9, EFLAGS=0x00010202

Top of Stack: (sp=0x00def17c)
0x00def17c:   213092a0 447c1c00 5b5c94cc 00000000
0x00def18c:   00def254 5b5c94cc 00def1a0 5b414fac
0x00def19c:   447c1c04 00def388 5b3d9ee3 447c1c04
0x00def1ac:   00000001 447c1c00 00000000 00000000
0x00def1bc:   00000000 00000000 00def414 00def23c
0x00def1cc:   00000012 00def400 5b5c94f0 00def484
0x00def1dc:   ffffffff 002c7318 00000000 00def260
0x00def1ec:   00def204 5b304472 0000000c 44e6522c 

Instructions: (pc=0x5b414da9)
0x5b414d89:   23 f0 29 35 50 94 5c 5b a3 4c 94 5c 5b 8b c7 eb
0x5b414d99:   09 48 a3 4c 94 5c 5b 8b 04 81 8b 48 04 8b 11 50
0x5b414da9:   8b 82 88 00 00 00 ff d0 8b 0d 58 94 5c 5b 85 c9
0x5b414db9:   0f 85 51 ff ff ff a1 7c 94 5c 5b 85 c0 0f 84 b8 


Register to memory mapping:

EAX=0x213092a0 is pointing into object: 0x21309298
java.util.HashMap$Node 
 - klass: 'java/util/HashMap$Node'
EBX=0x00000002 is an unknown value
ECX=0x21441720 is an oop
com.android.dx.rop.code.RegisterSpec 
 - klass: 'com/android/dx/rop/code/RegisterSpec'
EDX=0x00000003 is an unknown value
ESP=0x00def17c is an unknown value
EBP=0x00def194 is an unknown value
ESI=0x00000000 is an unknown value
EDI=0x1c8015a8 is an oop
com.android.dx.rop.code.RegisterSpec 
 - klass: 'com/android/dx/rop/code/RegisterSpec'


Stack: [0x00da0000,0x00df0000],  sp=0x00def17c,  free space=316k
Native frames: (J=compiled Java code, j=interpreted, Vv=VM code, C=native code)
V  [jvm.dll+0x1b4da9]
V  [jvm.dll+0x1b4fac]
V  [jvm.dll+0x179ee3]
V  [jvm.dll+0x1789ea]
V  [jvm.dll+0x97fb0]
V  [jvm.dll+0x992a1]
V  [jvm.dll+0x9b020]
V  [jvm.dll+0x9b489]
V  [jvm.dll+0x9a27f]
V  [jvm.dll+0xa64b2]
V  [jvm.dll+0x98e73]
V  [jvm.dll+0x92e25]
V  [jvm.dll+0x1b81c6]
V  [jvm.dll+0x18292b]
V  [jvm.dll+0x181d31]
V  [jvm.dll+0x182147]
V  [jvm.dll+0x182342]
V  [jvm.dll+0x1c1ed6]
C  [msvcr100.dll+0x5c556]
C  [msvcr100.dll+0x5c600]
C  [kernel32.dll+0x51174]
C  [ntdll.dll+0x5b3f5]
C  [ntdll.dll+0x5b3c8]

VM_Operation (0x44c0edf8): GenCollectForAllocation, mode: safepoint, requested by thread 0x447c1c00


---------------  P R O C E S S  ---------------

Java Threads: ( => current thread )
  0x447c1c00 JavaThread "pool-2-thread-4" [_thread_blocked, id=1772, stack(0x44bc0000,0x44c10000)]
  0x447c1400 JavaThread "pool-2-thread-3" [_thread_blocked, id=2888, stack(0x449e0000,0x44a30000)]
  0x447c0c00 JavaThread "pool-2-thread-2" [_thread_blocked, id=5728, stack(0x44980000,0x449d0000)]
  0x44792000 JavaThread "pool-3-thread-1" [_thread_blocked, id=3892, stack(0x44b50000,0x44ba0000)]
  0x44793800 JavaThread "pool-2-thread-1" [_thread_blocked, id=1028, stack(0x44a70000,0x44ac0000)]
  0x44632000 JavaThread "Service Thread" daemon [_thread_blocked, id=1960, stack(0x447d0000,0x44820000)]
  0x44639c00 JavaThread "C1 CompilerThread0" daemon [_thread_blocked, id=2880, stack(0x44920000,0x44970000)]
  0x44638c00 JavaThread "Attach Listener" daemon [_thread_blocked, id=3420, stack(0x44880000,0x448d0000)]
  0x44636000 JavaThread "Signal Dispatcher" daemon [_thread_blocked, id=3228, stack(0x00a90000,0x00ae0000)]
  0x44616c00 JavaThread "Finalizer" daemon [_thread_blocked, id=3880, stack(0x03d90000,0x03de0000)]
  0x445f0400 JavaThread "Reference Handler" daemon [_thread_blocked, id=1132, stack(0x00e10000,0x00e60000)]
  0x00afbc00 JavaThread "main" [_thread_blocked, id=1120, stack(0x00d00000,0x00d50000)]

Other Threads:
=>0x445ea800 VMThread [stack: 0x00da0000,0x00df0000] [id=2224]
  0x44633c00 WatcherThread [stack: 0x44af0000,0x44b40000] [id=2624]

VM state:at safepoint (normal execution)

VM Mutex/Monitor currently owned by a thread:  ([mutex/lock_event])
[0x00afa230] Threads_lock - owner thread: 0x445ea800
[0x00afa640] Heap_lock - owner thread: 0x447c1c00

Heap:
 def new generation   total 187904K, used 20864K [0x03e00000, 0x109e0000, 0x19350000)
  eden space 167040K,   0% used [0x03e00000, 0x03e00000, 0x0e120000)
  from space 20864K, 100% used [0x0e120000, 0x0f580000, 0x0f580000)
  to   space 20864K,   0% used [0x0f580000, 0x0f580000, 0x109e0000)
 tenured generation   total 433192K, used 433189K [0x19350000, 0x33a5a000, 0x43e00000)
   the space 433192K,  99% used [0x19350000, 0x33a59740, 0x33a59800, 0x33a5a000)
 Metaspace       used 3546K, capacity 3598K, committed 3648K, reserved 4480K

Card table byte_map: [0x43e00000,0x44010000] byte_map_base: 0x43de1000

Polling page: 0x00260000

CodeCache: size=32768Kb used=3549Kb max_used=3549Kb free=29218Kb
 bounds [0x01d80000, 0x020f8000, 0x03d80000]
 total_blobs=1863 nmethods=1716 adapters=77
 compilation: enabled

Compilation events (10 events):
Event: 9.637 Thread 0x44639c00 1714             com.android.dx.rop.code.Rops::opAget (97 bytes)
Event: 9.638 Thread 0x44639c00 nmethod 1714 0x020f6708 code [0x020f6880, 0x020f6bf8]
Event: 9.756 Thread 0x44639c00 1715             java.util.HashMap::compareComparables (27 bytes)
Event: 9.756 Thread 0x44639c00 nmethod 1715 0x020f6e88 code [0x020f6f90, 0x020f708c]
Event: 9.820 Thread 0x44639c00 1716             com.android.dx.dex.file.FieldAnnotationStruct::<init> (43 bytes)
Event: 9.820 Thread 0x44639c00 nmethod 1716 0x020f7148 code [0x020f7260, 0x020f73e8]
Event: 9.838 Thread 0x44639c00 1717             com.android.dx.rop.code.SwitchInsn::getCatches (4 bytes)
Event: 9.838 Thread 0x44639c00 nmethod 1717 0x020f74c8 code [0x020f75c0, 0x020f7640]
Event: 9.861 Thread 0x44639c00 1718             com.android.dx.rop.code.BasicBlockList$RegCountVisitor::visitSwitchInsn (6 bytes)
Event: 9.861 Thread 0x44639c00 nmethod 1718 0x020f7688 code [0x020f7780, 0x020f780c]

GC Heap History (10 events):
Event: 8.188 GC heap after
Heap after GC invocations=91 (full 7):
 def new generation   total 187904K, used 20863K [0x03e00000, 0x109e0000, 0x19350000)
  eden space 167040K,   0% used [0x03e00000, 0x03e00000, 0x0e120000)
  from space 20864K,  99% used [0x0f580000, 0x109dfff8, 0x109e0000)
  to   space 20864K,   0% used [0x0e120000, 0x0e120000, 0x0f580000)
 tenured generation   total 417448K, used 313390K [0x19350000, 0x32afa000, 0x43e00000)
   the space 417448K,  75% used [0x19350000, 0x2c55ba18, 0x2c55bc00, 0x32afa000)
 Metaspace       used 3546K, capacity 3598K, committed 3648K, reserved 4480K
}
Event: 8.468 GC heap before
{Heap before GC invocations=91 (full 7):
 def new generation   total 187904K, used 187903K [0x03e00000, 0x109e0000, 0x19350000)
  eden space 167040K, 100% used [0x03e00000, 0x0e120000, 0x0e120000)
  from space 20864K,  99% used [0x0f580000, 0x109dfff8, 0x109e0000)
  to   space 20864K,   0% used [0x0e120000, 0x0e120000, 0x0f580000)
 tenured generation   total 417448K, used 313390K [0x19350000, 0x32afa000, 0x43e00000)
   the space 417448K,  75% used [0x19350000, 0x2c55ba18, 0x2c55bc00, 0x32afa000)
 Metaspace       used 3546K, capacity 3598K, committed 3648K, reserved 4480K
Event: 8.583 GC heap after
Heap after GC invocations=92 (full 7):
 def new generation   total 187904K, used 20864K [0x03e00000, 0x109e0000, 0x19350000)
  eden space 167040K,   0% used [0x03e00000, 0x03e00000, 0x0e120000)
  from space 20864K, 100% used [0x0e120000, 0x0f580000, 0x0f580000)
  to   space 20864K,   0% used [0x0f580000, 0x0f580000, 0x109e0000)
 tenured generation   total 417448K, used 336824K [0x19350000, 0x32afa000, 0x43e00000)
   the space 417448K,  80% used [0x19350000, 0x2dc3e338, 0x2dc3e400, 0x32afa000)
 Metaspace       used 3546K, capacity 3598K, committed 3648K, reserved 4480K
}
Event: 8.852 GC heap before
{Heap before GC invocations=92 (full 7):
 def new generation   total 187904K, used 187904K [0x03e00000, 0x109e0000, 0x19350000)
  eden space 167040K, 100% used [0x03e00000, 0x0e120000, 0x0e120000)
  from space 20864K, 100% used [0x0e120000, 0x0f580000, 0x0f580000)
  to   space 20864K,   0% used [0x0f580000, 0x0f580000, 0x109e0000)
 tenured generation   total 417448K, used 336824K [0x19350000, 0x32afa000, 0x43e00000)
   the space 417448K,  80% used [0x19350000, 0x2dc3e338, 0x2dc3e400, 0x32afa000)
 Metaspace       used 3546K, capacity 3598K, committed 3648K, reserved 4480K
Event: 8.969 GC heap after
Heap after GC invocations=93 (full 7):
 def new generation   total 187904K, used 20863K [0x03e00000, 0x109e0000, 0x19350000)
  eden space 167040K,   0% used [0x03e00000, 0x03e00000, 0x0e120000)
  from space 20864K,  99% used [0x0f580000, 0x109dfff8, 0x109e0000)
  to   space 20864K,   0% used [0x0e120000, 0x0e120000, 0x0f580000)
 tenured generation   total 417448K, used 361380K [0x19350000, 0x32afa000, 0x43e00000)
   the space 417448K,  86% used [0x19350000, 0x2f439050, 0x2f439200, 0x32afa000)
 Metaspace       used 3546K, capacity 3598K, committed 3648K, reserved 4480K
}
Event: 9.250 GC heap before
{Heap before GC invocations=93 (full 7):
 def new generation   total 187904K, used 187903K [0x03e00000, 0x109e0000, 0x19350000)
  eden space 167040K, 100% used [0x03e00000, 0x0e120000, 0x0e120000)
  from space 20864K,  99% used [0x0f580000, 0x109dfff8, 0x109e0000)
  to   space 20864K,   0% used [0x0e120000, 0x0e120000, 0x0f580000)
 tenured generation   total 417448K, used 361380K [0x19350000, 0x32afa000, 0x43e00000)
   the space 417448K,  86% used [0x19350000, 0x2f439050, 0x2f439200, 0x32afa000)
 Metaspace       used 3546K, capacity 3598K, committed 3648K, reserved 4480K
Event: 9.369 GC heap after
Heap after GC invocations=94 (full 7):
 def new generation   total 187904K, used 20864K [0x03e00000, 0x109e0000, 0x19350000)
  eden space 167040K,   0% used [0x03e00000, 0x03e00000, 0x0e120000)
  from space 20864K, 100% used [0x0e120000, 0x0f580000, 0x0f580000)
  to   space 20864K,   0% used [0x0f580000, 0x0f580000, 0x109e0000)
 tenured generation   total 417448K, used 386216K [0x19350000, 0x32afa000, 0x43e00000)
   the space 417448K,  92% used [0x19350000, 0x30c7a248, 0x30c7a400, 0x32afa000)
 Metaspace       used 3546K, capacity 3598K, committed 3648K, reserved 4480K
}
Event: 9.644 GC heap before
{Heap before GC invocations=94 (full 7):
 def new generation   total 187904K, used 187904K [0x03e00000, 0x109e0000, 0x19350000)
  eden space 167040K, 100% used [0x03e00000, 0x0e120000, 0x0e120000)
  from space 20864K, 100% used [0x0e120000, 0x0f580000, 0x0f580000)
  to   space 20864K,   0% used [0x0f580000, 0x0f580000, 0x109e0000)
 tenured generation   total 417448K, used 386216K [0x19350000, 0x32afa000, 0x43e00000)
   the space 417448K,  92% used [0x19350000, 0x30c7a248, 0x30c7a400, 0x32afa000)
 Metaspace       used 3546K, capacity 3598K, committed 3648K, reserved 4480K
Event: 9.755 GC heap after
Heap after GC invocations=95 (full 7):
 def new generation   total 187904K, used 20864K [0x03e00000, 0x109e0000, 0x19350000)
  eden space 167040K,   0% used [0x03e00000, 0x03e00000, 0x0e120000)
  from space 20864K, 100% used [0x0f580000, 0x109e0000, 0x109e0000)
  to   space 20864K,   0% used [0x0e120000, 0x0e120000, 0x0f580000)
 tenured generation   total 417448K, used 410161K [0x19350000, 0x32afa000, 0x43e00000)
   the space 417448K,  98% used [0x19350000, 0x323dc460, 0x323dc600, 0x32afa000)
 Metaspace       used 3546K, capacity 3598K, committed 3648K, reserved 4480K
}
Event: 10.043 GC heap before
{Heap before GC invocations=95 (full 7):
 def new generation   total 187904K, used 187904K [0x03e00000, 0x109e0000, 0x19350000)
  eden space 167040K, 100% used [0x03e00000, 0x0e120000, 0x0e120000)
  from space 20864K, 100% used [0x0f580000, 0x109e0000, 0x109e0000)
  to   space 20864K,   0% used [0x0e120000, 0x0e120000, 0x0f580000)
 tenured generation   total 417448K, used 410161K [0x19350000, 0x32afa000, 0x43e00000)
   the space 417448K,  98% used [0x19350000, 0x323dc460, 0x323dc600, 0x32afa000)
 Metaspace       used 3546K, capacity 3598K, committed 3648K, reserved 4480K

Deoptimization events (0 events):
No events

Internal exceptions (5 events):
Event: 0.027 Thread 0x00afbc00 Exception <a 'java/lang/NoSuchMethodError': Method sun.misc.Unsafe.defineClass(Ljava/lang/String;[BII)Ljava/lang/Class; name or signature does not match> (0x03e06ea8) thrown at [C:\re\workspace\8-2-build-windows-i586-cygwin\jdk8u101\7261\hotspot\src\share\$ÑSû›?
Event: 0.027 Thread 0x00afbc00 Exception <a 'java/lang/NoSuchMethodError': Method sun.misc.Unsafe.prefetchRead(Ljava/lang/Object;J)V name or signature does not match> (0x03e07178) thrown at [C:\re\workspace\8-2-build-windows-i586-cygwin\jdk8u101\7261\hotspot\src\share\vm\prims\jni.cpp, *ÔC¾ñî?
Event: 0.967 Thread 0x447c1c00 Exception <a 'java/lang/ArrayIndexOutOfBoundsException': 18> (0x044690a0) thrown at [C:\re\workspace\8-2-build-windows-i586-cygwin\jdk8u101\7261\hotspot\src\share\vm\interpreter\interpreterRuntime.cpp, line 366]
Event: 0.967 Thread 0x447c1c00 Exception <a 'java/lang/ArrayIndexOutOfBoundsException': 145> (0x0448de30) thrown at [C:\re\workspace\8-2-build-windows-i586-cygwin\jdk8u101\7261\hotspot\src\share\vm\interpreter\interpreterRuntime.cpp, line 366]
Event: 0.968 Thread 0x447c1c00 Exception <a 'java/lang/ArrayIndexOutOfBoundsException': 40> (0x0448ef10) thrown at [C:\re\workspace\8-2-build-windows-i586-cygwin\jdk8u101\7261\hotspot\src\share\vm\interpreter\interpreterRuntime.cpp, line 366]

Events (10 events):
Event: 8.188 Executing VM operation: GenCollectForAllocation done
Event: 8.468 Executing VM operation: GenCollectForAllocation
Event: 8.583 Executing VM operation: GenCollectForAllocation done
Event: 8.852 Executing VM operation: GenCollectForAllocation
Event: 8.969 Executing VM operation: GenCollectForAllocation done
Event: 9.250 Executing VM operation: GenCollectForAllocation
Event: 9.369 Executing VM operation: GenCollectForAllocation done
Event: 9.644 Executing VM operation: GenCollectForAllocation
Event: 9.755 Executing VM operation: GenCollectForAllocation done
Event: 10.043 Executing VM operation: GenCollectForAllocation


Dynamic libraries:
0x00e70000 - 0x00ea3000 	C:\Program Files\Java\jdk1.8.0_101\bin\java.exe
0x77180000 - 0x772bc000 	C:\Windows\SYSTEM32\ntdll.dll
0x75790000 - 0x75864000 	C:\Windows\system32\kernel32.dll
0x75430000 - 0x7547a000 	C:\Windows\system32\KERNELBASE.dll
0x77010000 - 0x770b0000 	C:\Windows\system32\ADVAPI32.dll
0x76e00000 - 0x76eac000 	C:\Windows\system32\msvcrt.dll
0x772c0000 - 0x772d9000 	C:\Windows\SYSTEM32\sechost.dll
0x76ac0000 - 0x76b61000 	C:\Windows\system32\RPCRT4.dll
0x770b0000 - 0x77179000 	C:\Windows\system32\USER32.dll
0x77360000 - 0x773ae000 	C:\Windows\system32\GDI32.dll
0x755e0000 - 0x755ea000 	C:\Windows\system32\LPK.dll
0x75ab0000 - 0x75b4d000 	C:\Windows\system32\USP10.dll
0x74040000 - 0x741de000 	C:\Windows\WinSxS\x86_microsoft.windows.common-controls_6595b64144ccf1df_6.0.7600.16385_none_421189da2b7fabfc\COMCTL32.dll
0x75950000 - 0x759a7000 	C:\Windows\system32\SHLWAPI.dll
0x77340000 - 0x7735f000 	C:\Windows\system32\IMM32.DLL
0x759e0000 - 0x75aac000 	C:\Windows\system32\MSCTF.dll
0x5b630000 - 0x5b6ef000 	C:\Program Files\Java\jdk1.8.0_101\jre\bin\msvcr100.dll
0x5b260000 - 0x5b62c000 	C:\Program Files\Java\jdk1.8.0_101\jre\bin\client\jvm.dll
0x70f30000 - 0x70f37000 	C:\Windows\system32\WSOCK32.dll
0x76a70000 - 0x76aa5000 	C:\Windows\system32\WS2_32.dll
0x755d0000 - 0x755d6000 	C:\Windows\system32\NSI.dll
0x70f50000 - 0x70f82000 	C:\Windows\system32\WINMM.dll
0x747d0000 - 0x747d9000 	C:\Windows\system32\VERSION.dll
0x76ab0000 - 0x76ab5000 	C:\Windows\system32\PSAPI.DLL
0x65fb0000 - 0x65fbc000 	C:\Program Files\Java\jdk1.8.0_101\jre\bin\verify.dll
0x65e60000 - 0x65e81000 	C:\Program Files\Java\jdk1.8.0_101\jre\bin\java.dll
0x65f90000 - 0x65fa3000 	C:\Program Files\Java\jdk1.8.0_101\jre\bin\zip.dll
0x75e20000 - 0x76a69000 	C:\Windows\system32\SHELL32.dll
0x76eb0000 - 0x7700c000 	C:\Windows\system32\ole32.dll
0x752d0000 - 0x752db000 	C:\Windows\system32\profapi.dll
0x73030000 - 0x7311b000 	C:\Windows\system32\dbghelp.dll

VM Arguments:
jvm_args: -Djava.awt.headless=true -Xmx1024M -Dfile.encoding=windows-1252 -Duser.country=US -Duser.language=en -Duser.variant 
java_command: com.android.dx.command.Main --dex --num-threads=4 --multi-dex --main-dex-list E:\SandeepProjectResources\MobipugNew\Mobipug27.10.18\MobipugSource\app\build\intermediates\multi-dex\debug\maindexlist.txt --output E:\SandeepProjectResources\MobipugNew\Mobipug27.10.18\MobipugSource\app\build\intermediates\transforms\dex\debug\folders\1000\1f\main E:\SandeepProjectResources\MobipugNew\Mobipug27.10.18\MobipugSource\app\build\intermediates\transforms\jarMerging\debug\jars\1\1f\combined.jar
java_class_path (initial): C:\Users\android-4\AppData\Local\Android\Sdk\build-tools\26.0.2\lib\dx.jar
Launcher Type: SUN_STANDARD

Environment Variables:
PATH=C:\ProgramData\Oracle\Java\javapath;C:\Windows\system32;C:\Windows;C:\Windows\System32\Wbem;C:\Windows\System32\WindowsPowerShell\v1.0\;C:\Program Files\Intel\OpenCL SDK\2.0\bin\x86;C:\Program Files\Skype\Phone\
USERNAME=android-4
OS=Windows_NT
PROCESSOR_IDENTIFIER=x86 Family 6 Model 42 Stepping 7, GenuineIntel



---------------  S Y S T E M  ---------------

OS: Windows 7 Build 7600 (6.1.7600.16385)

CPU:total 4 (2 cores per cpu, 2 threads per core) family 6 model 42 stepping 7, cmov, cx8, fxsr, mmx, sse, sse2, sse3, ssse3, sse4.1, sse4.2, popcnt, clmul, ht, tsc, tscinvbit

Memory: 4k page, physical 3578328k(436952k free), swap 24056564k(20369556k free)

vm_info: Java HotSpot(TM) Client VM (25.101-b13) for windows-x86 JRE (1.8.0_101-b13), built on Jun 22 2016 00:45:44 by "java_re" with MS VC++ 10.0 (VS2010)

time: Tue Nov 13 20:11:50 2018
elapsed time: 11 seconds (0d 0h 0m 11s)

