#
# A fatal error has been detected by the Java Runtime Environment:
#
#  EXCEPTION_ACCESS_VIOLATION (0xc0000005) at pc=0x008be088, pid=2388, tid=0x000002a4
#
# JRE version: Java(TM) SE Runtime Environment (8.0_101-b13) (build 1.8.0_101-b13)
# Java VM: Java HotSpot(TM) Client VM (25.101-b13 mixed mode windows-x86 )
# Problematic frame:
# C  0x008be088
#
# Failed to write core dump. Minidumps are not enabled by default on client versions of Windows
#
# If you would like to submit a bug report, please visit:
#   http://bugreport.java.com/bugreport/crash.jsp
#

---------------  T H R E A D  ---------------

Current thread (0x445ea800):  VMThread [stack: 0x00f60000,0x00fb0000] [id=676]

siginfo: ExceptionCode=0xc0000005, ExceptionInformation=0x00000008 0x008be088

Registers:
EAX=0x441eb748, EBX=0x00faf674, ECX=0x441edb08, EDX=0x008be088
ESP=0x00faf620, EBP=0x00faf650, ESI=0x0fcd3900, EDI=0x0fcd90d8
EIP=0x008be088, EFLAGS=0x00010246

Top of Stack: (sp=0x00faf620)
0x00faf620:   51815a7e 0fcd90d8 008a2660 00faf674
0x00faf630:   00000001 008a2660 14f10000 0fcd3580
0x00faf640:   0fcd3900 03e00000 00000000 433adb18
0x00faf650:   00faf664 51809ba2 00faf674 0089f210
0x00faf660:   0089f210 00faf680 518085bd 00faf674
0x00faf670:   0089f210 008a4050 008a4170 433adc00
0x00faf680:   00faf76c 5180b4be 445d8518 00913230
0x00faf690:   008a4050 51a4b934 00000100 00913230 

Instructions: (pc=0x008be088)
0x008be068:   14 00 ff ff 1d ea bf 4c 6e 6f 6e 53 79 6e 63 43
0x008be078:   6f 6e 74 65 6e 74 45 71 75 61 6c 73 00 00 00 00
0x008be088:   04 00 ff ff 48 3d a3 4b 6e 75 6c 6c 00 00 00 00
0x008be098:   12 00 ff ff c3 68 0c 4a 6f 66 66 73 65 74 42 79 


Register to memory mapping:

EAX=0x441eb748 is pointing into metadata
EBX=0x00faf674 is an unknown value
ECX=0x441edb08 is pointing into metadata
EDX=0x008be088 is an unknown value
ESP=0x00faf620 is an unknown value
EBP=0x00faf650 is an unknown value
ESI=
[error occurred during error reporting (printing register info), id 0xc0000005]

Stack: [0x00f60000,0x00fb0000],  sp=0x00faf620,  free space=317k
Native frames: (J=compiled Java code, j=interpreted, Vv=VM code, C=native code)
C  0x008be088
V  [jvm.dll+0x99ba2]
V  [jvm.dll+0x985bd]
V  [jvm.dll+0x9b4be]
V  [jvm.dll+0x9a27f]
V  [jvm.dll+0xa64b2]
V  [jvm.dll+0x98e73]
V  [jvm.dll+0x92e25]
V  [jvm.dll+0x1b81c6]
V  [jvm.dll+0x18292b]
V  [jvm.dll+0x181d31]
V  [jvm.dll+0x182147]
V  [jvm.dll+0x182342]
V  [jvm.dll+0x1c1ed6]
C  [msvcr100.dll+0x5c556]
C  [msvcr100.dll+0x5c600]
C  [kernel32.dll+0x51174]
C  [ntdll.dll+0x5b3f5]
C  [ntdll.dll+0x5b3c8]

VM_Operation (0x03deef84): GenCollectForAllocation, mode: safepoint, requested by thread 0x447ba400


---------------  P R O C E S S  ---------------

Java Threads: ( => current thread )
  0x447ba400 JavaThread "pool-2-thread-4" [_thread_blocked, id=5080, stack(0x03da0000,0x03df0000)]
  0x447b7c00 JavaThread "pool-2-thread-3" [_thread_blocked, id=4148, stack(0x44870000,0x448c0000)]
  0x447b6c00 JavaThread "pool-2-thread-2" [_thread_blocked, id=2128, stack(0x44c50000,0x44ca0000)]
  0x44787000 JavaThread "pool-3-thread-1" [_thread_blocked, id=4904, stack(0x44a70000,0x44ac0000)]
  0x44786000 JavaThread "pool-2-thread-1" [_thread_blocked, id=4280, stack(0x44b40000,0x44b90000)]
  0x4464c000 JavaThread "Service Thread" daemon [_thread_blocked, id=5208, stack(0x449e0000,0x44a30000)]
  0x4463a000 JavaThread "C1 CompilerThread0" daemon [_thread_blocked, id=1296, stack(0x44800000,0x44850000)]
  0x44639000 JavaThread "Attach Listener" daemon [_thread_blocked, id=4536, stack(0x44970000,0x449c0000)]
  0x44636000 JavaThread "Signal Dispatcher" daemon [_thread_blocked, id=5152, stack(0x03cd0000,0x03d20000)]
  0x44616c00 JavaThread "Finalizer" daemon [_thread_blocked, id=4460, stack(0x03d50000,0x03da0000)]
  0x445f0400 JavaThread "Reference Handler" daemon [_thread_blocked, id=5104, stack(0x00ff0000,0x01040000)]
  0x009abc00 JavaThread "main" [_thread_blocked, id=1748, stack(0x00c20000,0x00c70000)]

Other Threads:
=>0x445ea800 VMThread [stack: 0x00f60000,0x00fb0000] [id=676]
  0x44654c00 WatcherThread [stack: 0x44ae0000,0x44b30000] [id=3812]

VM state:at safepoint (normal execution)

VM Mutex/Monitor currently owned by a thread:  ([mutex/lock_event])
[0x009aa230] Threads_lock - owner thread: 0x445ea800
[0x009aa640] Heap_lock - owner thread: 0x447ba400

Heap:
 def new generation   total 314560K, used 279616K [0x03e00000, 0x19350000, 0x19350000)
  eden space 279616K, 100% used [0x03e00000, 0x14f10000, 0x14f10000)
  from space 34944K,   0% used [0x17130000, 0x17130000, 0x19350000)
  to   space 34944K,   0% used [0x14f10000, 0x14f10000, 0x17130000)
 tenured generation   total 699072K, used 659060K [0x19350000, 0x43e00000, 0x43e00000)
   the space 699072K,  94% used [0x19350000, 0x416ed100, 0x433adc00, 0x43e00000)
 Metaspace       used 3551K, capacity 3598K, committed 3648K, reserved 4480K

Card table byte_map: [0x43e00000,0x44010000] byte_map_base: 0x43de1000

Polling page: 0x00270000

CodeCache: size=32768Kb used=3664Kb max_used=3714Kb free=29103Kb
 bounds [0x01cb0000, 0x02058000, 0x03cb0000]
 total_blobs=1907 nmethods=1760 adapters=77
 compilation: enabled

Compilation events (10 events):
Event: 26.158 Thread 0x4463a000 1771             java.util.HashMap$TreeNode::split (218 bytes)
Event: 26.159 Thread 0x4463a000 nmethod 1771 0x0204d608 code [0x0204d780, 0x0204dc80]
Event: 26.291 Thread 0x4463a000 1772 % !         java.util.concurrent.ThreadPoolExecutor::runWorker @ 21 (225 bytes)
Event: 26.292 Thread 0x4463a000 nmethod 1772% 0x0204e448 code [0x0204e640, 0x0204eda4]
Event: 28.511 Thread 0x4463a000 1773   !         java.util.concurrent.ThreadPoolExecutor::addWorker (292 bytes)
Event: 28.512 Thread 0x4463a000 nmethod 1773 0x0204f7c8 code [0x0204f990, 0x0204ff64]
Event: 28.518 Thread 0x4463a000 1774             java.util.concurrent.ThreadPoolExecutor::isShutdown (19 bytes)
Event: 28.519 Thread 0x4463a000 nmethod 1774 0x01e05a48 code [0x01e05b40, 0x01e05bf0]
Event: 28.612 Thread 0x4463a000 1775             com.android.dx.dex.file.OffsettedItem::writeSize (22 bytes)
Event: 28.613 Thread 0x4463a000 nmethod 1775 0x01e05788 code [0x01e05890, 0x01e0599c]

GC Heap History (10 events):
Event: 17.030 GC heap after
Heap after GC invocations=101 (full 8):
 def new generation   total 314560K, used 34944K [0x03e00000, 0x19350000, 0x19350000)
  eden space 279616K,   0% used [0x03e00000, 0x03e00000, 0x14f10000)
  from space 34944K, 100% used [0x17130000, 0x19350000, 0x19350000)
  to   space 34944K,   0% used [0x14f10000, 0x14f10000, 0x17130000)
 tenured generation   total 699072K, used 685959K [0x19350000, 0x43e00000, 0x43e00000)
   the space 699072K,  98% used [0x19350000, 0x43131eb8, 0x43132000, 0x43e00000)
 Metaspace       used 3551K, capacity 3598K, committed 3648K, reserved 4480K
}
Event: 18.319 GC heap before
{Heap before GC invocations=101 (full 8):
 def new generation   total 314560K, used 314560K [0x03e00000, 0x19350000, 0x19350000)
  eden space 279616K, 100% used [0x03e00000, 0x14f10000, 0x14f10000)
  from space 34944K, 100% used [0x17130000, 0x19350000, 0x19350000)
  to   space 34944K,   0% used [0x14f10000, 0x14f10000, 0x17130000)
 tenured generation   total 699072K, used 685959K [0x19350000, 0x43e00000, 0x43e00000)
   the space 699072K,  98% used [0x19350000, 0x43131eb8, 0x43132000, 0x43e00000)
 Metaspace       used 3551K, capacity 3598K, committed 3648K, reserved 4480K
Event: 19.788 GC heap after
Heap after GC invocations=102 (full 9):
 def new generation   total 314560K, used 0K [0x03e00000, 0x19350000, 0x19350000)
  eden space 279616K,   0% used [0x03e00000, 0x03e00000, 0x14f10000)
  from space 34944K,   0% used [0x17130000, 0x17130000, 0x19350000)
  to   space 34944K,   0% used [0x14f10000, 0x14f10000, 0x17130000)
 tenured generation   total 699072K, used 688305K [0x19350000, 0x43e00000, 0x43e00000)
   the space 699072K,  98% used [0x19350000, 0x4337c650, 0x4337c800, 0x43e00000)
 Metaspace       used 3551K, capacity 3598K, committed 3648K, reserved 4480K
}
Event: 21.404 GC heap before
{Heap before GC invocations=102 (full 9):
 def new generation   total 314560K, used 279616K [0x03e00000, 0x19350000, 0x19350000)
  eden space 279616K, 100% used [0x03e00000, 0x14f10000, 0x14f10000)
  from space 34944K,   0% used [0x17130000, 0x17130000, 0x19350000)
  to   space 34944K,   0% used [0x14f10000, 0x14f10000, 0x17130000)
 tenured generation   total 699072K, used 688305K [0x19350000, 0x43e00000, 0x43e00000)
   the space 699072K,  98% used [0x19350000, 0x4337c650, 0x4337c800, 0x43e00000)
 Metaspace       used 3551K, capacity 3598K, committed 3648K, reserved 4480K
Event: 22.941 GC heap after
Heap after GC invocations=103 (full 10):
 def new generation   total 314560K, used 40715K [0x03e00000, 0x19350000, 0x19350000)
  eden space 279616K,  14% used [0x03e00000, 0x065c2f98, 0x14f10000)
  from space 34944K,   0% used [0x17130000, 0x17130000, 0x19350000)
  to   space 34944K,   0% used [0x14f10000, 0x14f10000, 0x17130000)
 tenured generation   total 699072K, used 699070K [0x19350000, 0x43e00000, 0x43e00000)
   the space 699072K,  99% used [0x19350000, 0x43dffac8, 0x43dffc00, 0x43e00000)
 Metaspace       used 3551K, capacity 3598K, committed 3648K, reserved 4480K
}
Event: 24.001 GC heap before
{Heap before GC invocations=103 (full 10):
 def new generation   total 314560K, used 314560K [0x03e00000, 0x19350000, 0x19350000)
  eden space 279616K, 100% used [0x03e00000, 0x14f10000, 0x14f10000)
  from space 34944K, 100% used [0x17130000, 0x19350000, 0x19350000)
  to   space 34944K,   0% used [0x14f10000, 0x14f10000, 0x17130000)
 tenured generation   total 699072K, used 699072K [0x19350000, 0x43e00000, 0x43e00000)
   the space 699072K, 100% used [0x19350000, 0x43e00000, 0x43e00000, 0x43e00000)
 Metaspace       used 3551K, capacity 3598K, committed 3648K, reserved 4480K
Event: 25.793 GC heap after
Heap after GC invocations=104 (full 11):
 def new generation   total 314560K, used 0K [0x03e00000, 0x19350000, 0x19350000)
  eden space 279616K,   0% used [0x03e00000, 0x03e00000, 0x14f10000)
  from space 34944K,   0% used [0x17130000, 0x17130000, 0x19350000)
  to   space 34944K,   0% used [0x14f10000, 0x14f10000, 0x17130000)
 tenured generation   total 699072K, used 691268K [0x19350000, 0x43e00000, 0x43e00000)
   the space 699072K,  98% used [0x19350000, 0x43661378, 0x43661400, 0x43e00000)
 Metaspace       used 3551K, capacity 3598K, committed 3648K, reserved 4480K
}
Event: 26.385 GC heap before
{Heap before GC invocations=104 (full 11):
 def new generation   total 314560K, used 279616K [0x03e00000, 0x19350000, 0x19350000)
  eden space 279616K, 100% used [0x03e00000, 0x14f10000, 0x14f10000)
  from space 34944K,   0% used [0x17130000, 0x17130000, 0x19350000)
  to   space 34944K,   0% used [0x14f10000, 0x14f10000, 0x17130000)
 tenured generation   total 699072K, used 691268K [0x19350000, 0x43e00000, 0x43e00000)
   the space 699072K,  98% used [0x19350000, 0x43661378, 0x43661400, 0x43e00000)
 Metaspace       used 3551K, capacity 3598K, committed 3648K, reserved 4480K
Event: 28.329 GC heap after
Heap after GC invocations=105 (full 12):
 def new generation   total 314560K, used 0K [0x03e00000, 0x19350000, 0x19350000)
  eden space 279616K,   0% used [0x03e00000, 0x03e00000, 0x14f10000)
  from space 34944K,   0% used [0x17130000, 0x17130000, 0x19350000)
  to   space 34944K,   0% used [0x14f10000, 0x14f10000, 0x17130000)
 tenured generation   total 699072K, used 659060K [0x19350000, 0x43e00000, 0x43e00000)
   the space 699072K,  94% used [0x19350000, 0x416ed100, 0x416ed200, 0x43e00000)
 Metaspace       used 3551K, capacity 3598K, committed 3648K, reserved 4480K
}
Event: 28.805 GC heap before
{Heap before GC invocations=105 (full 12):
 def new generation   total 314560K, used 279616K [0x03e00000, 0x19350000, 0x19350000)
  eden space 279616K, 100% used [0x03e00000, 0x14f10000, 0x14f10000)
  from space 34944K,   0% used [0x17130000, 0x17130000, 0x19350000)
  to   space 34944K,   0% used [0x14f10000, 0x14f10000, 0x17130000)
 tenured generation   total 699072K, used 659060K [0x19350000, 0x43e00000, 0x43e00000)
   the space 699072K,  94% used [0x19350000, 0x416ed100, 0x416ed200, 0x43e00000)
 Metaspace       used 3551K, capacity 3598K, committed 3648K, reserved 4480K

Deoptimization events (0 events):
No events

Internal exceptions (5 events):
Event: 0.023 Thread 0x009abc00 Exception <a 'java/lang/NoSuchMethodError': Method sun.misc.Unsafe.defineClass(Ljava/lang/String;[BII)Ljava/lang/Class; name or signature does not match> (0x03e06ea8) thrown at [C:\re\workspace\8-2-build-windows-i586-cygwin\jdk8u101\7261\hotspot\src\share\≤Å;Û…ó?
Event: 0.023 Thread 0x009abc00 Exception <a 'java/lang/NoSuchMethodError': Method sun.misc.Unsafe.prefetchRead(Ljava/lang/Object;J)V name or signature does not match> (0x03e07178) thrown at [C:\re\workspace\8-2-build-windows-i586-cygwin\jdk8u101\7261\hotspot\src\share\vm\prims\jni.cpp, [Yö÷íÎ?
Event: 0.862 Thread 0x447b7c00 Exception <a 'java/lang/ArrayIndexOutOfBoundsException': 18> (0x0404c6b8) thrown at [C:\re\workspace\8-2-build-windows-i586-cygwin\jdk8u101\7261\hotspot\src\share\vm\interpreter\interpreterRuntime.cpp, line 366]
Event: 0.862 Thread 0x447b7c00 Exception <a 'java/lang/ArrayIndexOutOfBoundsException': 145> (0x0404df70) thrown at [C:\re\workspace\8-2-build-windows-i586-cygwin\jdk8u101\7261\hotspot\src\share\vm\interpreter\interpreterRuntime.cpp, line 366]
Event: 0.862 Thread 0x447b7c00 Exception <a 'java/lang/ArrayIndexOutOfBoundsException': 40> (0x0404f050) thrown at [C:\re\workspace\8-2-build-windows-i586-cygwin\jdk8u101\7261\hotspot\src\share\vm\interpreter\interpreterRuntime.cpp, line 366]

Events (10 events):
Event: 28.513 Thread 0x4463a000 flushing nmethod 0x01e3b088
Event: 28.519 Thread 0x4463a000 flushing nmethod 0x01e54a48
Event: 28.519 Thread 0x4463a000 flushing nmethod 0x01e5adc8
Event: 28.519 Thread 0x4463a000 flushing nmethod 0x01e90c08
Event: 28.519 Thread 0x4463a000 flushing nmethod 0x01eb19c8
Event: 28.519 Thread 0x4463a000 flushing nmethod 0x01ec2c88
Event: 28.519 Thread 0x4463a000 flushing nmethod 0x01ec3548
Event: 28.519 Thread 0x4463a000 flushing nmethod 0x01f01f08
Event: 28.613 Thread 0x4463a000 flushing nmethod 0x01f9cec8
Event: 28.805 Executing VM operation: GenCollectForAllocation


Dynamic libraries:
0x01070000 - 0x010a3000 	C:\Program Files\Java\jdk1.8.0_101\bin\java.exe
0x76f00000 - 0x7703c000 	C:\Windows\SYSTEM32\ntdll.dll
0x755f0000 - 0x756c4000 	C:\Windows\system32\kernel32.dll
0x751f0000 - 0x7523a000 	C:\Windows\system32\KERNELBASE.dll
0x753a0000 - 0x75440000 	C:\Windows\system32\ADVAPI32.dll
0x76520000 - 0x765cc000 	C:\Windows\system32\msvcrt.dll
0x75370000 - 0x75389000 	C:\Windows\SYSTEM32\sechost.dll
0x76470000 - 0x76511000 	C:\Windows\system32\RPCRT4.dll
0x756d0000 - 0x75799000 	C:\Windows\system32\USER32.dll
0x770e0000 - 0x7712e000 	C:\Windows\system32\GDI32.dll
0x75390000 - 0x7539a000 	C:\Windows\system32\LPK.dll
0x76b50000 - 0x76bed000 	C:\Windows\system32\USP10.dll
0x73dc0000 - 0x73f5e000 	C:\Windows\WinSxS\x86_microsoft.windows.common-controls_6595b64144ccf1df_6.0.7600.16385_none_421189da2b7fabfc\COMCTL32.dll
0x76af0000 - 0x76b47000 	C:\Windows\system32\SHLWAPI.dll
0x77040000 - 0x7705f000 	C:\Windows\system32\IMM32.DLL
0x76d30000 - 0x76dfc000 	C:\Windows\system32\MSCTF.dll
0x64db0000 - 0x64e6f000 	C:\Program Files\Java\jdk1.8.0_101\jre\bin\msvcr100.dll
0x51770000 - 0x51b3c000 	C:\Program Files\Java\jdk1.8.0_101\jre\bin\client\jvm.dll
0x70810000 - 0x70817000 	C:\Windows\system32\WSOCK32.dll
0x75440000 - 0x75475000 	C:\Windows\system32\WS2_32.dll
0x75350000 - 0x75356000 	C:\Windows\system32\NSI.dll
0x707c0000 - 0x707f2000 	C:\Windows\system32\WINMM.dll
0x74550000 - 0x74559000 	C:\Windows\system32\VERSION.dll
0x75360000 - 0x75365000 	C:\Windows\system32\PSAPI.DLL
0x720f0000 - 0x720fc000 	C:\Program Files\Java\jdk1.8.0_101\jre\bin\verify.dll
0x72070000 - 0x72091000 	C:\Program Files\Java\jdk1.8.0_101\jre\bin\java.dll
0x720b0000 - 0x720c3000 	C:\Program Files\Java\jdk1.8.0_101\jre\bin\zip.dll
0x75820000 - 0x76469000 	C:\Windows\system32\SHELL32.dll
0x75490000 - 0x755ec000 	C:\Windows\system32\ole32.dll
0x75050000 - 0x7505b000 	C:\Windows\system32\profapi.dll
0x72db0000 - 0x72e9b000 	C:\Windows\system32\dbghelp.dll

VM Arguments:
jvm_args: -Djava.awt.headless=true -Xmx1024M -Dfile.encoding=windows-1252 -Duser.country=US -Duser.language=en -Duser.variant 
java_command: com.android.dx.command.Main --dex --num-threads=4 --multi-dex --main-dex-list E:\SandeepProjectResources\MobipugNew\Mobipug27.10.18\MobipugSource\app\build\intermediates\multi-dex\debug\maindexlist.txt --output E:\SandeepProjectResources\MobipugNew\Mobipug27.10.18\MobipugSource\app\build\intermediates\transforms\dex\debug\folders\1000\1f\main E:\SandeepProjectResources\MobipugNew\Mobipug27.10.18\MobipugSource\app\build\intermediates\transforms\jarMerging\debug\jars\1\1f\combined.jar
java_class_path (initial): C:\Users\android-4\AppData\Local\Android\Sdk\build-tools\26.0.2\lib\dx.jar
Launcher Type: SUN_STANDARD

Environment Variables:
PATH=C:\ProgramData\Oracle\Java\javapath;C:\Windows\system32;C:\Windows;C:\Windows\System32\Wbem;C:\Windows\System32\WindowsPowerShell\v1.0\;C:\Program Files\Intel\OpenCL SDK\2.0\bin\x86;C:\Program Files\Skype\Phone\
USERNAME=android-4
OS=Windows_NT
PROCESSOR_IDENTIFIER=x86 Family 6 Model 42 Stepping 7, GenuineIntel



---------------  S Y S T E M  ---------------

OS: Windows 7 Build 7600 (6.1.7600.16385)

CPU:total 4 (2 cores per cpu, 2 threads per core) family 6 model 42 stepping 7, cmov, cx8, fxsr, mmx, sse, sse2, sse3, ssse3, sse4.1, sse4.2, popcnt, clmul, ht, tsc, tscinvbit

Memory: 4k page, physical 3578328k(440728k free), swap 24056564k(19590284k free)

vm_info: Java HotSpot(TM) Client VM (25.101-b13) for windows-x86 JRE (1.8.0_101-b13), built on Jun 22 2016 00:45:44 by "java_re" with MS VC++ 10.0 (VS2010)

time: Sat Nov 10 16:02:58 2018
elapsed time: 29 seconds (0d 0h 0m 29s)

