#
# A fatal error has been detected by the Java Runtime Environment:
#
#  EXCEPTION_ACCESS_VIOLATION (0xc0000005) at pc=0x61ed4da9, pid=5520, tid=0x00001624
#
# JRE version: Java(TM) SE Runtime Environment (8.0_101-b13) (build 1.8.0_101-b13)
# Java VM: Java HotSpot(TM) Client VM (25.101-b13 mixed mode windows-x86 )
# Problematic frame:
# V  [jvm.dll+0x1b4da9]
#
# Failed to write core dump. Minidumps are not enabled by default on client versions of Windows
#
# If you would like to submit a bug report, please visit:
#   http://bugreport.java.com/bugreport/crash.jsp
#

---------------  T H R E A D  ---------------

Current thread (0x443ea800):  VMThread [stack: 0x03bb0000,0x03c00000] [id=5668]

siginfo: ExceptionCode=0xc0000005, reading address 0x0000008b

Registers:
EAX=0x19350bf0, EBX=0x445a9b10, ECX=0x1939c470, EDX=0x00000003
ESP=0x03bff450, EBP=0x03bff468, ESI=0x445a9b08, EDI=0x620894cc
EIP=0x61ed4da9, EFLAGS=0x00010206

Top of Stack: (sp=0x03bff450)
0x03bff450:   19350bf0 620894cc 445a9b08 445a9b10
0x03bff460:   620894cc 445a9b08 03bff474 61ed4fac
0x03bff470:   00000003 03bff490 61e7883a 445a9b08
0x03bff480:   445af800 620894cc 00000000 445ae9b8
0x03bff490:   03bff678 61e99eef 620894cc 00000002
0x03bff4a0:   445af800 00000000 00000000 00000000
0x03bff4b0:   00000000 03bff704 03bff52c 00000012
0x03bff4c0:   03bff6f0 620894f0 03bff774 ffffffff 

Instructions: (pc=0x61ed4da9)
0x61ed4d89:   23 f0 29 35 50 94 08 62 a3 4c 94 08 62 8b c7 eb
0x61ed4d99:   09 48 a3 4c 94 08 62 8b 04 81 8b 48 04 8b 11 50
0x61ed4da9:   8b 82 88 00 00 00 ff d0 8b 0d 58 94 08 62 85 c9
0x61ed4db9:   0f 85 51 ff ff ff a1 7c 94 08 62 85 c0 0f 84 b8 


Register to memory mapping:

EAX=0x19350bf0 is pointing into object: 0x19350920
java.lang.Class 
 - klass: 'java/lang/Class'
EBX=0x445a9b10 is an unknown value
ECX=0x1939c470 is an oop
com.android.dx.dex.code.Dop 
 - klass: 'com/android/dx/dex/code/Dop'
EDX=0x00000003 is an unknown value
ESP=0x03bff450 is an unknown value
EBP=0x03bff468 is an unknown value
ESI=0x445a9b08 is an unknown value
EDI=0x620894cc is an unknown value


Stack: [0x03bb0000,0x03c00000],  sp=0x03bff450,  free space=317k
Native frames: (J=compiled Java code, j=interpreted, Vv=VM code, C=native code)
V  [jvm.dll+0x1b4da9]
V  [jvm.dll+0x1b4fac]
V  [jvm.dll+0x15883a]
V  [jvm.dll+0x179eef]
V  [jvm.dll+0x1789ea]
V  [jvm.dll+0x97fb0]
V  [jvm.dll+0x992a1]
V  [jvm.dll+0x9b020]
V  [jvm.dll+0x9b489]
V  [jvm.dll+0x9a27f]
V  [jvm.dll+0xa64b2]
V  [jvm.dll+0x98e73]
V  [jvm.dll+0x92e25]
V  [jvm.dll+0x1b81c6]
V  [jvm.dll+0x18292b]
V  [jvm.dll+0x181d31]
V  [jvm.dll+0x182147]
V  [jvm.dll+0x182342]
V  [jvm.dll+0x1c1ed6]
C  [msvcr100.dll+0x5c556]
C  [msvcr100.dll+0x5c600]
C  [kernel32.dll+0x51174]
C  [ntdll.dll+0x5b3f5]
C  [ntdll.dll+0x5b3c8]

VM_Operation (0x4482ef84): GenCollectForAllocation, mode: safepoint, requested by thread 0x44585c00


---------------  P R O C E S S  ---------------

Java Threads: ( => current thread )
  0x445af800 JavaThread "pool-2-thread-4" [_thread_blocked, id=3812, stack(0x449c0000,0x44a10000)]
  0x445a9800 JavaThread "pool-2-thread-3" [_thread_blocked, id=4756, stack(0x446e0000,0x44730000)]
  0x445a8800 JavaThread "pool-2-thread-2" [_thread_blocked, id=636, stack(0x44ac0000,0x44b10000)]
  0x44587000 JavaThread "pool-3-thread-1" [_thread_blocked, id=4216, stack(0x44a30000,0x44a80000)]
  0x44585c00 JavaThread "pool-2-thread-1" [_thread_blocked, id=5572, stack(0x447e0000,0x44830000)]
  0x4444dc00 JavaThread "Service Thread" daemon [_thread_blocked, id=4660, stack(0x44750000,0x447a0000)]
  0x4443a400 JavaThread "C1 CompilerThread0" daemon [_thread_blocked, id=4948, stack(0x44910000,0x44960000)]
  0x44439000 JavaThread "Attach Listener" daemon [_thread_blocked, id=5292, stack(0x44830000,0x44880000)]
  0x44436000 JavaThread "Signal Dispatcher" daemon [_thread_blocked, id=2852, stack(0x01270000,0x012c0000)]
  0x44416c00 JavaThread "Finalizer" daemon [_thread_blocked, id=5428, stack(0x01200000,0x01250000)]
  0x443f0400 JavaThread "Reference Handler" daemon [_thread_blocked, id=4268, stack(0x01700000,0x01750000)]
  0x011ebc00 JavaThread "main" [_thread_blocked, id=3508, stack(0x001a0000,0x001f0000)]

Other Threads:
=>0x443ea800 VMThread [stack: 0x03bb0000,0x03c00000] [id=5668]
  0x4442f400 WatcherThread [stack: 0x44960000,0x449b0000] [id=4488]

VM state:at safepoint (normal execution)

VM Mutex/Monitor currently owned by a thread:  ([mutex/lock_event])
[0x011ea230] Threads_lock - owner thread: 0x443ea800
[0x011ea640] Heap_lock - owner thread: 0x44585c00

Heap:
 def new generation   total 314560K, used 279616K [0x03c00000, 0x19150000, 0x19150000)
  eden space 279616K, 100% used [0x03c00000, 0x14d10000, 0x14d10000)
  from space 34944K,   0% used [0x14d10000, 0x14d10000, 0x16f30000)
  to   space 34944K,   0% used [0x16f30000, 0x16f30000, 0x19150000)
 tenured generation   total 699072K, used 633042K [0x19150000, 0x43c00000, 0x43c00000)
   the space 699072K,  90% used [0x19150000, 0x3fb848a8, 0x3fb84a00, 0x43c00000)
 Metaspace       used 3557K, capacity 3598K, committed 3648K, reserved 4480K

Card table byte_map: [0x43c00000,0x43e10000] byte_map_base: 0x43be2000

Polling page: 0x001f0000

CodeCache: size=32768Kb used=3698Kb max_used=3698Kb free=29069Kb
 bounds [0x01ba0000, 0x01f40000, 0x03ba0000]
 total_blobs=1916 nmethods=1769 adapters=77
 compilation: enabled

Compilation events (10 events):
Event: 26.781 Thread 0x4443a400 1768 % !         java.util.concurrent.ThreadPoolExecutor::runWorker @ 21 (225 bytes)
Event: 26.782 Thread 0x4443a400 nmethod 1768% 0x01f39b88 code [0x01f39d80, 0x01f3a4e4]
Event: 26.871 Thread 0x4443a400 1769   !         java.util.concurrent.ThreadPoolExecutor::addWorker (292 bytes)
Event: 26.873 Thread 0x4443a400 nmethod 1769 0x01f3af08 code [0x01f3b0d0, 0x01f3b6a4]
Event: 26.875 Thread 0x4443a400 1770             java.util.concurrent.ThreadPoolExecutor::isShutdown (19 bytes)
Event: 26.875 Thread 0x4443a400 nmethod 1770 0x01f3c148 code [0x01f3c240, 0x01f3c2f0]
Event: 26.917 Thread 0x4443a400 1771   !         com.android.dx.cf.attrib.BaseParameterAnnotations::<init> (48 bytes)
Event: 26.918 Thread 0x4443a400 nmethod 1771 0x01f3c388 code [0x01f3c4b0, 0x01f3c6f4]
Event: 26.918 Thread 0x4443a400 1772             com.android.dx.cf.attrib.BaseParameterAnnotations::byteLength (8 bytes)
Event: 26.918 Thread 0x4443a400 nmethod 1772 0x01f3c908 code [0x01f3ca00, 0x01f3ca80]

GC Heap History (10 events):
Event: 15.621 GC heap after
Heap after GC invocations=99 (full 8):
 def new generation   total 314560K, used 34944K [0x03c00000, 0x19150000, 0x19150000)
  eden space 279616K,   0% used [0x03c00000, 0x03c00000, 0x14d10000)
  from space 34944K, 100% used [0x14d10000, 0x16f30000, 0x16f30000)
  to   space 34944K,   0% used [0x16f30000, 0x16f30000, 0x19150000)
 tenured generation   total 699072K, used 650045K [0x19150000, 0x43c00000, 0x43c00000)
   the space 699072K,  92% used [0x19150000, 0x40c1f758, 0x40c1f800, 0x43c00000)
 Metaspace       used 3557K, capacity 3598K, committed 3648K, reserved 4480K
}
Event: 16.325 GC heap before
{Heap before GC invocations=99 (full 8):
 def new generation   total 314560K, used 314560K [0x03c00000, 0x19150000, 0x19150000)
  eden space 279616K, 100% used [0x03c00000, 0x14d10000, 0x14d10000)
  from space 34944K, 100% used [0x14d10000, 0x16f30000, 0x16f30000)
  to   space 34944K,   0% used [0x16f30000, 0x16f30000, 0x19150000)
 tenured generation   total 699072K, used 650045K [0x19150000, 0x43c00000, 0x43c00000)
   the space 699072K,  92% used [0x19150000, 0x40c1f758, 0x40c1f800, 0x43c00000)
 Metaspace       used 3557K, capacity 3598K, committed 3648K, reserved 4480K
Event: 17.776 GC heap after
Heap after GC invocations=100 (full 9):
 def new generation   total 314560K, used 0K [0x03c00000, 0x19150000, 0x19150000)
  eden space 279616K,   0% used [0x03c00000, 0x03c00000, 0x14d10000)
  from space 34944K,   0% used [0x14d10000, 0x14d10000, 0x16f30000)
  to   space 34944K,   0% used [0x16f30000, 0x16f30000, 0x19150000)
 tenured generation   total 699072K, used 624060K [0x19150000, 0x43c00000, 0x43c00000)
   the space 699072K,  89% used [0x19150000, 0x3f2bf358, 0x3f2bf400, 0x43c00000)
 Metaspace       used 3557K, capacity 3598K, committed 3648K, reserved 4480K
}
Event: 19.501 GC heap before
{Heap before GC invocations=100 (full 9):
 def new generation   total 314560K, used 279616K [0x03c00000, 0x19150000, 0x19150000)
  eden space 279616K, 100% used [0x03c00000, 0x14d10000, 0x14d10000)
  from space 34944K,   0% used [0x14d10000, 0x14d10000, 0x16f30000)
  to   space 34944K,   0% used [0x16f30000, 0x16f30000, 0x19150000)
 tenured generation   total 699072K, used 624060K [0x19150000, 0x43c00000, 0x43c00000)
   the space 699072K,  89% used [0x19150000, 0x3f2bf358, 0x3f2bf400, 0x43c00000)
 Metaspace       used 3557K, capacity 3598K, committed 3648K, reserved 4480K
Event: 21.004 GC heap after
Heap after GC invocations=101 (full 10):
 def new generation   total 314560K, used 11869K [0x03c00000, 0x19150000, 0x19150000)
  eden space 279616K,   4% used [0x03c00000, 0x047974a8, 0x14d10000)
  from space 34944K,   0% used [0x14d10000, 0x14d10000, 0x16f30000)
  to   space 34944K,   0% used [0x16f30000, 0x16f30000, 0x19150000)
 tenured generation   total 699072K, used 699071K [0x19150000, 0x43c00000, 0x43c00000)
   the space 699072K,  99% used [0x19150000, 0x43bffff8, 0x43c00000, 0x43c00000)
 Metaspace       used 3557K, capacity 3598K, committed 3648K, reserved 4480K
}
Event: 22.636 GC heap before
{Heap before GC invocations=101 (full 10):
 def new generation   total 314560K, used 314559K [0x03c00000, 0x19150000, 0x19150000)
  eden space 279616K, 100% used [0x03c00000, 0x14d10000, 0x14d10000)
  from space 34944K,  99% used [0x14d10000, 0x16f2ff60, 0x16f30000)
  to   space 34944K,   0% used [0x16f30000, 0x16f30000, 0x19150000)
 tenured generation   total 699072K, used 699071K [0x19150000, 0x43c00000, 0x43c00000)
   the space 699072K,  99% used [0x19150000, 0x43bffff8, 0x43c00000, 0x43c00000)
 Metaspace       used 3557K, capacity 3598K, committed 3648K, reserved 4480K
Event: 24.137 GC heap after
Heap after GC invocations=102 (full 11):
 def new generation   total 314560K, used 0K [0x03c00000, 0x19150000, 0x19150000)
  eden space 279616K,   0% used [0x03c00000, 0x03c00000, 0x14d10000)
  from space 34944K,   0% used [0x14d10000, 0x14d10000, 0x16f30000)
  to   space 34944K,   0% used [0x16f30000, 0x16f30000, 0x19150000)
 tenured generation   total 699072K, used 648684K [0x19150000, 0x43c00000, 0x43c00000)
   the space 699072K,  92% used [0x19150000, 0x40acb2a0, 0x40acb400, 0x43c00000)
 Metaspace       used 3557K, capacity 3598K, committed 3648K, reserved 4480K
}
Event: 24.686 GC heap before
{Heap before GC invocations=102 (full 11):
 def new generation   total 314560K, used 279616K [0x03c00000, 0x19150000, 0x19150000)
  eden space 279616K, 100% used [0x03c00000, 0x14d10000, 0x14d10000)
  from space 34944K,   0% used [0x14d10000, 0x14d10000, 0x16f30000)
  to   space 34944K,   0% used [0x16f30000, 0x16f30000, 0x19150000)
 tenured generation   total 699072K, used 648684K [0x19150000, 0x43c00000, 0x43c00000)
   the space 699072K,  92% used [0x19150000, 0x40acb2a0, 0x40acb400, 0x43c00000)
 Metaspace       used 3557K, capacity 3598K, committed 3648K, reserved 4480K
Event: 26.549 GC heap after
Heap after GC invocations=103 (full 12):
 def new generation   total 314560K, used 0K [0x03c00000, 0x19150000, 0x19150000)
  eden space 279616K,   0% used [0x03c00000, 0x03c00000, 0x14d10000)
  from space 34944K,   0% used [0x14d10000, 0x14d10000, 0x16f30000)
  to   space 34944K,   0% used [0x16f30000, 0x16f30000, 0x19150000)
 tenured generation   total 699072K, used 633042K [0x19150000, 0x43c00000, 0x43c00000)
   the space 699072K,  90% used [0x19150000, 0x3fb848a8, 0x3fb84a00, 0x43c00000)
 Metaspace       used 3557K, capacity 3598K, committed 3648K, reserved 4480K
}
Event: 27.026 GC heap before
{Heap before GC invocations=103 (full 12):
 def new generation   total 314560K, used 279616K [0x03c00000, 0x19150000, 0x19150000)
  eden space 279616K, 100% used [0x03c00000, 0x14d10000, 0x14d10000)
  from space 34944K,   0% used [0x14d10000, 0x14d10000, 0x16f30000)
  to   space 34944K,   0% used [0x16f30000, 0x16f30000, 0x19150000)
 tenured generation   total 699072K, used 633042K [0x19150000, 0x43c00000, 0x43c00000)
   the space 699072K,  90% used [0x19150000, 0x3fb848a8, 0x3fb84a00, 0x43c00000)
 Metaspace       used 3557K, capacity 3598K, committed 3648K, reserved 4480K

Deoptimization events (0 events):
No events

Internal exceptions (5 events):
Event: 0.024 Thread 0x011ebc00 Exception <a 'java/lang/NoSuchMethodError': Method sun.misc.Unsafe.defineClass(Ljava/lang/String;[BII)Ljava/lang/Class; name or signature does not match> (0x03c06ea8) thrown at [C:\re\workspace\8-2-build-windows-i586-cygwin\jdk8u101\7261\hotspot\src\share\ƒú¢ò?
Event: 0.024 Thread 0x011ebc00 Exception <a 'java/lang/NoSuchMethodError': Method sun.misc.Unsafe.prefetchRead(Ljava/lang/Object;J)V name or signature does not match> (0x03c07178) thrown at [C:\re\workspace\8-2-build-windows-i586-cygwin\jdk8u101\7261\hotspot\src\share\vm\prims\jni.cpp, ÅÈ=qıˆÍ?
Event: 0.843 Thread 0x445a9800 Exception <a 'java/lang/ArrayIndexOutOfBoundsException': 18> (0x03fae7e8) thrown at [C:\re\workspace\8-2-build-windows-i586-cygwin\jdk8u101\7261\hotspot\src\share\vm\interpreter\interpreterRuntime.cpp, line 366]
Event: 0.843 Thread 0x445a9800 Exception <a 'java/lang/ArrayIndexOutOfBoundsException': 145> (0x03fb0088) thrown at [C:\re\workspace\8-2-build-windows-i586-cygwin\jdk8u101\7261\hotspot\src\share\vm\interpreter\interpreterRuntime.cpp, line 366]
Event: 0.843 Thread 0x445a9800 Exception <a 'java/lang/ArrayIndexOutOfBoundsException': 40> (0x03fce230) thrown at [C:\re\workspace\8-2-build-windows-i586-cygwin\jdk8u101\7261\hotspot\src\share\vm\interpreter\interpreterRuntime.cpp, line 366]

Events (10 events):
Event: 15.621 Executing VM operation: GenCollectForAllocation done
Event: 16.325 Executing VM operation: GenCollectForAllocation
Event: 17.776 Executing VM operation: GenCollectForAllocation done
Event: 19.501 Executing VM operation: GenCollectForAllocation
Event: 21.004 Executing VM operation: GenCollectForAllocation done
Event: 22.636 Executing VM operation: GenCollectForAllocation
Event: 24.138 Executing VM operation: GenCollectForAllocation done
Event: 24.686 Executing VM operation: GenCollectForAllocation
Event: 26.549 Executing VM operation: GenCollectForAllocation done
Event: 27.026 Executing VM operation: GenCollectForAllocation


Dynamic libraries:
0x012c0000 - 0x012f3000 	C:\Program Files\Java\jdk1.8.0_101\bin\java.exe
0x77380000 - 0x774bc000 	C:\Windows\SYSTEM32\ntdll.dll
0x772a0000 - 0x77374000 	C:\Windows\system32\kernel32.dll
0x75690000 - 0x756da000 	C:\Windows\system32\KERNELBASE.dll
0x766b0000 - 0x76750000 	C:\Windows\system32\ADVAPI32.dll
0x77190000 - 0x7723c000 	C:\Windows\system32\msvcrt.dll
0x77510000 - 0x77529000 	C:\Windows\SYSTEM32\sechost.dll
0x76ca0000 - 0x76d41000 	C:\Windows\system32\RPCRT4.dll
0x76970000 - 0x76a39000 	C:\Windows\system32\USER32.dll
0x757d0000 - 0x7581e000 	C:\Windows\system32\GDI32.dll
0x774d0000 - 0x774da000 	C:\Windows\system32\LPK.dll
0x759a0000 - 0x75a3d000 	C:\Windows\system32\USP10.dll
0x74340000 - 0x744de000 	C:\Windows\WinSxS\x86_microsoft.windows.common-controls_6595b64144ccf1df_6.0.7600.16385_none_421189da2b7fabfc\COMCTL32.dll
0x77240000 - 0x77297000 	C:\Windows\system32\SHLWAPI.dll
0x76690000 - 0x766af000 	C:\Windows\system32\IMM32.DLL
0x758d0000 - 0x7599c000 	C:\Windows\system32\MSCTF.dll
0x64bd0000 - 0x64c8f000 	C:\Program Files\Java\jdk1.8.0_101\jre\bin\msvcr100.dll
0x61d20000 - 0x620ec000 	C:\Program Files\Java\jdk1.8.0_101\jre\bin\client\jvm.dll
0x70a70000 - 0x70a77000 	C:\Windows\system32\WSOCK32.dll
0x767e0000 - 0x76815000 	C:\Windows\system32\WS2_32.dll
0x76960000 - 0x76966000 	C:\Windows\system32\NSI.dll
0x70d90000 - 0x70dc2000 	C:\Windows\system32\WINMM.dll
0x749d0000 - 0x749d9000 	C:\Windows\system32\VERSION.dll
0x76de0000 - 0x76de5000 	C:\Windows\system32\PSAPI.DLL
0x739b0000 - 0x739bc000 	C:\Program Files\Java\jdk1.8.0_101\jre\bin\verify.dll
0x6b6f0000 - 0x6b711000 	C:\Program Files\Java\jdk1.8.0_101\jre\bin\java.dll
0x72a40000 - 0x72a53000 	C:\Program Files\Java\jdk1.8.0_101\jre\bin\zip.dll
0x75a40000 - 0x76689000 	C:\Windows\system32\SHELL32.dll
0x76a40000 - 0x76b9c000 	C:\Windows\system32\ole32.dll
0x754d0000 - 0x754db000 	C:\Windows\system32\profapi.dll
0x73240000 - 0x7332b000 	C:\Windows\system32\dbghelp.dll

VM Arguments:
jvm_args: -Djava.awt.headless=true -Xmx1024M -Dfile.encoding=windows-1252 -Duser.country=US -Duser.language=en -Duser.variant 
java_command: com.android.dx.command.Main --dex --num-threads=4 --multi-dex --main-dex-list E:\SandeepProjectResources\MobipugNew\Mobipug27.10.18\MobipugSource\app\build\intermediates\multi-dex\debug\maindexlist.txt --output E:\SandeepProjectResources\MobipugNew\Mobipug27.10.18\MobipugSource\app\build\intermediates\transforms\dex\debug\folders\1000\1f\main E:\SandeepProjectResources\MobipugNew\Mobipug27.10.18\MobipugSource\app\build\intermediates\transforms\jarMerging\debug\jars\1\1f\combined.jar
java_class_path (initial): C:\Users\android-4\AppData\Local\Android\Sdk\build-tools\26.0.2\lib\dx.jar
Launcher Type: SUN_STANDARD

Environment Variables:
PATH=C:\ProgramData\Oracle\Java\javapath;C:\Windows\system32;C:\Windows;C:\Windows\System32\Wbem;C:\Windows\System32\WindowsPowerShell\v1.0\;C:\Program Files\Intel\OpenCL SDK\2.0\bin\x86;C:\Program Files\Skype\Phone\
USERNAME=android-4
OS=Windows_NT
PROCESSOR_IDENTIFIER=x86 Family 6 Model 42 Stepping 7, GenuineIntel



---------------  S Y S T E M  ---------------

OS: Windows 7 Build 7600 (6.1.7600.16385)

CPU:total 4 (2 cores per cpu, 2 threads per core) family 6 model 42 stepping 7, cmov, cx8, fxsr, mmx, sse, sse2, sse3, ssse3, sse4.1, sse4.2, popcnt, clmul, ht, tsc, tscinvbit

Memory: 4k page, physical 3578328k(418056k free), swap 24056564k(19371048k free)

vm_info: Java HotSpot(TM) Client VM (25.101-b13) for windows-x86 JRE (1.8.0_101-b13), built on Jun 22 2016 00:45:44 by "java_re" with MS VC++ 10.0 (VS2010)

time: Sat Nov 03 17:37:09 2018
elapsed time: 27 seconds (0d 0h 0m 27s)

