#
# A fatal error has been detected by the Java Runtime Environment:
#
#  EXCEPTION_ACCESS_VIOLATION (0xc0000005) at pc=0x27613c66, pid=5652, tid=0x00001624
#
# JRE version: Java(TM) SE Runtime Environment (8.0_101-b13) (build 1.8.0_101-b13)
# Java VM: Java HotSpot(TM) Client VM (25.101-b13 mixed mode windows-x86 )
# Problematic frame:
# C  0x27613c66
#
# Failed to write core dump. Minidumps are not enabled by default on client versions of Windows
#
# If you would like to submit a bug report, please visit:
#   http://bugreport.java.com/bugreport/crash.jsp
#

---------------  T H R E A D  ---------------

Current thread (0x443ea800):  VMThread [stack: 0x00350000,0x003a0000] [id=5668]

siginfo: ExceptionCode=0xc0000005, ExceptionInformation=0x00000008 0x27613c66

Registers:
EAX=0x27613c66, EBX=0x445bff84, ECX=0x44216958, EDX=0x444ae528
ESP=0x0039ef3c, EBP=0x0039ef58, ESI=0x445bff80, EDI=0x5daa94cc
EIP=0x27613c66, EFLAGS=0x00010202

Top of Stack: (sp=0x0039ef3c)
0x0039ef3c:   5d8f4db1 36f050d8 5daa94cc 445bff80
0x0039ef4c:   445bff84 5daa94cc 445bff80 0039ef64
0x0039ef5c:   5d8f4fac 00000003 0039ef80 5d89883a
0x0039ef6c:   445bff80 445bcc00 5daa94cc 00000000
0x0039ef7c:   445c3720 0039f168 5d8b9eef 5daa94cc
0x0039ef8c:   00000002 445bcc00 00000000 00000000
0x0039ef9c:   00000000 00000000 0039f1f4 0039f01c
0x0039efac:   00000012 0039f1e0 5daa94f0 0039f264 

Instructions: (pc=0x27613c66)
0x27613c46:   2a 44 18 00 00 00 b0 0a 74 27 00 00 00 00 00 00
0x27613c56:   00 00 00 00 00 00 58 0b 74 27 00 00 00 00 00 00
0x27613c66:   00 00 00 00 00 00 60 0c 74 27 00 00 00 00 00 00
0x27613c76:   00 00 00 00 00 00 00 00 00 00 00 00 00 00 e0 0e 


Register to memory mapping:

EAX=0x27613c66 is pointing into object: 0x27613c40
[Lcom.android.dx.dex.code.CodeAddress; 
 - klass: 'com/android/dx/dex/code/CodeAddress'[]
 - length: 24
EBX=0x445bff84 is an unknown value
ECX=0x44216958 is pointing into metadata
EDX=0x444ae528 is an unknown value
ESP=0x0039ef3c is an unknown value
EBP=0x0039ef58 is an unknown value
ESI=0x445bff80 is an unknown value
EDI=0x5daa94cc is an unknown value


Stack: [0x00350000,0x003a0000],  sp=0x0039ef3c,  free space=315k
Native frames: (J=compiled Java code, j=interpreted, Vv=VM code, C=native code)
C  0x27613c66
V  [jvm.dll+0x1b4fac]
V  [jvm.dll+0x15883a]
V  [jvm.dll+0x179eef]
V  [jvm.dll+0x1789ea]
V  [jvm.dll+0x97fb0]
V  [jvm.dll+0x992a1]
V  [jvm.dll+0x9b020]
V  [jvm.dll+0x9b489]
V  [jvm.dll+0x9a27f]
V  [jvm.dll+0xa64b2]
V  [jvm.dll+0x98e73]
V  [jvm.dll+0x92e25]
V  [jvm.dll+0x1b81c6]
V  [jvm.dll+0x18292b]
V  [jvm.dll+0x181d31]
V  [jvm.dll+0x182147]
V  [jvm.dll+0x182342]
V  [jvm.dll+0x1c1ed6]
C  [msvcr100.dll+0x5c556]
C  [msvcr100.dll+0x5c600]
C  [kernel32.dll+0x51174]
C  [ntdll.dll+0x5b3f5]
C  [ntdll.dll+0x5b3c8]

VM_Operation (0x449aefe4): GenCollectForAllocation, mode: safepoint, requested by thread 0x445c1000


---------------  P R O C E S S  ---------------

Java Threads: ( => current thread )
  0x445bcc00 JavaThread "pool-2-thread-4" [_thread_blocked, id=5556, stack(0x44bf0000,0x44c40000)]
  0x445c1000 JavaThread "pool-2-thread-3" [_thread_blocked, id=5272, stack(0x44960000,0x449b0000)]
  0x445c0c00 JavaThread "pool-2-thread-2" [_thread_blocked, id=5120, stack(0x44b80000,0x44bd0000)]
  0x445c0400 JavaThread "pool-3-thread-1" [_thread_blocked, id=4464, stack(0x44b10000,0x44b60000)]
  0x44596800 JavaThread "pool-2-thread-1" [_thread_blocked, id=892, stack(0x44690000,0x446e0000)]
  0x44454c00 JavaThread "Service Thread" daemon [_thread_blocked, id=4368, stack(0x446f0000,0x44740000)]
  0x4443a400 JavaThread "C1 CompilerThread0" daemon [_thread_blocked, id=3500, stack(0x449d0000,0x44a20000)]
  0x44439000 JavaThread "Attach Listener" daemon [_thread_blocked, id=4560, stack(0x44870000,0x448c0000)]
  0x44436000 JavaThread "Signal Dispatcher" daemon [_thread_blocked, id=2736, stack(0x44820000,0x44870000)]
  0x44416c00 JavaThread "Finalizer" daemon [_thread_blocked, id=4380, stack(0x44740000,0x44790000)]
  0x443f0400 JavaThread "Reference Handler" daemon [_thread_blocked, id=1520, stack(0x03b60000,0x03bb0000)]
  0x0010bc00 JavaThread "main" [_thread_blocked, id=300, stack(0x003a0000,0x003f0000)]

Other Threads:
=>0x443ea800 VMThread [stack: 0x00350000,0x003a0000] [id=5668]
  0x44430400 WatcherThread [stack: 0x447c0000,0x44810000] [id=2160]

VM state:at safepoint (normal execution)

VM Mutex/Monitor currently owned by a thread:  ([mutex/lock_event])
[0x0010a230] Threads_lock - owner thread: 0x443ea800
[0x0010a640] Heap_lock - owner thread: 0x445c1000

Heap:
 def new generation   total 314560K, used 279616K [0x03c00000, 0x19150000, 0x19150000)
  eden space 279616K, 100% used [0x03c00000, 0x14d10000, 0x14d10000)
  from space 34944K,   0% used [0x14d10000, 0x14d10000, 0x16f30000)
  to   space 34944K,   0% used [0x16f30000, 0x16f30000, 0x19150000)
 tenured generation   total 699072K, used 636067K [0x19150000, 0x43c00000, 0x43c00000)
   the space 699072K,  90% used [0x19150000, 0x3fe78cc0, 0x3fe78e00, 0x43c00000)
 Metaspace       used 3550K, capacity 3598K, committed 3648K, reserved 4480K

Card table byte_map: [0x43c00000,0x43e10000] byte_map_base: 0x43be2000

Polling page: 0x00160000

CodeCache: size=32768Kb used=3727Kb max_used=3727Kb free=29040Kb
 bounds [0x01b30000, 0x01ed8000, 0x03b30000]
 total_blobs=1936 nmethods=1789 adapters=77
 compilation: enabled

Compilation events (10 events):
Event: 25.241 Thread 0x4443a400 1787   !         java.util.concurrent.ThreadPoolExecutor::addWorker (292 bytes)
Event: 25.243 Thread 0x4443a400 nmethod 1787 0x01ed0608 code [0x01ed07d0, 0x01ed0da4]
Event: 25.243 Thread 0x4443a400 1788             java.util.concurrent.ThreadPoolExecutor::isShutdown (19 bytes)
Event: 25.243 Thread 0x4443a400 nmethod 1788 0x01ed1848 code [0x01ed1940, 0x01ed19f0]
Event: 25.244 Thread 0x4443a400 1789             com.android.dx.dex.code.VariableSizeInsn::<init> (10 bytes)
Event: 25.244 Thread 0x4443a400 nmethod 1789 0x01ed1a88 code [0x01ed1b90, 0x01ed1c2c]
Event: 27.249 Thread 0x4443a400 1790             java.util.HashMap$TreeNode::split (218 bytes)
Event: 27.250 Thread 0x4443a400 nmethod 1790 0x01ed1c88 code [0x01ed1e00, 0x01ed2300]
Event: 27.411 Thread 0x4443a400 1791 % !         java.util.concurrent.ThreadPoolExecutor::runWorker @ 21 (225 bytes)
Event: 27.412 Thread 0x4443a400 nmethod 1791% 0x01ed2ac8 code [0x01ed2cc0, 0x01ed3424]

GC Heap History (10 events):
Event: 16.407 GC heap after
Heap after GC invocations=101 (full 8):
 def new generation   total 314560K, used 34944K [0x03c00000, 0x19150000, 0x19150000)
  eden space 279616K,   0% used [0x03c00000, 0x03c00000, 0x14d10000)
  from space 34944K, 100% used [0x14d10000, 0x16f30000, 0x16f30000)
  to   space 34944K,   0% used [0x16f30000, 0x16f30000, 0x19150000)
 tenured generation   total 699072K, used 690247K [0x19150000, 0x43c00000, 0x43c00000)
   the space 699072K,  98% used [0x19150000, 0x43361e18, 0x43362000, 0x43c00000)
 Metaspace       used 3550K, capacity 3598K, committed 3648K, reserved 4480K
}
Event: 17.238 GC heap before
{Heap before GC invocations=101 (full 8):
 def new generation   total 314560K, used 314560K [0x03c00000, 0x19150000, 0x19150000)
  eden space 279616K, 100% used [0x03c00000, 0x14d10000, 0x14d10000)
  from space 34944K, 100% used [0x14d10000, 0x16f30000, 0x16f30000)
  to   space 34944K,   0% used [0x16f30000, 0x16f30000, 0x19150000)
 tenured generation   total 699072K, used 690247K [0x19150000, 0x43c00000, 0x43c00000)
   the space 699072K,  98% used [0x19150000, 0x43361e18, 0x43362000, 0x43c00000)
 Metaspace       used 3550K, capacity 3598K, committed 3648K, reserved 4480K
Event: 18.658 GC heap after
Heap after GC invocations=102 (full 9):
 def new generation   total 314560K, used 0K [0x03c00000, 0x19150000, 0x19150000)
  eden space 279616K,   0% used [0x03c00000, 0x03c00000, 0x14d10000)
  from space 34944K,   0% used [0x14d10000, 0x14d10000, 0x16f30000)
  to   space 34944K,   0% used [0x16f30000, 0x16f30000, 0x19150000)
 tenured generation   total 699072K, used 613418K [0x19150000, 0x43c00000, 0x43c00000)
   the space 699072K,  87% used [0x19150000, 0x3e85a970, 0x3e85aa00, 0x43c00000)
 Metaspace       used 3550K, capacity 3598K, committed 3648K, reserved 4480K
}
Event: 20.507 GC heap before
{Heap before GC invocations=102 (full 9):
 def new generation   total 314560K, used 279616K [0x03c00000, 0x19150000, 0x19150000)
  eden space 279616K, 100% used [0x03c00000, 0x14d10000, 0x14d10000)
  from space 34944K,   0% used [0x14d10000, 0x14d10000, 0x16f30000)
  to   space 34944K,   0% used [0x16f30000, 0x16f30000, 0x19150000)
 tenured generation   total 699072K, used 613418K [0x19150000, 0x43c00000, 0x43c00000)
   the space 699072K,  87% used [0x19150000, 0x3e85a970, 0x3e85aa00, 0x43c00000)
 Metaspace       used 3550K, capacity 3598K, committed 3648K, reserved 4480K
Event: 21.949 GC heap after
Heap after GC invocations=103 (full 10):
 def new generation   total 314560K, used 0K [0x03c00000, 0x19150000, 0x19150000)
  eden space 279616K,   0% used [0x03c00000, 0x03c00000, 0x14d10000)
  from space 34944K,   0% used [0x14d10000, 0x14d10000, 0x16f30000)
  to   space 34944K,   0% used [0x16f30000, 0x16f30000, 0x19150000)
 tenured generation   total 699072K, used 687186K [0x19150000, 0x43c00000, 0x43c00000)
   the space 699072K,  98% used [0x19150000, 0x43064a30, 0x43064c00, 0x43c00000)
 Metaspace       used 3550K, capacity 3598K, committed 3648K, reserved 4480K
}
Event: 23.364 GC heap before
{Heap before GC invocations=103 (full 10):
 def new generation   total 314560K, used 279616K [0x03c00000, 0x19150000, 0x19150000)
  eden space 279616K, 100% used [0x03c00000, 0x14d10000, 0x14d10000)
  from space 34944K,   0% used [0x14d10000, 0x14d10000, 0x16f30000)
  to   space 34944K,   0% used [0x16f30000, 0x16f30000, 0x19150000)
 tenured generation   total 699072K, used 687186K [0x19150000, 0x43c00000, 0x43c00000)
   the space 699072K,  98% used [0x19150000, 0x43064a30, 0x43064c00, 0x43c00000)
 Metaspace       used 3550K, capacity 3598K, committed 3648K, reserved 4480K
Event: 24.815 GC heap after
Heap after GC invocations=104 (full 11):
 def new generation   total 314560K, used 0K [0x03c00000, 0x19150000, 0x19150000)
  eden space 279616K,   0% used [0x03c00000, 0x03c00000, 0x14d10000)
  from space 34944K,   0% used [0x14d10000, 0x14d10000, 0x16f30000)
  to   space 34944K,   0% used [0x16f30000, 0x16f30000, 0x19150000)
 tenured generation   total 699072K, used 659000K [0x19150000, 0x43c00000, 0x43c00000)
   the space 699072K,  94% used [0x19150000, 0x414de1b0, 0x414de200, 0x43c00000)
 Metaspace       used 3550K, capacity 3598K, committed 3648K, reserved 4480K
}
Event: 25.310 GC heap before
{Heap before GC invocations=104 (full 11):
 def new generation   total 314560K, used 279616K [0x03c00000, 0x19150000, 0x19150000)
  eden space 279616K, 100% used [0x03c00000, 0x14d10000, 0x14d10000)
  from space 34944K,   0% used [0x14d10000, 0x14d10000, 0x16f30000)
  to   space 34944K,   0% used [0x16f30000, 0x16f30000, 0x19150000)
 tenured generation   total 699072K, used 659000K [0x19150000, 0x43c00000, 0x43c00000)
   the space 699072K,  94% used [0x19150000, 0x414de1b0, 0x414de200, 0x43c00000)
 Metaspace       used 3550K, capacity 3598K, committed 3648K, reserved 4480K
Event: 27.188 GC heap after
Heap after GC invocations=105 (full 12):
 def new generation   total 314560K, used 0K [0x03c00000, 0x19150000, 0x19150000)
  eden space 279616K,   0% used [0x03c00000, 0x03c00000, 0x14d10000)
  from space 34944K,   0% used [0x14d10000, 0x14d10000, 0x16f30000)
  to   space 34944K,   0% used [0x16f30000, 0x16f30000, 0x19150000)
 tenured generation   total 699072K, used 636067K [0x19150000, 0x43c00000, 0x43c00000)
   the space 699072K,  90% used [0x19150000, 0x3fe78cc0, 0x3fe78e00, 0x43c00000)
 Metaspace       used 3550K, capacity 3598K, committed 3648K, reserved 4480K
}
Event: 27.663 GC heap before
{Heap before GC invocations=105 (full 12):
 def new generation   total 314560K, used 279616K [0x03c00000, 0x19150000, 0x19150000)
  eden space 279616K, 100% used [0x03c00000, 0x14d10000, 0x14d10000)
  from space 34944K,   0% used [0x14d10000, 0x14d10000, 0x16f30000)
  to   space 34944K,   0% used [0x16f30000, 0x16f30000, 0x19150000)
 tenured generation   total 699072K, used 636067K [0x19150000, 0x43c00000, 0x43c00000)
   the space 699072K,  90% used [0x19150000, 0x3fe78cc0, 0x3fe78e00, 0x43c00000)
 Metaspace       used 3550K, capacity 3598K, committed 3648K, reserved 4480K

Deoptimization events (0 events):
No events

Internal exceptions (5 events):
Event: 0.025 Thread 0x0010bc00 Exception <a 'java/lang/NoSuchMethodError': Method sun.misc.Unsafe.defineClass(Ljava/lang/String;[BII)Ljava/lang/Class; name or signature does not match> (0x03c06ea8) thrown at [C:\re\workspace\8-2-build-windows-i586-cygwin\jdk8u101\7261\hotspot\src\share\v «™Z•™?
Event: 0.025 Thread 0x0010bc00 Exception <a 'java/lang/NoSuchMethodError': Method sun.misc.Unsafe.prefetchRead(Ljava/lang/Object;J)V name or signature does not match> (0x03c07178) thrown at [C:\re\workspace\8-2-build-windows-i586-cygwin\jdk8u101\7261\hotspot\src\share\vm\prims\jni.cpp, åqbm’ì?
Event: 0.893 Thread 0x44596800 Exception <a 'java/lang/ArrayIndexOutOfBoundsException': 18> (0x03e04798) thrown at [C:\re\workspace\8-2-build-windows-i586-cygwin\jdk8u101\7261\hotspot\src\share\vm\interpreter\interpreterRuntime.cpp, line 366]
Event: 0.893 Thread 0x44596800 Exception <a 'java/lang/ArrayIndexOutOfBoundsException': 145> (0x03e06038) thrown at [C:\re\workspace\8-2-build-windows-i586-cygwin\jdk8u101\7261\hotspot\src\share\vm\interpreter\interpreterRuntime.cpp, line 366]
Event: 0.894 Thread 0x44596800 Exception <a 'java/lang/ArrayIndexOutOfBoundsException': 40> (0x03e07118) thrown at [C:\re\workspace\8-2-build-windows-i586-cygwin\jdk8u101\7261\hotspot\src\share\vm\interpreter\interpreterRuntime.cpp, line 366]

Events (10 events):
Event: 16.407 Executing VM operation: GenCollectForAllocation done
Event: 17.238 Executing VM operation: GenCollectForAllocation
Event: 18.658 Executing VM operation: GenCollectForAllocation done
Event: 20.507 Executing VM operation: GenCollectForAllocation
Event: 21.949 Executing VM operation: GenCollectForAllocation done
Event: 23.364 Executing VM operation: GenCollectForAllocation
Event: 24.815 Executing VM operation: GenCollectForAllocation done
Event: 25.310 Executing VM operation: GenCollectForAllocation
Event: 27.188 Executing VM operation: GenCollectForAllocation done
Event: 27.663 Executing VM operation: GenCollectForAllocation


Dynamic libraries:
0x01390000 - 0x013c3000 	C:\Program Files\Java\jdk1.8.0_101\bin\java.exe
0x76ec0000 - 0x76ffc000 	C:\Windows\SYSTEM32\ntdll.dll
0x76c40000 - 0x76d14000 	C:\Windows\system32\kernel32.dll
0x752c0000 - 0x7530a000 	C:\Windows\system32\KERNELBASE.dll
0x756d0000 - 0x75770000 	C:\Windows\system32\ADVAPI32.dll
0x76d20000 - 0x76dcc000 	C:\Windows\system32\msvcrt.dll
0x75680000 - 0x75699000 	C:\Windows\SYSTEM32\sechost.dll
0x76b40000 - 0x76be1000 	C:\Windows\system32\RPCRT4.dll
0x75310000 - 0x753d9000 	C:\Windows\system32\USER32.dll
0x75b70000 - 0x75bbe000 	C:\Windows\system32\GDI32.dll
0x76c20000 - 0x76c2a000 	C:\Windows\system32\LPK.dll
0x755e0000 - 0x7567d000 	C:\Windows\system32\USP10.dll
0x73d20000 - 0x73ebe000 	C:\Windows\WinSxS\x86_microsoft.windows.common-controls_6595b64144ccf1df_6.0.7600.16385_none_421189da2b7fabfc\COMCTL32.dll
0x75ad0000 - 0x75b27000 	C:\Windows\system32\SHLWAPI.dll
0x76bf0000 - 0x76c0f000 	C:\Windows\system32\IMM32.DLL
0x76810000 - 0x768dc000 	C:\Windows\system32\MSCTF.dll
0x5db10000 - 0x5dbcf000 	C:\Program Files\Java\jdk1.8.0_101\jre\bin\msvcr100.dll
0x5d740000 - 0x5db0c000 	C:\Program Files\Java\jdk1.8.0_101\jre\bin\client\jvm.dll
0x70cb0000 - 0x70cb7000 	C:\Windows\system32\WSOCK32.dll
0x75b30000 - 0x75b65000 	C:\Windows\system32\WS2_32.dll
0x76c30000 - 0x76c36000 	C:\Windows\system32\NSI.dll
0x70630000 - 0x70662000 	C:\Windows\system32\WINMM.dll
0x74510000 - 0x74519000 	C:\Windows\system32\VERSION.dll
0x76c10000 - 0x76c15000 	C:\Windows\system32\PSAPI.DLL
0x673a0000 - 0x673ac000 	C:\Program Files\Java\jdk1.8.0_101\jre\bin\verify.dll
0x66190000 - 0x661b1000 	C:\Program Files\Java\jdk1.8.0_101\jre\bin\java.dll
0x66170000 - 0x66183000 	C:\Program Files\Java\jdk1.8.0_101\jre\bin\zip.dll
0x75bc0000 - 0x76809000 	C:\Windows\system32\SHELL32.dll
0x769e0000 - 0x76b3c000 	C:\Windows\system32\ole32.dll
0x75010000 - 0x7501b000 	C:\Windows\system32\profapi.dll
0x72d70000 - 0x72e5b000 	C:\Windows\system32\dbghelp.dll

VM Arguments:
jvm_args: -Djava.awt.headless=true -Xmx1024M -Dfile.encoding=windows-1252 -Duser.country=US -Duser.language=en -Duser.variant 
java_command: com.android.dx.command.Main --dex --num-threads=4 --multi-dex --main-dex-list E:\SandeepProjectResources\MobipugNew\Mobipug27.10.18\MobipugSource\app\build\intermediates\multi-dex\debug\maindexlist.txt --output E:\SandeepProjectResources\MobipugNew\Mobipug27.10.18\MobipugSource\app\build\intermediates\transforms\dex\debug\folders\1000\1f\main E:\SandeepProjectResources\MobipugNew\Mobipug27.10.18\MobipugSource\app\build\intermediates\transforms\jarMerging\debug\jars\1\1f\combined.jar
java_class_path (initial): C:\Users\android-4\AppData\Local\Android\Sdk\build-tools\26.0.2\lib\dx.jar
Launcher Type: SUN_STANDARD

Environment Variables:
PATH=C:\ProgramData\Oracle\Java\javapath;C:\Windows\system32;C:\Windows;C:\Windows\System32\Wbem;C:\Windows\System32\WindowsPowerShell\v1.0\;C:\Program Files\Intel\OpenCL SDK\2.0\bin\x86;C:\Program Files\Skype\Phone\
USERNAME=android-4
OS=Windows_NT
PROCESSOR_IDENTIFIER=x86 Family 6 Model 42 Stepping 7, GenuineIntel



---------------  S Y S T E M  ---------------

OS: Windows 7 Build 7600 (6.1.7600.16385)

CPU:total 4 (2 cores per cpu, 2 threads per core) family 6 model 42 stepping 7, cmov, cx8, fxsr, mmx, sse, sse2, sse3, ssse3, sse4.1, sse4.2, popcnt, clmul, ht, tsc, tscinvbit

Memory: 4k page, physical 3578328k(309088k free), swap 24056564k(19324040k free)

vm_info: Java HotSpot(TM) Client VM (25.101-b13) for windows-x86 JRE (1.8.0_101-b13), built on Jun 22 2016 00:45:44 by "java_re" with MS VC++ 10.0 (VS2010)

time: Fri Nov 16 13:15:20 2018
elapsed time: 28 seconds (0d 0h 0m 28s)

