#
# A fatal error has been detected by the Java Runtime Environment:
#
#  EXCEPTION_ACCESS_VIOLATION (0xc0000005) at pc=0x644fb81d, pid=3568, tid=0x00000f50
#
# JRE version: Java(TM) SE Runtime Environment (8.0_101-b13) (build 1.8.0_101-b13)
# Java VM: Java HotSpot(TM) Client VM (25.101-b13 mixed mode windows-x86 )
# Problematic frame:
# V  [jvm.dll+0x16b81d]
#
# Failed to write core dump. Minidumps are not enabled by default on client versions of Windows
#
# If you would like to submit a bug report, please visit:
#   http://bugreport.java.com/bugreport/crash.jsp
#

---------------  T H R E A D  ---------------

Current thread (0x443ea800):  VMThread [stack: 0x017d0000,0x01820000] [id=3920]

siginfo: ExceptionCode=0xc0000005, reading address 0x00000000

Registers:
EAX=0x00000000, EBX=0x4442d5e4, ECX=0x012a1408, EDX=0x012a1408
ESP=0x0181f398, EBP=0x0181f3f8, ESI=0x192f4730, EDI=0x00000000
EIP=0x644fb81d, EFLAGS=0x00010246

Top of Stack: (sp=0x0181f398)
0x0181f398:   64544db1 646f94cc 4442d5e0 4442d5e4
0x0181f3a8:   00001008 0181f7d0 0181f3d0 65520269
0x0181f3b8:   012a0000 00000ffc 0181f3e8 644f1f51
0x0181f3c8:   44df5180 00000ffc 00000005 64717a98
0x0181f3d8:   00000000 00000ffc 646f9460 00000200
0x0181f3e8:   0181f3f8 0181f404 6444d75b 192f4730
0x0181f3f8:   0181f458 01c430ba 4442d5e4 64544db1
0x0181f408:   00000000 00000000 00000000 00000000 

Instructions: (pc=0x644fb81d)
0x644fb7fd:   cc cc cc 55 8b ec 83 ec 50 8b 45 0c 53 8b 5d 08
0x644fb80d:   56 8b 73 24 57 50 89 75 fc e8 55 30 ef ff 8b f8
0x644fb81d:   8b 17 8b 42 04 83 c4 04 8b cf ff d0 84 c0 0f 84
0x644fb82d:   c9 00 00 00 8b cb e8 f8 fc f5 ff 3b f0 0f 84 ba 


Register to memory mapping:

EAX=0x00000000 is an unknown value
EBX=0x4442d5e4 is an unknown value
ECX=0x012a1408 is an unknown value
EDX=0x012a1408 is an unknown value
ESP=0x0181f398 is an unknown value
EBP=0x0181f3f8 is an unknown value
ESI=0x192f4730 is pointing into object: 0x192f4700
java.util.zip.ZipEntry 
 - klass: 'java/util/zip/ZipEntry'
EDI=0x00000000 is an unknown value


Stack: [0x017d0000,0x01820000],  sp=0x0181f398,  free space=316k
Native frames: (J=compiled Java code, j=interpreted, Vv=VM code, C=native code)
V  [jvm.dll+0x16b81d]
v  ~BufferBlob::I2C/C2I adapters
V  [jvm.dll+0x1b4fac]
V  [jvm.dll+0x15883a]
V  [jvm.dll+0x179eef]
V  [jvm.dll+0x1789ea]
V  [jvm.dll+0x97fb0]
V  [jvm.dll+0x992a1]
V  [jvm.dll+0x9b020]
V  [jvm.dll+0x9b489]
V  [jvm.dll+0x9a27f]
V  [jvm.dll+0xa64b2]
V  [jvm.dll+0x98e73]
V  [jvm.dll+0x92e25]
V  [jvm.dll+0x1b81c6]
V  [jvm.dll+0x18292b]
V  [jvm.dll+0x181d31]
V  [jvm.dll+0x182147]
V  [jvm.dll+0x182342]
V  [jvm.dll+0x1c1ed6]
C  [msvcr100.dll+0x5c556]
C  [msvcr100.dll+0x5c600]
C  [kernel32.dll+0x51174]
C  [ntdll.dll+0x5b3f5]
C  [ntdll.dll+0x5b3c8]

VM_Operation (0x0192ee74): GenCollectForAllocation, mode: safepoint, requested by thread 0x012abc00


---------------  P R O C E S S  ---------------

Java Threads: ( => current thread )
  0x445c6c00 JavaThread "pool-2-thread-4" [_thread_blocked, id=3804, stack(0x44810000,0x44860000)]
  0x445c6000 JavaThread "pool-2-thread-3" [_thread_blocked, id=5492, stack(0x44ac0000,0x44b10000)]
  0x445c5800 JavaThread "pool-2-thread-2" [_thread_blocked, id=5252, stack(0x44920000,0x44970000)]
  0x445a4800 JavaThread "pool-3-thread-1" [_thread_blocked, id=3640, stack(0x44b20000,0x44b70000)]
  0x4459a800 JavaThread "pool-2-thread-1" [_thread_blocked, id=4596, stack(0x448d0000,0x44920000)]
  0x44434000 JavaThread "Service Thread" daemon [_thread_blocked, id=2660, stack(0x01210000,0x01260000)]
  0x4443a000 JavaThread "C1 CompilerThread0" daemon [_thread_blocked, id=5996, stack(0x446f0000,0x44740000)]
  0x44439000 JavaThread "Attach Listener" daemon [_thread_blocked, id=5068, stack(0x44870000,0x448c0000)]
  0x44436000 JavaThread "Signal Dispatcher" daemon [_thread_blocked, id=3720, stack(0x44780000,0x447d0000)]
  0x44416c00 JavaThread "Finalizer" daemon [_thread_blocked, id=1780, stack(0x445d0000,0x44620000)]
  0x443f0400 JavaThread "Reference Handler" daemon [_thread_blocked, id=5744, stack(0x44640000,0x44690000)]
  0x012abc00 JavaThread "main" [_thread_blocked, id=4744, stack(0x018e0000,0x01930000)]

Other Threads:
=>0x443ea800 VMThread [stack: 0x017d0000,0x01820000] [id=3920]
  0x4443e800 WatcherThread [stack: 0x449f0000,0x44a40000] [id=4432]

VM state:at safepoint (normal execution)

VM Mutex/Monitor currently owned by a thread:  ([mutex/lock_event])
[0x012aa230] Threads_lock - owner thread: 0x443ea800
[0x012aa640] Heap_lock - owner thread: 0x012abc00

Heap:
 def new generation   total 75072K, used 8320K [0x03c00000, 0x08d70000, 0x19150000)
  eden space 66752K,   0% used [0x03c00000, 0x03c00000, 0x07d30000)
  from space 8320K, 100% used [0x07d30000, 0x08550000, 0x08550000)
  to   space 8320K,   0% used [0x08550000, 0x08550000, 0x08d70000)
 tenured generation   total 168184K, used 168129K [0x19150000, 0x2358e000, 0x43c00000)
   the space 168184K,  99% used [0x19150000, 0x23580478, 0x23580600, 0x2358e000)
 Metaspace       used 3554K, capacity 3598K, committed 3648K, reserved 4480K

Card table byte_map: [0x43c00000,0x43e10000] byte_map_base: 0x43be2000

Polling page: 0x00260000

CodeCache: size=32768Kb used=3199Kb max_used=3199Kb free=29568Kb
 bounds [0x01c00000, 0x01f20000, 0x03c00000]
 total_blobs=1648 nmethods=1501 adapters=77
 compilation: enabled

Compilation events (10 events):
Event: 4.010 Thread 0x4443a000 1499             java.net.URL::getRef (5 bytes)
Event: 4.010 Thread 0x4443a000 nmethod 1499 0x01f1d348 code [0x01f1d440, 0x01f1d4c0]
Event: 4.010 Thread 0x4443a000 1500             com.android.dx.cf.direct.ClassPathOpener::processArchive (221 bytes)
Event: 4.012 Thread 0x4443a000 nmethod 1500 0x01f1d508 code [0x01f1d760, 0x01f1e3b4]
Event: 4.013 Thread 0x4443a000 1501             java.util.Collections::list (33 bytes)
Event: 4.013 Thread 0x4443a000 nmethod 1501 0x01f1f348 code [0x01f1f480, 0x01f1f694]
Event: 4.029 Thread 0x4443a000 1502             java.util.Objects::requireNonNull (15 bytes)
Event: 4.029 Thread 0x4443a000 nmethod 1502 0x01f1f8c8 code [0x01f1f9d0, 0x01f1faac]
Event: 4.043 Thread 0x4443a000 1503   !         com.android.dx.dex.file.UniformListItem::getAlignment (40 bytes)
Event: 4.043 Thread 0x4443a000 nmethod 1503 0x01f1fb48 code [0x01f1fc70, 0x01f1fe54]

GC Heap History (10 events):
Event: 3.384 GC heap after
Heap after GC invocations=78 (full 5):
 def new generation   total 75072K, used 8320K [0x03c00000, 0x08d70000, 0x19150000)
  eden space 66752K,   0% used [0x03c00000, 0x03c00000, 0x07d30000)
  from space 8320K, 100% used [0x08550000, 0x08d70000, 0x08d70000)
  to   space 8320K,   0% used [0x07d30000, 0x07d30000, 0x08550000)
 tenured generation   total 166648K, used 128037K [0x19150000, 0x2340e000, 0x43c00000)
   the space 166648K,  76% used [0x19150000, 0x20e59418, 0x20e59600, 0x2340e000)
 Metaspace       used 3553K, capacity 3598K, committed 3648K, reserved 4480K
}
Event: 3.485 GC heap before
{Heap before GC invocations=78 (full 5):
 def new generation   total 75072K, used 75072K [0x03c00000, 0x08d70000, 0x19150000)
  eden space 66752K, 100% used [0x03c00000, 0x07d30000, 0x07d30000)
  from space 8320K, 100% used [0x08550000, 0x08d70000, 0x08d70000)
  to   space 8320K,   0% used [0x07d30000, 0x07d30000, 0x08550000)
 tenured generation   total 166648K, used 128037K [0x19150000, 0x2340e000, 0x43c00000)
   the space 166648K,  76% used [0x19150000, 0x20e59418, 0x20e59600, 0x2340e000)
 Metaspace       used 3553K, capacity 3598K, committed 3648K, reserved 4480K
Event: 3.519 GC heap after
Heap after GC invocations=79 (full 5):
 def new generation   total 75072K, used 8320K [0x03c00000, 0x08d70000, 0x19150000)
  eden space 66752K,   0% used [0x03c00000, 0x03c00000, 0x07d30000)
  from space 8320K, 100% used [0x07d30000, 0x08550000, 0x08550000)
  to   space 8320K,   0% used [0x08550000, 0x08550000, 0x08d70000)
 tenured generation   total 166648K, used 134265K [0x19150000, 0x2340e000, 0x43c00000)
   the space 166648K,  80% used [0x19150000, 0x2146e7d8, 0x2146e800, 0x2340e000)
 Metaspace       used 3553K, capacity 3598K, committed 3648K, reserved 4480K
}
Event: 3.620 GC heap before
{Heap before GC invocations=79 (full 5):
 def new generation   total 75072K, used 75072K [0x03c00000, 0x08d70000, 0x19150000)
  eden space 66752K, 100% used [0x03c00000, 0x07d30000, 0x07d30000)
  from space 8320K, 100% used [0x07d30000, 0x08550000, 0x08550000)
  to   space 8320K,   0% used [0x08550000, 0x08550000, 0x08d70000)
 tenured generation   total 166648K, used 134265K [0x19150000, 0x2340e000, 0x43c00000)
   the space 166648K,  80% used [0x19150000, 0x2146e7d8, 0x2146e800, 0x2340e000)
 Metaspace       used 3553K, capacity 3598K, committed 3648K, reserved 4480K
Event: 3.661 GC heap after
Heap after GC invocations=80 (full 5):
 def new generation   total 75072K, used 8319K [0x03c00000, 0x08d70000, 0x19150000)
  eden space 66752K,   0% used [0x03c00000, 0x03c00000, 0x07d30000)
  from space 8320K,  99% used [0x08550000, 0x08d6fff8, 0x08d70000)
  to   space 8320K,   0% used [0x07d30000, 0x07d30000, 0x08550000)
 tenured generation   total 166648K, used 143780K [0x19150000, 0x2340e000, 0x43c00000)
   the space 166648K,  86% used [0x19150000, 0x21db9390, 0x21db9400, 0x2340e000)
 Metaspace       used 3553K, capacity 3598K, committed 3648K, reserved 4480K
}
Event: 3.780 GC heap before
{Heap before GC invocations=80 (full 5):
 def new generation   total 75072K, used 75071K [0x03c00000, 0x08d70000, 0x19150000)
  eden space 66752K, 100% used [0x03c00000, 0x07d30000, 0x07d30000)
  from space 8320K,  99% used [0x08550000, 0x08d6fff8, 0x08d70000)
  to   space 8320K,   0% used [0x07d30000, 0x07d30000, 0x08550000)
 tenured generation   total 166648K, used 143780K [0x19150000, 0x2340e000, 0x43c00000)
   the space 166648K,  86% used [0x19150000, 0x21db9390, 0x21db9400, 0x2340e000)
 Metaspace       used 3553K, capacity 3598K, committed 3648K, reserved 4480K
Event: 3.815 GC heap after
Heap after GC invocations=81 (full 5):
 def new generation   total 75072K, used 7940K [0x03c00000, 0x08d70000, 0x19150000)
  eden space 66752K,   0% used [0x03c00000, 0x03c00000, 0x07d30000)
  from space 8320K,  95% used [0x07d30000, 0x084f1348, 0x08550000)
  to   space 8320K,   0% used [0x08550000, 0x08550000, 0x08d70000)
 tenured generation   total 166648K, used 151426K [0x19150000, 0x2340e000, 0x43c00000)
   the space 166648K,  90% used [0x19150000, 0x22530ba8, 0x22530c00, 0x2340e000)
 Metaspace       used 3553K, capacity 3598K, committed 3648K, reserved 4480K
}
Event: 3.927 GC heap before
{Heap before GC invocations=81 (full 5):
 def new generation   total 75072K, used 74692K [0x03c00000, 0x08d70000, 0x19150000)
  eden space 66752K, 100% used [0x03c00000, 0x07d30000, 0x07d30000)
  from space 8320K,  95% used [0x07d30000, 0x084f1348, 0x08550000)
  to   space 8320K,   0% used [0x08550000, 0x08550000, 0x08d70000)
 tenured generation   total 166648K, used 151426K [0x19150000, 0x2340e000, 0x43c00000)
   the space 166648K,  90% used [0x19150000, 0x22530ba8, 0x22530c00, 0x2340e000)
 Metaspace       used 3553K, capacity 3598K, committed 3648K, reserved 4480K
Event: 3.965 GC heap after
Heap after GC invocations=82 (full 5):
 def new generation   total 75072K, used 8319K [0x03c00000, 0x08d70000, 0x19150000)
  eden space 66752K,   0% used [0x03c00000, 0x03c00000, 0x07d30000)
  from space 8320K,  99% used [0x08550000, 0x08d6fff8, 0x08d70000)
  to   space 8320K,   0% used [0x07d30000, 0x07d30000, 0x08550000)
 tenured generation   total 166648K, used 159279K [0x19150000, 0x2340e000, 0x43c00000)
   the space 166648K,  95% used [0x19150000, 0x22cdbc08, 0x22cdbe00, 0x2340e000)
 Metaspace       used 3553K, capacity 3598K, committed 3648K, reserved 4480K
}
Event: 4.044 GC heap before
{Heap before GC invocations=82 (full 5):
 def new generation   total 75072K, used 75071K [0x03c00000, 0x08d70000, 0x19150000)
  eden space 66752K, 100% used [0x03c00000, 0x07d30000, 0x07d30000)
  from space 8320K,  99% used [0x08550000, 0x08d6fff8, 0x08d70000)
  to   space 8320K,   0% used [0x07d30000, 0x07d30000, 0x08550000)
 tenured generation   total 166648K, used 159279K [0x19150000, 0x2340e000, 0x43c00000)
   the space 166648K,  95% used [0x19150000, 0x22cdbc08, 0x22cdbe00, 0x2340e000)
 Metaspace       used 3554K, capacity 3598K, committed 3648K, reserved 4480K

Deoptimization events (0 events):
No events

Internal exceptions (5 events):
Event: 0.025 Thread 0x012abc00 Exception <a 'java/lang/NoSuchMethodError': Method sun.misc.Unsafe.defineClass(Ljava/lang/String;[BII)Ljava/lang/Class; name or signature does not match> (0x03c06ea8) thrown at [C:\re\workspace\8-2-build-windows-i586-cygwin\jdk8u101\7261\hotspot\src\share\{o91»"š?
Event: 0.026 Thread 0x012abc00 Exception <a 'java/lang/NoSuchMethodError': Method sun.misc.Unsafe.prefetchRead(Ljava/lang/Object;J)V name or signature does not match> (0x03c07178) thrown at [C:\re\workspace\8-2-build-windows-i586-cygwin\jdk8u101\7261\hotspot\src\share\vm\prims\jni.cpp, Cß½ÛŸØë?
Event: 0.870 Thread 0x4459a800 Exception <a 'java/lang/ArrayIndexOutOfBoundsException': 18> (0x03e6a2e0) thrown at [C:\re\workspace\8-2-build-windows-i586-cygwin\jdk8u101\7261\hotspot\src\share\vm\interpreter\interpreterRuntime.cpp, line 366]
Event: 0.870 Thread 0x4459a800 Exception <a 'java/lang/ArrayIndexOutOfBoundsException': 145> (0x03e6bb80) thrown at [C:\re\workspace\8-2-build-windows-i586-cygwin\jdk8u101\7261\hotspot\src\share\vm\interpreter\interpreterRuntime.cpp, line 366]
Event: 0.871 Thread 0x4459a800 Exception <a 'java/lang/ArrayIndexOutOfBoundsException': 40> (0x03e6cc60) thrown at [C:\re\workspace\8-2-build-windows-i586-cygwin\jdk8u101\7261\hotspot\src\share\vm\interpreter\interpreterRuntime.cpp, line 366]

Events (10 events):
Event: 3.519 Executing VM operation: GenCollectForAllocation done
Event: 3.620 Executing VM operation: GenCollectForAllocation
Event: 3.661 Executing VM operation: GenCollectForAllocation done
Event: 3.780 Executing VM operation: GenCollectForAllocation
Event: 3.815 Executing VM operation: GenCollectForAllocation done
Event: 3.927 Executing VM operation: GenCollectForAllocation
Event: 3.965 Executing VM operation: GenCollectForAllocation done
Event: 4.009 loading class com/android/dx/command/dexer/Main$NotFilter
Event: 4.009 loading class com/android/dx/command/dexer/Main$NotFilter done
Event: 4.044 Executing VM operation: GenCollectForAllocation


Dynamic libraries:
0x01390000 - 0x013c3000 	C:\Program Files\Java\jdk1.8.0_101\bin\java.exe
0x76ec0000 - 0x76ffc000 	C:\Windows\SYSTEM32\ntdll.dll
0x76c40000 - 0x76d14000 	C:\Windows\system32\kernel32.dll
0x752c0000 - 0x7530a000 	C:\Windows\system32\KERNELBASE.dll
0x756d0000 - 0x75770000 	C:\Windows\system32\ADVAPI32.dll
0x76d20000 - 0x76dcc000 	C:\Windows\system32\msvcrt.dll
0x75680000 - 0x75699000 	C:\Windows\SYSTEM32\sechost.dll
0x76b40000 - 0x76be1000 	C:\Windows\system32\RPCRT4.dll
0x75310000 - 0x753d9000 	C:\Windows\system32\USER32.dll
0x75b70000 - 0x75bbe000 	C:\Windows\system32\GDI32.dll
0x76c20000 - 0x76c2a000 	C:\Windows\system32\LPK.dll
0x755e0000 - 0x7567d000 	C:\Windows\system32\USP10.dll
0x73d20000 - 0x73ebe000 	C:\Windows\WinSxS\x86_microsoft.windows.common-controls_6595b64144ccf1df_6.0.7600.16385_none_421189da2b7fabfc\COMCTL32.dll
0x75ad0000 - 0x75b27000 	C:\Windows\system32\SHLWAPI.dll
0x76bf0000 - 0x76c0f000 	C:\Windows\system32\IMM32.DLL
0x76810000 - 0x768dc000 	C:\Windows\system32\MSCTF.dll
0x65510000 - 0x655cf000 	C:\Program Files\Java\jdk1.8.0_101\jre\bin\msvcr100.dll
0x64390000 - 0x6475c000 	C:\Program Files\Java\jdk1.8.0_101\jre\bin\client\jvm.dll
0x70cb0000 - 0x70cb7000 	C:\Windows\system32\WSOCK32.dll
0x75b30000 - 0x75b65000 	C:\Windows\system32\WS2_32.dll
0x76c30000 - 0x76c36000 	C:\Windows\system32\NSI.dll
0x70630000 - 0x70662000 	C:\Windows\system32\WINMM.dll
0x74510000 - 0x74519000 	C:\Windows\system32\VERSION.dll
0x76c10000 - 0x76c15000 	C:\Windows\system32\PSAPI.DLL
0x673a0000 - 0x673ac000 	C:\Program Files\Java\jdk1.8.0_101\jre\bin\verify.dll
0x66190000 - 0x661b1000 	C:\Program Files\Java\jdk1.8.0_101\jre\bin\java.dll
0x66170000 - 0x66183000 	C:\Program Files\Java\jdk1.8.0_101\jre\bin\zip.dll
0x75bc0000 - 0x76809000 	C:\Windows\system32\SHELL32.dll
0x769e0000 - 0x76b3c000 	C:\Windows\system32\ole32.dll
0x75010000 - 0x7501b000 	C:\Windows\system32\profapi.dll
0x72d70000 - 0x72e5b000 	C:\Windows\system32\dbghelp.dll

VM Arguments:
jvm_args: -Djava.awt.headless=true -Xmx1024M -Dfile.encoding=windows-1252 -Duser.country=US -Duser.language=en -Duser.variant 
java_command: com.android.dx.command.Main --dex --num-threads=4 --multi-dex --main-dex-list E:\SandeepProjectResources\MobipugNew\Mobipug27.10.18\MobipugSource\app\build\intermediates\multi-dex\debug\maindexlist.txt --output E:\SandeepProjectResources\MobipugNew\Mobipug27.10.18\MobipugSource\app\build\intermediates\transforms\dex\debug\folders\1000\1f\main E:\SandeepProjectResources\MobipugNew\Mobipug27.10.18\MobipugSource\app\build\intermediates\transforms\jarMerging\debug\jars\1\1f\combined.jar
java_class_path (initial): C:\Users\android-4\AppData\Local\Android\Sdk\build-tools\26.0.2\lib\dx.jar
Launcher Type: SUN_STANDARD

Environment Variables:
PATH=C:\ProgramData\Oracle\Java\javapath;C:\Windows\system32;C:\Windows;C:\Windows\System32\Wbem;C:\Windows\System32\WindowsPowerShell\v1.0\;C:\Program Files\Intel\OpenCL SDK\2.0\bin\x86;C:\Program Files\Skype\Phone\
USERNAME=android-4
OS=Windows_NT
PROCESSOR_IDENTIFIER=x86 Family 6 Model 42 Stepping 7, GenuineIntel



---------------  S Y S T E M  ---------------

OS: Windows 7 Build 7600 (6.1.7600.16385)

CPU:total 4 (2 cores per cpu, 2 threads per core) family 6 model 42 stepping 7, cmov, cx8, fxsr, mmx, sse, sse2, sse3, ssse3, sse4.1, sse4.2, popcnt, clmul, ht, tsc, tscinvbit

Memory: 4k page, physical 3578328k(1064324k free), swap 24056564k(19736076k free)

vm_info: Java HotSpot(TM) Client VM (25.101-b13) for windows-x86 JRE (1.8.0_101-b13), built on Jun 22 2016 00:45:44 by "java_re" with MS VC++ 10.0 (VS2010)

time: Fri Nov 16 16:29:02 2018
elapsed time: 4 seconds (0d 0h 0m 4s)

