#
# A fatal error has been detected by the Java Runtime Environment:
#
#  EXCEPTION_ACCESS_VIOLATION (0xc0000005) at pc=0x51924da9, pid=3888, tid=0x000013d0
#
# JRE version: Java(TM) SE Runtime Environment (8.0_101-b13) (build 1.8.0_101-b13)
# Java VM: Java HotSpot(TM) Client VM (25.101-b13 mixed mode windows-x86 )
# Problematic frame:
# V  [jvm.dll+0x1b4da9]
#
# Failed to write core dump. Minidumps are not enabled by default on client versions of Windows
#
# If you would like to submit a bug report, please visit:
#   http://bugreport.java.com/bugreport/crash.jsp
#

---------------  T H R E A D  ---------------

Current thread (0x443da800):  VMThread [stack: 0x44660000,0x446b0000] [id=5072]

siginfo: ExceptionCode=0xc0000005, reading address 0x000000d6

Registers:
EAX=0x2837f0d8, EBX=0x445a3630, ECX=0x44268090, EDX=0x0000004e
ESP=0x446af0e0, EBP=0x446af0f8, ESI=0x445a3628, EDI=0x51ad94cc
EIP=0x51924da9, EFLAGS=0x00010206

Top of Stack: (sp=0x446af0e0)
0x446af0e0:   2837f0d8 51ad94cc 445a3628 445a3630
0x446af0f0:   51ad94cc 445a3628 446af104 51924fac
0x446af100:   00000003 446af120 518c883a 445a3628
0x446af110:   445aac00 51ad94cc 00000000 445a9648
0x446af120:   446af308 518e9eef 51ad94cc 00000001
0x446af130:   445aac00 00000000 00000000 00000000
0x446af140:   00000000 446af394 446af1bc 00000012
0x446af150:   446af380 51ad94f0 446af404 ffffffff 

Instructions: (pc=0x51924da9)
0x51924d89:   23 f0 29 35 50 94 ad 51 a3 4c 94 ad 51 8b c7 eb
0x51924d99:   09 48 a3 4c 94 ad 51 8b 04 81 8b 48 04 8b 11 50
0x51924da9:   8b 82 88 00 00 00 ff d0 8b 0d 58 94 ad 51 85 c9
0x51924db9:   0f 85 51 ff ff ff a1 7c 94 ad 51 85 c0 0f 84 b8 


Register to memory mapping:

EAX=
[error occurred during error reporting (printing register info), id 0xc0000005]

Stack: [0x44660000,0x446b0000],  sp=0x446af0e0,  free space=316k
Native frames: (J=compiled Java code, j=interpreted, Vv=VM code, C=native code)
V  [jvm.dll+0x1b4da9]
V  [jvm.dll+0x1b4fac]
V  [jvm.dll+0x15883a]
V  [jvm.dll+0x179eef]
V  [jvm.dll+0x1789ea]
V  [jvm.dll+0x97fb0]
V  [jvm.dll+0x992a1]
V  [jvm.dll+0x9b020]
V  [jvm.dll+0x9b489]
V  [jvm.dll+0x9a27f]
V  [jvm.dll+0xa64b2]
V  [jvm.dll+0x98e73]
V  [jvm.dll+0x92e25]
V  [jvm.dll+0x1b81c6]
V  [jvm.dll+0x18292b]
V  [jvm.dll+0x181d31]
V  [jvm.dll+0x182147]
V  [jvm.dll+0x182342]
V  [jvm.dll+0x1c1ed6]
C  [msvcr100.dll+0x5c556]
C  [msvcr100.dll+0x5c600]
C  [kernel32.dll+0x51174]
C  [ntdll.dll+0x5b3f5]
C  [ntdll.dll+0x5b3c8]

VM_Operation (0x44c5f364): GenCollectForAllocation, mode: safepoint, requested by thread 0x445a4000


---------------  P R O C E S S  ---------------

Java Threads: ( => current thread )
  0x445aac00 JavaThread "pool-2-thread-4" [_thread_blocked, id=2044, stack(0x44a20000,0x44a70000)]
  0x445a4000 JavaThread "pool-2-thread-3" [_thread_blocked, id=4576, stack(0x44c10000,0x44c60000)]
  0x445a2c00 JavaThread "pool-2-thread-2" [_thread_blocked, id=5296, stack(0x448f0000,0x44940000)]
  0x4457a000 JavaThread "pool-3-thread-1" [_thread_blocked, id=4544, stack(0x44610000,0x44660000)]
  0x4456d800 JavaThread "pool-2-thread-1" [_thread_blocked, id=4580, stack(0x44aa0000,0x44af0000)]
  0x4441cc00 JavaThread "Service Thread" daemon [_thread_blocked, id=1996, stack(0x03d70000,0x03dc0000)]
  0x4442a000 JavaThread "C1 CompilerThread0" daemon [_thread_blocked, id=6048, stack(0x447b0000,0x44800000)]
  0x44429000 JavaThread "Attach Listener" daemon [_thread_blocked, id=4556, stack(0x44850000,0x448a0000)]
  0x44426000 JavaThread "Signal Dispatcher" daemon [_thread_blocked, id=5424, stack(0x44800000,0x44850000)]
  0x44406c00 JavaThread "Finalizer" daemon [_thread_blocked, id=4820, stack(0x44750000,0x447a0000)]
  0x443e0400 JavaThread "Reference Handler" daemon [_thread_blocked, id=4908, stack(0x446c0000,0x44710000)]
  0x0019bc00 JavaThread "main" [_thread_blocked, id=3144, stack(0x00690000,0x006e0000)]

Other Threads:
=>0x443da800 VMThread [stack: 0x44660000,0x446b0000] [id=5072]
  0x44421400 WatcherThread [stack: 0x44970000,0x449c0000] [id=5572]

VM state:at safepoint (normal execution)

VM Mutex/Monitor currently owned by a thread:  ([mutex/lock_event])
[0x0019a230] Threads_lock - owner thread: 0x443da800
[0x0019a640] Heap_lock - owner thread: 0x445a4000

Heap:
 def new generation   total 124800K, used 13824K [0x03e00000, 0x0c560000, 0x19350000)
  eden space 110976K,   0% used [0x03e00000, 0x03e00000, 0x0aa60000)
  from space 13824K, 100% used [0x0b7e0000, 0x0c560000, 0x0c560000)
  to   space 13824K,   0% used [0x0aa60000, 0x0aa60000, 0x0b7e0000)
 tenured generation   total 288112K, used 288091K [0x19350000, 0x2acac000, 0x43e00000)
   the space 288112K,  99% used [0x19350000, 0x2aca6d70, 0x2aca6e00, 0x2acac000)
 Metaspace       used 3553K, capacity 3598K, committed 3648K, reserved 4480K

Card table byte_map: [0x00e30000,0x01040000] byte_map_base: 0x00e11000

Polling page: 0x00150000

CodeCache: size=32768Kb used=3496Kb max_used=3496Kb free=29272Kb
 bounds [0x01cb0000, 0x02020000, 0x03cb0000]
 total_blobs=1806 nmethods=1659 adapters=77
 compilation: enabled

Compilation events (10 events):
Event: 7.163 Thread 0x4442a000 1657             com.android.dx.dex.file.AnnotationsDirectoryItem::addFieldAnnotations (44 bytes)
Event: 7.163 Thread 0x4442a000 nmethod 1657 0x02017088 code [0x020171c0, 0x02017484]
Event: 7.163 Thread 0x4442a000 1658             com.android.dx.dex.file.FieldAnnotationStruct::<init> (43 bytes)
Event: 7.164 Thread 0x4442a000 nmethod 1658 0x02017788 code [0x020178a0, 0x02017a28]
Event: 7.175 Thread 0x4442a000 1659             com.android.dx.cf.code.ExecutionStack::peekLocal (46 bytes)
Event: 7.175 Thread 0x4442a000 nmethod 1659 0x02017b08 code [0x02017c20, 0x02017dc8]
Event: 7.175 Thread 0x4442a000 1660             com.android.dx.cf.code.BaseMachine::popArgs (204 bytes)
Event: 7.176 Thread 0x4442a000 nmethod 1660 0x02017f08 code [0x020181e0, 0x02018b64]
Event: 7.176 Thread 0x4442a000 1661             com.android.dx.rop.code.Rops::opAput (97 bytes)
Event: 7.177 Thread 0x4442a000 nmethod 1661 0x02019888 code [0x02019a00, 0x02019d78]

GC Heap History (10 events):
Event: 5.981 GC heap after
Heap after GC invocations=85 (full 6):
 def new generation   total 124800K, used 13824K [0x03e00000, 0x0c560000, 0x19350000)
  eden space 110976K,   0% used [0x03e00000, 0x03e00000, 0x0aa60000)
  from space 13824K, 100% used [0x0aa60000, 0x0b7e0000, 0x0b7e0000)
  to   space 13824K,   0% used [0x0b7e0000, 0x0b7e0000, 0x0c560000)
 tenured generation   total 277104K, used 207088K [0x19350000, 0x2a1ec000, 0x43e00000)
   the space 277104K,  74% used [0x19350000, 0x25d8c1b8, 0x25d8c200, 0x2a1ec000)
 Metaspace       used 3553K, capacity 3598K, committed 3648K, reserved 4480K
}
Event: 6.153 GC heap before
{Heap before GC invocations=85 (full 6):
 def new generation   total 124800K, used 124800K [0x03e00000, 0x0c560000, 0x19350000)
  eden space 110976K, 100% used [0x03e00000, 0x0aa60000, 0x0aa60000)
  from space 13824K, 100% used [0x0aa60000, 0x0b7e0000, 0x0b7e0000)
  to   space 13824K,   0% used [0x0b7e0000, 0x0b7e0000, 0x0c560000)
 tenured generation   total 277104K, used 207088K [0x19350000, 0x2a1ec000, 0x43e00000)
   the space 277104K,  74% used [0x19350000, 0x25d8c1b8, 0x25d8c200, 0x2a1ec000)
 Metaspace       used 3553K, capacity 3598K, committed 3648K, reserved 4480K
Event: 6.228 GC heap after
Heap after GC invocations=86 (full 6):
 def new generation   total 124800K, used 13823K [0x03e00000, 0x0c560000, 0x19350000)
  eden space 110976K,   0% used [0x03e00000, 0x03e00000, 0x0aa60000)
  from space 13824K,  99% used [0x0b7e0000, 0x0c55fff8, 0x0c560000)
  to   space 13824K,   0% used [0x0aa60000, 0x0aa60000, 0x0b7e0000)
 tenured generation   total 277104K, used 223759K [0x19350000, 0x2a1ec000, 0x43e00000)
   the space 277104K,  80% used [0x19350000, 0x26dd3f78, 0x26dd4000, 0x2a1ec000)
 Metaspace       used 3553K, capacity 3598K, committed 3648K, reserved 4480K
}
Event: 6.432 GC heap before
{Heap before GC invocations=86 (full 6):
 def new generation   total 124800K, used 124799K [0x03e00000, 0x0c560000, 0x19350000)
  eden space 110976K, 100% used [0x03e00000, 0x0aa60000, 0x0aa60000)
  from space 13824K,  99% used [0x0b7e0000, 0x0c55fff8, 0x0c560000)
  to   space 13824K,   0% used [0x0aa60000, 0x0aa60000, 0x0b7e0000)
 tenured generation   total 277104K, used 223759K [0x19350000, 0x2a1ec000, 0x43e00000)
   the space 277104K,  80% used [0x19350000, 0x26dd3f78, 0x26dd4000, 0x2a1ec000)
 Metaspace       used 3553K, capacity 3598K, committed 3648K, reserved 4480K
Event: 6.505 GC heap after
Heap after GC invocations=87 (full 6):
 def new generation   total 124800K, used 13824K [0x03e00000, 0x0c560000, 0x19350000)
  eden space 110976K,   0% used [0x03e00000, 0x03e00000, 0x0aa60000)
  from space 13824K, 100% used [0x0aa60000, 0x0b7e0000, 0x0b7e0000)
  to   space 13824K,   0% used [0x0b7e0000, 0x0b7e0000, 0x0c560000)
 tenured generation   total 277104K, used 239600K [0x19350000, 0x2a1ec000, 0x43e00000)
   the space 277104K,  86% used [0x19350000, 0x27d4c098, 0x27d4c200, 0x2a1ec000)
 Metaspace       used 3553K, capacity 3598K, committed 3648K, reserved 4480K
}
Event: 6.687 GC heap before
{Heap before GC invocations=87 (full 6):
 def new generation   total 124800K, used 124800K [0x03e00000, 0x0c560000, 0x19350000)
  eden space 110976K, 100% used [0x03e00000, 0x0aa60000, 0x0aa60000)
  from space 13824K, 100% used [0x0aa60000, 0x0b7e0000, 0x0b7e0000)
  to   space 13824K,   0% used [0x0b7e0000, 0x0b7e0000, 0x0c560000)
 tenured generation   total 277104K, used 239600K [0x19350000, 0x2a1ec000, 0x43e00000)
   the space 277104K,  86% used [0x19350000, 0x27d4c098, 0x27d4c200, 0x2a1ec000)
 Metaspace       used 3553K, capacity 3598K, committed 3648K, reserved 4480K
Event: 6.761 GC heap after
Heap after GC invocations=88 (full 6):
 def new generation   total 124800K, used 13824K [0x03e00000, 0x0c560000, 0x19350000)
  eden space 110976K,   0% used [0x03e00000, 0x03e00000, 0x0aa60000)
  from space 13824K, 100% used [0x0b7e0000, 0x0c560000, 0x0c560000)
  to   space 13824K,   0% used [0x0aa60000, 0x0aa60000, 0x0b7e0000)
 tenured generation   total 277104K, used 255774K [0x19350000, 0x2a1ec000, 0x43e00000)
   the space 277104K,  92% used [0x19350000, 0x28d178b8, 0x28d17a00, 0x2a1ec000)
 Metaspace       used 3553K, capacity 3598K, committed 3648K, reserved 4480K
}
Event: 6.955 GC heap before
{Heap before GC invocations=88 (full 6):
 def new generation   total 124800K, used 124800K [0x03e00000, 0x0c560000, 0x19350000)
  eden space 110976K, 100% used [0x03e00000, 0x0aa60000, 0x0aa60000)
  from space 13824K, 100% used [0x0b7e0000, 0x0c560000, 0x0c560000)
  to   space 13824K,   0% used [0x0aa60000, 0x0aa60000, 0x0b7e0000)
 tenured generation   total 277104K, used 255774K [0x19350000, 0x2a1ec000, 0x43e00000)
   the space 277104K,  92% used [0x19350000, 0x28d178b8, 0x28d17a00, 0x2a1ec000)
 Metaspace       used 3553K, capacity 3598K, committed 3648K, reserved 4480K
Event: 7.028 GC heap after
Heap after GC invocations=89 (full 6):
 def new generation   total 124800K, used 13824K [0x03e00000, 0x0c560000, 0x19350000)
  eden space 110976K,   0% used [0x03e00000, 0x03e00000, 0x0aa60000)
  from space 13824K, 100% used [0x0aa60000, 0x0b7e0000, 0x0b7e0000)
  to   space 13824K,   0% used [0x0b7e0000, 0x0b7e0000, 0x0c560000)
 tenured generation   total 277104K, used 272418K [0x19350000, 0x2a1ec000, 0x43e00000)
   the space 277104K,  98% used [0x19350000, 0x29d58b78, 0x29d58c00, 0x2a1ec000)
 Metaspace       used 3553K, capacity 3598K, committed 3648K, reserved 4480K
}
Event: 7.203 GC heap before
{Heap before GC invocations=89 (full 6):
 def new generation   total 124800K, used 124800K [0x03e00000, 0x0c560000, 0x19350000)
  eden space 110976K, 100% used [0x03e00000, 0x0aa60000, 0x0aa60000)
  from space 13824K, 100% used [0x0aa60000, 0x0b7e0000, 0x0b7e0000)
  to   space 13824K,   0% used [0x0b7e0000, 0x0b7e0000, 0x0c560000)
 tenured generation   total 277104K, used 272418K [0x19350000, 0x2a1ec000, 0x43e00000)
   the space 277104K,  98% used [0x19350000, 0x29d58ba8, 0x29d58c00, 0x2a1ec000)
 Metaspace       used 3553K, capacity 3598K, committed 3648K, reserved 4480K

Deoptimization events (0 events):
No events

Internal exceptions (5 events):
Event: 0.042 Thread 0x0019bc00 Exception <a 'java/lang/NoSuchMethodError': Method sun.misc.Unsafe.defineClass(Ljava/lang/String;[BII)Ljava/lang/Class; name or signature does not match> (0x03e06ea8) thrown at [C:\re\workspace\8-2-build-windows-i586-cygwin\jdk8u101\7261\hotspot\src\share\½žÁjé—¥?
Event: 0.042 Thread 0x0019bc00 Exception <a 'java/lang/NoSuchMethodError': Method sun.misc.Unsafe.prefetchRead(Ljava/lang/Object;J)V name or signature does not match> (0x03e07178) thrown at [C:\re\workspace\8-2-build-windows-i586-cygwin\jdk8u101\7261\hotspot\src\share\vm\prims\jni.cpp, °1º…£¬ð?
Event: 1.042 Thread 0x445a4000 Exception <a 'java/lang/ArrayIndexOutOfBoundsException': 18> (0x03f44ac0) thrown at [C:\re\workspace\8-2-build-windows-i586-cygwin\jdk8u101\7261\hotspot\src\share\vm\interpreter\interpreterRuntime.cpp, line 366]
Event: 1.042 Thread 0x445a4000 Exception <a 'java/lang/ArrayIndexOutOfBoundsException': 145> (0x03f46360) thrown at [C:\re\workspace\8-2-build-windows-i586-cygwin\jdk8u101\7261\hotspot\src\share\vm\interpreter\interpreterRuntime.cpp, line 366]
Event: 1.043 Thread 0x445a4000 Exception <a 'java/lang/ArrayIndexOutOfBoundsException': 40> (0x03f47440) thrown at [C:\re\workspace\8-2-build-windows-i586-cygwin\jdk8u101\7261\hotspot\src\share\vm\interpreter\interpreterRuntime.cpp, line 366]

Events (10 events):
Event: 6.228 Executing VM operation: GenCollectForAllocation done
Event: 6.432 Executing VM operation: GenCollectForAllocation
Event: 6.505 Executing VM operation: GenCollectForAllocation done
Event: 6.687 Executing VM operation: GenCollectForAllocation
Event: 6.761 Executing VM operation: GenCollectForAllocation done
Event: 6.955 Executing VM operation: GenCollectForAllocation
Event: 7.028 Executing VM operation: GenCollectForAllocation done
Event: 7.203 Executing VM operation: GenCollectForAllocation
Event: 7.203 Executing VM operation: GenCollectForAllocation done
Event: 7.203 Executing VM operation: GenCollectForAllocation


Dynamic libraries:
0x01070000 - 0x010a3000 	C:\Program Files\Java\jdk1.8.0_101\bin\java.exe
0x76f00000 - 0x7703c000 	C:\Windows\SYSTEM32\ntdll.dll
0x755f0000 - 0x756c4000 	C:\Windows\system32\kernel32.dll
0x751f0000 - 0x7523a000 	C:\Windows\system32\KERNELBASE.dll
0x753a0000 - 0x75440000 	C:\Windows\system32\ADVAPI32.dll
0x76520000 - 0x765cc000 	C:\Windows\system32\msvcrt.dll
0x75370000 - 0x75389000 	C:\Windows\SYSTEM32\sechost.dll
0x76470000 - 0x76511000 	C:\Windows\system32\RPCRT4.dll
0x756d0000 - 0x75799000 	C:\Windows\system32\USER32.dll
0x770e0000 - 0x7712e000 	C:\Windows\system32\GDI32.dll
0x75390000 - 0x7539a000 	C:\Windows\system32\LPK.dll
0x76b50000 - 0x76bed000 	C:\Windows\system32\USP10.dll
0x73dc0000 - 0x73f5e000 	C:\Windows\WinSxS\x86_microsoft.windows.common-controls_6595b64144ccf1df_6.0.7600.16385_none_421189da2b7fabfc\COMCTL32.dll
0x76af0000 - 0x76b47000 	C:\Windows\system32\SHLWAPI.dll
0x77040000 - 0x7705f000 	C:\Windows\system32\IMM32.DLL
0x76d30000 - 0x76dfc000 	C:\Windows\system32\MSCTF.dll
0x64db0000 - 0x64e6f000 	C:\Program Files\Java\jdk1.8.0_101\jre\bin\msvcr100.dll
0x51770000 - 0x51b3c000 	C:\Program Files\Java\jdk1.8.0_101\jre\bin\client\jvm.dll
0x70810000 - 0x70817000 	C:\Windows\system32\WSOCK32.dll
0x75440000 - 0x75475000 	C:\Windows\system32\WS2_32.dll
0x75350000 - 0x75356000 	C:\Windows\system32\NSI.dll
0x707c0000 - 0x707f2000 	C:\Windows\system32\WINMM.dll
0x74550000 - 0x74559000 	C:\Windows\system32\VERSION.dll
0x75360000 - 0x75365000 	C:\Windows\system32\PSAPI.DLL
0x720f0000 - 0x720fc000 	C:\Program Files\Java\jdk1.8.0_101\jre\bin\verify.dll
0x72070000 - 0x72091000 	C:\Program Files\Java\jdk1.8.0_101\jre\bin\java.dll
0x720b0000 - 0x720c3000 	C:\Program Files\Java\jdk1.8.0_101\jre\bin\zip.dll
0x75820000 - 0x76469000 	C:\Windows\system32\SHELL32.dll
0x75490000 - 0x755ec000 	C:\Windows\system32\ole32.dll
0x75050000 - 0x7505b000 	C:\Windows\system32\profapi.dll
0x72db0000 - 0x72e9b000 	C:\Windows\system32\dbghelp.dll

VM Arguments:
jvm_args: -Djava.awt.headless=true -Xmx1024M -Dfile.encoding=windows-1252 -Duser.country=US -Duser.language=en -Duser.variant 
java_command: com.android.dx.command.Main --dex --num-threads=4 --multi-dex --main-dex-list E:\SandeepProjectResources\MobipugNew\Mobipug27.10.18\MobipugSource\app\build\intermediates\multi-dex\debug\maindexlist.txt --output E:\SandeepProjectResources\MobipugNew\Mobipug27.10.18\MobipugSource\app\build\intermediates\transforms\dex\debug\folders\1000\1f\main E:\SandeepProjectResources\MobipugNew\Mobipug27.10.18\MobipugSource\app\build\intermediates\transforms\jarMerging\debug\jars\1\1f\combined.jar
java_class_path (initial): C:\Users\android-4\AppData\Local\Android\Sdk\build-tools\26.0.2\lib\dx.jar
Launcher Type: SUN_STANDARD

Environment Variables:
PATH=C:\ProgramData\Oracle\Java\javapath;C:\Windows\system32;C:\Windows;C:\Windows\System32\Wbem;C:\Windows\System32\WindowsPowerShell\v1.0\;C:\Program Files\Intel\OpenCL SDK\2.0\bin\x86;C:\Program Files\Skype\Phone\
USERNAME=android-4
OS=Windows_NT
PROCESSOR_IDENTIFIER=x86 Family 6 Model 42 Stepping 7, GenuineIntel



---------------  S Y S T E M  ---------------

OS: Windows 7 Build 7600 (6.1.7600.16385)

CPU:total 4 (2 cores per cpu, 2 threads per core) family 6 model 42 stepping 7, cmov, cx8, fxsr, mmx, sse, sse2, sse3, ssse3, sse4.1, sse4.2, popcnt, clmul, ht, tsc, tscinvbit

Memory: 4k page, physical 3578328k(1023772k free), swap 24056564k(20255476k free)

vm_info: Java HotSpot(TM) Client VM (25.101-b13) for windows-x86 JRE (1.8.0_101-b13), built on Jun 22 2016 00:45:44 by "java_re" with MS VC++ 10.0 (VS2010)

time: Sat Nov 10 16:47:48 2018
elapsed time: 7 seconds (0d 0h 0m 7s)

