#
# A fatal error has been detected by the Java Runtime Environment:
#
#  EXCEPTION_ACCESS_VIOLATION (0xc0000005) at pc=0x52d05a78, pid=5860, tid=0x00001050
#
# JRE version: Java(TM) SE Runtime Environment (8.0_101-b13) (build 1.8.0_101-b13)
# Java VM: Java HotSpot(TM) Client VM (25.101-b13 mixed mode windows-x86 )
# Problematic frame:
# V  [jvm.dll+0xa5a78]
#
# Failed to write core dump. Minidumps are not enabled by default on client versions of Windows
#
# If you would like to submit a bug report, please visit:
#   http://bugreport.java.com/bugreport/crash.jsp
#

---------------  T H R E A D  ---------------

Current thread (0x443ea800):  VMThread [stack: 0x01230000,0x01280000] [id=4176]

siginfo: ExceptionCode=0xc0000005, reading address 0x00000075

Registers:
EAX=0x00000001, EBX=0x0127f704, ECX=0x43f702a8, EDX=0x3ffffffe
ESP=0x0127f6b8, EBP=0x0127f6e0, ESI=0x06e63fc0, EDI=0x06f090d8
EIP=0x52d05a78, EFLAGS=0x00010246

Top of Stack: (sp=0x0127f6b8)
0x0127f6b8:   01742660 0127f704 00000001 01742660
0x0127f6c8:   14d10000 06e63f70 06e63fc0 03c00000
0x0127f6d8:   00000000 3dfe6b88 0127f6f4 52cf9ba2
0x0127f6e8:   0127f704 0173f210 0173f210 0127f710
0x0127f6f8:   52cf85bd 0127f704 0173f210 01744050
0x0127f708:   01744170 3dfe6c00 0127f7fc 52cfb4be
0x0127f718:   443d8518 017b3230 01744050 52f3b934
0x0127f728:   00000100 017b3230 00000000 04563f6c 

Instructions: (pc=0x52d05a78)
0x52d05a58:   d3 e3 4a c1 f8 10 25 ff 00 00 00 03 da 03 c3 8b
0x52d05a68:   5d 08 f7 d2 c1 e8 02 c1 ea 02 23 c2 eb 08 8b 01
0x52d05a78:   8b 50 74 57 ff d2 8d 3c 87 3b 7d e8 73 09 8b 07
0x52d05a88:   83 e0 03 3c 03 75 a6 83 7d f8 00 76 5f 3b 75 fc 


Register to memory mapping:

EAX=0x00000001 is an unknown value
EBX=0x0127f704 is an unknown value
ECX=0x43f702a8 is pointing into metadata
EDX=
[error occurred during error reporting (printing register info), id 0xc0000005]

Stack: [0x01230000,0x01280000],  sp=0x0127f6b8,  free space=317k
Native frames: (J=compiled Java code, j=interpreted, Vv=VM code, C=native code)
V  [jvm.dll+0xa5a78]
V  [jvm.dll+0x99ba2]
V  [jvm.dll+0x985bd]
V  [jvm.dll+0x9b4be]
V  [jvm.dll+0x9a27f]
V  [jvm.dll+0xa64b2]
V  [jvm.dll+0x98e73]
V  [jvm.dll+0x92e25]
V  [jvm.dll+0x1b81c6]
V  [jvm.dll+0x18292b]
V  [jvm.dll+0x181d31]
V  [jvm.dll+0x182147]
V  [jvm.dll+0x182342]
V  [jvm.dll+0x1c1ed6]
C  [msvcr100.dll+0x5c556]
C  [msvcr100.dll+0x5c600]
C  [kernel32.dll+0x51174]
C  [ntdll.dll+0x5b3f5]
C  [ntdll.dll+0x5b3c8]

VM_Operation (0x44a4edf8): GenCollectForAllocation, mode: safepoint, requested by thread 0x445b4000


---------------  P R O C E S S  ---------------

Java Threads: ( => current thread )
  0x445c9400 JavaThread "pool-2-thread-4" [_thread_blocked, id=5108, stack(0x44880000,0x448d0000)]
  0x445b4000 JavaThread "pool-2-thread-3" [_thread_blocked, id=5728, stack(0x44a00000,0x44a50000)]
  0x44583400 JavaThread "pool-2-thread-2" [_thread_blocked, id=832, stack(0x44bd0000,0x44c20000)]
  0x44582800 JavaThread "pool-3-thread-1" [_thread_blocked, id=4624, stack(0x445e0000,0x44630000)]
  0x44581800 JavaThread "pool-2-thread-1" [_thread_blocked, id=5080, stack(0x44ab0000,0x44b00000)]
  0x4444dc00 JavaThread "Service Thread" daemon [_thread_blocked, id=5356, stack(0x01600000,0x01650000)]
  0x4443a400 JavaThread "C1 CompilerThread0" daemon [_thread_blocked, id=5908, stack(0x449b0000,0x44a00000)]
  0x44439000 JavaThread "Attach Listener" daemon [_thread_blocked, id=2008, stack(0x448f0000,0x44940000)]
  0x44436000 JavaThread "Signal Dispatcher" daemon [_thread_blocked, id=4344, stack(0x446e0000,0x44730000)]
  0x44416c00 JavaThread "Finalizer" daemon [_thread_blocked, id=5220, stack(0x44750000,0x447a0000)]
  0x443f0400 JavaThread "Reference Handler" daemon [_thread_blocked, id=332, stack(0x44680000,0x446d0000)]
  0x0120bc00 JavaThread "main" [_thread_blocked, id=6056, stack(0x01690000,0x016e0000)]

Other Threads:
=>0x443ea800 VMThread [stack: 0x01230000,0x01280000] [id=4176]
  0x4442f000 WatcherThread [stack: 0x44630000,0x44680000] [id=2696]

VM state:at safepoint (normal execution)

VM Mutex/Monitor currently owned by a thread:  ([mutex/lock_event])
[0x0120a230] Threads_lock - owner thread: 0x443ea800
[0x0120a640] Heap_lock - owner thread: 0x445b4000

Heap:
 def new generation   total 314560K, used 314559K [0x03c00000, 0x19150000, 0x19150000)
  eden space 279616K, 100% used [0x03c00000, 0x14d10000, 0x14d10000)
  from space 34944K,  99% used [0x16f30000, 0x1914fff8, 0x19150000)
  to   space 34944K,   0% used [0x14d10000, 0x14d10000, 0x16f30000)
 tenured generation   total 699072K, used 663401K [0x19150000, 0x43c00000, 0x43c00000)
   the space 699072K,  94% used [0x19150000, 0x4192a758, 0x3dfe6c00, 0x43c00000)
 Metaspace       used 3549K, capacity 3598K, committed 3648K, reserved 4480K

Card table byte_map: [0x43c00000,0x43e10000] byte_map_base: 0x43be2000

Polling page: 0x001a0000

CodeCache: size=32768Kb used=3641Kb max_used=3641Kb free=29126Kb
 bounds [0x01bf0000, 0x01f80000, 0x03bf0000]
 total_blobs=1884 nmethods=1737 adapters=77
 compilation: enabled

Compilation events (10 events):
Event: 20.806 Thread 0x4443a400 1735             com.android.dx.util.BitIntSet::iterator (9 bytes)
Event: 20.807 Thread 0x4443a400 nmethod 1735 0x01f7a808 code [0x01f7a910, 0x01f7a9fc]
Event: 21.264 Thread 0x4443a400 1736             com.android.dx.util.Bits::bitCount (29 bytes)
Event: 21.264 Thread 0x4443a400 nmethod 1736 0x01f7aa88 code [0x01f7ab90, 0x01f7ac6c]
Event: 21.389 Thread 0x4443a400 1737             com.android.dx.ssa.back.RegisterAllocator::insertMoveBefore (240 bytes)
Event: 21.392 Thread 0x4443a400 nmethod 1737 0x01f7ad48 code [0x01f7aff0, 0x01f7bb3c]
Event: 21.452 Thread 0x4443a400 1738             java.util.HashMap$TreeNode::putTreeVal (314 bytes)
Event: 21.453 Thread 0x4443a400 nmethod 1738 0x01f7cf88 code [0x01f7d120, 0x01f7d5bc]
Event: 21.836 Thread 0x4443a400 1739             com.android.dx.ssa.back.FirstFitLocalCombiningAllocator::ssaSetToSpecs (57 bytes)
Event: 21.837 Thread 0x4443a400 nmethod 1739 0x01f7db48 code [0x01f7dce0, 0x01f7e0cc]

GC Heap History (10 events):
Event: 16.414 GC heap after
Heap after GC invocations=98 (full 7):
 def new generation   total 224384K, used 24896K [0x03c00000, 0x12f70000, 0x19150000)
  eden space 199488K,   0% used [0x03c00000, 0x03c00000, 0x0fed0000)
  from space 24896K, 100% used [0x11720000, 0x12f70000, 0x12f70000)
  to   space 24896K,   0% used [0x0fed0000, 0x0fed0000, 0x11720000)
 tenured generation   total 498440K, used 482761K [0x19150000, 0x37812000, 0x43c00000)
   the space 498440K,  96% used [0x19150000, 0x368c2728, 0x368c2800, 0x37812000)
 Metaspace       used 3544K, capacity 3566K, committed 3648K, reserved 4480K
}
Event: 16.862 GC heap before
{Heap before GC invocations=98 (full 7):
 def new generation   total 224384K, used 224384K [0x03c00000, 0x12f70000, 0x19150000)
  eden space 199488K, 100% used [0x03c00000, 0x0fed0000, 0x0fed0000)
  from space 24896K, 100% used [0x11720000, 0x12f70000, 0x12f70000)
  to   space 24896K,   0% used [0x0fed0000, 0x0fed0000, 0x11720000)
 tenured generation   total 498440K, used 482761K [0x19150000, 0x37812000, 0x43c00000)
   the space 498440K,  96% used [0x19150000, 0x368c2728, 0x368c2800, 0x37812000)
 Metaspace       used 3544K, capacity 3566K, committed 3648K, reserved 4480K
Event: 18.462 GC heap after
Heap after GC invocations=99 (full 8):
 def new generation   total 314560K, used 6623K [0x03c00000, 0x19150000, 0x19150000)
  eden space 279616K,   2% used [0x03c00000, 0x04277c08, 0x14d10000)
  from space 34944K,   0% used [0x14d10000, 0x14d10000, 0x16f30000)
  to   space 34944K,   0% used [0x16f30000, 0x16f30000, 0x19150000)
 tenured generation   total 699072K, used 512647K [0x19150000, 0x43c00000, 0x43c00000)
   the space 699072K,  73% used [0x19150000, 0x385f1fe8, 0x385f2000, 0x43c00000)
 Metaspace       used 3544K, capacity 3566K, committed 3648K, reserved 4480K
}
Event: 20.300 GC heap before
{Heap before GC invocations=99 (full 8):
 def new generation   total 314560K, used 279616K [0x03c00000, 0x19150000, 0x19150000)
  eden space 279616K, 100% used [0x03c00000, 0x14d10000, 0x14d10000)
  from space 34944K,   0% used [0x14d10000, 0x14d10000, 0x16f30000)
  to   space 34944K,   0% used [0x16f30000, 0x16f30000, 0x19150000)
 tenured generation   total 699072K, used 512647K [0x19150000, 0x43c00000, 0x43c00000)
   the space 699072K,  73% used [0x19150000, 0x385f1fe8, 0x385f2000, 0x43c00000)
 Metaspace       used 3549K, capacity 3598K, committed 3648K, reserved 4480K
Event: 20.707 GC heap after
Heap after GC invocations=100 (full 8):
 def new generation   total 314560K, used 34943K [0x03c00000, 0x19150000, 0x19150000)
  eden space 279616K,   0% used [0x03c00000, 0x03c00000, 0x14d10000)
  from space 34944K,  99% used [0x16f30000, 0x1914fff8, 0x19150000)
  to   space 34944K,   0% used [0x14d10000, 0x14d10000, 0x16f30000)
 tenured generation   total 699072K, used 580420K [0x19150000, 0x43c00000, 0x43c00000)
   the space 699072K,  83% used [0x19150000, 0x3c8210c8, 0x3c821200, 0x43c00000)
 Metaspace       used 3549K, capacity 3598K, committed 3648K, reserved 4480K
}
Event: 21.492 GC heap before
{Heap before GC invocations=100 (full 8):
 def new generation   total 314560K, used 314559K [0x03c00000, 0x19150000, 0x19150000)
  eden space 279616K, 100% used [0x03c00000, 0x14d10000, 0x14d10000)
  from space 34944K,  99% used [0x16f30000, 0x1914fff8, 0x19150000)
  to   space 34944K,   0% used [0x14d10000, 0x14d10000, 0x16f30000)
 tenured generation   total 699072K, used 580420K [0x19150000, 0x43c00000, 0x43c00000)
   the space 699072K,  83% used [0x19150000, 0x3c8210c8, 0x3c821200, 0x43c00000)
 Metaspace       used 3549K, capacity 3598K, committed 3648K, reserved 4480K
Event: 21.639 GC heap after
Heap after GC invocations=101 (full 8):
 def new generation   total 314560K, used 34944K [0x03c00000, 0x19150000, 0x19150000)
  eden space 279616K,   0% used [0x03c00000, 0x03c00000, 0x14d10000)
  from space 34944K, 100% used [0x14d10000, 0x16f30000, 0x16f30000)
  to   space 34944K,   0% used [0x16f30000, 0x16f30000, 0x19150000)
 tenured generation   total 699072K, used 618283K [0x19150000, 0x43c00000, 0x43c00000)
   the space 699072K,  88% used [0x19150000, 0x3ed1aea8, 0x3ed1b000, 0x43c00000)
 Metaspace       used 3549K, capacity 3598K, committed 3648K, reserved 4480K
}
Event: 22.290 GC heap before
{Heap before GC invocations=101 (full 8):
 def new generation   total 314560K, used 314560K [0x03c00000, 0x19150000, 0x19150000)
  eden space 279616K, 100% used [0x03c00000, 0x14d10000, 0x14d10000)
  from space 34944K, 100% used [0x14d10000, 0x16f30000, 0x16f30000)
  to   space 34944K,   0% used [0x16f30000, 0x16f30000, 0x19150000)
 tenured generation   total 699072K, used 618283K [0x19150000, 0x43c00000, 0x43c00000)
   the space 699072K,  88% used [0x19150000, 0x3ed1aea8, 0x3ed1b000, 0x43c00000)
 Metaspace       used 3549K, capacity 3598K, committed 3648K, reserved 4480K
Event: 22.424 GC heap after
Heap after GC invocations=102 (full 8):
 def new generation   total 314560K, used 34943K [0x03c00000, 0x19150000, 0x19150000)
  eden space 279616K,   0% used [0x03c00000, 0x03c00000, 0x14d10000)
  from space 34944K,  99% used [0x16f30000, 0x1914fff8, 0x19150000)
  to   space 34944K,   0% used [0x14d10000, 0x14d10000, 0x16f30000)
 tenured generation   total 699072K, used 663401K [0x19150000, 0x43c00000, 0x43c00000)
   the space 699072K,  94% used [0x19150000, 0x4192a758, 0x4192a800, 0x43c00000)
 Metaspace       used 3549K, capacity 3598K, committed 3648K, reserved 4480K
}
Event: 23.354 GC heap before
{Heap before GC invocations=102 (full 8):
 def new generation   total 314560K, used 314559K [0x03c00000, 0x19150000, 0x19150000)
  eden space 279616K, 100% used [0x03c00000, 0x14d10000, 0x14d10000)
  from space 34944K,  99% used [0x16f30000, 0x1914fff8, 0x19150000)
  to   space 34944K,   0% used [0x14d10000, 0x14d10000, 0x16f30000)
 tenured generation   total 699072K, used 663401K [0x19150000, 0x43c00000, 0x43c00000)
   the space 699072K,  94% used [0x19150000, 0x4192a758, 0x4192a800, 0x43c00000)
 Metaspace       used 3549K, capacity 3598K, committed 3648K, reserved 4480K

Deoptimization events (0 events):
No events

Internal exceptions (5 events):
Event: 0.306 Thread 0x0120bc00 Exception <a 'java/lang/NoSuchMethodError': Method sun.misc.Unsafe.defineClass(Ljava/lang/String;[BII)Ljava/lang/Class; name or signature does not match> (0x03c06ea8) thrown at [C:\re\workspace\8-2-build-windows-i586-cygwin\jdk8u101\7261\hotspot\src\share\uQz—Ó?
Event: 0.306 Thread 0x0120bc00 Exception <a 'java/lang/NoSuchMethodError': Method sun.misc.Unsafe.prefetchRead(Ljava/lang/Object;J)V name or signature does not match> (0x03c07178) thrown at [C:\re\workspace\8-2-build-windows-i586-cygwin\jdk8u101\7261\hotspot\src\share\vm\prims\jni.cpp, 
Event: 2.529 Thread 0x44583400 Exception <a 'java/lang/ArrayIndexOutOfBoundsException': 18> (0x0417d610) thrown at [C:\re\workspace\8-2-build-windows-i586-cygwin\jdk8u101\7261\hotspot\src\share\vm\interpreter\interpreterRuntime.cpp, line 366]
Event: 2.529 Thread 0x44583400 Exception <a 'java/lang/ArrayIndexOutOfBoundsException': 145> (0x0417eeb0) thrown at [C:\re\workspace\8-2-build-windows-i586-cygwin\jdk8u101\7261\hotspot\src\share\vm\interpreter\interpreterRuntime.cpp, line 366]
Event: 2.557 Thread 0x44583400 Exception <a 'java/lang/ArrayIndexOutOfBoundsException': 40> (0x0417ff90) thrown at [C:\re\workspace\8-2-build-windows-i586-cygwin\jdk8u101\7261\hotspot\src\share\vm\interpreter\interpreterRuntime.cpp, line 366]

Events (10 events):
Event: 20.096 loading class com/android/dx/util/ListIntSet$1 done
Event: 20.097 Executing VM operation: Deoptimize
Event: 20.097 Executing VM operation: Deoptimize done
Event: 20.299 Executing VM operation: GenCollectForAllocation
Event: 20.707 Executing VM operation: GenCollectForAllocation done
Event: 21.492 Executing VM operation: GenCollectForAllocation
Event: 21.639 Executing VM operation: GenCollectForAllocation done
Event: 22.290 Executing VM operation: GenCollectForAllocation
Event: 22.424 Executing VM operation: GenCollectForAllocation done
Event: 23.354 Executing VM operation: GenCollectForAllocation


Dynamic libraries:
0x001d0000 - 0x00203000 	C:\Program Files\Java\jdk1.8.0_101\bin\java.exe
0x772a0000 - 0x773dc000 	C:\Windows\SYSTEM32\ntdll.dll
0x75b10000 - 0x75be4000 	C:\Windows\system32\kernel32.dll
0x75650000 - 0x7569a000 	C:\Windows\system32\KERNELBASE.dll
0x77410000 - 0x774b0000 	C:\Windows\system32\ADVAPI32.dll
0x771a0000 - 0x7724c000 	C:\Windows\system32\msvcrt.dll
0x774b0000 - 0x774c9000 	C:\Windows\SYSTEM32\sechost.dll
0x77010000 - 0x770b1000 	C:\Windows\system32\RPCRT4.dll
0x76ee0000 - 0x76fa9000 	C:\Windows\system32\USER32.dll
0x75e30000 - 0x75e7e000 	C:\Windows\system32\GDI32.dll
0x75a30000 - 0x75a3a000 	C:\Windows\system32\LPK.dll
0x77100000 - 0x7719d000 	C:\Windows\system32\USP10.dll
0x74160000 - 0x742fe000 	C:\Windows\WinSxS\x86_microsoft.windows.common-controls_6595b64144ccf1df_6.0.7600.16385_none_421189da2b7fabfc\COMCTL32.dll
0x759d0000 - 0x75a27000 	C:\Windows\system32\SHLWAPI.dll
0x773e0000 - 0x773ff000 	C:\Windows\system32\IMM32.DLL
0x75a40000 - 0x75b0c000 	C:\Windows\system32\MSCTF.dll
0x53030000 - 0x530ef000 	C:\Program Files\Java\jdk1.8.0_101\jre\bin\msvcr100.dll
0x52c60000 - 0x5302c000 	C:\Program Files\Java\jdk1.8.0_101\jre\bin\client\jvm.dll
0x70bb0000 - 0x70bb7000 	C:\Windows\system32\WSOCK32.dll
0x770c0000 - 0x770f5000 	C:\Windows\system32\WS2_32.dll
0x77400000 - 0x77406000 	C:\Windows\system32\NSI.dll
0x70b60000 - 0x70b92000 	C:\Windows\system32\WINMM.dll
0x748f0000 - 0x748f9000 	C:\Windows\system32\VERSION.dll
0x75c00000 - 0x75c05000 	C:\Windows\system32\PSAPI.DLL
0x65c60000 - 0x65c6c000 	C:\Program Files\Java\jdk1.8.0_101\jre\bin\verify.dll
0x65c30000 - 0x65c51000 	C:\Program Files\Java\jdk1.8.0_101\jre\bin\java.dll
0x65c10000 - 0x65c23000 	C:\Program Files\Java\jdk1.8.0_101\jre\bin\zip.dll
0x75f90000 - 0x76bd9000 	C:\Windows\system32\SHELL32.dll
0x75c10000 - 0x75d6c000 	C:\Windows\system32\ole32.dll
0x753f0000 - 0x753fb000 	C:\Windows\system32\profapi.dll
0x73150000 - 0x7323b000 	C:\Windows\system32\dbghelp.dll

VM Arguments:
jvm_args: -Djava.awt.headless=true -Xmx1024M -Dfile.encoding=windows-1252 -Duser.country=US -Duser.language=en -Duser.variant 
java_command: com.android.dx.command.Main --dex --num-threads=4 --multi-dex --main-dex-list E:\SandeepProjectResources\MobipugNew\Mobipug27.10.18\MobipugSource\app\build\intermediates\multi-dex\debug\maindexlist.txt --output E:\SandeepProjectResources\MobipugNew\Mobipug27.10.18\MobipugSource\app\build\intermediates\transforms\dex\debug\folders\1000\1f\main E:\SandeepProjectResources\MobipugNew\Mobipug27.10.18\MobipugSource\app\build\intermediates\transforms\jarMerging\debug\jars\1\1f\combined.jar
java_class_path (initial): C:\Users\android-4\AppData\Local\Android\Sdk\build-tools\26.0.2\lib\dx.jar
Launcher Type: SUN_STANDARD

Environment Variables:
PATH=C:\ProgramData\Oracle\Java\javapath;C:\Windows\system32;C:\Windows;C:\Windows\System32\Wbem;C:\Windows\System32\WindowsPowerShell\v1.0\;C:\Program Files\Intel\OpenCL SDK\2.0\bin\x86;C:\Program Files\Skype\Phone\
USERNAME=android-4
OS=Windows_NT
PROCESSOR_IDENTIFIER=x86 Family 6 Model 42 Stepping 7, GenuineIntel



---------------  S Y S T E M  ---------------

OS: Windows 7 Build 7600 (6.1.7600.16385)

CPU:total 4 (2 cores per cpu, 2 threads per core) family 6 model 42 stepping 7, cmov, cx8, fxsr, mmx, sse, sse2, sse3, ssse3, sse4.1, sse4.2, popcnt, clmul, ht, tsc, tscinvbit

Memory: 4k page, physical 3578328k(205984k free), swap 24056564k(18309988k free)

vm_info: Java HotSpot(TM) Client VM (25.101-b13) for windows-x86 JRE (1.8.0_101-b13), built on Jun 22 2016 00:45:44 by "java_re" with MS VC++ 10.0 (VS2010)

time: Tue Nov 13 17:17:40 2018
elapsed time: 24 seconds (0d 0h 0m 24s)

