#
# A fatal error has been detected by the Java Runtime Environment:
#
#  EXCEPTION_ACCESS_VIOLATION (0xc0000005) at pc=0x503c5695, pid=688, tid=0x00000e64
#
# JRE version: Java(TM) SE Runtime Environment (8.0_101-b13) (build 1.8.0_101-b13)
# Java VM: Java HotSpot(TM) Client VM (25.101-b13 mixed mode windows-x86 )
# Problematic frame:
# V  [jvm.dll+0xa5695]
#
# Failed to write core dump. Minidumps are not enabled by default on client versions of Windows
#
# If you would like to submit a bug report, please visit:
#   http://bugreport.java.com/bugreport/crash.jsp
#

---------------  T H R E A D  ---------------

Current thread (0x443ea800):  VMThread [stack: 0x44670000,0x446c0000] [id=3684]

siginfo: ExceptionCode=0xc0000005, reading address 0x00000145

Registers:
EAX=0x00000029, EBX=0x446befac, ECX=0x440dd3b8, EDX=0x00000001
ESP=0x446bef80, EBP=0x446bef8c, ESI=0x277118d8, EDI=0x274d10d8
EIP=0x503c5695, EFLAGS=0x00010283

Top of Stack: (sp=0x446bef80)
0x446bef80:   37c41ff8 19150000 19150000 446befc0
0x446bef90:   503c54ab 19150000 07abc7fe 19150000
0x446befa0:   37c41ff8 446befac 011731b8 505fdbb8
0x446befb0:   37c41f00 011dffa0 19150000 446bf174
0x446befc0:   446befe8 503c49f7 19150000 07abc7fe
0x446befd0:   19150000 37c41ff8 07abc7fe 19150000
0x446befe0:   43caaa7f 19150000 446bf010 503b19ce
0x446beff0:   19150000 07abc7fe 0123d6e8 505fe01c 

Instructions: (pc=0x503c5695)
0x503c5675:   08 8b 01 8b 50 74 57 ff d2 8d 34 87 3b 75 14 73
0x503c5685:   6a eb 08 8d a4 24 00 00 00 00 90 8b 4f 04 8b 01
0x503c5695:   8b 90 1c 01 00 00 53 57 ff d2 8b 4e 04 8b 41 04
0x503c56a5:   8b fe 85 c0 7e 09 a8 01 75 31 c1 f8 02 eb 34 79 


Register to memory mapping:

EAX=0x00000029 is an unknown value
EBX=0x446befac is an unknown value
ECX=0x440dd3b8 is pointing into metadata
EDX=0x00000001 is an unknown value
ESP=0x446bef80 is an unknown value
EBP=0x446bef8c is an unknown value
ESI=0x277118d8 is pointing into object: 0x277118c8
com.android.dx.dex.code.CstInsn 
 - klass: 'com/android/dx/dex/code/CstInsn'
EDI=0x274d10d8 is an oop

[error occurred during error reporting (printing register info), id 0xc0000005]

Stack: [0x44670000,0x446c0000],  sp=0x446bef80,  free space=315k
Native frames: (J=compiled Java code, j=interpreted, Vv=VM code, C=native code)
V  [jvm.dll+0xa5695]
V  [jvm.dll+0xa54ab]
V  [jvm.dll+0xa49f7]
V  [jvm.dll+0x919ce]
V  [jvm.dll+0x90eb0]
V  [jvm.dll+0x91484]
V  [jvm.dll+0x9a40c]
V  [jvm.dll+0x91344]
V  [jvm.dll+0x9933e]
V  [jvm.dll+0x951a9]
V  [jvm.dll+0x98e73]
V  [jvm.dll+0x92e25]
V  [jvm.dll+0x1b81c6]
V  [jvm.dll+0x18292b]
V  [jvm.dll+0x181d31]
V  [jvm.dll+0x182147]
V  [jvm.dll+0x182342]
V  [jvm.dll+0x1c1ed6]
C  [msvcr100.dll+0x5c556]
C  [msvcr100.dll+0x5c600]
C  [kernel32.dll+0x51174]
C  [ntdll.dll+0x5b3f5]
C  [ntdll.dll+0x5b3c8]

VM_Operation (0x44b9ec68): GenCollectForAllocation, mode: safepoint, requested by thread 0x445bdc00


---------------  P R O C E S S  ---------------

Java Threads: ( => current thread )
  0x445bd000 JavaThread "pool-2-thread-4" [_thread_blocked, id=2440, stack(0x44d00000,0x44d50000)]
  0x445b9c00 JavaThread "pool-2-thread-3" [_thread_blocked, id=4892, stack(0x44c30000,0x44c80000)]
  0x445bdc00 JavaThread "pool-2-thread-2" [_thread_blocked, id=4844, stack(0x44b50000,0x44ba0000)]
  0x44592c00 JavaThread "pool-3-thread-1" [_thread_blocked, id=4052, stack(0x44990000,0x449e0000)]
  0x4458d400 JavaThread "pool-2-thread-1" [_thread_blocked, id=5548, stack(0x44860000,0x448b0000)]
  0x4444c800 JavaThread "Service Thread" daemon [_thread_blocked, id=4700, stack(0x445e0000,0x44630000)]
  0x4443a400 JavaThread "C1 CompilerThread0" daemon [_thread_blocked, id=3204, stack(0x44900000,0x44950000)]
  0x44439000 JavaThread "Attach Listener" daemon [_thread_blocked, id=3824, stack(0x448b0000,0x44900000)]
  0x44436000 JavaThread "Signal Dispatcher" daemon [_thread_blocked, id=5536, stack(0x447b0000,0x44800000)]
  0x44416c00 JavaThread "Finalizer" daemon [_thread_blocked, id=2760, stack(0x44810000,0x44860000)]
  0x443f0400 JavaThread "Reference Handler" daemon [_thread_blocked, id=4036, stack(0x44730000,0x44780000)]
  0x0123bc00 JavaThread "main" [_thread_blocked, id=4916, stack(0x01260000,0x012b0000)]

Other Threads:
=>0x443ea800 VMThread [stack: 0x44670000,0x446c0000] [id=3684]
  0x44430000 WatcherThread [stack: 0x44a20000,0x44a70000] [id=5436]

VM state:at safepoint (normal execution)

VM Mutex/Monitor currently owned by a thread:  ([mutex/lock_event])
[0x0123a230] Threads_lock - owner thread: 0x443ea800
[0x0123a640] Heap_lock - owner thread: 0x445bdc00

Heap:
 def new generation   total 314560K, used 279616K [0x03c00000, 0x19150000, 0x19150000)
  eden space 279616K, 100% used [0x03c00000, 0x14d10000, 0x14d10000)
  from space 34944K,   0% used [0x14d10000, 0x14d10000, 0x16f30000)
  to   space 34944K,   1% used [0x16f30000, 0x16fadbd8, 0x19150000)
 tenured generation   total 699072K, used 502727K [0x19150000, 0x43c00000, 0x43c00000)
   the space 699072K,  71% used [0x19150000, 0x37c41ff8, 0x37c42000, 0x43c00000)
 Metaspace       used 3547K, capacity 3598K, committed 3648K, reserved 4480K

Card table byte_map: [0x43c00000,0x43e10000] byte_map_base: 0x43be2000

Polling page: 0x00190000

CodeCache: size=32768Kb used=3571Kb max_used=3571Kb free=29197Kb
 bounds [0x01b30000, 0x01eb0000, 0x03b30000]
 total_blobs=1876 nmethods=1729 adapters=77
 compilation: enabled

Compilation events (10 events):
Event: 10.892 Thread 0x4443a400 1727             com.android.dx.dex.file.UniformListItem::writeSize (28 bytes)
Event: 10.893 Thread 0x4443a400 nmethod 1727 0x01eab588 code [0x01eab6c0, 0x01eab850]
Event: 11.093 Thread 0x4443a400 1728             com.android.dx.cf.code.Simulator$SimVisitor::visitSwitch (54 bytes)
Event: 11.093 Thread 0x4443a400 nmethod 1728 0x01eab9c8 code [0x01eabb00, 0x01eabce4]
Event: 11.114 Thread 0x4443a400 1729             com.android.dx.rop.cst.CstLiteral32::compareTo0 (30 bytes)
Event: 11.115 Thread 0x4443a400 nmethod 1729 0x01eabec8 code [0x01eabfc0, 0x01eac0a0]
Event: 12.764 Thread 0x4443a400 1730 %           java.lang.ref.Reference$ReferenceHandler::run @ 0 (8 bytes)
Event: 12.764 Thread 0x4443a400 nmethod 1730% 0x01eac148 code [0x01eac250, 0x01eac2fc]
Event: 12.765 Thread 0x4443a400 1731 % !         java.lang.ref.Finalizer$FinalizerThread::run @ 33 (55 bytes)
Event: 12.765 Thread 0x4443a400 nmethod 1731% 0x01eac388 code [0x01eac4e0, 0x01eac894]

GC Heap History (10 events):
Event: 9.501 GC heap after
Heap after GC invocations=94 (full 7):
 def new generation   total 219968K, used 24384K [0x03c00000, 0x12aa0000, 0x19150000)
  eden space 195584K,   0% used [0x03c00000, 0x03c00000, 0x0fb00000)
  from space 24384K, 100% used [0x0fb00000, 0x112d0000, 0x112d0000)
  to   space 24384K,   0% used [0x112d0000, 0x112d0000, 0x12aa0000)
 tenured generation   total 488648K, used 394115K [0x19150000, 0x36e82000, 0x43c00000)
   the space 488648K,  80% used [0x19150000, 0x31230f30, 0x31231000, 0x36e82000)
 Metaspace       used 3547K, capacity 3598K, committed 3648K, reserved 4480K
}
Event: 9.828 GC heap before
{Heap before GC invocations=94 (full 7):
 def new generation   total 219968K, used 219968K [0x03c00000, 0x12aa0000, 0x19150000)
  eden space 195584K, 100% used [0x03c00000, 0x0fb00000, 0x0fb00000)
  from space 24384K, 100% used [0x0fb00000, 0x112d0000, 0x112d0000)
  to   space 24384K,   0% used [0x112d0000, 0x112d0000, 0x12aa0000)
 tenured generation   total 488648K, used 394115K [0x19150000, 0x36e82000, 0x43c00000)
   the space 488648K,  80% used [0x19150000, 0x31230f30, 0x31231000, 0x36e82000)
 Metaspace       used 3547K, capacity 3598K, committed 3648K, reserved 4480K
Event: 9.950 GC heap after
Heap after GC invocations=95 (full 7):
 def new generation   total 219968K, used 24383K [0x03c00000, 0x12aa0000, 0x19150000)
  eden space 195584K,   0% used [0x03c00000, 0x03c00000, 0x0fb00000)
  from space 24384K,  99% used [0x112d0000, 0x12a9fff8, 0x12aa0000)
  to   space 24384K,   0% used [0x0fb00000, 0x0fb00000, 0x112d0000)
 tenured generation   total 488648K, used 421062K [0x19150000, 0x36e82000, 0x43c00000)
   the space 488648K,  86% used [0x19150000, 0x32c81a68, 0x32c81c00, 0x36e82000)
 Metaspace       used 3547K, capacity 3598K, committed 3648K, reserved 4480K
}
Event: 10.252 GC heap before
{Heap before GC invocations=95 (full 7):
 def new generation   total 219968K, used 219967K [0x03c00000, 0x12aa0000, 0x19150000)
  eden space 195584K, 100% used [0x03c00000, 0x0fb00000, 0x0fb00000)
  from space 24384K,  99% used [0x112d0000, 0x12a9fff8, 0x12aa0000)
  to   space 24384K,   0% used [0x0fb00000, 0x0fb00000, 0x112d0000)
 tenured generation   total 488648K, used 421062K [0x19150000, 0x36e82000, 0x43c00000)
   the space 488648K,  86% used [0x19150000, 0x32c81a68, 0x32c81c00, 0x36e82000)
 Metaspace       used 3547K, capacity 3598K, committed 3648K, reserved 4480K
Event: 10.372 GC heap after
Heap after GC invocations=96 (full 7):
 def new generation   total 219968K, used 24384K [0x03c00000, 0x12aa0000, 0x19150000)
  eden space 195584K,   0% used [0x03c00000, 0x03c00000, 0x0fb00000)
  from space 24384K, 100% used [0x0fb00000, 0x112d0000, 0x112d0000)
  to   space 24384K,   0% used [0x112d0000, 0x112d0000, 0x12aa0000)
 tenured generation   total 488648K, used 447972K [0x19150000, 0x36e82000, 0x43c00000)
   the space 488648K,  91% used [0x19150000, 0x346c90e0, 0x346c9200, 0x36e82000)
 Metaspace       used 3547K, capacity 3598K, committed 3648K, reserved 4480K
}
Event: 10.699 GC heap before
{Heap before GC invocations=96 (full 7):
 def new generation   total 219968K, used 219968K [0x03c00000, 0x12aa0000, 0x19150000)
  eden space 195584K, 100% used [0x03c00000, 0x0fb00000, 0x0fb00000)
  from space 24384K, 100% used [0x0fb00000, 0x112d0000, 0x112d0000)
  to   space 24384K,   0% used [0x112d0000, 0x112d0000, 0x12aa0000)
 tenured generation   total 488648K, used 447972K [0x19150000, 0x36e82000, 0x43c00000)
   the space 488648K,  91% used [0x19150000, 0x346c90f8, 0x346c9200, 0x36e82000)
 Metaspace       used 3547K, capacity 3598K, committed 3648K, reserved 4480K
Event: 10.820 GC heap after
Heap after GC invocations=97 (full 7):
 def new generation   total 219968K, used 24384K [0x03c00000, 0x12aa0000, 0x19150000)
  eden space 195584K,   0% used [0x03c00000, 0x03c00000, 0x0fb00000)
  from space 24384K, 100% used [0x112d0000, 0x12aa0000, 0x12aa0000)
  to   space 24384K,   0% used [0x0fb00000, 0x0fb00000, 0x112d0000)
 tenured generation   total 488648K, used 474204K [0x19150000, 0x36e82000, 0x43c00000)
   the space 488648K,  97% used [0x19150000, 0x36067060, 0x36067200, 0x36e82000)
 Metaspace       used 3547K, capacity 3598K, committed 3648K, reserved 4480K
}
Event: 11.163 GC heap before
{Heap before GC invocations=97 (full 7):
 def new generation   total 219968K, used 219968K [0x03c00000, 0x12aa0000, 0x19150000)
  eden space 195584K, 100% used [0x03c00000, 0x0fb00000, 0x0fb00000)
  from space 24384K, 100% used [0x112d0000, 0x12aa0000, 0x12aa0000)
  to   space 24384K,   0% used [0x0fb00000, 0x0fb00000, 0x112d0000)
 tenured generation   total 488648K, used 474204K [0x19150000, 0x36e82000, 0x43c00000)
   the space 488648K,  97% used [0x19150000, 0x36067060, 0x36067200, 0x36e82000)
 Metaspace       used 3547K, capacity 3598K, committed 3648K, reserved 4480K
Event: 12.760 GC heap after
Heap after GC invocations=98 (full 8):
 def new generation   total 314560K, used 5174K [0x03c00000, 0x19150000, 0x19150000)
  eden space 279616K,   1% used [0x03c00000, 0x0410d8e0, 0x14d10000)
  from space 34944K,   0% used [0x14d10000, 0x14d10000, 0x16f30000)
  to   space 34944K,   0% used [0x16f30000, 0x16f30000, 0x19150000)
 tenured generation   total 699072K, used 502727K [0x19150000, 0x43c00000, 0x43c00000)
   the space 699072K,  71% used [0x19150000, 0x37c41ff8, 0x37c42000, 0x43c00000)
 Metaspace       used 3547K, capacity 3598K, committed 3648K, reserved 4480K
}
Event: 14.607 GC heap before
{Heap before GC invocations=98 (full 8):
 def new generation   total 314560K, used 279616K [0x03c00000, 0x19150000, 0x19150000)
  eden space 279616K, 100% used [0x03c00000, 0x14d10000, 0x14d10000)
  from space 34944K,   0% used [0x14d10000, 0x14d10000, 0x16f30000)
  to   space 34944K,   0% used [0x16f30000, 0x16f30000, 0x19150000)
 tenured generation   total 699072K, used 502727K [0x19150000, 0x43c00000, 0x43c00000)
   the space 699072K,  71% used [0x19150000, 0x37c41ff8, 0x37c42000, 0x43c00000)
 Metaspace       used 3547K, capacity 3598K, committed 3648K, reserved 4480K

Deoptimization events (0 events):
No events

Internal exceptions (5 events):
Event: 0.023 Thread 0x0123bc00 Exception <a 'java/lang/NoSuchMethodError': Method sun.misc.Unsafe.defineClass(Ljava/lang/String;[BII)Ljava/lang/Class; name or signature does not match> (0x03c06ea8) thrown at [C:\re\workspace\8-2-build-windows-i586-cygwin\jdk8u101\7261\hotspot\src\share\£s8ô—?
Event: 0.023 Thread 0x0123bc00 Exception <a 'java/lang/NoSuchMethodError': Method sun.misc.Unsafe.prefetchRead(Ljava/lang/Object;J)V name or signature does not match> (0x03c07178) thrown at [C:\re\workspace\8-2-build-windows-i586-cygwin\jdk8u101\7261\hotspot\src\share\vm\prims\jni.cpp, dë¦½ê?
Event: 0.814 Thread 0x445bd000 Exception <a 'java/lang/ArrayIndexOutOfBoundsException': 18> (0x041d83a0) thrown at [C:\re\workspace\8-2-build-windows-i586-cygwin\jdk8u101\7261\hotspot\src\share\vm\interpreter\interpreterRuntime.cpp, line 366]
Event: 0.815 Thread 0x445bd000 Exception <a 'java/lang/ArrayIndexOutOfBoundsException': 145> (0x041d9c40) thrown at [C:\re\workspace\8-2-build-windows-i586-cygwin\jdk8u101\7261\hotspot\src\share\vm\interpreter\interpreterRuntime.cpp, line 366]
Event: 0.815 Thread 0x445bd000 Exception <a 'java/lang/ArrayIndexOutOfBoundsException': 40> (0x041dad20) thrown at [C:\re\workspace\8-2-build-windows-i586-cygwin\jdk8u101\7261\hotspot\src\share\vm\interpreter\interpreterRuntime.cpp, line 366]

Events (10 events):
Event: 9.950 Executing VM operation: GenCollectForAllocation done
Event: 10.252 Executing VM operation: GenCollectForAllocation
Event: 10.372 Executing VM operation: GenCollectForAllocation done
Event: 10.699 Executing VM operation: GenCollectForAllocation
Event: 10.699 Executing VM operation: GenCollectForAllocation done
Event: 10.699 Executing VM operation: GenCollectFull
Event: 10.820 Executing VM operation: GenCollectFull done
Event: 11.163 Executing VM operation: GenCollectForAllocation
Event: 12.761 Executing VM operation: GenCollectForAllocation done
Event: 14.606 Executing VM operation: GenCollectForAllocation


Dynamic libraries:
0x013b0000 - 0x013e3000 	C:\Program Files\Java\jdk1.8.0_101\bin\java.exe
0x77b90000 - 0x77ccc000 	C:\Windows\SYSTEM32\ntdll.dll
0x760c0000 - 0x76194000 	C:\Windows\system32\kernel32.dll
0x75d60000 - 0x75daa000 	C:\Windows\system32\KERNELBASE.dll
0x76440000 - 0x764e0000 	C:\Windows\system32\ADVAPI32.dll
0x76870000 - 0x7691c000 	C:\Windows\system32\msvcrt.dll
0x77940000 - 0x77959000 	C:\Windows\SYSTEM32\sechost.dll
0x76270000 - 0x76311000 	C:\Windows\system32\RPCRT4.dll
0x77960000 - 0x77a29000 	C:\Windows\system32\USER32.dll
0x75fe0000 - 0x7602e000 	C:\Windows\system32\GDI32.dll
0x76920000 - 0x7692a000 	C:\Windows\system32\LPK.dll
0x761d0000 - 0x7626d000 	C:\Windows\system32\USP10.dll
0x749f0000 - 0x74b8e000 	C:\Windows\WinSxS\x86_microsoft.windows.common-controls_6595b64144ccf1df_6.0.7600.16385_none_421189da2b7fabfc\COMCTL32.dll
0x76730000 - 0x76787000 	C:\Windows\system32\SHLWAPI.dll
0x76320000 - 0x7633f000 	C:\Windows\system32\IMM32.DLL
0x76790000 - 0x7685c000 	C:\Windows\system32\MSCTF.dll
0x69820000 - 0x698df000 	C:\Program Files\Java\jdk1.8.0_101\jre\bin\msvcr100.dll
0x50320000 - 0x506ec000 	C:\Program Files\Java\jdk1.8.0_101\jre\bin\client\jvm.dll
0x71290000 - 0x71297000 	C:\Windows\system32\WSOCK32.dll
0x77cd0000 - 0x77d05000 	C:\Windows\system32\WS2_32.dll
0x76860000 - 0x76866000 	C:\Windows\system32\NSI.dll
0x71490000 - 0x714c2000 	C:\Windows\system32\WINMM.dll
0x75020000 - 0x75029000 	C:\Windows\system32\VERSION.dll
0x77da0000 - 0x77da5000 	C:\Windows\system32\PSAPI.DLL
0x62550000 - 0x6255c000 	C:\Program Files\Java\jdk1.8.0_101\jre\bin\verify.dll
0x62520000 - 0x62541000 	C:\Program Files\Java\jdk1.8.0_101\jre\bin\java.dll
0x62500000 - 0x62513000 	C:\Program Files\Java\jdk1.8.0_101\jre\bin\zip.dll
0x76a70000 - 0x776b9000 	C:\Windows\system32\SHELL32.dll
0x77a30000 - 0x77b8c000 	C:\Windows\system32\ole32.dll
0x75ce0000 - 0x75ceb000 	C:\Windows\system32\profapi.dll
0x739f0000 - 0x73adb000 	C:\Windows\system32\dbghelp.dll

VM Arguments:
jvm_args: -Djava.awt.headless=true -Xmx1024M -Dfile.encoding=windows-1252 -Duser.country=US -Duser.language=en -Duser.variant 
java_command: com.android.dx.command.Main --dex --num-threads=4 --multi-dex --main-dex-list E:\SandeepProjectResources\MobipugNew\Mobipug27.10.18\MobipugSource\app\build\intermediates\multi-dex\debug\maindexlist.txt --output E:\SandeepProjectResources\MobipugNew\Mobipug27.10.18\MobipugSource\app\build\intermediates\transforms\dex\debug\folders\1000\1f\main E:\SandeepProjectResources\MobipugNew\Mobipug27.10.18\MobipugSource\app\build\intermediates\transforms\jarMerging\debug\jars\1\1f\combined.jar
java_class_path (initial): C:\Users\android-4\AppData\Local\Android\Sdk\build-tools\26.0.2\lib\dx.jar
Launcher Type: SUN_STANDARD

Environment Variables:
PATH=C:\ProgramData\Oracle\Java\javapath;C:\Windows\system32;C:\Windows;C:\Windows\System32\Wbem;C:\Windows\System32\WindowsPowerShell\v1.0\;C:\Program Files\Intel\OpenCL SDK\2.0\bin\x86;C:\Program Files\Skype\Phone\
USERNAME=android-4
OS=Windows_NT
PROCESSOR_IDENTIFIER=x86 Family 6 Model 42 Stepping 7, GenuineIntel



---------------  S Y S T E M  ---------------

OS: Windows 7 Build 7600 (6.1.7600.16385)

CPU:total 4 (2 cores per cpu, 2 threads per core) family 6 model 42 stepping 7, cmov, cx8, fxsr, mmx, sse, sse2, sse3, ssse3, sse4.1, sse4.2, popcnt, clmul, ht, tsc, tscinvbit

Memory: 4k page, physical 3578328k(422864k free), swap 24056564k(18844488k free)

vm_info: Java HotSpot(TM) Client VM (25.101-b13) for windows-x86 JRE (1.8.0_101-b13), built on Jun 22 2016 00:45:44 by "java_re" with MS VC++ 10.0 (VS2010)

time: Thu Nov 08 18:48:55 2018
elapsed time: 14 seconds (0d 0h 0m 14s)

