#
# A fatal error has been detected by the Java Runtime Environment:
#
#  EXCEPTION_ACCESS_VIOLATION (0xc0000005) at pc=0x54184da9, pid=4136, tid=0x000013a8
#
# JRE version: Java(TM) SE Runtime Environment (8.0_101-b13) (build 1.8.0_101-b13)
# Java VM: Java HotSpot(TM) Client VM (25.101-b13 mixed mode windows-x86 )
# Problematic frame:
# V  [jvm.dll+0x1b4da9]
#
# Failed to write core dump. Minidumps are not enabled by default on client versions of Windows
#
# If you would like to submit a bug report, please visit:
#   http://bugreport.java.com/bugreport/crash.jsp
#

---------------  T H R E A D  ---------------

Current thread (0x443ea800):  VMThread [stack: 0x00b00000,0x00b50000] [id=5032]

siginfo: ExceptionCode=0xc0000005, reading address 0x00000089

Registers:
EAX=0x1ec2da30, EBX=0x44599ef4, ECX=0x1ec852b8, EDX=0x00000001
ESP=0x00b4f650, EBP=0x00b4f668, ESI=0x44599ef0, EDI=0x543394cc
EIP=0x54184da9, EFLAGS=0x00010202

Top of Stack: (sp=0x00b4f650)
0x00b4f650:   1ec2da30 543394cc 44599ef0 44599ef4
0x00b4f660:   543394cc 44599ef0 00b4f674 54184fac
0x00b4f670:   00000003 00b4f690 5412883a 44599ef0
0x00b4f680:   44592000 543394cc 00000000 445624d8
0x00b4f690:   00b4f878 54149eef 543394cc 00000002
0x00b4f6a0:   44592000 00000000 00000000 00000000
0x00b4f6b0:   00000000 00b4f904 00b4f72c 00000012
0x00b4f6c0:   00b4f8f0 543394f0 00b4f974 ffffffff 

Instructions: (pc=0x54184da9)
0x54184d89:   23 f0 29 35 50 94 33 54 a3 4c 94 33 54 8b c7 eb
0x54184d99:   09 48 a3 4c 94 33 54 8b 04 81 8b 48 04 8b 11 50
0x54184da9:   8b 82 88 00 00 00 ff d0 8b 0d 58 94 33 54 85 c9
0x54184db9:   0f 85 51 ff ff ff a1 7c 94 33 54 85 c0 0f 84 b8 


Register to memory mapping:

EAX=0x1ec2da30 is pointing into object: 0x1ec2da28
com.android.dx.rop.code.InsnList 
 - klass: 'com/android/dx/rop/code/InsnList'
EBX=0x44599ef4 is an unknown value
ECX=0x1ec852b8 is an oop
[Ljava.lang.Object; 
 - klass: 'java/lang/Object'[]
 - length: 1
EDX=0x00000001 is an unknown value
ESP=0x00b4f650 is an unknown value
EBP=0x00b4f668 is an unknown value
ESI=0x44599ef0 is an unknown value
EDI=0x543394cc is an unknown value


Stack: [0x00b00000,0x00b50000],  sp=0x00b4f650,  free space=317k
Native frames: (J=compiled Java code, j=interpreted, Vv=VM code, C=native code)
V  [jvm.dll+0x1b4da9]
V  [jvm.dll+0x1b4fac]
V  [jvm.dll+0x15883a]
V  [jvm.dll+0x179eef]
V  [jvm.dll+0x1789ea]
V  [jvm.dll+0x97fb0]
V  [jvm.dll+0x992a1]
V  [jvm.dll+0x9b020]
V  [jvm.dll+0x9b489]
V  [jvm.dll+0x9a27f]
V  [jvm.dll+0xa64b2]
V  [jvm.dll+0x98e73]
V  [jvm.dll+0x92e25]
V  [jvm.dll+0x1b81c6]
V  [jvm.dll+0x18292b]
V  [jvm.dll+0x181d31]
V  [jvm.dll+0x182147]
V  [jvm.dll+0x182342]
V  [jvm.dll+0x1c1ed6]
C  [msvcr100.dll+0x5c556]
C  [msvcr100.dll+0x5c600]
C  [kernel32.dll+0x51174]
C  [ntdll.dll+0x5b3f5]
C  [ntdll.dll+0x5b3c8]

VM_Operation (0x006ef018): GenCollectForAllocation, mode: safepoint, requested by thread 0x44592000


---------------  P R O C E S S  ---------------

Java Threads: ( => current thread )
  0x44592000 JavaThread "pool-2-thread-4" [_thread_blocked, id=4152, stack(0x006a0000,0x006f0000)]
  0x44591c00 JavaThread "pool-2-thread-3" [_thread_blocked, id=5636, stack(0x44920000,0x44970000)]
  0x44564000 JavaThread "pool-2-thread-2" [_thread_blocked, id=5184, stack(0x44a60000,0x44ab0000)]
  0x44563000 JavaThread "pool-3-thread-1" [_thread_blocked, id=4484, stack(0x44990000,0x449e0000)]
  0x44562800 JavaThread "pool-2-thread-1" [_thread_blocked, id=4476, stack(0x44680000,0x446d0000)]
  0x4442a400 JavaThread "Service Thread" daemon [_thread_blocked, id=5020, stack(0x44870000,0x448c0000)]
  0x4443b000 JavaThread "C1 CompilerThread0" daemon [_thread_blocked, id=4828, stack(0x447b0000,0x44800000)]
  0x4443a000 JavaThread "Attach Listener" daemon [_thread_blocked, id=5024, stack(0x44800000,0x44850000)]
  0x44437000 JavaThread "Signal Dispatcher" daemon [_thread_blocked, id=5028, stack(0x44760000,0x447b0000)]
  0x44416c00 JavaThread "Finalizer" daemon [_thread_blocked, id=5008, stack(0x445f0000,0x44640000)]
  0x443f0400 JavaThread "Reference Handler" daemon [_thread_blocked, id=5048, stack(0x00c90000,0x00ce0000)]
  0x005abc00 JavaThread "main" [_thread_blocked, id=4744, stack(0x00c20000,0x00c70000)]

Other Threads:
=>0x443ea800 VMThread [stack: 0x00b00000,0x00b50000] [id=5032]
  0x44431c00 WatcherThread [stack: 0x002e0000,0x00330000] [id=4124]

VM state:at safepoint (normal execution)

VM Mutex/Monitor currently owned by a thread:  ([mutex/lock_event])
[0x005aa1d0] Threads_lock - owner thread: 0x443ea800
[0x005aa5e0] Heap_lock - owner thread: 0x44592000

Heap:
 def new generation   total 67456K, used 7487K [0x03c00000, 0x08530000, 0x19150000)
  eden space 59968K,   0% used [0x03c00000, 0x03c00000, 0x07690000)
  from space 7488K,  99% used [0x07de0000, 0x0852fff8, 0x08530000)
  to   space 7488K,   0% used [0x07690000, 0x07690000, 0x07de0000)
 tenured generation   total 155032K, used 154966K [0x19150000, 0x228b6000, 0x43c00000)
   the space 155032K,  99% used [0x19150000, 0x228a5b28, 0x228a5c00, 0x228b6000)
 Metaspace       used 3559K, capacity 3598K, committed 3648K, reserved 4480K

Card table byte_map: [0x43c00000,0x43e10000] byte_map_base: 0x43be2000

Polling page: 0x00140000

CodeCache: size=32768Kb used=3383Kb max_used=3383Kb free=29384Kb
 bounds [0x01c00000, 0x01f50000, 0x03c00000]
 total_blobs=1753 nmethods=1606 adapters=77
 compilation: enabled

Compilation events (10 events):
Event: 3.974 Thread 0x4443b000 1604             com.android.dx.cf.direct.DirectClassFile::isGoodVersion (32 bytes)
Event: 3.974 Thread 0x4443b000 nmethod 1604 0x01f45c08 code [0x01f45d00, 0x01f45de0]
Event: 3.975 Thread 0x4443b000 1605             com.android.dx.cf.direct.AnnotationParser::parseValue (805 bytes)
Event: 3.979 Thread 0x4443b000 nmethod 1605 0x01f45e48 code [0x01f466b0, 0x01f4960c]
Event: 3.981 Thread 0x4443b000 1606             java.util.concurrent.locks.AbstractQueuedSynchronizer$Node::predecessor (19 bytes)
Event: 3.981 Thread 0x4443b000 nmethod 1606 0x01f4d7c8 code [0x01f4d8d0, 0x01f4d9bc]
Event: 4.042 Thread 0x4443b000 1607   !         com.android.dx.cf.attrib.AttInnerClasses::<init> (43 bytes)
Event: 4.043 Thread 0x4443b000 nmethod 1607 0x01f4da48 code [0x01f4db60, 0x01f4dd28]
Event: 4.043 Thread 0x4443b000 1608             com.android.dx.cf.attrib.AttInnerClasses::byteLength (14 bytes)
Event: 4.043 Thread 0x4443b000 nmethod 1608 0x01f4de88 code [0x01f4df80, 0x01f4e010]

GC Heap History (10 events):
Event: 3.373 GC heap after
Heap after GC invocations=56 (full 5):
 def new generation   total 67456K, used 7488K [0x03c00000, 0x08530000, 0x19150000)
  eden space 59968K,   0% used [0x03c00000, 0x03c00000, 0x07690000)
  from space 7488K, 100% used [0x07690000, 0x07de0000, 0x07de0000)
  to   space 7488K,   0% used [0x07de0000, 0x07de0000, 0x08530000)
 tenured generation   total 149784K, used 111599K [0x19150000, 0x22396000, 0x43c00000)
   the space 149784K,  74% used [0x19150000, 0x1fe4bca0, 0x1fe4be00, 0x22396000)
 Metaspace       used 3558K, capacity 3598K, committed 3648K, reserved 4480K
}
Event: 3.469 GC heap before
{Heap before GC invocations=56 (full 5):
 def new generation   total 67456K, used 67456K [0x03c00000, 0x08530000, 0x19150000)
  eden space 59968K, 100% used [0x03c00000, 0x07690000, 0x07690000)
  from space 7488K, 100% used [0x07690000, 0x07de0000, 0x07de0000)
  to   space 7488K,   0% used [0x07de0000, 0x07de0000, 0x08530000)
 tenured generation   total 149784K, used 111599K [0x19150000, 0x22396000, 0x43c00000)
   the space 149784K,  74% used [0x19150000, 0x1fe4bca0, 0x1fe4be00, 0x22396000)
 Metaspace       used 3559K, capacity 3598K, committed 3648K, reserved 4480K
Event: 3.511 GC heap after
Heap after GC invocations=57 (full 5):
 def new generation   total 67456K, used 7488K [0x03c00000, 0x08530000, 0x19150000)
  eden space 59968K,   0% used [0x03c00000, 0x03c00000, 0x07690000)
  from space 7488K, 100% used [0x07de0000, 0x08530000, 0x08530000)
  to   space 7488K,   0% used [0x07690000, 0x07690000, 0x07de0000)
 tenured generation   total 149784K, used 120408K [0x19150000, 0x22396000, 0x43c00000)
   the space 149784K,  80% used [0x19150000, 0x206e6208, 0x206e6400, 0x22396000)
 Metaspace       used 3559K, capacity 3598K, committed 3648K, reserved 4480K
}
Event: 3.611 GC heap before
{Heap before GC invocations=57 (full 5):
 def new generation   total 67456K, used 67456K [0x03c00000, 0x08530000, 0x19150000)
  eden space 59968K, 100% used [0x03c00000, 0x07690000, 0x07690000)
  from space 7488K, 100% used [0x07de0000, 0x08530000, 0x08530000)
  to   space 7488K,   0% used [0x07690000, 0x07690000, 0x07de0000)
 tenured generation   total 149784K, used 120408K [0x19150000, 0x22396000, 0x43c00000)
   the space 149784K,  80% used [0x19150000, 0x206e6208, 0x206e6400, 0x22396000)
 Metaspace       used 3559K, capacity 3598K, committed 3648K, reserved 4480K
Event: 3.656 GC heap after
Heap after GC invocations=58 (full 5):
 def new generation   total 67456K, used 7488K [0x03c00000, 0x08530000, 0x19150000)
  eden space 59968K,   0% used [0x03c00000, 0x03c00000, 0x07690000)
  from space 7488K, 100% used [0x07690000, 0x07de0000, 0x07de0000)
  to   space 7488K,   0% used [0x07de0000, 0x07de0000, 0x08530000)
 tenured generation   total 149784K, used 130227K [0x19150000, 0x22396000, 0x43c00000)
   the space 149784K,  86% used [0x19150000, 0x2107cfb0, 0x2107d000, 0x22396000)
 Metaspace       used 3559K, capacity 3598K, committed 3648K, reserved 4480K
}
Event: 3.757 GC heap before
{Heap before GC invocations=58 (full 5):
 def new generation   total 67456K, used 67456K [0x03c00000, 0x08530000, 0x19150000)
  eden space 59968K, 100% used [0x03c00000, 0x07690000, 0x07690000)
  from space 7488K, 100% used [0x07690000, 0x07de0000, 0x07de0000)
  to   space 7488K,   0% used [0x07de0000, 0x07de0000, 0x08530000)
 tenured generation   total 149784K, used 130227K [0x19150000, 0x22396000, 0x43c00000)
   the space 149784K,  86% used [0x19150000, 0x2107cfb0, 0x2107d000, 0x22396000)
 Metaspace       used 3559K, capacity 3598K, committed 3648K, reserved 4480K
Event: 3.795 GC heap after
Heap after GC invocations=59 (full 5):
 def new generation   total 67456K, used 7487K [0x03c00000, 0x08530000, 0x19150000)
  eden space 59968K,   0% used [0x03c00000, 0x03c00000, 0x07690000)
  from space 7488K,  99% used [0x07de0000, 0x0852fff8, 0x08530000)
  to   space 7488K,   0% used [0x07690000, 0x07690000, 0x07de0000)
 tenured generation   total 149784K, used 138629K [0x19150000, 0x22396000, 0x43c00000)
   the space 149784K,  92% used [0x19150000, 0x218b1430, 0x218b1600, 0x22396000)
 Metaspace       used 3559K, capacity 3598K, committed 3648K, reserved 4480K
}
Event: 3.897 GC heap before
{Heap before GC invocations=59 (full 5):
 def new generation   total 67456K, used 67455K [0x03c00000, 0x08530000, 0x19150000)
  eden space 59968K, 100% used [0x03c00000, 0x07690000, 0x07690000)
  from space 7488K,  99% used [0x07de0000, 0x0852fff8, 0x08530000)
  to   space 7488K,   0% used [0x07690000, 0x07690000, 0x07de0000)
 tenured generation   total 149784K, used 138629K [0x19150000, 0x22396000, 0x43c00000)
   the space 149784K,  92% used [0x19150000, 0x218b1430, 0x218b1600, 0x22396000)
 Metaspace       used 3559K, capacity 3598K, committed 3648K, reserved 4480K
Event: 3.939 GC heap after
Heap after GC invocations=60 (full 5):
 def new generation   total 67456K, used 7488K [0x03c00000, 0x08530000, 0x19150000)
  eden space 59968K,   0% used [0x03c00000, 0x03c00000, 0x07690000)
  from space 7488K, 100% used [0x07690000, 0x07de0000, 0x07de0000)
  to   space 7488K,   0% used [0x07de0000, 0x07de0000, 0x08530000)
 tenured generation   total 149784K, used 147502K [0x19150000, 0x22396000, 0x43c00000)
   the space 149784K,  98% used [0x19150000, 0x2215b990, 0x2215ba00, 0x22396000)
 Metaspace       used 3559K, capacity 3598K, committed 3648K, reserved 4480K
}
Event: 4.047 GC heap before
{Heap before GC invocations=60 (full 5):
 def new generation   total 67456K, used 67456K [0x03c00000, 0x08530000, 0x19150000)
  eden space 59968K, 100% used [0x03c00000, 0x07690000, 0x07690000)
  from space 7488K, 100% used [0x07690000, 0x07de0000, 0x07de0000)
  to   space 7488K,   0% used [0x07de0000, 0x07de0000, 0x08530000)
 tenured generation   total 149784K, used 147502K [0x19150000, 0x22396000, 0x43c00000)
   the space 149784K,  98% used [0x19150000, 0x2215b990, 0x2215ba00, 0x22396000)
 Metaspace       used 3559K, capacity 3598K, committed 3648K, reserved 4480K

Deoptimization events (0 events):
No events

Internal exceptions (5 events):
Event: 0.025 Thread 0x005abc00 Exception <a 'java/lang/NoSuchMethodError': Method sun.misc.Unsafe.defineClass(Ljava/lang/String;[BII)Ljava/lang/Class; name or signature does not match> (0x03c06ea8) thrown at [C:\re\workspace\8-2-build-windows-i586-cygwin\jdk8u101\7261\hotspot\src\share\¤BZ•©š?
Event: 0.025 Thread 0x005abc00 Exception <a 'java/lang/NoSuchMethodError': Method sun.misc.Unsafe.prefetchRead(Ljava/lang/Object;J)V name or signature does not match> (0x03c07178) thrown at [C:\re\workspace\8-2-build-windows-i586-cygwin\jdk8u101\7261\hotspot\src\share\vm\prims\jni.cpp, èèózmì?
Event: 0.888 Thread 0x44592000 Exception <a 'java/lang/ArrayIndexOutOfBoundsException': 18> (0x040f3b88) thrown at [C:\re\workspace\8-2-build-windows-i586-cygwin\jdk8u101\7261\hotspot\src\share\vm\interpreter\interpreterRuntime.cpp, line 366]
Event: 0.889 Thread 0x44592000 Exception <a 'java/lang/ArrayIndexOutOfBoundsException': 145> (0x040f5428) thrown at [C:\re\workspace\8-2-build-windows-i586-cygwin\jdk8u101\7261\hotspot\src\share\vm\interpreter\interpreterRuntime.cpp, line 366]
Event: 0.889 Thread 0x44592000 Exception <a 'java/lang/ArrayIndexOutOfBoundsException': 40> (0x040f6508) thrown at [C:\re\workspace\8-2-build-windows-i586-cygwin\jdk8u101\7261\hotspot\src\share\vm\interpreter\interpreterRuntime.cpp, line 366]

Events (10 events):
Event: 3.374 Executing VM operation: GenCollectForAllocation done
Event: 3.469 Executing VM operation: GenCollectForAllocation
Event: 3.511 Executing VM operation: GenCollectForAllocation done
Event: 3.611 Executing VM operation: GenCollectForAllocation
Event: 3.656 Executing VM operation: GenCollectForAllocation done
Event: 3.757 Executing VM operation: GenCollectForAllocation
Event: 3.795 Executing VM operation: GenCollectForAllocation done
Event: 3.896 Executing VM operation: GenCollectForAllocation
Event: 3.939 Executing VM operation: GenCollectForAllocation done
Event: 4.047 Executing VM operation: GenCollectForAllocation


Dynamic libraries:
0x00cf0000 - 0x00d23000 	C:\Program Files\Java\jdk1.8.0_101\bin\java.exe
0x778f0000 - 0x77a2c000 	C:\Windows\SYSTEM32\ntdll.dll
0x761c0000 - 0x76294000 	C:\Windows\system32\kernel32.dll
0x75be0000 - 0x75c2a000 	C:\Windows\system32\KERNELBASE.dll
0x75e50000 - 0x75ef0000 	C:\Windows\system32\ADVAPI32.dll
0x75da0000 - 0x75e4c000 	C:\Windows\system32\msvcrt.dll
0x77a30000 - 0x77a49000 	C:\Windows\SYSTEM32\sechost.dll
0x76500000 - 0x765a1000 	C:\Windows\system32\RPCRT4.dll
0x76080000 - 0x76149000 	C:\Windows\system32\USER32.dll
0x76af0000 - 0x76b3e000 	C:\Windows\system32\GDI32.dll
0x77a50000 - 0x77a5a000 	C:\Windows\system32\LPK.dll
0x77a80000 - 0x77b1d000 	C:\Windows\system32\USP10.dll
0x747b0000 - 0x7494e000 	C:\Windows\WinSxS\x86_microsoft.windows.common-controls_6595b64144ccf1df_6.0.7600.16385_none_421189da2b7fabfc\COMCTL32.dll
0x76150000 - 0x761a7000 	C:\Windows\system32\SHLWAPI.dll
0x765b0000 - 0x765cf000 	C:\Windows\system32\IMM32.DLL
0x75ef0000 - 0x75fbc000 	C:\Windows\system32\MSCTF.dll
0x543a0000 - 0x5445f000 	C:\Program Files\Java\jdk1.8.0_101\jre\bin\msvcr100.dll
0x53fd0000 - 0x5439c000 	C:\Program Files\Java\jdk1.8.0_101\jre\bin\client\jvm.dll
0x70f60000 - 0x70f67000 	C:\Windows\system32\WSOCK32.dll
0x763e0000 - 0x76415000 	C:\Windows\system32\WS2_32.dll
0x761b0000 - 0x761b6000 	C:\Windows\system32\NSI.dll
0x71540000 - 0x71572000 	C:\Windows\system32\WINMM.dll
0x74d80000 - 0x74d89000 	C:\Windows\system32\VERSION.dll
0x77a70000 - 0x77a75000 	C:\Windows\system32\PSAPI.DLL
0x73320000 - 0x7332c000 	C:\Program Files\Java\jdk1.8.0_101\jre\bin\verify.dll
0x65560000 - 0x65581000 	C:\Program Files\Java\jdk1.8.0_101\jre\bin\java.dll
0x65540000 - 0x65553000 	C:\Program Files\Java\jdk1.8.0_101\jre\bin\zip.dll
0x76ca0000 - 0x778e9000 	C:\Windows\system32\SHELL32.dll
0x76b40000 - 0x76c9c000 	C:\Windows\system32\ole32.dll
0x75a40000 - 0x75a4b000 	C:\Windows\system32\profapi.dll
0x73760000 - 0x7384b000 	C:\Windows\system32\dbghelp.dll

VM Arguments:
jvm_args: -Djava.awt.headless=true -Xmx1024M -Dfile.encoding=windows-1252 -Duser.country=US -Duser.language=en -Duser.variant 
java_command: com.android.dx.command.Main --dex --num-threads=4 --multi-dex --main-dex-list E:\SandeepProjectResources\MobipugNew\MobipugSource\app\build\intermediates\multi-dex\debug\maindexlist.txt --output E:\SandeepProjectResources\MobipugNew\MobipugSource\app\build\intermediates\transforms\dex\debug\folders\1000\1f\main E:\SandeepProjectResources\MobipugNew\MobipugSource\app\build\intermediates\transforms\jarMerging\debug\jars\1\1f\combined.jar
java_class_path (initial): C:\Users\android-4\AppData\Local\Android\Sdk\build-tools\26.0.2\lib\dx.jar
Launcher Type: SUN_STANDARD

Environment Variables:
PATH=C:\ProgramData\Oracle\Java\javapath;C:\Windows\system32;C:\Windows;C:\Windows\System32\Wbem;C:\Windows\System32\WindowsPowerShell\v1.0\;C:\Program Files\Intel\OpenCL SDK\2.0\bin\x86;C:\Program Files\Skype\Phone\
USERNAME=android-4
OS=Windows_NT
PROCESSOR_IDENTIFIER=x86 Family 6 Model 42 Stepping 7, GenuineIntel



---------------  S Y S T E M  ---------------

OS: Windows 7 Build 7600 (6.1.7600.16385)

CPU:total 4 (2 cores per cpu, 2 threads per core) family 6 model 42 stepping 7, cmov, cx8, fxsr, mmx, sse, sse2, sse3, ssse3, sse4.1, sse4.2, popcnt, clmul, ht, tsc, tscinvbit

Memory: 4k page, physical 3578328k(868640k free), swap 24056564k(21149980k free)

vm_info: Java HotSpot(TM) Client VM (25.101-b13) for windows-x86 JRE (1.8.0_101-b13), built on Jun 22 2016 00:45:44 by "java_re" with MS VC++ 10.0 (VS2010)

time: Mon Oct 22 10:56:36 2018
elapsed time: 4 seconds (0d 0h 0m 4s)

