#
# A fatal error has been detected by the Java Runtime Environment:
#
#  EXCEPTION_ACCESS_VIOLATION (0xc0000005) at pc=0x57734da9, pid=3988, tid=0x000005d4
#
# JRE version: Java(TM) SE Runtime Environment (8.0_101-b13) (build 1.8.0_101-b13)
# Java VM: Java HotSpot(TM) Client VM (25.101-b13 mixed mode windows-x86 )
# Problematic frame:
# V  [jvm.dll+0x1b4da9]
#
# Failed to write core dump. Minidumps are not enabled by default on client versions of Windows
#
# If you would like to submit a bug report, please visit:
#   http://bugreport.java.com/bugreport/crash.jsp
#

---------------  T H R E A D  ---------------

Current thread (0x443da800):  VMThread [stack: 0x445c0000,0x44610000] [id=1492]

siginfo: ExceptionCode=0xc0000005, reading address 0x00000089

Registers:
EAX=0x203900d8, EBX=0x4457567c, ECX=0x4423f970, EDX=0x00000001
ESP=0x4460ee70, EBP=0x4460ee88, ESI=0x44575678, EDI=0x578e94cc
EIP=0x57734da9, EFLAGS=0x00010206

Top of Stack: (sp=0x4460ee70)
0x4460ee70:   203900d8 578e94cc 44575678 4457567c
0x4460ee80:   578e94cc 44575678 4460ee94 57734fac
0x4460ee90:   00000003 4460eeb0 576d883a 44575678
0x4460eea0:   44575000 578e94cc 00000000 44551090
0x4460eeb0:   4460f098 576f9eef 578e94cc 00000001
0x4460eec0:   44575000 00000000 00000000 00000000
0x4460eed0:   00000000 4460f124 4460ef4c 00000012
0x4460eee0:   4460f110 578e94f0 4460f194 ffffffff 

Instructions: (pc=0x57734da9)
0x57734d89:   23 f0 29 35 50 94 8e 57 a3 4c 94 8e 57 8b c7 eb
0x57734d99:   09 48 a3 4c 94 8e 57 8b 04 81 8b 48 04 8b 11 50
0x57734da9:   8b 82 88 00 00 00 ff d0 8b 0d 58 94 8e 57 85 c9
0x57734db9:   0f 85 51 ff ff ff a1 7c 94 8e 57 85 c0 0f 84 b8 


Register to memory mapping:

EAX=0x203900d8 is an oop

[error occurred during error reporting (printing register info), id 0xc0000005]

Stack: [0x445c0000,0x44610000],  sp=0x4460ee70,  free space=315k
Native frames: (J=compiled Java code, j=interpreted, Vv=VM code, C=native code)
V  [jvm.dll+0x1b4da9]
V  [jvm.dll+0x1b4fac]
V  [jvm.dll+0x15883a]
V  [jvm.dll+0x179eef]
V  [jvm.dll+0x1789ea]
V  [jvm.dll+0x97fb0]
V  [jvm.dll+0x992a1]
V  [jvm.dll+0x9b020]
V  [jvm.dll+0x9b489]
V  [jvm.dll+0x9a27f]
V  [jvm.dll+0xa64b2]
V  [jvm.dll+0x98e73]
V  [jvm.dll+0x92e25]
V  [jvm.dll+0x1b81c6]
V  [jvm.dll+0x18292b]
V  [jvm.dll+0x181d31]
V  [jvm.dll+0x182147]
V  [jvm.dll+0x182342]
V  [jvm.dll+0x1c1ed6]
C  [msvcr100.dll+0x5c556]
C  [msvcr100.dll+0x5c600]
C  [kernel32.dll+0x51174]
C  [ntdll.dll+0x5b3f5]
C  [ntdll.dll+0x5b3c8]

VM_Operation (0x44a7e9d4): GenCollectForAllocation, mode: safepoint, requested by thread 0x44577800


---------------  P R O C E S S  ---------------

Java Threads: ( => current thread )
  0x44575000 JavaThread "pool-2-thread-4" [_thread_blocked, id=2476, stack(0x44ab0000,0x44b00000)]
  0x44574000 JavaThread "pool-2-thread-3" [_thread_blocked, id=4432, stack(0x44850000,0x448a0000)]
  0x44577800 JavaThread "pool-2-thread-2" [_thread_blocked, id=2684, stack(0x44a30000,0x44a80000)]
  0x4454f000 JavaThread "pool-3-thread-1" [_thread_blocked, id=256, stack(0x448d0000,0x44920000)]
  0x44550800 JavaThread "pool-2-thread-1" [_thread_blocked, id=1164, stack(0x44990000,0x449e0000)]
  0x4441ec00 JavaThread "Service Thread" daemon [_thread_blocked, id=5580, stack(0x44740000,0x44790000)]
  0x4442b000 JavaThread "C1 CompilerThread0" daemon [_thread_blocked, id=5012, stack(0x00600000,0x00650000)]
  0x4442a000 JavaThread "Attach Listener" daemon [_thread_blocked, id=4300, stack(0x00340000,0x00390000)]
  0x44427000 JavaThread "Signal Dispatcher" daemon [_thread_blocked, id=5268, stack(0x446b0000,0x44700000)]
  0x44406c00 JavaThread "Finalizer" daemon [_thread_blocked, id=5588, stack(0x44640000,0x44690000)]
  0x443e0400 JavaThread "Reference Handler" daemon [_thread_blocked, id=5076, stack(0x00e10000,0x00e60000)]
  0x00adbc00 JavaThread "main" [_thread_blocked, id=2052, stack(0x00ba0000,0x00bf0000)]

Other Threads:
=>0x443da800 VMThread [stack: 0x445c0000,0x44610000] [id=1492]
  0x4444c800 WatcherThread [stack: 0x447c0000,0x44810000] [id=5896]

VM state:at safepoint (normal execution)

VM Mutex/Monitor currently owned by a thread:  ([mutex/lock_event])
[0x00ada1d0] Threads_lock - owner thread: 0x443da800
[0x00ada5e0] Heap_lock - owner thread: 0x44577800

Heap:
 def new generation   total 68096K, used 7552K [0x03e00000, 0x087e0000, 0x19350000)
  eden space 60544K,   0% used [0x03e00000, 0x03e00000, 0x07920000)
  from space 7552K, 100% used [0x07920000, 0x08080000, 0x08080000)
  to   space 7552K,   0% used [0x08080000, 0x08080000, 0x087e0000)
 tenured generation   total 156960K, used 156843K [0x19350000, 0x22c98000, 0x43e00000)
   the space 156960K,  99% used [0x19350000, 0x22c7adf0, 0x22c7ae00, 0x22c98000)
 Metaspace       used 3547K, capacity 3598K, committed 3648K, reserved 4480K

Card table byte_map: [0x00bf0000,0x00e00000] byte_map_base: 0x00bd1000

Polling page: 0x00260000

CodeCache: size=32768Kb used=3391Kb max_used=3391Kb free=29376Kb
 bounds [0x01d70000, 0x020c0000, 0x03d70000]
 total_blobs=1774 nmethods=1627 adapters=77
 compilation: enabled

Compilation events (10 events):
Event: 3.783 Thread 0x4442b000 1625             com.android.dx.dex.file.MethodAnnotationStruct::<init> (43 bytes)
Event: 3.784 Thread 0x4442b000 nmethod 1625 0x020b74c8 code [0x020b75e0, 0x020b7768]
Event: 3.816 Thread 0x4442b000 1626             com.android.dx.dex.file.AnnotationsDirectoryItem::setClassAnnotations (45 bytes)
Event: 3.816 Thread 0x4442b000 nmethod 1626 0x020b7848 code [0x020b7970, 0x020b7b74]
Event: 3.878 Thread 0x4442b000 1627             com.android.dx.cf.direct.AnnotationParser::parseValue (805 bytes)
Event: 3.884 Thread 0x4442b000 nmethod 1627 0x020b7cc8 code [0x020b8530, 0x020bb48c]
Event: 3.952 Thread 0x4442b000 1628   !         com.android.dx.cf.attrib.AttInnerClasses::<init> (43 bytes)
Event: 3.953 Thread 0x4442b000 nmethod 1628 0x020bf648 code [0x020bf760, 0x020bf928]
Event: 3.953 Thread 0x4442b000 1629             com.android.dx.cf.attrib.AttInnerClasses::byteLength (14 bytes)
Event: 3.953 Thread 0x4442b000 nmethod 1629 0x020bfa88 code [0x020bfb80, 0x020bfc10]

GC Heap History (10 events):
Event: 3.270 GC heap after
Heap after GC invocations=55 (full 5):
 def new generation   total 68096K, used 7552K [0x03e00000, 0x087e0000, 0x19350000)
  eden space 60544K,   0% used [0x03e00000, 0x03e00000, 0x07920000)
  from space 7552K, 100% used [0x08080000, 0x087e0000, 0x087e0000)
  to   space 7552K,   0% used [0x07920000, 0x07920000, 0x08080000)
 tenured generation   total 151200K, used 113531K [0x19350000, 0x226f8000, 0x43e00000)
   the space 151200K,  75% used [0x19350000, 0x2022ef60, 0x2022f000, 0x226f8000)
 Metaspace       used 3546K, capacity 3598K, committed 3648K, reserved 4480K
}
Event: 3.370 GC heap before
{Heap before GC invocations=55 (full 5):
 def new generation   total 68096K, used 68096K [0x03e00000, 0x087e0000, 0x19350000)
  eden space 60544K, 100% used [0x03e00000, 0x07920000, 0x07920000)
  from space 7552K, 100% used [0x08080000, 0x087e0000, 0x087e0000)
  to   space 7552K,   0% used [0x07920000, 0x07920000, 0x08080000)
 tenured generation   total 151200K, used 113531K [0x19350000, 0x226f8000, 0x43e00000)
   the space 151200K,  75% used [0x19350000, 0x2022ef60, 0x2022f000, 0x226f8000)
 Metaspace       used 3546K, capacity 3598K, committed 3648K, reserved 4480K
Event: 3.412 GC heap after
Heap after GC invocations=56 (full 5):
 def new generation   total 68096K, used 7552K [0x03e00000, 0x087e0000, 0x19350000)
  eden space 60544K,   0% used [0x03e00000, 0x03e00000, 0x07920000)
  from space 7552K, 100% used [0x07920000, 0x08080000, 0x08080000)
  to   space 7552K,   0% used [0x08080000, 0x08080000, 0x087e0000)
 tenured generation   total 151200K, used 122326K [0x19350000, 0x226f8000, 0x43e00000)
   the space 151200K,  80% used [0x19350000, 0x20ac5800, 0x20ac5800, 0x226f8000)
 Metaspace       used 3546K, capacity 3598K, committed 3648K, reserved 4480K
}
Event: 3.508 GC heap before
{Heap before GC invocations=56 (full 5):
 def new generation   total 68096K, used 68096K [0x03e00000, 0x087e0000, 0x19350000)
  eden space 60544K, 100% used [0x03e00000, 0x07920000, 0x07920000)
  from space 7552K, 100% used [0x07920000, 0x08080000, 0x08080000)
  to   space 7552K,   0% used [0x08080000, 0x08080000, 0x087e0000)
 tenured generation   total 151200K, used 122326K [0x19350000, 0x226f8000, 0x43e00000)
   the space 151200K,  80% used [0x19350000, 0x20ac5800, 0x20ac5800, 0x226f8000)
 Metaspace       used 3547K, capacity 3598K, committed 3648K, reserved 4480K
Event: 3.553 GC heap after
Heap after GC invocations=57 (full 5):
 def new generation   total 68096K, used 7552K [0x03e00000, 0x087e0000, 0x19350000)
  eden space 60544K,   0% used [0x03e00000, 0x03e00000, 0x07920000)
  from space 7552K, 100% used [0x08080000, 0x087e0000, 0x087e0000)
  to   space 7552K,   0% used [0x07920000, 0x07920000, 0x08080000)
 tenured generation   total 151200K, used 132200K [0x19350000, 0x226f8000, 0x43e00000)
   the space 151200K,  87% used [0x19350000, 0x2146a1e0, 0x2146a200, 0x226f8000)
 Metaspace       used 3547K, capacity 3598K, committed 3648K, reserved 4480K
}
Event: 3.684 GC heap before
{Heap before GC invocations=57 (full 5):
 def new generation   total 68096K, used 68096K [0x03e00000, 0x087e0000, 0x19350000)
  eden space 60544K, 100% used [0x03e00000, 0x07920000, 0x07920000)
  from space 7552K, 100% used [0x08080000, 0x087e0000, 0x087e0000)
  to   space 7552K,   0% used [0x07920000, 0x07920000, 0x08080000)
 tenured generation   total 151200K, used 132200K [0x19350000, 0x226f8000, 0x43e00000)
   the space 151200K,  87% used [0x19350000, 0x2146a1e0, 0x2146a200, 0x226f8000)
 Metaspace       used 3547K, capacity 3598K, committed 3648K, reserved 4480K
Event: 3.721 GC heap after
Heap after GC invocations=58 (full 5):
 def new generation   total 68096K, used 7552K [0x03e00000, 0x087e0000, 0x19350000)
  eden space 60544K,   0% used [0x03e00000, 0x03e00000, 0x07920000)
  from space 7552K, 100% used [0x07920000, 0x08080000, 0x08080000)
  to   space 7552K,   0% used [0x08080000, 0x08080000, 0x087e0000)
 tenured generation   total 151200K, used 140216K [0x19350000, 0x226f8000, 0x43e00000)
   the space 151200K,  92% used [0x19350000, 0x21c3e2a0, 0x21c3e400, 0x226f8000)
 Metaspace       used 3547K, capacity 3598K, committed 3648K, reserved 4480K
}
Event: 3.826 GC heap before
{Heap before GC invocations=58 (full 5):
 def new generation   total 68096K, used 68096K [0x03e00000, 0x087e0000, 0x19350000)
  eden space 60544K, 100% used [0x03e00000, 0x07920000, 0x07920000)
  from space 7552K, 100% used [0x07920000, 0x08080000, 0x08080000)
  to   space 7552K,   0% used [0x08080000, 0x08080000, 0x087e0000)
 tenured generation   total 151200K, used 140216K [0x19350000, 0x226f8000, 0x43e00000)
   the space 151200K,  92% used [0x19350000, 0x21c3e2a0, 0x21c3e400, 0x226f8000)
 Metaspace       used 3547K, capacity 3598K, committed 3648K, reserved 4480K
Event: 3.867 GC heap after
Heap after GC invocations=59 (full 5):
 def new generation   total 68096K, used 7551K [0x03e00000, 0x087e0000, 0x19350000)
  eden space 60544K,   0% used [0x03e00000, 0x03e00000, 0x07920000)
  from space 7552K,  99% used [0x08080000, 0x087dfff8, 0x087e0000)
  to   space 7552K,   0% used [0x07920000, 0x07920000, 0x08080000)
 tenured generation   total 151200K, used 149136K [0x19350000, 0x226f8000, 0x43e00000)
   the space 151200K,  98% used [0x19350000, 0x224f4238, 0x224f4400, 0x226f8000)
 Metaspace       used 3547K, capacity 3598K, committed 3648K, reserved 4480K
}
Event: 3.968 GC heap before
{Heap before GC invocations=59 (full 5):
 def new generation   total 68096K, used 68095K [0x03e00000, 0x087e0000, 0x19350000)
  eden space 60544K, 100% used [0x03e00000, 0x07920000, 0x07920000)
  from space 7552K,  99% used [0x08080000, 0x087dfff8, 0x087e0000)
  to   space 7552K,   0% used [0x07920000, 0x07920000, 0x08080000)
 tenured generation   total 151200K, used 149136K [0x19350000, 0x226f8000, 0x43e00000)
   the space 151200K,  98% used [0x19350000, 0x224f4238, 0x224f4400, 0x226f8000)
 Metaspace       used 3547K, capacity 3598K, committed 3648K, reserved 4480K

Deoptimization events (0 events):
No events

Internal exceptions (5 events):
Event: 0.025 Thread 0x00adbc00 Exception <a 'java/lang/NoSuchMethodError': Method sun.misc.Unsafe.defineClass(Ljava/lang/String;[BII)Ljava/lang/Class; name or signature does not match> (0x03e06ea8) thrown at [C:\re\workspace\8-2-build-windows-i586-cygwin\jdk8u101\7261\hotspot\src\share\ŽýÃ*×™?
Event: 0.025 Thread 0x00adbc00 Exception <a 'java/lang/NoSuchMethodError': Method sun.misc.Unsafe.prefetchRead(Ljava/lang/Object;J)V name or signature does not match> (0x03e07178) thrown at [C:\re\workspace\8-2-build-windows-i586-cygwin\jdk8u101\7261\hotspot\src\share\vm\prims\jni.cpp, ˆzÇýòè?
Event: 0.780 Thread 0x44575000 Exception <a 'java/lang/ArrayIndexOutOfBoundsException': 18> (0x04117428) thrown at [C:\re\workspace\8-2-build-windows-i586-cygwin\jdk8u101\7261\hotspot\src\share\vm\interpreter\interpreterRuntime.cpp, line 366]
Event: 0.780 Thread 0x44575000 Exception <a 'java/lang/ArrayIndexOutOfBoundsException': 145> (0x04118cc8) thrown at [C:\re\workspace\8-2-build-windows-i586-cygwin\jdk8u101\7261\hotspot\src\share\vm\interpreter\interpreterRuntime.cpp, line 366]
Event: 0.780 Thread 0x44575000 Exception <a 'java/lang/ArrayIndexOutOfBoundsException': 40> (0x04119da8) thrown at [C:\re\workspace\8-2-build-windows-i586-cygwin\jdk8u101\7261\hotspot\src\share\vm\interpreter\interpreterRuntime.cpp, line 366]

Events (10 events):
Event: 3.270 Executing VM operation: GenCollectForAllocation done
Event: 3.370 Executing VM operation: GenCollectForAllocation
Event: 3.412 Executing VM operation: GenCollectForAllocation done
Event: 3.508 Executing VM operation: GenCollectForAllocation
Event: 3.553 Executing VM operation: GenCollectForAllocation done
Event: 3.684 Executing VM operation: GenCollectForAllocation
Event: 3.721 Executing VM operation: GenCollectForAllocation done
Event: 3.826 Executing VM operation: GenCollectForAllocation
Event: 3.867 Executing VM operation: GenCollectForAllocation done
Event: 3.967 Executing VM operation: GenCollectForAllocation


Dynamic libraries:
0x00e60000 - 0x00e93000 	C:\Program Files\Java\jdk1.8.0_101\bin\java.exe
0x77a30000 - 0x77b6c000 	C:\Windows\SYSTEM32\ntdll.dll
0x76410000 - 0x764e4000 	C:\Windows\system32\kernel32.dll
0x75e30000 - 0x75e7a000 	C:\Windows\system32\KERNELBASE.dll
0x766f0000 - 0x76790000 	C:\Windows\system32\ADVAPI32.dll
0x76b90000 - 0x76c3c000 	C:\Windows\system32\msvcrt.dll
0x765c0000 - 0x765d9000 	C:\Windows\SYSTEM32\sechost.dll
0x76790000 - 0x76831000 	C:\Windows\system32\RPCRT4.dll
0x76ac0000 - 0x76b89000 	C:\Windows\system32\USER32.dll
0x76120000 - 0x7616e000 	C:\Windows\system32\GDI32.dll
0x76110000 - 0x7611a000 	C:\Windows\system32\LPK.dll
0x761e0000 - 0x7627d000 	C:\Windows\system32\USP10.dll
0x74840000 - 0x749de000 	C:\Windows\WinSxS\x86_microsoft.windows.common-controls_6595b64144ccf1df_6.0.7600.16385_none_421189da2b7fabfc\COMCTL32.dll
0x76170000 - 0x761c7000 	C:\Windows\system32\SHLWAPI.dll
0x763f0000 - 0x7640f000 	C:\Windows\system32\IMM32.DLL
0x764f0000 - 0x765bc000 	C:\Windows\system32\MSCTF.dll
0x5b630000 - 0x5b6ef000 	C:\Program Files\Java\jdk1.8.0_101\jre\bin\msvcr100.dll
0x57580000 - 0x5794c000 	C:\Program Files\Java\jdk1.8.0_101\jre\bin\client\jvm.dll
0x71170000 - 0x71177000 	C:\Windows\system32\WSOCK32.dll
0x77c20000 - 0x77c55000 	C:\Windows\system32\WS2_32.dll
0x763e0000 - 0x763e6000 	C:\Windows\system32\NSI.dll
0x71000000 - 0x71032000 	C:\Windows\system32\WINMM.dll
0x75080000 - 0x75089000 	C:\Windows\system32\VERSION.dll
0x76940000 - 0x76945000 	C:\Windows\system32\PSAPI.DLL
0x67da0000 - 0x67dac000 	C:\Program Files\Java\jdk1.8.0_101\jre\bin\verify.dll
0x67d70000 - 0x67d91000 	C:\Program Files\Java\jdk1.8.0_101\jre\bin\java.dll
0x67d50000 - 0x67d63000 	C:\Program Files\Java\jdk1.8.0_101\jre\bin\zip.dll
0x76de0000 - 0x77a29000 	C:\Windows\system32\SHELL32.dll
0x76280000 - 0x763dc000 	C:\Windows\system32\ole32.dll
0x75b80000 - 0x75b8b000 	C:\Windows\system32\profapi.dll
0x73980000 - 0x73a6b000 	C:\Windows\system32\dbghelp.dll

VM Arguments:
jvm_args: -Djava.awt.headless=true -Xmx1024M -Dfile.encoding=windows-1252 -Duser.country=US -Duser.language=en -Duser.variant 
java_command: com.android.dx.command.Main --dex --num-threads=4 --multi-dex --main-dex-list E:\SandeepProjectResources\MobipugNew\MobipugSource\app\build\intermediates\multi-dex\debug\maindexlist.txt --output E:\SandeepProjectResources\MobipugNew\MobipugSource\app\build\intermediates\transforms\dex\debug\folders\1000\1f\main E:\SandeepProjectResources\MobipugNew\MobipugSource\app\build\intermediates\transforms\jarMerging\debug\jars\1\1f\combined.jar
java_class_path (initial): C:\Users\android-4\AppData\Local\Android\Sdk\build-tools\26.0.2\lib\dx.jar
Launcher Type: SUN_STANDARD

Environment Variables:
PATH=C:\ProgramData\Oracle\Java\javapath;C:\Windows\system32;C:\Windows;C:\Windows\System32\Wbem;C:\Windows\System32\WindowsPowerShell\v1.0\;C:\Program Files\Intel\OpenCL SDK\2.0\bin\x86;C:\Program Files\Skype\Phone\
USERNAME=android-4
OS=Windows_NT
PROCESSOR_IDENTIFIER=x86 Family 6 Model 42 Stepping 7, GenuineIntel



---------------  S Y S T E M  ---------------

OS: Windows 7 Build 7600 (6.1.7600.16385)

CPU:total 4 (2 cores per cpu, 2 threads per core) family 6 model 42 stepping 7, cmov, cx8, fxsr, mmx, sse, sse2, sse3, ssse3, sse4.1, sse4.2, popcnt, clmul, ht, tsc, tscinvbit

Memory: 4k page, physical 3578328k(465016k free), swap 24056564k(19501584k free)

vm_info: Java HotSpot(TM) Client VM (25.101-b13) for windows-x86 JRE (1.8.0_101-b13), built on Jun 22 2016 00:45:44 by "java_re" with MS VC++ 10.0 (VS2010)

time: Wed Oct 24 18:16:01 2018
elapsed time: 4 seconds (0d 0h 0m 4s)

