#
# A fatal error has been detected by the Java Runtime Environment:
#
#  EXCEPTION_ACCESS_VIOLATION (0xc0000005) at pc=0x649d4da9, pid=128, tid=0x000005b4
#
# JRE version: Java(TM) SE Runtime Environment (8.0_101-b13) (build 1.8.0_101-b13)
# Java VM: Java HotSpot(TM) Client VM (25.101-b13 mixed mode windows-x86 )
# Problematic frame:
# V  [jvm.dll+0x1b4da9]
#
# Failed to write core dump. Minidumps are not enabled by default on client versions of Windows
#
# If you would like to submit a bug report, please visit:
#   http://bugreport.java.com/bugreport/crash.jsp
#

---------------  T H R E A D  ---------------

Current thread (0x443ea800):  VMThread [stack: 0x44620000,0x44670000] [id=1460]

siginfo: ExceptionCode=0xc0000005, reading address 0xb0000c3e

Registers:
EAX=0x3fe050d8, EBX=0x445b40f4, ECX=0x441d3988, EDX=0xb0000bb6
ESP=0x4466f110, EBP=0x4466f128, ESI=0x445b40f0, EDI=0x64b894cc
EIP=0x649d4da9, EFLAGS=0x00010206

Top of Stack: (sp=0x4466f110)
0x4466f110:   3fe050d8 64b894cc 445b40f0 445b40f4
0x4466f120:   64b894cc 445b40f0 4466f134 649d4fac
0x4466f130:   00000003 4466f150 6497883a 445b40f0
0x4466f140:   445c1000 64b894cc 00000000 445b4588
0x4466f150:   4466f338 64999eef 64b894cc 00000002
0x4466f160:   445c1000 00000000 32a2a8da 00000ffc
0x4466f170:   011d35b4 011d0000 361d001f 0000016d
0x4466f180:   4466f3b0 64b894f0 4466f434 ffffffff 

Instructions: (pc=0x649d4da9)
0x649d4d89:   23 f0 29 35 50 94 b8 64 a3 4c 94 b8 64 8b c7 eb
0x649d4d99:   09 48 a3 4c 94 b8 64 8b 04 81 8b 48 04 8b 11 50
0x649d4da9:   8b 82 88 00 00 00 ff d0 8b 0d 58 94 b8 64 85 c9
0x649d4db9:   0f 85 51 ff ff ff a1 7c 94 b8 64 85 c0 0f 84 b8 


Register to memory mapping:

EAX=
[error occurred during error reporting (printing register info), id 0xc0000005]

Stack: [0x44620000,0x44670000],  sp=0x4466f110,  free space=316k
Native frames: (J=compiled Java code, j=interpreted, Vv=VM code, C=native code)
V  [jvm.dll+0x1b4da9]
V  [jvm.dll+0x1b4fac]
V  [jvm.dll+0x15883a]
V  [jvm.dll+0x179eef]
V  [jvm.dll+0x1789ea]
V  [jvm.dll+0x97fb0]
V  [jvm.dll+0x992a1]
V  [jvm.dll+0x9b020]
V  [jvm.dll+0x9b489]
V  [jvm.dll+0x9a27f]
V  [jvm.dll+0xa64b2]
V  [jvm.dll+0x98e73]
V  [jvm.dll+0x92e25]
V  [jvm.dll+0x1b81c6]
V  [jvm.dll+0x18292b]
V  [jvm.dll+0x181d31]
V  [jvm.dll+0x182147]
V  [jvm.dll+0x182342]
V  [jvm.dll+0x1c1ed6]
C  [msvcr100.dll+0x5c556]
C  [msvcr100.dll+0x5c600]
C  [kernel32.dll+0x51174]
C  [ntdll.dll+0x5b3f5]
C  [ntdll.dll+0x5b3c8]

VM_Operation (0x44baf0f8): GenCollectForAllocation, mode: safepoint, requested by thread 0x445b2c00


---------------  P R O C E S S  ---------------

Java Threads: ( => current thread )
  0x445c1000 JavaThread "pool-2-thread-4" [_thread_blocked, id=3092, stack(0x44af0000,0x44b40000)]
  0x445b2c00 JavaThread "pool-2-thread-3" [_thread_blocked, id=5148, stack(0x44b60000,0x44bb0000)]
  0x445b7c00 JavaThread "pool-2-thread-2" [_thread_blocked, id=2640, stack(0x44a50000,0x44aa0000)]
  0x44582800 JavaThread "pool-3-thread-1" [_thread_blocked, id=5824, stack(0x44860000,0x448b0000)]
  0x44582400 JavaThread "pool-2-thread-1" [_thread_blocked, id=472, stack(0x44920000,0x44970000)]
  0x44433c00 JavaThread "Service Thread" daemon [_thread_blocked, id=3640, stack(0x44970000,0x449c0000)]
  0x4443a000 JavaThread "C1 CompilerThread0" daemon [_thread_blocked, id=1880, stack(0x446a0000,0x446f0000)]
  0x44439000 JavaThread "Attach Listener" daemon [_thread_blocked, id=1592, stack(0x448b0000,0x44900000)]
  0x44436000 JavaThread "Signal Dispatcher" daemon [_thread_blocked, id=4648, stack(0x44720000,0x44770000)]
  0x44416c00 JavaThread "Finalizer" daemon [_thread_blocked, id=4184, stack(0x01250000,0x012a0000)]
  0x443f0400 JavaThread "Reference Handler" daemon [_thread_blocked, id=5660, stack(0x44780000,0x447d0000)]
  0x011dbc00 JavaThread "main" [_thread_blocked, id=5340, stack(0x018a0000,0x018f0000)]

Other Threads:
=>0x443ea800 VMThread [stack: 0x44620000,0x44670000] [id=1460]
  0x44458800 WatcherThread [stack: 0x447f0000,0x44840000] [id=5180]

VM state:at safepoint (normal execution)

VM Mutex/Monitor currently owned by a thread:  ([mutex/lock_event])
[0x011da230] Threads_lock - owner thread: 0x443ea800
[0x011da640] Heap_lock - owner thread: 0x445b2c00

Heap:
 def new generation   total 314560K, used 279616K [0x03c00000, 0x19150000, 0x19150000)
  eden space 279616K, 100% used [0x03c00000, 0x14d10000, 0x14d10000)
  from space 34944K,   0% used [0x16f30000, 0x16f30000, 0x19150000)
  to   space 34944K,   0% used [0x14d10000, 0x14d10000, 0x16f30000)
 tenured generation   total 699072K, used 677676K [0x19150000, 0x43c00000, 0x43c00000)
   the space 699072K,  96% used [0x19150000, 0x4271b290, 0x4271b400, 0x43c00000)
 Metaspace       used 3551K, capacity 3598K, committed 3648K, reserved 4480K

Card table byte_map: [0x43c00000,0x43e10000] byte_map_base: 0x43be2000

Polling page: 0x00190000

CodeCache: size=32768Kb used=3676Kb max_used=3718Kb free=29091Kb
 bounds [0x01bc0000, 0x01f68000, 0x03bc0000]
 total_blobs=1910 nmethods=1763 adapters=77
 compilation: enabled

Compilation events (10 events):
Event: 25.909 Thread 0x4443a000 1774             java.util.concurrent.locks.AbstractQueuedSynchronizer::transferForSignal (45 bytes)
Event: 25.909 Thread 0x4443a000 nmethod 1774 0x01f615c8 code [0x01f616e0, 0x01f61828]
Event: 28.107 Thread 0x4443a000 1775             java.util.concurrent.ThreadPoolExecutor$CallerRunsPolicy::rejectedExecution (14 bytes)
Event: 28.107 Thread 0x4443a000 nmethod 1775 0x01f61908 code [0x01f61a10, 0x01f61aec]
Event: 28.134 Thread 0x4443a000 1776             java.util.HashMap$TreeNode::split (218 bytes)
Event: 28.135 Thread 0x4443a000 nmethod 1776 0x01d5b488 code [0x01d5b600, 0x01d5bb00]
Event: 28.291 Thread 0x4443a000 1777 % !         java.util.concurrent.ThreadPoolExecutor::runWorker @ 21 (225 bytes)
Event: 28.292 Thread 0x4443a000 nmethod 1777% 0x01e30048 code [0x01e30240, 0x01e309a4]
Event: 28.411 Thread 0x4443a000 1778             com.android.dx.rop.cst.CstLiteral32::compareTo0 (30 bytes)
Event: 28.411 Thread 0x4443a000 nmethod 1778 0x01d43948 code [0x01d43a40, 0x01d43b20]

GC Heap History (10 events):
Event: 18.663 GC heap after
Heap after GC invocations=101 (full 9):
 def new generation   total 314560K, used 0K [0x03c00000, 0x19150000, 0x19150000)
  eden space 279616K,   0% used [0x03c00000, 0x03c00000, 0x14d10000)
  from space 34944K,   0% used [0x14d10000, 0x14d10000, 0x16f30000)
  to   space 34944K,   0% used [0x16f30000, 0x16f30000, 0x19150000)
 tenured generation   total 699072K, used 631819K [0x19150000, 0x43c00000, 0x43c00000)
   the space 699072K,  90% used [0x19150000, 0x3fa52fa0, 0x3fa53000, 0x43c00000)
 Metaspace       used 3551K, capacity 3598K, committed 3648K, reserved 4480K
}
Event: 20.310 GC heap before
{Heap before GC invocations=101 (full 9):
 def new generation   total 314560K, used 279616K [0x03c00000, 0x19150000, 0x19150000)
  eden space 279616K, 100% used [0x03c00000, 0x14d10000, 0x14d10000)
  from space 34944K,   0% used [0x14d10000, 0x14d10000, 0x16f30000)
  to   space 34944K,   0% used [0x16f30000, 0x16f30000, 0x19150000)
 tenured generation   total 699072K, used 631819K [0x19150000, 0x43c00000, 0x43c00000)
   the space 699072K,  90% used [0x19150000, 0x3fa52fa0, 0x3fa53000, 0x43c00000)
 Metaspace       used 3551K, capacity 3598K, committed 3648K, reserved 4480K
Event: 22.032 GC heap after
Heap after GC invocations=102 (full 10):
 def new generation   total 314560K, used 18037K [0x03c00000, 0x19150000, 0x19150000)
  eden space 279616K,   6% used [0x03c00000, 0x04d9d658, 0x14d10000)
  from space 34944K,   0% used [0x16f30000, 0x16f30000, 0x19150000)
  to   space 34944K,   0% used [0x14d10000, 0x14d10000, 0x16f30000)
 tenured generation   total 699072K, used 699071K [0x19150000, 0x43c00000, 0x43c00000)
   the space 699072K,  99% used [0x19150000, 0x43bffff8, 0x43c00000, 0x43c00000)
 Metaspace       used 3551K, capacity 3598K, committed 3648K, reserved 4480K
}
Event: 23.816 GC heap before
{Heap before GC invocations=102 (full 10):
 def new generation   total 314560K, used 314559K [0x03c00000, 0x19150000, 0x19150000)
  eden space 279616K, 100% used [0x03c00000, 0x14d10000, 0x14d10000)
  from space 34944K,  99% used [0x16f30000, 0x1914ff90, 0x19150000)
  to   space 34944K,   0% used [0x14d10000, 0x14d10000, 0x16f30000)
 tenured generation   total 699072K, used 699071K [0x19150000, 0x43c00000, 0x43c00000)
   the space 699072K,  99% used [0x19150000, 0x43bffff8, 0x43c00000, 0x43c00000)
 Metaspace       used 3551K, capacity 3598K, committed 3648K, reserved 4480K
Event: 25.354 GC heap after
Heap after GC invocations=103 (full 11):
 def new generation   total 314560K, used 18041K [0x03c00000, 0x19150000, 0x19150000)
  eden space 279616K,   6% used [0x03c00000, 0x04d9e5f8, 0x14d10000)
  from space 34944K,   0% used [0x16f30000, 0x16f30000, 0x19150000)
  to   space 34944K,   0% used [0x14d10000, 0x14d10000, 0x16f30000)
 tenured generation   total 699072K, used 699071K [0x19150000, 0x43c00000, 0x43c00000)
   the space 699072K,  99% used [0x19150000, 0x43bffcd0, 0x43bffe00, 0x43c00000)
 Metaspace       used 3551K, capacity 3598K, committed 3648K, reserved 4480K
}
Event: 26.148 GC heap before
{Heap before GC invocations=103 (full 11):
 def new generation   total 314560K, used 314559K [0x03c00000, 0x19150000, 0x19150000)
  eden space 279616K, 100% used [0x03c00000, 0x14d10000, 0x14d10000)
  from space 34944K,  99% used [0x16f30000, 0x1914fff8, 0x19150000)
  to   space 34944K,   0% used [0x14d10000, 0x14d10000, 0x16f30000)
 tenured generation   total 699072K, used 699072K [0x19150000, 0x43c00000, 0x43c00000)
   the space 699072K, 100% used [0x19150000, 0x43c00000, 0x43c00000, 0x43c00000)
 Metaspace       used 3551K, capacity 3598K, committed 3648K, reserved 4480K
Event: 28.058 GC heap after
Heap after GC invocations=104 (full 12):
 def new generation   total 314560K, used 0K [0x03c00000, 0x19150000, 0x19150000)
  eden space 279616K,   0% used [0x03c00000, 0x03c00000, 0x14d10000)
  from space 34944K,   0% used [0x16f30000, 0x16f30000, 0x19150000)
  to   space 34944K,   0% used [0x14d10000, 0x14d10000, 0x16f30000)
 tenured generation   total 699072K, used 634483K [0x19150000, 0x43c00000, 0x43c00000)
   the space 699072K,  90% used [0x19150000, 0x3fcecfc0, 0x3fced000, 0x43c00000)
 Metaspace       used 3551K, capacity 3598K, committed 3648K, reserved 4480K
}
Event: 28.533 GC heap before
{Heap before GC invocations=104 (full 12):
 def new generation   total 314560K, used 279616K [0x03c00000, 0x19150000, 0x19150000)
  eden space 279616K, 100% used [0x03c00000, 0x14d10000, 0x14d10000)
  from space 34944K,   0% used [0x16f30000, 0x16f30000, 0x19150000)
  to   space 34944K,   0% used [0x14d10000, 0x14d10000, 0x16f30000)
 tenured generation   total 699072K, used 634483K [0x19150000, 0x43c00000, 0x43c00000)
   the space 699072K,  90% used [0x19150000, 0x3fcecfc0, 0x3fced000, 0x43c00000)
 Metaspace       used 3551K, capacity 3598K, committed 3648K, reserved 4480K
Event: 30.169 GC heap after
Heap after GC invocations=105 (full 13):
 def new generation   total 314560K, used 0K [0x03c00000, 0x19150000, 0x19150000)
  eden space 279616K,   0% used [0x03c00000, 0x03c00000, 0x14d10000)
  from space 34944K,   0% used [0x16f30000, 0x16f30000, 0x19150000)
  to   space 34944K,   0% used [0x14d10000, 0x14d10000, 0x16f30000)
 tenured generation   total 699072K, used 677676K [0x19150000, 0x43c00000, 0x43c00000)
   the space 699072K,  96% used [0x19150000, 0x4271b290, 0x4271b400, 0x43c00000)
 Metaspace       used 3551K, capacity 3598K, committed 3648K, reserved 4480K
}
Event: 30.671 GC heap before
{Heap before GC invocations=105 (full 13):
 def new generation   total 314560K, used 279616K [0x03c00000, 0x19150000, 0x19150000)
  eden space 279616K, 100% used [0x03c00000, 0x14d10000, 0x14d10000)
  from space 34944K,   0% used [0x16f30000, 0x16f30000, 0x19150000)
  to   space 34944K,   0% used [0x14d10000, 0x14d10000, 0x16f30000)
 tenured generation   total 699072K, used 677676K [0x19150000, 0x43c00000, 0x43c00000)
   the space 699072K,  96% used [0x19150000, 0x4271b290, 0x4271b400, 0x43c00000)
 Metaspace       used 3551K, capacity 3598K, committed 3648K, reserved 4480K

Deoptimization events (0 events):
No events

Internal exceptions (5 events):
Event: 0.043 Thread 0x011dbc00 Exception <a 'java/lang/NoSuchMethodError': Method sun.misc.Unsafe.defineClass(Ljava/lang/String;[BII)Ljava/lang/Class; name or signature does not match> (0x03c06ea8) thrown at [C:\re\workspace\8-2-build-windows-i586-cygwin\jdk8u101\7261\hotspot\src\share\fÆM'>¦?
Event: 0.043 Thread 0x011dbc00 Exception <a 'java/lang/NoSuchMethodError': Method sun.misc.Unsafe.prefetchRead(Ljava/lang/Object;J)V name or signature does not match> (0x03c07178) thrown at [C:\re\workspace\8-2-build-windows-i586-cygwin\jdk8u101\7261\hotspot\src\share\vm\prims\jni.cpp, Q§ªW8ùë?
Event: 0.874 Thread 0x445c1000 Exception <a 'java/lang/ArrayIndexOutOfBoundsException': 18> (0x041ce538) thrown at [C:\re\workspace\8-2-build-windows-i586-cygwin\jdk8u101\7261\hotspot\src\share\vm\interpreter\interpreterRuntime.cpp, line 366]
Event: 0.874 Thread 0x445c1000 Exception <a 'java/lang/ArrayIndexOutOfBoundsException': 145> (0x041cfdd8) thrown at [C:\re\workspace\8-2-build-windows-i586-cygwin\jdk8u101\7261\hotspot\src\share\vm\interpreter\interpreterRuntime.cpp, line 366]
Event: 0.875 Thread 0x445c1000 Exception <a 'java/lang/ArrayIndexOutOfBoundsException': 40> (0x041d0eb8) thrown at [C:\re\workspace\8-2-build-windows-i586-cygwin\jdk8u101\7261\hotspot\src\share\vm\interpreter\interpreterRuntime.cpp, line 366]

Events (10 events):
Event: 28.135 Thread 0x4443a000 flushing nmethod 0x01d94e48
Event: 28.135 Thread 0x4443a000 flushing nmethod 0x01da6188
Event: 28.135 Thread 0x4443a000 flushing nmethod 0x01db7788
Event: 28.135 Thread 0x4443a000 flushing nmethod 0x01dc9dc8
Event: 28.135 Thread 0x4443a000 flushing nmethod 0x01dcae88
Event: 28.135 Thread 0x4443a000 flushing nmethod 0x01e2f108
Event: 28.292 Thread 0x4443a000 flushing nmethod 0x01eade48
Event: 28.532 Executing VM operation: GenCollectForAllocation
Event: 30.169 Executing VM operation: GenCollectForAllocation done
Event: 30.671 Executing VM operation: GenCollectForAllocation


Dynamic libraries:
0x012a0000 - 0x012d3000 	C:\Program Files\Java\jdk1.8.0_101\bin\java.exe
0x77320000 - 0x7745c000 	C:\Windows\SYSTEM32\ntdll.dll
0x76880000 - 0x76954000 	C:\Windows\system32\kernel32.dll
0x75700000 - 0x7574a000 	C:\Windows\system32\KERNELBASE.dll
0x76dc0000 - 0x76e60000 	C:\Windows\system32\ADVAPI32.dll
0x76fa0000 - 0x7704c000 	C:\Windows\system32\msvcrt.dll
0x77480000 - 0x77499000 	C:\Windows\SYSTEM32\sechost.dll
0x76960000 - 0x76a01000 	C:\Windows\system32\RPCRT4.dll
0x76ec0000 - 0x76f89000 	C:\Windows\system32\USER32.dll
0x76620000 - 0x7666e000 	C:\Windows\system32\GDI32.dll
0x77460000 - 0x7746a000 	C:\Windows\system32\LPK.dll
0x76a10000 - 0x76aad000 	C:\Windows\system32\USP10.dll
0x74280000 - 0x7441e000 	C:\Windows\WinSxS\x86_microsoft.windows.common-controls_6595b64144ccf1df_6.0.7600.16385_none_421189da2b7fabfc\COMCTL32.dll
0x77050000 - 0x770a7000 	C:\Windows\system32\SHLWAPI.dll
0x76700000 - 0x7671f000 	C:\Windows\system32\IMM32.DLL
0x77250000 - 0x7731c000 	C:\Windows\system32\MSCTF.dll
0x64bf0000 - 0x64caf000 	C:\Program Files\Java\jdk1.8.0_101\jre\bin\msvcr100.dll
0x64820000 - 0x64bec000 	C:\Program Files\Java\jdk1.8.0_101\jre\bin\client\jvm.dll
0x70a20000 - 0x70a27000 	C:\Windows\system32\WSOCK32.dll
0x76bb0000 - 0x76be5000 	C:\Windows\system32\WS2_32.dll
0x76f90000 - 0x76f96000 	C:\Windows\system32\NSI.dll
0x70d40000 - 0x70d72000 	C:\Windows\system32\WINMM.dll
0x74970000 - 0x74979000 	C:\Windows\system32\VERSION.dll
0x77470000 - 0x77475000 	C:\Windows\system32\PSAPI.DLL
0x661e0000 - 0x661ec000 	C:\Program Files\Java\jdk1.8.0_101\jre\bin\verify.dll
0x65f80000 - 0x65fa1000 	C:\Program Files\Java\jdk1.8.0_101\jre\bin\java.dll
0x65f60000 - 0x65f73000 	C:\Program Files\Java\jdk1.8.0_101\jre\bin\zip.dll
0x759d0000 - 0x76619000 	C:\Windows\system32\SHELL32.dll
0x76720000 - 0x7687c000 	C:\Windows\system32\ole32.dll
0x75470000 - 0x7547b000 	C:\Windows\system32\profapi.dll
0x731d0000 - 0x732bb000 	C:\Windows\system32\dbghelp.dll

VM Arguments:
jvm_args: -Djava.awt.headless=true -Xmx1024M -Dfile.encoding=windows-1252 -Duser.country=US -Duser.language=en -Duser.variant 
java_command: com.android.dx.command.Main --dex --num-threads=4 --multi-dex --main-dex-list E:\SandeepProjectResources\MobipugNew\Mobipug27.10.18\MobipugSource\app\build\intermediates\multi-dex\debug\maindexlist.txt --output E:\SandeepProjectResources\MobipugNew\Mobipug27.10.18\MobipugSource\app\build\intermediates\transforms\dex\debug\folders\1000\1f\main E:\SandeepProjectResources\MobipugNew\Mobipug27.10.18\MobipugSource\app\build\intermediates\transforms\jarMerging\debug\jars\1\1f\combined.jar
java_class_path (initial): C:\Users\android-4\AppData\Local\Android\Sdk\build-tools\26.0.2\lib\dx.jar
Launcher Type: SUN_STANDARD

Environment Variables:
PATH=C:\ProgramData\Oracle\Java\javapath;C:\Windows\system32;C:\Windows;C:\Windows\System32\Wbem;C:\Windows\System32\WindowsPowerShell\v1.0\;C:\Program Files\Intel\OpenCL SDK\2.0\bin\x86;C:\Program Files\Skype\Phone\
USERNAME=android-4
OS=Windows_NT
PROCESSOR_IDENTIFIER=x86 Family 6 Model 42 Stepping 7, GenuineIntel



---------------  S Y S T E M  ---------------

OS: Windows 7 Build 7600 (6.1.7600.16385)

CPU:total 4 (2 cores per cpu, 2 threads per core) family 6 model 42 stepping 7, cmov, cx8, fxsr, mmx, sse, sse2, sse3, ssse3, sse4.1, sse4.2, popcnt, clmul, ht, tsc, tscinvbit

Memory: 4k page, physical 3578328k(372800k free), swap 24056564k(18705692k free)

vm_info: Java HotSpot(TM) Client VM (25.101-b13) for windows-x86 JRE (1.8.0_101-b13), built on Jun 22 2016 00:45:44 by "java_re" with MS VC++ 10.0 (VS2010)

time: Tue Nov 06 19:09:15 2018
elapsed time: 31 seconds (0d 0h 0m 31s)

