#
# A fatal error has been detected by the Java Runtime Environment:
#
#  EXCEPTION_ACCESS_VIOLATION (0xc0000005) at pc=0x01427e68, pid=5068, tid=0x000015fc
#
# JRE version: Java(TM) SE Runtime Environment (8.0_101-b13) (build 1.8.0_101-b13)
# Java VM: Java HotSpot(TM) Client VM (25.101-b13 mixed mode windows-x86 )
# Problematic frame:
# C  0x01427e68
#
# Failed to write core dump. Minidumps are not enabled by default on client versions of Windows
#
# If you would like to submit a bug report, please visit:
#   http://bugreport.java.com/bugreport/crash.jsp
#

---------------  T H R E A D  ---------------

Current thread (0x445ea800):  VMThread [stack: 0x01260000,0x012b0000] [id=5628]

siginfo: ExceptionCode=0xc0000005, ExceptionInformation=0x00000008 0x01427e68

Registers:
EAX=0x44170918, EBX=0x012af004, ECX=0x4421d2d0, EDX=0x01427e68
ESP=0x012aef04, EBP=0x012aef20, ESI=0x23b7b0d8, EDI=0x23beb698
EIP=0x01427e68, EFLAGS=0x00010283

Top of Stack: (sp=0x012aef04)
0x012aef04:   503c518f 23b7b0d8 012af004 01414050
0x012aef14:   012af004 0140f210 01414170 012aef34
0x012aef24:   503ba531 012af004 0140f264 00000001
0x012aef34:   012aef4c 503b8207 012af004 0140f210
0x012aef44:   012af044 00000000 012af168 503b41d7
0x012aef54:   00000000 012af090 012af004 01411c88
0x012aef64:   503b51b4 014effa0 0140f210 0140f260
0x012aef74:   505f9c54 00000000 00000057 00000004 

Instructions: (pc=0x01427e68)
0x01427e48:   5b 4a 00 00 00 00 00 00 10 00 ff ff 30 3e 92 00
0x01427e58:   6a 61 76 61 2f 6c 61 6e 67 2f 53 79 73 74 65 6d
0x01427e68:   10 00 ff ff 9b c1 30 01 6a 61 76 61 2f 6c 61 6e
0x01427e78:   67 2f 4f 62 6a 65 63 74 0f 00 ff ff b9 a7 f6 27 


Register to memory mapping:

EAX=0x44170918 is pointing into metadata
EBX=0x012af004 is an unknown value
ECX=0x4421d2d0 is pointing into metadata
EDX=0x01427e68 is an unknown value
ESP=0x012aef04 is an unknown value
EBP=0x012aef20 is an unknown value
ESI=0x23b7b0d8 is an oop

[error occurred during error reporting (printing register info), id 0xc0000005]

Stack: [0x01260000,0x012b0000],  sp=0x012aef04,  free space=315k
Native frames: (J=compiled Java code, j=interpreted, Vv=VM code, C=native code)
C  0x01427e68
V  [jvm.dll+0x9a531]
V  [jvm.dll+0x98207]
V  [jvm.dll+0x941d7]
V  [jvm.dll+0x98e73]
V  [jvm.dll+0x92e25]
V  [jvm.dll+0x1b81c6]
V  [jvm.dll+0x18292b]
V  [jvm.dll+0x181d31]
V  [jvm.dll+0x182147]
V  [jvm.dll+0x182342]
V  [jvm.dll+0x1c1ed6]
C  [msvcr100.dll+0x5c556]
C  [msvcr100.dll+0x5c600]
C  [kernel32.dll+0x51174]
C  [ntdll.dll+0x5b3f5]
C  [ntdll.dll+0x5b3c8]

VM_Operation (0x44cef2e4): GenCollectForAllocation, mode: safepoint, requested by thread 0x447b8800


---------------  P R O C E S S  ---------------

Java Threads: ( => current thread )
  0x447b8800 JavaThread "pool-2-thread-4" [_thread_blocked, id=4972, stack(0x44ca0000,0x44cf0000)]
  0x447b2800 JavaThread "pool-2-thread-3" [_thread_blocked, id=1864, stack(0x03d10000,0x03d60000)]
  0x447b1800 JavaThread "pool-2-thread-2" [_thread_blocked, id=764, stack(0x44aa0000,0x44af0000)]
  0x44790000 JavaThread "pool-3-thread-1" [_thread_blocked, id=4668, stack(0x44b60000,0x44bb0000)]
  0x44785800 JavaThread "pool-2-thread-1" [_thread_blocked, id=2992, stack(0x44890000,0x448e0000)]
  0x44646400 JavaThread "Service Thread" daemon [_thread_blocked, id=3804, stack(0x44910000,0x44960000)]
  0x4463a000 JavaThread "C1 CompilerThread0" daemon [_thread_blocked, id=2976, stack(0x44990000,0x449e0000)]
  0x44639000 JavaThread "Attach Listener" daemon [_thread_blocked, id=5448, stack(0x03d80000,0x03dd0000)]
  0x44636000 JavaThread "Signal Dispatcher" daemon [_thread_blocked, id=1228, stack(0x44830000,0x44880000)]
  0x44616c00 JavaThread "Finalizer" daemon [_thread_blocked, id=5548, stack(0x447e0000,0x44830000)]
  0x445f0400 JavaThread "Reference Handler" daemon [_thread_blocked, id=3276, stack(0x01340000,0x01390000)]
  0x004bbc00 JavaThread "main" [_thread_blocked, id=4992, stack(0x00450000,0x004a0000)]

Other Threads:
=>0x445ea800 VMThread [stack: 0x01260000,0x012b0000] [id=5628]
  0x44658400 WatcherThread [stack: 0x449f0000,0x44a40000] [id=2692]

VM state:at safepoint (normal execution)

VM Mutex/Monitor currently owned by a thread:  ([mutex/lock_event])
[0x004ba230] Threads_lock - owner thread: 0x445ea800
[0x004ba640] Heap_lock - owner thread: 0x447b8800

Heap:
 def new generation   total 112832K, used 112497K [0x03e00000, 0x0b860000, 0x19350000)
  eden space 100352K, 100% used [0x03e00000, 0x0a000000, 0x0a000000)
  from space 12480K,  97% used [0x0ac30000, 0x0b80c7b8, 0x0b860000)
  to   space 12480K, 100% used [0x0a000000, 0x0ac30000, 0x0ac30000)
 tenured generation   total 250464K, used 173549K [0x19350000, 0x287e8000, 0x43e00000)
   the space 250464K,  69% used [0x19350000, 0x23ccb628, 0x23ccb800, 0x287e8000)
 Metaspace       used 3554K, capacity 3598K, committed 3648K, reserved 4480K

Card table byte_map: [0x43e00000,0x44010000] byte_map_base: 0x43de1000

Polling page: 0x00140000

CodeCache: size=32768Kb used=3362Kb max_used=3362Kb free=29405Kb
 bounds [0x01cb0000, 0x02000000, 0x03cb0000]
 total_blobs=1783 nmethods=1636 adapters=77
 compilation: enabled

Compilation events (10 events):
Event: 4.945 Thread 0x4463a000 1634             java.util.WeakHashMap::put (162 bytes)
Event: 4.946 Thread 0x4463a000 nmethod 1634 0x01ff6348 code [0x01ff6490, 0x01ff6800]
Event: 4.946 Thread 0x4463a000 1635             java.util.concurrent.atomic.AtomicInteger::getAndDecrement (12 bytes)
Event: 4.946 Thread 0x4463a000 nmethod 1635 0x01ff6ac8 code [0x01ff6bc0, 0x01ff6c40]
Event: 4.946 Thread 0x4463a000 1636   !         java.util.concurrent.LinkedBlockingQueue::take (93 bytes)
Event: 4.947 Thread 0x4463a000 nmethod 1636 0x01ff6c88 code [0x01ff6e60, 0x01ff7328]
Event: 4.952 Thread 0x4463a000 1637   !         java.util.concurrent.LinkedBlockingQueue::offer (130 bytes)
Event: 4.953 Thread 0x4463a000 nmethod 1637 0x01ff7d08 code [0x01ff7ec0, 0x01ff8354]
Event: 4.954 Thread 0x4463a000 1638             java.util.concurrent.LinkedBlockingQueue::enqueue (14 bytes)
Event: 4.954 Thread 0x4463a000 nmethod 1638 0x01ff8b08 code [0x01ff8c00, 0x01ff8ca0]

GC Heap History (10 events):
Event: 3.795 GC heap after
Heap after GC invocations=77 (full 5):
 def new generation   total 67264K, used 7424K [0x03e00000, 0x086f0000, 0x19350000)
  eden space 59840K,   0% used [0x03e00000, 0x03e00000, 0x07870000)
  from space 7424K, 100% used [0x07fb0000, 0x086f0000, 0x086f0000)
  to   space 7424K,   0% used [0x07870000, 0x07870000, 0x07fb0000)
 tenured generation   total 149268K, used 142047K [0x19350000, 0x22515000, 0x43e00000)
   the space 149268K,  95% used [0x19350000, 0x21e07ee8, 0x21e08000, 0x22515000)
 Metaspace       used 3552K, capacity 3598K, committed 3648K, reserved 4480K
}
Event: 3.888 GC heap before
{Heap before GC invocations=77 (full 5):
 def new generation   total 67264K, used 67264K [0x03e00000, 0x086f0000, 0x19350000)
  eden space 59840K, 100% used [0x03e00000, 0x07870000, 0x07870000)
  from space 7424K, 100% used [0x07fb0000, 0x086f0000, 0x086f0000)
  to   space 7424K,   0% used [0x07870000, 0x07870000, 0x07fb0000)
 tenured generation   total 149268K, used 142047K [0x19350000, 0x22515000, 0x43e00000)
   the space 149268K,  95% used [0x19350000, 0x21e07ee8, 0x21e08000, 0x22515000)
 Metaspace       used 3552K, capacity 3598K, committed 3648K, reserved 4480K
Event: 4.266 GC heap after
Heap after GC invocations=78 (full 6):
 def new generation   total 112832K, used 7395K [0x03e00000, 0x0b860000, 0x19350000)
  eden space 100352K,   7% used [0x03e00000, 0x04538d38, 0x0a000000)
  from space 12480K,   0% used [0x0a000000, 0x0a000000, 0x0ac30000)
  to   space 12480K,   0% used [0x0ac30000, 0x0ac30000, 0x0b860000)
 tenured generation   total 250464K, used 150276K [0x19350000, 0x287e8000, 0x43e00000)
   the space 250464K,  59% used [0x19350000, 0x226112f0, 0x22611400, 0x287e8000)
 Metaspace       used 3552K, capacity 3598K, committed 3648K, reserved 4480K
}
Event: 4.449 GC heap before
{Heap before GC invocations=78 (full 6):
 def new generation   total 112832K, used 100352K [0x03e00000, 0x0b860000, 0x19350000)
  eden space 100352K, 100% used [0x03e00000, 0x0a000000, 0x0a000000)
  from space 12480K,   0% used [0x0a000000, 0x0a000000, 0x0ac30000)
  to   space 12480K,   0% used [0x0ac30000, 0x0ac30000, 0x0b860000)
 tenured generation   total 250464K, used 150276K [0x19350000, 0x287e8000, 0x43e00000)
   the space 250464K,  59% used [0x19350000, 0x226112f0, 0x22611400, 0x287e8000)
 Metaspace       used 3554K, capacity 3598K, committed 3648K, reserved 4480K
Event: 4.576 GC heap after
Heap after GC invocations=79 (full 6):
 def new generation   total 112832K, used 12480K [0x03e00000, 0x0b860000, 0x19350000)
  eden space 100352K,   0% used [0x03e00000, 0x03e00000, 0x0a000000)
  from space 12480K, 100% used [0x0ac30000, 0x0b860000, 0x0b860000)
  to   space 12480K,   0% used [0x0a000000, 0x0a000000, 0x0ac30000)
 tenured generation   total 250464K, used 159852K [0x19350000, 0x287e8000, 0x43e00000)
   the space 250464K,  63% used [0x19350000, 0x22f6b1a8, 0x22f6b200, 0x287e8000)
 Metaspace       used 3554K, capacity 3598K, committed 3648K, reserved 4480K
}
Event: 4.639 GC heap before
{Heap before GC invocations=79 (full 6):
 def new generation   total 112832K, used 112832K [0x03e00000, 0x0b860000, 0x19350000)
  eden space 100352K, 100% used [0x03e00000, 0x0a000000, 0x0a000000)
  from space 12480K, 100% used [0x0ac30000, 0x0b860000, 0x0b860000)
  to   space 12480K,   0% used [0x0a000000, 0x0a000000, 0x0ac30000)
 tenured generation   total 250464K, used 159852K [0x19350000, 0x287e8000, 0x43e00000)
   the space 250464K,  63% used [0x19350000, 0x22f6b1a8, 0x22f6b200, 0x287e8000)
 Metaspace       used 3554K, capacity 3598K, committed 3648K, reserved 4480K
Event: 4.675 GC heap after
Heap after GC invocations=80 (full 6):
 def new generation   total 112832K, used 3461K [0x03e00000, 0x0b860000, 0x19350000)
  eden space 100352K,   0% used [0x03e00000, 0x03e00000, 0x0a000000)
  from space 12480K,  27% used [0x0a000000, 0x0a361620, 0x0ac30000)
  to   space 12480K,   0% used [0x0ac30000, 0x0ac30000, 0x0b860000)
 tenured generation   total 250464K, used 171916K [0x19350000, 0x287e8000, 0x43e00000)
   the space 250464K,  68% used [0x19350000, 0x23b33318, 0x23b33400, 0x287e8000)
 Metaspace       used 3554K, capacity 3598K, committed 3648K, reserved 4480K
}
Event: 4.791 GC heap before
{Heap before GC invocations=80 (full 6):
 def new generation   total 112832K, used 103813K [0x03e00000, 0x0b860000, 0x19350000)
  eden space 100352K, 100% used [0x03e00000, 0x0a000000, 0x0a000000)
  from space 12480K,  27% used [0x0a000000, 0x0a361620, 0x0ac30000)
  to   space 12480K,   0% used [0x0ac30000, 0x0ac30000, 0x0b860000)
 tenured generation   total 250464K, used 171916K [0x19350000, 0x287e8000, 0x43e00000)
   the space 250464K,  68% used [0x19350000, 0x23b33318, 0x23b33400, 0x287e8000)
 Metaspace       used 3554K, capacity 3598K, committed 3648K, reserved 4480K
Event: 4.820 GC heap after
Heap after GC invocations=81 (full 6):
 def new generation   total 112832K, used 12133K [0x03e00000, 0x0b860000, 0x19350000)
  eden space 100352K,   0% used [0x03e00000, 0x03e00000, 0x0a000000)
  from space 12480K,  97% used [0x0ac30000, 0x0b809468, 0x0b860000)
  to   space 12480K,   0% used [0x0a000000, 0x0a000000, 0x0ac30000)
 tenured generation   total 250464K, used 171916K [0x19350000, 0x287e8000, 0x43e00000)
   the space 250464K,  68% used [0x19350000, 0x23b33318, 0x23b33400, 0x287e8000)
 Metaspace       used 3554K, capacity 3598K, committed 3648K, reserved 4480K
}
Event: 4.999 GC heap before
{Heap before GC invocations=81 (full 6):
 def new generation   total 112832K, used 112497K [0x03e00000, 0x0b860000, 0x19350000)
  eden space 100352K, 100% used [0x03e00000, 0x0a000000, 0x0a000000)
  from space 12480K,  97% used [0x0ac30000, 0x0b80c7b8, 0x0b860000)
  to   space 12480K,   0% used [0x0a000000, 0x0a000000, 0x0ac30000)
 tenured generation   total 250464K, used 171916K [0x19350000, 0x287e8000, 0x43e00000)
   the space 250464K,  68% used [0x19350000, 0x23b33318, 0x23b33400, 0x287e8000)
 Metaspace       used 3554K, capacity 3598K, committed 3648K, reserved 4480K

Deoptimization events (0 events):
No events

Internal exceptions (5 events):
Event: 0.036 Thread 0x004bbc00 Exception <a 'java/lang/NoSuchMethodError': Method sun.misc.Unsafe.defineClass(Ljava/lang/String;[BII)Ljava/lang/Class; name or signature does not match> (0x03e06ea8) thrown at [C:\re\workspace\8-2-build-windows-i586-cygwin\jdk8u101\7261\hotspot\src\share\z0ûhYÅ¢?
Event: 0.036 Thread 0x004bbc00 Exception <a 'java/lang/NoSuchMethodError': Method sun.misc.Unsafe.prefetchRead(Ljava/lang/Object;J)V name or signature does not match> (0x03e07178) thrown at [C:\re\workspace\8-2-build-windows-i586-cygwin\jdk8u101\7261\hotspot\src\share\vm\prims\jni.cpp, '∫Ú±‹Ï?
Event: 0.902 Thread 0x447b1800 Exception <a 'java/lang/ArrayIndexOutOfBoundsException': 18> (0x040c9750) thrown at [C:\re\workspace\8-2-build-windows-i586-cygwin\jdk8u101\7261\hotspot\src\share\vm\interpreter\interpreterRuntime.cpp, line 366]
Event: 0.902 Thread 0x447b1800 Exception <a 'java/lang/ArrayIndexOutOfBoundsException': 145> (0x040caff0) thrown at [C:\re\workspace\8-2-build-windows-i586-cygwin\jdk8u101\7261\hotspot\src\share\vm\interpreter\interpreterRuntime.cpp, line 366]
Event: 0.903 Thread 0x447b1800 Exception <a 'java/lang/ArrayIndexOutOfBoundsException': 40> (0x040cc0d0) thrown at [C:\re\workspace\8-2-build-windows-i586-cygwin\jdk8u101\7261\hotspot\src\share\vm\interpreter\interpreterRuntime.cpp, line 366]

Events (10 events):
Event: 4.440 loading class com/android/dx/command/dexer/Main$NotFilter done
Event: 4.449 Executing VM operation: GenCollectForAllocation
Event: 4.576 Executing VM operation: GenCollectForAllocation done
Event: 4.639 Executing VM operation: GenCollectForAllocation
Event: 4.675 Executing VM operation: GenCollectForAllocation done
Event: 4.791 Executing VM operation: GenCollectForAllocation
Event: 4.820 Executing VM operation: GenCollectForAllocation done
Event: 4.998 Executing VM operation: GenCollectForAllocation
Event: 4.999 Executing VM operation: GenCollectForAllocation done
Event: 4.999 Executing VM operation: GenCollectForAllocation


Dynamic libraries:
0x013b0000 - 0x013e3000 	C:\Program Files\Java\jdk1.8.0_101\bin\java.exe
0x77b90000 - 0x77ccc000 	C:\Windows\SYSTEM32\ntdll.dll
0x760c0000 - 0x76194000 	C:\Windows\system32\kernel32.dll
0x75d60000 - 0x75daa000 	C:\Windows\system32\KERNELBASE.dll
0x76440000 - 0x764e0000 	C:\Windows\system32\ADVAPI32.dll
0x76870000 - 0x7691c000 	C:\Windows\system32\msvcrt.dll
0x77940000 - 0x77959000 	C:\Windows\SYSTEM32\sechost.dll
0x76270000 - 0x76311000 	C:\Windows\system32\RPCRT4.dll
0x77960000 - 0x77a29000 	C:\Windows\system32\USER32.dll
0x75fe0000 - 0x7602e000 	C:\Windows\system32\GDI32.dll
0x76920000 - 0x7692a000 	C:\Windows\system32\LPK.dll
0x761d0000 - 0x7626d000 	C:\Windows\system32\USP10.dll
0x749f0000 - 0x74b8e000 	C:\Windows\WinSxS\x86_microsoft.windows.common-controls_6595b64144ccf1df_6.0.7600.16385_none_421189da2b7fabfc\COMCTL32.dll
0x76730000 - 0x76787000 	C:\Windows\system32\SHLWAPI.dll
0x76320000 - 0x7633f000 	C:\Windows\system32\IMM32.DLL
0x76790000 - 0x7685c000 	C:\Windows\system32\MSCTF.dll
0x69820000 - 0x698df000 	C:\Program Files\Java\jdk1.8.0_101\jre\bin\msvcr100.dll
0x50320000 - 0x506ec000 	C:\Program Files\Java\jdk1.8.0_101\jre\bin\client\jvm.dll
0x71290000 - 0x71297000 	C:\Windows\system32\WSOCK32.dll
0x77cd0000 - 0x77d05000 	C:\Windows\system32\WS2_32.dll
0x76860000 - 0x76866000 	C:\Windows\system32\NSI.dll
0x71490000 - 0x714c2000 	C:\Windows\system32\WINMM.dll
0x75020000 - 0x75029000 	C:\Windows\system32\VERSION.dll
0x77da0000 - 0x77da5000 	C:\Windows\system32\PSAPI.DLL
0x62550000 - 0x6255c000 	C:\Program Files\Java\jdk1.8.0_101\jre\bin\verify.dll
0x62520000 - 0x62541000 	C:\Program Files\Java\jdk1.8.0_101\jre\bin\java.dll
0x62500000 - 0x62513000 	C:\Program Files\Java\jdk1.8.0_101\jre\bin\zip.dll
0x76a70000 - 0x776b9000 	C:\Windows\system32\SHELL32.dll
0x77a30000 - 0x77b8c000 	C:\Windows\system32\ole32.dll
0x75ce0000 - 0x75ceb000 	C:\Windows\system32\profapi.dll
0x739f0000 - 0x73adb000 	C:\Windows\system32\dbghelp.dll

VM Arguments:
jvm_args: -Djava.awt.headless=true -Xmx1024M -Dfile.encoding=windows-1252 -Duser.country=US -Duser.language=en -Duser.variant 
java_command: com.android.dx.command.Main --dex --num-threads=4 --multi-dex --main-dex-list E:\SandeepProjectResources\MobipugNew\Mobipug27.10.18\MobipugSource\app\build\intermediates\multi-dex\debug\maindexlist.txt --output E:\SandeepProjectResources\MobipugNew\Mobipug27.10.18\MobipugSource\app\build\intermediates\transforms\dex\debug\folders\1000\1f\main E:\SandeepProjectResources\MobipugNew\Mobipug27.10.18\MobipugSource\app\build\intermediates\transforms\jarMerging\debug\jars\1\1f\combined.jar
java_class_path (initial): C:\Users\android-4\AppData\Local\Android\Sdk\build-tools\26.0.2\lib\dx.jar
Launcher Type: SUN_STANDARD

Environment Variables:
PATH=C:\ProgramData\Oracle\Java\javapath;C:\Windows\system32;C:\Windows;C:\Windows\System32\Wbem;C:\Windows\System32\WindowsPowerShell\v1.0\;C:\Program Files\Intel\OpenCL SDK\2.0\bin\x86;C:\Program Files\Skype\Phone\
USERNAME=android-4
OS=Windows_NT
PROCESSOR_IDENTIFIER=x86 Family 6 Model 42 Stepping 7, GenuineIntel



---------------  S Y S T E M  ---------------

OS: Windows 7 Build 7600 (6.1.7600.16385)

CPU:total 4 (2 cores per cpu, 2 threads per core) family 6 model 42 stepping 7, cmov, cx8, fxsr, mmx, sse, sse2, sse3, ssse3, sse4.1, sse4.2, popcnt, clmul, ht, tsc, tscinvbit

Memory: 4k page, physical 3578328k(915212k free), swap 24056564k(19563652k free)

vm_info: Java HotSpot(TM) Client VM (25.101-b13) for windows-x86 JRE (1.8.0_101-b13), built on Jun 22 2016 00:45:44 by "java_re" with MS VC++ 10.0 (VS2010)

time: Thu Nov 08 18:10:12 2018
elapsed time: 5 seconds (0d 0h 0m 5s)

