#
# A fatal error has been detected by the Java Runtime Environment:
#
#  EXCEPTION_ACCESS_VIOLATION (0xc0000005) at pc=0x527ffa77, pid=2612, tid=0x0000141c
#
# JRE version: Java(TM) SE Runtime Environment (8.0_101-b13) (build 1.8.0_101-b13)
# Java VM: Java HotSpot(TM) Client VM (25.101-b13 mixed mode windows-x86 )
# Problematic frame:
# V  [jvm.dll+0xbfa77]
#
# Failed to write core dump. Minidumps are not enabled by default on client versions of Windows
#
# If you would like to submit a bug report, please visit:
#   http://bugreport.java.com/bugreport/crash.jsp
#

---------------  T H R E A D  ---------------

Current thread (0x443ea800):  VMThread [stack: 0x007d0000,0x00820000] [id=5148]

siginfo: ExceptionCode=0xc0000005, reading address 0x00000060

Registers:
EAX=0x193605a8, EBX=0x3d2b16b4, ECX=0x00000000, EDX=0x00000000
ESP=0x0081f418, EBP=0x0081f438, ESI=0x3d2b16c0, EDI=0x192fe1e0
EIP=0x527ffa77, EFLAGS=0x00010293

Top of Stack: (sp=0x0081f418)
0x0081f418:   3d2ac720 00000003 00000000 442a68c0
0x0081f428:   3d2b16c0 00000003 191bb020 442a68b8
0x0081f438:   0081f458 528f4db1 3d2b16a8 52aa94cc
0x0081f448:   445b86d8 445b86dc 52aa94cc 00000400
0x0081f458:   0081f464 528f4fac 00000003 0081f480
0x0081f468:   5289883a 445b86d8 445b8000 52aa94cc
0x0081f478:   00000000 445935b0 0081f668 528b9eef
0x0081f488:   52aa94cc 00000002 445b8000 00000000 

Instructions: (pc=0x527ffa77)
0x527ffa57:   80 3d b4 84 a9 52 00 75 0a 8b d0 80 e2 07 80 fa
0x527ffa67:   01 eb 1b 8b c8 83 e1 07 83 f9 05 74 24 8b 57 04
0x527ffa77:   8b 52 60 83 e2 07 80 fa 05 74 0c 83 f9 01 75 07
0x527ffa87:   a9 80 ff ff ff 74 0a 50 57 e8 fb 4f 0f 00 83 c4 


Register to memory mapping:

EAX=0x193605a8 is an oop
[C 
 - klass: {type array char}
 - length: 9
EBX=0x3d2b16b4 is pointing into object: 0x3d2b16a8
com.android.dx.dex.code.CodeAddress 
 - klass: 'com/android/dx/dex/code/CodeAddress'
ECX=0x00000000 is an unknown value
EDX=0x00000000 is an unknown value
ESP=0x0081f418 is an unknown value
EBP=0x0081f438 is an unknown value
ESI=0x3d2b16c0 is pointing into object: 0x3d2b16a8
com.android.dx.dex.code.CodeAddress 
 - klass: 'com/android/dx/dex/code/CodeAddress'
EDI=0x192fe1e0 is pointing into object: 0x192fe1d8
java.lang.String 
 - klass: 'java/lang/String'


Stack: [0x007d0000,0x00820000],  sp=0x0081f418,  free space=317k
Native frames: (J=compiled Java code, j=interpreted, Vv=VM code, C=native code)
V  [jvm.dll+0xbfa77]
V  [jvm.dll+0x1b4db1]
V  [jvm.dll+0x1b4fac]
V  [jvm.dll+0x15883a]
V  [jvm.dll+0x179eef]
V  [jvm.dll+0x1789ea]
V  [jvm.dll+0x97fb0]
V  [jvm.dll+0x992a1]
V  [jvm.dll+0x9b020]
V  [jvm.dll+0x9b489]
V  [jvm.dll+0x9a27f]
V  [jvm.dll+0xa64b2]
V  [jvm.dll+0x98e73]
V  [jvm.dll+0x92e25]
V  [jvm.dll+0x1b81c6]
V  [jvm.dll+0x18292b]
V  [jvm.dll+0x181d31]
V  [jvm.dll+0x182147]
V  [jvm.dll+0x182342]
V  [jvm.dll+0x1c1ed6]
C  [msvcr100.dll+0x5c556]
C  [msvcr100.dll+0x5c600]
C  [kernel32.dll+0x51174]
C  [ntdll.dll+0x5b3f5]
C  [ntdll.dll+0x5b3c8]

VM_Operation (0x447af248): GenCollectForAllocation, mode: safepoint, requested by thread 0x445b7000


---------------  P R O C E S S  ---------------

Java Threads: ( => current thread )
  0x445b8000 JavaThread "pool-2-thread-4" [_thread_blocked, id=3876, stack(0x44920000,0x44970000)]
  0x445b7000 JavaThread "pool-2-thread-3" [_thread_blocked, id=2972, stack(0x44760000,0x447b0000)]
  0x445b6000 JavaThread "pool-2-thread-2" [_thread_blocked, id=2292, stack(0x44be0000,0x44c30000)]
  0x44594400 JavaThread "pool-3-thread-1" [_thread_blocked, id=5372, stack(0x44a90000,0x44ae0000)]
  0x4458f800 JavaThread "pool-2-thread-1" [_thread_blocked, id=3816, stack(0x44980000,0x449d0000)]
  0x4444dc00 JavaThread "Service Thread" daemon [_thread_blocked, id=2720, stack(0x447b0000,0x44800000)]
  0x4443a400 JavaThread "C1 CompilerThread0" daemon [_thread_blocked, id=5840, stack(0x006a0000,0x006f0000)]
  0x44439000 JavaThread "Attach Listener" daemon [_thread_blocked, id=3916, stack(0x445e0000,0x44630000)]
  0x44436000 JavaThread "Signal Dispatcher" daemon [_thread_blocked, id=4000, stack(0x44840000,0x44890000)]
  0x44416c00 JavaThread "Finalizer" daemon [_thread_blocked, id=6080, stack(0x44670000,0x446c0000)]
  0x443f0400 JavaThread "Reference Handler" daemon [_thread_blocked, id=4084, stack(0x44700000,0x44750000)]
  0x001ebc00 JavaThread "main" [_thread_blocked, id=216, stack(0x00740000,0x00790000)]

Other Threads:
=>0x443ea800 VMThread [stack: 0x007d0000,0x00820000] [id=5148]
  0x4442f400 WatcherThread [stack: 0x44a00000,0x44a50000] [id=2364]

VM state:at safepoint (normal execution)

VM Mutex/Monitor currently owned by a thread:  ([mutex/lock_event])
[0x001ea230] Threads_lock - owner thread: 0x443ea800
[0x001ea640] Heap_lock - owner thread: 0x445b7000

Heap:
 def new generation   total 314560K, used 314560K [0x03c00000, 0x19150000, 0x19150000)
  eden space 279616K, 100% used [0x03c00000, 0x14d10000, 0x14d10000)
  from space 34944K, 100% used [0x16f30000, 0x19150000, 0x19150000)
  to   space 34944K,  78% used [0x14d10000, 0x167f26e0, 0x16f30000)
 tenured generation   total 699072K, used 699071K [0x19150000, 0x43c00000, 0x43c00000)
   the space 699072K,  99% used [0x19150000, 0x43bffff8, 0x43c00000, 0x43c00000)
 Metaspace       used 3551K, capacity 3598K, committed 3648K, reserved 4480K

Card table byte_map: [0x43c00000,0x43e10000] byte_map_base: 0x43be2000

Polling page: 0x001a0000

CodeCache: size=32768Kb used=3690Kb max_used=3690Kb free=29077Kb
 bounds [0x01b30000, 0x01ed0000, 0x03b30000]
 total_blobs=1914 nmethods=1767 adapters=77
 compilation: enabled

Compilation events (10 events):
Event: 15.477 Thread 0x4443a400 1765             com.android.dx.util.BitIntSet::iterator (9 bytes)
Event: 15.477 Thread 0x4443a400 nmethod 1765 0x01ec6c88 code [0x01ec6d90, 0x01ec6e7c]
Event: 15.567 Thread 0x4443a400 1766             com.android.dx.util.Bits::bitCount (29 bytes)
Event: 15.567 Thread 0x4443a400 nmethod 1766 0x01ec6f08 code [0x01ec7010, 0x01ec70ec]
Event: 16.966 Thread 0x4443a400 1767             com.android.dx.ssa.back.RegisterAllocator::insertMoveBefore (240 bytes)
Event: 16.967 Thread 0x4443a400 nmethod 1767 0x01ec71c8 code [0x01ec7470, 0x01ec7fbc]
Event: 16.991 Thread 0x4443a400 1768             java.util.HashMap$TreeNode::putTreeVal (314 bytes)
Event: 16.991 Thread 0x4443a400 nmethod 1768 0x01ec9408 code [0x01ec95a0, 0x01ec9a3c]
Event: 17.001 Thread 0x4443a400 1769             com.android.dx.ssa.back.FirstFitLocalCombiningAllocator::ssaSetToSpecs (57 bytes)
Event: 17.002 Thread 0x4443a400 nmethod 1769 0x01ec9fc8 code [0x01eca160, 0x01eca54c]

GC Heap History (10 events):
Event: 12.083 GC heap after
Heap after GC invocations=98 (full 8):
 def new generation   total 314560K, used 4941K [0x03c00000, 0x19150000, 0x19150000)
  eden space 279616K,   1% used [0x03c00000, 0x040d37a8, 0x14d10000)
  from space 34944K,   0% used [0x14d10000, 0x14d10000, 0x16f30000)
  to   space 34944K,   0% used [0x16f30000, 0x16f30000, 0x19150000)
 tenured generation   total 699072K, used 464759K [0x19150000, 0x43c00000, 0x43c00000)
   the space 699072K,  66% used [0x19150000, 0x3572dff8, 0x3572e000, 0x43c00000)
 Metaspace       used 3547K, capacity 3598K, committed 3648K, reserved 4480K
}
Event: 12.541 GC heap before
{Heap before GC invocations=98 (full 8):
 def new generation   total 314560K, used 279616K [0x03c00000, 0x19150000, 0x19150000)
  eden space 279616K, 100% used [0x03c00000, 0x14d10000, 0x14d10000)
  from space 34944K,   0% used [0x14d10000, 0x14d10000, 0x16f30000)
  to   space 34944K,   0% used [0x16f30000, 0x16f30000, 0x19150000)
 tenured generation   total 699072K, used 464759K [0x19150000, 0x43c00000, 0x43c00000)
   the space 699072K,  66% used [0x19150000, 0x3572dff8, 0x3572e000, 0x43c00000)
 Metaspace       used 3547K, capacity 3598K, committed 3648K, reserved 4480K
Event: 12.899 GC heap after
Heap after GC invocations=99 (full 8):
 def new generation   total 314560K, used 34944K [0x03c00000, 0x19150000, 0x19150000)
  eden space 279616K,   0% used [0x03c00000, 0x03c00000, 0x14d10000)
  from space 34944K, 100% used [0x16f30000, 0x19150000, 0x19150000)
  to   space 34944K,   0% used [0x14d10000, 0x14d10000, 0x16f30000)
 tenured generation   total 699072K, used 478041K [0x19150000, 0x43c00000, 0x43c00000)
   the space 699072K,  68% used [0x19150000, 0x364266b8, 0x36426800, 0x43c00000)
 Metaspace       used 3547K, capacity 3598K, committed 3648K, reserved 4480K
}
Event: 14.685 GC heap before
{Heap before GC invocations=99 (full 8):
 def new generation   total 314560K, used 314560K [0x03c00000, 0x19150000, 0x19150000)
  eden space 279616K, 100% used [0x03c00000, 0x14d10000, 0x14d10000)
  from space 34944K, 100% used [0x16f30000, 0x19150000, 0x19150000)
  to   space 34944K,   0% used [0x14d10000, 0x14d10000, 0x16f30000)
 tenured generation   total 699072K, used 478041K [0x19150000, 0x43c00000, 0x43c00000)
   the space 699072K,  68% used [0x19150000, 0x364266b8, 0x36426800, 0x43c00000)
 Metaspace       used 3547K, capacity 3598K, committed 3648K, reserved 4480K
Event: 14.903 GC heap after
Heap after GC invocations=100 (full 8):
 def new generation   total 314560K, used 34943K [0x03c00000, 0x19150000, 0x19150000)
  eden space 279616K,   0% used [0x03c00000, 0x03c00000, 0x14d10000)
  from space 34944K,  99% used [0x14d10000, 0x16f2fff8, 0x16f30000)
  to   space 34944K,   0% used [0x16f30000, 0x16f30000, 0x19150000)
 tenured generation   total 699072K, used 543996K [0x19150000, 0x43c00000, 0x43c00000)
   the space 699072K,  77% used [0x19150000, 0x3a48f110, 0x3a48f200, 0x43c00000)
 Metaspace       used 3547K, capacity 3598K, committed 3648K, reserved 4480K
}
Event: 15.356 GC heap before
{Heap before GC invocations=100 (full 8):
 def new generation   total 314560K, used 314559K [0x03c00000, 0x19150000, 0x19150000)
  eden space 279616K, 100% used [0x03c00000, 0x14d10000, 0x14d10000)
  from space 34944K,  99% used [0x14d10000, 0x16f2fff8, 0x16f30000)
  to   space 34944K,   0% used [0x16f30000, 0x16f30000, 0x19150000)
 tenured generation   total 699072K, used 543996K [0x19150000, 0x43c00000, 0x43c00000)
   the space 699072K,  77% used [0x19150000, 0x3a48f110, 0x3a48f200, 0x43c00000)
 Metaspace       used 3551K, capacity 3598K, committed 3648K, reserved 4480K
Event: 15.462 GC heap after
Heap after GC invocations=101 (full 8):
 def new generation   total 314560K, used 34943K [0x03c00000, 0x19150000, 0x19150000)
  eden space 279616K,   0% used [0x03c00000, 0x03c00000, 0x14d10000)
  from space 34944K,  99% used [0x16f30000, 0x1914fff8, 0x19150000)
  to   space 34944K,   0% used [0x14d10000, 0x14d10000, 0x16f30000)
 tenured generation   total 699072K, used 596146K [0x19150000, 0x43c00000, 0x43c00000)
   the space 699072K,  85% used [0x19150000, 0x3d77c828, 0x3d77ca00, 0x43c00000)
 Metaspace       used 3551K, capacity 3598K, committed 3648K, reserved 4480K
}
Event: 16.854 GC heap before
{Heap before GC invocations=101 (full 8):
 def new generation   total 314560K, used 314559K [0x03c00000, 0x19150000, 0x19150000)
  eden space 279616K, 100% used [0x03c00000, 0x14d10000, 0x14d10000)
  from space 34944K,  99% used [0x16f30000, 0x1914fff8, 0x19150000)
  to   space 34944K,   0% used [0x14d10000, 0x14d10000, 0x16f30000)
 tenured generation   total 699072K, used 596146K [0x19150000, 0x43c00000, 0x43c00000)
   the space 699072K,  85% used [0x19150000, 0x3d77c828, 0x3d77ca00, 0x43c00000)
 Metaspace       used 3551K, capacity 3598K, committed 3648K, reserved 4480K
Event: 16.936 GC heap after
Heap after GC invocations=102 (full 8):
 def new generation   total 314560K, used 27529K [0x03c00000, 0x19150000, 0x19150000)
  eden space 279616K,   0% used [0x03c00000, 0x03c00000, 0x14d10000)
  from space 34944K,  78% used [0x14d10000, 0x167f26e0, 0x16f30000)
  to   space 34944K,   0% used [0x16f30000, 0x16f30000, 0x19150000)
 tenured generation   total 699072K, used 628504K [0x19150000, 0x43c00000, 0x43c00000)
   the space 699072K,  89% used [0x19150000, 0x3f716048, 0x3f716200, 0x43c00000)
 Metaspace       used 3551K, capacity 3598K, committed 3648K, reserved 4480K
}
Event: 18.384 GC heap before
{Heap before GC invocations=102 (full 8):
 def new generation   total 314560K, used 307145K [0x03c00000, 0x19150000, 0x19150000)
  eden space 279616K, 100% used [0x03c00000, 0x14d10000, 0x14d10000)
  from space 34944K,  78% used [0x14d10000, 0x167f26e0, 0x16f30000)
  to   space 34944K,   0% used [0x16f30000, 0x16f30000, 0x19150000)
 tenured generation   total 699072K, used 628504K [0x19150000, 0x43c00000, 0x43c00000)
   the space 699072K,  89% used [0x19150000, 0x3f716048, 0x3f716200, 0x43c00000)
 Metaspace       used 3551K, capacity 3598K, committed 3648K, reserved 4480K

Deoptimization events (0 events):
No events

Internal exceptions (5 events):
Event: 0.043 Thread 0x001ebc00 Exception <a 'java/lang/NoSuchMethodError': Method sun.misc.Unsafe.defineClass(Ljava/lang/String;[BII)Ljava/lang/Class; name or signature does not match> (0x03c06ea8) thrown at [C:\re\workspace\8-2-build-windows-i586-cygwin\jdk8u101\7261\hotspot\src\share\U'¡{çÏ¥?
Event: 0.043 Thread 0x001ebc00 Exception <a 'java/lang/NoSuchMethodError': Method sun.misc.Unsafe.prefetchRead(Ljava/lang/Object;J)V name or signature does not match> (0x03c07178) thrown at [C:\re\workspace\8-2-build-windows-i586-cygwin\jdk8u101\7261\hotspot\src\share\vm\prims\jni.cpp, Š]v¤—ì?
Event: 0.894 Thread 0x445b6000 Exception <a 'java/lang/ArrayIndexOutOfBoundsException': 18> (0x04243828) thrown at [C:\re\workspace\8-2-build-windows-i586-cygwin\jdk8u101\7261\hotspot\src\share\vm\interpreter\interpreterRuntime.cpp, line 366]
Event: 0.894 Thread 0x445b6000 Exception <a 'java/lang/ArrayIndexOutOfBoundsException': 145> (0x042450c8) thrown at [C:\re\workspace\8-2-build-windows-i586-cygwin\jdk8u101\7261\hotspot\src\share\vm\interpreter\interpreterRuntime.cpp, line 366]
Event: 0.894 Thread 0x445b6000 Exception <a 'java/lang/ArrayIndexOutOfBoundsException': 40> (0x042461a8) thrown at [C:\re\workspace\8-2-build-windows-i586-cygwin\jdk8u101\7261\hotspot\src\share\vm\interpreter\interpreterRuntime.cpp, line 366]

Events (10 events):
Event: 15.077 Thread 0x445b8000 DEOPT UNPACKING pc=0x01b6c5db sp=0x4496eed8 mode 0
Event: 15.077 loading class com/android/dx/util/ListIntSet$1
Event: 15.077 loading class com/android/dx/util/ListIntSet$1 done
Event: 15.077 Executing VM operation: Deoptimize
Event: 15.077 Executing VM operation: Deoptimize done
Event: 15.356 Executing VM operation: GenCollectForAllocation
Event: 15.462 Executing VM operation: GenCollectForAllocation done
Event: 16.854 Executing VM operation: GenCollectForAllocation
Event: 16.936 Executing VM operation: GenCollectForAllocation done
Event: 18.384 Executing VM operation: GenCollectForAllocation


Dynamic libraries:
0x00820000 - 0x00853000 	C:\Program Files\Java\jdk1.8.0_101\bin\java.exe
0x77610000 - 0x7774c000 	C:\Windows\SYSTEM32\ntdll.dll
0x76310000 - 0x763e4000 	C:\Windows\system32\kernel32.dll
0x75a10000 - 0x75a5a000 	C:\Windows\system32\KERNELBASE.dll
0x75a60000 - 0x75b00000 	C:\Windows\system32\ADVAPI32.dll
0x76730000 - 0x767dc000 	C:\Windows\system32\msvcrt.dll
0x767e0000 - 0x767f9000 	C:\Windows\SYSTEM32\sechost.dll
0x76500000 - 0x765a1000 	C:\Windows\system32\RPCRT4.dll
0x77760000 - 0x77829000 	C:\Windows\system32\USER32.dll
0x762c0000 - 0x7630e000 	C:\Windows\system32\GDI32.dll
0x75dd0000 - 0x75dda000 	C:\Windows\system32\LPK.dll
0x76110000 - 0x761ad000 	C:\Windows\system32\USP10.dll
0x741d0000 - 0x7436e000 	C:\Windows\WinSxS\x86_microsoft.windows.common-controls_6595b64144ccf1df_6.0.7600.16385_none_421189da2b7fabfc\COMCTL32.dll
0x763f0000 - 0x76447000 	C:\Windows\system32\SHLWAPI.dll
0x764e0000 - 0x764ff000 	C:\Windows\system32\IMM32.DLL
0x75b00000 - 0x75bcc000 	C:\Windows\system32\MSCTF.dll
0x52b10000 - 0x52bcf000 	C:\Program Files\Java\jdk1.8.0_101\jre\bin\msvcr100.dll
0x52740000 - 0x52b0c000 	C:\Program Files\Java\jdk1.8.0_101\jre\bin\client\jvm.dll
0x70d00000 - 0x70d07000 	C:\Windows\system32\WSOCK32.dll
0x766f0000 - 0x76725000 	C:\Windows\system32\WS2_32.dll
0x77750000 - 0x77756000 	C:\Windows\system32\NSI.dll
0x70de0000 - 0x70e12000 	C:\Windows\system32\WINMM.dll
0x74c60000 - 0x74c69000 	C:\Windows\system32\VERSION.dll
0x77830000 - 0x77835000 	C:\Windows\system32\PSAPI.DLL
0x60b30000 - 0x60b3c000 	C:\Program Files\Java\jdk1.8.0_101\jre\bin\verify.dll
0x60b00000 - 0x60b21000 	C:\Program Files\Java\jdk1.8.0_101\jre\bin\java.dll
0x60ae0000 - 0x60af3000 	C:\Program Files\Java\jdk1.8.0_101\jre\bin\zip.dll
0x769c0000 - 0x77609000 	C:\Windows\system32\SHELL32.dll
0x76800000 - 0x7695c000 	C:\Windows\system32\ole32.dll
0x75760000 - 0x7576b000 	C:\Windows\system32\profapi.dll
0x73430000 - 0x7351b000 	C:\Windows\system32\dbghelp.dll

VM Arguments:
jvm_args: -Djava.awt.headless=true -Xmx1024M -Dfile.encoding=windows-1252 -Duser.country=US -Duser.language=en -Duser.variant 
java_command: com.android.dx.command.Main --dex --num-threads=4 --multi-dex --main-dex-list E:\SandeepProjectResources\MobipugNew\Mobipug27.10.18\MobipugSource\app\build\intermediates\multi-dex\debug\maindexlist.txt --output E:\SandeepProjectResources\MobipugNew\Mobipug27.10.18\MobipugSource\app\build\intermediates\transforms\dex\debug\folders\1000\1f\main E:\SandeepProjectResources\MobipugNew\Mobipug27.10.18\MobipugSource\app\build\intermediates\transforms\jarMerging\debug\jars\1\1f\combined.jar
java_class_path (initial): C:\Users\android-4\AppData\Local\Android\Sdk\build-tools\26.0.2\lib\dx.jar
Launcher Type: SUN_STANDARD

Environment Variables:
PATH=C:\ProgramData\Oracle\Java\javapath;C:\Windows\system32;C:\Windows;C:\Windows\System32\Wbem;C:\Windows\System32\WindowsPowerShell\v1.0\;C:\Program Files\Intel\OpenCL SDK\2.0\bin\x86;C:\Program Files\Skype\Phone\
USERNAME=android-4
OS=Windows_NT
PROCESSOR_IDENTIFIER=x86 Family 6 Model 42 Stepping 7, GenuineIntel



---------------  S Y S T E M  ---------------

OS: Windows 7 Build 7600 (6.1.7600.16385)

CPU:total 4 (2 cores per cpu, 2 threads per core) family 6 model 42 stepping 7, cmov, cx8, fxsr, mmx, sse, sse2, sse3, ssse3, sse4.1, sse4.2, popcnt, clmul, ht, tsc, tscinvbit

Memory: 4k page, physical 3578328k(225564k free), swap 24056564k(18675428k free)

vm_info: Java HotSpot(TM) Client VM (25.101-b13) for windows-x86 JRE (1.8.0_101-b13), built on Jun 22 2016 00:45:44 by "java_re" with MS VC++ 10.0 (VS2010)

time: Thu Nov 15 18:52:27 2018
elapsed time: 19 seconds (0d 0h 0m 19s)

