#
# A fatal error has been detected by the Java Runtime Environment:
#
#  EXCEPTION_ACCESS_VIOLATION (0xc0000005) at pc=0x50f84da9, pid=1752, tid=0x00000620
#
# JRE version: Java(TM) SE Runtime Environment (8.0_101-b13) (build 1.8.0_101-b13)
# Java VM: Java HotSpot(TM) Client VM (25.101-b13 mixed mode windows-x86 )
# Problematic frame:
# V  [jvm.dll+0x1b4da9]
#
# Failed to write core dump. Minidumps are not enabled by default on client versions of Windows
#
# If you would like to submit a bug report, please visit:
#   http://bugreport.java.com/bugreport/crash.jsp
#

---------------  T H R E A D  ---------------

Current thread (0x443ea800):  VMThread [stack: 0x446f0000,0x44740000] [id=1568]

siginfo: ExceptionCode=0xc0000005, reading address 0x0000008d

Registers:
EAX=0x33a0e340, EBX=0x00000003, ECX=0x338cf7f0, EDX=0x00000005
ESP=0x4473ef3c, EBP=0x4473ef54, ESI=0x00000000, EDI=0x2f672028
EIP=0x50f84da9, EFLAGS=0x00010202

Top of Stack: (sp=0x4473ef3c)
0x4473ef3c:   33a0e340 445c1800 511394cc 00000000
0x4473ef4c:   4473f014 511394cc 4473ef60 50f84fac
0x4473ef5c:   445c1804 4473f148 50f49ee3 445c1804
0x4473ef6c:   00000002 445c1800 00000000 00000000
0x4473ef7c:   00000000 00000000 4473f1d4 4473effc
0x4473ef8c:   00000012 4473f1c0 511394f0 4473f244
0x4473ef9c:   ffffffff 00e37318 00000000 4473f020
0x4473efac:   4473efc4 50e74472 0000000c 44e8aa0c 

Instructions: (pc=0x50f84da9)
0x50f84d89:   23 f0 29 35 50 94 13 51 a3 4c 94 13 51 8b c7 eb
0x50f84d99:   09 48 a3 4c 94 13 51 8b 04 81 8b 48 04 8b 11 50
0x50f84da9:   8b 82 88 00 00 00 ff d0 8b 0d 58 94 13 51 85 c9
0x50f84db9:   0f 85 51 ff ff ff a1 7c 94 13 51 85 c0 0f 84 b8 


Register to memory mapping:

EAX=0x33a0e340 is pointing into object: 0x33a0e338
com.android.dx.rop.code.RegisterSpec 
 - klass: 'com/android/dx/rop/code/RegisterSpec'
EBX=0x00000003 is an unknown value
ECX=0x338cf7f0 is an oop
com.android.dx.rop.type.Type 
 - klass: 'com/android/dx/rop/type/Type'
EDX=0x00000005 is an unknown value
ESP=0x4473ef3c is an unknown value
EBP=0x4473ef54 is an unknown value
ESI=0x00000000 is an unknown value
EDI=0x2f672028 is an oop
com.android.dx.rop.code.RegisterSpec 
 - klass: 'com/android/dx/rop/code/RegisterSpec'


Stack: [0x446f0000,0x44740000],  sp=0x4473ef3c,  free space=315k
Native frames: (J=compiled Java code, j=interpreted, Vv=VM code, C=native code)
V  [jvm.dll+0x1b4da9]
V  [jvm.dll+0x1b4fac]
V  [jvm.dll+0x179ee3]
V  [jvm.dll+0x1789ea]
V  [jvm.dll+0x97fb0]
V  [jvm.dll+0x992a1]
V  [jvm.dll+0x9b020]
V  [jvm.dll+0x9b489]
V  [jvm.dll+0x9a27f]
V  [jvm.dll+0xa64b2]
V  [jvm.dll+0x98e73]
V  [jvm.dll+0x92e25]
V  [jvm.dll+0x1b81c6]
V  [jvm.dll+0x18292b]
V  [jvm.dll+0x181d31]
V  [jvm.dll+0x182147]
V  [jvm.dll+0x182342]
V  [jvm.dll+0x1c1ed6]
C  [msvcr100.dll+0x5c556]
C  [msvcr100.dll+0x5c600]
C  [kernel32.dll+0x51174]
C  [ntdll.dll+0x5b3f5]
C  [ntdll.dll+0x5b3c8]

VM_Operation (0x44b9ec84): GenCollectForAllocation, mode: safepoint, requested by thread 0x445bb000


---------------  P R O C E S S  ---------------

Java Threads: ( => current thread )
  0x445c1800 JavaThread "pool-2-thread-4" [_thread_blocked, id=2200, stack(0x44c70000,0x44cc0000)]
  0x445bb000 JavaThread "pool-2-thread-3" [_thread_blocked, id=4480, stack(0x44b50000,0x44ba0000)]
  0x445ba000 JavaThread "pool-2-thread-2" [_thread_blocked, id=5292, stack(0x44a10000,0x44a60000)]
  0x44593400 JavaThread "pool-3-thread-1" [_thread_blocked, id=4832, stack(0x44c10000,0x44c60000)]
  0x44592000 JavaThread "pool-2-thread-1" [_thread_blocked, id=5412, stack(0x44bb0000,0x44c00000)]
  0x4444cc00 JavaThread "Service Thread" daemon [_thread_blocked, id=2916, stack(0x44a60000,0x44ab0000)]
  0x4443a400 JavaThread "C1 CompilerThread0" daemon [_thread_blocked, id=3212, stack(0x449c0000,0x44a10000)]
  0x44439000 JavaThread "Attach Listener" daemon [_thread_blocked, id=6092, stack(0x448b0000,0x44900000)]
  0x44436000 JavaThread "Signal Dispatcher" daemon [_thread_blocked, id=728, stack(0x44820000,0x44870000)]
  0x44416c00 JavaThread "Finalizer" daemon [_thread_blocked, id=6116, stack(0x44770000,0x447c0000)]
  0x443f0400 JavaThread "Reference Handler" daemon [_thread_blocked, id=2424, stack(0x00be0000,0x00c30000)]
  0x0010bc00 JavaThread "main" [_thread_blocked, id=5880, stack(0x00c60000,0x00cb0000)]

Other Threads:
=>0x443ea800 VMThread [stack: 0x446f0000,0x44740000] [id=1568]
  0x44430000 WatcherThread [stack: 0x44ae0000,0x44b30000] [id=5736]

VM state:at safepoint (normal execution)

VM Mutex/Monitor currently owned by a thread:  ([mutex/lock_event])
[0x0010a230] Threads_lock - owner thread: 0x443ea800
[0x0010a640] Heap_lock - owner thread: 0x445bb000

Heap:
 def new generation   total 314560K, used 279616K [0x03c00000, 0x19150000, 0x19150000)
  eden space 279616K, 100% used [0x03c00000, 0x14d10000, 0x14d10000)
  from space 34944K,   0% used [0x16f30000, 0x16f30000, 0x19150000)
  to   space 34944K,   0% used [0x14d10000, 0x14d10000, 0x16f30000)
 tenured generation   total 699072K, used 665529K [0x19150000, 0x43c00000, 0x43c00000)
   the space 699072K,  95% used [0x19150000, 0x41b3e558, 0x41b3e600, 0x43c00000)
 Metaspace       used 3550K, capacity 3598K, committed 3648K, reserved 4480K

Card table byte_map: [0x43c00000,0x43e10000] byte_map_base: 0x43be2000

Polling page: 0x00150000

CodeCache: size=32768Kb used=3623Kb max_used=3662Kb free=29144Kb
 bounds [0x01bf0000, 0x01f88000, 0x03bf0000]
 total_blobs=1910 nmethods=1763 adapters=77
 compilation: enabled

Compilation events (10 events):
Event: 25.936 Thread 0x4443a400 1776             java.util.HashMap$TreeNode::split (218 bytes)
Event: 25.937 Thread 0x4443a400 nmethod 1776 0x01eddbc8 code [0x01eddd40, 0x01ede240]
Event: 26.042 Thread 0x4443a400 1777             com.android.dx.dex.code.VariableSizeInsn::<init> (10 bytes)
Event: 26.042 Thread 0x4443a400 nmethod 1777 0x01dd3048 code [0x01dd3150, 0x01dd31ec]
Event: 26.100 Thread 0x4443a400 1778 % !         java.util.concurrent.ThreadPoolExecutor::runWorker @ 21 (225 bytes)
Event: 26.102 Thread 0x4443a400 nmethod 1778% 0x01d30908 code [0x01d30b00, 0x01d31264]
Event: 28.567 Thread 0x4443a400 1779   !         java.util.concurrent.ThreadPoolExecutor::addWorker (292 bytes)
Event: 28.569 Thread 0x4443a400 nmethod 1779 0x01d2f6c8 code [0x01d2f890, 0x01d2fe64]
Event: 28.589 Thread 0x4443a400 1780             java.util.concurrent.ThreadPoolExecutor::isShutdown (19 bytes)
Event: 28.589 Thread 0x4443a400 nmethod 1780 0x01dd2e08 code [0x01dd2f00, 0x01dd2fb0]

GC Heap History (10 events):
Event: 17.983 GC heap after
Heap after GC invocations=101 (full 8):
 def new generation   total 314560K, used 34943K [0x03c00000, 0x19150000, 0x19150000)
  eden space 279616K,   0% used [0x03c00000, 0x03c00000, 0x14d10000)
  from space 34944K,  99% used [0x16f30000, 0x1914fff8, 0x19150000)
  to   space 34944K,   0% used [0x14d10000, 0x14d10000, 0x16f30000)
 tenured generation   total 699072K, used 659648K [0x19150000, 0x43c00000, 0x43c00000)
   the space 699072K,  94% used [0x19150000, 0x41580340, 0x41580400, 0x43c00000)
 Metaspace       used 3550K, capacity 3598K, committed 3648K, reserved 4480K
}
Event: 18.428 GC heap before
{Heap before GC invocations=101 (full 8):
 def new generation   total 314560K, used 314559K [0x03c00000, 0x19150000, 0x19150000)
  eden space 279616K, 100% used [0x03c00000, 0x14d10000, 0x14d10000)
  from space 34944K,  99% used [0x16f30000, 0x1914fff8, 0x19150000)
  to   space 34944K,   0% used [0x14d10000, 0x14d10000, 0x16f30000)
 tenured generation   total 699072K, used 659648K [0x19150000, 0x43c00000, 0x43c00000)
   the space 699072K,  94% used [0x19150000, 0x41580340, 0x41580400, 0x43c00000)
 Metaspace       used 3550K, capacity 3598K, committed 3648K, reserved 4480K
Event: 19.937 GC heap after
Heap after GC invocations=102 (full 9):
 def new generation   total 314560K, used 0K [0x03c00000, 0x19150000, 0x19150000)
  eden space 279616K,   0% used [0x03c00000, 0x03c00000, 0x14d10000)
  from space 34944K,   0% used [0x16f30000, 0x16f30000, 0x19150000)
  to   space 34944K,   0% used [0x14d10000, 0x14d10000, 0x16f30000)
 tenured generation   total 699072K, used 682335K [0x19150000, 0x43c00000, 0x43c00000)
   the space 699072K,  97% used [0x19150000, 0x42ba7fe8, 0x42ba8000, 0x43c00000)
 Metaspace       used 3550K, capacity 3598K, committed 3648K, reserved 4480K
}
Event: 21.589 GC heap before
{Heap before GC invocations=102 (full 9):
 def new generation   total 314560K, used 279616K [0x03c00000, 0x19150000, 0x19150000)
  eden space 279616K, 100% used [0x03c00000, 0x14d10000, 0x14d10000)
  from space 34944K,   0% used [0x16f30000, 0x16f30000, 0x19150000)
  to   space 34944K,   0% used [0x14d10000, 0x14d10000, 0x16f30000)
 tenured generation   total 699072K, used 682335K [0x19150000, 0x43c00000, 0x43c00000)
   the space 699072K,  97% used [0x19150000, 0x42ba7fe8, 0x42ba8000, 0x43c00000)
 Metaspace       used 3550K, capacity 3598K, committed 3648K, reserved 4480K
Event: 23.099 GC heap after
Heap after GC invocations=103 (full 10):
 def new generation   total 314560K, used 37390K [0x03c00000, 0x19150000, 0x19150000)
  eden space 279616K,  13% used [0x03c00000, 0x060839b8, 0x14d10000)
  from space 34944K,   0% used [0x16f30000, 0x16f30000, 0x19150000)
  to   space 34944K,   0% used [0x14d10000, 0x14d10000, 0x16f30000)
 tenured generation   total 699072K, used 699071K [0x19150000, 0x43c00000, 0x43c00000)
   the space 699072K,  99% used [0x19150000, 0x43bffc10, 0x43bffe00, 0x43c00000)
 Metaspace       used 3550K, capacity 3598K, committed 3648K, reserved 4480K
}
Event: 24.154 GC heap before
{Heap before GC invocations=103 (full 10):
 def new generation   total 314560K, used 314558K [0x03c00000, 0x19150000, 0x19150000)
  eden space 279616K, 100% used [0x03c00000, 0x14d10000, 0x14d10000)
  from space 34944K,  99% used [0x16f30000, 0x1914fb10, 0x19150000)
  to   space 34944K,   0% used [0x14d10000, 0x14d10000, 0x16f30000)
 tenured generation   total 699072K, used 699071K [0x19150000, 0x43c00000, 0x43c00000)
   the space 699072K,  99% used [0x19150000, 0x43bffc10, 0x43bffe00, 0x43c00000)
 Metaspace       used 3550K, capacity 3598K, committed 3648K, reserved 4480K
Event: 25.644 GC heap after
Heap after GC invocations=104 (full 11):
 def new generation   total 314560K, used 0K [0x03c00000, 0x19150000, 0x19150000)
  eden space 279616K,   0% used [0x03c00000, 0x03c00000, 0x14d10000)
  from space 34944K,   0% used [0x16f30000, 0x16f30000, 0x19150000)
  to   space 34944K,   0% used [0x14d10000, 0x14d10000, 0x16f30000)
 tenured generation   total 699072K, used 693619K [0x19150000, 0x43c00000, 0x43c00000)
   the space 699072K,  99% used [0x19150000, 0x436acfd8, 0x436ad000, 0x43c00000)
 Metaspace       used 3550K, capacity 3598K, committed 3648K, reserved 4480K
}
Event: 26.283 GC heap before
{Heap before GC invocations=104 (full 11):
 def new generation   total 314560K, used 279616K [0x03c00000, 0x19150000, 0x19150000)
  eden space 279616K, 100% used [0x03c00000, 0x14d10000, 0x14d10000)
  from space 34944K,   0% used [0x16f30000, 0x16f30000, 0x19150000)
  to   space 34944K,   0% used [0x14d10000, 0x14d10000, 0x16f30000)
 tenured generation   total 699072K, used 693619K [0x19150000, 0x43c00000, 0x43c00000)
   the space 699072K,  99% used [0x19150000, 0x436acfd8, 0x436ad000, 0x43c00000)
 Metaspace       used 3550K, capacity 3598K, committed 3648K, reserved 4480K
Event: 28.246 GC heap after
Heap after GC invocations=105 (full 12):
 def new generation   total 314560K, used 0K [0x03c00000, 0x19150000, 0x19150000)
  eden space 279616K,   0% used [0x03c00000, 0x03c00000, 0x14d10000)
  from space 34944K,   0% used [0x16f30000, 0x16f30000, 0x19150000)
  to   space 34944K,   0% used [0x14d10000, 0x14d10000, 0x16f30000)
 tenured generation   total 699072K, used 665529K [0x19150000, 0x43c00000, 0x43c00000)
   the space 699072K,  95% used [0x19150000, 0x41b3e558, 0x41b3e600, 0x43c00000)
 Metaspace       used 3550K, capacity 3598K, committed 3648K, reserved 4480K
}
Event: 29.044 GC heap before
{Heap before GC invocations=105 (full 12):
 def new generation   total 314560K, used 279616K [0x03c00000, 0x19150000, 0x19150000)
  eden space 279616K, 100% used [0x03c00000, 0x14d10000, 0x14d10000)
  from space 34944K,   0% used [0x16f30000, 0x16f30000, 0x19150000)
  to   space 34944K,   0% used [0x14d10000, 0x14d10000, 0x16f30000)
 tenured generation   total 699072K, used 665529K [0x19150000, 0x43c00000, 0x43c00000)
   the space 699072K,  95% used [0x19150000, 0x41b3e558, 0x41b3e600, 0x43c00000)
 Metaspace       used 3550K, capacity 3598K, committed 3648K, reserved 4480K

Deoptimization events (0 events):
No events

Internal exceptions (5 events):
Event: 0.023 Thread 0x0010bc00 Exception <a 'java/lang/NoSuchMethodError': Method sun.misc.Unsafe.defineClass(Ljava/lang/String;[BII)Ljava/lang/Class; name or signature does not match> (0x03c06ea8) thrown at [C:\re\workspace\8-2-build-windows-i586-cygwin\jdk8u101\7261\hotspot\src\share\~–.õ—?
Event: 0.023 Thread 0x0010bc00 Exception <a 'java/lang/NoSuchMethodError': Method sun.misc.Unsafe.prefetchRead(Ljava/lang/Object;J)V name or signature does not match> (0x03c07178) thrown at [C:\re\workspace\8-2-build-windows-i586-cygwin\jdk8u101\7261\hotspot\src\share\vm\prims\jni.cpp, 
Event: 0.840 Thread 0x44592000 Exception <a 'java/lang/ArrayIndexOutOfBoundsException': 18> (0x04211388) thrown at [C:\re\workspace\8-2-build-windows-i586-cygwin\jdk8u101\7261\hotspot\src\share\vm\interpreter\interpreterRuntime.cpp, line 366]
Event: 0.841 Thread 0x44592000 Exception <a 'java/lang/ArrayIndexOutOfBoundsException': 145> (0x04212c28) thrown at [C:\re\workspace\8-2-build-windows-i586-cygwin\jdk8u101\7261\hotspot\src\share\vm\interpreter\interpreterRuntime.cpp, line 366]
Event: 0.841 Thread 0x44592000 Exception <a 'java/lang/ArrayIndexOutOfBoundsException': 40> (0x04213d08) thrown at [C:\re\workspace\8-2-build-windows-i586-cygwin\jdk8u101\7261\hotspot\src\share\vm\interpreter\interpreterRuntime.cpp, line 366]

Events (10 events):
Event: 23.572 Thread 0x4443a400 flushing nmethod 0x01e01cc8
Event: 23.572 Thread 0x4443a400 flushing nmethod 0x01e037c8
Event: 23.572 Thread 0x4443a400 flushing nmethod 0x01e47f88
Event: 23.572 Thread 0x4443a400 flushing nmethod 0x01eddb88
Event: 24.154 Executing VM operation: GenCollectForAllocation
Event: 25.644 Executing VM operation: GenCollectForAllocation done
Event: 26.102 Thread 0x4443a400 flushing nmethod 0x01f6fd08
Event: 26.282 Executing VM operation: GenCollectForAllocation
Event: 28.246 Executing VM operation: GenCollectForAllocation done
Event: 29.044 Executing VM operation: GenCollectForAllocation


Dynamic libraries:
0x00ce0000 - 0x00d13000 	C:\Program Files\Java\jdk1.8.0_101\bin\java.exe
0x771a0000 - 0x772dc000 	C:\Windows\SYSTEM32\ntdll.dll
0x76f50000 - 0x77024000 	C:\Windows\system32\kernel32.dll
0x755a0000 - 0x755ea000 	C:\Windows\system32\KERNELBASE.dll
0x756d0000 - 0x75770000 	C:\Windows\system32\ADVAPI32.dll
0x75770000 - 0x7581c000 	C:\Windows\system32\msvcrt.dll
0x769a0000 - 0x769b9000 	C:\Windows\SYSTEM32\sechost.dll
0x75620000 - 0x756c1000 	C:\Windows\system32\RPCRT4.dll
0x75a70000 - 0x75b39000 	C:\Windows\system32\USER32.dll
0x772f0000 - 0x7733e000 	C:\Windows\system32\GDI32.dll
0x75a50000 - 0x75a5a000 	C:\Windows\system32\LPK.dll
0x77030000 - 0x770cd000 	C:\Windows\system32\USP10.dll
0x74060000 - 0x741fe000 	C:\Windows\WinSxS\x86_microsoft.windows.common-controls_6595b64144ccf1df_6.0.7600.16385_none_421189da2b7fabfc\COMCTL32.dll
0x76ef0000 - 0x76f47000 	C:\Windows\system32\SHLWAPI.dll
0x755f0000 - 0x7560f000 	C:\Windows\system32\IMM32.DLL
0x770d0000 - 0x7719c000 	C:\Windows\system32\MSCTF.dll
0x54260000 - 0x5431f000 	C:\Program Files\Java\jdk1.8.0_101\jre\bin\msvcr100.dll
0x50dd0000 - 0x5119c000 	C:\Program Files\Java\jdk1.8.0_101\jre\bin\client\jvm.dll
0x70940000 - 0x70947000 	C:\Windows\system32\WSOCK32.dll
0x76a20000 - 0x76a55000 	C:\Windows\system32\WS2_32.dll
0x772e0000 - 0x772e6000 	C:\Windows\system32\NSI.dll
0x709e0000 - 0x70a12000 	C:\Windows\system32\WINMM.dll
0x747f0000 - 0x747f9000 	C:\Windows\system32\VERSION.dll
0x75a60000 - 0x75a65000 	C:\Windows\system32\PSAPI.DLL
0x6c2e0000 - 0x6c2ec000 	C:\Program Files\Java\jdk1.8.0_101\jre\bin\verify.dll
0x6c2b0000 - 0x6c2d1000 	C:\Program Files\Java\jdk1.8.0_101\jre\bin\java.dll
0x6c290000 - 0x6c2a3000 	C:\Program Files\Java\jdk1.8.0_101\jre\bin\zip.dll
0x75cd0000 - 0x76919000 	C:\Windows\system32\SHELL32.dll
0x76a60000 - 0x76bbc000 	C:\Windows\system32\ole32.dll
0x752f0000 - 0x752fb000 	C:\Windows\system32\profapi.dll
0x73050000 - 0x7313b000 	C:\Windows\system32\dbghelp.dll

VM Arguments:
jvm_args: -Djava.awt.headless=true -Xmx1024M -Dfile.encoding=windows-1252 -Duser.country=US -Duser.language=en -Duser.variant 
java_command: com.android.dx.command.Main --dex --num-threads=4 --multi-dex --main-dex-list E:\SandeepProjectResources\MobipugNew\Mobipug27.10.18\MobipugSource\app\build\intermediates\multi-dex\debug\maindexlist.txt --output E:\SandeepProjectResources\MobipugNew\Mobipug27.10.18\MobipugSource\app\build\intermediates\transforms\dex\debug\folders\1000\1f\main E:\SandeepProjectResources\MobipugNew\Mobipug27.10.18\MobipugSource\app\build\intermediates\transforms\jarMerging\debug\jars\1\1f\combined.jar
java_class_path (initial): C:\Users\android-4\AppData\Local\Android\Sdk\build-tools\26.0.2\lib\dx.jar
Launcher Type: SUN_STANDARD

Environment Variables:
PATH=C:\ProgramData\Oracle\Java\javapath;C:\Windows\system32;C:\Windows;C:\Windows\System32\Wbem;C:\Windows\System32\WindowsPowerShell\v1.0\;C:\Program Files\Intel\OpenCL SDK\2.0\bin\x86;C:\Program Files\Skype\Phone\
USERNAME=android-4
OS=Windows_NT
PROCESSOR_IDENTIFIER=x86 Family 6 Model 42 Stepping 7, GenuineIntel



---------------  S Y S T E M  ---------------

OS: Windows 7 Build 7600 (6.1.7600.16385)

CPU:total 4 (2 cores per cpu, 2 threads per core) family 6 model 42 stepping 7, cmov, cx8, fxsr, mmx, sse, sse2, sse3, ssse3, sse4.1, sse4.2, popcnt, clmul, ht, tsc, tscinvbit

Memory: 4k page, physical 3578328k(158824k free), swap 24056564k(19654296k free)

vm_info: Java HotSpot(TM) Client VM (25.101-b13) for windows-x86 JRE (1.8.0_101-b13), built on Jun 22 2016 00:45:44 by "java_re" with MS VC++ 10.0 (VS2010)

time: Wed Nov 14 14:47:24 2018
elapsed time: 29 seconds (0d 0h 0m 29s)

