#
# A fatal error has been detected by the Java Runtime Environment:
#
#  EXCEPTION_ACCESS_VIOLATION (0xc0000005) at pc=0x61ed4da9, pid=3320, tid=0x00000b50
#
# JRE version: Java(TM) SE Runtime Environment (8.0_101-b13) (build 1.8.0_101-b13)
# Java VM: Java HotSpot(TM) Client VM (25.101-b13 mixed mode windows-x86 )
# Problematic frame:
# V  [jvm.dll+0x1b4da9]
#
# Failed to write core dump. Minidumps are not enabled by default on client versions of Windows
#
# If you would like to submit a bug report, please visit:
#   http://bugreport.java.com/bugreport/crash.jsp
#

---------------  T H R E A D  ---------------

Current thread (0x443ea800):  VMThread [stack: 0x01130000,0x01180000] [id=2896]

siginfo: ExceptionCode=0xc0000005, reading address 0x00000091

Registers:
EAX=0x32fd0a38, EBX=0x44582bf0, ECX=0x33315708, EDX=0x00000009
ESP=0x0117ee90, EBP=0x0117eea8, ESI=0x44582be8, EDI=0x620894cc
EIP=0x61ed4da9, EFLAGS=0x00010206

Top of Stack: (sp=0x0117ee90)
0x0117ee90:   32fd0a38 620894cc 44582be8 44582bf0
0x0117eea0:   620894cc 44582be8 0117eeb4 61ed4fac
0x0117eeb0:   00000003 0117eed0 61e7883a 44582be8
0x0117eec0:   445af000 620894cc 00000000 44586558
0x0117eed0:   0117f0b8 61e99eef 620894cc 00000002
0x0117eee0:   445af000 00000000 00000000 00000000
0x0117eef0:   00000000 0117f144 0117ef6c 00000012
0x0117ef00:   0117f130 620894f0 0117f1b4 ffffffff 

Instructions: (pc=0x61ed4da9)
0x61ed4d89:   23 f0 29 35 50 94 08 62 a3 4c 94 08 62 8b c7 eb
0x61ed4d99:   09 48 a3 4c 94 08 62 8b 04 81 8b 48 04 8b 11 50
0x61ed4da9:   8b 82 88 00 00 00 ff d0 8b 0d 58 94 08 62 85 c9
0x61ed4db9:   0f 85 51 ff ff ff a1 7c 94 08 62 85 c0 0f 84 b8 


Register to memory mapping:

EAX=0x32fd0a38 is pointing into object: 0x32fd0a28
com.android.dx.util.IntList 
 - klass: 'com/android/dx/util/IntList'
EBX=0x44582bf0 is an unknown value
ECX=0x33315708 is an oop
[I 
 - klass: {type array int}
 - length: 1
EDX=0x00000009 is an unknown value
ESP=0x0117ee90 is an unknown value
EBP=0x0117eea8 is an unknown value
ESI=0x44582be8 is an unknown value
EDI=0x620894cc is an unknown value


Stack: [0x01130000,0x01180000],  sp=0x0117ee90,  free space=315k
Native frames: (J=compiled Java code, j=interpreted, Vv=VM code, C=native code)
V  [jvm.dll+0x1b4da9]
V  [jvm.dll+0x1b4fac]
V  [jvm.dll+0x15883a]
V  [jvm.dll+0x179eef]
V  [jvm.dll+0x1789ea]
V  [jvm.dll+0x97fb0]
V  [jvm.dll+0x992a1]
V  [jvm.dll+0x9b020]
V  [jvm.dll+0x9b489]
V  [jvm.dll+0x9a27f]
V  [jvm.dll+0xa64b2]
V  [jvm.dll+0x98e73]
V  [jvm.dll+0x92e25]
V  [jvm.dll+0x1b81c6]
V  [jvm.dll+0x18292b]
V  [jvm.dll+0x181d31]
V  [jvm.dll+0x182147]
V  [jvm.dll+0x182342]
V  [jvm.dll+0x1c1ed6]
C  [msvcr100.dll+0x5c556]
C  [msvcr100.dll+0x5c600]
C  [kernel32.dll+0x51174]
C  [ntdll.dll+0x5b3f5]
C  [ntdll.dll+0x5b3c8]

VM_Operation (0x449bed38): GenCollectForAllocation, mode: safepoint, requested by thread 0x44587800


---------------  P R O C E S S  ---------------

Java Threads: ( => current thread )
  0x445af000 JavaThread "pool-2-thread-4" [_thread_blocked, id=5696, stack(0x44c60000,0x44cb0000)]
  0x445a8800 JavaThread "pool-2-thread-3" [_thread_blocked, id=3044, stack(0x44b90000,0x44be0000)]
  0x44587800 JavaThread "pool-2-thread-2" [_thread_blocked, id=4556, stack(0x44970000,0x449c0000)]
  0x44587000 JavaThread "pool-3-thread-1" [_thread_blocked, id=4244, stack(0x449f0000,0x44a40000)]
  0x44585800 JavaThread "pool-2-thread-1" [_thread_blocked, id=336, stack(0x03b20000,0x03b70000)]
  0x4444dc00 JavaThread "Service Thread" daemon [_thread_blocked, id=5064, stack(0x44860000,0x448b0000)]
  0x4443a400 JavaThread "C1 CompilerThread0" daemon [_thread_blocked, id=5832, stack(0x44800000,0x44850000)]
  0x44439000 JavaThread "Attach Listener" daemon [_thread_blocked, id=3324, stack(0x447b0000,0x44800000)]
  0x44436000 JavaThread "Signal Dispatcher" daemon [_thread_blocked, id=212, stack(0x44690000,0x446e0000)]
  0x44416c00 JavaThread "Finalizer" daemon [_thread_blocked, id=1152, stack(0x44760000,0x447b0000)]
  0x443f0400 JavaThread "Reference Handler" daemon [_thread_blocked, id=448, stack(0x03ba0000,0x03bf0000)]
  0x0174bc00 JavaThread "main" [_thread_blocked, id=4136, stack(0x01250000,0x012a0000)]

Other Threads:
=>0x443ea800 VMThread [stack: 0x01130000,0x01180000] [id=2896]
  0x4442f400 WatcherThread [stack: 0x448e0000,0x44930000] [id=4172]

VM state:at safepoint (normal execution)

VM Mutex/Monitor currently owned by a thread:  ([mutex/lock_event])
[0x0174a230] Threads_lock - owner thread: 0x443ea800
[0x0174a640] Heap_lock - owner thread: 0x44587800

Heap:
 def new generation   total 199680K, used 22144K [0x03c00000, 0x114a0000, 0x19150000)
  eden space 177536K,   0% used [0x03c00000, 0x03c00000, 0x0e960000)
  from space 22144K, 100% used [0x0e960000, 0x0ff00000, 0x0ff00000)
  to   space 22144K,   0% used [0x0ff00000, 0x0ff00000, 0x114a0000)
 tenured generation   total 458040K, used 457948K [0x19150000, 0x3509e000, 0x43c00000)
   the space 458040K,  99% used [0x19150000, 0x35087158, 0x35087200, 0x3509e000)
 Metaspace       used 3547K, capacity 3598K, committed 3648K, reserved 4480K

Card table byte_map: [0x43c00000,0x43e10000] byte_map_base: 0x43be2000

Polling page: 0x00190000

CodeCache: size=32768Kb used=3568Kb max_used=3568Kb free=29199Kb
 bounds [0x01b20000, 0x01ea0000, 0x03b20000]
 total_blobs=1876 nmethods=1729 adapters=77
 compilation: enabled

Compilation events (10 events):
Event: 9.743 Thread 0x4443a400 1727             com.android.dx.rop.code.SwitchInsn::getCatches (4 bytes)
Event: 9.743 Thread 0x4443a400 nmethod 1727 0x01e9a8c8 code [0x01e9a9c0, 0x01e9aa40]
Event: 9.751 Thread 0x4443a400 1728             java.util.concurrent.locks.AbstractQueuedSynchronizer::addWaiter (50 bytes)
Event: 9.752 Thread 0x4443a400 nmethod 1728 0x01e9aa88 code [0x01e9ab90, 0x01e9ad2c]
Event: 9.752 Thread 0x4443a400 1729             java.util.concurrent.locks.AbstractQueuedSynchronizer$Node::<init> (15 bytes)
Event: 9.752 Thread 0x4443a400 nmethod 1729 0x01e9adc8 code [0x01e9aec0, 0x01e9af60]
Event: 9.770 Thread 0x4443a400 1730             com.android.dx.rop.code.BasicBlockList$RegCountVisitor::visitSwitchInsn (6 bytes)
Event: 9.770 Thread 0x4443a400 nmethod 1730 0x01e9afc8 code [0x01e9b0c0, 0x01e9b14c]
Event: 10.456 Thread 0x4443a400 1731             com.android.dx.rop.type.StdTypeList::withAddedType (55 bytes)
Event: 10.456 Thread 0x4443a400 nmethod 1731 0x01e9b1c8 code [0x01e9b360, 0x01e9b8f0]

GC Heap History (10 events):
Event: 8.469 GC heap after
Heap after GC invocations=92 (full 7):
 def new generation   total 199680K, used 22144K [0x03c00000, 0x114a0000, 0x19150000)
  eden space 177536K,   0% used [0x03c00000, 0x03c00000, 0x0e960000)
  from space 22144K, 100% used [0x0ff00000, 0x114a0000, 0x114a0000)
  to   space 22144K,   0% used [0x0e960000, 0x0e960000, 0x0ff00000)
 tenured generation   total 443576K, used 333246K [0x19150000, 0x3427e000, 0x43c00000)
   the space 443576K,  75% used [0x19150000, 0x2d6bf9e0, 0x2d6bfa00, 0x3427e000)
 Metaspace       used 3547K, capacity 3598K, committed 3648K, reserved 4480K
}
Event: 8.788 GC heap before
{Heap before GC invocations=92 (full 7):
 def new generation   total 199680K, used 199680K [0x03c00000, 0x114a0000, 0x19150000)
  eden space 177536K, 100% used [0x03c00000, 0x0e960000, 0x0e960000)
  from space 22144K, 100% used [0x0ff00000, 0x114a0000, 0x114a0000)
  to   space 22144K,   0% used [0x0e960000, 0x0e960000, 0x0ff00000)
 tenured generation   total 443576K, used 333246K [0x19150000, 0x3427e000, 0x43c00000)
   the space 443576K,  75% used [0x19150000, 0x2d6bf9e0, 0x2d6bfa00, 0x3427e000)
 Metaspace       used 3547K, capacity 3598K, committed 3648K, reserved 4480K
Event: 8.906 GC heap after
Heap after GC invocations=93 (full 7):
 def new generation   total 199680K, used 22144K [0x03c00000, 0x114a0000, 0x19150000)
  eden space 177536K,   0% used [0x03c00000, 0x03c00000, 0x0e960000)
  from space 22144K, 100% used [0x0e960000, 0x0ff00000, 0x0ff00000)
  to   space 22144K,   0% used [0x0ff00000, 0x0ff00000, 0x114a0000)
 tenured generation   total 443576K, used 359385K [0x19150000, 0x3427e000, 0x43c00000)
   the space 443576K,  81% used [0x19150000, 0x2f046738, 0x2f046800, 0x3427e000)
 Metaspace       used 3547K, capacity 3598K, committed 3648K, reserved 4480K
}
Event: 9.195 GC heap before
{Heap before GC invocations=93 (full 7):
 def new generation   total 199680K, used 199680K [0x03c00000, 0x114a0000, 0x19150000)
  eden space 177536K, 100% used [0x03c00000, 0x0e960000, 0x0e960000)
  from space 22144K, 100% used [0x0e960000, 0x0ff00000, 0x0ff00000)
  to   space 22144K,   0% used [0x0ff00000, 0x0ff00000, 0x114a0000)
 tenured generation   total 443576K, used 359385K [0x19150000, 0x3427e000, 0x43c00000)
   the space 443576K,  81% used [0x19150000, 0x2f046738, 0x2f046800, 0x3427e000)
 Metaspace       used 3547K, capacity 3598K, committed 3648K, reserved 4480K
Event: 9.318 GC heap after
Heap after GC invocations=94 (full 7):
 def new generation   total 199680K, used 22144K [0x03c00000, 0x114a0000, 0x19150000)
  eden space 177536K,   0% used [0x03c00000, 0x03c00000, 0x0e960000)
  from space 22144K, 100% used [0x0ff00000, 0x114a0000, 0x114a0000)
  to   space 22144K,   0% used [0x0e960000, 0x0e960000, 0x0ff00000)
 tenured generation   total 443576K, used 385827K [0x19150000, 0x3427e000, 0x43c00000)
   the space 443576K,  86% used [0x19150000, 0x30a18ff0, 0x30a19000, 0x3427e000)
 Metaspace       used 3547K, capacity 3598K, committed 3648K, reserved 4480K
}
Event: 9.621 GC heap before
{Heap before GC invocations=94 (full 7):
 def new generation   total 199680K, used 199680K [0x03c00000, 0x114a0000, 0x19150000)
  eden space 177536K, 100% used [0x03c00000, 0x0e960000, 0x0e960000)
  from space 22144K, 100% used [0x0ff00000, 0x114a0000, 0x114a0000)
  to   space 22144K,   0% used [0x0e960000, 0x0e960000, 0x0ff00000)
 tenured generation   total 443576K, used 385827K [0x19150000, 0x3427e000, 0x43c00000)
   the space 443576K,  86% used [0x19150000, 0x30a18ff0, 0x30a19000, 0x3427e000)
 Metaspace       used 3547K, capacity 3598K, committed 3648K, reserved 4480K
Event: 9.733 GC heap after
Heap after GC invocations=95 (full 7):
 def new generation   total 199680K, used 22143K [0x03c00000, 0x114a0000, 0x19150000)
  eden space 177536K,   0% used [0x03c00000, 0x03c00000, 0x0e960000)
  from space 22144K,  99% used [0x0e960000, 0x0feffff8, 0x0ff00000)
  to   space 22144K,   0% used [0x0ff00000, 0x0ff00000, 0x114a0000)
 tenured generation   total 443576K, used 411177K [0x19150000, 0x3427e000, 0x43c00000)
   the space 443576K,  92% used [0x19150000, 0x322da758, 0x322da800, 0x3427e000)
 Metaspace       used 3547K, capacity 3598K, committed 3648K, reserved 4480K
}
Event: 10.053 GC heap before
{Heap before GC invocations=95 (full 7):
 def new generation   total 199680K, used 199679K [0x03c00000, 0x114a0000, 0x19150000)
  eden space 177536K, 100% used [0x03c00000, 0x0e960000, 0x0e960000)
  from space 22144K,  99% used [0x0e960000, 0x0feffff8, 0x0ff00000)
  to   space 22144K,   0% used [0x0ff00000, 0x0ff00000, 0x114a0000)
 tenured generation   total 443576K, used 411177K [0x19150000, 0x3427e000, 0x43c00000)
   the space 443576K,  92% used [0x19150000, 0x322da758, 0x322da800, 0x3427e000)
 Metaspace       used 3547K, capacity 3598K, committed 3648K, reserved 4480K
Event: 10.166 GC heap after
Heap after GC invocations=96 (full 7):
 def new generation   total 199680K, used 22143K [0x03c00000, 0x114a0000, 0x19150000)
  eden space 177536K,   0% used [0x03c00000, 0x03c00000, 0x0e960000)
  from space 22144K,  99% used [0x0ff00000, 0x1149fff8, 0x114a0000)
  to   space 22144K,   0% used [0x0e960000, 0x0e960000, 0x0ff00000)
 tenured generation   total 443576K, used 434666K [0x19150000, 0x3427e000, 0x43c00000)
   the space 443576K,  97% used [0x19150000, 0x339ca878, 0x339caa00, 0x3427e000)
 Metaspace       used 3547K, capacity 3598K, committed 3648K, reserved 4480K
}
Event: 10.461 GC heap before
{Heap before GC invocations=96 (full 7):
 def new generation   total 199680K, used 199679K [0x03c00000, 0x114a0000, 0x19150000)
  eden space 177536K, 100% used [0x03c00000, 0x0e960000, 0x0e960000)
  from space 22144K,  99% used [0x0ff00000, 0x1149fff8, 0x114a0000)
  to   space 22144K,   0% used [0x0e960000, 0x0e960000, 0x0ff00000)
 tenured generation   total 443576K, used 434666K [0x19150000, 0x3427e000, 0x43c00000)
   the space 443576K,  97% used [0x19150000, 0x339ca878, 0x339caa00, 0x3427e000)
 Metaspace       used 3547K, capacity 3598K, committed 3648K, reserved 4480K

Deoptimization events (0 events):
No events

Internal exceptions (5 events):
Event: 0.023 Thread 0x0174bc00 Exception <a 'java/lang/NoSuchMethodError': Method sun.misc.Unsafe.defineClass(Ljava/lang/String;[BII)Ljava/lang/Class; name or signature does not match> (0x03c06ea8) thrown at [C:\re\workspace\8-2-build-windows-i586-cygwin\jdk8u101\7261\hotspot\src\share\ï:PWm¼—?
Event: 0.023 Thread 0x0174bc00 Exception <a 'java/lang/NoSuchMethodError': Method sun.misc.Unsafe.prefetchRead(Ljava/lang/Object;J)V name or signature does not match> (0x03c07178) thrown at [C:\re\workspace\8-2-build-windows-i586-cygwin\jdk8u101\7261\hotspot\src\share\vm\prims\jni.cpp, G›¡Qºœõ?
Event: 1.351 Thread 0x445af000 Exception <a 'java/lang/ArrayIndexOutOfBoundsException': 18> (0x04b69620) thrown at [C:\re\workspace\8-2-build-windows-i586-cygwin\jdk8u101\7261\hotspot\src\share\vm\interpreter\interpreterRuntime.cpp, line 366]
Event: 1.351 Thread 0x445af000 Exception <a 'java/lang/ArrayIndexOutOfBoundsException': 145> (0x04b6aec0) thrown at [C:\re\workspace\8-2-build-windows-i586-cygwin\jdk8u101\7261\hotspot\src\share\vm\interpreter\interpreterRuntime.cpp, line 366]
Event: 1.351 Thread 0x445af000 Exception <a 'java/lang/ArrayIndexOutOfBoundsException': 40> (0x04b6bfa0) thrown at [C:\re\workspace\8-2-build-windows-i586-cygwin\jdk8u101\7261\hotspot\src\share\vm\interpreter\interpreterRuntime.cpp, line 366]

Events (10 events):
Event: 8.469 Executing VM operation: GenCollectForAllocation done
Event: 8.787 Executing VM operation: GenCollectForAllocation
Event: 8.906 Executing VM operation: GenCollectForAllocation done
Event: 9.195 Executing VM operation: GenCollectForAllocation
Event: 9.318 Executing VM operation: GenCollectForAllocation done
Event: 9.621 Executing VM operation: GenCollectForAllocation
Event: 9.733 Executing VM operation: GenCollectForAllocation done
Event: 10.053 Executing VM operation: GenCollectForAllocation
Event: 10.166 Executing VM operation: GenCollectForAllocation done
Event: 10.461 Executing VM operation: GenCollectForAllocation


Dynamic libraries:
0x012c0000 - 0x012f3000 	C:\Program Files\Java\jdk1.8.0_101\bin\java.exe
0x77380000 - 0x774bc000 	C:\Windows\SYSTEM32\ntdll.dll
0x772a0000 - 0x77374000 	C:\Windows\system32\kernel32.dll
0x75690000 - 0x756da000 	C:\Windows\system32\KERNELBASE.dll
0x766b0000 - 0x76750000 	C:\Windows\system32\ADVAPI32.dll
0x77190000 - 0x7723c000 	C:\Windows\system32\msvcrt.dll
0x77510000 - 0x77529000 	C:\Windows\SYSTEM32\sechost.dll
0x76ca0000 - 0x76d41000 	C:\Windows\system32\RPCRT4.dll
0x76970000 - 0x76a39000 	C:\Windows\system32\USER32.dll
0x757d0000 - 0x7581e000 	C:\Windows\system32\GDI32.dll
0x774d0000 - 0x774da000 	C:\Windows\system32\LPK.dll
0x759a0000 - 0x75a3d000 	C:\Windows\system32\USP10.dll
0x74340000 - 0x744de000 	C:\Windows\WinSxS\x86_microsoft.windows.common-controls_6595b64144ccf1df_6.0.7600.16385_none_421189da2b7fabfc\COMCTL32.dll
0x77240000 - 0x77297000 	C:\Windows\system32\SHLWAPI.dll
0x76690000 - 0x766af000 	C:\Windows\system32\IMM32.DLL
0x758d0000 - 0x7599c000 	C:\Windows\system32\MSCTF.dll
0x64bd0000 - 0x64c8f000 	C:\Program Files\Java\jdk1.8.0_101\jre\bin\msvcr100.dll
0x61d20000 - 0x620ec000 	C:\Program Files\Java\jdk1.8.0_101\jre\bin\client\jvm.dll
0x70a70000 - 0x70a77000 	C:\Windows\system32\WSOCK32.dll
0x767e0000 - 0x76815000 	C:\Windows\system32\WS2_32.dll
0x76960000 - 0x76966000 	C:\Windows\system32\NSI.dll
0x70d90000 - 0x70dc2000 	C:\Windows\system32\WINMM.dll
0x749d0000 - 0x749d9000 	C:\Windows\system32\VERSION.dll
0x76de0000 - 0x76de5000 	C:\Windows\system32\PSAPI.DLL
0x739b0000 - 0x739bc000 	C:\Program Files\Java\jdk1.8.0_101\jre\bin\verify.dll
0x6b6f0000 - 0x6b711000 	C:\Program Files\Java\jdk1.8.0_101\jre\bin\java.dll
0x72a40000 - 0x72a53000 	C:\Program Files\Java\jdk1.8.0_101\jre\bin\zip.dll
0x75a40000 - 0x76689000 	C:\Windows\system32\SHELL32.dll
0x76a40000 - 0x76b9c000 	C:\Windows\system32\ole32.dll
0x754d0000 - 0x754db000 	C:\Windows\system32\profapi.dll
0x73240000 - 0x7332b000 	C:\Windows\system32\dbghelp.dll

VM Arguments:
jvm_args: -Djava.awt.headless=true -Xmx1024M -Dfile.encoding=windows-1252 -Duser.country=US -Duser.language=en -Duser.variant 
java_command: com.android.dx.command.Main --dex --num-threads=4 --multi-dex --main-dex-list E:\SandeepProjectResources\MobipugNew\Mobipug27.10.18\MobipugSource\app\build\intermediates\multi-dex\debug\maindexlist.txt --output E:\SandeepProjectResources\MobipugNew\Mobipug27.10.18\MobipugSource\app\build\intermediates\transforms\dex\debug\folders\1000\1f\main E:\SandeepProjectResources\MobipugNew\Mobipug27.10.18\MobipugSource\app\build\intermediates\transforms\jarMerging\debug\jars\1\1f\combined.jar
java_class_path (initial): C:\Users\android-4\AppData\Local\Android\Sdk\build-tools\26.0.2\lib\dx.jar
Launcher Type: SUN_STANDARD

Environment Variables:
PATH=C:\ProgramData\Oracle\Java\javapath;C:\Windows\system32;C:\Windows;C:\Windows\System32\Wbem;C:\Windows\System32\WindowsPowerShell\v1.0\;C:\Program Files\Intel\OpenCL SDK\2.0\bin\x86;C:\Program Files\Skype\Phone\
USERNAME=android-4
OS=Windows_NT
PROCESSOR_IDENTIFIER=x86 Family 6 Model 42 Stepping 7, GenuineIntel



---------------  S Y S T E M  ---------------

OS: Windows 7 Build 7600 (6.1.7600.16385)

CPU:total 4 (2 cores per cpu, 2 threads per core) family 6 model 42 stepping 7, cmov, cx8, fxsr, mmx, sse, sse2, sse3, ssse3, sse4.1, sse4.2, popcnt, clmul, ht, tsc, tscinvbit

Memory: 4k page, physical 3578328k(725644k free), swap 24056564k(19855280k free)

vm_info: Java HotSpot(TM) Client VM (25.101-b13) for windows-x86 JRE (1.8.0_101-b13), built on Jun 22 2016 00:45:44 by "java_re" with MS VC++ 10.0 (VS2010)

time: Sat Nov 03 17:34:42 2018
elapsed time: 10 seconds (0d 0h 0m 10s)

