#
# A fatal error has been detected by the Java Runtime Environment:
#
#  EXCEPTION_ACCESS_VIOLATION (0xc0000005) at pc=0x518055cf, pid=3108, tid=0x00001220
#
# JRE version: Java(TM) SE Runtime Environment (8.0_101-b13) (build 1.8.0_101-b13)
# Java VM: Java HotSpot(TM) Client VM (25.101-b13 mixed mode windows-x86 )
# Problematic frame:
# V  [jvm.dll+0x955cf]
#
# Failed to write core dump. Minidumps are not enabled by default on client versions of Windows
#
# If you would like to submit a bug report, please visit:
#   http://bugreport.java.com/bugreport/crash.jsp
#

---------------  T H R E A D  ---------------

Current thread (0x4448a800):  VMThread [stack: 0x44690000,0x446e0000] [id=4640]

siginfo: ExceptionCode=0xc0000005, reading address 0x00000075

Registers:
EAX=0x00000001, EBX=0x442d4ce0, ECX=0x440102a8, EDX=0x43d1e0a8
ESP=0x446df1e0, EBP=0x446df1f0, ESI=0x00701c88, EDI=0x0d5ca0d8
EIP=0x518055cf, EFLAGS=0x00010246

Top of Stack: (sp=0x446df1e0)
0x446df1e0:   446df314 43d1e0a4 442d4ce0 00701c88
0x446df1f0:   446df210 5182afcc 0d5ca0d8 43e00000
0x446df200:   43d1e090 446df314 442d4bc0 442d4ce8
0x446df210:   446df230 5181518f 43d1e090 43d1e0a8
0x446df220:   00704050 446df314 006ff210 00704170
0x446df230:   446df244 5180a531 446df314 006ff264
0x446df240:   00000001 446df25c 51808207 446df314
0x446df250:   006ff210 446df354 00000000 446df478 

Instructions: (pc=0x518055cf)
0x518055af:   83 e1 3f d3 e3 4a c1 f8 10 25 ff 00 00 00 03 da
0x518055bf:   03 d8 f7 d2 c1 eb 02 c1 ea 02 23 da eb 0a 8b 01
0x518055cf:   8b 50 74 57 ff d2 8b d8 8b 07 f6 d0 a8 01 8b 07
0x518055df:   74 05 83 e0 fd 8b 00 c1 e8 03 83 e0 0f 3b 86 8c 


Register to memory mapping:

EAX=0x00000001 is an unknown value
EBX=0x442d4ce0 is pointing into metadata
ECX=0x440102a8 is pointing into metadata
EDX=0x43d1e0a8 is an oop
com.android.dx.util.IntList 
 - klass: 'com/android/dx/util/IntList'
ESP=0x446df1e0 is an unknown value
EBP=0x446df1f0 is an unknown value
ESI=0x00701c88 is an unknown value
EDI=
[error occurred during error reporting (printing register info), id 0xc0000005]

Stack: [0x44690000,0x446e0000],  sp=0x446df1e0,  free space=316k
Native frames: (J=compiled Java code, j=interpreted, Vv=VM code, C=native code)
V  [jvm.dll+0x955cf]
V  [jvm.dll+0xbafcc]
V  [jvm.dll+0xa518f]
V  [jvm.dll+0x9a531]
V  [jvm.dll+0x98207]
V  [jvm.dll+0x941d7]
V  [jvm.dll+0x98e73]
V  [jvm.dll+0x92e25]
V  [jvm.dll+0x1b81c6]
V  [jvm.dll+0x18292b]
V  [jvm.dll+0x181d31]
V  [jvm.dll+0x182147]
V  [jvm.dll+0x182342]
V  [jvm.dll+0x1c1ed6]
C  [msvcr100.dll+0x5c556]
C  [msvcr100.dll+0x5c600]
C  [kernel32.dll+0x51174]
C  [ntdll.dll+0x5b3f5]
C  [ntdll.dll+0x5b3c8]

VM_Operation (0x0049e878): GenCollectForAllocation, mode: safepoint, requested by thread 0x004abc00


---------------  P R O C E S S  ---------------

Java Threads: ( => current thread )
  0x44655800 JavaThread "pool-2-thread-4" [_thread_blocked, id=5824, stack(0x44c30000,0x44c80000)]
  0x44658800 JavaThread "pool-2-thread-3" [_thread_blocked, id=4664, stack(0x44730000,0x44780000)]
  0x44657400 JavaThread "pool-2-thread-2" [_thread_blocked, id=1520, stack(0x446e0000,0x44730000)]
  0x44624000 JavaThread "pool-3-thread-1" [_thread_blocked, id=2196, stack(0x44bb0000,0x44c00000)]
  0x4461e000 JavaThread "pool-2-thread-1" [_thread_blocked, id=1176, stack(0x44b20000,0x44b70000)]
  0x444ec000 JavaThread "Service Thread" daemon [_thread_blocked, id=212, stack(0x449b0000,0x44a00000)]
  0x444da000 JavaThread "C1 CompilerThread0" daemon [_thread_blocked, id=4204, stack(0x44790000,0x447e0000)]
  0x444d9000 JavaThread "Attach Listener" daemon [_thread_blocked, id=5128, stack(0x448a0000,0x448f0000)]
  0x444d6000 JavaThread "Signal Dispatcher" daemon [_thread_blocked, id=1524, stack(0x44810000,0x44860000)]
  0x444b6c00 JavaThread "Finalizer" daemon [_thread_blocked, id=4508, stack(0x03db0000,0x03e00000)]
  0x44490400 JavaThread "Reference Handler" daemon [_thread_blocked, id=2200, stack(0x00400000,0x00450000)]
  0x004abc00 JavaThread "main" [_thread_blocked, id=1824, stack(0x00450000,0x004a0000)]

Other Threads:
=>0x4448a800 VMThread [stack: 0x44690000,0x446e0000] [id=4640]
  0x444f4c00 WatcherThread [stack: 0x44a80000,0x44ad0000] [id=5612]

VM state:at safepoint (normal execution)

VM Mutex/Monitor currently owned by a thread:  ([mutex/lock_event])
[0x004aa230] Threads_lock - owner thread: 0x4448a800
[0x004aa640] Heap_lock - owner thread: 0x004abc00

Heap:
 def new generation   total 314560K, used 314559K [0x03e00000, 0x19350000, 0x19350000)
  eden space 279616K, 100% used [0x03e00000, 0x14f10000, 0x14f10000)
  from space 34944K,  99% used [0x17130000, 0x1934fff8, 0x19350000)
  to   space 34944K,  99% used [0x14f10000, 0x1712fff8, 0x17130000)
 tenured generation   total 699072K, used 699072K [0x19350000, 0x43e00000, 0x43e00000)
   the space 699072K, 100% used [0x19350000, 0x43e00000, 0x43e00000, 0x43e00000)
 Metaspace       used 3555K, capacity 3598K, committed 3648K, reserved 4480K

Card table byte_map: [0x43e00000,0x44010000] byte_map_base: 0x43de1000

Polling page: 0x00140000

CodeCache: size=32768Kb used=3669Kb max_used=3669Kb free=29098Kb
 bounds [0x01cb0000, 0x02048000, 0x03cb0000]
 total_blobs=1902 nmethods=1755 adapters=77
 compilation: enabled

Compilation events (10 events):
Event: 15.025 Thread 0x444da000 1753             com.android.dx.ssa.InterferenceRegisterMapper::addInterfence (62 bytes)
Event: 15.025 Thread 0x444da000 nmethod 1753 0x02043ac8 code [0x02043c60, 0x02044184]
Event: 15.026 Thread 0x444da000 1754             com.android.dx.ssa.back.InterferenceGraph::mergeInterferenceSet (29 bytes)
Event: 15.026 Thread 0x444da000 nmethod 1754 0x02044908 code [0x02044a30, 0x02044be4]
Event: 15.163 Thread 0x444da000 1755             com.android.dx.util.BitIntSet::iterator (9 bytes)
Event: 15.163 Thread 0x444da000 nmethod 1755 0x02044e08 code [0x02044f10, 0x02044ffc]
Event: 15.163 Thread 0x444da000 1756             com.android.dx.util.BitIntSet$1::<init> (25 bytes)
Event: 15.163 Thread 0x444da000 nmethod 1756 0x02045088 code [0x02045190, 0x0204524c]
Event: 15.234 Thread 0x444da000 1757             com.android.dx.util.Bits::bitCount (29 bytes)
Event: 15.234 Thread 0x444da000 nmethod 1757 0x02045308 code [0x02045410, 0x020454ec]

GC Heap History (10 events):
Event: 9.778 GC heap after
Heap after GC invocations=95 (full 7):
 def new generation   total 194816K, used 21632K [0x03e00000, 0x11160000, 0x19350000)
  eden space 173184K,   0% used [0x03e00000, 0x03e00000, 0x0e720000)
  from space 21632K, 100% used [0x0fc40000, 0x11160000, 0x11160000)
  to   space 21632K,   0% used [0x0e720000, 0x0e720000, 0x0fc40000)
 tenured generation   total 432848K, used 422938K [0x19350000, 0x33a04000, 0x43e00000)
   the space 432848K,  97% used [0x19350000, 0x33056950, 0x33056a00, 0x33a04000)
 Metaspace       used 3551K, capacity 3598K, committed 3648K, reserved 4480K
}
Event: 10.076 GC heap before
{Heap before GC invocations=95 (full 7):
 def new generation   total 194816K, used 194816K [0x03e00000, 0x11160000, 0x19350000)
  eden space 173184K, 100% used [0x03e00000, 0x0e720000, 0x0e720000)
  from space 21632K, 100% used [0x0fc40000, 0x11160000, 0x11160000)
  to   space 21632K,   0% used [0x0e720000, 0x0e720000, 0x0fc40000)
 tenured generation   total 432848K, used 422938K [0x19350000, 0x33a04000, 0x43e00000)
   the space 432848K,  97% used [0x19350000, 0x33056950, 0x33056a00, 0x33a04000)
 Metaspace       used 3551K, capacity 3598K, committed 3648K, reserved 4480K
Event: 11.503 GC heap after
Heap after GC invocations=96 (full 8):
 def new generation   total 314560K, used 2245K [0x03e00000, 0x19350000, 0x19350000)
  eden space 279616K,   0% used [0x03e00000, 0x040315f0, 0x14f10000)
  from space 34944K,   0% used [0x14f10000, 0x14f10000, 0x17130000)
  to   space 34944K,   0% used [0x17130000, 0x17130000, 0x19350000)
 tenured generation   total 699072K, used 447312K [0x19350000, 0x43e00000, 0x43e00000)
   the space 699072K,  63% used [0x19350000, 0x34824000, 0x34824000, 0x43e00000)
 Metaspace       used 3551K, capacity 3598K, committed 3648K, reserved 4480K
}
Event: 11.972 GC heap before
{Heap before GC invocations=96 (full 8):
 def new generation   total 314560K, used 279616K [0x03e00000, 0x19350000, 0x19350000)
  eden space 279616K, 100% used [0x03e00000, 0x14f10000, 0x14f10000)
  from space 34944K,   0% used [0x14f10000, 0x14f10000, 0x17130000)
  to   space 34944K,   0% used [0x17130000, 0x17130000, 0x19350000)
 tenured generation   total 699072K, used 447312K [0x19350000, 0x43e00000, 0x43e00000)
   the space 699072K,  63% used [0x19350000, 0x34824000, 0x34824000, 0x43e00000)
 Metaspace       used 3551K, capacity 3598K, committed 3648K, reserved 4480K
Event: 12.302 GC heap after
Heap after GC invocations=97 (full 8):
 def new generation   total 314560K, used 34943K [0x03e00000, 0x19350000, 0x19350000)
  eden space 279616K,   0% used [0x03e00000, 0x03e00000, 0x14f10000)
  from space 34944K,  99% used [0x17130000, 0x1934fff8, 0x19350000)
  to   space 34944K,   0% used [0x14f10000, 0x14f10000, 0x17130000)
 tenured generation   total 699072K, used 451010K [0x19350000, 0x43e00000, 0x43e00000)
   the space 699072K,  64% used [0x19350000, 0x34bc08a8, 0x34bc0a00, 0x43e00000)
 Metaspace       used 3551K, capacity 3598K, committed 3648K, reserved 4480K
}
Event: 12.800 GC heap before
{Heap before GC invocations=97 (full 8):
 def new generation   total 314560K, used 314559K [0x03e00000, 0x19350000, 0x19350000)
  eden space 279616K, 100% used [0x03e00000, 0x14f10000, 0x14f10000)
  from space 34944K,  99% used [0x17130000, 0x1934fff8, 0x19350000)
  to   space 34944K,   0% used [0x14f10000, 0x14f10000, 0x17130000)
 tenured generation   total 699072K, used 451010K [0x19350000, 0x43e00000, 0x43e00000)
   the space 699072K,  64% used [0x19350000, 0x34bc08a8, 0x34bc0a00, 0x43e00000)
 Metaspace       used 3551K, capacity 3598K, committed 3648K, reserved 4480K
Event: 12.996 GC heap after
Heap after GC invocations=98 (full 8):
 def new generation   total 314560K, used 34944K [0x03e00000, 0x19350000, 0x19350000)
  eden space 279616K,   0% used [0x03e00000, 0x03e00000, 0x14f10000)
  from space 34944K, 100% used [0x14f10000, 0x17130000, 0x17130000)
  to   space 34944K,   0% used [0x17130000, 0x17130000, 0x19350000)
 tenured generation   total 699072K, used 493828K [0x19350000, 0x43e00000, 0x43e00000)
   the space 699072K,  70% used [0x19350000, 0x375910d8, 0x37591200, 0x43e00000)
 Metaspace       used 3551K, capacity 3598K, committed 3648K, reserved 4480K
}
Event: 14.628 GC heap before
{Heap before GC invocations=98 (full 8):
 def new generation   total 314560K, used 314560K [0x03e00000, 0x19350000, 0x19350000)
  eden space 279616K, 100% used [0x03e00000, 0x14f10000, 0x14f10000)
  from space 34944K, 100% used [0x14f10000, 0x17130000, 0x17130000)
  to   space 34944K,   0% used [0x17130000, 0x17130000, 0x19350000)
 tenured generation   total 699072K, used 493828K [0x19350000, 0x43e00000, 0x43e00000)
   the space 699072K,  70% used [0x19350000, 0x375910d8, 0x37591200, 0x43e00000)
 Metaspace       used 3551K, capacity 3598K, committed 3648K, reserved 4480K
Event: 14.831 GC heap after
Heap after GC invocations=99 (full 8):
 def new generation   total 314560K, used 34943K [0x03e00000, 0x19350000, 0x19350000)
  eden space 279616K,   0% used [0x03e00000, 0x03e00000, 0x14f10000)
  from space 34944K,  99% used [0x17130000, 0x1934fff8, 0x19350000)
  to   space 34944K,   0% used [0x14f10000, 0x14f10000, 0x17130000)
 tenured generation   total 699072K, used 613138K [0x19350000, 0x43e00000, 0x43e00000)
   the space 699072K,  87% used [0x19350000, 0x3ea14b08, 0x3ea14c00, 0x43e00000)
 Metaspace       used 3551K, capacity 3598K, committed 3648K, reserved 4480K
}
Event: 16.145 GC heap before
{Heap before GC invocations=99 (full 8):
 def new generation   total 314560K, used 314559K [0x03e00000, 0x19350000, 0x19350000)
  eden space 279616K, 100% used [0x03e00000, 0x14f10000, 0x14f10000)
  from space 34944K,  99% used [0x17130000, 0x1934fff8, 0x19350000)
  to   space 34944K,   0% used [0x14f10000, 0x14f10000, 0x17130000)
 tenured generation   total 699072K, used 613138K [0x19350000, 0x43e00000, 0x43e00000)
   the space 699072K,  87% used [0x19350000, 0x3ea14b08, 0x3ea14c00, 0x43e00000)
 Metaspace       used 3555K, capacity 3598K, committed 3648K, reserved 4480K

Deoptimization events (0 events):
No events

Internal exceptions (5 events):
Event: 0.035 Thread 0x004abc00 Exception <a 'java/lang/NoSuchMethodError': Method sun.misc.Unsafe.defineClass(Ljava/lang/String;[BII)Ljava/lang/Class; name or signature does not match> (0x03e06ea8) thrown at [C:\re\workspace\8-2-build-windows-i586-cygwin\jdk8u101\7261\hotspot\src\share\	d^~¢?
Event: 0.035 Thread 0x004abc00 Exception <a 'java/lang/NoSuchMethodError': Method sun.misc.Unsafe.prefetchRead(Ljava/lang/Object;J)V name or signature does not match> (0x03e07178) thrown at [C:\re\workspace\8-2-build-windows-i586-cygwin\jdk8u101\7261\hotspot\src\share\vm\prims\jni.cpp, µê-ì?
Event: 0.878 Thread 0x44655800 Exception <a 'java/lang/ArrayIndexOutOfBoundsException': 18> (0x0417b428) thrown at [C:\re\workspace\8-2-build-windows-i586-cygwin\jdk8u101\7261\hotspot\src\share\vm\interpreter\interpreterRuntime.cpp, line 366]
Event: 0.878 Thread 0x44655800 Exception <a 'java/lang/ArrayIndexOutOfBoundsException': 145> (0x0417ccc8) thrown at [C:\re\workspace\8-2-build-windows-i586-cygwin\jdk8u101\7261\hotspot\src\share\vm\interpreter\interpreterRuntime.cpp, line 366]
Event: 0.879 Thread 0x44655800 Exception <a 'java/lang/ArrayIndexOutOfBoundsException': 40> (0x0417dda8) thrown at [C:\re\workspace\8-2-build-windows-i586-cygwin\jdk8u101\7261\hotspot\src\share\vm\interpreter\interpreterRuntime.cpp, line 366]

Events (10 events):
Event: 14.855 Executing VM operation: RevokeBias done
Event: 14.877 Thread 0x44655800 DEOPT PACKING pc=0x01dfcc94 sp=0x44c7f410
Event: 14.877 Thread 0x44655800 DEOPT UNPACKING pc=0x01cec5db sp=0x44c7f338 mode 0
Event: 14.885 loading class com/android/dx/util/ListIntSet$1
Event: 14.885 loading class com/android/dx/util/ListIntSet$1 done
Event: 14.886 Executing VM operation: Deoptimize
Event: 14.886 Executing VM operation: Deoptimize done
Event: 14.886 Thread 0x44655800 DEOPT PACKING pc=0x0202d8b8 sp=0x44c7f3d0
Event: 14.886 Thread 0x44655800 DEOPT UNPACKING pc=0x01cec5db sp=0x44c7f338 mode 0
Event: 16.144 Executing VM operation: GenCollectForAllocation


Dynamic libraries:
0x01070000 - 0x010a3000 	C:\Program Files\Java\jdk1.8.0_101\bin\java.exe
0x76f00000 - 0x7703c000 	C:\Windows\SYSTEM32\ntdll.dll
0x755f0000 - 0x756c4000 	C:\Windows\system32\kernel32.dll
0x751f0000 - 0x7523a000 	C:\Windows\system32\KERNELBASE.dll
0x753a0000 - 0x75440000 	C:\Windows\system32\ADVAPI32.dll
0x76520000 - 0x765cc000 	C:\Windows\system32\msvcrt.dll
0x75370000 - 0x75389000 	C:\Windows\SYSTEM32\sechost.dll
0x76470000 - 0x76511000 	C:\Windows\system32\RPCRT4.dll
0x756d0000 - 0x75799000 	C:\Windows\system32\USER32.dll
0x770e0000 - 0x7712e000 	C:\Windows\system32\GDI32.dll
0x75390000 - 0x7539a000 	C:\Windows\system32\LPK.dll
0x76b50000 - 0x76bed000 	C:\Windows\system32\USP10.dll
0x73dc0000 - 0x73f5e000 	C:\Windows\WinSxS\x86_microsoft.windows.common-controls_6595b64144ccf1df_6.0.7600.16385_none_421189da2b7fabfc\COMCTL32.dll
0x76af0000 - 0x76b47000 	C:\Windows\system32\SHLWAPI.dll
0x77040000 - 0x7705f000 	C:\Windows\system32\IMM32.DLL
0x76d30000 - 0x76dfc000 	C:\Windows\system32\MSCTF.dll
0x64db0000 - 0x64e6f000 	C:\Program Files\Java\jdk1.8.0_101\jre\bin\msvcr100.dll
0x51770000 - 0x51b3c000 	C:\Program Files\Java\jdk1.8.0_101\jre\bin\client\jvm.dll
0x70810000 - 0x70817000 	C:\Windows\system32\WSOCK32.dll
0x75440000 - 0x75475000 	C:\Windows\system32\WS2_32.dll
0x75350000 - 0x75356000 	C:\Windows\system32\NSI.dll
0x707c0000 - 0x707f2000 	C:\Windows\system32\WINMM.dll
0x74550000 - 0x74559000 	C:\Windows\system32\VERSION.dll
0x75360000 - 0x75365000 	C:\Windows\system32\PSAPI.DLL
0x720f0000 - 0x720fc000 	C:\Program Files\Java\jdk1.8.0_101\jre\bin\verify.dll
0x72070000 - 0x72091000 	C:\Program Files\Java\jdk1.8.0_101\jre\bin\java.dll
0x720b0000 - 0x720c3000 	C:\Program Files\Java\jdk1.8.0_101\jre\bin\zip.dll
0x75820000 - 0x76469000 	C:\Windows\system32\SHELL32.dll
0x75490000 - 0x755ec000 	C:\Windows\system32\ole32.dll
0x75050000 - 0x7505b000 	C:\Windows\system32\profapi.dll
0x72db0000 - 0x72e9b000 	C:\Windows\system32\dbghelp.dll

VM Arguments:
jvm_args: -Djava.awt.headless=true -Xmx1024M -Dfile.encoding=windows-1252 -Duser.country=US -Duser.language=en -Duser.variant 
java_command: com.android.dx.command.Main --dex --num-threads=4 --multi-dex --main-dex-list E:\SandeepProjectResources\MobipugNew\Mobipug27.10.18\MobipugSource\app\build\intermediates\multi-dex\debug\maindexlist.txt --output E:\SandeepProjectResources\MobipugNew\Mobipug27.10.18\MobipugSource\app\build\intermediates\transforms\dex\debug\folders\1000\1f\main E:\SandeepProjectResources\MobipugNew\Mobipug27.10.18\MobipugSource\app\build\intermediates\transforms\jarMerging\debug\jars\1\1f\combined.jar
java_class_path (initial): C:\Users\android-4\AppData\Local\Android\Sdk\build-tools\26.0.2\lib\dx.jar
Launcher Type: SUN_STANDARD

Environment Variables:
PATH=C:\ProgramData\Oracle\Java\javapath;C:\Windows\system32;C:\Windows;C:\Windows\System32\Wbem;C:\Windows\System32\WindowsPowerShell\v1.0\;C:\Program Files\Intel\OpenCL SDK\2.0\bin\x86;C:\Program Files\Skype\Phone\
USERNAME=android-4
OS=Windows_NT
PROCESSOR_IDENTIFIER=x86 Family 6 Model 42 Stepping 7, GenuineIntel



---------------  S Y S T E M  ---------------

OS: Windows 7 Build 7600 (6.1.7600.16385)

CPU:total 4 (2 cores per cpu, 2 threads per core) family 6 model 42 stepping 7, cmov, cx8, fxsr, mmx, sse, sse2, sse3, ssse3, sse4.1, sse4.2, popcnt, clmul, ht, tsc, tscinvbit

Memory: 4k page, physical 3578328k(476540k free), swap 24056564k(19617332k free)

vm_info: Java HotSpot(TM) Client VM (25.101-b13) for windows-x86 JRE (1.8.0_101-b13), built on Jun 22 2016 00:45:44 by "java_re" with MS VC++ 10.0 (VS2010)

time: Sat Nov 10 16:01:32 2018
elapsed time: 16 seconds (0d 0h 0m 16s)

