#
# A fatal error has been detected by the Java Runtime Environment:
#
#  EXCEPTION_ACCESS_VIOLATION (0xc0000005) at pc=0x50f3b81d, pid=4016, tid=0x00001658
#
# JRE version: Java(TM) SE Runtime Environment (8.0_101-b13) (build 1.8.0_101-b13)
# Java VM: Java HotSpot(TM) Client VM (25.101-b13 mixed mode windows-x86 )
# Problematic frame:
# V  [jvm.dll+0x16b81d]
#
# Failed to write core dump. Minidumps are not enabled by default on client versions of Windows
#
# If you would like to submit a bug report, please visit:
#   http://bugreport.java.com/bugreport/crash.jsp
#

---------------  T H R E A D  ---------------

Current thread (0x443ea800):  VMThread [stack: 0x005f0000,0x00640000] [id=5720]

siginfo: ExceptionCode=0xc0000005, reading address 0x00000000

Registers:
EAX=0x00000000, EBX=0x445912a4, ECX=0x00b21408, EDX=0x00b21408
ESP=0x0063f118, EBP=0x0063f178, ESI=0x192bc9f8, EDI=0x00000000
EIP=0x50f3b81d, EFLAGS=0x00010246

Top of Stack: (sp=0x0063f118)
0x0063f118:   50f84db1 511394cc 445912a0 445912a4
0x0063f128:   50f31f51 452b8000 00000ffc 00000005
0x0063f138:   51157a98 00000000 00000ffc 51139460
0x0063f148:   00000200 0063f17c 50e6440d 00000ffc
0x0063f158:   00000005 51157a98 31216824 51139460
0x0063f168:   0063f178 0063f184 50e8d75b 192bc9f8
0x0063f178:   0063f1d8 01c330ba 445912a4 50f84db1
0x0063f188:   41518538 41518558 41518168 41518188 

Instructions: (pc=0x50f3b81d)
0x50f3b7fd:   cc cc cc 55 8b ec 83 ec 50 8b 45 0c 53 8b 5d 08
0x50f3b80d:   56 8b 73 24 57 50 89 75 fc e8 55 30 ef ff 8b f8
0x50f3b81d:   8b 17 8b 42 04 83 c4 04 8b cf ff d0 84 c0 0f 84
0x50f3b82d:   c9 00 00 00 8b cb e8 f8 fc f5 ff 3b f0 0f 84 ba 


Register to memory mapping:

EAX=0x00000000 is an unknown value
EBX=0x445912a4 is an unknown value
ECX=0x00b21408 is an unknown value
EDX=0x00b21408 is an unknown value
ESP=0x0063f118 is an unknown value
EBP=0x0063f178 is an unknown value
ESI=0x192bc9f8 is pointing into object: 0x192bc9f0
[C 
 - klass: {type array char}
 - length: 35
EDI=0x00000000 is an unknown value


Stack: [0x005f0000,0x00640000],  sp=0x0063f118,  free space=316k
Native frames: (J=compiled Java code, j=interpreted, Vv=VM code, C=native code)
V  [jvm.dll+0x16b81d]
v  ~BufferBlob::I2C/C2I adapters
V  [jvm.dll+0x1b4fac]
V  [jvm.dll+0x15883a]
V  [jvm.dll+0x179eef]
V  [jvm.dll+0x1789ea]
V  [jvm.dll+0x97fb0]
V  [jvm.dll+0x992a1]
V  [jvm.dll+0x9b020]
V  [jvm.dll+0x9b489]
V  [jvm.dll+0x9a27f]
V  [jvm.dll+0xa64b2]
V  [jvm.dll+0x98e73]
V  [jvm.dll+0x92e25]
V  [jvm.dll+0x1b81c6]
V  [jvm.dll+0x18292b]
V  [jvm.dll+0x181d31]
V  [jvm.dll+0x182147]
V  [jvm.dll+0x182342]
V  [jvm.dll+0x1c1ed6]
C  [msvcr100.dll+0x5c556]
C  [msvcr100.dll+0x5c600]
C  [kernel32.dll+0x51174]
C  [ntdll.dll+0x5b3f5]
C  [ntdll.dll+0x5b3c8]

VM_Operation (0x44a6f2b4): GenCollectForAllocation, mode: safepoint, requested by thread 0x44595000


---------------  P R O C E S S  ---------------

Java Threads: ( => current thread )
  0x445c5c00 JavaThread "pool-2-thread-4" [_thread_blocked, id=5944, stack(0x44690000,0x446e0000)]
  0x445c2400 JavaThread "pool-2-thread-3" [_thread_blocked, id=5272, stack(0x005a0000,0x005f0000)]
  0x445c1c00 JavaThread "pool-2-thread-2" [_thread_blocked, id=3752, stack(0x44850000,0x448a0000)]
  0x44593000 JavaThread "pool-3-thread-1" [_thread_blocked, id=5592, stack(0x44b10000,0x44b60000)]
  0x44595000 JavaThread "pool-2-thread-1" [_thread_blocked, id=5668, stack(0x44a20000,0x44a70000)]
  0x44454800 JavaThread "Service Thread" daemon [_thread_blocked, id=5848, stack(0x449d0000,0x44a20000)]
  0x4443a000 JavaThread "C1 CompilerThread0" daemon [_thread_blocked, id=5516, stack(0x44930000,0x44980000)]
  0x44439000 JavaThread "Attach Listener" daemon [_thread_blocked, id=2896, stack(0x446e0000,0x44730000)]
  0x44436000 JavaThread "Signal Dispatcher" daemon [_thread_blocked, id=5040, stack(0x447f0000,0x44840000)]
  0x44416c00 JavaThread "Finalizer" daemon [_thread_blocked, id=1936, stack(0x44750000,0x447a0000)]
  0x443f0400 JavaThread "Reference Handler" daemon [_thread_blocked, id=4904, stack(0x00a70000,0x00ac0000)]
  0x00b2bc00 JavaThread "main" [_thread_blocked, id=4108, stack(0x00c90000,0x00ce0000)]

Other Threads:
=>0x443ea800 VMThread [stack: 0x005f0000,0x00640000] [id=5720]
  0x4444bc00 WatcherThread [stack: 0x44a80000,0x44ad0000] [id=4584]

VM state:at safepoint (normal execution)

VM Mutex/Monitor currently owned by a thread:  ([mutex/lock_event])
[0x00b2a230] Threads_lock - owner thread: 0x443ea800
[0x00b2a640] Heap_lock - owner thread: 0x44595000

Heap:
 def new generation   total 314560K, used 279616K [0x03c00000, 0x19150000, 0x19150000)
  eden space 279616K, 100% used [0x03c00000, 0x14d10000, 0x14d10000)
  from space 34944K,   0% used [0x16f30000, 0x16f30000, 0x19150000)
  to   space 34944K,   0% used [0x14d10000, 0x14d10000, 0x16f30000)
 tenured generation   total 699072K, used 659250K [0x19150000, 0x43c00000, 0x43c00000)
   the space 699072K,  94% used [0x19150000, 0x4151c8f8, 0x4151ca00, 0x43c00000)
 Metaspace       used 3558K, capacity 3598K, committed 3648K, reserved 4480K

Card table byte_map: [0x43c00000,0x43e10000] byte_map_base: 0x43be2000

Polling page: 0x00480000

CodeCache: size=32768Kb used=3695Kb max_used=3742Kb free=29072Kb
 bounds [0x01bf0000, 0x01f98000, 0x03bf0000]
 total_blobs=1924 nmethods=1777 adapters=77
 compilation: enabled

Compilation events (10 events):
Event: 23.435 Thread 0x4443a000 1788 %           com.android.dx.cf.direct.ClassPathOpener::processArchive @ 141 (221 bytes)
Event: 23.437 Thread 0x4443a000 nmethod 1788% 0x01f922c8 code [0x01f92540, 0x01f93470]
Event: 25.680 Thread 0x4443a000 1789             java.util.HashMap$TreeNode::split (218 bytes)
Event: 25.681 Thread 0x4443a000 nmethod 1789 0x01f94588 code [0x01f94700, 0x01f94c00]
Event: 25.790 Thread 0x4443a000 1790 % !         java.util.concurrent.ThreadPoolExecutor::runWorker @ 21 (225 bytes)
Event: 25.792 Thread 0x4443a000 nmethod 1790% 0x01f953c8 code [0x01f955c0, 0x01f95d24]
Event: 28.007 Thread 0x4443a000 1791   !         java.util.concurrent.ThreadPoolExecutor::addWorker (292 bytes)
Event: 28.008 Thread 0x4443a000 nmethod 1791 0x01f96748 code [0x01f96910, 0x01f96ee4]
Event: 28.022 Thread 0x4443a000 1792             java.util.concurrent.ThreadPoolExecutor::isShutdown (19 bytes)
Event: 28.022 Thread 0x4443a000 nmethod 1792 0x01cc0488 code [0x01cc0580, 0x01cc0630]

GC Heap History (10 events):
Event: 17.047 GC heap after
Heap after GC invocations=103 (full 8):
 def new generation   total 314560K, used 34944K [0x03c00000, 0x19150000, 0x19150000)
  eden space 279616K,   0% used [0x03c00000, 0x03c00000, 0x14d10000)
  from space 34944K, 100% used [0x16f30000, 0x19150000, 0x19150000)
  to   space 34944K,   0% used [0x14d10000, 0x14d10000, 0x16f30000)
 tenured generation   total 699072K, used 654612K [0x19150000, 0x43c00000, 0x43c00000)
   the space 699072K,  93% used [0x19150000, 0x41095188, 0x41095200, 0x43c00000)
 Metaspace       used 3558K, capacity 3598K, committed 3648K, reserved 4480K
}
Event: 18.688 GC heap before
{Heap before GC invocations=103 (full 8):
 def new generation   total 314560K, used 314560K [0x03c00000, 0x19150000, 0x19150000)
  eden space 279616K, 100% used [0x03c00000, 0x14d10000, 0x14d10000)
  from space 34944K, 100% used [0x16f30000, 0x19150000, 0x19150000)
  to   space 34944K,   0% used [0x14d10000, 0x14d10000, 0x16f30000)
 tenured generation   total 699072K, used 654612K [0x19150000, 0x43c00000, 0x43c00000)
   the space 699072K,  93% used [0x19150000, 0x41095188, 0x41095200, 0x43c00000)
 Metaspace       used 3558K, capacity 3598K, committed 3648K, reserved 4480K
Event: 20.171 GC heap after
Heap after GC invocations=104 (full 9):
 def new generation   total 314560K, used 0K [0x03c00000, 0x19150000, 0x19150000)
  eden space 279616K,   0% used [0x03c00000, 0x03c00000, 0x14d10000)
  from space 34944K,   0% used [0x16f30000, 0x16f30000, 0x19150000)
  to   space 34944K,   0% used [0x14d10000, 0x14d10000, 0x16f30000)
 tenured generation   total 699072K, used 688621K [0x19150000, 0x43c00000, 0x43c00000)
   the space 699072K,  98% used [0x19150000, 0x431cb6c8, 0x431cb800, 0x43c00000)
 Metaspace       used 3558K, capacity 3598K, committed 3648K, reserved 4480K
}
Event: 21.425 GC heap before
{Heap before GC invocations=104 (full 9):
 def new generation   total 314560K, used 279616K [0x03c00000, 0x19150000, 0x19150000)
  eden space 279616K, 100% used [0x03c00000, 0x14d10000, 0x14d10000)
  from space 34944K,   0% used [0x16f30000, 0x16f30000, 0x19150000)
  to   space 34944K,   0% used [0x14d10000, 0x14d10000, 0x16f30000)
 tenured generation   total 699072K, used 688621K [0x19150000, 0x43c00000, 0x43c00000)
   the space 699072K,  98% used [0x19150000, 0x431cb6c8, 0x431cb800, 0x43c00000)
 Metaspace       used 3558K, capacity 3598K, committed 3648K, reserved 4480K
Event: 22.893 GC heap after
Heap after GC invocations=105 (full 10):
 def new generation   total 314560K, used 0K [0x03c00000, 0x19150000, 0x19150000)
  eden space 279616K,   0% used [0x03c00000, 0x03c00000, 0x14d10000)
  from space 34944K,   0% used [0x16f30000, 0x16f30000, 0x19150000)
  to   space 34944K,   0% used [0x14d10000, 0x14d10000, 0x16f30000)
 tenured generation   total 699072K, used 672616K [0x19150000, 0x43c00000, 0x43c00000)
   the space 699072K,  96% used [0x19150000, 0x4222a068, 0x4222a200, 0x43c00000)
 Metaspace       used 3558K, capacity 3598K, committed 3648K, reserved 4480K
}
Event: 23.768 GC heap before
{Heap before GC invocations=105 (full 10):
 def new generation   total 314560K, used 279616K [0x03c00000, 0x19150000, 0x19150000)
  eden space 279616K, 100% used [0x03c00000, 0x14d10000, 0x14d10000)
  from space 34944K,   0% used [0x16f30000, 0x16f30000, 0x19150000)
  to   space 34944K,   0% used [0x14d10000, 0x14d10000, 0x16f30000)
 tenured generation   total 699072K, used 672616K [0x19150000, 0x43c00000, 0x43c00000)
   the space 699072K,  96% used [0x19150000, 0x4222a068, 0x4222a200, 0x43c00000)
 Metaspace       used 3558K, capacity 3598K, committed 3648K, reserved 4480K
Event: 25.277 GC heap after
Heap after GC invocations=106 (full 11):
 def new generation   total 314560K, used 0K [0x03c00000, 0x19150000, 0x19150000)
  eden space 279616K,   0% used [0x03c00000, 0x03c00000, 0x14d10000)
  from space 34944K,   0% used [0x16f30000, 0x16f30000, 0x19150000)
  to   space 34944K,   0% used [0x14d10000, 0x14d10000, 0x16f30000)
 tenured generation   total 699072K, used 692640K [0x19150000, 0x43c00000, 0x43c00000)
   the space 699072K,  99% used [0x19150000, 0x435b81b8, 0x435b8200, 0x43c00000)
 Metaspace       used 3558K, capacity 3598K, committed 3648K, reserved 4480K
}
Event: 25.915 GC heap before
{Heap before GC invocations=106 (full 11):
 def new generation   total 314560K, used 279616K [0x03c00000, 0x19150000, 0x19150000)
  eden space 279616K, 100% used [0x03c00000, 0x14d10000, 0x14d10000)
  from space 34944K,   0% used [0x16f30000, 0x16f30000, 0x19150000)
  to   space 34944K,   0% used [0x14d10000, 0x14d10000, 0x16f30000)
 tenured generation   total 699072K, used 692640K [0x19150000, 0x43c00000, 0x43c00000)
   the space 699072K,  99% used [0x19150000, 0x435b81b8, 0x435b8200, 0x43c00000)
 Metaspace       used 3558K, capacity 3598K, committed 3648K, reserved 4480K
Event: 27.897 GC heap after
Heap after GC invocations=107 (full 12):
 def new generation   total 314560K, used 0K [0x03c00000, 0x19150000, 0x19150000)
  eden space 279616K,   0% used [0x03c00000, 0x03c00000, 0x14d10000)
  from space 34944K,   0% used [0x16f30000, 0x16f30000, 0x19150000)
  to   space 34944K,   0% used [0x14d10000, 0x14d10000, 0x16f30000)
 tenured generation   total 699072K, used 659250K [0x19150000, 0x43c00000, 0x43c00000)
   the space 699072K,  94% used [0x19150000, 0x4151c8f8, 0x4151ca00, 0x43c00000)
 Metaspace       used 3558K, capacity 3598K, committed 3648K, reserved 4480K
}
Event: 28.375 GC heap before
{Heap before GC invocations=107 (full 12):
 def new generation   total 314560K, used 279616K [0x03c00000, 0x19150000, 0x19150000)
  eden space 279616K, 100% used [0x03c00000, 0x14d10000, 0x14d10000)
  from space 34944K,   0% used [0x16f30000, 0x16f30000, 0x19150000)
  to   space 34944K,   0% used [0x14d10000, 0x14d10000, 0x16f30000)
 tenured generation   total 699072K, used 659250K [0x19150000, 0x43c00000, 0x43c00000)
   the space 699072K,  94% used [0x19150000, 0x4151c8f8, 0x4151ca00, 0x43c00000)
 Metaspace       used 3558K, capacity 3598K, committed 3648K, reserved 4480K

Deoptimization events (0 events):
No events

Internal exceptions (5 events):
Event: 0.024 Thread 0x00b2bc00 Exception <a 'java/lang/NoSuchMethodError': Method sun.misc.Unsafe.defineClass(Ljava/lang/String;[BII)Ljava/lang/Class; name or signature does not match> (0x03c06ea8) thrown at [C:\re\workspace\8-2-build-windows-i586-cygwin\jdk8u101\7261\hotspot\src\share\tFﬂ∫ò?
Event: 0.024 Thread 0x00b2bc00 Exception <a 'java/lang/NoSuchMethodError': Method sun.misc.Unsafe.prefetchRead(Ljava/lang/Object;J)V name or signature does not match> (0x03c07178) thrown at [C:\re\workspace\8-2-build-windows-i586-cygwin\jdk8u101\7261\hotspot\src\share\vm\prims\jni.cpp, ~“Îè›iÏ?
Event: 0.888 Thread 0x44595000 Exception <a 'java/lang/ArrayIndexOutOfBoundsException': 18> (0x04343c20) thrown at [C:\re\workspace\8-2-build-windows-i586-cygwin\jdk8u101\7261\hotspot\src\share\vm\interpreter\interpreterRuntime.cpp, line 366]
Event: 0.888 Thread 0x44595000 Exception <a 'java/lang/ArrayIndexOutOfBoundsException': 145> (0x043454c0) thrown at [C:\re\workspace\8-2-build-windows-i586-cygwin\jdk8u101\7261\hotspot\src\share\vm\interpreter\interpreterRuntime.cpp, line 366]
Event: 0.889 Thread 0x44595000 Exception <a 'java/lang/ArrayIndexOutOfBoundsException': 40> (0x04357810) thrown at [C:\re\workspace\8-2-build-windows-i586-cygwin\jdk8u101\7261\hotspot\src\share\vm\interpreter\interpreterRuntime.cpp, line 366]

Events (10 events):
Event: 28.009 Thread 0x4443a000 flushing nmethod 0x01d6b308
Event: 28.009 Thread 0x4443a000 flushing nmethod 0x01d6b888
Event: 28.009 Thread 0x4443a000 flushing nmethod 0x01d93648
Event: 28.022 Thread 0x4443a000 flushing nmethod 0x01d954c8
Event: 28.023 Thread 0x4443a000 flushing nmethod 0x01ddc5c8
Event: 28.023 Thread 0x4443a000 flushing nmethod 0x01dee308
Event: 28.023 Thread 0x4443a000 flushing nmethod 0x01e04248
Event: 28.023 Thread 0x4443a000 flushing nmethod 0x01e05a88
Event: 28.023 Thread 0x4443a000 flushing nmethod 0x01e5c688
Event: 28.374 Executing VM operation: GenCollectForAllocation


Dynamic libraries:
0x00ce0000 - 0x00d13000 	C:\Program Files\Java\jdk1.8.0_101\bin\java.exe
0x771a0000 - 0x772dc000 	C:\Windows\SYSTEM32\ntdll.dll
0x76f50000 - 0x77024000 	C:\Windows\system32\kernel32.dll
0x755a0000 - 0x755ea000 	C:\Windows\system32\KERNELBASE.dll
0x756d0000 - 0x75770000 	C:\Windows\system32\ADVAPI32.dll
0x75770000 - 0x7581c000 	C:\Windows\system32\msvcrt.dll
0x769a0000 - 0x769b9000 	C:\Windows\SYSTEM32\sechost.dll
0x75620000 - 0x756c1000 	C:\Windows\system32\RPCRT4.dll
0x75a70000 - 0x75b39000 	C:\Windows\system32\USER32.dll
0x772f0000 - 0x7733e000 	C:\Windows\system32\GDI32.dll
0x75a50000 - 0x75a5a000 	C:\Windows\system32\LPK.dll
0x77030000 - 0x770cd000 	C:\Windows\system32\USP10.dll
0x74060000 - 0x741fe000 	C:\Windows\WinSxS\x86_microsoft.windows.common-controls_6595b64144ccf1df_6.0.7600.16385_none_421189da2b7fabfc\COMCTL32.dll
0x76ef0000 - 0x76f47000 	C:\Windows\system32\SHLWAPI.dll
0x755f0000 - 0x7560f000 	C:\Windows\system32\IMM32.DLL
0x770d0000 - 0x7719c000 	C:\Windows\system32\MSCTF.dll
0x54260000 - 0x5431f000 	C:\Program Files\Java\jdk1.8.0_101\jre\bin\msvcr100.dll
0x50dd0000 - 0x5119c000 	C:\Program Files\Java\jdk1.8.0_101\jre\bin\client\jvm.dll
0x70940000 - 0x70947000 	C:\Windows\system32\WSOCK32.dll
0x76a20000 - 0x76a55000 	C:\Windows\system32\WS2_32.dll
0x772e0000 - 0x772e6000 	C:\Windows\system32\NSI.dll
0x709e0000 - 0x70a12000 	C:\Windows\system32\WINMM.dll
0x747f0000 - 0x747f9000 	C:\Windows\system32\VERSION.dll
0x75a60000 - 0x75a65000 	C:\Windows\system32\PSAPI.DLL
0x6c2e0000 - 0x6c2ec000 	C:\Program Files\Java\jdk1.8.0_101\jre\bin\verify.dll
0x6c2b0000 - 0x6c2d1000 	C:\Program Files\Java\jdk1.8.0_101\jre\bin\java.dll
0x6c290000 - 0x6c2a3000 	C:\Program Files\Java\jdk1.8.0_101\jre\bin\zip.dll
0x75cd0000 - 0x76919000 	C:\Windows\system32\SHELL32.dll
0x76a60000 - 0x76bbc000 	C:\Windows\system32\ole32.dll
0x752f0000 - 0x752fb000 	C:\Windows\system32\profapi.dll
0x73050000 - 0x7313b000 	C:\Windows\system32\dbghelp.dll

VM Arguments:
jvm_args: -Djava.awt.headless=true -Xmx1024M -Dfile.encoding=windows-1252 -Duser.country=US -Duser.language=en -Duser.variant 
java_command: com.android.dx.command.Main --dex --num-threads=4 --multi-dex --main-dex-list E:\SandeepProjectResources\MobipugNew\Mobipug27.10.18\MobipugSource\app\build\intermediates\multi-dex\debug\maindexlist.txt --output E:\SandeepProjectResources\MobipugNew\Mobipug27.10.18\MobipugSource\app\build\intermediates\transforms\dex\debug\folders\1000\1f\main E:\SandeepProjectResources\MobipugNew\Mobipug27.10.18\MobipugSource\app\build\intermediates\transforms\jarMerging\debug\jars\1\1f\combined.jar
java_class_path (initial): C:\Users\android-4\AppData\Local\Android\Sdk\build-tools\26.0.2\lib\dx.jar
Launcher Type: SUN_STANDARD

Environment Variables:
PATH=C:\ProgramData\Oracle\Java\javapath;C:\Windows\system32;C:\Windows;C:\Windows\System32\Wbem;C:\Windows\System32\WindowsPowerShell\v1.0\;C:\Program Files\Intel\OpenCL SDK\2.0\bin\x86;C:\Program Files\Skype\Phone\
USERNAME=android-4
OS=Windows_NT
PROCESSOR_IDENTIFIER=x86 Family 6 Model 42 Stepping 7, GenuineIntel



---------------  S Y S T E M  ---------------

OS: Windows 7 Build 7600 (6.1.7600.16385)

CPU:total 4 (2 cores per cpu, 2 threads per core) family 6 model 42 stepping 7, cmov, cx8, fxsr, mmx, sse, sse2, sse3, ssse3, sse4.1, sse4.2, popcnt, clmul, ht, tsc, tscinvbit

Memory: 4k page, physical 3578328k(117672k free), swap 24056564k(19146212k free)

vm_info: Java HotSpot(TM) Client VM (25.101-b13) for windows-x86 JRE (1.8.0_101-b13), built on Jun 22 2016 00:45:44 by "java_re" with MS VC++ 10.0 (VS2010)

time: Wed Nov 14 16:54:37 2018
elapsed time: 28 seconds (0d 0h 0m 28s)

