#
# A fatal error has been detected by the Java Runtime Environment:
#
#  EXCEPTION_ACCESS_VIOLATION (0xc0000005) at pc=0x64fb4da9, pid=7744, tid=0x0000130c
#
# JRE version: Java(TM) SE Runtime Environment (8.0_101-b13) (build 1.8.0_101-b13)
# Java VM: Java HotSpot(TM) Client VM (25.101-b13 mixed mode windows-x86 )
# Problematic frame:
# V  [jvm.dll+0x1b4da9]
#
# Failed to write core dump. Minidumps are not enabled by default on client versions of Windows
#
# If you would like to submit a bug report, please visit:
#   http://bugreport.java.com/bugreport/crash.jsp
#

---------------  T H R E A D  ---------------

Current thread (0x443da800):  VMThread [stack: 0x00a10000,0x00a60000] [id=4876]

siginfo: ExceptionCode=0xc0000005, reading address 0x00000088

Registers:
EAX=0x1f97c0d8, EBX=0x445851dc, ECX=0x442978f0, EDX=0x00000000
ESP=0x00a5f540, EBP=0x00a5f558, ESI=0x445851d8, EDI=0x651694cc
EIP=0x64fb4da9, EFLAGS=0x00010202

Top of Stack: (sp=0x00a5f540)
0x00a5f540:   1f97c0d8 651694cc 445851d8 445851dc
0x00a5f550:   651694cc 445851d8 00a5f564 64fb4fac
0x00a5f560:   00000003 00a5f580 64f5883a 445851d8
0x00a5f570:   44585c00 651694cc 00000000 44553350
0x00a5f580:   00a5f768 64f79eef 651694cc 00000001
0x00a5f590:   44585c00 00000000 00000000 00000000
0x00a5f5a0:   00000000 00a5f7f4 00a5f61c 00000012
0x00a5f5b0:   00a5f7e0 651694f0 00a5f864 ffffffff 

Instructions: (pc=0x64fb4da9)
0x64fb4d89:   23 f0 29 35 50 94 16 65 a3 4c 94 16 65 8b c7 eb
0x64fb4d99:   09 48 a3 4c 94 16 65 8b 04 81 8b 48 04 8b 11 50
0x64fb4da9:   8b 82 88 00 00 00 ff d0 8b 0d 58 94 16 65 85 c9
0x64fb4db9:   0f 85 51 ff ff ff a1 7c 94 16 65 85 c0 0f 84 b8 


Register to memory mapping:

EAX=
[error occurred during error reporting (printing register info), id 0xc0000005]

Stack: [0x00a10000,0x00a60000],  sp=0x00a5f540,  free space=317k
Native frames: (J=compiled Java code, j=interpreted, Vv=VM code, C=native code)
V  [jvm.dll+0x1b4da9]
V  [jvm.dll+0x1b4fac]
V  [jvm.dll+0x15883a]
V  [jvm.dll+0x179eef]
V  [jvm.dll+0x1789ea]
V  [jvm.dll+0x97fb0]
V  [jvm.dll+0x992a1]
V  [jvm.dll+0x9b020]
V  [jvm.dll+0x9b489]
V  [jvm.dll+0x9a27f]
V  [jvm.dll+0xa64b2]
V  [jvm.dll+0x98e73]
V  [jvm.dll+0x92e25]
V  [jvm.dll+0x1b81c6]
V  [jvm.dll+0x18292b]
V  [jvm.dll+0x181d31]
V  [jvm.dll+0x182147]
V  [jvm.dll+0x182342]
V  [jvm.dll+0x1c1ed6]
C  [msvcr100.dll+0x5c556]
C  [msvcr100.dll+0x5c600]
C  [kernel32.dll+0x51174]
C  [ntdll.dll+0x5b3f5]
C  [ntdll.dll+0x5b3c8]

VM_Operation (0x005aed04): GenCollectForAllocation, mode: safepoint, requested by thread 0x00a6bc00


---------------  P R O C E S S  ---------------

Java Threads: ( => current thread )
  0x44585c00 JavaThread "pool-2-thread-4" [_thread_blocked, id=6344, stack(0x446d0000,0x44720000)]
  0x44584c00 JavaThread "pool-2-thread-3" [_thread_blocked, id=7996, stack(0x44ac0000,0x44b10000)]
  0x44589400 JavaThread "pool-2-thread-2" [_thread_blocked, id=7588, stack(0x44a20000,0x44a70000)]
  0x44554c00 JavaThread "pool-3-thread-1" [_thread_blocked, id=5260, stack(0x449c0000,0x44a10000)]
  0x44553800 JavaThread "pool-2-thread-1" [_thread_blocked, id=6800, stack(0x44960000,0x449b0000)]
  0x4441e400 JavaThread "Service Thread" daemon [_thread_blocked, id=8052, stack(0x447e0000,0x44830000)]
  0x4442b000 JavaThread "C1 CompilerThread0" daemon [_thread_blocked, id=6252, stack(0x44730000,0x44780000)]
  0x4442a000 JavaThread "Attach Listener" daemon [_thread_blocked, id=2764, stack(0x44780000,0x447d0000)]
  0x44427000 JavaThread "Signal Dispatcher" daemon [_thread_blocked, id=5264, stack(0x44630000,0x44680000)]
  0x44406c00 JavaThread "Finalizer" daemon [_thread_blocked, id=6588, stack(0x03db0000,0x03e00000)]
  0x443e0400 JavaThread "Reference Handler" daemon [_thread_blocked, id=8012, stack(0x445d0000,0x44620000)]
  0x00a6bc00 JavaThread "main" [_thread_blocked, id=7976, stack(0x00560000,0x005b0000)]

Other Threads:
=>0x443da800 VMThread [stack: 0x00a10000,0x00a60000] [id=4876]
  0x44420000 WatcherThread [stack: 0x44890000,0x448e0000] [id=1900]

VM state:at safepoint (normal execution)

VM Mutex/Monitor currently owned by a thread:  ([mutex/lock_event])
[0x00a6a1d0] Threads_lock - owner thread: 0x443da800
[0x00a6a5e0] Heap_lock - owner thread: 0x00a6bc00

Heap:
 def new generation   total 72576K, used 8063K [0x03e00000, 0x08cc0000, 0x19350000)
  eden space 64512K,   0% used [0x03e00000, 0x03e00000, 0x07d00000)
  from space 8064K,  99% used [0x07d00000, 0x084dfff8, 0x084e0000)
  to   space 8064K,   0% used [0x084e0000, 0x084e0000, 0x08cc0000)
 tenured generation   total 166440K, used 166352K [0x19350000, 0x235da000, 0x43e00000)
   the space 166440K,  99% used [0x19350000, 0x235c4390, 0x235c4400, 0x235da000)
 Metaspace       used 3552K, capacity 3598K, committed 3648K, reserved 4480K

Card table byte_map: [0x00b70000,0x00d80000] byte_map_base: 0x00b51000

Polling page: 0x00190000

CodeCache: size=32768Kb used=3399Kb max_used=3399Kb free=29368Kb
 bounds [0x01cf0000, 0x02048000, 0x03cf0000]
 total_blobs=1771 nmethods=1624 adapters=77
 compilation: enabled

Compilation events (10 events):
Event: 4.315 Thread 0x4442b000 1622             java.util.concurrent.FutureTask::report (37 bytes)
Event: 4.315 Thread 0x4442b000 nmethod 1622 0x02040e88 code [0x02040fa0, 0x02041128]
Event: 4.331 Thread 0x4442b000 1623   !         com.android.dx.cf.attrib.AttInnerClasses::<init> (43 bytes)
Event: 4.331 Thread 0x4442b000 nmethod 1623 0x02041248 code [0x02041360, 0x02041528]
Event: 4.332 Thread 0x4442b000 1624             com.android.dx.cf.attrib.AttInnerClasses::byteLength (14 bytes)
Event: 4.332 Thread 0x4442b000 nmethod 1624 0x02041688 code [0x02041780, 0x02041810]
Event: 4.361 Thread 0x4442b000 1625             java.util.concurrent.locks.AbstractQueuedSynchronizer::shouldParkAfterFailedAcquire (50 bytes)
Event: 4.361 Thread 0x4442b000 nmethod 1625 0x020418c8 code [0x020419c0, 0x02041ad0]
Event: 4.483 Thread 0x4442b000 1626             java.util.concurrent.ConcurrentHashMap::sumCount (48 bytes)
Event: 4.484 Thread 0x4442b000 nmethod 1626 0x02041bc8 code [0x02041cc0, 0x02041db0]

GC Heap History (10 events):
Event: 3.772 GC heap after
Heap after GC invocations=57 (full 5):
 def new generation   total 72576K, used 8064K [0x03e00000, 0x08cc0000, 0x19350000)
  eden space 64512K,   0% used [0x03e00000, 0x03e00000, 0x07d00000)
  from space 8064K, 100% used [0x084e0000, 0x08cc0000, 0x08cc0000)
  to   space 8064K,   0% used [0x07d00000, 0x07d00000, 0x084e0000)
 tenured generation   total 161192K, used 120414K [0x19350000, 0x230ba000, 0x43e00000)
   the space 161192K,  74% used [0x19350000, 0x208e7a20, 0x208e7c00, 0x230ba000)
 Metaspace       used 3552K, capacity 3598K, committed 3648K, reserved 4480K
}
Event: 3.883 GC heap before
{Heap before GC invocations=57 (full 5):
 def new generation   total 72576K, used 72576K [0x03e00000, 0x08cc0000, 0x19350000)
  eden space 64512K, 100% used [0x03e00000, 0x07d00000, 0x07d00000)
  from space 8064K, 100% used [0x084e0000, 0x08cc0000, 0x08cc0000)
  to   space 8064K,   0% used [0x07d00000, 0x07d00000, 0x084e0000)
 tenured generation   total 161192K, used 120414K [0x19350000, 0x230ba000, 0x43e00000)
   the space 161192K,  74% used [0x19350000, 0x208e7a20, 0x208e7c00, 0x230ba000)
 Metaspace       used 3552K, capacity 3598K, committed 3648K, reserved 4480K
Event: 3.932 GC heap after
Heap after GC invocations=58 (full 5):
 def new generation   total 72576K, used 8064K [0x03e00000, 0x08cc0000, 0x19350000)
  eden space 64512K,   0% used [0x03e00000, 0x03e00000, 0x07d00000)
  from space 8064K, 100% used [0x07d00000, 0x084e0000, 0x084e0000)
  to   space 8064K,   0% used [0x084e0000, 0x084e0000, 0x08cc0000)
 tenured generation   total 161192K, used 131313K [0x19350000, 0x230ba000, 0x43e00000)
   the space 161192K,  81% used [0x19350000, 0x2138c518, 0x2138c600, 0x230ba000)
 Metaspace       used 3552K, capacity 3598K, committed 3648K, reserved 4480K
}
Event: 4.060 GC heap before
{Heap before GC invocations=58 (full 5):
 def new generation   total 72576K, used 72576K [0x03e00000, 0x08cc0000, 0x19350000)
  eden space 64512K, 100% used [0x03e00000, 0x07d00000, 0x07d00000)
  from space 8064K, 100% used [0x07d00000, 0x084e0000, 0x084e0000)
  to   space 8064K,   0% used [0x084e0000, 0x084e0000, 0x08cc0000)
 tenured generation   total 161192K, used 131313K [0x19350000, 0x230ba000, 0x43e00000)
   the space 161192K,  81% used [0x19350000, 0x2138c518, 0x2138c600, 0x230ba000)
 Metaspace       used 3552K, capacity 3598K, committed 3648K, reserved 4480K
Event: 4.100 GC heap after
Heap after GC invocations=59 (full 5):
 def new generation   total 72576K, used 8064K [0x03e00000, 0x08cc0000, 0x19350000)
  eden space 64512K,   0% used [0x03e00000, 0x03e00000, 0x07d00000)
  from space 8064K, 100% used [0x084e0000, 0x08cc0000, 0x08cc0000)
  to   space 8064K,   0% used [0x07d00000, 0x07d00000, 0x084e0000)
 tenured generation   total 161192K, used 139871K [0x19350000, 0x230ba000, 0x43e00000)
   the space 161192K,  86% used [0x19350000, 0x21be7eb0, 0x21be8000, 0x230ba000)
 Metaspace       used 3552K, capacity 3598K, committed 3648K, reserved 4480K
}
Event: 4.205 GC heap before
{Heap before GC invocations=59 (full 5):
 def new generation   total 72576K, used 72576K [0x03e00000, 0x08cc0000, 0x19350000)
  eden space 64512K, 100% used [0x03e00000, 0x07d00000, 0x07d00000)
  from space 8064K, 100% used [0x084e0000, 0x08cc0000, 0x08cc0000)
  to   space 8064K,   0% used [0x07d00000, 0x07d00000, 0x084e0000)
 tenured generation   total 161192K, used 139871K [0x19350000, 0x230ba000, 0x43e00000)
   the space 161192K,  86% used [0x19350000, 0x21be7eb0, 0x21be8000, 0x230ba000)
 Metaspace       used 3552K, capacity 3598K, committed 3648K, reserved 4480K
Event: 4.250 GC heap after
Heap after GC invocations=60 (full 5):
 def new generation   total 72576K, used 8064K [0x03e00000, 0x08cc0000, 0x19350000)
  eden space 64512K,   0% used [0x03e00000, 0x03e00000, 0x07d00000)
  from space 8064K, 100% used [0x07d00000, 0x084e0000, 0x084e0000)
  to   space 8064K,   0% used [0x084e0000, 0x084e0000, 0x08cc0000)
 tenured generation   total 161192K, used 149712K [0x19350000, 0x230ba000, 0x43e00000)
   the space 161192K,  92% used [0x19350000, 0x22584268, 0x22584400, 0x230ba000)
 Metaspace       used 3552K, capacity 3598K, committed 3648K, reserved 4480K
}
Event: 4.373 GC heap before
{Heap before GC invocations=60 (full 5):
 def new generation   total 72576K, used 72576K [0x03e00000, 0x08cc0000, 0x19350000)
  eden space 64512K, 100% used [0x03e00000, 0x07d00000, 0x07d00000)
  from space 8064K, 100% used [0x07d00000, 0x084e0000, 0x084e0000)
  to   space 8064K,   0% used [0x084e0000, 0x084e0000, 0x08cc0000)
 tenured generation   total 161192K, used 149712K [0x19350000, 0x230ba000, 0x43e00000)
   the space 161192K,  92% used [0x19350000, 0x22584268, 0x22584400, 0x230ba000)
 Metaspace       used 3552K, capacity 3598K, committed 3648K, reserved 4480K
Event: 4.411 GC heap after
Heap after GC invocations=61 (full 5):
 def new generation   total 72576K, used 8064K [0x03e00000, 0x08cc0000, 0x19350000)
  eden space 64512K,   0% used [0x03e00000, 0x03e00000, 0x07d00000)
  from space 8064K, 100% used [0x084e0000, 0x08cc0000, 0x08cc0000)
  to   space 8064K,   0% used [0x07d00000, 0x07d00000, 0x084e0000)
 tenured generation   total 161192K, used 157424K [0x19350000, 0x230ba000, 0x43e00000)
   the space 161192K,  97% used [0x19350000, 0x22d0c2f0, 0x22d0c400, 0x230ba000)
 Metaspace       used 3552K, capacity 3598K, committed 3648K, reserved 4480K
}
Event: 4.546 GC heap before
{Heap before GC invocations=61 (full 5):
 def new generation   total 72576K, used 72576K [0x03e00000, 0x08cc0000, 0x19350000)
  eden space 64512K, 100% used [0x03e00000, 0x07d00000, 0x07d00000)
  from space 8064K, 100% used [0x084e0000, 0x08cc0000, 0x08cc0000)
  to   space 8064K,   0% used [0x07d00000, 0x07d00000, 0x084e0000)
 tenured generation   total 161192K, used 157424K [0x19350000, 0x230ba000, 0x43e00000)
   the space 161192K,  97% used [0x19350000, 0x22d0c2f0, 0x22d0c400, 0x230ba000)
 Metaspace       used 3552K, capacity 3598K, committed 3648K, reserved 4480K

Deoptimization events (0 events):
No events

Internal exceptions (5 events):
Event: 0.028 Thread 0x00a6bc00 Exception <a 'java/lang/NoSuchMethodError': Method sun.misc.Unsafe.defineClass(Ljava/lang/String;[BII)Ljava/lang/Class; name or signature does not match> (0x03e06ea8) thrown at [C:\re\workspace\8-2-build-windows-i586-cygwin\jdk8u101\7261\hotspot\src\share\Ì
ÓU§Pú?
Event: 0.028 Thread 0x00a6bc00 Exception <a 'java/lang/NoSuchMethodError': Method sun.misc.Unsafe.prefetchRead(Ljava/lang/Object;J)V name or signature does not match> (0x03e07178) thrown at [C:\re\workspace\8-2-build-windows-i586-cygwin\jdk8u101\7261\hotspot\src\share\vm\prims\jni.cpp, 
ö;FÈ?
Event: 0.790 Thread 0x44553800 Exception <a 'java/lang/ArrayIndexOutOfBoundsException': 18> (0x03fd4080) thrown at [C:\re\workspace\8-2-build-windows-i586-cygwin\jdk8u101\7261\hotspot\src\share\vm\interpreter\interpreterRuntime.cpp, line 366]
Event: 0.790 Thread 0x44553800 Exception <a 'java/lang/ArrayIndexOutOfBoundsException': 145> (0x03fd5920) thrown at [C:\re\workspace\8-2-build-windows-i586-cygwin\jdk8u101\7261\hotspot\src\share\vm\interpreter\interpreterRuntime.cpp, line 366]
Event: 0.791 Thread 0x44553800 Exception <a 'java/lang/ArrayIndexOutOfBoundsException': 40> (0x03fd6a00) thrown at [C:\re\workspace\8-2-build-windows-i586-cygwin\jdk8u101\7261\hotspot\src\share\vm\interpreter\interpreterRuntime.cpp, line 366]

Events (10 events):
Event: 4.479 Executing VM operation: RevokeBias done
Event: 4.479 Executing VM operation: RevokeBias
Event: 4.479 Executing VM operation: RevokeBias done
Event: 4.481 Executing VM operation: RevokeBias
Event: 4.481 Executing VM operation: RevokeBias done
Event: 4.483 Executing VM operation: RevokeBias
Event: 4.484 Executing VM operation: RevokeBias done
Event: 4.486 Executing VM operation: BulkRevokeBias
Event: 4.488 Executing VM operation: BulkRevokeBias done
Event: 4.546 Executing VM operation: GenCollectForAllocation


Dynamic libraries:
0x00de0000 - 0x00e13000 	C:\Program Files\Java\jdk1.8.0_101\bin\java.exe
0x778f0000 - 0x77a2c000 	C:\Windows\SYSTEM32\ntdll.dll
0x761c0000 - 0x76294000 	C:\Windows\system32\kernel32.dll
0x75be0000 - 0x75c2a000 	C:\Windows\system32\KERNELBASE.dll
0x75e50000 - 0x75ef0000 	C:\Windows\system32\ADVAPI32.dll
0x75da0000 - 0x75e4c000 	C:\Windows\system32\msvcrt.dll
0x77a30000 - 0x77a49000 	C:\Windows\SYSTEM32\sechost.dll
0x76500000 - 0x765a1000 	C:\Windows\system32\RPCRT4.dll
0x76080000 - 0x76149000 	C:\Windows\system32\USER32.dll
0x76af0000 - 0x76b3e000 	C:\Windows\system32\GDI32.dll
0x77a50000 - 0x77a5a000 	C:\Windows\system32\LPK.dll
0x77a80000 - 0x77b1d000 	C:\Windows\system32\USP10.dll
0x747b0000 - 0x7494e000 	C:\Windows\WinSxS\x86_microsoft.windows.common-controls_6595b64144ccf1df_6.0.7600.16385_none_421189da2b7fabfc\COMCTL32.dll
0x76150000 - 0x761a7000 	C:\Windows\system32\SHLWAPI.dll
0x765b0000 - 0x765cf000 	C:\Windows\system32\IMM32.DLL
0x75ef0000 - 0x75fbc000 	C:\Windows\system32\MSCTF.dll
0x651d0000 - 0x6528f000 	C:\Program Files\Java\jdk1.8.0_101\jre\bin\msvcr100.dll
0x64e00000 - 0x651cc000 	C:\Program Files\Java\jdk1.8.0_101\jre\bin\client\jvm.dll
0x70f60000 - 0x70f67000 	C:\Windows\system32\WSOCK32.dll
0x763e0000 - 0x76415000 	C:\Windows\system32\WS2_32.dll
0x761b0000 - 0x761b6000 	C:\Windows\system32\NSI.dll
0x71540000 - 0x71572000 	C:\Windows\system32\WINMM.dll
0x74d80000 - 0x74d89000 	C:\Windows\system32\VERSION.dll
0x77a70000 - 0x77a75000 	C:\Windows\system32\PSAPI.DLL
0x73320000 - 0x7332c000 	C:\Program Files\Java\jdk1.8.0_101\jre\bin\verify.dll
0x65560000 - 0x65581000 	C:\Program Files\Java\jdk1.8.0_101\jre\bin\java.dll
0x65540000 - 0x65553000 	C:\Program Files\Java\jdk1.8.0_101\jre\bin\zip.dll
0x76ca0000 - 0x778e9000 	C:\Windows\system32\SHELL32.dll
0x76b40000 - 0x76c9c000 	C:\Windows\system32\ole32.dll
0x75a40000 - 0x75a4b000 	C:\Windows\system32\profapi.dll
0x73760000 - 0x7384b000 	C:\Windows\system32\dbghelp.dll

VM Arguments:
jvm_args: -Djava.awt.headless=true -Xmx1024M -Dfile.encoding=windows-1252 -Duser.country=US -Duser.language=en -Duser.variant 
java_command: com.android.dx.command.Main --dex --num-threads=4 --multi-dex --main-dex-list E:\SandeepProjectResources\MobipugNew\MobipugSource\app\build\intermediates\multi-dex\debug\maindexlist.txt --output E:\SandeepProjectResources\MobipugNew\MobipugSource\app\build\intermediates\transforms\dex\debug\folders\1000\1f\main E:\SandeepProjectResources\MobipugNew\MobipugSource\app\build\intermediates\transforms\jarMerging\debug\jars\1\1f\combined.jar
java_class_path (initial): C:\Users\android-4\AppData\Local\Android\Sdk\build-tools\26.0.2\lib\dx.jar
Launcher Type: SUN_STANDARD

Environment Variables:
PATH=C:\ProgramData\Oracle\Java\javapath;C:\Windows\system32;C:\Windows;C:\Windows\System32\Wbem;C:\Windows\System32\WindowsPowerShell\v1.0\;C:\Program Files\Intel\OpenCL SDK\2.0\bin\x86;C:\Program Files\Skype\Phone\
USERNAME=android-4
OS=Windows_NT
PROCESSOR_IDENTIFIER=x86 Family 6 Model 42 Stepping 7, GenuineIntel



---------------  S Y S T E M  ---------------

OS: Windows 7 Build 7600 (6.1.7600.16385)

CPU:total 4 (2 cores per cpu, 2 threads per core) family 6 model 42 stepping 7, cmov, cx8, fxsr, mmx, sse, sse2, sse3, ssse3, sse4.1, sse4.2, popcnt, clmul, ht, tsc, tscinvbit

Memory: 4k page, physical 3578328k(332472k free), swap 24056564k(19206924k free)

vm_info: Java HotSpot(TM) Client VM (25.101-b13) for windows-x86 JRE (1.8.0_101-b13), built on Jun 22 2016 00:45:44 by "java_re" with MS VC++ 10.0 (VS2010)

time: Mon Oct 22 18:13:09 2018
elapsed time: 4 seconds (0d 0h 0m 4s)

