#
# A fatal error has been detected by the Java Runtime Environment:
#
#  EXCEPTION_ACCESS_VIOLATION (0xc0000005) at pc=0x504d4da9, pid=4312, tid=0x00001784
#
# JRE version: Java(TM) SE Runtime Environment (8.0_101-b13) (build 1.8.0_101-b13)
# Java VM: Java HotSpot(TM) Client VM (25.101-b13 mixed mode windows-x86 )
# Problematic frame:
# V  [jvm.dll+0x1b4da9]
#
# Failed to write core dump. Minidumps are not enabled by default on client versions of Windows
#
# If you would like to submit a bug report, please visit:
#   http://bugreport.java.com/bugreport/crash.jsp
#

---------------  T H R E A D  ---------------

Current thread (0x443ea800):  VMThread [stack: 0x01820000,0x01870000] [id=6020]

siginfo: ExceptionCode=0xc0000005, reading address 0x00000089

Registers:
EAX=0x2e1520d8, EBX=0x44d13f54, ECX=0x43f702a8, EDX=0x00000001
ESP=0x0186f280, EBP=0x0186f298, ESI=0x44d13f50, EDI=0x506894cc
EIP=0x504d4da9, EFLAGS=0x00010206

Top of Stack: (sp=0x0186f280)
0x0186f280:   2e1520d8 506894cc 44d13f50 44d13f54
0x0186f290:   506894cc 44d13f50 0186f2a4 504d4fac
0x0186f2a0:   00000003 0186f2c0 5047883a 44d13f50
0x0186f2b0:   44e8c400 506894cc 00000000 444d6ee0
0x0186f2c0:   0186f4a8 50499eef 506894cc 00000002
0x0186f2d0:   44e8c400 00000000 00000000 00000000
0x0186f2e0:   00000000 0186f534 0186f35c 00000012
0x0186f2f0:   0186f520 506894f0 0186f5a4 ffffffff 

Instructions: (pc=0x504d4da9)
0x504d4d89:   23 f0 29 35 50 94 68 50 a3 4c 94 68 50 8b c7 eb
0x504d4d99:   09 48 a3 4c 94 68 50 8b 04 81 8b 48 04 8b 11 50
0x504d4da9:   8b 82 88 00 00 00 ff d0 8b 0d 58 94 68 50 85 c9
0x504d4db9:   0f 85 51 ff ff ff a1 7c 94 68 50 85 c0 0f 84 b8 


Register to memory mapping:

EAX=
[error occurred during error reporting (printing register info), id 0xc0000005]

Stack: [0x01820000,0x01870000],  sp=0x0186f280,  free space=316k
Native frames: (J=compiled Java code, j=interpreted, Vv=VM code, C=native code)
V  [jvm.dll+0x1b4da9]
V  [jvm.dll+0x1b4fac]
V  [jvm.dll+0x15883a]
V  [jvm.dll+0x179eef]
V  [jvm.dll+0x1789ea]
V  [jvm.dll+0x97fb0]
V  [jvm.dll+0x992a1]
V  [jvm.dll+0x9b020]
V  [jvm.dll+0x9b489]
V  [jvm.dll+0x9a27f]
V  [jvm.dll+0xa64b2]
V  [jvm.dll+0x98e73]
V  [jvm.dll+0x92e25]
V  [jvm.dll+0x1b81c6]
V  [jvm.dll+0x18292b]
V  [jvm.dll+0x181d31]
V  [jvm.dll+0x182147]
V  [jvm.dll+0x182342]
V  [jvm.dll+0x1c1ed6]
C  [msvcr100.dll+0x5c556]
C  [msvcr100.dll+0x5c600]
C  [kernel32.dll+0x51174]
C  [ntdll.dll+0x5b3f5]
C  [ntdll.dll+0x5b3c8]

VM_Operation (0x4697ee14): GenCollectForAllocation, mode: safepoint, requested by thread 0x44e8c400


---------------  P R O C E S S  ---------------

Java Threads: ( => current thread )
  0x44e8c400 JavaThread "pool-1-thread-1" [_thread_blocked, id=1836, stack(0x46930000,0x46980000)]
  0x445ba400 JavaThread "pool-2-thread-4" [_thread_blocked, id=1800, stack(0x44a40000,0x44a90000)]
  0x445b9c00 JavaThread "pool-2-thread-3" [_thread_blocked, id=3736, stack(0x44c00000,0x44c50000)]
  0x445bec00 JavaThread "pool-2-thread-2" [_thread_blocked, id=5000, stack(0x44b40000,0x44b90000)]
  0x445be400 JavaThread "pool-3-thread-1" [_thread_blocked, id=4580, stack(0x01360000,0x013b0000)]
  0x44585800 JavaThread "pool-2-thread-1" [_thread_blocked, id=4708, stack(0x44960000,0x449b0000)]
  0x4444dc00 JavaThread "Service Thread" daemon [_thread_blocked, id=4492, stack(0x445d0000,0x44620000)]
  0x4443a000 JavaThread "C1 CompilerThread0" daemon [_thread_blocked, id=4112, stack(0x449f0000,0x44a40000)]
  0x44439000 JavaThread "Attach Listener" daemon [_thread_blocked, id=4832, stack(0x44870000,0x448c0000)]
  0x44436000 JavaThread "Signal Dispatcher" daemon [_thread_blocked, id=1352, stack(0x44900000,0x44950000)]
  0x44416c00 JavaThread "Finalizer" daemon [_thread_blocked, id=5996, stack(0x44660000,0x446b0000)]
  0x443f0400 JavaThread "Reference Handler" daemon [_thread_blocked, id=5888, stack(0x446c0000,0x44710000)]
  0x0035bc00 JavaThread "main" [_thread_blocked, id=2832, stack(0x002e0000,0x00330000)]

Other Threads:
=>0x443ea800 VMThread [stack: 0x01820000,0x01870000] [id=6020]
  0x4442f400 WatcherThread [stack: 0x44ad0000,0x44b20000] [id=5632]

VM state:at safepoint (normal execution)

VM Mutex/Monitor currently owned by a thread:  ([mutex/lock_event])
[0x0035a230] Threads_lock - owner thread: 0x443ea800
[0x0035a640] Heap_lock - owner thread: 0x44e8c400

Heap:
 def new generation   total 314560K, used 314560K [0x03c00000, 0x19150000, 0x19150000)
  eden space 279616K, 100% used [0x03c00000, 0x14d10000, 0x14d10000)
  from space 34944K, 100% used [0x14d10000, 0x16f30000, 0x16f30000)
  to   space 34944K,   0% used [0x16f30000, 0x16f30000, 0x19150000)
 tenured generation   total 699072K, used 699072K [0x19150000, 0x43c00000, 0x43c00000)
   the space 699072K, 100% used [0x19150000, 0x43c00000, 0x43c00000, 0x43c00000)
 Metaspace       used 3578K, capacity 3598K, committed 3648K, reserved 4480K

Card table byte_map: [0x43c00000,0x43e10000] byte_map_base: 0x43be2000

Polling page: 0x00150000

CodeCache: size=32768Kb used=3768Kb max_used=3768Kb free=28999Kb
 bounds [0x01bc0000, 0x01f70000, 0x03bc0000]
 total_blobs=1985 nmethods=1838 adapters=77
 compilation: enabled

Compilation events (10 events):
Event: 31.570 Thread 0x4443a000 1849             com.android.dx.rop.code.BasicBlockList$RegCountVisitor::visitFillArrayDataInsn (6 bytes)
Event: 31.570 Thread 0x4443a000 nmethod 1849 0x01f6db08 code [0x01f6dc00, 0x01f6dc8c]
Event: 31.744 Thread 0x4443a000 1850             com.android.dx.cf.code.BasicBlocker::getPreviousOffset (5 bytes)
Event: 31.744 Thread 0x4443a000 nmethod 1850 0x01f6dd08 code [0x01f6de00, 0x01f6de80]
Event: 31.744 Thread 0x4443a000 1851             com.android.dx.cf.code.BasicBlocker::visitNewarray (15 bytes)
Event: 31.744 Thread 0x4443a000 nmethod 1851 0x01f6dec8 code [0x01f6dfe0, 0x01f6e0e8]
Event: 31.746 Thread 0x4443a000 1852             com.android.dx.cf.code.Simulator$SimVisitor::getPreviousOffset (5 bytes)
Event: 31.746 Thread 0x4443a000 nmethod 1852 0x01f6e288 code [0x01f6e380, 0x01f6e400]
Event: 31.746 Thread 0x4443a000 1853             com.android.dx.cf.code.Simulator$SimVisitor::visitNewarray (55 bytes)
Event: 31.747 Thread 0x4443a000 nmethod 1853 0x01f6e448 code [0x01f6e580, 0x01f6e774]

GC Heap History (10 events):
Event: 23.936 GC heap after
Heap after GC invocations=103 (full 10):
 def new generation   total 314560K, used 0K [0x03c00000, 0x19150000, 0x19150000)
  eden space 279616K,   0% used [0x03c00000, 0x03c00000, 0x14d10000)
  from space 34944K,   0% used [0x14d10000, 0x14d10000, 0x16f30000)
  to   space 34944K,   0% used [0x16f30000, 0x16f30000, 0x19150000)
 tenured generation   total 699072K, used 632946K [0x19150000, 0x43c00000, 0x43c00000)
   the space 699072K,  90% used [0x19150000, 0x3fb6cad8, 0x3fb6cc00, 0x43c00000)
 Metaspace       used 3550K, capacity 3598K, committed 3648K, reserved 4480K
}
Event: 25.201 GC heap before
{Heap before GC invocations=103 (full 10):
 def new generation   total 314560K, used 279616K [0x03c00000, 0x19150000, 0x19150000)
  eden space 279616K, 100% used [0x03c00000, 0x14d10000, 0x14d10000)
  from space 34944K,   0% used [0x14d10000, 0x14d10000, 0x16f30000)
  to   space 34944K,   0% used [0x16f30000, 0x16f30000, 0x19150000)
 tenured generation   total 699072K, used 632946K [0x19150000, 0x43c00000, 0x43c00000)
   the space 699072K,  90% used [0x19150000, 0x3fb6cad8, 0x3fb6cc00, 0x43c00000)
 Metaspace       used 3550K, capacity 3598K, committed 3648K, reserved 4480K
Event: 25.262 GC heap after
Heap after GC invocations=104 (full 10):
 def new generation   total 314560K, used 24807K [0x03c00000, 0x19150000, 0x19150000)
  eden space 279616K,   0% used [0x03c00000, 0x03c00000, 0x14d10000)
  from space 34944K,  70% used [0x16f30000, 0x18769fc0, 0x19150000)
  to   space 34944K,   0% used [0x14d10000, 0x14d10000, 0x16f30000)
 tenured generation   total 699072K, used 632946K [0x19150000, 0x43c00000, 0x43c00000)
   the space 699072K,  90% used [0x19150000, 0x3fb6cad8, 0x3fb6cc00, 0x43c00000)
 Metaspace       used 3550K, capacity 3598K, committed 3648K, reserved 4480K
}
Event: 25.750 GC heap before
{Heap before GC invocations=104 (full 10):
 def new generation   total 314560K, used 304423K [0x03c00000, 0x19150000, 0x19150000)
  eden space 279616K, 100% used [0x03c00000, 0x14d10000, 0x14d10000)
  from space 34944K,  70% used [0x16f30000, 0x18769fc0, 0x19150000)
  to   space 34944K,   0% used [0x14d10000, 0x14d10000, 0x16f30000)
 tenured generation   total 699072K, used 632946K [0x19150000, 0x43c00000, 0x43c00000)
   the space 699072K,  90% used [0x19150000, 0x3fb6cad8, 0x3fb6cc00, 0x43c00000)
 Metaspace       used 3550K, capacity 3598K, committed 3648K, reserved 4480K
Event: 25.910 GC heap after
Heap after GC invocations=105 (full 10):
 def new generation   total 314560K, used 34944K [0x03c00000, 0x19150000, 0x19150000)
  eden space 279616K,   0% used [0x03c00000, 0x03c00000, 0x14d10000)
  from space 34944K, 100% used [0x14d10000, 0x16f30000, 0x16f30000)
  to   space 34944K,   0% used [0x16f30000, 0x16f30000, 0x19150000)
 tenured generation   total 699072K, used 664417K [0x19150000, 0x43c00000, 0x43c00000)
   the space 699072K,  95% used [0x19150000, 0x41a28548, 0x41a28600, 0x43c00000)
 Metaspace       used 3550K, capacity 3598K, committed 3648K, reserved 4480K
}
Event: 26.401 GC heap before
{Heap before GC invocations=105 (full 10):
 def new generation   total 314560K, used 314560K [0x03c00000, 0x19150000, 0x19150000)
  eden space 279616K, 100% used [0x03c00000, 0x14d10000, 0x14d10000)
  from space 34944K, 100% used [0x14d10000, 0x16f30000, 0x16f30000)
  to   space 34944K,   0% used [0x16f30000, 0x16f30000, 0x19150000)
 tenured generation   total 699072K, used 664417K [0x19150000, 0x43c00000, 0x43c00000)
   the space 699072K,  95% used [0x19150000, 0x41a28548, 0x41a28600, 0x43c00000)
 Metaspace       used 3550K, capacity 3598K, committed 3648K, reserved 4480K
Event: 28.173 GC heap after
Heap after GC invocations=106 (full 11):
 def new generation   total 314560K, used 40772K [0x03c00000, 0x19150000, 0x19150000)
  eden space 279616K,  14% used [0x03c00000, 0x063d11b0, 0x14d10000)
  from space 34944K,   0% used [0x14d10000, 0x14d10000, 0x16f30000)
  to   space 34944K,   0% used [0x16f30000, 0x16f30000, 0x19150000)
 tenured generation   total 699072K, used 699072K [0x19150000, 0x43c00000, 0x43c00000)
   the space 699072K, 100% used [0x19150000, 0x43c00000, 0x43c00000, 0x43c00000)
 Metaspace       used 3550K, capacity 3598K, committed 3648K, reserved 4480K
}
Event: 28.930 GC heap before
{Heap before GC invocations=106 (full 11):
 def new generation   total 314560K, used 314559K [0x03c00000, 0x19150000, 0x19150000)
  eden space 279616K, 100% used [0x03c00000, 0x14d10000, 0x14d10000)
  from space 34944K,  99% used [0x14d10000, 0x16f2fff0, 0x16f30000)
  to   space 34944K,   0% used [0x16f30000, 0x16f30000, 0x19150000)
 tenured generation   total 699072K, used 699072K [0x19150000, 0x43c00000, 0x43c00000)
   the space 699072K, 100% used [0x19150000, 0x43c00000, 0x43c00000, 0x43c00000)
 Metaspace       used 3568K, capacity 3598K, committed 3648K, reserved 4480K
Event: 31.140 GC heap after
Heap after GC invocations=107 (full 12):
 def new generation   total 314560K, used 38143K [0x03c00000, 0x19150000, 0x19150000)
  eden space 279616K,  13% used [0x03c00000, 0x0613fe08, 0x14d10000)
  from space 34944K,   0% used [0x14d10000, 0x14d10000, 0x16f30000)
  to   space 34944K,   0% used [0x16f30000, 0x16f30000, 0x19150000)
 tenured generation   total 699072K, used 699072K [0x19150000, 0x43c00000, 0x43c00000)
   the space 699072K, 100% used [0x19150000, 0x43c00000, 0x43c00000, 0x43c00000)
 Metaspace       used 3568K, capacity 3598K, committed 3648K, reserved 4480K
}
Event: 31.898 GC heap before
{Heap before GC invocations=107 (full 12):
 def new generation   total 314560K, used 314560K [0x03c00000, 0x19150000, 0x19150000)
  eden space 279616K, 100% used [0x03c00000, 0x14d10000, 0x14d10000)
  from space 34944K, 100% used [0x14d10000, 0x16f30000, 0x16f30000)
  to   space 34944K,   0% used [0x16f30000, 0x16f30000, 0x19150000)
 tenured generation   total 699072K, used 699072K [0x19150000, 0x43c00000, 0x43c00000)
   the space 699072K, 100% used [0x19150000, 0x43c00000, 0x43c00000, 0x43c00000)
 Metaspace       used 3578K, capacity 3598K, committed 3648K, reserved 4480K

Deoptimization events (0 events):
No events

Internal exceptions (5 events):
Event: 0.173 Thread 0x0035bc00 Exception <a 'java/lang/NoSuchMethodError': Method sun.misc.Unsafe.defineClass(Ljava/lang/String;[BII)Ljava/lang/Class; name or signature does not match> (0x03c06ea8) thrown at [C:\re\workspace\8-2-build-windows-i586-cygwin\jdk8u101\7261\hotspot\src\share\êç¸•*Æ?
Event: 0.173 Thread 0x0035bc00 Exception <a 'java/lang/NoSuchMethodError': Method sun.misc.Unsafe.prefetchRead(Ljava/lang/Object;J)V name or signature does not match> (0x03c07178) thrown at [C:\re\workspace\8-2-build-windows-i586-cygwin\jdk8u101\7261\hotspot\src\share\vm\prims\jni.cpp, xˆy”V¬÷?
Event: 1.480 Thread 0x445ba400 Exception <a 'java/lang/ArrayIndexOutOfBoundsException': 18> (0x03e0db40) thrown at [C:\re\workspace\8-2-build-windows-i586-cygwin\jdk8u101\7261\hotspot\src\share\vm\interpreter\interpreterRuntime.cpp, line 366]
Event: 1.480 Thread 0x445ba400 Exception <a 'java/lang/ArrayIndexOutOfBoundsException': 145> (0x03e49b90) thrown at [C:\re\workspace\8-2-build-windows-i586-cygwin\jdk8u101\7261\hotspot\src\share\vm\interpreter\interpreterRuntime.cpp, line 366]
Event: 1.492 Thread 0x445ba400 Exception <a 'java/lang/ArrayIndexOutOfBoundsException': 40> (0x03e4ac70) thrown at [C:\re\workspace\8-2-build-windows-i586-cygwin\jdk8u101\7261\hotspot\src\share\vm\interpreter\interpreterRuntime.cpp, line 366]

Events (10 events):
Event: 28.434 loading class com/android/dx/rop/cst/Zeroes done
Event: 28.930 Executing VM operation: GenCollectForAllocation
Event: 31.140 Executing VM operation: GenCollectForAllocation done
Event: 31.165 loading class java/util/HashMap$KeySet
Event: 31.215 loading class java/util/HashMap$KeySet done
Event: 31.215 loading class java/util/HashMap$KeyIterator
Event: 31.215 loading class java/util/HashMap$KeyIterator done
Event: 31.236 loading class com/android/dx/dex/file/CatchStructs
Event: 31.236 loading class com/android/dx/dex/file/CatchStructs done
Event: 31.898 Executing VM operation: GenCollectForAllocation


Dynamic libraries:
0x013b0000 - 0x013e3000 	C:\Program Files\Java\jdk1.8.0_101\bin\java.exe
0x77b90000 - 0x77ccc000 	C:\Windows\SYSTEM32\ntdll.dll
0x760c0000 - 0x76194000 	C:\Windows\system32\kernel32.dll
0x75d60000 - 0x75daa000 	C:\Windows\system32\KERNELBASE.dll
0x76440000 - 0x764e0000 	C:\Windows\system32\ADVAPI32.dll
0x76870000 - 0x7691c000 	C:\Windows\system32\msvcrt.dll
0x77940000 - 0x77959000 	C:\Windows\SYSTEM32\sechost.dll
0x76270000 - 0x76311000 	C:\Windows\system32\RPCRT4.dll
0x77960000 - 0x77a29000 	C:\Windows\system32\USER32.dll
0x75fe0000 - 0x7602e000 	C:\Windows\system32\GDI32.dll
0x76920000 - 0x7692a000 	C:\Windows\system32\LPK.dll
0x761d0000 - 0x7626d000 	C:\Windows\system32\USP10.dll
0x749f0000 - 0x74b8e000 	C:\Windows\WinSxS\x86_microsoft.windows.common-controls_6595b64144ccf1df_6.0.7600.16385_none_421189da2b7fabfc\COMCTL32.dll
0x76730000 - 0x76787000 	C:\Windows\system32\SHLWAPI.dll
0x76320000 - 0x7633f000 	C:\Windows\system32\IMM32.DLL
0x76790000 - 0x7685c000 	C:\Windows\system32\MSCTF.dll
0x69820000 - 0x698df000 	C:\Program Files\Java\jdk1.8.0_101\jre\bin\msvcr100.dll
0x50320000 - 0x506ec000 	C:\Program Files\Java\jdk1.8.0_101\jre\bin\client\jvm.dll
0x71290000 - 0x71297000 	C:\Windows\system32\WSOCK32.dll
0x77cd0000 - 0x77d05000 	C:\Windows\system32\WS2_32.dll
0x76860000 - 0x76866000 	C:\Windows\system32\NSI.dll
0x71490000 - 0x714c2000 	C:\Windows\system32\WINMM.dll
0x75020000 - 0x75029000 	C:\Windows\system32\VERSION.dll
0x77da0000 - 0x77da5000 	C:\Windows\system32\PSAPI.DLL
0x62550000 - 0x6255c000 	C:\Program Files\Java\jdk1.8.0_101\jre\bin\verify.dll
0x62520000 - 0x62541000 	C:\Program Files\Java\jdk1.8.0_101\jre\bin\java.dll
0x62500000 - 0x62513000 	C:\Program Files\Java\jdk1.8.0_101\jre\bin\zip.dll
0x76a70000 - 0x776b9000 	C:\Windows\system32\SHELL32.dll
0x77a30000 - 0x77b8c000 	C:\Windows\system32\ole32.dll
0x75ce0000 - 0x75ceb000 	C:\Windows\system32\profapi.dll
0x739f0000 - 0x73adb000 	C:\Windows\system32\dbghelp.dll

VM Arguments:
jvm_args: -Djava.awt.headless=true -Xmx1024M -Dfile.encoding=windows-1252 -Duser.country=US -Duser.language=en -Duser.variant 
java_command: com.android.dx.command.Main --dex --num-threads=4 --multi-dex --main-dex-list E:\SandeepProjectResources\MobipugNew\Mobipug27.10.18\MobipugSource\app\build\intermediates\multi-dex\debug\maindexlist.txt --output E:\SandeepProjectResources\MobipugNew\Mobipug27.10.18\MobipugSource\app\build\intermediates\transforms\dex\debug\folders\1000\1f\main E:\SandeepProjectResources\MobipugNew\Mobipug27.10.18\MobipugSource\app\build\intermediates\transforms\jarMerging\debug\jars\1\1f\combined.jar
java_class_path (initial): C:\Users\android-4\AppData\Local\Android\Sdk\build-tools\26.0.2\lib\dx.jar
Launcher Type: SUN_STANDARD

Environment Variables:
PATH=C:\ProgramData\Oracle\Java\javapath;C:\Windows\system32;C:\Windows;C:\Windows\System32\Wbem;C:\Windows\System32\WindowsPowerShell\v1.0\;C:\Program Files\Intel\OpenCL SDK\2.0\bin\x86;C:\Program Files\Skype\Phone\
USERNAME=android-4
OS=Windows_NT
PROCESSOR_IDENTIFIER=x86 Family 6 Model 42 Stepping 7, GenuineIntel



---------------  S Y S T E M  ---------------

OS: Windows 7 Build 7600 (6.1.7600.16385)

CPU:total 4 (2 cores per cpu, 2 threads per core) family 6 model 42 stepping 7, cmov, cx8, fxsr, mmx, sse, sse2, sse3, ssse3, sse4.1, sse4.2, popcnt, clmul, ht, tsc, tscinvbit

Memory: 4k page, physical 3578328k(122676k free), swap 24056564k(19427156k free)

vm_info: Java HotSpot(TM) Client VM (25.101-b13) for windows-x86 JRE (1.8.0_101-b13), built on Jun 22 2016 00:45:44 by "java_re" with MS VC++ 10.0 (VS2010)

time: Thu Nov 08 11:18:55 2018
elapsed time: 32 seconds (0d 0h 0m 32s)

