#
# A fatal error has been detected by the Java Runtime Environment:
#
#  EXCEPTION_ACCESS_VIOLATION (0xc0000005) at pc=0x014fb8f8, pid=2300, tid=0x00000d60
#
# JRE version: Java(TM) SE Runtime Environment (8.0_101-b13) (build 1.8.0_101-b13)
# Java VM: Java HotSpot(TM) Client VM (25.101-b13 mixed mode windows-x86 )
# Problematic frame:
# C  0x014fb8f8
#
# Failed to write core dump. Minidumps are not enabled by default on client versions of Windows
#
# If you would like to submit a bug report, please visit:
#   http://bugreport.java.com/bugreport/crash.jsp
#

---------------  T H R E A D  ---------------

Current thread (0x443ea800):  VMThread [stack: 0x01460000,0x014b0000] [id=3424]

siginfo: ExceptionCode=0xc0000005, ExceptionInformation=0x00000008 0x014fb8f8

Registers:
EAX=0x014fb8f8, EBX=0x44b66570, ECX=0x43fedb08, EDX=0x43feb748
ESP=0x014aefdc, EBP=0x014aeff8, ESI=0x44b66568, EDI=0x51ad94cc
EIP=0x014fb8f8, EFLAGS=0x00010202

Top of Stack: (sp=0x014aefdc)
0x014aefdc:   51924db1 311c50d8 51ad94cc 44b66568
0x014aefec:   44b66570 51ad94cc 44b66568 014af004
0x014aeffc:   51924fac 00000003 014af020 518c883a
0x014af00c:   44b66568 44bea000 51ad94cc 00000000
0x014af01c:   44a66920 014af208 518e9eef 51ad94cc
0x014af02c:   00000002 44bea000 00000000 00000000
0x014af03c:   00000000 00000000 014af294 014af0bc
0x014af04c:   00000012 014af280 51ad94f0 014af304 

Instructions: (pc=0x014fb8f8)
0x014fb8d8:   03 00 ff ff d6 ee f0 6e 28 29 56 00 00 00 00 00
0x014fb8e8:   03 00 ff ff 81 5c d0 0b 28 29 5a 00 00 00 00 00
0x014fb8f8:   03 00 ff ff 36 1f 69 1c 28 29 42 00 00 00 00 00
0x014fb908:   03 00 ff ff cc 20 80 39 28 29 43 00 00 00 00 00 


Register to memory mapping:

EAX=0x014fb8f8 is an unknown value
EBX=0x44b66570 is an unknown value
ECX=0x43fedb08 is pointing into metadata
EDX=0x43feb748 is pointing into metadata
ESP=0x014aefdc is an unknown value
EBP=0x014aeff8 is an unknown value
ESI=0x44b66568 is an unknown value
EDI=0x51ad94cc is an unknown value


Stack: [0x01460000,0x014b0000],  sp=0x014aefdc,  free space=315k
Native frames: (J=compiled Java code, j=interpreted, Vv=VM code, C=native code)
C  0x014fb8f8
V  [jvm.dll+0x1b4fac]
V  [jvm.dll+0x15883a]
V  [jvm.dll+0x179eef]
V  [jvm.dll+0x1789ea]
V  [jvm.dll+0x97fb0]
V  [jvm.dll+0x992a1]
V  [jvm.dll+0x9b020]
V  [jvm.dll+0x9b489]
V  [jvm.dll+0x9a27f]
V  [jvm.dll+0xa64b2]
V  [jvm.dll+0x98e73]
V  [jvm.dll+0x92e25]
V  [jvm.dll+0x1b81c6]
V  [jvm.dll+0x18292b]
V  [jvm.dll+0x181d31]
V  [jvm.dll+0x182147]
V  [jvm.dll+0x182342]
V  [jvm.dll+0x1c1ed6]
C  [msvcr100.dll+0x5c556]
C  [msvcr100.dll+0x5c600]
C  [kernel32.dll+0x51174]
C  [ntdll.dll+0x5b3f5]
C  [ntdll.dll+0x5b3c8]

VM_Operation (0x4499eab4): GenCollectForAllocation, mode: safepoint, requested by thread 0x445be000


---------------  P R O C E S S  ---------------

Java Threads: ( => current thread )
  0x44bea000 JavaThread "pool-1-thread-1" [_thread_blocked, id=1416, stack(0x017c0000,0x01810000)]
  0x445cfc00 JavaThread "pool-3-thread-1" [_thread_blocked, id=4628, stack(0x44740000,0x44790000)]
  0x445be000 JavaThread "pool-2-thread-1" [_thread_blocked, id=3440, stack(0x44950000,0x449a0000)]
  0x4444c000 JavaThread "Service Thread" daemon [_thread_blocked, id=1876, stack(0x448d0000,0x44920000)]
  0x4443a400 JavaThread "C1 CompilerThread0" daemon [_thread_blocked, id=6132, stack(0x44850000,0x448a0000)]
  0x44439000 JavaThread "Attach Listener" daemon [_thread_blocked, id=3100, stack(0x446f0000,0x44740000)]
  0x44436000 JavaThread "Signal Dispatcher" daemon [_thread_blocked, id=3364, stack(0x447e0000,0x44830000)]
  0x44416c00 JavaThread "Finalizer" daemon [_thread_blocked, id=2868, stack(0x01770000,0x017c0000)]
  0x443f0400 JavaThread "Reference Handler" daemon [_thread_blocked, id=4852, stack(0x44650000,0x446a0000)]
  0x014bbc00 JavaThread "main" [_thread_blocked, id=728, stack(0x01810000,0x01860000)]

Other Threads:
=>0x443ea800 VMThread [stack: 0x01460000,0x014b0000] [id=3424]
  0x44430400 WatcherThread [stack: 0x446a0000,0x446f0000] [id=5724]

VM state:at safepoint (normal execution)

VM Mutex/Monitor currently owned by a thread:  ([mutex/lock_event])
[0x014ba230] Threads_lock - owner thread: 0x443ea800
[0x014ba640] Heap_lock - owner thread: 0x445be000

Heap:
 def new generation   total 314560K, used 314560K [0x03c00000, 0x19150000, 0x19150000)
  eden space 279616K, 100% used [0x03c00000, 0x14d10000, 0x14d10000)
  from space 34944K, 100% used [0x14d10000, 0x16f30000, 0x16f30000)
  to   space 34944K,   0% used [0x16f30000, 0x16f30000, 0x19150000)
 tenured generation   total 699072K, used 699071K [0x19150000, 0x43c00000, 0x43c00000)
   the space 699072K,  99% used [0x19150000, 0x43bffff0, 0x43c00000, 0x43c00000)
 Metaspace       used 3585K, capacity 3598K, committed 3648K, reserved 4480K

Card table byte_map: [0x43c00000,0x43e10000] byte_map_base: 0x43be2000

Polling page: 0x013d0000

CodeCache: size=32768Kb used=3762Kb max_used=3762Kb free=29005Kb
 bounds [0x01b30000, 0x01ee0000, 0x03b30000]
 total_blobs=1990 nmethods=1843 adapters=77
 compilation: enabled

Compilation events (10 events):
Event: 30.291 Thread 0x4443a400 1855             com.android.dx.cf.code.Simulator$SimVisitor::visitNewarray (55 bytes)
Event: 30.291 Thread 0x4443a400 nmethod 1855 0x01edb9c8 code [0x01edbb00, 0x01edbcf4]
Event: 30.493 Thread 0x4443a400 1856  s          com.android.dx.dex.file.TypeIdsSection::intern (62 bytes)
Event: 30.494 Thread 0x4443a400 nmethod 1856 0x01edbec8 code [0x01edc020, 0x01edc42c]
Event: 30.621 Thread 0x4443a400 1857             com.android.dx.dex.file.CatchStructs::<init> (30 bytes)
Event: 30.621 Thread 0x4443a400 nmethod 1857 0x01edc708 code [0x01edc800, 0x01edc8d0]
Event: 30.764 Thread 0x4443a400 1858             com.android.dx.rop.cst.CstMemberRef::equals (56 bytes)
Event: 30.764 Thread 0x4443a400 nmethod 1858 0x01edc908 code [0x01edca20, 0x01edcbac]
Event: 30.793 Thread 0x4443a400 1859             com.android.dx.dex.code.OddSpacer::<init> (9 bytes)
Event: 30.793 Thread 0x4443a400 nmethod 1859 0x01edcd08 code [0x01edce10, 0x01edceac]

GC Heap History (10 events):
Event: 21.929 GC heap after
Heap after GC invocations=105 (full 9):
 def new generation   total 314560K, used 25469K [0x03c00000, 0x19150000, 0x19150000)
  eden space 279616K,   0% used [0x03c00000, 0x03c00000, 0x14d10000)
  from space 34944K,  72% used [0x16f30000, 0x1880f678, 0x19150000)
  to   space 34944K,   0% used [0x14d10000, 0x14d10000, 0x16f30000)
 tenured generation   total 699072K, used 632439K [0x19150000, 0x43c00000, 0x43c00000)
   the space 699072K,  90% used [0x19150000, 0x3faede18, 0x3faee000, 0x43c00000)
 Metaspace       used 3556K, capacity 3598K, committed 3648K, reserved 4480K
}
Event: 22.394 GC heap before
{Heap before GC invocations=105 (full 9):
 def new generation   total 314560K, used 305085K [0x03c00000, 0x19150000, 0x19150000)
  eden space 279616K, 100% used [0x03c00000, 0x14d10000, 0x14d10000)
  from space 34944K,  72% used [0x16f30000, 0x1880f678, 0x19150000)
  to   space 34944K,   0% used [0x14d10000, 0x14d10000, 0x16f30000)
 tenured generation   total 699072K, used 632439K [0x19150000, 0x43c00000, 0x43c00000)
   the space 699072K,  90% used [0x19150000, 0x3faede18, 0x3faee000, 0x43c00000)
 Metaspace       used 3556K, capacity 3598K, committed 3648K, reserved 4480K
Event: 22.552 GC heap after
Heap after GC invocations=106 (full 9):
 def new generation   total 314560K, used 34943K [0x03c00000, 0x19150000, 0x19150000)
  eden space 279616K,   0% used [0x03c00000, 0x03c00000, 0x14d10000)
  from space 34944K,  99% used [0x14d10000, 0x16f2fff8, 0x16f30000)
  to   space 34944K,   0% used [0x16f30000, 0x16f30000, 0x19150000)
 tenured generation   total 699072K, used 664903K [0x19150000, 0x43c00000, 0x43c00000)
   the space 699072K,  95% used [0x19150000, 0x41aa1c40, 0x41aa1e00, 0x43c00000)
 Metaspace       used 3556K, capacity 3598K, committed 3648K, reserved 4480K
}
Event: 23.050 GC heap before
{Heap before GC invocations=106 (full 9):
 def new generation   total 314560K, used 314559K [0x03c00000, 0x19150000, 0x19150000)
  eden space 279616K, 100% used [0x03c00000, 0x14d10000, 0x14d10000)
  from space 34944K,  99% used [0x14d10000, 0x16f2fff8, 0x16f30000)
  to   space 34944K,   0% used [0x16f30000, 0x16f30000, 0x19150000)
 tenured generation   total 699072K, used 664903K [0x19150000, 0x43c00000, 0x43c00000)
   the space 699072K,  95% used [0x19150000, 0x41aa1c40, 0x41aa1e00, 0x43c00000)
 Metaspace       used 3556K, capacity 3598K, committed 3648K, reserved 4480K
Event: 24.751 GC heap after
Heap after GC invocations=107 (full 10):
 def new generation   total 314560K, used 40973K [0x03c00000, 0x19150000, 0x19150000)
  eden space 279616K,  14% used [0x03c00000, 0x06403468, 0x14d10000)
  from space 34944K,   0% used [0x14d10000, 0x14d10000, 0x16f30000)
  to   space 34944K,   0% used [0x16f30000, 0x16f30000, 0x19150000)
 tenured generation   total 699072K, used 699072K [0x19150000, 0x43c00000, 0x43c00000)
   the space 699072K, 100% used [0x19150000, 0x43c00000, 0x43c00000, 0x43c00000)
 Metaspace       used 3556K, capacity 3598K, committed 3648K, reserved 4480K
}
Event: 25.527 GC heap before
{Heap before GC invocations=107 (full 10):
 def new generation   total 314560K, used 314560K [0x03c00000, 0x19150000, 0x19150000)
  eden space 279616K, 100% used [0x03c00000, 0x14d10000, 0x14d10000)
  from space 34944K, 100% used [0x14d10000, 0x16f30000, 0x16f30000)
  to   space 34944K,   0% used [0x16f30000, 0x16f30000, 0x19150000)
 tenured generation   total 699072K, used 699072K [0x19150000, 0x43c00000, 0x43c00000)
   the space 699072K, 100% used [0x19150000, 0x43c00000, 0x43c00000, 0x43c00000)
 Metaspace       used 3584K, capacity 3598K, committed 3648K, reserved 4480K
Event: 27.344 GC heap after
Heap after GC invocations=108 (full 11):
 def new generation   total 314560K, used 73618K [0x03c00000, 0x19150000, 0x19150000)
  eden space 279616K,  26% used [0x03c00000, 0x083e4b10, 0x14d10000)
  from space 34944K,   0% used [0x14d10000, 0x14d10000, 0x16f30000)
  to   space 34944K,   0% used [0x16f30000, 0x16f30000, 0x19150000)
 tenured generation   total 699072K, used 699071K [0x19150000, 0x43c00000, 0x43c00000)
   the space 699072K,  99% used [0x19150000, 0x43bffff8, 0x43c00000, 0x43c00000)
 Metaspace       used 3584K, capacity 3598K, committed 3648K, reserved 4480K
}
Event: 28.008 GC heap before
{Heap before GC invocations=108 (full 11):
 def new generation   total 314560K, used 314560K [0x03c00000, 0x19150000, 0x19150000)
  eden space 279616K, 100% used [0x03c00000, 0x14d10000, 0x14d10000)
  from space 34944K, 100% used [0x14d10000, 0x16f30000, 0x16f30000)
  to   space 34944K,   0% used [0x16f30000, 0x16f30000, 0x19150000)
 tenured generation   total 699072K, used 699071K [0x19150000, 0x43c00000, 0x43c00000)
   the space 699072K,  99% used [0x19150000, 0x43bffff8, 0x43c00000, 0x43c00000)
 Metaspace       used 3584K, capacity 3598K, committed 3648K, reserved 4480K
Event: 30.270 GC heap after
Heap after GC invocations=109 (full 12):
 def new generation   total 314560K, used 71928K [0x03c00000, 0x19150000, 0x19150000)
  eden space 279616K,  25% used [0x03c00000, 0x0823e0b8, 0x14d10000)
  from space 34944K,   0% used [0x14d10000, 0x14d10000, 0x16f30000)
  to   space 34944K,   0% used [0x16f30000, 0x16f30000, 0x19150000)
 tenured generation   total 699072K, used 699071K [0x19150000, 0x43c00000, 0x43c00000)
   the space 699072K,  99% used [0x19150000, 0x43bffff0, 0x43c00000, 0x43c00000)
 Metaspace       used 3584K, capacity 3598K, committed 3648K, reserved 4480K
}
Event: 31.057 GC heap before
{Heap before GC invocations=109 (full 12):
 def new generation   total 314560K, used 314560K [0x03c00000, 0x19150000, 0x19150000)
  eden space 279616K, 100% used [0x03c00000, 0x14d10000, 0x14d10000)
  from space 34944K, 100% used [0x14d10000, 0x16f30000, 0x16f30000)
  to   space 34944K,   0% used [0x16f30000, 0x16f30000, 0x19150000)
 tenured generation   total 699072K, used 699071K [0x19150000, 0x43c00000, 0x43c00000)
   the space 699072K,  99% used [0x19150000, 0x43bffff0, 0x43c00000, 0x43c00000)
 Metaspace       used 3585K, capacity 3598K, committed 3648K, reserved 4480K

Deoptimization events (0 events):
No events

Internal exceptions (5 events):
Event: 0.023 Thread 0x014bbc00 Exception <a 'java/lang/NoSuchMethodError': Method sun.misc.Unsafe.defineClass(Ljava/lang/String;[BII)Ljava/lang/Class; name or signature does not match> (0x03c06ea8) thrown at [C:\re\workspace\8-2-build-windows-i586-cygwin\jdk8u101\7261\hotspot\src\share\èg’ù¬2—?
Event: 0.023 Thread 0x014bbc00 Exception <a 'java/lang/NoSuchMethodError': Method sun.misc.Unsafe.prefetchRead(Ljava/lang/Object;J)V name or signature does not match> (0x03c07178) thrown at [C:\re\workspace\8-2-build-windows-i586-cygwin\jdk8u101\7261\hotspot\src\share\vm\prims\jni.cpp, 8£ª<MCí?
Event: 0.914 Thread 0x445cac00 Exception <a 'java/lang/ArrayIndexOutOfBoundsException': 18> (0x03ec5a58) thrown at [C:\re\workspace\8-2-build-windows-i586-cygwin\jdk8u101\7261\hotspot\src\share\vm\interpreter\interpreterRuntime.cpp, line 366]
Event: 0.915 Thread 0x445cac00 Exception <a 'java/lang/ArrayIndexOutOfBoundsException': 145> (0x03f75b48) thrown at [C:\re\workspace\8-2-build-windows-i586-cygwin\jdk8u101\7261\hotspot\src\share\vm\interpreter\interpreterRuntime.cpp, line 366]
Event: 0.915 Thread 0x445cac00 Exception <a 'java/lang/ArrayIndexOutOfBoundsException': 40> (0x03f76c28) thrown at [C:\re\workspace\8-2-build-windows-i586-cygwin\jdk8u101\7261\hotspot\src\share\vm\interpreter\interpreterRuntime.cpp, line 366]

Events (10 events):
Event: 25.512 loading class com/android/dx/dex/file/CatchStructs
Event: 25.512 loading class com/android/dx/dex/file/CatchStructs done
Event: 25.526 Executing VM operation: GenCollectForAllocation
Event: 27.344 Executing VM operation: GenCollectForAllocation done
Event: 28.008 Executing VM operation: GenCollectForAllocation
Event: 30.270 Executing VM operation: GenCollectForAllocation done
Event: 30.716 Thread 0x445cac00 Thread exited: 0x445cac00
Event: 30.725 Thread 0x449c8800 Thread exited: 0x449c8800
Event: 30.988 Thread 0x445c3c00 Thread exited: 0x445c3c00
Event: 31.057 Executing VM operation: GenCollectForAllocation


Dynamic libraries:
0x01070000 - 0x010a3000 	C:\Program Files\Java\jdk1.8.0_101\bin\java.exe
0x76f00000 - 0x7703c000 	C:\Windows\SYSTEM32\ntdll.dll
0x755f0000 - 0x756c4000 	C:\Windows\system32\kernel32.dll
0x751f0000 - 0x7523a000 	C:\Windows\system32\KERNELBASE.dll
0x753a0000 - 0x75440000 	C:\Windows\system32\ADVAPI32.dll
0x76520000 - 0x765cc000 	C:\Windows\system32\msvcrt.dll
0x75370000 - 0x75389000 	C:\Windows\SYSTEM32\sechost.dll
0x76470000 - 0x76511000 	C:\Windows\system32\RPCRT4.dll
0x756d0000 - 0x75799000 	C:\Windows\system32\USER32.dll
0x770e0000 - 0x7712e000 	C:\Windows\system32\GDI32.dll
0x75390000 - 0x7539a000 	C:\Windows\system32\LPK.dll
0x76b50000 - 0x76bed000 	C:\Windows\system32\USP10.dll
0x73dc0000 - 0x73f5e000 	C:\Windows\WinSxS\x86_microsoft.windows.common-controls_6595b64144ccf1df_6.0.7600.16385_none_421189da2b7fabfc\COMCTL32.dll
0x76af0000 - 0x76b47000 	C:\Windows\system32\SHLWAPI.dll
0x77040000 - 0x7705f000 	C:\Windows\system32\IMM32.DLL
0x76d30000 - 0x76dfc000 	C:\Windows\system32\MSCTF.dll
0x64db0000 - 0x64e6f000 	C:\Program Files\Java\jdk1.8.0_101\jre\bin\msvcr100.dll
0x51770000 - 0x51b3c000 	C:\Program Files\Java\jdk1.8.0_101\jre\bin\client\jvm.dll
0x70810000 - 0x70817000 	C:\Windows\system32\WSOCK32.dll
0x75440000 - 0x75475000 	C:\Windows\system32\WS2_32.dll
0x75350000 - 0x75356000 	C:\Windows\system32\NSI.dll
0x707c0000 - 0x707f2000 	C:\Windows\system32\WINMM.dll
0x74550000 - 0x74559000 	C:\Windows\system32\VERSION.dll
0x75360000 - 0x75365000 	C:\Windows\system32\PSAPI.DLL
0x720f0000 - 0x720fc000 	C:\Program Files\Java\jdk1.8.0_101\jre\bin\verify.dll
0x72070000 - 0x72091000 	C:\Program Files\Java\jdk1.8.0_101\jre\bin\java.dll
0x720b0000 - 0x720c3000 	C:\Program Files\Java\jdk1.8.0_101\jre\bin\zip.dll
0x75820000 - 0x76469000 	C:\Windows\system32\SHELL32.dll
0x75490000 - 0x755ec000 	C:\Windows\system32\ole32.dll
0x75050000 - 0x7505b000 	C:\Windows\system32\profapi.dll
0x72db0000 - 0x72e9b000 	C:\Windows\system32\dbghelp.dll

VM Arguments:
jvm_args: -Djava.awt.headless=true -Xmx1024M -Dfile.encoding=windows-1252 -Duser.country=US -Duser.language=en -Duser.variant 
java_command: com.android.dx.command.Main --dex --num-threads=4 --multi-dex --main-dex-list E:\SandeepProjectResources\MobipugNew\Mobipug27.10.18\MobipugSource\app\build\intermediates\multi-dex\debug\maindexlist.txt --output E:\SandeepProjectResources\MobipugNew\Mobipug27.10.18\MobipugSource\app\build\intermediates\transforms\dex\debug\folders\1000\1f\main E:\SandeepProjectResources\MobipugNew\Mobipug27.10.18\MobipugSource\app\build\intermediates\transforms\jarMerging\debug\jars\1\1f\combined.jar
java_class_path (initial): C:\Users\android-4\AppData\Local\Android\Sdk\build-tools\26.0.2\lib\dx.jar
Launcher Type: SUN_STANDARD

Environment Variables:
PATH=C:\ProgramData\Oracle\Java\javapath;C:\Windows\system32;C:\Windows;C:\Windows\System32\Wbem;C:\Windows\System32\WindowsPowerShell\v1.0\;C:\Program Files\Intel\OpenCL SDK\2.0\bin\x86;C:\Program Files\Skype\Phone\
USERNAME=android-4
OS=Windows_NT
PROCESSOR_IDENTIFIER=x86 Family 6 Model 42 Stepping 7, GenuineIntel



---------------  S Y S T E M  ---------------

OS: Windows 7 Build 7600 (6.1.7600.16385)

CPU:total 4 (2 cores per cpu, 2 threads per core) family 6 model 42 stepping 7, cmov, cx8, fxsr, mmx, sse, sse2, sse3, ssse3, sse4.1, sse4.2, popcnt, clmul, ht, tsc, tscinvbit

Memory: 4k page, physical 3578328k(443236k free), swap 24056564k(19597080k free)

vm_info: Java HotSpot(TM) Client VM (25.101-b13) for windows-x86 JRE (1.8.0_101-b13), built on Jun 22 2016 00:45:44 by "java_re" with MS VC++ 10.0 (VS2010)

time: Sat Nov 10 16:03:38 2018
elapsed time: 31 seconds (0d 0h 0m 31s)

